# JRE version: OpenJDK Runtime Environment (8.0_191-b12) (build 1.8.0_191-b12)
# Java VM: OpenJDK 64-Bit Server VM (25.191-b12 mixed mode linux-amd64 compressed oops)
Heap:
 par new generation   total 153344K, used 91997K [0x0000000089400000, 0x0000000093a60000, 0x0000000093a60000)
  eden space 136320K,  54% used [0x0000000089400000, 0x000000008dd37428, 0x0000000091920000)
  from space 17024K, 100% used [0x00000000929c0000, 0x0000000093a60000, 0x0000000093a60000)
  to   space 17024K,   0% used [0x0000000091920000, 0x0000000091920000, 0x00000000929c0000)
 concurrent mark-sweep generation total 1775232K, used 1419427K [0x0000000093a60000, 0x0000000100000000, 0x0000000100000000)
 Metaspace       used 66018K, capacity 70489K, committed 70520K, reserved 1112064K
  class space    used 8142K, capacity 9161K, committed 9188K, reserved 1048576K
GC Heap History (250 events):
Event: 3301.024 GC heap before
{Heap before GC invocations=902 (full 2):
 par new generation   total 153344K, used 138282K [0x0000000089400000, 0x0000000093a60000, 0x0000000093a60000)
  eden space 136320K, 100% used [0x0000000089400000, 0x0000000091920000, 0x0000000091920000)
  from space 17024K,  11% used [0x0000000091920000, 0x0000000091b0aae0, 0x00000000929c0000)
  to   space 17024K,   0% used [0x00000000929c0000, 0x00000000929c0000, 0x0000000093a60000)
 concurrent mark-sweep generation total 1775232K, used 1188741K [0x0000000093a60000, 0x0000000100000000, 0x0000000100000000)
 Metaspace       used 65878K, capacity 70405K, committed 70520K, reserved 1110016K
  class space    used 8130K, capacity 9159K, committed 9188K, reserved 1048576K
Event: 3301.038 GC heap after
Heap after GC invocations=903 (full 2):
 par new generation   total 153344K, used 5434K [0x0000000089400000, 0x0000000093a60000, 0x0000000093a60000)
  eden space 136320K,   0% used [0x0000000089400000, 0x0000000089400000, 0x0000000091920000)
  from space 17024K,  31% used [0x00000000929c0000, 0x0000000092f0eb60, 0x0000000093a60000)
  to   space 17024K,   0% used [0x0000000091920000, 0x0000000091920000, 0x00000000929c0000)
 concurrent mark-sweep generation total 1775232K, used 1188775K [0x0000000093a60000, 0x0000000100000000, 0x0000000100000000)
 Metaspace       used 65878K, capacity 70405K, committed 70520K, reserved 1110016K
  class space    used 8130K, capacity 9159K, committed 9188K, reserved 1048576K
}
Event: 3308.857 GC heap before
{Heap before GC invocations=903 (full 2):
 par new generation   total 153344K, used 141754K [0x0000000089400000, 0x0000000093a60000, 0x0000000093a60000)
  eden space 136320K, 100% used [0x0000000089400000, 0x0000000091920000, 0x0000000091920000)
  from space 17024K,  31% used [0x00000000929c0000, 0x0000000092f0eb60, 0x0000000093a60000)
  to   space 17024K,   0% used [0x0000000091920000, 0x0000000091920000, 0x00000000929c0000)
 concurrent mark-sweep generation total 1775232K, used 1188775K [0x0000000093a60000, 0x0000000100000000, 0x0000000100000000)
 Metaspace       used 65879K, capacity 70405K, committed 70520K, reserved 1110016K
  class space    used 8130K, capacity 9159K, committed 9188K, reserved 1048576K
Event: 3308.869 GC heap after
Heap after GC invocations=904 (full 2):
 par new generation   total 153344K, used 3721K [0x0000000089400000, 0x0000000093a60000, 0x0000000093a60000)
  eden space 136320K,   0% used [0x0000000089400000, 0x0000000089400000, 0x0000000091920000)
  from space 17024K,  21% used [0x0000000091920000, 0x0000000091cc2410, 0x00000000929c0000)
  to   space 17024K,   0% used [0x00000000929c0000, 0x00000000929c0000, 0x0000000093a60000)
 concurrent mark-sweep generation total 1775232K, used 1189009K [0x0000000093a60000, 0x0000000100000000, 0x0000000100000000)
 Metaspace       used 65879K, capacity 70405K, committed 70520K, reserved 1110016K
  class space    used 8130K, capacity 9159K, committed 9188K, reserved 1048576K
}
Event: 3316.508 GC heap before
{Heap before GC invocations=904 (full 2):
 par new generation   total 153344K, used 140041K [0x0000000089400000, 0x0000000093a60000, 0x0000000093a60000)
  eden space 136320K, 100% used [0x0000000089400000, 0x0000000091920000, 0x0000000091920000)
  from space 17024K,  21% used [0x0000000091920000, 0x0000000091cc2410, 0x00000000929c0000)
  to   space 17024K,   0% used [0x00000000929c0000, 0x00000000929c0000, 0x0000000093a60000)
 concurrent mark-sweep generation total 1775232K, used 1189009K [0x0000000093a60000, 0x0000000100000000, 0x0000000100000000)
 Metaspace       used 65879K, capacity 70405K, committed 70520K, reserved 1110016K
  class space    used 8130K, capacity 9159K, committed 9188K, reserved 1048576K
Event: 3316.523 GC heap after
Heap after GC invocations=905 (full 2):
 par new generation   total 153344K, used 5447K [0x0000000089400000, 0x0000000093a60000, 0x0000000093a60000)
  eden space 136320K,   0% used [0x0000000089400000, 0x0000000089400000, 0x0000000091920000)
  from space 17024K,  32% used [0x00000000929c0000, 0x0000000092f11f30, 0x0000000093a60000)
  to   space 17024K,   0% used [0x0000000091920000, 0x0000000091920000, 0x00000000929c0000)
 concurrent mark-sweep generation total 1775232K, used 1189079K [0x0000000093a60000, 0x0000000100000000, 0x0000000100000000)
 Metaspace       used 65879K, capacity 70405K, committed 70520K, reserved 1110016K
  class space    used 8130K, capacity 9159K, committed 9188K, reserved 1048576K
}
Event: 3324.257 GC heap before
{Heap before GC invocations=905 (full 2):
 par new generation   total 153344K, used 141767K [0x0000000089400000, 0x0000000093a60000, 0x0000000093a60000)
  eden space 136320K, 100% used [0x0000000089400000, 0x0000000091920000, 0x0000000091920000)
  from space 17024K,  32% used [0x00000000929c0000, 0x0000000092f11f30, 0x0000000093a60000)
  to   space 17024K,   0% used [0x0000000091920000, 0x0000000091920000, 0x00000000929c0000)
 concurrent mark-sweep generation total 1775232K, used 1189079K [0x0000000093a60000, 0x0000000100000000, 0x0000000100000000)
 Metaspace       used 65879K, capacity 70405K, committed 70520K, reserved 1110016K
  class space    used 8130K, capacity 9159K, committed 9188K, reserved 1048576K
Event: 3324.268 GC heap after
Heap after GC invocations=906 (full 2):
 par new generation   total 153344K, used 3671K [0x0000000089400000, 0x0000000093a60000, 0x0000000093a60000)
  eden space 136320K,   0% used [0x0000000089400000, 0x0000000089400000, 0x0000000091920000)
  from space 17024K,  21% used [0x0000000091920000, 0x0000000091cb5f58, 0x00000000929c0000)
  to   space 17024K,   0% used [0x00000000929c0000, 0x00000000929c0000, 0x0000000093a60000)
 concurrent mark-sweep generation total 1775232K, used 1189407K [0x0000000093a60000, 0x0000000100000000, 0x0000000100000000)
 Metaspace       used 65879K, capacity 70405K, committed 70520K, reserved 1110016K
  class space    used 8130K, capacity 9159K, committed 9188K, reserved 1048576K
}
Event: 3332.303 GC heap before
{Heap before GC invocations=906 (full 2):
 par new generation   total 153344K, used 139991K [0x0000000089400000, 0x0000000093a60000, 0x0000000093a60000)
  eden space 136320K, 100% used [0x0000000089400000, 0x0000000091920000, 0x0000000091920000)
  from space 17024K,  21% used [0x0000000091920000, 0x0000000091cb5f58, 0x00000000929c0000)
  to   space 17024K,   0% used [0x00000000929c0000, 0x00000000929c0000, 0x0000000093a60000)
 concurrent mark-sweep generation total 1775232K, used 1189407K [0x0000000093a60000, 0x0000000100000000, 0x0000000100000000)
 Metaspace       used 65879K, capacity 70405K, committed 70520K, reserved 1110016K
  class space    used 8130K, capacity 9159K, committed 9188K, reserved 1048576K
Event: 3332.312 GC heap after
Heap after GC invocations=907 (full 2):
 par new generation   total 153344K, used 1718K [0x0000000089400000, 0x0000000093a60000, 0x0000000093a60000)
  eden space 136320K,   0% used [0x0000000089400000, 0x0000000089400000, 0x0000000091920000)
  from space 17024K,  10% used [0x00000000929c0000, 0x0000000092b6d920, 0x0000000093a60000)
  to   space 17024K,   0% used [0x0000000091920000, 0x0000000091920000, 0x00000000929c0000)
 concurrent mark-sweep generation total 1775232K, used 1189416K [0x0000000093a60000, 0x0000000100000000, 0x0000000100000000)
 Metaspace       used 65879K, capacity 70405K, committed 70520K, reserved 1110016K
  class space    used 8130K, capacity 9159K, committed 9188K, reserved 1048576K
}
Event: 3340.893 GC heap before
{Heap before GC invocations=907 (full 2):
 par new generation   total 153344K, used 138038K [0x0000000089400000, 0x0000000093a60000, 0x0000000093a60000)
  eden space 136320K, 100% used [0x0000000089400000, 0x0000000091920000, 0x0000000091920000)
  from space 17024K,  10% used [0x00000000929c0000, 0x0000000092b6d920, 0x0000000093a60000)
  to   space 17024K,   0% used [0x0000000091920000, 0x0000000091920000, 0x00000000929c0000)
 concurrent mark-sweep generation total 1775232K, used 1189416K [0x0000000093a60000, 0x0000000100000000, 0x0000000100000000)
 Metaspace       used 65879K, capacity 70405K, committed 70520K, reserved 1110016K
  class space    used 8130K, capacity 9159K, committed 9188K, reserved 1048576K
Event: 3340.902 GC heap after
Heap after GC invocations=908 (full 2):
 par new generation   total 153344K, used 1295K [0x0000000089400000, 0x0000000093a60000, 0x0000000093a60000)
  eden space 136320K,   0% used [0x0000000089400000, 0x0000000089400000, 0x0000000091920000)
  from space 17024K,   7% used [0x0000000091920000, 0x0000000091a63f80, 0x00000000929c0000)
  to   space 17024K,   0% used [0x00000000929c0000, 0x00000000929c0000, 0x0000000093a60000)
 concurrent mark-sweep generation total 1775232K, used 1189429K [0x0000000093a60000, 0x0000000100000000, 0x0000000100000000)
 Metaspace       used 65879K, capacity 70405K, committed 70520K, reserved 1110016K
  class space    used 8130K, capacity 9159K, committed 9188K, reserved 1048576K
}
Event: 3347.632 GC heap before
{Heap before GC invocations=908 (full 2):
 par new generation   total 153344K, used 137615K [0x0000000089400000, 0x0000000093a60000, 0x0000000093a60000)
  eden space 136320K, 100% used [0x0000000089400000, 0x0000000091920000, 0x0000000091920000)
  from space 17024K,   7% used [0x0000000091920000, 0x0000000091a63f80, 0x00000000929c0000)
  to   space 17024K,   0% used [0x00000000929c0000, 0x00000000929c0000, 0x0000000093a60000)
 concurrent mark-sweep generation total 1775232K, used 1189429K [0x0000000093a60000, 0x0000000100000000, 0x0000000100000000)
 Metaspace       used 65883K, capacity 70409K, committed 70520K, reserved 1110016K
  class space    used 8130K, capacity 9159K, committed 9188K, reserved 1048576K
Event: 3347.641 GC heap after
Heap after GC invocations=909 (full 2):
 par new generation   total 153344K, used 1391K [0x0000000089400000, 0x0000000093a60000, 0x0000000093a60000)
  eden space 136320K,   0% used [0x0000000089400000, 0x0000000089400000, 0x0000000091920000)
  from space 17024K,   8% used [0x00000000929c0000, 0x0000000092b1bf20, 0x0000000093a60000)
  to   space 17024K,   0% used [0x0000000091920000, 0x0000000091920000, 0x00000000929c0000)
 concurrent mark-sweep generation total 1775232K, used 1189437K [0x0000000093a60000, 0x0000000100000000, 0x0000000100000000)
 Metaspace       used 65883K, capacity 70409K, committed 70520K, reserved 1110016K
  class space    used 8130K, capacity 9159K, committed 9188K, reserved 1048576K
}
Event: 3356.147 GC heap before
{Heap before GC invocations=909 (full 2):
 par new generation   total 153344K, used 137711K [0x0000000089400000, 0x0000000093a60000, 0x0000000093a60000)
  eden space 136320K, 100% used [0x0000000089400000, 0x0000000091920000, 0x0000000091920000)
  from space 17024K,   8% used [0x00000000929c0000, 0x0000000092b1bf20, 0x0000000093a60000)
  to   space 17024K,   0% used [0x0000000091920000, 0x0000000091920000, 0x00000000929c0000)
 concurrent mark-sweep generation total 1775232K, used 1189437K [0x0000000093a60000, 0x0000000100000000, 0x0000000100000000)
 Metaspace       used 65883K, capacity 70409K, committed 70520K, reserved 1110016K
  class space    used 8130K, capacity 9159K, committed 9188K, reserved 1048576K
Event: 3356.156 GC heap after
Heap after GC invocations=910 (full 2):
 par new generation   total 153344K, used 1451K [0x0000000089400000, 0x0000000093a60000, 0x0000000093a60000)
  eden space 136320K,   0% used [0x0000000089400000, 0x0000000089400000, 0x0000000091920000)
  from space 17024K,   8% used [0x0000000091920000, 0x0000000091a8aca0, 0x00000000929c0000)
  to   space 17024K,   0% used [0x00000000929c0000, 0x00000000929c0000, 0x0000000093a60000)
 concurrent mark-sweep generation total 1775232K, used 1189460K [0x0000000093a60000, 0x0000000100000000, 0x0000000100000000)
 Metaspace       used 65883K, capacity 70409K, committed 70520K, reserved 1110016K
  class space    used 8130K, capacity 9159K, committed 9188K, reserved 1048576K
}
Event: 3364.800 GC heap before
{Heap before GC invocations=910 (full 2):
 par new generation   total 153344K, used 137771K [0x0000000089400000, 0x0000000093a60000, 0x0000000093a60000)
  eden space 136320K, 100% used [0x0000000089400000, 0x0000000091920000, 0x0000000091920000)
  from space 17024K,   8% used [0x0000000091920000, 0x0000000091a8aca0, 0x00000000929c0000)
  to   space 17024K,   0% used [0x00000000929c0000, 0x00000000929c0000, 0x0000000093a60000)
 concurrent mark-sweep generation total 1775232K, used 1189460K [0x0000000093a60000, 0x0000000100000000, 0x0000000100000000)
 Metaspace       used 65907K, capacity 70415K, committed 70520K, reserved 1110016K
  class space    used 8136K, capacity 9160K, committed 9188K, reserved 1048576K
Event: 3364.810 GC heap after
Heap after GC invocations=911 (full 2):
 par new generation   total 153344K, used 1969K [0x0000000089400000, 0x0000000093a60000, 0x0000000093a60000)
  eden space 136320K,   0% used [0x0000000089400000, 0x0000000089400000, 0x0000000091920000)
  from space 17024K,  11% used [0x00000000929c0000, 0x0000000092bac7f0, 0x0000000093a60000)
  to   space 17024K,   0% used [0x0000000091920000, 0x0000000091920000, 0x00000000929c0000)
 concurrent mark-sweep generation total 1775232K, used 1189478K [0x0000000093a60000, 0x0000000100000000, 0x0000000100000000)
 Metaspace       used 65907K, capacity 70415K, committed 70520K, reserved 1110016K
  class space    used 8136K, capacity 9160K, committed 9188K, reserved 1048576K
}
Event: 3373.218 GC heap before
{Heap before GC invocations=911 (full 2):
 par new generation   total 153344K, used 138289K [0x0000000089400000, 0x0000000093a60000, 0x0000000093a60000)
  eden space 136320K, 100% used [0x0000000089400000, 0x0000000091920000, 0x0000000091920000)
  from space 17024K,  11% used [0x00000000929c0000, 0x0000000092bac7f0, 0x0000000093a60000)
  to   space 17024K,   0% used [0x0000000091920000, 0x0000000091920000, 0x00000000929c0000)
 concurrent mark-sweep generation total 1775232K, used 1189478K [0x0000000093a60000, 0x0000000100000000, 0x0000000100000000)
 Metaspace       used 65908K, capacity 70415K, committed 70520K, reserved 1110016K
  class space    used 8136K, capacity 9160K, committed 9188K, reserved 1048576K
Event: 3373.229 GC heap after
Heap after GC invocations=912 (full 2):
 par new generation   total 153344K, used 2258K [0x0000000089400000, 0x0000000093a60000, 0x0000000093a60000)
  eden space 136320K,   0% used [0x0000000089400000, 0x0000000089400000, 0x0000000091920000)
  from space 17024K,  13% used [0x0000000091920000, 0x0000000091b54938, 0x00000000929c0000)
  to   space 17024K,   0% used [0x00000000929c0000, 0x00000000929c0000, 0x0000000093a60000)
 concurrent mark-sweep generation total 1775232K, used 1189882K [0x0000000093a60000, 0x0000000100000000, 0x0000000100000000)
 Metaspace       used 65908K, capacity 70415K, committed 70520K, reserved 1110016K
  class space    used 8136K, capacity 9160K, committed 9188K, reserved 1048576K
}
Event: 3380.913 GC heap before
{Heap before GC invocations=912 (full 2):
 par new generation   total 153344K, used 138578K [0x0000000089400000, 0x0000000093a60000, 0x0000000093a60000)
  eden space 136320K, 100% used [0x0000000089400000, 0x0000000091920000, 0x0000000091920000)
  from space 17024K,  13% used [0x0000000091920000, 0x0000000091b54938, 0x00000000929c0000)
  to   space 17024K,   0% used [0x00000000929c0000, 0x00000000929c0000, 0x0000000093a60000)
 concurrent mark-sweep generation total 1775232K, used 1189882K [0x0000000093a60000, 0x0000000100000000, 0x0000000100000000)
 Metaspace       used 65908K, capacity 70415K, committed 70520K, reserved 1110016K
  class space    used 8136K, capacity 9160K, committed 9188K, reserved 1048576K
Event: 3380.924 GC heap after
Heap after GC invocations=913 (full 2):
 par new generation   total 153344K, used 2352K [0x0000000089400000, 0x0000000093a60000, 0x0000000093a60000)
  eden space 136320K,   0% used [0x0000000089400000, 0x0000000089400000, 0x0000000091920000)
  from space 17024K,  13% used [0x00000000929c0000, 0x0000000092c0c228, 0x0000000093a60000)
  to   space 17024K,   0% used [0x0000000091920000, 0x0000000091920000, 0x00000000929c0000)
 concurrent mark-sweep generation total 1775232K, used 1190225K [0x0000000093a60000, 0x0000000100000000, 0x0000000100000000)
 Metaspace       used 65908K, capacity 70415K, committed 70520K, reserved 1110016K
  class space    used 8136K, capacity 9160K, committed 9188K, reserved 1048576K
}
Event: 3389.316 GC heap before
{Heap before GC invocations=913 (full 2):
 par new generation   total 153344K, used 138672K [0x0000000089400000, 0x0000000093a60000, 0x0000000093a60000)
  eden space 136320K, 100% used [0x0000000089400000, 0x0000000091920000, 0x0000000091920000)
  from space 17024K,  13% used [0x00000000929c0000, 0x0000000092c0c228, 0x0000000093a60000)
  to   space 17024K,   0% used [0x0000000091920000, 0x0000000091920000, 0x00000000929c0000)
 concurrent mark-sweep generation total 1775232K, used 1190225K [0x0000000093a60000, 0x0000000100000000, 0x0000000100000000)
 Metaspace       used 65908K, capacity 70415K, committed 70520K, reserved 1110016K
  class space    used 8136K, capacity 9160K, committed 9188K, reserved 1048576K
Event: 3389.329 GC heap after
Heap after GC invocations=914 (full 2):
 par new generation   total 153344K, used 2264K [0x0000000089400000, 0x0000000093a60000, 0x0000000093a60000)
  eden space 136320K,   0% used [0x0000000089400000, 0x0000000089400000, 0x0000000091920000)
  from space 17024K,  13% used [0x0000000091920000, 0x0000000091b56328, 0x00000000929c0000)
  to   space 17024K,   0% used [0x00000000929c0000, 0x00000000929c0000, 0x0000000093a60000)
 concurrent mark-sweep generation total 1775232K, used 1190250K [0x0000000093a60000, 0x0000000100000000, 0x0000000100000000)
 Metaspace       used 65908K, capacity 70415K, committed 70520K, reserved 1110016K
  class space    used 8136K, capacity 9160K, committed 9188K, reserved 1048576K
}
Event: 3397.670 GC heap before
{Heap before GC invocations=914 (full 2):
 par new generation   total 153344K, used 138584K [0x0000000089400000, 0x0000000093a60000, 0x0000000093a60000)
  eden space 136320K, 100% used [0x0000000089400000, 0x0000000091920000, 0x0000000091920000)
  from space 17024K,  13% used [0x0000000091920000, 0x0000000091b56328, 0x00000000929c0000)
  to   space 17024K,   0% used [0x00000000929c0000, 0x00000000929c0000, 0x0000000093a60000)
 concurrent mark-sweep generation total 1775232K, used 1190250K [0x0000000093a60000, 0x0000000100000000, 0x0000000100000000)
 Metaspace       used 65909K, capacity 70415K, committed 70520K, reserved 1110016K
  class space    used 8136K, capacity 9160K, committed 9188K, reserved 1048576K
Event: 3397.680 GC heap after
Heap after GC invocations=915 (full 2):
 par new generation   total 153344K, used 2364K [0x0000000089400000, 0x0000000093a60000, 0x0000000093a60000)
  eden space 136320K,   0% used [0x0000000089400000, 0x0000000089400000, 0x0000000091920000)
  from space 17024K,  13% used [0x00000000929c0000, 0x0000000092c0f0a8, 0x0000000093a60000)
  to   space 17024K,   0% used [0x0000000091920000, 0x0000000091920000, 0x00000000929c0000)
 concurrent mark-sweep generation total 1775232K, used 1190286K [0x0000000093a60000, 0x0000000100000000, 0x0000000100000000)
 Metaspace       used 65909K, capacity 70415K, committed 70520K, reserved 1110016K
  class space    used 8136K, capacity 9160K, committed 9188K, reserved 1048576K
}
Event: 3405.144 GC heap before
{Heap before GC invocations=915 (full 2):
 par new generation   total 153344K, used 138684K [0x0000000089400000, 0x0000000093a60000, 0x0000000093a60000)
  eden space 136320K, 100% used [0x0000000089400000, 0x0000000091920000, 0x0000000091920000)
  from space 17024K,  13% used [0x00000000929c0000, 0x0000000092c0f0a8, 0x0000000093a60000)
  to   space 17024K,   0% used [0x0000000091920000, 0x0000000091920000, 0x00000000929c0000)
 concurrent mark-sweep generation total 1775232K, used 1190286K [0x0000000093a60000, 0x0000000100000000, 0x0000000100000000)
 Metaspace       used 65909K, capacity 70415K, committed 70520K, reserved 1110016K
  class space    used 8136K, capacity 9160K, committed 9188K, reserved 1048576K
Event: 3405.159 GC heap after
Heap after GC invocations=916 (full 2):
 par new generation   total 153344K, used 5673K [0x0000000089400000, 0x0000000093a60000, 0x0000000093a60000)
  eden space 136320K,   0% used [0x0000000089400000, 0x0000000089400000, 0x0000000091920000)
  from space 17024K,  33% used [0x0000000091920000, 0x0000000091eaa400, 0x00000000929c0000)
  to   space 17024K,   0% used [0x00000000929c0000, 0x00000000929c0000, 0x0000000093a60000)
 concurrent mark-sweep generation total 1775232K, used 1190315K [0x0000000093a60000, 0x0000000100000000, 0x0000000100000000)
 Metaspace       used 65909K, capacity 70415K, committed 70520K, reserved 1110016K
  class space    used 8136K, capacity 9160K, committed 9188K, reserved 1048576K
}
Event: 3413.067 GC heap before
{Heap before GC invocations=916 (full 2):
 par new generation   total 153344K, used 141993K [0x0000000089400000, 0x0000000093a60000, 0x0000000093a60000)
  eden space 136320K, 100% used [0x0000000089400000, 0x0000000091920000, 0x0000000091920000)
  from space 17024K,  33% used [0x0000000091920000, 0x0000000091eaa400, 0x00000000929c0000)
  to   space 17024K,   0% used [0x00000000929c0000, 0x00000000929c0000, 0x0000000093a60000)
 concurrent mark-sweep generation total 1775232K, used 1190315K [0x0000000093a60000, 0x0000000100000000, 0x0000000100000000)
 Metaspace       used 65909K, capacity 70415K, committed 70520K, reserved 1110016K
  class space    used 8136K, capacity 9160K, committed 9188K, reserved 1048576K
Event: 3413.078 GC heap after
Heap after GC invocations=917 (full 2):
 par new generation   total 153344K, used 4374K [0x0000000089400000, 0x0000000093a60000, 0x0000000093a60000)
  eden space 136320K,   0% used [0x0000000089400000, 0x0000000089400000, 0x0000000091920000)
  from space 17024K,  25% used [0x00000000929c0000, 0x0000000092e05818, 0x0000000093a60000)
  to   space 17024K,   0% used [0x0000000091920000, 0x0000000091920000, 0x00000000929c0000)
 concurrent mark-sweep generation total 1775232K, used 1190528K [0x0000000093a60000, 0x0000000100000000, 0x0000000100000000)
 Metaspace       used 65909K, capacity 70415K, committed 70520K, reserved 1110016K
  class space    used 8136K, capacity 9160K, committed 9188K, reserved 1048576K
}
Event: 3420.411 GC heap before
{Heap before GC invocations=917 (full 2):
 par new generation   total 153344K, used 140694K [0x0000000089400000, 0x0000000093a60000, 0x0000000093a60000)
  eden space 136320K, 100% used [0x0000000089400000, 0x0000000091920000, 0x0000000091920000)
  from space 17024K,  25% used [0x00000000929c0000, 0x0000000092e05818, 0x0000000093a60000)
  to   space 17024K,   0% used [0x0000000091920000, 0x0000000091920000, 0x00000000929c0000)
 concurrent mark-sweep generation total 1775232K, used 1190528K [0x0000000093a60000, 0x0000000100000000, 0x0000000100000000)
 Metaspace       used 65910K, capacity 70415K, committed 70520K, reserved 1110016K
  class space    used 8136K, capacity 9160K, committed 9188K, reserved 1048576K
Event: 3420.426 GC heap after
Heap after GC invocations=918 (full 2):
 par new generation   total 153344K, used 5996K [0x0000000089400000, 0x0000000093a60000, 0x0000000093a60000)
  eden space 136320K,   0% used [0x0000000089400000, 0x0000000089400000, 0x0000000091920000)
  from space 17024K,  35% used [0x0000000091920000, 0x0000000091efb300, 0x00000000929c0000)
  to   space 17024K,   0% used [0x00000000929c0000, 0x00000000929c0000, 0x0000000093a60000)
 concurrent mark-sweep generation total 1775232K, used 1190858K [0x0000000093a60000, 0x0000000100000000, 0x0000000100000000)
 Metaspace       used 65910K, capacity 70415K, committed 70520K, reserved 1110016K
  class space    used 8136K, capacity 9160K, committed 9188K, reserved 1048576K
}
Event: 3427.718 GC heap before
{Heap before GC invocations=918 (full 2):
 par new generation   total 153344K, used 142316K [0x0000000089400000, 0x0000000093a60000, 0x0000000093a60000)
  eden space 136320K, 100% used [0x0000000089400000, 0x0000000091920000, 0x0000000091920000)
  from space 17024K,  35% used [0x0000000091920000, 0x0000000091efb300, 0x00000000929c0000)
  to   space 17024K,   0% used [0x00000000929c0000, 0x00000000929c0000, 0x0000000093a60000)
 concurrent mark-sweep generation total 1775232K, used 1190858K [0x0000000093a60000, 0x0000000100000000, 0x0000000100000000)
 Metaspace       used 65911K, capacity 70415K, committed 70520K, reserved 1110016K
  class space    used 8136K, capacity 9160K, committed 9188K, reserved 1048576K
Event: 3427.729 GC heap after
Heap after GC invocations=919 (full 2):
 par new generation   total 153344K, used 4428K [0x0000000089400000, 0x0000000093a60000, 0x0000000093a60000)
  eden space 136320K,   0% used [0x0000000089400000, 0x0000000089400000, 0x0000000091920000)
  from space 17024K,  26% used [0x00000000929c0000, 0x0000000092e13160, 0x0000000093a60000)
  to   space 17024K,   0% used [0x0000000091920000, 0x0000000091920000, 0x00000000929c0000)
 concurrent mark-sweep generation total 1775232K, used 1191227K [0x0000000093a60000, 0x0000000100000000, 0x0000000100000000)
 Metaspace       used 65911K, capacity 70415K, committed 70520K, reserved 1110016K
  class space    used 8136K, capacity 9160K, committed 9188K, reserved 1048576K
}
Event: 3435.518 GC heap before
{Heap before GC invocations=919 (full 2):
 par new generation   total 153344K, used 140748K [0x0000000089400000, 0x0000000093a60000, 0x0000000093a60000)
  eden space 136320K, 100% used [0x0000000089400000, 0x0000000091920000, 0x0000000091920000)
  from space 17024K,  26% used [0x00000000929c0000, 0x0000000092e13160, 0x0000000093a60000)
  to   space 17024K,   0% used [0x0000000091920000, 0x0000000091920000, 0x00000000929c0000)
 concurrent mark-sweep generation total 1775232K, used 1191227K [0x0000000093a60000, 0x0000000100000000, 0x0000000100000000)
 Metaspace       used 65912K, capacity 70415K, committed 70520K, reserved 1110016K
  class space    used 8136K, capacity 9160K, committed 9188K, reserved 1048576K
Event: 3435.529 GC heap after
Heap after GC invocations=920 (full 2):
 par new generation   total 153344K, used 2036K [0x0000000089400000, 0x0000000093a60000, 0x0000000093a60000)
  eden space 136320K,   0% used [0x0000000089400000, 0x0000000089400000, 0x0000000091920000)
  from space 17024K,  11% used [0x0000000091920000, 0x0000000091b1d278, 0x00000000929c0000)
  to   space 17024K,   0% used [0x00000000929c0000, 0x00000000929c0000, 0x0000000093a60000)
 concurrent mark-sweep generation total 1775232K, used 1191317K [0x0000000093a60000, 0x0000000100000000, 0x0000000100000000)
 Metaspace       used 65912K, capacity 70415K, committed 70520K, reserved 1110016K
  class space    used 8136K, capacity 9160K, committed 9188K, reserved 1048576K
}
Event: 3443.770 GC heap before
{Heap before GC invocations=920 (full 2):
 par new generation   total 153344K, used 138356K [0x0000000089400000, 0x0000000093a60000, 0x0000000093a60000)
  eden space 136320K, 100% used [0x0000000089400000, 0x0000000091920000, 0x0000000091920000)
  from space 17024K,  11% used [0x0000000091920000, 0x0000000091b1d278, 0x00000000929c0000)
  to   space 17024K,   0% used [0x00000000929c0000, 0x00000000929c0000, 0x0000000093a60000)
 concurrent mark-sweep generation total 1775232K, used 1191317K [0x0000000093a60000, 0x0000000100000000, 0x0000000100000000)
 Metaspace       used 65914K, capacity 70415K, committed 70520K, reserved 1110016K
  class space    used 8136K, capacity 9160K, committed 9188K, reserved 1048576K
Event: 3443.781 GC heap after
Heap after GC invocations=921 (full 2):
 par new generation   total 153344K, used 3979K [0x0000000089400000, 0x0000000093a60000, 0x0000000093a60000)
  eden space 136320K,   0% used [0x0000000089400000, 0x0000000089400000, 0x0000000091920000)
  from space 17024K,  23% used [0x00000000929c0000, 0x0000000092da2cd8, 0x0000000093a60000)
  to   space 17024K,   0% used [0x0000000091920000, 0x0000000091920000, 0x00000000929c0000)
 concurrent mark-sweep generation total 1775232K, used 1191324K [0x0000000093a60000, 0x0000000100000000, 0x0000000100000000)
 Metaspace       used 65914K, capacity 70415K, committed 70520K, reserved 1110016K
  class space    used 8136K, capacity 9160K, committed 9188K, reserved 1048576K
}
Event: 3452.068 GC heap before
{Heap before GC invocations=921 (full 2):
 par new generation   total 153344K, used 140299K [0x0000000089400000, 0x0000000093a60000, 0x0000000093a60000)
  eden space 136320K, 100% used [0x0000000089400000, 0x0000000091920000, 0x0000000091920000)
  from space 17024K,  23% used [0x00000000929c0000, 0x0000000092da2cd8, 0x0000000093a60000)
  to   space 17024K,   0% used [0x0000000091920000, 0x0000000091920000, 0x00000000929c0000)
 concurrent mark-sweep generation total 1775232K, used 1191324K [0x0000000093a60000, 0x0000000100000000, 0x0000000100000000)
 Metaspace       used 65915K, capacity 70415K, committed 70520K, reserved 1110016K
  class space    used 8136K, capacity 9160K, committed 9188K, reserved 1048576K
Event: 3452.081 GC heap after
Heap after GC invocations=922 (full 2):
 par new generation   total 153344K, used 1368K [0x0000000089400000, 0x0000000093a60000, 0x0000000093a60000)
  eden space 136320K,   0% used [0x0000000089400000, 0x0000000089400000, 0x0000000091920000)
  from space 17024K,   8% used [0x0000000091920000, 0x0000000091a76370, 0x00000000929c0000)
  to   space 17024K,   0% used [0x00000000929c0000, 0x00000000929c0000, 0x0000000093a60000)
 concurrent mark-sweep generation total 1775232K, used 1192322K [0x0000000093a60000, 0x0000000100000000, 0x0000000100000000)
 Metaspace       used 65915K, capacity 70415K, committed 70520K, reserved 1110016K
  class space    used 8136K, capacity 9160K, committed 9188K, reserved 1048576K
}
Event: 3460.741 GC heap before
{Heap before GC invocations=922 (full 2):
 par new generation   total 153344K, used 137688K [0x0000000089400000, 0x0000000093a60000, 0x0000000093a60000)
  eden space 136320K, 100% used [0x0000000089400000, 0x0000000091920000, 0x0000000091920000)
  from space 17024K,   8% used [0x0000000091920000, 0x0000000091a76370, 0x00000000929c0000)
  to   space 17024K,   0% used [0x00000000929c0000, 0x00000000929c0000, 0x0000000093a60000)
 concurrent mark-sweep generation total 1775232K, used 1192322K [0x0000000093a60000, 0x0000000100000000, 0x0000000100000000)
 Metaspace       used 65915K, capacity 70415K, committed 70520K, reserved 1110016K
  class space    used 8136K, capacity 9160K, committed 9188K, reserved 1048576K
Event: 3460.751 GC heap after
Heap after GC invocations=923 (full 2):
 par new generation   total 153344K, used 1086K [0x0000000089400000, 0x0000000093a60000, 0x0000000093a60000)
  eden space 136320K,   0% used [0x0000000089400000, 0x0000000089400000, 0x0000000091920000)
  from space 17024K,   6% used [0x00000000929c0000, 0x0000000092acfb80, 0x0000000093a60000)
  to   space 17024K,   0% used [0x0000000091920000, 0x0000000091920000, 0x00000000929c0000)
 concurrent mark-sweep generation total 1775232K, used 1192340K [0x0000000093a60000, 0x0000000100000000, 0x0000000100000000)
 Metaspace       used 65915K, capacity 70415K, committed 70520K, reserved 1110016K
  class space    used 8136K, capacity 9160K, committed 9188K, reserved 1048576K
}
Event: 3469.347 GC heap before
{Heap before GC invocations=923 (full 2):
 par new generation   total 153344K, used 137406K [0x0000000089400000, 0x0000000093a60000, 0x0000000093a60000)
  eden space 136320K, 100% used [0x0000000089400000, 0x0000000091920000, 0x0000000091920000)
  from space 17024K,   6% used [0x00000000929c0000, 0x0000000092acfb80, 0x0000000093a60000)
  to   space 17024K,   0% used [0x0000000091920000, 0x0000000091920000, 0x00000000929c0000)
 concurrent mark-sweep generation total 1775232K, used 1192340K [0x0000000093a60000, 0x0000000100000000, 0x0000000100000000)
 Metaspace       used 65915K, capacity 70415K, committed 70520K, reserved 1110016K
  class space    used 8136K, capacity 9160K, committed 9188K, reserved 1048576K
Event: 3469.357 GC heap after
Heap after GC invocations=924 (full 2):
 par new generation   total 153344K, used 1008K [0x0000000089400000, 0x0000000093a60000, 0x0000000093a60000)
  eden space 136320K,   0% used [0x0000000089400000, 0x0000000089400000, 0x0000000091920000)
  from space 17024K,   5% used [0x0000000091920000, 0x0000000091a1c180, 0x00000000929c0000)
  to   space 17024K,   0% used [0x00000000929c0000, 0x00000000929c0000, 0x0000000093a60000)
 concurrent mark-sweep generation total 1775232K, used 1192736K [0x0000000093a60000, 0x0000000100000000, 0x0000000100000000)
 Metaspace       used 65915K, capacity 70415K, committed 70520K, reserved 1110016K
  class space    used 8136K, capacity 9160K, committed 9188K, reserved 1048576K
}
Event: 3477.103 GC heap before
{Heap before GC invocations=924 (full 2):
 par new generation   total 153344K, used 137328K [0x0000000089400000, 0x0000000093a60000, 0x0000000093a60000)
  eden space 136320K, 100% used [0x0000000089400000, 0x0000000091920000, 0x0000000091920000)
  from space 17024K,   5% used [0x0000000091920000, 0x0000000091a1c180, 0x00000000929c0000)
  to   space 17024K,   0% used [0x00000000929c0000, 0x00000000929c0000, 0x0000000093a60000)
 concurrent mark-sweep generation total 1775232K, used 1192736K [0x0000000093a60000, 0x0000000100000000, 0x0000000100000000)
 Metaspace       used 65916K, capacity 70415K, committed 70520K, reserved 1110016K
  class space    used 8136K, capacity 9160K, committed 9188K, reserved 1048576K
Event: 3477.114 GC heap after
Heap after GC invocations=925 (full 2):
 par new generation   total 153344K, used 2396K [0x0000000089400000, 0x0000000093a60000, 0x0000000093a60000)
  eden space 136320K,   0% used [0x0000000089400000, 0x0000000089400000, 0x0000000091920000)
  from space 17024K,  14% used [0x00000000929c0000, 0x0000000092c173b8, 0x0000000093a60000)
  to   space 17024K,   0% used [0x0000000091920000, 0x0000000091920000, 0x00000000929c0000)
 concurrent mark-sweep generation total 1775232K, used 1192820K [0x0000000093a60000, 0x0000000100000000, 0x0000000100000000)
 Metaspace       used 65916K, capacity 70415K, committed 70520K, reserved 1110016K
  class space    used 8136K, capacity 9160K, committed 9188K, reserved 1048576K
}
Event: 3485.253 GC heap before
{Heap before GC invocations=925 (full 2):
 par new generation   total 153344K, used 138716K [0x0000000089400000, 0x0000000093a60000, 0x0000000093a60000)
  eden space 136320K, 100% used [0x0000000089400000, 0x0000000091920000, 0x0000000091920000)
  from space 17024K,  14% used [0x00000000929c0000, 0x0000000092c173b8, 0x0000000093a60000)
  to   space 17024K,   0% used [0x0000000091920000, 0x0000000091920000, 0x00000000929c0000)
 concurrent mark-sweep generation total 1775232K, used 1192820K [0x0000000093a60000, 0x0000000100000000, 0x0000000100000000)
 Metaspace       used 65916K, capacity 70415K, committed 70520K, reserved 1110016K
  class space    used 8136K, capacity 9160K, committed 9188K, reserved 1048576K
Event: 3485.264 GC heap after
Heap after GC invocations=926 (full 2):
 par new generation   total 153344K, used 3363K [0x0000000089400000, 0x0000000093a60000, 0x0000000093a60000)
  eden space 136320K,   0% used [0x0000000089400000, 0x0000000089400000, 0x0000000091920000)
  from space 17024K,  19% used [0x0000000091920000, 0x0000000091c68ca0, 0x00000000929c0000)
  to   space 17024K,   0% used [0x00000000929c0000, 0x00000000929c0000, 0x0000000093a60000)
 concurrent mark-sweep generation total 1775232K, used 1192946K [0x0000000093a60000, 0x0000000100000000, 0x0000000100000000)
 Metaspace       used 65916K, capacity 70415K, committed 70520K, reserved 1110016K
  class space    used 8136K, capacity 9160K, committed 9188K, reserved 1048576K
}
Event: 3493.159 GC heap before
{Heap before GC invocations=926 (full 2):
 par new generation   total 153344K, used 139683K [0x0000000089400000, 0x0000000093a60000, 0x0000000093a60000)
  eden space 136320K, 100% used [0x0000000089400000, 0x0000000091920000, 0x0000000091920000)
  from space 17024K,  19% used [0x0000000091920000, 0x0000000091c68ca0, 0x00000000929c0000)
  to   space 17024K,   0% used [0x00000000929c0000, 0x00000000929c0000, 0x0000000093a60000)
 concurrent mark-sweep generation total 1775232K, used 1192946K [0x0000000093a60000, 0x0000000100000000, 0x0000000100000000)
 Metaspace       used 65916K, capacity 70415K, committed 70520K, reserved 1110016K
  class space    used 8136K, capacity 9160K, committed 9188K, reserved 1048576K
Event: 3493.169 GC heap after
Heap after GC invocations=927 (full 2):
 par new generation   total 153344K, used 4190K [0x0000000089400000, 0x0000000093a60000, 0x0000000093a60000)
  eden space 136320K,   0% used [0x0000000089400000, 0x0000000089400000, 0x0000000091920000)
  from space 17024K,  24% used [0x00000000929c0000, 0x0000000092dd7a80, 0x0000000093a60000)
  to   space 17024K,   0% used [0x0000000091920000, 0x0000000091920000, 0x00000000929c0000)
 concurrent mark-sweep generation total 1775232K, used 1192983K [0x0000000093a60000, 0x0000000100000000, 0x0000000100000000)
 Metaspace       used 65916K, capacity 70415K, committed 70520K, reserved 1110016K
  class space    used 8136K, capacity 9160K, committed 9188K, reserved 1048576K
}
Event: 3501.017 GC heap before
{Heap before GC invocations=927 (full 2):
 par new generation   total 153344K, used 140510K [0x0000000089400000, 0x0000000093a60000, 0x0000000093a60000)
  eden space 136320K, 100% used [0x0000000089400000, 0x0000000091920000, 0x0000000091920000)
  from space 17024K,  24% used [0x00000000929c0000, 0x0000000092dd7a80, 0x0000000093a60000)
  to   space 17024K,   0% used [0x0000000091920000, 0x0000000091920000, 0x00000000929c0000)
 concurrent mark-sweep generation total 1775232K, used 1192983K [0x0000000093a60000, 0x0000000100000000, 0x0000000100000000)
 Metaspace       used 65916K, capacity 70415K, committed 70520K, reserved 1110016K
  class space    used 8136K, capacity 9160K, committed 9188K, reserved 1048576K
Event: 3501.027 GC heap after
Heap after GC invocations=928 (full 2):
 par new generation   total 153344K, used 2740K [0x0000000089400000, 0x0000000093a60000, 0x0000000093a60000)
  eden space 136320K,   0% used [0x0000000089400000, 0x0000000089400000, 0x0000000091920000)
  from space 17024K,  16% used [0x0000000091920000, 0x0000000091bcd1d8, 0x00000000929c0000)
  to   space 17024K,   0% used [0x00000000929c0000, 0x00000000929c0000, 0x0000000093a60000)
 concurrent mark-sweep generation total 1775232K, used 1192998K [0x0000000093a60000, 0x0000000100000000, 0x0000000100000000)
 Metaspace       used 65916K, capacity 70415K, committed 70520K, reserved 1110016K
  class space    used 8136K, capacity 9160K, committed 9188K, reserved 1048576K
}
Event: 3509.070 GC heap before
{Heap before GC invocations=928 (full 2):
 par new generation   total 153344K, used 139055K [0x0000000089400000, 0x0000000093a60000, 0x0000000093a60000)
  eden space 136320K,  99% used [0x0000000089400000, 0x000000009191ed98, 0x0000000091920000)
  from space 17024K,  16% used [0x0000000091920000, 0x0000000091bcd1d8, 0x00000000929c0000)
  to   space 17024K,   0% used [0x00000000929c0000, 0x00000000929c0000, 0x0000000093a60000)
 concurrent mark-sweep generation total 1775232K, used 1192998K [0x0000000093a60000, 0x0000000100000000, 0x0000000100000000)
 Metaspace       used 65917K, capacity 70415K, committed 70520K, reserved 1110016K
  class space    used 8136K, capacity 9160K, committed 9188K, reserved 1048576K
Event: 3509.084 GC heap after
Heap after GC invocations=929 (full 2):
 par new generation   total 153344K, used 3416K [0x0000000089400000, 0x0000000093a60000, 0x0000000093a60000)
  eden space 136320K,   0% used [0x0000000089400000, 0x0000000089400000, 0x0000000091920000)
  from space 17024K,  20% used [0x00000000929c0000, 0x0000000092d16250, 0x0000000093a60000)
  to   space 17024K,   0% used [0x0000000091920000, 0x0000000091920000, 0x00000000929c0000)
 concurrent mark-sweep generation total 1775232K, used 1193002K [0x0000000093a60000, 0x0000000100000000, 0x0000000100000000)
 Metaspace       used 65917K, capacity 70415K, committed 70520K, reserved 1110016K
  class space    used 8136K, capacity 9160K, committed 9188K, reserved 1048576K
}
Event: 3516.926 GC heap before
{Heap before GC invocations=929 (full 2):
 par new generation   total 153344K, used 139736K [0x0000000089400000, 0x0000000093a60000, 0x0000000093a60000)
  eden space 136320K, 100% used [0x0000000089400000, 0x0000000091920000, 0x0000000091920000)
  from space 17024K,  20% used [0x00000000929c0000, 0x0000000092d16250, 0x0000000093a60000)
  to   space 17024K,   0% used [0x0000000091920000, 0x0000000091920000, 0x00000000929c0000)
 concurrent mark-sweep generation total 1775232K, used 1193002K [0x0000000093a60000, 0x0000000100000000, 0x0000000100000000)
 Metaspace       used 65917K, capacity 70415K, committed 70520K, reserved 1110016K
  class space    used 8136K, capacity 9160K, committed 9188K, reserved 1048576K
Event: 3516.936 GC heap after
Heap after GC invocations=930 (full 2):
 par new generation   total 153344K, used 2320K [0x0000000089400000, 0x0000000093a60000, 0x0000000093a60000)
  eden space 136320K,   0% used [0x0000000089400000, 0x0000000089400000, 0x0000000091920000)
  from space 17024K,  13% used [0x0000000091920000, 0x0000000091b641a0, 0x00000000929c0000)
  to   space 17024K,   0% used [0x00000000929c0000, 0x00000000929c0000, 0x0000000093a60000)
 concurrent mark-sweep generation total 1775232K, used 1193143K [0x0000000093a60000, 0x0000000100000000, 0x0000000100000000)
 Metaspace       used 65917K, capacity 70415K, committed 70520K, reserved 1110016K
  class space    used 8136K, capacity 9160K, committed 9188K, reserved 1048576K
}
Event: 3524.435 GC heap before
{Heap before GC invocations=930 (full 2):
 par new generation   total 153344K, used 138640K [0x0000000089400000, 0x0000000093a60000, 0x0000000093a60000)
  eden space 136320K, 100% used [0x0000000089400000, 0x0000000091920000, 0x0000000091920000)
  from space 17024K,  13% used [0x0000000091920000, 0x0000000091b641a0, 0x00000000929c0000)
  to   space 17024K,   0% used [0x00000000929c0000, 0x00000000929c0000, 0x0000000093a60000)
 concurrent mark-sweep generation total 1775232K, used 1193143K [0x0000000093a60000, 0x0000000100000000, 0x0000000100000000)
 Metaspace       used 65917K, capacity 70415K, committed 70520K, reserved 1110016K
  class space    used 8136K, capacity 9160K, committed 9188K, reserved 1048576K
Event: 3524.446 GC heap after
Heap after GC invocations=931 (full 2):
 par new generation   total 153344K, used 1050K [0x0000000089400000, 0x0000000093a60000, 0x0000000093a60000)
  eden space 136320K,   0% used [0x0000000089400000, 0x0000000089400000, 0x0000000091920000)
  from space 17024K,   6% used [0x00000000929c0000, 0x0000000092ac6a18, 0x0000000093a60000)
  to   space 17024K,   0% used [0x0000000091920000, 0x0000000091920000, 0x00000000929c0000)
 concurrent mark-sweep generation total 1775232K, used 1194155K [0x0000000093a60000, 0x0000000100000000, 0x0000000100000000)
 Metaspace       used 65917K, capacity 70415K, committed 70520K, reserved 1110016K
  class space    used 8136K, capacity 9160K, committed 9188K, reserved 1048576K
}
Event: 3531.902 GC heap before
{Heap before GC invocations=931 (full 2):
 par new generation   total 153344K, used 137370K [0x0000000089400000, 0x0000000093a60000, 0x0000000093a60000)
  eden space 136320K, 100% used [0x0000000089400000, 0x0000000091920000, 0x0000000091920000)
  from space 17024K,   6% used [0x00000000929c0000, 0x0000000092ac6a18, 0x0000000093a60000)
  to   space 17024K,   0% used [0x0000000091920000, 0x0000000091920000, 0x00000000929c0000)
 concurrent mark-sweep generation total 1775232K, used 1194155K [0x0000000093a60000, 0x0000000100000000, 0x0000000100000000)
 Metaspace       used 65917K, capacity 70415K, committed 70520K, reserved 1110016K
  class space    used 8136K, capacity 9160K, committed 9188K, reserved 1048576K
Event: 3531.911 GC heap after
Heap after GC invocations=932 (full 2):
 par new generation   total 153344K, used 1141K [0x0000000089400000, 0x0000000093a60000, 0x0000000093a60000)
  eden space 136320K,   0% used [0x0000000089400000, 0x0000000089400000, 0x0000000091920000)
  from space 17024K,   6% used [0x0000000091920000, 0x0000000091a3d578, 0x00000000929c0000)
  to   space 17024K,   0% used [0x00000000929c0000, 0x00000000929c0000, 0x0000000093a60000)
 concurrent mark-sweep generation total 1775232K, used 1194171K [0x0000000093a60000, 0x0000000100000000, 0x0000000100000000)
 Metaspace       used 65917K, capacity 70415K, committed 70520K, reserved 1110016K
  class space    used 8136K, capacity 9160K, committed 9188K, reserved 1048576K
}
Event: 3539.579 GC heap before
{Heap before GC invocations=932 (full 2):
 par new generation   total 153344K, used 137461K [0x0000000089400000, 0x0000000093a60000, 0x0000000093a60000)
  eden space 136320K, 100% used [0x0000000089400000, 0x0000000091920000, 0x0000000091920000)
  from space 17024K,   6% used [0x0000000091920000, 0x0000000091a3d578, 0x00000000929c0000)
  to   space 17024K,   0% used [0x00000000929c0000, 0x00000000929c0000, 0x0000000093a60000)
 concurrent mark-sweep generation total 1775232K, used 1194171K [0x0000000093a60000, 0x0000000100000000, 0x0000000100000000)
 Metaspace       used 65917K, capacity 70415K, committed 70520K, reserved 1110016K
  class space    used 8136K, capacity 9160K, committed 9188K, reserved 1048576K
Event: 3539.588 GC heap after
Heap after GC invocations=933 (full 2):
 par new generation   total 153344K, used 1182K [0x0000000089400000, 0x0000000093a60000, 0x0000000093a60000)
  eden space 136320K,   0% used [0x0000000089400000, 0x0000000089400000, 0x0000000091920000)
  from space 17024K,   6% used [0x00000000929c0000, 0x0000000092ae7b18, 0x0000000093a60000)
  to   space 17024K,   0% used [0x0000000091920000, 0x0000000091920000, 0x00000000929c0000)
 concurrent mark-sweep generation total 1775232K, used 1194200K [0x0000000093a60000, 0x0000000100000000, 0x0000000100000000)
 Metaspace       used 65917K, capacity 70415K, committed 70520K, reserved 1110016K
  class space    used 8136K, capacity 9160K, committed 9188K, reserved 1048576K
}
Event: 3547.403 GC heap before
{Heap before GC invocations=933 (full 2):
 par new generation   total 153344K, used 137502K [0x0000000089400000, 0x0000000093a60000, 0x0000000093a60000)
  eden space 136320K, 100% used [0x0000000089400000, 0x0000000091920000, 0x0000000091920000)
  from space 17024K,   6% used [0x00000000929c0000, 0x0000000092ae7b18, 0x0000000093a60000)
  to   space 17024K,   0% used [0x0000000091920000, 0x0000000091920000, 0x00000000929c0000)
 concurrent mark-sweep generation total 1775232K, used 1194200K [0x0000000093a60000, 0x0000000100000000, 0x0000000100000000)
 Metaspace       used 65918K, capacity 70419K, committed 70520K, reserved 1110016K
  class space    used 8136K, capacity 9160K, committed 9188K, reserved 1048576K
Event: 3547.412 GC heap after
Heap after GC invocations=934 (full 2):
 par new generation   total 153344K, used 1403K [0x0000000089400000, 0x0000000093a60000, 0x0000000093a60000)
  eden space 136320K,   0% used [0x0000000089400000, 0x0000000089400000, 0x0000000091920000)
  from space 17024K,   8% used [0x0000000091920000, 0x0000000091a7ed78, 0x00000000929c0000)
  to   space 17024K,   0% used [0x00000000929c0000, 0x00000000929c0000, 0x0000000093a60000)
 concurrent mark-sweep generation total 1775232K, used 1194208K [0x0000000093a60000, 0x0000000100000000, 0x0000000100000000)
 Metaspace       used 65918K, capacity 70419K, committed 70520K, reserved 1110016K
  class space    used 8136K, capacity 9160K, committed 9188K, reserved 1048576K
}
Event: 3555.387 GC heap before
{Heap before GC invocations=934 (full 2):
 par new generation   total 153344K, used 137723K [0x0000000089400000, 0x0000000093a60000, 0x0000000093a60000)
  eden space 136320K, 100% used [0x0000000089400000, 0x0000000091920000, 0x0000000091920000)
  from space 17024K,   8% used [0x0000000091920000, 0x0000000091a7ed78, 0x00000000929c0000)
  to   space 17024K,   0% used [0x00000000929c0000, 0x00000000929c0000, 0x0000000093a60000)
 concurrent mark-sweep generation total 1775232K, used 1194208K [0x0000000093a60000, 0x0000000100000000, 0x0000000100000000)
 Metaspace       used 65918K, capacity 70419K, committed 70520K, reserved 1110016K
  class space    used 8136K, capacity 9160K, committed 9188K, reserved 1048576K
Event: 3555.397 GC heap after
Heap after GC invocations=935 (full 2):
 par new generation   total 153344K, used 1948K [0x0000000089400000, 0x0000000093a60000, 0x0000000093a60000)
  eden space 136320K,   0% used [0x0000000089400000, 0x0000000089400000, 0x0000000091920000)
  from space 17024K,  11% used [0x00000000929c0000, 0x0000000092ba72d8, 0x0000000093a60000)
  to   space 17024K,   0% used [0x0000000091920000, 0x0000000091920000, 0x00000000929c0000)
 concurrent mark-sweep generation total 1775232K, used 1194213K [0x0000000093a60000, 0x0000000100000000, 0x0000000100000000)
 Metaspace       used 65918K, capacity 70419K, committed 70520K, reserved 1110016K
  class space    used 8136K, capacity 9160K, committed 9188K, reserved 1048576K
}
Event: 3563.702 GC heap before
{Heap before GC invocations=935 (full 2):
 par new generation   total 153344K, used 138268K [0x0000000089400000, 0x0000000093a60000, 0x0000000093a60000)
  eden space 136320K, 100% used [0x0000000089400000, 0x0000000091920000, 0x0000000091920000)
  from space 17024K,  11% used [0x00000000929c0000, 0x0000000092ba72d8, 0x0000000093a60000)
  to   space 17024K,   0% used [0x0000000091920000, 0x0000000091920000, 0x00000000929c0000)
 concurrent mark-sweep generation total 1775232K, used 1194213K [0x0000000093a60000, 0x0000000100000000, 0x0000000100000000)
 Metaspace       used 65918K, capacity 70419K, committed 70520K, reserved 1110016K
  class space    used 8136K, capacity 9160K, committed 9188K, reserved 1048576K
Event: 3563.711 GC heap after
Heap after GC invocations=936 (full 2):
 par new generation   total 153344K, used 1319K [0x0000000089400000, 0x0000000093a60000, 0x0000000093a60000)
  eden space 136320K,   0% used [0x0000000089400000, 0x0000000089400000, 0x0000000091920000)
  from space 17024K,   7% used [0x0000000091920000, 0x0000000091a69d00, 0x00000000929c0000)
  to   space 17024K,   0% used [0x00000000929c0000, 0x00000000929c0000, 0x0000000093a60000)
 concurrent mark-sweep generation total 1775232K, used 1194231K [0x0000000093a60000, 0x0000000100000000, 0x0000000100000000)
 Metaspace       used 65918K, capacity 70419K, committed 70520K, reserved 1110016K
  class space    used 8136K, capacity 9160K, committed 9188K, reserved 1048576K
}
Event: 3572.202 GC heap before
{Heap before GC invocations=936 (full 2):
 par new generation   total 153344K, used 137639K [0x0000000089400000, 0x0000000093a60000, 0x0000000093a60000)
  eden space 136320K, 100% used [0x0000000089400000, 0x0000000091920000, 0x0000000091920000)
  from space 17024K,   7% used [0x0000000091920000, 0x0000000091a69d00, 0x00000000929c0000)
  to   space 17024K,   0% used [0x00000000929c0000, 0x00000000929c0000, 0x0000000093a60000)
 concurrent mark-sweep generation total 1775232K, used 1194231K [0x0000000093a60000, 0x0000000100000000, 0x0000000100000000)
 Metaspace       used 65918K, capacity 70419K, committed 70520K, reserved 1110016K
  class space    used 8136K, capacity 9160K, committed 9188K, reserved 1048576K
Event: 3572.211 GC heap after
Heap after GC invocations=937 (full 2):
 par new generation   total 153344K, used 1700K [0x0000000089400000, 0x0000000093a60000, 0x0000000093a60000)
  eden space 136320K,   0% used [0x0000000089400000, 0x0000000089400000, 0x0000000091920000)
  from space 17024K,   9% used [0x00000000929c0000, 0x0000000092b693e0, 0x0000000093a60000)
  to   space 17024K,   0% used [0x0000000091920000, 0x0000000091920000, 0x00000000929c0000)
 concurrent mark-sweep generation total 1775232K, used 1194256K [0x0000000093a60000, 0x0000000100000000, 0x0000000100000000)
 Metaspace       used 65918K, capacity 70419K, committed 70520K, reserved 1110016K
  class space    used 8136K, capacity 9160K, committed 9188K, reserved 1048576K
}
Event: 3580.503 GC heap before
{Heap before GC invocations=937 (full 2):
 par new generation   total 153344K, used 138020K [0x0000000089400000, 0x0000000093a60000, 0x0000000093a60000)
  eden space 136320K, 100% used [0x0000000089400000, 0x0000000091920000, 0x0000000091920000)
  from space 17024K,   9% used [0x00000000929c0000, 0x0000000092b693e0, 0x0000000093a60000)
  to   space 17024K,   0% used [0x0000000091920000, 0x0000000091920000, 0x00000000929c0000)
 concurrent mark-sweep generation total 1775232K, used 1194256K [0x0000000093a60000, 0x0000000100000000, 0x0000000100000000)
 Metaspace       used 65918K, capacity 70419K, committed 70520K, reserved 1110016K
  class space    used 8136K, capacity 9160K, committed 9188K, reserved 1048576K
Event: 3580.514 GC heap after
Heap after GC invocations=938 (full 2):
 par new generation   total 153344K, used 2430K [0x0000000089400000, 0x0000000093a60000, 0x0000000093a60000)
  eden space 136320K,   0% used [0x0000000089400000, 0x0000000089400000, 0x0000000091920000)
  from space 17024K,  14% used [0x0000000091920000, 0x0000000091b7fa38, 0x00000000929c0000)
  to   space 17024K,   0% used [0x00000000929c0000, 0x00000000929c0000, 0x0000000093a60000)
 concurrent mark-sweep generation total 1775232K, used 1194269K [0x0000000093a60000, 0x0000000100000000, 0x0000000100000000)
 Metaspace       used 65918K, capacity 70419K, committed 70520K, reserved 1110016K
  class space    used 8136K, capacity 9160K, committed 9188K, reserved 1048576K
}
Event: 3587.518 GC heap before
{Heap before GC invocations=938 (full 2):
 par new generation   total 153344K, used 138750K [0x0000000089400000, 0x0000000093a60000, 0x0000000093a60000)
  eden space 136320K, 100% used [0x0000000089400000, 0x0000000091920000, 0x0000000091920000)
  from space 17024K,  14% used [0x0000000091920000, 0x0000000091b7fa38, 0x00000000929c0000)
  to   space 17024K,   0% used [0x00000000929c0000, 0x00000000929c0000, 0x0000000093a60000)
 concurrent mark-sweep generation total 1775232K, used 1194269K [0x0000000093a60000, 0x0000000100000000, 0x0000000100000000)
 Metaspace       used 65918K, capacity 70419K, committed 70520K, reserved 1110016K
  class space    used 8136K, capacity 9160K, committed 9188K, reserved 1048576K
Event: 3587.532 GC heap after
Heap after GC invocations=939 (full 2):
 par new generation   total 153344K, used 5171K [0x0000000089400000, 0x0000000093a60000, 0x0000000093a60000)
  eden space 136320K,   0% used [0x0000000089400000, 0x0000000089400000, 0x0000000091920000)
  from space 17024K,  30% used [0x00000000929c0000, 0x0000000092eccf78, 0x0000000093a60000)
  to   space 17024K,   0% used [0x0000000091920000, 0x0000000091920000, 0x00000000929c0000)
 concurrent mark-sweep generation total 1775232K, used 1194441K [0x0000000093a60000, 0x0000000100000000, 0x0000000100000000)
 Metaspace       used 65918K, capacity 70419K, committed 70520K, reserved 1110016K
  class space    used 8136K, capacity 9160K, committed 9188K, reserved 1048576K
}
Event: 3594.738 GC heap before
{Heap before GC invocations=939 (full 2):
 par new generation   total 153344K, used 141491K [0x0000000089400000, 0x0000000093a60000, 0x0000000093a60000)
  eden space 136320K, 100% used [0x0000000089400000, 0x0000000091920000, 0x0000000091920000)
  from space 17024K,  30% used [0x00000000929c0000, 0x0000000092eccf78, 0x0000000093a60000)
  to   space 17024K,   0% used [0x0000000091920000, 0x0000000091920000, 0x00000000929c0000)
 concurrent mark-sweep generation total 1775232K, used 1194441K [0x0000000093a60000, 0x0000000100000000, 0x0000000100000000)
 Metaspace       used 65918K, capacity 70419K, committed 70520K, reserved 1110016K
  class space    used 8136K, capacity 9160K, committed 9188K, reserved 1048576K
Event: 3594.748 GC heap after
Heap after GC invocations=940 (full 2):
 par new generation   total 153344K, used 3563K [0x0000000089400000, 0x0000000093a60000, 0x0000000093a60000)
  eden space 136320K,   0% used [0x0000000089400000, 0x0000000089400000, 0x0000000091920000)
  from space 17024K,  20% used [0x0000000091920000, 0x0000000091c9af90, 0x00000000929c0000)
  to   space 17024K,   0% used [0x00000000929c0000, 0x00000000929c0000, 0x0000000093a60000)
 concurrent mark-sweep generation total 1775232K, used 1194466K [0x0000000093a60000, 0x0000000100000000, 0x0000000100000000)
 Metaspace       used 65918K, capacity 70419K, committed 70520K, reserved 1110016K
  class space    used 8136K, capacity 9160K, committed 9188K, reserved 1048576K
}
Event: 3601.839 GC heap before
{Heap before GC invocations=940 (full 2):
 par new generation   total 153344K, used 139883K [0x0000000089400000, 0x0000000093a60000, 0x0000000093a60000)
  eden space 136320K, 100% used [0x0000000089400000, 0x0000000091920000, 0x0000000091920000)
  from space 17024K,  20% used [0x0000000091920000, 0x0000000091c9af90, 0x00000000929c0000)
  to   space 17024K,   0% used [0x00000000929c0000, 0x00000000929c0000, 0x0000000093a60000)
 concurrent mark-sweep generation total 1775232K, used 1194466K [0x0000000093a60000, 0x0000000100000000, 0x0000000100000000)
 Metaspace       used 65918K, capacity 70419K, committed 70520K, reserved 1110016K
  class space    used 8136K, capacity 9160K, committed 9188K, reserved 1048576K
Event: 3601.851 GC heap after
Heap after GC invocations=941 (full 2):
 par new generation   total 153344K, used 3144K [0x0000000089400000, 0x0000000093a60000, 0x0000000093a60000)
  eden space 136320K,   0% used [0x0000000089400000, 0x0000000089400000, 0x0000000091920000)
  from space 17024K,  18% used [0x00000000929c0000, 0x0000000092cd2020, 0x0000000093a60000)
  to   space 17024K,   0% used [0x0000000091920000, 0x0000000091920000, 0x00000000929c0000)
 concurrent mark-sweep generation total 1775232K, used 1194488K [0x0000000093a60000, 0x0000000100000000, 0x0000000100000000)
 Metaspace       used 65918K, capacity 70419K, committed 70520K, reserved 1110016K
  class space    used 8136K, capacity 9160K, committed 9188K, reserved 1048576K
}
Event: 3609.693 GC heap before
{Heap before GC invocations=941 (full 2):
 par new generation   total 153344K, used 139464K [0x0000000089400000, 0x0000000093a60000, 0x0000000093a60000)
  eden space 136320K, 100% used [0x0000000089400000, 0x0000000091920000, 0x0000000091920000)
  from space 17024K,  18% used [0x00000000929c0000, 0x0000000092cd2020, 0x0000000093a60000)
  to   space 17024K,   0% used [0x0000000091920000, 0x0000000091920000, 0x00000000929c0000)
 concurrent mark-sweep generation total 1775232K, used 1194488K [0x0000000093a60000, 0x0000000100000000, 0x0000000100000000)
 Metaspace       used 65918K, capacity 70419K, committed 70520K, reserved 1110016K
  class space    used 8136K, capacity 9160K, committed 9188K, reserved 1048576K
Event: 3609.705 GC heap after
Heap after GC invocations=942 (full 2):
 par new generation   total 153344K, used 4553K [0x0000000089400000, 0x0000000093a60000, 0x0000000093a60000)
  eden space 136320K,   0% used [0x0000000089400000, 0x0000000089400000, 0x0000000091920000)
  from space 17024K,  26% used [0x0000000091920000, 0x0000000091d92598, 0x00000000929c0000)
  to   space 17024K,   0% used [0x00000000929c0000, 0x00000000929c0000, 0x0000000093a60000)
 concurrent mark-sweep generation total 1775232K, used 1194510K [0x0000000093a60000, 0x0000000100000000, 0x0000000100000000)
 Metaspace       used 65918K, capacity 70419K, committed 70520K, reserved 1110016K
  class space    used 8136K, capacity 9160K, committed 9188K, reserved 1048576K
}
Event: 3616.545 GC heap before
{Heap before GC invocations=942 (full 2):
 par new generation   total 153344K, used 140873K [0x0000000089400000, 0x0000000093a60000, 0x0000000093a60000)
  eden space 136320K, 100% used [0x0000000089400000, 0x0000000091920000, 0x0000000091920000)
  from space 17024K,  26% used [0x0000000091920000, 0x0000000091d92598, 0x00000000929c0000)
  to   space 17024K,   0% used [0x00000000929c0000, 0x00000000929c0000, 0x0000000093a60000)
 concurrent mark-sweep generation total 1775232K, used 1194510K [0x0000000093a60000, 0x0000000100000000, 0x0000000100000000)
 Metaspace       used 65918K, capacity 70419K, committed 70520K, reserved 1110016K
  class space    used 8136K, capacity 9160K, committed 9188K, reserved 1048576K
Event: 3616.558 GC heap after
Heap after GC invocations=943 (full 2):
 par new generation   total 153344K, used 5400K [0x0000000089400000, 0x0000000093a60000, 0x0000000093a60000)
  eden space 136320K,   0% used [0x0000000089400000, 0x0000000089400000, 0x0000000091920000)
  from space 17024K,  31% used [0x00000000929c0000, 0x0000000092f06380, 0x0000000093a60000)
  to   space 17024K,   0% used [0x0000000091920000, 0x0000000091920000, 0x00000000929c0000)
 concurrent mark-sweep generation total 1775232K, used 1194777K [0x0000000093a60000, 0x0000000100000000, 0x0000000100000000)
 Metaspace       used 65918K, capacity 70419K, committed 70520K, reserved 1110016K
  class space    used 8136K, capacity 9160K, committed 9188K, reserved 1048576K
}
Event: 3622.976 GC heap before
{Heap before GC invocations=943 (full 2):
 par new generation   total 153344K, used 141720K [0x0000000089400000, 0x0000000093a60000, 0x0000000093a60000)
  eden space 136320K, 100% used [0x0000000089400000, 0x0000000091920000, 0x0000000091920000)
  from space 17024K,  31% used [0x00000000929c0000, 0x0000000092f06380, 0x0000000093a60000)
  to   space 17024K,   0% used [0x0000000091920000, 0x0000000091920000, 0x00000000929c0000)
 concurrent mark-sweep generation total 1775232K, used 1194777K [0x0000000093a60000, 0x0000000100000000, 0x0000000100000000)
 Metaspace       used 65918K, capacity 70419K, committed 70520K, reserved 1110016K
  class space    used 8136K, capacity 9160K, committed 9188K, reserved 1048576K
Event: 3622.993 GC heap after
Heap after GC invocations=944 (full 2):
 par new generation   total 153344K, used 10013K [0x0000000089400000, 0x0000000093a60000, 0x0000000093a60000)
  eden space 136320K,   0% used [0x0000000089400000, 0x0000000089400000, 0x0000000091920000)
  from space 17024K,  58% used [0x0000000091920000, 0x00000000922e7690, 0x00000000929c0000)
  to   space 17024K,   0% used [0x00000000929c0000, 0x00000000929c0000, 0x0000000093a60000)
 concurrent mark-sweep generation total 1775232K, used 1194803K [0x0000000093a60000, 0x0000000100000000, 0x0000000100000000)
 Metaspace       used 65918K, capacity 70419K, committed 70520K, reserved 1110016K
  class space    used 8136K, capacity 9160K, committed 9188K, reserved 1048576K
}
Event: 3629.296 GC heap before
{Heap before GC invocations=944 (full 2):
 par new generation   total 153344K, used 146333K [0x0000000089400000, 0x0000000093a60000, 0x0000000093a60000)
  eden space 136320K, 100% used [0x0000000089400000, 0x0000000091920000, 0x0000000091920000)
  from space 17024K,  58% used [0x0000000091920000, 0x00000000922e7690, 0x00000000929c0000)
  to   space 17024K,   0% used [0x00000000929c0000, 0x00000000929c0000, 0x0000000093a60000)
 concurrent mark-sweep generation total 1775232K, used 1194803K [0x0000000093a60000, 0x0000000100000000, 0x0000000100000000)
 Metaspace       used 65918K, capacity 70419K, committed 70520K, reserved 1110016K
  class space    used 8136K, capacity 9160K, committed 9188K, reserved 1048576K
Event: 3629.316 GC heap after
Heap after GC invocations=945 (full 2):
 par new generation   total 153344K, used 14656K [0x0000000089400000, 0x0000000093a60000, 0x0000000093a60000)
  eden space 136320K,   0% used [0x0000000089400000, 0x0000000089400000, 0x0000000091920000)
  from space 17024K,  86% used [0x00000000929c0000, 0x0000000093810378, 0x0000000093a60000)
  to   space 17024K,   0% used [0x0000000091920000, 0x0000000091920000, 0x00000000929c0000)
 concurrent mark-sweep generation total 1775232K, used 1195220K [0x0000000093a60000, 0x0000000100000000, 0x0000000100000000)
 Metaspace       used 65918K, capacity 70419K, committed 70520K, reserved 1110016K
  class space    used 8136K, capacity 9160K, committed 9188K, reserved 1048576K
}
Event: 3636.279 GC heap before
{Heap before GC invocations=945 (full 2):
 par new generation   total 153344K, used 150976K [0x0000000089400000, 0x0000000093a60000, 0x0000000093a60000)
  eden space 136320K, 100% used [0x0000000089400000, 0x0000000091920000, 0x0000000091920000)
  from space 17024K,  86% used [0x00000000929c0000, 0x0000000093810378, 0x0000000093a60000)
  to   space 17024K,   0% used [0x0000000091920000, 0x0000000091920000, 0x00000000929c0000)
 concurrent mark-sweep generation total 1775232K, used 1195220K [0x0000000093a60000, 0x0000000100000000, 0x0000000100000000)
 Metaspace       used 65921K, capacity 70419K, committed 70520K, reserved 1110016K
  class space    used 8136K, capacity 9160K, committed 9188K, reserved 1048576K
Event: 3636.297 GC heap after
Heap after GC invocations=946 (full 2):
 par new generation   total 153344K, used 9785K [0x0000000089400000, 0x0000000093a60000, 0x0000000093a60000)
  eden space 136320K,   0% used [0x0000000089400000, 0x0000000089400000, 0x0000000091920000)
  from space 17024K,  57% used [0x0000000091920000, 0x00000000922ae7f8, 0x00000000929c0000)
  to   space 17024K,   0% used [0x00000000929c0000, 0x00000000929c0000, 0x0000000093a60000)
 concurrent mark-sweep generation total 1775232K, used 1198680K [0x0000000093a60000, 0x0000000100000000, 0x0000000100000000)
 Metaspace       used 65921K, capacity 70419K, committed 70520K, reserved 1110016K
  class space    used 8136K, capacity 9160K, committed 9188K, reserved 1048576K
}
Event: 3642.497 GC heap before
{Heap before GC invocations=946 (full 2):
 par new generation   total 153344K, used 146105K [0x0000000089400000, 0x0000000093a60000, 0x0000000093a60000)
  eden space 136320K, 100% used [0x0000000089400000, 0x0000000091920000, 0x0000000091920000)
  from space 17024K,  57% used [0x0000000091920000, 0x00000000922ae7f8, 0x00000000929c0000)
  to   space 17024K,   0% used [0x00000000929c0000, 0x00000000929c0000, 0x0000000093a60000)
 concurrent mark-sweep generation total 1775232K, used 1198680K [0x0000000093a60000, 0x0000000100000000, 0x0000000100000000)
 Metaspace       used 65926K, capacity 70419K, committed 70520K, reserved 1110016K
  class space    used 8136K, capacity 9160K, committed 9188K, reserved 1048576K
Event: 3642.508 GC heap after
Heap after GC invocations=947 (full 2):
 par new generation   total 153344K, used 3314K [0x0000000089400000, 0x0000000093a60000, 0x0000000093a60000)
  eden space 136320K,   0% used [0x0000000089400000, 0x0000000089400000, 0x0000000091920000)
  from space 17024K,  19% used [0x00000000929c0000, 0x0000000092cfca70, 0x0000000093a60000)
  to   space 17024K,   0% used [0x0000000091920000, 0x0000000091920000, 0x00000000929c0000)
 concurrent mark-sweep generation total 1775232K, used 1198680K [0x0000000093a60000, 0x0000000100000000, 0x0000000100000000)
 Metaspace       used 65926K, capacity 70419K, committed 70520K, reserved 1110016K
  class space    used 8136K, capacity 9160K, committed 9188K, reserved 1048576K
}
Event: 3648.516 GC heap before
{Heap before GC invocations=947 (full 2):
 par new generation   total 153344K, used 139632K [0x0000000089400000, 0x0000000093a60000, 0x0000000093a60000)
  eden space 136320K,  99% used [0x0000000089400000, 0x000000009191f7a0, 0x0000000091920000)
  from space 17024K,  19% used [0x00000000929c0000, 0x0000000092cfca70, 0x0000000093a60000)
  to   space 17024K,   0% used [0x0000000091920000, 0x0000000091920000, 0x00000000929c0000)
 concurrent mark-sweep generation total 1775232K, used 1198680K [0x0000000093a60000, 0x0000000100000000, 0x0000000100000000)
 Metaspace       used 65927K, capacity 70419K, committed 70520K, reserved 1110016K
  class space    used 8136K, capacity 9160K, committed 9188K, reserved 1048576K
Event: 3648.525 GC heap after
Heap after GC invocations=948 (full 2):
 par new generation   total 153344K, used 1093K [0x0000000089400000, 0x0000000093a60000, 0x0000000093a60000)
  eden space 136320K,   0% used [0x0000000089400000, 0x0000000089400000, 0x0000000091920000)
  from space 17024K,   6% used [0x0000000091920000, 0x0000000091a317e8, 0x00000000929c0000)
  to   space 17024K,   0% used [0x00000000929c0000, 0x00000000929c0000, 0x0000000093a60000)
 concurrent mark-sweep generation total 1775232K, used 1198680K [0x0000000093a60000, 0x0000000100000000, 0x0000000100000000)
 Metaspace       used 65927K, capacity 70419K, committed 70520K, reserved 1110016K
  class space    used 8136K, capacity 9160K, committed 9188K, reserved 1048576K
}
Event: 3656.766 GC heap before
{Heap before GC invocations=948 (full 2):
 par new generation   total 153344K, used 137413K [0x0000000089400000, 0x0000000093a60000, 0x0000000093a60000)
  eden space 136320K, 100% used [0x0000000089400000, 0x0000000091920000, 0x0000000091920000)
  from space 17024K,   6% used [0x0000000091920000, 0x0000000091a317e8, 0x00000000929c0000)
  to   space 17024K,   0% used [0x00000000929c0000, 0x00000000929c0000, 0x0000000093a60000)
 concurrent mark-sweep generation total 1775232K, used 1198680K [0x0000000093a60000, 0x0000000100000000, 0x0000000100000000)
 Metaspace       used 65940K, capacity 70483K, committed 70520K, reserved 1110016K
  class space    used 8137K, capacity 9160K, committed 9188K, reserved 1048576K
Event: 3656.775 GC heap after
Heap after GC invocations=949 (full 2):
 par new generation   total 153344K, used 742K [0x0000000089400000, 0x0000000093a60000, 0x0000000093a60000)
  eden space 136320K,   0% used [0x0000000089400000, 0x0000000089400000, 0x0000000091920000)
  from space 17024K,   4% used [0x00000000929c0000, 0x0000000092a79af8, 0x0000000093a60000)
  to   space 17024K,   0% used [0x0000000091920000, 0x0000000091920000, 0x00000000929c0000)
 concurrent mark-sweep generation total 1775232K, used 1198680K [0x0000000093a60000, 0x0000000100000000, 0x0000000100000000)
 Metaspace       used 65940K, capacity 70483K, committed 70520K, reserved 1110016K
  class space    used 8137K, capacity 9160K, committed 9188K, reserved 1048576K
}
Event: 3664.929 GC heap before
{Heap before GC invocations=949 (full 2):
 par new generation   total 153344K, used 137062K [0x0000000089400000, 0x0000000093a60000, 0x0000000093a60000)
  eden space 136320K, 100% used [0x0000000089400000, 0x0000000091920000, 0x0000000091920000)
  from space 17024K,   4% used [0x00000000929c0000, 0x0000000092a79af8, 0x0000000093a60000)
  to   space 17024K,   0% used [0x0000000091920000, 0x0000000091920000, 0x00000000929c0000)
 concurrent mark-sweep generation total 1775232K, used 1198680K [0x0000000093a60000, 0x0000000100000000, 0x0000000100000000)
 Metaspace       used 65961K, capacity 70485K, committed 70520K, reserved 1110016K
  class space    used 8141K, capacity 9161K, committed 9188K, reserved 1048576K
Event: 3664.939 GC heap after
Heap after GC invocations=950 (full 2):
 par new generation   total 153344K, used 752K [0x0000000089400000, 0x0000000093a60000, 0x0000000093a60000)
  eden space 136320K,   0% used [0x0000000089400000, 0x0000000089400000, 0x0000000091920000)
  from space 17024K,   4% used [0x0000000091920000, 0x00000000919dc308, 0x00000000929c0000)
  to   space 17024K,   0% used [0x00000000929c0000, 0x00000000929c0000, 0x0000000093a60000)
 concurrent mark-sweep generation total 1775232K, used 1198866K [0x0000000093a60000, 0x0000000100000000, 0x0000000100000000)
 Metaspace       used 65961K, capacity 70485K, committed 70520K, reserved 1110016K
  class space    used 8141K, capacity 9161K, committed 9188K, reserved 1048576K
}
Event: 3673.753 GC heap before
{Heap before GC invocations=950 (full 2):
 par new generation   total 153344K, used 137072K [0x0000000089400000, 0x0000000093a60000, 0x0000000093a60000)
  eden space 136320K, 100% used [0x0000000089400000, 0x0000000091920000, 0x0000000091920000)
  from space 17024K,   4% used [0x0000000091920000, 0x00000000919dc308, 0x00000000929c0000)
  to   space 17024K,   0% used [0x00000000929c0000, 0x00000000929c0000, 0x0000000093a60000)
 concurrent mark-sweep generation total 1775232K, used 1198866K [0x0000000093a60000, 0x0000000100000000, 0x0000000100000000)
 Metaspace       used 65965K, capacity 70485K, committed 70520K, reserved 1110016K
  class space    used 8141K, capacity 9161K, committed 9188K, reserved 1048576K
Event: 3673.762 GC heap after
Heap after GC invocations=951 (full 2):
 par new generation   total 153344K, used 785K [0x0000000089400000, 0x0000000093a60000, 0x0000000093a60000)
  eden space 136320K,   0% used [0x0000000089400000, 0x0000000089400000, 0x0000000091920000)
  from space 17024K,   4% used [0x00000000929c0000, 0x0000000092a84458, 0x0000000093a60000)
  to   space 17024K,   0% used [0x0000000091920000, 0x0000000091920000, 0x00000000929c0000)
 concurrent mark-sweep generation total 1775232K, used 1198874K [0x0000000093a60000, 0x0000000100000000, 0x0000000100000000)
 Metaspace       used 65965K, capacity 70485K, committed 70520K, reserved 1110016K
  class space    used 8141K, capacity 9161K, committed 9188K, reserved 1048576K
}
Event: 3682.465 GC heap before
{Heap before GC invocations=951 (full 2):
 par new generation   total 153344K, used 137105K [0x0000000089400000, 0x0000000093a60000, 0x0000000093a60000)
  eden space 136320K, 100% used [0x0000000089400000, 0x0000000091920000, 0x0000000091920000)
  from space 17024K,   4% used [0x00000000929c0000, 0x0000000092a84458, 0x0000000093a60000)
  to   space 17024K,   0% used [0x0000000091920000, 0x0000000091920000, 0x00000000929c0000)
 concurrent mark-sweep generation total 1775232K, used 1198874K [0x0000000093a60000, 0x0000000100000000, 0x0000000100000000)
 Metaspace       used 65966K, capacity 70485K, committed 70520K, reserved 1110016K
  class space    used 8141K, capacity 9161K, committed 9188K, reserved 1048576K
Event: 3682.475 GC heap after
Heap after GC invocations=952 (full 2):
 par new generation   total 153344K, used 1080K [0x0000000089400000, 0x0000000093a60000, 0x0000000093a60000)
  eden space 136320K,   0% used [0x0000000089400000, 0x0000000089400000, 0x0000000091920000)
  from space 17024K,   6% used [0x0000000091920000, 0x0000000091a2e2e0, 0x00000000929c0000)
  to   space 17024K,   0% used [0x00000000929c0000, 0x00000000929c0000, 0x0000000093a60000)
 concurrent mark-sweep generation total 1775232K, used 1198919K [0x0000000093a60000, 0x0000000100000000, 0x0000000100000000)
 Metaspace       used 65966K, capacity 70485K, committed 70520K, reserved 1110016K
  class space    used 8141K, capacity 9161K, committed 9188K, reserved 1048576K
}
Event: 3690.918 GC heap before
{Heap before GC invocations=952 (full 2):
 par new generation   total 153344K, used 137400K [0x0000000089400000, 0x0000000093a60000, 0x0000000093a60000)
  eden space 136320K, 100% used [0x0000000089400000, 0x0000000091920000, 0x0000000091920000)
  from space 17024K,   6% used [0x0000000091920000, 0x0000000091a2e2e0, 0x00000000929c0000)
  to   space 17024K,   0% used [0x00000000929c0000, 0x00000000929c0000, 0x0000000093a60000)
 concurrent mark-sweep generation total 1775232K, used 1198919K [0x0000000093a60000, 0x0000000100000000, 0x0000000100000000)
 Metaspace       used 65967K, capacity 70485K, committed 70520K, reserved 1110016K
  class space    used 8141K, capacity 9161K, committed 9188K, reserved 1048576K
Event: 3690.927 GC heap after
Heap after GC invocations=953 (full 2):
 par new generation   total 153344K, used 755K [0x0000000089400000, 0x0000000093a60000, 0x0000000093a60000)
  eden space 136320K,   0% used [0x0000000089400000, 0x0000000089400000, 0x0000000091920000)
  from space 17024K,   4% used [0x00000000929c0000, 0x0000000092a7ccc0, 0x0000000093a60000)
  to   space 17024K,   0% used [0x0000000091920000, 0x0000000091920000, 0x00000000929c0000)
 concurrent mark-sweep generation total 1775232K, used 1198973K [0x0000000093a60000, 0x0000000100000000, 0x0000000100000000)
 Metaspace       used 65967K, capacity 70485K, committed 70520K, reserved 1110016K
  class space    used 8141K, capacity 9161K, committed 9188K, reserved 1048576K
}
Event: 3699.779 GC heap before
{Heap before GC invocations=953 (full 2):
 par new generation   total 153344K, used 137075K [0x0000000089400000, 0x0000000093a60000, 0x0000000093a60000)
  eden space 136320K, 100% used [0x0000000089400000, 0x0000000091920000, 0x0000000091920000)
  from space 17024K,   4% used [0x00000000929c0000, 0x0000000092a7ccc0, 0x0000000093a60000)
  to   space 17024K,   0% used [0x0000000091920000, 0x0000000091920000, 0x00000000929c0000)
 concurrent mark-sweep generation total 1775232K, used 1198973K [0x0000000093a60000, 0x0000000100000000, 0x0000000100000000)
 Metaspace       used 65968K, capacity 70485K, committed 70520K, reserved 1110016K
  class space    used 8141K, capacity 9161K, committed 9188K, reserved 1048576K
Event: 3699.787 GC heap after
Heap after GC invocations=954 (full 2):
 par new generation   total 153344K, used 305K [0x0000000089400000, 0x0000000093a60000, 0x0000000093a60000)
  eden space 136320K,   0% used [0x0000000089400000, 0x0000000089400000, 0x0000000091920000)
  from space 17024K,   1% used [0x0000000091920000, 0x000000009196c530, 0x00000000929c0000)
  to   space 17024K,   0% used [0x00000000929c0000, 0x00000000929c0000, 0x0000000093a60000)
 concurrent mark-sweep generation total 1775232K, used 1199027K [0x0000000093a60000, 0x0000000100000000, 0x0000000100000000)
 Metaspace       used 65968K, capacity 70485K, committed 70520K, reserved 1110016K
  class space    used 8141K, capacity 9161K, committed 9188K, reserved 1048576K
}
Event: 3708.532 GC heap before
{Heap before GC invocations=954 (full 2):
 par new generation   total 153344K, used 136625K [0x0000000089400000, 0x0000000093a60000, 0x0000000093a60000)
  eden space 136320K, 100% used [0x0000000089400000, 0x0000000091920000, 0x0000000091920000)
  from space 17024K,   1% used [0x0000000091920000, 0x000000009196c530, 0x00000000929c0000)
  to   space 17024K,   0% used [0x00000000929c0000, 0x00000000929c0000, 0x0000000093a60000)
 concurrent mark-sweep generation total 1775232K, used 1199027K [0x0000000093a60000, 0x0000000100000000, 0x0000000100000000)
 Metaspace       used 65968K, capacity 70485K, committed 70520K, reserved 1110016K
  class space    used 8141K, capacity 9161K, committed 9188K, reserved 1048576K
Event: 3708.540 GC heap after
Heap after GC invocations=955 (full 2):
 par new generation   total 153344K, used 430K [0x0000000089400000, 0x0000000093a60000, 0x0000000093a60000)
  eden space 136320K,   0% used [0x0000000089400000, 0x0000000089400000, 0x0000000091920000)
  from space 17024K,   2% used [0x00000000929c0000, 0x0000000092a2b8b0, 0x0000000093a60000)
  to   space 17024K,   0% used [0x0000000091920000, 0x0000000091920000, 0x00000000929c0000)
 concurrent mark-sweep generation total 1775232K, used 1199058K [0x0000000093a60000, 0x0000000100000000, 0x0000000100000000)
 Metaspace       used 65968K, capacity 70485K, committed 70520K, reserved 1110016K
  class space    used 8141K, capacity 9161K, committed 9188K, reserved 1048576K
}
Event: 3717.544 GC heap before
{Heap before GC invocations=955 (full 2):
 par new generation   total 153344K, used 136750K [0x0000000089400000, 0x0000000093a60000, 0x0000000093a60000)
  eden space 136320K, 100% used [0x0000000089400000, 0x0000000091920000, 0x0000000091920000)
  from space 17024K,   2% used [0x00000000929c0000, 0x0000000092a2b8b0, 0x0000000093a60000)
  to   space 17024K,   0% used [0x0000000091920000, 0x0000000091920000, 0x00000000929c0000)
 concurrent mark-sweep generation total 1775232K, used 1199058K [0x0000000093a60000, 0x0000000100000000, 0x0000000100000000)
 Metaspace       used 65969K, capacity 70485K, committed 70520K, reserved 1110016K
  class space    used 8141K, capacity 9161K, committed 9188K, reserved 1048576K
Event: 3717.553 GC heap after
Heap after GC invocations=956 (full 2):
 par new generation   total 153344K, used 422K [0x0000000089400000, 0x0000000093a60000, 0x0000000093a60000)
  eden space 136320K,   0% used [0x0000000089400000, 0x0000000089400000, 0x0000000091920000)
  from space 17024K,   2% used [0x0000000091920000, 0x0000000091989ab0, 0x00000000929c0000)
  to   space 17024K,   0% used [0x00000000929c0000, 0x00000000929c0000, 0x0000000093a60000)
 concurrent mark-sweep generation total 1775232K, used 1199111K [0x0000000093a60000, 0x0000000100000000, 0x0000000100000000)
 Metaspace       used 65969K, capacity 70485K, committed 70520K, reserved 1110016K
  class space    used 8141K, capacity 9161K, committed 9188K, reserved 1048576K
}
Event: 3726.308 GC heap before
{Heap before GC invocations=956 (full 2):
 par new generation   total 153344K, used 136742K [0x0000000089400000, 0x0000000093a60000, 0x0000000093a60000)
  eden space 136320K, 100% used [0x0000000089400000, 0x0000000091920000, 0x0000000091920000)
  from space 17024K,   2% used [0x0000000091920000, 0x0000000091989ab0, 0x00000000929c0000)
  to   space 17024K,   0% used [0x00000000929c0000, 0x00000000929c0000, 0x0000000093a60000)
 concurrent mark-sweep generation total 1775232K, used 1199111K [0x0000000093a60000, 0x0000000100000000, 0x0000000100000000)
 Metaspace       used 65970K, capacity 70485K, committed 70520K, reserved 1110016K
  class space    used 8141K, capacity 9161K, committed 9188K, reserved 1048576K
Event: 3726.317 GC heap after
Heap after GC invocations=957 (full 2):
 par new generation   total 153344K, used 413K [0x0000000089400000, 0x0000000093a60000, 0x0000000093a60000)
  eden space 136320K,   0% used [0x0000000089400000, 0x0000000089400000, 0x0000000091920000)
  from space 17024K,   2% used [0x00000000929c0000, 0x0000000092a27520, 0x0000000093a60000)
  to   space 17024K,   0% used [0x0000000091920000, 0x0000000091920000, 0x00000000929c0000)
 concurrent mark-sweep generation total 1775232K, used 1199121K [0x0000000093a60000, 0x0000000100000000, 0x0000000100000000)
 Metaspace       used 65970K, capacity 70485K, committed 70520K, reserved 1110016K
  class space    used 8141K, capacity 9161K, committed 9188K, reserved 1048576K
}
Event: 3735.709 GC heap before
{Heap before GC invocations=957 (full 2):
 par new generation   total 153344K, used 136733K [0x0000000089400000, 0x0000000093a60000, 0x0000000093a60000)
  eden space 136320K, 100% used [0x0000000089400000, 0x0000000091920000, 0x0000000091920000)
  from space 17024K,   2% used [0x00000000929c0000, 0x0000000092a27520, 0x0000000093a60000)
  to   space 17024K,   0% used [0x0000000091920000, 0x0000000091920000, 0x00000000929c0000)
 concurrent mark-sweep generation total 1775232K, used 1199121K [0x0000000093a60000, 0x0000000100000000, 0x0000000100000000)
 Metaspace       used 65970K, capacity 70485K, committed 70520K, reserved 1110016K
  class space    used 8141K, capacity 9161K, committed 9188K, reserved 1048576K
Event: 3735.718 GC heap after
Heap after GC invocations=958 (full 2):
 par new generation   total 153344K, used 399K [0x0000000089400000, 0x0000000093a60000, 0x0000000093a60000)
  eden space 136320K,   0% used [0x0000000089400000, 0x0000000089400000, 0x0000000091920000)
  from space 17024K,   2% used [0x0000000091920000, 0x0000000091983fa8, 0x00000000929c0000)
  to   space 17024K,   0% used [0x00000000929c0000, 0x00000000929c0000, 0x0000000093a60000)
 concurrent mark-sweep generation total 1775232K, used 1199170K [0x0000000093a60000, 0x0000000100000000, 0x0000000100000000)
 Metaspace       used 65970K, capacity 70485K, committed 70520K, reserved 1110016K
  class space    used 8141K, capacity 9161K, committed 9188K, reserved 1048576K
}
Event: 3744.527 GC heap before
{Heap before GC invocations=958 (full 2):
 par new generation   total 153344K, used 136719K [0x0000000089400000, 0x0000000093a60000, 0x0000000093a60000)
  eden space 136320K, 100% used [0x0000000089400000, 0x0000000091920000, 0x0000000091920000)
  from space 17024K,   2% used [0x0000000091920000, 0x0000000091983fa8, 0x00000000929c0000)
  to   space 17024K,   0% used [0x00000000929c0000, 0x00000000929c0000, 0x0000000093a60000)
 concurrent mark-sweep generation total 1775232K, used 1199170K [0x0000000093a60000, 0x0000000100000000, 0x0000000100000000)
 Metaspace       used 65970K, capacity 70485K, committed 70520K, reserved 1110016K
  class space    used 8141K, capacity 9161K, committed 9188K, reserved 1048576K
Event: 3744.535 GC heap after
Heap after GC invocations=959 (full 2):
 par new generation   total 153344K, used 270K [0x0000000089400000, 0x0000000093a60000, 0x0000000093a60000)
  eden space 136320K,   0% used [0x0000000089400000, 0x0000000089400000, 0x0000000091920000)
  from space 17024K,   1% used [0x00000000929c0000, 0x0000000092a03960, 0x0000000093a60000)
  to   space 17024K,   0% used [0x0000000091920000, 0x0000000091920000, 0x00000000929c0000)
 concurrent mark-sweep generation total 1775232K, used 1199214K [0x0000000093a60000, 0x0000000100000000, 0x0000000100000000)
 Metaspace       used 65970K, capacity 70485K, committed 70520K, reserved 1110016K
  class space    used 8141K, capacity 9161K, committed 9188K, reserved 1048576K
}
Event: 3753.173 GC heap before
{Heap before GC invocations=959 (full 2):
 par new generation   total 153344K, used 136590K [0x0000000089400000, 0x0000000093a60000, 0x0000000093a60000)
  eden space 136320K, 100% used [0x0000000089400000, 0x0000000091920000, 0x0000000091920000)
  from space 17024K,   1% used [0x00000000929c0000, 0x0000000092a03960, 0x0000000093a60000)
  to   space 17024K,   0% used [0x0000000091920000, 0x0000000091920000, 0x00000000929c0000)
 concurrent mark-sweep generation total 1775232K, used 1199214K [0x0000000093a60000, 0x0000000100000000, 0x0000000100000000)
 Metaspace       used 65970K, capacity 70485K, committed 70520K, reserved 1110016K
  class space    used 8141K, capacity 9161K, committed 9188K, reserved 1048576K
Event: 3753.181 GC heap after
Heap after GC invocations=960 (full 2):
 par new generation   total 153344K, used 244K [0x0000000089400000, 0x0000000093a60000, 0x0000000093a60000)
  eden space 136320K,   0% used [0x0000000089400000, 0x0000000089400000, 0x0000000091920000)
  from space 17024K,   1% used [0x0000000091920000, 0x000000009195d330, 0x00000000929c0000)
  to   space 17024K,   0% used [0x00000000929c0000, 0x00000000929c0000, 0x0000000093a60000)
 concurrent mark-sweep generation total 1775232K, used 1199232K [0x0000000093a60000, 0x0000000100000000, 0x0000000100000000)
 Metaspace       used 65970K, capacity 70485K, committed 70520K, reserved 1110016K
  class space    used 8141K, capacity 9161K, committed 9188K, reserved 1048576K
}
Event: 3762.134 GC heap before
{Heap before GC invocations=960 (full 2):
 par new generation   total 153344K, used 136564K [0x0000000089400000, 0x0000000093a60000, 0x0000000093a60000)
  eden space 136320K, 100% used [0x0000000089400000, 0x0000000091920000, 0x0000000091920000)
  from space 17024K,   1% used [0x0000000091920000, 0x000000009195d330, 0x00000000929c0000)
  to   space 17024K,   0% used [0x00000000929c0000, 0x00000000929c0000, 0x0000000093a60000)
 concurrent mark-sweep generation total 1775232K, used 1199232K [0x0000000093a60000, 0x0000000100000000, 0x0000000100000000)
 Metaspace       used 65973K, capacity 70485K, committed 70520K, reserved 1110016K
  class space    used 8141K, capacity 9161K, committed 9188K, reserved 1048576K
Event: 3762.142 GC heap after
Heap after GC invocations=961 (full 2):
 par new generation   total 153344K, used 462K [0x0000000089400000, 0x0000000093a60000, 0x0000000093a60000)
  eden space 136320K,   0% used [0x0000000089400000, 0x0000000089400000, 0x0000000091920000)
  from space 17024K,   2% used [0x00000000929c0000, 0x0000000092a33ae0, 0x0000000093a60000)
  to   space 17024K,   0% used [0x0000000091920000, 0x0000000091920000, 0x00000000929c0000)
 concurrent mark-sweep generation total 1775232K, used 1199235K [0x0000000093a60000, 0x0000000100000000, 0x0000000100000000)
 Metaspace       used 65973K, capacity 70485K, committed 70520K, reserved 1110016K
  class space    used 8141K, capacity 9161K, committed 9188K, reserved 1048576K
}
Event: 3770.391 GC heap before
{Heap before GC invocations=961 (full 2):
 par new generation   total 153344K, used 136782K [0x0000000089400000, 0x0000000093a60000, 0x0000000093a60000)
  eden space 136320K, 100% used [0x0000000089400000, 0x0000000091920000, 0x0000000091920000)
  from space 17024K,   2% used [0x00000000929c0000, 0x0000000092a33ae0, 0x0000000093a60000)
  to   space 17024K,   0% used [0x0000000091920000, 0x0000000091920000, 0x00000000929c0000)
 concurrent mark-sweep generation total 1775232K, used 1199235K [0x0000000093a60000, 0x0000000100000000, 0x0000000100000000)
 Metaspace       used 65973K, capacity 70485K, committed 70520K, reserved 1110016K
  class space    used 8141K, capacity 9161K, committed 9188K, reserved 1048576K
Event: 3770.400 GC heap after
Heap after GC invocations=962 (full 2):
 par new generation   total 153344K, used 1309K [0x0000000089400000, 0x0000000093a60000, 0x0000000093a60000)
  eden space 136320K,   0% used [0x0000000089400000, 0x0000000089400000, 0x0000000091920000)
  from space 17024K,   7% used [0x0000000091920000, 0x0000000091a67598, 0x00000000929c0000)
  to   space 17024K,   0% used [0x00000000929c0000, 0x00000000929c0000, 0x0000000093a60000)
 concurrent mark-sweep generation total 1775232K, used 1199268K [0x0000000093a60000, 0x0000000100000000, 0x0000000100000000)
 Metaspace       used 65973K, capacity 70485K, committed 70520K, reserved 1110016K
  class space    used 8141K, capacity 9161K, committed 9188K, reserved 1048576K
}
Event: 3777.407 GC heap before
{Heap before GC invocations=962 (full 2):
 par new generation   total 153344K, used 137629K [0x0000000089400000, 0x0000000093a60000, 0x0000000093a60000)
  eden space 136320K, 100% used [0x0000000089400000, 0x0000000091920000, 0x0000000091920000)
  from space 17024K,   7% used [0x0000000091920000, 0x0000000091a67598, 0x00000000929c0000)
  to   space 17024K,   0% used [0x00000000929c0000, 0x00000000929c0000, 0x0000000093a60000)
 concurrent mark-sweep generation total 1775232K, used 1199268K [0x0000000093a60000, 0x0000000100000000, 0x0000000100000000)
 Metaspace       used 65973K, capacity 70485K, committed 70520K, reserved 1110016K
  class space    used 8141K, capacity 9161K, committed 9188K, reserved 1048576K
Event: 3777.418 GC heap after
Heap after GC invocations=963 (full 2):
 par new generation   total 153344K, used 2435K [0x0000000089400000, 0x0000000093a60000, 0x0000000093a60000)
  eden space 136320K,   0% used [0x0000000089400000, 0x0000000089400000, 0x0000000091920000)
  from space 17024K,  14% used [0x00000000929c0000, 0x0000000092c20cc0, 0x0000000093a60000)
  to   space 17024K,   0% used [0x0000000091920000, 0x0000000091920000, 0x00000000929c0000)
 concurrent mark-sweep generation total 1775232K, used 1199311K [0x0000000093a60000, 0x0000000100000000, 0x0000000100000000)
 Metaspace       used 65973K, capacity 70485K, committed 70520K, reserved 1110016K
  class space    used 8141K, capacity 9161K, committed 9188K, reserved 1048576K
}
Event: 3784.811 GC heap before
{Heap before GC invocations=963 (full 2):
 par new generation   total 153344K, used 138755K [0x0000000089400000, 0x0000000093a60000, 0x0000000093a60000)
  eden space 136320K, 100% used [0x0000000089400000, 0x0000000091920000, 0x0000000091920000)
  from space 17024K,  14% used [0x00000000929c0000, 0x0000000092c20cc0, 0x0000000093a60000)
  to   space 17024K,   0% used [0x0000000091920000, 0x0000000091920000, 0x00000000929c0000)
 concurrent mark-sweep generation total 1775232K, used 1199311K [0x0000000093a60000, 0x0000000100000000, 0x0000000100000000)
 Metaspace       used 65973K, capacity 70485K, committed 70520K, reserved 1110016K
  class space    used 8141K, capacity 9161K, committed 9188K, reserved 1048576K
Event: 3784.821 GC heap after
Heap after GC invocations=964 (full 2):
 par new generation   total 153344K, used 3147K [0x0000000089400000, 0x0000000093a60000, 0x0000000093a60000)
  eden space 136320K,   0% used [0x0000000089400000, 0x0000000089400000, 0x0000000091920000)
  from space 17024K,  18% used [0x0000000091920000, 0x0000000091c32ee0, 0x00000000929c0000)
  to   space 17024K,   0% used [0x00000000929c0000, 0x00000000929c0000, 0x0000000093a60000)
 concurrent mark-sweep generation total 1775232K, used 1199334K [0x0000000093a60000, 0x0000000100000000, 0x0000000100000000)
 Metaspace       used 65973K, capacity 70485K, committed 70520K, reserved 1110016K
  class space    used 8141K, capacity 9161K, committed 9188K, reserved 1048576K
}
Event: 3792.359 GC heap before
{Heap before GC invocations=964 (full 2):
 par new generation   total 153344K, used 139467K [0x0000000089400000, 0x0000000093a60000, 0x0000000093a60000)
  eden space 136320K, 100% used [0x0000000089400000, 0x0000000091920000, 0x0000000091920000)
  from space 17024K,  18% used [0x0000000091920000, 0x0000000091c32ee0, 0x00000000929c0000)
  to   space 17024K,   0% used [0x00000000929c0000, 0x00000000929c0000, 0x0000000093a60000)
 concurrent mark-sweep generation total 1775232K, used 1199334K [0x0000000093a60000, 0x0000000100000000, 0x0000000100000000)
 Metaspace       used 65973K, capacity 70485K, committed 70520K, reserved 1110016K
  class space    used 8141K, capacity 9161K, committed 9188K, reserved 1048576K
Event: 3792.368 GC heap after
Heap after GC invocations=965 (full 2):
 par new generation   total 153344K, used 2133K [0x0000000089400000, 0x0000000093a60000, 0x0000000093a60000)
  eden space 136320K,   0% used [0x0000000089400000, 0x0000000089400000, 0x0000000091920000)
  from space 17024K,  12% used [0x00000000929c0000, 0x0000000092bd54a0, 0x0000000093a60000)
  to   space 17024K,   0% used [0x0000000091920000, 0x0000000091920000, 0x00000000929c0000)
 concurrent mark-sweep generation total 1775232K, used 1199365K [0x0000000093a60000, 0x0000000100000000, 0x0000000100000000)
 Metaspace       used 65973K, capacity 70485K, committed 70520K, reserved 1110016K
  class space    used 8141K, capacity 9161K, committed 9188K, reserved 1048576K
}
Event: 3800.421 GC heap before
{Heap before GC invocations=965 (full 2):
 par new generation   total 153344K, used 138453K [0x0000000089400000, 0x0000000093a60000, 0x0000000093a60000)
  eden space 136320K, 100% used [0x0000000089400000, 0x0000000091920000, 0x0000000091920000)
  from space 17024K,  12% used [0x00000000929c0000, 0x0000000092bd54a0, 0x0000000093a60000)
  to   space 17024K,   0% used [0x0000000091920000, 0x0000000091920000, 0x00000000929c0000)
 concurrent mark-sweep generation total 1775232K, used 1199365K [0x0000000093a60000, 0x0000000100000000, 0x0000000100000000)
 Metaspace       used 65973K, capacity 70485K, committed 70520K, reserved 1110016K
  class space    used 8141K, capacity 9161K, committed 9188K, reserved 1048576K
Event: 3800.431 GC heap after
Heap after GC invocations=966 (full 2):
 par new generation   total 153344K, used 2896K [0x0000000089400000, 0x0000000093a60000, 0x0000000093a60000)
  eden space 136320K,   0% used [0x0000000089400000, 0x0000000089400000, 0x0000000091920000)
  from space 17024K,  17% used [0x0000000091920000, 0x0000000091bf4360, 0x00000000929c0000)
  to   space 17024K,   0% used [0x00000000929c0000, 0x00000000929c0000, 0x0000000093a60000)
 concurrent mark-sweep generation total 1775232K, used 1199375K [0x0000000093a60000, 0x0000000100000000, 0x0000000100000000)
 Metaspace       used 65973K, capacity 70485K, committed 70520K, reserved 1110016K
  class space    used 8141K, capacity 9161K, committed 9188K, reserved 1048576K
}
Event: 3808.174 GC heap before
{Heap before GC invocations=966 (full 2):
 par new generation   total 153344K, used 139216K [0x0000000089400000, 0x0000000093a60000, 0x0000000093a60000)
  eden space 136320K, 100% used [0x0000000089400000, 0x0000000091920000, 0x0000000091920000)
  from space 17024K,  17% used [0x0000000091920000, 0x0000000091bf4360, 0x00000000929c0000)
  to   space 17024K,   0% used [0x00000000929c0000, 0x00000000929c0000, 0x0000000093a60000)
 concurrent mark-sweep generation total 1775232K, used 1199375K [0x0000000093a60000, 0x0000000100000000, 0x0000000100000000)
 Metaspace       used 65973K, capacity 70485K, committed 70520K, reserved 1110016K
  class space    used 8141K, capacity 9161K, committed 9188K, reserved 1048576K
Event: 3808.184 GC heap after
Heap after GC invocations=967 (full 2):
 par new generation   total 153344K, used 2400K [0x0000000089400000, 0x0000000093a60000, 0x0000000093a60000)
  eden space 136320K,   0% used [0x0000000089400000, 0x0000000089400000, 0x0000000091920000)
  from space 17024K,  14% used [0x00000000929c0000, 0x0000000092c18050, 0x0000000093a60000)
  to   space 17024K,   0% used [0x0000000091920000, 0x0000000091920000, 0x00000000929c0000)
 concurrent mark-sweep generation total 1775232K, used 1199405K [0x0000000093a60000, 0x0000000100000000, 0x0000000100000000)
 Metaspace       used 65973K, capacity 70485K, committed 70520K, reserved 1110016K
  class space    used 8141K, capacity 9161K, committed 9188K, reserved 1048576K
}
Event: 3816.284 GC heap before
{Heap before GC invocations=967 (full 2):
 par new generation   total 153344K, used 138720K [0x0000000089400000, 0x0000000093a60000, 0x0000000093a60000)
  eden space 136320K, 100% used [0x0000000089400000, 0x0000000091920000, 0x0000000091920000)
  from space 17024K,  14% used [0x00000000929c0000, 0x0000000092c18050, 0x0000000093a60000)
  to   space 17024K,   0% used [0x0000000091920000, 0x0000000091920000, 0x00000000929c0000)
 concurrent mark-sweep generation total 1775232K, used 1199405K [0x0000000093a60000, 0x0000000100000000, 0x0000000100000000)
 Metaspace       used 65973K, capacity 70485K, committed 70520K, reserved 1110016K
  class space    used 8141K, capacity 9161K, committed 9188K, reserved 1048576K
Event: 3816.295 GC heap after
Heap after GC invocations=968 (full 2):
 par new generation   total 153344K, used 1650K [0x0000000089400000, 0x0000000093a60000, 0x0000000093a60000)
  eden space 136320K,   0% used [0x0000000089400000, 0x0000000089400000, 0x0000000091920000)
  from space 17024K,   9% used [0x0000000091920000, 0x0000000091abcb50, 0x00000000929c0000)
  to   space 17024K,   0% used [0x00000000929c0000, 0x00000000929c0000, 0x0000000093a60000)
 concurrent mark-sweep generation total 1775232K, used 1199933K [0x0000000093a60000, 0x0000000100000000, 0x0000000100000000)
 Metaspace       used 65973K, capacity 70485K, committed 70520K, reserved 1110016K
  class space    used 8141K, capacity 9161K, committed 9188K, reserved 1048576K
}
Event: 3823.794 GC heap before
{Heap before GC invocations=968 (full 2):
 par new generation   total 153344K, used 137970K [0x0000000089400000, 0x0000000093a60000, 0x0000000093a60000)
  eden space 136320K, 100% used [0x0000000089400000, 0x0000000091920000, 0x0000000091920000)
  from space 17024K,   9% used [0x0000000091920000, 0x0000000091abcb50, 0x00000000929c0000)
  to   space 17024K,   0% used [0x00000000929c0000, 0x00000000929c0000, 0x0000000093a60000)
 concurrent mark-sweep generation total 1775232K, used 1199933K [0x0000000093a60000, 0x0000000100000000, 0x0000000100000000)
 Metaspace       used 65973K, capacity 70485K, committed 70520K, reserved 1110016K
  class space    used 8141K, capacity 9161K, committed 9188K, reserved 1048576K
Event: 3823.804 GC heap after
Heap after GC invocations=969 (full 2):
 par new generation   total 153344K, used 1295K [0x0000000089400000, 0x0000000093a60000, 0x0000000093a60000)
  eden space 136320K,   0% used [0x0000000089400000, 0x0000000089400000, 0x0000000091920000)
  from space 17024K,   7% used [0x00000000929c0000, 0x0000000092b03e18, 0x0000000093a60000)
  to   space 17024K,   0% used [0x0000000091920000, 0x0000000091920000, 0x00000000929c0000)
 concurrent mark-sweep generation total 1775232K, used 1200521K [0x0000000093a60000, 0x0000000100000000, 0x0000000100000000)
 Metaspace       used 65973K, capacity 70485K, committed 70520K, reserved 1110016K
  class space    used 8141K, capacity 9161K, committed 9188K, reserved 1048576K
}
Event: 3831.262 GC heap before
{Heap before GC invocations=969 (full 2):
 par new generation   total 153344K, used 137615K [0x0000000089400000, 0x0000000093a60000, 0x0000000093a60000)
  eden space 136320K, 100% used [0x0000000089400000, 0x0000000091920000, 0x0000000091920000)
  from space 17024K,   7% used [0x00000000929c0000, 0x0000000092b03e18, 0x0000000093a60000)
  to   space 17024K,   0% used [0x0000000091920000, 0x0000000091920000, 0x00000000929c0000)
 concurrent mark-sweep generation total 1775232K, used 1200521K [0x0000000093a60000, 0x0000000100000000, 0x0000000100000000)
 Metaspace       used 65973K, capacity 70489K, committed 70520K, reserved 1110016K
  class space    used 8141K, capacity 9161K, committed 9188K, reserved 1048576K
Event: 3831.273 GC heap after
Heap after GC invocations=970 (full 2):
 par new generation   total 153344K, used 1994K [0x0000000089400000, 0x0000000093a60000, 0x0000000093a60000)
  eden space 136320K,   0% used [0x0000000089400000, 0x0000000089400000, 0x0000000091920000)
  from space 17024K,  11% used [0x0000000091920000, 0x0000000091b12ac8, 0x00000000929c0000)
  to   space 17024K,   0% used [0x00000000929c0000, 0x00000000929c0000, 0x0000000093a60000)
 concurrent mark-sweep generation total 1775232K, used 1200555K [0x0000000093a60000, 0x0000000100000000, 0x0000000100000000)
 Metaspace       used 65973K, capacity 70489K, committed 70520K, reserved 1110016K
  class space    used 8141K, capacity 9161K, committed 9188K, reserved 1048576K
}
Event: 3838.137 GC heap before
{Heap before GC invocations=970 (full 2):
 par new generation   total 153344K, used 138314K [0x0000000089400000, 0x0000000093a60000, 0x0000000093a60000)
  eden space 136320K, 100% used [0x0000000089400000, 0x0000000091920000, 0x0000000091920000)
  from space 17024K,  11% used [0x0000000091920000, 0x0000000091b12ac8, 0x00000000929c0000)
  to   space 17024K,   0% used [0x00000000929c0000, 0x00000000929c0000, 0x0000000093a60000)
 concurrent mark-sweep generation total 1775232K, used 1200555K [0x0000000093a60000, 0x0000000100000000, 0x0000000100000000)
 Metaspace       used 65977K, capacity 70489K, committed 70520K, reserved 1110016K
  class space    used 8141K, capacity 9161K, committed 9188K, reserved 1048576K
Event: 3838.166 GC heap after
Heap after GC invocations=971 (full 2):
 par new generation   total 153344K, used 6135K [0x0000000089400000, 0x0000000093a60000, 0x0000000093a60000)
  eden space 136320K,   0% used [0x0000000089400000, 0x0000000089400000, 0x0000000091920000)
  from space 17024K,  36% used [0x00000000929c0000, 0x0000000092fbdd80, 0x0000000093a60000)
  to   space 17024K,   0% used [0x0000000091920000, 0x0000000091920000, 0x00000000929c0000)
 concurrent mark-sweep generation total 1775232K, used 1200592K [0x0000000093a60000, 0x0000000100000000, 0x0000000100000000)
 Metaspace       used 65977K, capacity 70489K, committed 70520K, reserved 1110016K
  class space    used 8141K, capacity 9161K, committed 9188K, reserved 1048576K
}
Event: 3844.985 GC heap before
{Heap before GC invocations=971 (full 2):
 par new generation   total 153344K, used 142454K [0x0000000089400000, 0x0000000093a60000, 0x0000000093a60000)
  eden space 136320K,  99% used [0x0000000089400000, 0x000000009191fcd8, 0x0000000091920000)
  from space 17024K,  36% used [0x00000000929c0000, 0x0000000092fbdd80, 0x0000000093a60000)
  to   space 17024K,   0% used [0x0000000091920000, 0x0000000091920000, 0x00000000929c0000)
 concurrent mark-sweep generation total 1775232K, used 1200592K [0x0000000093a60000, 0x0000000100000000, 0x0000000100000000)
 Metaspace       used 65978K, capacity 70489K, committed 70520K, reserved 1110016K
  class space    used 8141K, capacity 9161K, committed 9188K, reserved 1048576K
Event: 3845.007 GC heap after
Heap after GC invocations=972 (full 2):
 par new generation   total 153344K, used 13095K [0x0000000089400000, 0x0000000093a60000, 0x0000000093a60000)
  eden space 136320K,   0% used [0x0000000089400000, 0x0000000089400000, 0x0000000091920000)
  from space 17024K,  76% used [0x0000000091920000, 0x00000000925e9fd8, 0x00000000929c0000)
  to   space 17024K,   0% used [0x00000000929c0000, 0x00000000929c0000, 0x0000000093a60000)
 concurrent mark-sweep generation total 1775232K, used 1200618K [0x0000000093a60000, 0x0000000100000000, 0x0000000100000000)
 Metaspace       used 65978K, capacity 70489K, committed 70520K, reserved 1110016K
  class space    used 8141K, capacity 9161K, committed 9188K, reserved 1048576K
}
Event: 3852.662 GC heap before
{Heap before GC invocations=972 (full 2):
 par new generation   total 153344K, used 149415K [0x0000000089400000, 0x0000000093a60000, 0x0000000093a60000)
  eden space 136320K, 100% used [0x0000000089400000, 0x0000000091920000, 0x0000000091920000)
  from space 17024K,  76% used [0x0000000091920000, 0x00000000925e9fd8, 0x00000000929c0000)
  to   space 17024K,   0% used [0x00000000929c0000, 0x00000000929c0000, 0x0000000093a60000)
 concurrent mark-sweep generation total 1775232K, used 1200618K [0x0000000093a60000, 0x0000000100000000, 0x0000000100000000)
 Metaspace       used 65978K, capacity 70489K, committed 70520K, reserved 1110016K
  class space    used 8141K, capacity 9161K, committed 9188K, reserved 1048576K
Event: 3852.691 GC heap after
Heap after GC invocations=973 (full 2):
 par new generation   total 153344K, used 13957K [0x0000000089400000, 0x0000000093a60000, 0x0000000093a60000)
  eden space 136320K,   0% used [0x0000000089400000, 0x0000000089400000, 0x0000000091920000)
  from space 17024K,  81% used [0x00000000929c0000, 0x00000000937615b8, 0x0000000093a60000)
  to   space 17024K,   0% used [0x0000000091920000, 0x0000000091920000, 0x00000000929c0000)
 concurrent mark-sweep generation total 1775232K, used 1205559K [0x0000000093a60000, 0x0000000100000000, 0x0000000100000000)
 Metaspace       used 65978K, capacity 70489K, committed 70520K, reserved 1110016K
  class space    used 8141K, capacity 9161K, committed 9188K, reserved 1048576K
}
Event: 3860.974 GC heap before
{Heap before GC invocations=973 (full 2):
 par new generation   total 153344K, used 150277K [0x0000000089400000, 0x0000000093a60000, 0x0000000093a60000)
  eden space 136320K, 100% used [0x0000000089400000, 0x0000000091920000, 0x0000000091920000)
  from space 17024K,  81% used [0x00000000929c0000, 0x00000000937615b8, 0x0000000093a60000)
  to   space 17024K,   0% used [0x0000000091920000, 0x0000000091920000, 0x00000000929c0000)
 concurrent mark-sweep generation total 1775232K, used 1205559K [0x0000000093a60000, 0x0000000100000000, 0x0000000100000000)
 Metaspace       used 65979K, capacity 70489K, committed 70520K, reserved 1110016K
  class space    used 8141K, capacity 9161K, committed 9188K, reserved 1048576K
Event: 3860.995 GC heap after
Heap after GC invocations=974 (full 2):
 par new generation   total 153344K, used 9304K [0x0000000089400000, 0x0000000093a60000, 0x0000000093a60000)
  eden space 136320K,   0% used [0x0000000089400000, 0x0000000089400000, 0x0000000091920000)
  from space 17024K,  54% used [0x0000000091920000, 0x0000000092236100, 0x00000000929c0000)
  to   space 17024K,   0% used [0x00000000929c0000, 0x00000000929c0000, 0x0000000093a60000)
 concurrent mark-sweep generation total 1775232K, used 1211416K [0x0000000093a60000, 0x0000000100000000, 0x0000000100000000)
 Metaspace       used 65979K, capacity 70489K, committed 70520K, reserved 1110016K
  class space    used 8141K, capacity 9161K, committed 9188K, reserved 1048576K
}
Event: 3868.152 GC heap before
{Heap before GC invocations=974 (full 2):
 par new generation   total 153344K, used 145624K [0x0000000089400000, 0x0000000093a60000, 0x0000000093a60000)
  eden space 136320K, 100% used [0x0000000089400000, 0x0000000091920000, 0x0000000091920000)
  from space 17024K,  54% used [0x0000000091920000, 0x0000000092236100, 0x00000000929c0000)
  to   space 17024K,   0% used [0x00000000929c0000, 0x00000000929c0000, 0x0000000093a60000)
 concurrent mark-sweep generation total 1775232K, used 1211416K [0x0000000093a60000, 0x0000000100000000, 0x0000000100000000)
 Metaspace       used 65979K, capacity 70489K, committed 70520K, reserved 1110016K
  class space    used 8141K, capacity 9161K, committed 9188K, reserved 1048576K
Event: 3868.166 GC heap after
Heap after GC invocations=975 (full 2):
 par new generation   total 153344K, used 8195K [0x0000000089400000, 0x0000000093a60000, 0x0000000093a60000)
  eden space 136320K,   0% used [0x0000000089400000, 0x0000000089400000, 0x0000000091920000)
  from space 17024K,  48% used [0x00000000929c0000, 0x00000000931c0e78, 0x0000000093a60000)
  to   space 17024K,   0% used [0x0000000091920000, 0x0000000091920000, 0x00000000929c0000)
 concurrent mark-sweep generation total 1775232K, used 1211416K [0x0000000093a60000, 0x0000000100000000, 0x0000000100000000)
 Metaspace       used 65979K, capacity 70489K, committed 70520K, reserved 1110016K
  class space    used 8141K, capacity 9161K, committed 9188K, reserved 1048576K
}
Event: 3874.943 GC heap before
{Heap before GC invocations=975 (full 2):
 par new generation   total 153344K, used 144515K [0x0000000089400000, 0x0000000093a60000, 0x0000000093a60000)
  eden space 136320K, 100% used [0x0000000089400000, 0x0000000091920000, 0x0000000091920000)
  from space 17024K,  48% used [0x00000000929c0000, 0x00000000931c0e78, 0x0000000093a60000)
  to   space 17024K,   0% used [0x0000000091920000, 0x0000000091920000, 0x00000000929c0000)
 concurrent mark-sweep generation total 1775232K, used 1211416K [0x0000000093a60000, 0x0000000100000000, 0x0000000100000000)
 Metaspace       used 65980K, capacity 70489K, committed 70520K, reserved 1110016K
  class space    used 8141K, capacity 9161K, committed 9188K, reserved 1048576K
Event: 3874.964 GC heap after
Heap after GC invocations=976 (full 2):
 par new generation   total 153344K, used 17024K [0x0000000089400000, 0x0000000093a60000, 0x0000000093a60000)
  eden space 136320K,   0% used [0x0000000089400000, 0x0000000089400000, 0x0000000091920000)
  from space 17024K, 100% used [0x0000000091920000, 0x00000000929c0000, 0x00000000929c0000)
  to   space 17024K,   0% used [0x00000000929c0000, 0x00000000929c0000, 0x0000000093a60000)
 concurrent mark-sweep generation total 1775232K, used 1211533K [0x0000000093a60000, 0x0000000100000000, 0x0000000100000000)
 Metaspace       used 65980K, capacity 70489K, committed 70520K, reserved 1110016K
  class space    used 8141K, capacity 9161K, committed 9188K, reserved 1048576K
}
Event: 3881.839 GC heap before
{Heap before GC invocations=976 (full 2):
 par new generation   total 153344K, used 153344K [0x0000000089400000, 0x0000000093a60000, 0x0000000093a60000)
  eden space 136320K, 100% used [0x0000000089400000, 0x0000000091920000, 0x0000000091920000)
  from space 17024K, 100% used [0x0000000091920000, 0x00000000929c0000, 0x00000000929c0000)
  to   space 17024K,   0% used [0x00000000929c0000, 0x00000000929c0000, 0x0000000093a60000)
 concurrent mark-sweep generation total 1775232K, used 1211533K [0x0000000093a60000, 0x0000000100000000, 0x0000000100000000)
 Metaspace       used 65980K, capacity 70489K, committed 70520K, reserved 1110016K
  class space    used 8141K, capacity 9161K, committed 9188K, reserved 1048576K
Event: 3881.866 GC heap after
Heap after GC invocations=977 (full 2):
 par new generation   total 153344K, used 17024K [0x0000000089400000, 0x0000000093a60000, 0x0000000093a60000)
  eden space 136320K,   0% used [0x0000000089400000, 0x0000000089400000, 0x0000000091920000)
  from space 17024K, 100% used [0x00000000929c0000, 0x0000000093a60000, 0x0000000093a60000)
  to   space 17024K,   0% used [0x0000000091920000, 0x0000000091920000, 0x00000000929c0000)
 concurrent mark-sweep generation total 1775232K, used 1218891K [0x0000000093a60000, 0x0000000100000000, 0x0000000100000000)
 Metaspace       used 65980K, capacity 70489K, committed 70520K, reserved 1110016K
  class space    used 8141K, capacity 9161K, committed 9188K, reserved 1048576K
}
Event: 3888.841 GC heap before
{Heap before GC invocations=977 (full 2):
 par new generation   total 153344K, used 153344K [0x0000000089400000, 0x0000000093a60000, 0x0000000093a60000)
  eden space 136320K, 100% used [0x0000000089400000, 0x0000000091920000, 0x0000000091920000)
  from space 17024K, 100% used [0x00000000929c0000, 0x0000000093a60000, 0x0000000093a60000)
  to   space 17024K,   0% used [0x0000000091920000, 0x0000000091920000, 0x00000000929c0000)
 concurrent mark-sweep generation total 1775232K, used 1218891K [0x0000000093a60000, 0x0000000100000000, 0x0000000100000000)
 Metaspace       used 65980K, capacity 70489K, committed 70520K, reserved 1110016K
  class space    used 8141K, capacity 9161K, committed 9188K, reserved 1048576K
Event: 3888.864 GC heap after
Heap after GC invocations=978 (full 2):
 par new generation   total 153344K, used 13360K [0x0000000089400000, 0x0000000093a60000, 0x0000000093a60000)
  eden space 136320K,   0% used [0x0000000089400000, 0x0000000089400000, 0x0000000091920000)
  from space 17024K,  78% used [0x0000000091920000, 0x000000009262c228, 0x00000000929c0000)
  to   space 17024K,   0% used [0x00000000929c0000, 0x00000000929c0000, 0x0000000093a60000)
 concurrent mark-sweep generation total 1775232K, used 1224562K [0x0000000093a60000, 0x0000000100000000, 0x0000000100000000)
 Metaspace       used 65980K, capacity 70489K, committed 70520K, reserved 1110016K
  class space    used 8141K, capacity 9161K, committed 9188K, reserved 1048576K
}
Event: 3894.932 GC heap before
{Heap before GC invocations=978 (full 2):
 par new generation   total 153344K, used 149680K [0x0000000089400000, 0x0000000093a60000, 0x0000000093a60000)
  eden space 136320K, 100% used [0x0000000089400000, 0x0000000091920000, 0x0000000091920000)
  from space 17024K,  78% used [0x0000000091920000, 0x000000009262c228, 0x00000000929c0000)
  to   space 17024K,   0% used [0x00000000929c0000, 0x00000000929c0000, 0x0000000093a60000)
 concurrent mark-sweep generation total 1775232K, used 1224562K [0x0000000093a60000, 0x0000000100000000, 0x0000000100000000)
 Metaspace       used 65980K, capacity 70489K, committed 70520K, reserved 1110016K
  class space    used 8141K, capacity 9161K, committed 9188K, reserved 1048576K
Event: 3894.947 GC heap after
Heap after GC invocations=979 (full 2):
 par new generation   total 153344K, used 13433K [0x0000000089400000, 0x0000000093a60000, 0x0000000093a60000)
  eden space 136320K,   0% used [0x0000000089400000, 0x0000000089400000, 0x0000000091920000)
  from space 17024K,  78% used [0x00000000929c0000, 0x00000000936de708, 0x0000000093a60000)
  to   space 17024K,   0% used [0x0000000091920000, 0x0000000091920000, 0x00000000929c0000)
 concurrent mark-sweep generation total 1775232K, used 1224562K [0x0000000093a60000, 0x0000000100000000, 0x0000000100000000)
 Metaspace       used 65980K, capacity 70489K, committed 70520K, reserved 1110016K
  class space    used 8141K, capacity 9161K, committed 9188K, reserved 1048576K
}
Event: 3900.973 GC heap before
{Heap before GC invocations=979 (full 2):
 par new generation   total 153344K, used 149753K [0x0000000089400000, 0x0000000093a60000, 0x0000000093a60000)
  eden space 136320K, 100% used [0x0000000089400000, 0x0000000091920000, 0x0000000091920000)
  from space 17024K,  78% used [0x00000000929c0000, 0x00000000936de708, 0x0000000093a60000)
  to   space 17024K,   0% used [0x0000000091920000, 0x0000000091920000, 0x00000000929c0000)
 concurrent mark-sweep generation total 1775232K, used 1224562K [0x0000000093a60000, 0x0000000100000000, 0x0000000100000000)
 Metaspace       used 65980K, capacity 70489K, committed 70520K, reserved 1110016K
  class space    used 8141K, capacity 9161K, committed 9188K, reserved 1048576K
Event: 3900.992 GC heap after
Heap after GC invocations=980 (full 2):
 par new generation   total 153344K, used 8964K [0x0000000089400000, 0x0000000093a60000, 0x0000000093a60000)
  eden space 136320K,   0% used [0x0000000089400000, 0x0000000089400000, 0x0000000091920000)
  from space 17024K,  52% used [0x0000000091920000, 0x00000000921e1228, 0x00000000929c0000)
  to   space 17024K,   0% used [0x00000000929c0000, 0x00000000929c0000, 0x0000000093a60000)
 concurrent mark-sweep generation total 1775232K, used 1228427K [0x0000000093a60000, 0x0000000100000000, 0x0000000100000000)
 Metaspace       used 65980K, capacity 70489K, committed 70520K, reserved 1110016K
  class space    used 8141K, capacity 9161K, committed 9188K, reserved 1048576K
}
Event: 3907.964 GC heap before
{Heap before GC invocations=980 (full 2):
 par new generation   total 153344K, used 145284K [0x0000000089400000, 0x0000000093a60000, 0x0000000093a60000)
  eden space 136320K, 100% used [0x0000000089400000, 0x0000000091920000, 0x0000000091920000)
  from space 17024K,  52% used [0x0000000091920000, 0x00000000921e1228, 0x00000000929c0000)
  to   space 17024K,   0% used [0x00000000929c0000, 0x00000000929c0000, 0x0000000093a60000)
 concurrent mark-sweep generation total 1775232K, used 1228427K [0x0000000093a60000, 0x0000000100000000, 0x0000000100000000)
 Metaspace       used 65980K, capacity 70489K, committed 70520K, reserved 1110016K
  class space    used 8141K, capacity 9161K, committed 9188K, reserved 1048576K
Event: 3907.990 GC heap after
Heap after GC invocations=981 (full 2):
 par new generation   total 153344K, used 12940K [0x0000000089400000, 0x0000000093a60000, 0x0000000093a60000)
  eden space 136320K,   0% used [0x0000000089400000, 0x0000000089400000, 0x0000000091920000)
  from space 17024K,  76% used [0x00000000929c0000, 0x0000000093663370, 0x0000000093a60000)
  to   space 17024K,   0% used [0x0000000091920000, 0x0000000091920000, 0x00000000929c0000)
 concurrent mark-sweep generation total 1775232K, used 1231586K [0x0000000093a60000, 0x0000000100000000, 0x0000000100000000)
 Metaspace       used 65980K, capacity 70489K, committed 70520K, reserved 1110016K
  class space    used 8141K, capacity 9161K, committed 9188K, reserved 1048576K
}
Event: 3915.540 GC heap before
{Heap before GC invocations=981 (full 2):
 par new generation   total 153344K, used 149260K [0x0000000089400000, 0x0000000093a60000, 0x0000000093a60000)
  eden space 136320K, 100% used [0x0000000089400000, 0x0000000091920000, 0x0000000091920000)
  from space 17024K,  76% used [0x00000000929c0000, 0x0000000093663370, 0x0000000093a60000)
  to   space 17024K,   0% used [0x0000000091920000, 0x0000000091920000, 0x00000000929c0000)
 concurrent mark-sweep generation total 1775232K, used 1231586K [0x0000000093a60000, 0x0000000100000000, 0x0000000100000000)
 Metaspace       used 65980K, capacity 70489K, committed 70520K, reserved 1110016K
  class space    used 8141K, capacity 9161K, committed 9188K, reserved 1048576K
Event: 3915.559 GC heap after
Heap after GC invocations=982 (full 2):
 par new generation   total 153344K, used 13419K [0x0000000089400000, 0x0000000093a60000, 0x0000000093a60000)
  eden space 136320K,   0% used [0x0000000089400000, 0x0000000089400000, 0x0000000091920000)
  from space 17024K,  78% used [0x0000000091920000, 0x000000009263aca0, 0x00000000929c0000)
  to   space 17024K,   0% used [0x00000000929c0000, 0x00000000929c0000, 0x0000000093a60000)
 concurrent mark-sweep generation total 1775232K, used 1234445K [0x0000000093a60000, 0x0000000100000000, 0x0000000100000000)
 Metaspace       used 65980K, capacity 70489K, committed 70520K, reserved 1110016K
  class space    used 8141K, capacity 9161K, committed 9188K, reserved 1048576K
}
Event: 3922.809 GC heap before
{Heap before GC invocations=982 (full 2):
 par new generation   total 153344K, used 149739K [0x0000000089400000, 0x0000000093a60000, 0x0000000093a60000)
  eden space 136320K, 100% used [0x0000000089400000, 0x0000000091920000, 0x0000000091920000)
  from space 17024K,  78% used [0x0000000091920000, 0x000000009263aca0, 0x00000000929c0000)
  to   space 17024K,   0% used [0x00000000929c0000, 0x00000000929c0000, 0x0000000093a60000)
 concurrent mark-sweep generation total 1775232K, used 1234445K [0x0000000093a60000, 0x0000000100000000, 0x0000000100000000)
 Metaspace       used 65980K, capacity 70489K, committed 70520K, reserved 1110016K
  class space    used 8141K, capacity 9161K, committed 9188K, reserved 1048576K
Event: 3922.829 GC heap after
Heap after GC invocations=983 (full 2):
 par new generation   total 153344K, used 17024K [0x0000000089400000, 0x0000000093a60000, 0x0000000093a60000)
  eden space 136320K,   0% used [0x0000000089400000, 0x0000000089400000, 0x0000000091920000)
  from space 17024K, 100% used [0x00000000929c0000, 0x0000000093a60000, 0x0000000093a60000)
  to   space 17024K,   0% used [0x0000000091920000, 0x0000000091920000, 0x00000000929c0000)
 concurrent mark-sweep generation total 1775232K, used 1236633K [0x0000000093a60000, 0x0000000100000000, 0x0000000100000000)
 Metaspace       used 65980K, capacity 70489K, committed 70520K, reserved 1110016K
  class space    used 8141K, capacity 9161K, committed 9188K, reserved 1048576K
}
Event: 3929.892 GC heap before
{Heap before GC invocations=983 (full 2):
 par new generation   total 153344K, used 153344K [0x0000000089400000, 0x0000000093a60000, 0x0000000093a60000)
  eden space 136320K, 100% used [0x0000000089400000, 0x0000000091920000, 0x0000000091920000)
  from space 17024K, 100% used [0x00000000929c0000, 0x0000000093a60000, 0x0000000093a60000)
  to   space 17024K,   0% used [0x0000000091920000, 0x0000000091920000, 0x00000000929c0000)
 concurrent mark-sweep generation total 1775232K, used 1236633K [0x0000000093a60000, 0x0000000100000000, 0x0000000100000000)
 Metaspace       used 65980K, capacity 70489K, committed 70520K, reserved 1110016K
  class space    used 8141K, capacity 9161K, committed 9188K, reserved 1048576K
Event: 3929.912 GC heap after
Heap after GC invocations=984 (full 2):
 par new generation   total 153344K, used 15980K [0x0000000089400000, 0x0000000093a60000, 0x0000000093a60000)
  eden space 136320K,   0% used [0x0000000089400000, 0x0000000089400000, 0x0000000091920000)
  from space 17024K,  93% used [0x0000000091920000, 0x00000000928bb3f8, 0x00000000929c0000)
  to   space 17024K,   0% used [0x00000000929c0000, 0x00000000929c0000, 0x0000000093a60000)
 concurrent mark-sweep generation total 1775232K, used 1240059K [0x0000000093a60000, 0x0000000100000000, 0x0000000100000000)
 Metaspace       used 65980K, capacity 70489K, committed 70520K, reserved 1110016K
  class space    used 8141K, capacity 9161K, committed 9188K, reserved 1048576K
}
Event: 3937.100 GC heap before
{Heap before GC invocations=984 (full 2):
 par new generation   total 153344K, used 152300K [0x0000000089400000, 0x0000000093a60000, 0x0000000093a60000)
  eden space 136320K, 100% used [0x0000000089400000, 0x0000000091920000, 0x0000000091920000)
  from space 17024K,  93% used [0x0000000091920000, 0x00000000928bb3f8, 0x00000000929c0000)
  to   space 17024K,   0% used [0x00000000929c0000, 0x00000000929c0000, 0x0000000093a60000)
 concurrent mark-sweep generation total 1775232K, used 1240059K [0x0000000093a60000, 0x0000000100000000, 0x0000000100000000)
 Metaspace       used 65980K, capacity 70489K, committed 70520K, reserved 1110016K
  class space    used 8141K, capacity 9161K, committed 9188K, reserved 1048576K
Event: 3937.120 GC heap after
Heap after GC invocations=985 (full 2):
 par new generation   total 153344K, used 16160K [0x0000000089400000, 0x0000000093a60000, 0x0000000093a60000)
  eden space 136320K,   0% used [0x0000000089400000, 0x0000000089400000, 0x0000000091920000)
  from space 17024K,  94% used [0x00000000929c0000, 0x0000000093988248, 0x0000000093a60000)
  to   space 17024K,   0% used [0x0000000091920000, 0x0000000091920000, 0x00000000929c0000)
 concurrent mark-sweep generation total 1775232K, used 1243202K [0x0000000093a60000, 0x0000000100000000, 0x0000000100000000)
 Metaspace       used 65980K, capacity 70489K, committed 70520K, reserved 1110016K
  class space    used 8141K, capacity 9161K, committed 9188K, reserved 1048576K
}
Event: 3943.898 GC heap before
{Heap before GC invocations=985 (full 2):
 par new generation   total 153344K, used 152480K [0x0000000089400000, 0x0000000093a60000, 0x0000000093a60000)
  eden space 136320K, 100% used [0x0000000089400000, 0x0000000091920000, 0x0000000091920000)
  from space 17024K,  94% used [0x00000000929c0000, 0x0000000093988248, 0x0000000093a60000)
  to   space 17024K,   0% used [0x0000000091920000, 0x0000000091920000, 0x00000000929c0000)
 concurrent mark-sweep generation total 1775232K, used 1243202K [0x0000000093a60000, 0x0000000100000000, 0x0000000100000000)
 Metaspace       used 65980K, capacity 70489K, committed 70520K, reserved 1110016K
  class space    used 8141K, capacity 9161K, committed 9188K, reserved 1048576K
Event: 3943.920 GC heap after
Heap after GC invocations=986 (full 2):
 par new generation   total 153344K, used 16848K [0x0000000089400000, 0x0000000093a60000, 0x0000000093a60000)
  eden space 136320K,   0% used [0x0000000089400000, 0x0000000089400000, 0x0000000091920000)
  from space 17024K,  98% used [0x0000000091920000, 0x00000000929942a0, 0x00000000929c0000)
  to   space 17024K,   0% used [0x00000000929c0000, 0x00000000929c0000, 0x0000000093a60000)
 concurrent mark-sweep generation total 1775232K, used 1247040K [0x0000000093a60000, 0x0000000100000000, 0x0000000100000000)
 Metaspace       used 65980K, capacity 70489K, committed 70520K, reserved 1110016K
  class space    used 8141K, capacity 9161K, committed 9188K, reserved 1048576K
}
Event: 3946.144 GC heap before
{Heap before GC invocations=986 (full 2):
 par new generation   total 153344K, used 153168K [0x0000000089400000, 0x0000000093a60000, 0x0000000093a60000)
  eden space 136320K, 100% used [0x0000000089400000, 0x0000000091920000, 0x0000000091920000)
  from space 17024K,  98% used [0x0000000091920000, 0x00000000929942a0, 0x00000000929c0000)
  to   space 17024K,   0% used [0x00000000929c0000, 0x00000000929c0000, 0x0000000093a60000)
 concurrent mark-sweep generation total 1775232K, used 1247040K [0x0000000093a60000, 0x0000000100000000, 0x0000000100000000)
 Metaspace       used 65980K, capacity 70489K, committed 70520K, reserved 1110016K
  class space    used 8141K, capacity 9161K, committed 9188K, reserved 1048576K
Event: 3946.188 GC heap after
Heap after GC invocations=987 (full 2):
 par new generation   total 153344K, used 17024K [0x0000000089400000, 0x0000000093a60000, 0x0000000093a60000)
  eden space 136320K,   0% used [0x0000000089400000, 0x0000000089400000, 0x0000000091920000)
  from space 17024K, 100% used [0x00000000929c0000, 0x0000000093a60000, 0x0000000093a60000)
  to   space 17024K,   0% used [0x0000000091920000, 0x0000000091920000, 0x00000000929c0000)
 concurrent mark-sweep generation total 1775232K, used 1255833K [0x0000000093a60000, 0x0000000100000000, 0x0000000100000000)
 Metaspace       used 65980K, capacity 70489K, committed 70520K, reserved 1110016K
  class space    used 8141K, capacity 9161K, committed 9188K, reserved 1048576K
}
Event: 3952.654 GC heap before
{Heap before GC invocations=987 (full 2):
 par new generation   total 153344K, used 153344K [0x0000000089400000, 0x0000000093a60000, 0x0000000093a60000)
  eden space 136320K, 100% used [0x0000000089400000, 0x0000000091920000, 0x0000000091920000)
  from space 17024K, 100% used [0x00000000929c0000, 0x0000000093a60000, 0x0000000093a60000)
  to   space 17024K,   0% used [0x0000000091920000, 0x0000000091920000, 0x00000000929c0000)
 concurrent mark-sweep generation total 1775232K, used 1255833K [0x0000000093a60000, 0x0000000100000000, 0x0000000100000000)
 Metaspace       used 65980K, capacity 70489K, committed 70520K, reserved 1110016K
  class space    used 8141K, capacity 9161K, committed 9188K, reserved 1048576K
Event: 3952.678 GC heap after
Heap after GC invocations=988 (full 2):
 par new generation   total 153344K, used 15839K [0x0000000089400000, 0x0000000093a60000, 0x0000000093a60000)
  eden space 136320K,   0% used [0x0000000089400000, 0x0000000089400000, 0x0000000091920000)
  from space 17024K,  93% used [0x0000000091920000, 0x0000000092897f78, 0x00000000929c0000)
  to   space 17024K,   0% used [0x00000000929c0000, 0x00000000929c0000, 0x0000000093a60000)
 concurrent mark-sweep generation total 1775232K, used 1262819K [0x0000000093a60000, 0x0000000100000000, 0x0000000100000000)
 Metaspace       used 65980K, capacity 70489K, committed 70520K, reserved 1110016K
  class space    used 8141K, capacity 9161K, committed 9188K, reserved 1048576K
}
Event: 3959.020 GC heap before
{Heap before GC invocations=988 (full 2):
 par new generation   total 153344K, used 152159K [0x0000000089400000, 0x0000000093a60000, 0x0000000093a60000)
  eden space 136320K, 100% used [0x0000000089400000, 0x0000000091920000, 0x0000000091920000)
  from space 17024K,  93% used [0x0000000091920000, 0x0000000092897f78, 0x00000000929c0000)
  to   space 17024K,   0% used [0x00000000929c0000, 0x00000000929c0000, 0x0000000093a60000)
 concurrent mark-sweep generation total 1775232K, used 1262819K [0x0000000093a60000, 0x0000000100000000, 0x0000000100000000)
 Metaspace       used 65980K, capacity 70489K, committed 70520K, reserved 1110016K
  class space    used 8141K, capacity 9161K, committed 9188K, reserved 1048576K
Event: 3959.037 GC heap after
Heap after GC invocations=989 (full 2):
 par new generation   total 153344K, used 11414K [0x0000000089400000, 0x0000000093a60000, 0x0000000093a60000)
  eden space 136320K,   0% used [0x0000000089400000, 0x0000000089400000, 0x0000000091920000)
  from space 17024K,  67% used [0x00000000929c0000, 0x00000000934e5a88, 0x0000000093a60000)
  to   space 17024K,   0% used [0x0000000091920000, 0x0000000091920000, 0x00000000929c0000)
 concurrent mark-sweep generation total 1775232K, used 1262819K [0x0000000093a60000, 0x0000000100000000, 0x0000000100000000)
 Metaspace       used 65980K, capacity 70489K, committed 70520K, reserved 1110016K
  class space    used 8141K, capacity 9161K, committed 9188K, reserved 1048576K
}
Event: 3965.748 GC heap before
{Heap before GC invocations=989 (full 2):
 par new generation   total 153344K, used 147734K [0x0000000089400000, 0x0000000093a60000, 0x0000000093a60000)
  eden space 136320K, 100% used [0x0000000089400000, 0x0000000091920000, 0x0000000091920000)
  from space 17024K,  67% used [0x00000000929c0000, 0x00000000934e5a88, 0x0000000093a60000)
  to   space 17024K,   0% used [0x0000000091920000, 0x0000000091920000, 0x00000000929c0000)
 concurrent mark-sweep generation total 1775232K, used 1262819K [0x0000000093a60000, 0x0000000100000000, 0x0000000100000000)
 Metaspace       used 65980K, capacity 70489K, committed 70520K, reserved 1110016K
  class space    used 8141K, capacity 9161K, committed 9188K, reserved 1048576K
Event: 3965.769 GC heap after
Heap after GC invocations=990 (full 2):
 par new generation   total 153344K, used 15866K [0x0000000089400000, 0x0000000093a60000, 0x0000000093a60000)
  eden space 136320K,   0% used [0x0000000089400000, 0x0000000089400000, 0x0000000091920000)
  from space 17024K,  93% used [0x0000000091920000, 0x000000009289e9b8, 0x00000000929c0000)
  to   space 17024K,   0% used [0x00000000929c0000, 0x00000000929c0000, 0x0000000093a60000)
 concurrent mark-sweep generation total 1775232K, used 1265391K [0x0000000093a60000, 0x0000000100000000, 0x0000000100000000)
 Metaspace       used 65980K, capacity 70489K, committed 70520K, reserved 1110016K
  class space    used 8141K, capacity 9161K, committed 9188K, reserved 1048576K
}
Event: 3972.737 GC heap before
{Heap before GC invocations=990 (full 2):
 par new generation   total 153344K, used 152186K [0x0000000089400000, 0x0000000093a60000, 0x0000000093a60000)
  eden space 136320K, 100% used [0x0000000089400000, 0x0000000091920000, 0x0000000091920000)
  from space 17024K,  93% used [0x0000000091920000, 0x000000009289e9b8, 0x00000000929c0000)
  to   space 17024K,   0% used [0x00000000929c0000, 0x00000000929c0000, 0x0000000093a60000)
 concurrent mark-sweep generation total 1775232K, used 1265391K [0x0000000093a60000, 0x0000000100000000, 0x0000000100000000)
 Metaspace       used 65981K, capacity 70489K, committed 70520K, reserved 1110016K
  class space    used 8141K, capacity 9161K, committed 9188K, reserved 1048576K
Event: 3972.764 GC heap after
Heap after GC invocations=991 (full 2):
 par new generation   total 153344K, used 14816K [0x0000000089400000, 0x0000000093a60000, 0x0000000093a60000)
  eden space 136320K,   0% used [0x0000000089400000, 0x0000000089400000, 0x0000000091920000)
  from space 17024K,  87% used [0x00000000929c0000, 0x00000000938380f8, 0x0000000093a60000)
  to   space 17024K,   0% used [0x0000000091920000, 0x0000000091920000, 0x00000000929c0000)
 concurrent mark-sweep generation total 1775232K, used 1271436K [0x0000000093a60000, 0x0000000100000000, 0x0000000100000000)
 Metaspace       used 65981K, capacity 70489K, committed 70520K, reserved 1110016K
  class space    used 8141K, capacity 9161K, committed 9188K, reserved 1048576K
}
Event: 3979.558 GC heap before
{Heap before GC invocations=991 (full 2):
 par new generation   total 153344K, used 151136K [0x0000000089400000, 0x0000000093a60000, 0x0000000093a60000)
  eden space 136320K, 100% used [0x0000000089400000, 0x0000000091920000, 0x0000000091920000)
  from space 17024K,  87% used [0x00000000929c0000, 0x00000000938380f8, 0x0000000093a60000)
  to   space 17024K,   0% used [0x0000000091920000, 0x0000000091920000, 0x00000000929c0000)
 concurrent mark-sweep generation total 1775232K, used 1271436K [0x0000000093a60000, 0x0000000100000000, 0x0000000100000000)
 Metaspace       used 65981K, capacity 70489K, committed 70520K, reserved 1110016K
  class space    used 8141K, capacity 9161K, committed 9188K, reserved 1048576K
Event: 3979.583 GC heap after
Heap after GC invocations=992 (full 2):
 par new generation   total 153344K, used 13785K [0x0000000089400000, 0x0000000093a60000, 0x0000000093a60000)
  eden space 136320K,   0% used [0x0000000089400000, 0x0000000089400000, 0x0000000091920000)
  from space 17024K,  80% used [0x0000000091920000, 0x00000000926964b8, 0x00000000929c0000)
  to   space 17024K,   0% used [0x00000000929c0000, 0x00000000929c0000, 0x0000000093a60000)
 concurrent mark-sweep generation total 1775232K, used 1275712K [0x0000000093a60000, 0x0000000100000000, 0x0000000100000000)
 Metaspace       used 65981K, capacity 70489K, committed 70520K, reserved 1110016K
  class space    used 8141K, capacity 9161K, committed 9188K, reserved 1048576K
}
Event: 3986.338 GC heap before
{Heap before GC invocations=992 (full 2):
 par new generation   total 153344K, used 150105K [0x0000000089400000, 0x0000000093a60000, 0x0000000093a60000)
  eden space 136320K, 100% used [0x0000000089400000, 0x0000000091920000, 0x0000000091920000)
  from space 17024K,  80% used [0x0000000091920000, 0x00000000926964b8, 0x00000000929c0000)
  to   space 17024K,   0% used [0x00000000929c0000, 0x00000000929c0000, 0x0000000093a60000)
 concurrent mark-sweep generation total 1775232K, used 1275712K [0x0000000093a60000, 0x0000000100000000, 0x0000000100000000)
 Metaspace       used 65981K, capacity 70489K, committed 70520K, reserved 1110016K
  class space    used 8141K, capacity 9161K, committed 9188K, reserved 1048576K
Event: 3986.360 GC heap after
Heap after GC invocations=993 (full 2):
 par new generation   total 153344K, used 17024K [0x0000000089400000, 0x0000000093a60000, 0x0000000093a60000)
  eden space 136320K,   0% used [0x0000000089400000, 0x0000000089400000, 0x0000000091920000)
  from space 17024K, 100% used [0x00000000929c0000, 0x0000000093a60000, 0x0000000093a60000)
  to   space 17024K,   0% used [0x0000000091920000, 0x0000000091920000, 0x00000000929c0000)
 concurrent mark-sweep generation total 1775232K, used 1280192K [0x0000000093a60000, 0x0000000100000000, 0x0000000100000000)
 Metaspace       used 65981K, capacity 70489K, committed 70520K, reserved 1110016K
  class space    used 8141K, capacity 9161K, committed 9188K, reserved 1048576K
}
Event: 3993.536 GC heap before
{Heap before GC invocations=993 (full 2):
 par new generation   total 153344K, used 153344K [0x0000000089400000, 0x0000000093a60000, 0x0000000093a60000)
  eden space 136320K, 100% used [0x0000000089400000, 0x0000000091920000, 0x0000000091920000)
  from space 17024K, 100% used [0x00000000929c0000, 0x0000000093a60000, 0x0000000093a60000)
  to   space 17024K,   0% used [0x0000000091920000, 0x0000000091920000, 0x00000000929c0000)
 concurrent mark-sweep generation total 1775232K, used 1280192K [0x0000000093a60000, 0x0000000100000000, 0x0000000100000000)
 Metaspace       used 65981K, capacity 70489K, committed 70520K, reserved 1110016K
  class space    used 8141K, capacity 9161K, committed 9188K, reserved 1048576K
Event: 3993.558 GC heap after
Heap after GC invocations=994 (full 2):
 par new generation   total 153344K, used 10403K [0x0000000089400000, 0x0000000093a60000, 0x0000000093a60000)
  eden space 136320K,   0% used [0x0000000089400000, 0x0000000089400000, 0x0000000091920000)
  from space 17024K,  61% used [0x0000000091920000, 0x0000000092348d40, 0x00000000929c0000)
  to   space 17024K,   0% used [0x00000000929c0000, 0x00000000929c0000, 0x0000000093a60000)
 concurrent mark-sweep generation total 1775232K, used 1285184K [0x0000000093a60000, 0x0000000100000000, 0x0000000100000000)
 Metaspace       used 65981K, capacity 70489K, committed 70520K, reserved 1110016K
  class space    used 8141K, capacity 9161K, committed 9188K, reserved 1048576K
}
Event: 3999.652 GC heap before
{Heap before GC invocations=994 (full 2):
 par new generation   total 153344K, used 146723K [0x0000000089400000, 0x0000000093a60000, 0x0000000093a60000)
  eden space 136320K, 100% used [0x0000000089400000, 0x0000000091920000, 0x0000000091920000)
  from space 17024K,  61% used [0x0000000091920000, 0x0000000092348d40, 0x00000000929c0000)
  to   space 17024K,   0% used [0x00000000929c0000, 0x00000000929c0000, 0x0000000093a60000)
 concurrent mark-sweep generation total 1775232K, used 1285184K [0x0000000093a60000, 0x0000000100000000, 0x0000000100000000)
 Metaspace       used 65981K, capacity 70489K, committed 70520K, reserved 1110016K
  class space    used 8141K, capacity 9161K, committed 9188K, reserved 1048576K
Event: 3999.678 GC heap after
Heap after GC invocations=995 (full 2):
 par new generation   total 153344K, used 14418K [0x0000000089400000, 0x0000000093a60000, 0x0000000093a60000)
  eden space 136320K,   0% used [0x0000000089400000, 0x0000000089400000, 0x0000000091920000)
  from space 17024K,  84% used [0x00000000929c0000, 0x00000000937d48e8, 0x0000000093a60000)
  to   space 17024K,   0% used [0x0000000091920000, 0x0000000091920000, 0x00000000929c0000)
 concurrent mark-sweep generation total 1775232K, used 1290659K [0x0000000093a60000, 0x0000000100000000, 0x0000000100000000)
 Metaspace       used 65981K, capacity 70489K, committed 70520K, reserved 1110016K
  class space    used 8141K, capacity 9161K, committed 9188K, reserved 1048576K
}
Event: 4006.121 GC heap before
{Heap before GC invocations=995 (full 2):
 par new generation   total 153344K, used 150738K [0x0000000089400000, 0x0000000093a60000, 0x0000000093a60000)
  eden space 136320K, 100% used [0x0000000089400000, 0x0000000091920000, 0x0000000091920000)
  from space 17024K,  84% used [0x00000000929c0000, 0x00000000937d48e8, 0x0000000093a60000)
  to   space 17024K,   0% used [0x0000000091920000, 0x0000000091920000, 0x00000000929c0000)
 concurrent mark-sweep generation total 1775232K, used 1290659K [0x0000000093a60000, 0x0000000100000000, 0x0000000100000000)
 Metaspace       used 65981K, capacity 70489K, committed 70520K, reserved 1110016K
  class space    used 8141K, capacity 9161K, committed 9188K, reserved 1048576K
Event: 4006.142 GC heap after
Heap after GC invocations=996 (full 2):
 par new generation   total 153344K, used 14890K [0x0000000089400000, 0x0000000093a60000, 0x0000000093a60000)
  eden space 136320K,   0% used [0x0000000089400000, 0x0000000089400000, 0x0000000091920000)
  from space 17024K,  87% used [0x0000000091920000, 0x00000000927aa8f0, 0x00000000929c0000)
  to   space 17024K,   0% used [0x00000000929c0000, 0x00000000929c0000, 0x0000000093a60000)
 concurrent mark-sweep generation total 1775232K, used 1294126K [0x0000000093a60000, 0x0000000100000000, 0x0000000100000000)
 Metaspace       used 65981K, capacity 70489K, committed 70520K, reserved 1110016K
  class space    used 8141K, capacity 9161K, committed 9188K, reserved 1048576K
}
Event: 4013.653 GC heap before
{Heap before GC invocations=996 (full 2):
 par new generation   total 153344K, used 151210K [0x0000000089400000, 0x0000000093a60000, 0x0000000093a60000)
  eden space 136320K, 100% used [0x0000000089400000, 0x0000000091920000, 0x0000000091920000)
  from space 17024K,  87% used [0x0000000091920000, 0x00000000927aa8f0, 0x00000000929c0000)
  to   space 17024K,   0% used [0x00000000929c0000, 0x00000000929c0000, 0x0000000093a60000)
 concurrent mark-sweep generation total 1775232K, used 1294126K [0x0000000093a60000, 0x0000000100000000, 0x0000000100000000)
 Metaspace       used 65981K, capacity 70489K, committed 70520K, reserved 1110016K
  class space    used 8141K, capacity 9161K, committed 9188K, reserved 1048576K
Event: 4013.677 GC heap after
Heap after GC invocations=997 (full 2):
 par new generation   total 153344K, used 10683K [0x0000000089400000, 0x0000000093a60000, 0x0000000093a60000)
  eden space 136320K,   0% used [0x0000000089400000, 0x0000000089400000, 0x0000000091920000)
  from space 17024K,  62% used [0x00000000929c0000, 0x000000009342ec10, 0x0000000093a60000)
  to   space 17024K,   0% used [0x0000000091920000, 0x0000000091920000, 0x00000000929c0000)
 concurrent mark-sweep generation total 1775232K, used 1300264K [0x0000000093a60000, 0x0000000100000000, 0x0000000100000000)
 Metaspace       used 65981K, capacity 70489K, committed 70520K, reserved 1110016K
  class space    used 8141K, capacity 9161K, committed 9188K, reserved 1048576K
}
Event: 4020.190 GC heap before
{Heap before GC invocations=997 (full 2):
 par new generation   total 153344K, used 147003K [0x0000000089400000, 0x0000000093a60000, 0x0000000093a60000)
  eden space 136320K, 100% used [0x0000000089400000, 0x0000000091920000, 0x0000000091920000)
  from space 17024K,  62% used [0x00000000929c0000, 0x000000009342ec10, 0x0000000093a60000)
  to   space 17024K,   0% used [0x0000000091920000, 0x0000000091920000, 0x00000000929c0000)
 concurrent mark-sweep generation total 1775232K, used 1300264K [0x0000000093a60000, 0x0000000100000000, 0x0000000100000000)
 Metaspace       used 65981K, capacity 70489K, committed 70520K, reserved 1110016K
  class space    used 8141K, capacity 9161K, committed 9188K, reserved 1048576K
Event: 4020.209 GC heap after
Heap after GC invocations=998 (full 2):
 par new generation   total 153344K, used 15832K [0x0000000089400000, 0x0000000093a60000, 0x0000000093a60000)
  eden space 136320K,   0% used [0x0000000089400000, 0x0000000089400000, 0x0000000091920000)
  from space 17024K,  93% used [0x0000000091920000, 0x00000000928961d8, 0x00000000929c0000)
  to   space 17024K,   0% used [0x00000000929c0000, 0x00000000929c0000, 0x0000000093a60000)
 concurrent mark-sweep generation total 1775232K, used 1300264K [0x0000000093a60000, 0x0000000100000000, 0x0000000100000000)
 Metaspace       used 65981K, capacity 70489K, committed 70520K, reserved 1110016K
  class space    used 8141K, capacity 9161K, committed 9188K, reserved 1048576K
}
Event: 4027.580 GC heap before
{Heap before GC invocations=998 (full 2):
 par new generation   total 153344K, used 152152K [0x0000000089400000, 0x0000000093a60000, 0x0000000093a60000)
  eden space 136320K, 100% used [0x0000000089400000, 0x0000000091920000, 0x0000000091920000)
  from space 17024K,  93% used [0x0000000091920000, 0x00000000928961d8, 0x00000000929c0000)
  to   space 17024K,   0% used [0x00000000929c0000, 0x00000000929c0000, 0x0000000093a60000)
 concurrent mark-sweep generation total 1775232K, used 1300264K [0x0000000093a60000, 0x0000000100000000, 0x0000000100000000)
 Metaspace       used 65981K, capacity 70489K, committed 70520K, reserved 1110016K
  class space    used 8141K, capacity 9161K, committed 9188K, reserved 1048576K
Event: 4027.602 GC heap after
Heap after GC invocations=999 (full 2):
 par new generation   total 153344K, used 15667K [0x0000000089400000, 0x0000000093a60000, 0x0000000093a60000)
  eden space 136320K,   0% used [0x0000000089400000, 0x0000000089400000, 0x0000000091920000)
  from space 17024K,  92% used [0x00000000929c0000, 0x000000009390cc10, 0x0000000093a60000)
  to   space 17024K,   0% used [0x0000000091920000, 0x0000000091920000, 0x00000000929c0000)
 concurrent mark-sweep generation total 1775232K, used 1304519K [0x0000000093a60000, 0x0000000100000000, 0x0000000100000000)
 Metaspace       used 65981K, capacity 70489K, committed 70520K, reserved 1110016K
  class space    used 8141K, capacity 9161K, committed 9188K, reserved 1048576K
}
Event: 4034.337 GC heap before
{Heap before GC invocations=999 (full 2):
 par new generation   total 153344K, used 151987K [0x0000000089400000, 0x0000000093a60000, 0x0000000093a60000)
  eden space 136320K, 100% used [0x0000000089400000, 0x0000000091920000, 0x0000000091920000)
  from space 17024K,  92% used [0x00000000929c0000, 0x000000009390cc10, 0x0000000093a60000)
  to   space 17024K,   0% used [0x0000000091920000, 0x0000000091920000, 0x00000000929c0000)
 concurrent mark-sweep generation total 1775232K, used 1304519K [0x0000000093a60000, 0x0000000100000000, 0x0000000100000000)
 Metaspace       used 65981K, capacity 70489K, committed 70520K, reserved 1110016K
  class space    used 8141K, capacity 9161K, committed 9188K, reserved 1048576K
Event: 4034.360 GC heap after
Heap after GC invocations=1000 (full 2):
 par new generation   total 153344K, used 17024K [0x0000000089400000, 0x0000000093a60000, 0x0000000093a60000)
  eden space 136320K,   0% used [0x0000000089400000, 0x0000000089400000, 0x0000000091920000)
  from space 17024K, 100% used [0x0000000091920000, 0x00000000929c0000, 0x00000000929c0000)
  to   space 17024K,   0% used [0x00000000929c0000, 0x00000000929c0000, 0x0000000093a60000)
 concurrent mark-sweep generation total 1775232K, used 1306729K [0x0000000093a60000, 0x0000000100000000, 0x0000000100000000)
 Metaspace       used 65981K, capacity 70489K, committed 70520K, reserved 1110016K
  class space    used 8141K, capacity 9161K, committed 9188K, reserved 1048576K
}
Event: 4040.832 GC heap before
{Heap before GC invocations=1000 (full 2):
 par new generation   total 153344K, used 153344K [0x0000000089400000, 0x0000000093a60000, 0x0000000093a60000)
  eden space 136320K, 100% used [0x0000000089400000, 0x0000000091920000, 0x0000000091920000)
  from space 17024K, 100% used [0x0000000091920000, 0x00000000929c0000, 0x00000000929c0000)
  to   space 17024K,   0% used [0x00000000929c0000, 0x00000000929c0000, 0x0000000093a60000)
 concurrent mark-sweep generation total 1775232K, used 1306729K [0x0000000093a60000, 0x0000000100000000, 0x0000000100000000)
 Metaspace       used 65981K, capacity 70489K, committed 70520K, reserved 1110016K
  class space    used 8141K, capacity 9161K, committed 9188K, reserved 1048576K
Event: 4040.855 GC heap after
Heap after GC invocations=1001 (full 2):
 par new generation   total 153344K, used 17023K [0x0000000089400000, 0x0000000093a60000, 0x0000000093a60000)
  eden space 136320K,   0% used [0x0000000089400000, 0x0000000089400000, 0x0000000091920000)
  from space 17024K,  99% used [0x00000000929c0000, 0x0000000093a5fff8, 0x0000000093a60000)
  to   space 17024K,   0% used [0x0000000091920000, 0x0000000091920000, 0x00000000929c0000)
 concurrent mark-sweep generation total 1775232K, used 1310078K [0x0000000093a60000, 0x0000000100000000, 0x0000000100000000)
 Metaspace       used 65981K, capacity 70489K, committed 70520K, reserved 1110016K
  class space    used 8141K, capacity 9161K, committed 9188K, reserved 1048576K
}
Event: 4047.918 GC heap before
{Heap before GC invocations=1001 (full 2):
 par new generation   total 153344K, used 153343K [0x0000000089400000, 0x0000000093a60000, 0x0000000093a60000)
  eden space 136320K, 100% used [0x0000000089400000, 0x0000000091920000, 0x0000000091920000)
  from space 17024K,  99% used [0x00000000929c0000, 0x0000000093a5fff8, 0x0000000093a60000)
  to   space 17024K,   0% used [0x0000000091920000, 0x0000000091920000, 0x00000000929c0000)
 concurrent mark-sweep generation total 1775232K, used 1310078K [0x0000000093a60000, 0x0000000100000000, 0x0000000100000000)
 Metaspace       used 65981K, capacity 70489K, committed 70520K, reserved 1110016K
  class space    used 8141K, capacity 9161K, committed 9188K, reserved 1048576K
Event: 4047.943 GC heap after
Heap after GC invocations=1002 (full 2):
 par new generation   total 153344K, used 17024K [0x0000000089400000, 0x0000000093a60000, 0x0000000093a60000)
  eden space 136320K,   0% used [0x0000000089400000, 0x0000000089400000, 0x0000000091920000)
  from space 17024K, 100% used [0x0000000091920000, 0x00000000929c0000, 0x00000000929c0000)
  to   space 17024K,   0% used [0x00000000929c0000, 0x00000000929c0000, 0x0000000093a60000)
 concurrent mark-sweep generation total 1775232K, used 1316481K [0x0000000093a60000, 0x0000000100000000, 0x0000000100000000)
 Metaspace       used 65981K, capacity 70489K, committed 70520K, reserved 1110016K
  class space    used 8141K, capacity 9161K, committed 9188K, reserved 1048576K
}
Event: 4055.695 GC heap before
{Heap before GC invocations=1002 (full 2):
 par new generation   total 153344K, used 153344K [0x0000000089400000, 0x0000000093a60000, 0x0000000093a60000)
  eden space 136320K, 100% used [0x0000000089400000, 0x0000000091920000, 0x0000000091920000)
  from space 17024K, 100% used [0x0000000091920000, 0x00000000929c0000, 0x00000000929c0000)
  to   space 17024K,   0% used [0x00000000929c0000, 0x00000000929c0000, 0x0000000093a60000)
 concurrent mark-sweep generation total 1775232K, used 1316481K [0x0000000093a60000, 0x0000000100000000, 0x0000000100000000)
 Metaspace       used 65982K, capacity 70489K, committed 70520K, reserved 1110016K
  class space    used 8141K, capacity 9161K, committed 9188K, reserved 1048576K
Event: 4055.713 GC heap after
Heap after GC invocations=1003 (full 2):
 par new generation   total 153344K, used 10173K [0x0000000089400000, 0x0000000093a60000, 0x0000000093a60000)
  eden space 136320K,   0% used [0x0000000089400000, 0x0000000089400000, 0x0000000091920000)
  from space 17024K,  59% used [0x00000000929c0000, 0x00000000933af450, 0x0000000093a60000)
  to   space 17024K,   0% used [0x0000000091920000, 0x0000000091920000, 0x00000000929c0000)
 concurrent mark-sweep generation total 1775232K, used 1320404K [0x0000000093a60000, 0x0000000100000000, 0x0000000100000000)
 Metaspace       used 65982K, capacity 70489K, committed 70520K, reserved 1110016K
  class space    used 8141K, capacity 9161K, committed 9188K, reserved 1048576K
}
Event: 4062.187 GC heap before
{Heap before GC invocations=1003 (full 2):
 par new generation   total 153344K, used 146493K [0x0000000089400000, 0x0000000093a60000, 0x0000000093a60000)
  eden space 136320K, 100% used [0x0000000089400000, 0x0000000091920000, 0x0000000091920000)
  from space 17024K,  59% used [0x00000000929c0000, 0x00000000933af450, 0x0000000093a60000)
  to   space 17024K,   0% used [0x0000000091920000, 0x0000000091920000, 0x00000000929c0000)
 concurrent mark-sweep generation total 1775232K, used 1320404K [0x0000000093a60000, 0x0000000100000000, 0x0000000100000000)
 Metaspace       used 65982K, capacity 70489K, committed 70520K, reserved 1110016K
  class space    used 8141K, capacity 9161K, committed 9188K, reserved 1048576K
Event: 4062.203 GC heap after
Heap after GC invocations=1004 (full 2):
 par new generation   total 153344K, used 11348K [0x0000000089400000, 0x0000000093a60000, 0x0000000093a60000)
  eden space 136320K,   0% used [0x0000000089400000, 0x0000000089400000, 0x0000000091920000)
  from space 17024K,  66% used [0x0000000091920000, 0x0000000092435050, 0x00000000929c0000)
  to   space 17024K,   0% used [0x00000000929c0000, 0x00000000929c0000, 0x0000000093a60000)
 concurrent mark-sweep generation total 1775232K, used 1320404K [0x0000000093a60000, 0x0000000100000000, 0x0000000100000000)
 Metaspace       used 65982K, capacity 70489K, committed 70520K, reserved 1110016K
  class space    used 8141K, capacity 9161K, committed 9188K, reserved 1048576K
}
Event: 4069.356 GC heap before
{Heap before GC invocations=1004 (full 2):
 par new generation   total 153344K, used 147668K [0x0000000089400000, 0x0000000093a60000, 0x0000000093a60000)
  eden space 136320K, 100% used [0x0000000089400000, 0x0000000091920000, 0x0000000091920000)
  from space 17024K,  66% used [0x0000000091920000, 0x0000000092435050, 0x00000000929c0000)
  to   space 17024K,   0% used [0x00000000929c0000, 0x00000000929c0000, 0x0000000093a60000)
 concurrent mark-sweep generation total 1775232K, used 1320404K [0x0000000093a60000, 0x0000000100000000, 0x0000000100000000)
 Metaspace       used 65982K, capacity 70489K, committed 70520K, reserved 1110016K
  class space    used 8141K, capacity 9161K, committed 9188K, reserved 1048576K
Event: 4069.379 GC heap after
Heap after GC invocations=1005 (full 2):
 par new generation   total 153344K, used 12252K [0x0000000089400000, 0x0000000093a60000, 0x0000000093a60000)
  eden space 136320K,   0% used [0x0000000089400000, 0x0000000089400000, 0x0000000091920000)
  from space 17024K,  71% used [0x00000000929c0000, 0x00000000935b7268, 0x0000000093a60000)
  to   space 17024K,   0% used [0x0000000091920000, 0x0000000091920000, 0x00000000929c0000)
 concurrent mark-sweep generation total 1775232K, used 1324206K [0x0000000093a60000, 0x0000000100000000, 0x0000000100000000)
 Metaspace       used 65982K, capacity 70489K, committed 70520K, reserved 1110016K
  class space    used 8141K, capacity 9161K, committed 9188K, reserved 1048576K
}
Event: 4076.764 GC heap before
{Heap before GC invocations=1005 (full 2):
 par new generation   total 153344K, used 148572K [0x0000000089400000, 0x0000000093a60000, 0x0000000093a60000)
  eden space 136320K, 100% used [0x0000000089400000, 0x0000000091920000, 0x0000000091920000)
  from space 17024K,  71% used [0x00000000929c0000, 0x00000000935b7268, 0x0000000093a60000)
  to   space 17024K,   0% used [0x0000000091920000, 0x0000000091920000, 0x00000000929c0000)
 concurrent mark-sweep generation total 1775232K, used 1324206K [0x0000000093a60000, 0x0000000100000000, 0x0000000100000000)
 Metaspace       used 65982K, capacity 70489K, committed 70520K, reserved 1110016K
  class space    used 8141K, capacity 9161K, committed 9188K, reserved 1048576K
Event: 4076.791 GC heap after
Heap after GC invocations=1006 (full 2):
 par new generation   total 153344K, used 15094K [0x0000000089400000, 0x0000000093a60000, 0x0000000093a60000)
  eden space 136320K,   0% used [0x0000000089400000, 0x0000000089400000, 0x0000000091920000)
  from space 17024K,  88% used [0x0000000091920000, 0x00000000927ddb20, 0x00000000929c0000)
  to   space 17024K,   0% used [0x00000000929c0000, 0x00000000929c0000, 0x0000000093a60000)
 concurrent mark-sweep generation total 1775232K, used 1329865K [0x0000000093a60000, 0x0000000100000000, 0x0000000100000000)
 Metaspace       used 65982K, capacity 70489K, committed 70520K, reserved 1110016K
  class space    used 8141K, capacity 9161K, committed 9188K, reserved 1048576K
}
Event: 4083.361 GC heap before
{Heap before GC invocations=1006 (full 2):
 par new generation   total 153344K, used 151414K [0x0000000089400000, 0x0000000093a60000, 0x0000000093a60000)
  eden space 136320K, 100% used [0x0000000089400000, 0x0000000091920000, 0x0000000091920000)
  from space 17024K,  88% used [0x0000000091920000, 0x00000000927ddb20, 0x00000000929c0000)
  to   space 17024K,   0% used [0x00000000929c0000, 0x00000000929c0000, 0x0000000093a60000)
 concurrent mark-sweep generation total 1775232K, used 1329865K [0x0000000093a60000, 0x0000000100000000, 0x0000000100000000)
 Metaspace       used 65982K, capacity 70489K, committed 70520K, reserved 1110016K
  class space    used 8141K, capacity 9161K, committed 9188K, reserved 1048576K
Event: 4083.385 GC heap after
Heap after GC invocations=1007 (full 2):
 par new generation   total 153344K, used 11575K [0x0000000089400000, 0x0000000093a60000, 0x0000000093a60000)
  eden space 136320K,   0% used [0x0000000089400000, 0x0000000089400000, 0x0000000091920000)
  from space 17024K,  67% used [0x00000000929c0000, 0x000000009350deb8, 0x0000000093a60000)
  to   space 17024K,   0% used [0x0000000091920000, 0x0000000091920000, 0x00000000929c0000)
 concurrent mark-sweep generation total 1775232K, used 1334659K [0x0000000093a60000, 0x0000000100000000, 0x0000000100000000)
 Metaspace       used 65982K, capacity 70489K, committed 70520K, reserved 1110016K
  class space    used 8141K, capacity 9161K, committed 9188K, reserved 1048576K
}
Event: 4089.960 GC heap before
{Heap before GC invocations=1007 (full 2):
 par new generation   total 153344K, used 147895K [0x0000000089400000, 0x0000000093a60000, 0x0000000093a60000)
  eden space 136320K, 100% used [0x0000000089400000, 0x0000000091920000, 0x0000000091920000)
  from space 17024K,  67% used [0x00000000929c0000, 0x000000009350deb8, 0x0000000093a60000)
  to   space 17024K,   0% used [0x0000000091920000, 0x0000000091920000, 0x00000000929c0000)
 concurrent mark-sweep generation total 1775232K, used 1334659K [0x0000000093a60000, 0x0000000100000000, 0x0000000100000000)
 Metaspace       used 65982K, capacity 70489K, committed 70520K, reserved 1110016K
  class space    used 8141K, capacity 9161K, committed 9188K, reserved 1048576K
Event: 4089.982 GC heap after
Heap after GC invocations=1008 (full 2):
 par new generation   total 153344K, used 17024K [0x0000000089400000, 0x0000000093a60000, 0x0000000093a60000)
  eden space 136320K,   0% used [0x0000000089400000, 0x0000000089400000, 0x0000000091920000)
  from space 17024K, 100% used [0x0000000091920000, 0x00000000929c0000, 0x00000000929c0000)
  to   space 17024K,   0% used [0x00000000929c0000, 0x00000000929c0000, 0x0000000093a60000)
 concurrent mark-sweep generation total 1775232K, used 1338265K [0x0000000093a60000, 0x0000000100000000, 0x0000000100000000)
 Metaspace       used 65982K, capacity 70489K, committed 70520K, reserved 1110016K
  class space    used 8141K, capacity 9161K, committed 9188K, reserved 1048576K
}
Event: 4096.299 GC heap before
{Heap before GC invocations=1008 (full 2):
 par new generation   total 153344K, used 153344K [0x0000000089400000, 0x0000000093a60000, 0x0000000093a60000)
  eden space 136320K, 100% used [0x0000000089400000, 0x0000000091920000, 0x0000000091920000)
  from space 17024K, 100% used [0x0000000091920000, 0x00000000929c0000, 0x00000000929c0000)
  to   space 17024K,   0% used [0x00000000929c0000, 0x00000000929c0000, 0x0000000093a60000)
 concurrent mark-sweep generation total 1775232K, used 1338265K [0x0000000093a60000, 0x0000000100000000, 0x0000000100000000)
 Metaspace       used 65982K, capacity 70489K, committed 70520K, reserved 1110016K
  class space    used 8141K, capacity 9161K, committed 9188K, reserved 1048576K
Event: 4096.322 GC heap after
Heap after GC invocations=1009 (full 2):
 par new generation   total 153344K, used 15485K [0x0000000089400000, 0x0000000093a60000, 0x0000000093a60000)
  eden space 136320K,   0% used [0x0000000089400000, 0x0000000089400000, 0x0000000091920000)
  from space 17024K,  90% used [0x00000000929c0000, 0x00000000938df608, 0x0000000093a60000)
  to   space 17024K,   0% used [0x0000000091920000, 0x0000000091920000, 0x00000000929c0000)
 concurrent mark-sweep generation total 1775232K, used 1343892K [0x0000000093a60000, 0x0000000100000000, 0x0000000100000000)
 Metaspace       used 65982K, capacity 70489K, committed 70520K, reserved 1110016K
  class space    used 8141K, capacity 9161K, committed 9188K, reserved 1048576K
}
Event: 4102.840 GC heap before
{Heap before GC invocations=1009 (full 2):
 par new generation   total 153344K, used 151805K [0x0000000089400000, 0x0000000093a60000, 0x0000000093a60000)
  eden space 136320K, 100% used [0x0000000089400000, 0x0000000091920000, 0x0000000091920000)
  from space 17024K,  90% used [0x00000000929c0000, 0x00000000938df608, 0x0000000093a60000)
  to   space 17024K,   0% used [0x0000000091920000, 0x0000000091920000, 0x00000000929c0000)
 concurrent mark-sweep generation total 1775232K, used 1343892K [0x0000000093a60000, 0x0000000100000000, 0x0000000100000000)
 Metaspace       used 65983K, capacity 70489K, committed 70520K, reserved 1110016K
  class space    used 8141K, capacity 9161K, committed 9188K, reserved 1048576K
Event: 4102.866 GC heap after
Heap after GC invocations=1010 (full 2):
 par new generation   total 153344K, used 14994K [0x0000000089400000, 0x0000000093a60000, 0x0000000093a60000)
  eden space 136320K,   0% used [0x0000000089400000, 0x0000000089400000, 0x0000000091920000)
  from space 17024K,  88% used [0x0000000091920000, 0x00000000927c49b0, 0x00000000929c0000)
  to   space 17024K,   0% used [0x00000000929c0000, 0x00000000929c0000, 0x0000000093a60000)
 concurrent mark-sweep generation total 1775232K, used 1348932K [0x0000000093a60000, 0x0000000100000000, 0x0000000100000000)
 Metaspace       used 65983K, capacity 70489K, committed 70520K, reserved 1110016K
  class space    used 8141K, capacity 9161K, committed 9188K, reserved 1048576K
}
Event: 4110.333 GC heap before
{Heap before GC invocations=1010 (full 2):
 par new generation   total 153344K, used 151314K [0x0000000089400000, 0x0000000093a60000, 0x0000000093a60000)
  eden space 136320K, 100% used [0x0000000089400000, 0x0000000091920000, 0x0000000091920000)
  from space 17024K,  88% used [0x0000000091920000, 0x00000000927c49b0, 0x00000000929c0000)
  to   space 17024K,   0% used [0x00000000929c0000, 0x00000000929c0000, 0x0000000093a60000)
 concurrent mark-sweep generation total 1775232K, used 1348932K [0x0000000093a60000, 0x0000000100000000, 0x0000000100000000)
 Metaspace       used 65984K, capacity 70489K, committed 70520K, reserved 1110016K
  class space    used 8141K, capacity 9161K, committed 9188K, reserved 1048576K
Event: 4110.353 GC heap after
Heap after GC invocations=1011 (full 2):
 par new generation   total 153344K, used 15198K [0x0000000089400000, 0x0000000093a60000, 0x0000000093a60000)
  eden space 136320K,   0% used [0x0000000089400000, 0x0000000089400000, 0x0000000091920000)
  from space 17024K,  89% used [0x00000000929c0000, 0x0000000093897a20, 0x0000000093a60000)
  to   space 17024K,   0% used [0x0000000091920000, 0x0000000091920000, 0x00000000929c0000)
 concurrent mark-sweep generation total 1775232K, used 1353528K [0x0000000093a60000, 0x0000000100000000, 0x0000000100000000)
 Metaspace       used 65984K, capacity 70489K, committed 70520K, reserved 1110016K
  class space    used 8141K, capacity 9161K, committed 9188K, reserved 1048576K
}
Event: 4117.701 GC heap before
{Heap before GC invocations=1011 (full 2):
 par new generation   total 153344K, used 151518K [0x0000000089400000, 0x0000000093a60000, 0x0000000093a60000)
  eden space 136320K, 100% used [0x0000000089400000, 0x0000000091920000, 0x0000000091920000)
  from space 17024K,  89% used [0x00000000929c0000, 0x0000000093897a20, 0x0000000093a60000)
  to   space 17024K,   0% used [0x0000000091920000, 0x0000000091920000, 0x00000000929c0000)
 concurrent mark-sweep generation total 1775232K, used 1353528K [0x0000000093a60000, 0x0000000100000000, 0x0000000100000000)
 Metaspace       used 65984K, capacity 70489K, committed 70520K, reserved 1110016K
  class space    used 8141K, capacity 9161K, committed 9188K, reserved 1048576K
Event: 4117.718 GC heap after
Heap after GC invocations=1012 (full 2):
 par new generation   total 153344K, used 14050K [0x0000000089400000, 0x0000000093a60000, 0x0000000093a60000)
  eden space 136320K,   0% used [0x0000000089400000, 0x0000000089400000, 0x0000000091920000)
  from space 17024K,  82% used [0x0000000091920000, 0x00000000926d8810, 0x00000000929c0000)
  to   space 17024K,   0% used [0x00000000929c0000, 0x00000000929c0000, 0x0000000093a60000)
 concurrent mark-sweep generation total 1775232K, used 1353528K [0x0000000093a60000, 0x0000000100000000, 0x0000000100000000)
 Metaspace       used 65984K, capacity 70489K, committed 70520K, reserved 1110016K
  class space    used 8141K, capacity 9161K, committed 9188K, reserved 1048576K
}
Event: 4124.140 GC heap before
{Heap before GC invocations=1012 (full 2):
 par new generation   total 153344K, used 150370K [0x0000000089400000, 0x0000000093a60000, 0x0000000093a60000)
  eden space 136320K, 100% used [0x0000000089400000, 0x0000000091920000, 0x0000000091920000)
  from space 17024K,  82% used [0x0000000091920000, 0x00000000926d8810, 0x00000000929c0000)
  to   space 17024K,   0% used [0x00000000929c0000, 0x00000000929c0000, 0x0000000093a60000)
 concurrent mark-sweep generation total 1775232K, used 1353528K [0x0000000093a60000, 0x0000000100000000, 0x0000000100000000)
 Metaspace       used 65984K, capacity 70489K, committed 70520K, reserved 1110016K
  class space    used 8141K, capacity 9161K, committed 9188K, reserved 1048576K
Event: 4124.164 GC heap after
Heap after GC invocations=1013 (full 2):
 par new generation   total 153344K, used 15405K [0x0000000089400000, 0x0000000093a60000, 0x0000000093a60000)
  eden space 136320K,   0% used [0x0000000089400000, 0x0000000089400000, 0x0000000091920000)
  from space 17024K,  90% used [0x00000000929c0000, 0x00000000938cb4a8, 0x0000000093a60000)
  to   space 17024K,   0% used [0x0000000091920000, 0x0000000091920000, 0x00000000929c0000)
 concurrent mark-sweep generation total 1775232K, used 1358874K [0x0000000093a60000, 0x0000000100000000, 0x0000000100000000)
 Metaspace       used 65984K, capacity 70489K, committed 70520K, reserved 1110016K
  class space    used 8141K, capacity 9161K, committed 9188K, reserved 1048576K
}
Event: 4131.912 GC heap before
{Heap before GC invocations=1013 (full 2):
 par new generation   total 153344K, used 151725K [0x0000000089400000, 0x0000000093a60000, 0x0000000093a60000)
  eden space 136320K, 100% used [0x0000000089400000, 0x0000000091920000, 0x0000000091920000)
  from space 17024K,  90% used [0x00000000929c0000, 0x00000000938cb4a8, 0x0000000093a60000)
  to   space 17024K,   0% used [0x0000000091920000, 0x0000000091920000, 0x00000000929c0000)
 concurrent mark-sweep generation total 1775232K, used 1358874K [0x0000000093a60000, 0x0000000100000000, 0x0000000100000000)
 Metaspace       used 65984K, capacity 70489K, committed 70520K, reserved 1110016K
  class space    used 8141K, capacity 9161K, committed 9188K, reserved 1048576K
Event: 4131.938 GC heap after
Heap after GC invocations=1014 (full 2):
 par new generation   total 153344K, used 10995K [0x0000000089400000, 0x0000000093a60000, 0x0000000093a60000)
  eden space 136320K,   0% used [0x0000000089400000, 0x0000000089400000, 0x0000000091920000)
  from space 17024K,  64% used [0x0000000091920000, 0x00000000923dcd28, 0x00000000929c0000)
  to   space 17024K,   0% used [0x00000000929c0000, 0x00000000929c0000, 0x0000000093a60000)
 concurrent mark-sweep generation total 1775232K, used 1364828K [0x0000000093a60000, 0x0000000100000000, 0x0000000100000000)
 Metaspace       used 65984K, capacity 70489K, committed 70520K, reserved 1110016K
  class space    used 8141K, capacity 9161K, committed 9188K, reserved 1048576K
}
Event: 4139.346 GC heap before
{Heap before GC invocations=1014 (full 2):
 par new generation   total 153344K, used 147315K [0x0000000089400000, 0x0000000093a60000, 0x0000000093a60000)
  eden space 136320K, 100% used [0x0000000089400000, 0x0000000091920000, 0x0000000091920000)
  from space 17024K,  64% used [0x0000000091920000, 0x00000000923dcd28, 0x00000000929c0000)
  to   space 17024K,   0% used [0x00000000929c0000, 0x00000000929c0000, 0x0000000093a60000)
 concurrent mark-sweep generation total 1775232K, used 1364828K [0x0000000093a60000, 0x0000000100000000, 0x0000000100000000)
 Metaspace       used 65984K, capacity 70489K, committed 70520K, reserved 1110016K
  class space    used 8141K, capacity 9161K, committed 9188K, reserved 1048576K
Event: 4139.363 GC heap after
Heap after GC invocations=1015 (full 2):
 par new generation   total 153344K, used 16635K [0x0000000089400000, 0x0000000093a60000, 0x0000000093a60000)
  eden space 136320K,   0% used [0x0000000089400000, 0x0000000089400000, 0x0000000091920000)
  from space 17024K,  97% used [0x00000000929c0000, 0x00000000939fed98, 0x0000000093a60000)
  to   space 17024K,   0% used [0x0000000091920000, 0x0000000091920000, 0x00000000929c0000)
 concurrent mark-sweep generation total 1775232K, used 1364828K [0x0000000093a60000, 0x0000000100000000, 0x0000000100000000)
 Metaspace       used 65984K, capacity 70489K, committed 70520K, reserved 1110016K
  class space    used 8141K, capacity 9161K, committed 9188K, reserved 1048576K
}
Event: 4145.809 GC heap before
{Heap before GC invocations=1015 (full 2):
 par new generation   total 153344K, used 152955K [0x0000000089400000, 0x0000000093a60000, 0x0000000093a60000)
  eden space 136320K, 100% used [0x0000000089400000, 0x0000000091920000, 0x0000000091920000)
  from space 17024K,  97% used [0x00000000929c0000, 0x00000000939fed98, 0x0000000093a60000)
  to   space 17024K,   0% used [0x0000000091920000, 0x0000000091920000, 0x00000000929c0000)
 concurrent mark-sweep generation total 1775232K, used 1364828K [0x0000000093a60000, 0x0000000100000000, 0x0000000100000000)
 Metaspace       used 65984K, capacity 70489K, committed 70520K, reserved 1110016K
  class space    used 8141K, capacity 9161K, committed 9188K, reserved 1048576K
Event: 4145.832 GC heap after
Heap after GC invocations=1016 (full 2):
 par new generation   total 153344K, used 15101K [0x0000000089400000, 0x0000000093a60000, 0x0000000093a60000)
  eden space 136320K,   0% used [0x0000000089400000, 0x0000000089400000, 0x0000000091920000)
  from space 17024K,  88% used [0x0000000091920000, 0x00000000927df710, 0x00000000929c0000)
  to   space 17024K,   0% used [0x00000000929c0000, 0x00000000929c0000, 0x0000000093a60000)
 concurrent mark-sweep generation total 1775232K, used 1369224K [0x0000000093a60000, 0x0000000100000000, 0x0000000100000000)
 Metaspace       used 65984K, capacity 70489K, committed 70520K, reserved 1110016K
  class space    used 8141K, capacity 9161K, committed 9188K, reserved 1048576K
}
Event: 4151.525 GC heap before
{Heap before GC invocations=1016 (full 2):
 par new generation   total 153344K, used 151421K [0x0000000089400000, 0x0000000093a60000, 0x0000000093a60000)
  eden space 136320K, 100% used [0x0000000089400000, 0x0000000091920000, 0x0000000091920000)
  from space 17024K,  88% used [0x0000000091920000, 0x00000000927df710, 0x00000000929c0000)
  to   space 17024K,   0% used [0x00000000929c0000, 0x00000000929c0000, 0x0000000093a60000)
 concurrent mark-sweep generation total 1775232K, used 1369224K [0x0000000093a60000, 0x0000000100000000, 0x0000000100000000)
 Metaspace       used 65987K, capacity 70489K, committed 70520K, reserved 1110016K
  class space    used 8141K, capacity 9161K, committed 9188K, reserved 1048576K
Event: 4151.580 GC heap after
Heap after GC invocations=1017 (full 2):
 par new generation   total 153344K, used 17024K [0x0000000089400000, 0x0000000093a60000, 0x0000000093a60000)
  eden space 136320K,   0% used [0x0000000089400000, 0x0000000089400000, 0x0000000091920000)
  from space 17024K, 100% used [0x00000000929c0000, 0x0000000093a60000, 0x0000000093a60000)
  to   space 17024K,   0% used [0x0000000091920000, 0x0000000091920000, 0x00000000929c0000)
 concurrent mark-sweep generation total 1775232K, used 1372141K [0x0000000093a60000, 0x0000000100000000, 0x0000000100000000)
 Metaspace       used 65987K, capacity 70489K, committed 70520K, reserved 1110016K
  class space    used 8141K, capacity 9161K, committed 9188K, reserved 1048576K
}
Event: 4157.337 GC heap before
{Heap before GC invocations=1017 (full 2):
 par new generation   total 153344K, used 153344K [0x0000000089400000, 0x0000000093a60000, 0x0000000093a60000)
  eden space 136320K, 100% used [0x0000000089400000, 0x0000000091920000, 0x0000000091920000)
  from space 17024K, 100% used [0x00000000929c0000, 0x0000000093a60000, 0x0000000093a60000)
  to   space 17024K,   0% used [0x0000000091920000, 0x0000000091920000, 0x00000000929c0000)
 concurrent mark-sweep generation total 1775232K, used 1372141K [0x0000000093a60000, 0x0000000100000000, 0x0000000100000000)
 Metaspace       used 65987K, capacity 70489K, committed 70520K, reserved 1110016K
  class space    used 8141K, capacity 9161K, committed 9188K, reserved 1048576K
Event: 4157.366 GC heap after
Heap after GC invocations=1018 (full 2):
 par new generation   total 153344K, used 17024K [0x0000000089400000, 0x0000000093a60000, 0x0000000093a60000)
  eden space 136320K,   0% used [0x0000000089400000, 0x0000000089400000, 0x0000000091920000)
  from space 17024K, 100% used [0x0000000091920000, 0x00000000929c0000, 0x00000000929c0000)
  to   space 17024K,   0% used [0x00000000929c0000, 0x00000000929c0000, 0x0000000093a60000)
 concurrent mark-sweep generation total 1775232K, used 1379439K [0x0000000093a60000, 0x0000000100000000, 0x0000000100000000)
 Metaspace       used 65987K, capacity 70489K, committed 70520K, reserved 1110016K
  class space    used 8141K, capacity 9161K, committed 9188K, reserved 1048576K
}
Event: 4163.402 GC heap before
{Heap before GC invocations=1018 (full 2):
 par new generation   total 153344K, used 153344K [0x0000000089400000, 0x0000000093a60000, 0x0000000093a60000)
  eden space 136320K, 100% used [0x0000000089400000, 0x0000000091920000, 0x0000000091920000)
  from space 17024K, 100% used [0x0000000091920000, 0x00000000929c0000, 0x00000000929c0000)
  to   space 17024K,   0% used [0x00000000929c0000, 0x00000000929c0000, 0x0000000093a60000)
 concurrent mark-sweep generation total 1775232K, used 1379439K [0x0000000093a60000, 0x0000000100000000, 0x0000000100000000)
 Metaspace       used 65987K, capacity 70489K, committed 70520K, reserved 1110016K
  class space    used 8141K, capacity 9161K, committed 9188K, reserved 1048576K
Event: 4163.429 GC heap after
Heap after GC invocations=1019 (full 2):
 par new generation   total 153344K, used 12719K [0x0000000089400000, 0x0000000093a60000, 0x0000000093a60000)
  eden space 136320K,   0% used [0x0000000089400000, 0x0000000089400000, 0x0000000091920000)
  from space 17024K,  74% used [0x00000000929c0000, 0x000000009362bd08, 0x0000000093a60000)
  to   space 17024K,   0% used [0x0000000091920000, 0x0000000091920000, 0x00000000929c0000)
 concurrent mark-sweep generation total 1775232K, used 1385969K [0x0000000093a60000, 0x0000000100000000, 0x0000000100000000)
 Metaspace       used 65987K, capacity 70489K, committed 70520K, reserved 1110016K
  class space    used 8141K, capacity 9161K, committed 9188K, reserved 1048576K
}
Event: 4169.286 GC heap before
{Heap before GC invocations=1019 (full 2):
 par new generation   total 153344K, used 149039K [0x0000000089400000, 0x0000000093a60000, 0x0000000093a60000)
  eden space 136320K, 100% used [0x0000000089400000, 0x0000000091920000, 0x0000000091920000)
  from space 17024K,  74% used [0x00000000929c0000, 0x000000009362bd08, 0x0000000093a60000)
  to   space 17024K,   0% used [0x0000000091920000, 0x0000000091920000, 0x00000000929c0000)
 concurrent mark-sweep generation total 1775232K, used 1385969K [0x0000000093a60000, 0x0000000100000000, 0x0000000100000000)
 Metaspace       used 65987K, capacity 70489K, committed 70520K, reserved 1110016K
  class space    used 8141K, capacity 9161K, committed 9188K, reserved 1048576K
Event: 4169.313 GC heap after
Heap after GC invocations=1020 (full 2):
 par new generation   total 153344K, used 17024K [0x0000000089400000, 0x0000000093a60000, 0x0000000093a60000)
  eden space 136320K,   0% used [0x0000000089400000, 0x0000000089400000, 0x0000000091920000)
  from space 17024K, 100% used [0x0000000091920000, 0x00000000929c0000, 0x00000000929c0000)
  to   space 17024K,   0% used [0x00000000929c0000, 0x00000000929c0000, 0x0000000093a60000)
 concurrent mark-sweep generation total 1775232K, used 1391490K [0x0000000093a60000, 0x0000000100000000, 0x0000000100000000)
 Metaspace       used 65987K, capacity 70489K, committed 70520K, reserved 1110016K
  class space    used 8141K, capacity 9161K, committed 9188K, reserved 1048576K
}
Event: 4175.588 GC heap before
{Heap before GC invocations=1020 (full 2):
 par new generation   total 153344K, used 153344K [0x0000000089400000, 0x0000000093a60000, 0x0000000093a60000)
  eden space 136320K, 100% used [0x0000000089400000, 0x0000000091920000, 0x0000000091920000)
  from space 17024K, 100% used [0x0000000091920000, 0x00000000929c0000, 0x00000000929c0000)
  to   space 17024K,   0% used [0x00000000929c0000, 0x00000000929c0000, 0x0000000093a60000)
 concurrent mark-sweep generation total 1775232K, used 1391490K [0x0000000093a60000, 0x0000000100000000, 0x0000000100000000)
 Metaspace       used 65987K, capacity 70489K, committed 70520K, reserved 1110016K
  class space    used 8141K, capacity 9161K, committed 9188K, reserved 1048576K
Event: 4175.661 GC heap after
Heap after GC invocations=1021 (full 2):
 par new generation   total 153344K, used 10772K [0x0000000089400000, 0x0000000093a60000, 0x0000000093a60000)
  eden space 136320K,   0% used [0x0000000089400000, 0x0000000089400000, 0x0000000091920000)
  from space 17024K,  63% used [0x00000000929c0000, 0x00000000934450c0, 0x0000000093a60000)
  to   space 17024K,   0% used [0x0000000091920000, 0x0000000091920000, 0x00000000929c0000)
 concurrent mark-sweep generation total 1775232K, used 1396841K [0x0000000093a60000, 0x0000000100000000, 0x0000000100000000)
 Metaspace       used 65987K, capacity 70489K, committed 70520K, reserved 1110016K
  class space    used 8141K, capacity 9161K, committed 9188K, reserved 1048576K
}
Event: 4182.444 GC heap before
{Heap before GC invocations=1021 (full 2):
 par new generation   total 153344K, used 147092K [0x0000000089400000, 0x0000000093a60000, 0x0000000093a60000)
  eden space 136320K, 100% used [0x0000000089400000, 0x0000000091920000, 0x0000000091920000)
  from space 17024K,  63% used [0x00000000929c0000, 0x00000000934450c0, 0x0000000093a60000)
  to   space 17024K,   0% used [0x0000000091920000, 0x0000000091920000, 0x00000000929c0000)
 concurrent mark-sweep generation total 1775232K, used 1396841K [0x0000000093a60000, 0x0000000100000000, 0x0000000100000000)
 Metaspace       used 65987K, capacity 70489K, committed 70520K, reserved 1110016K
  class space    used 8141K, capacity 9161K, committed 9188K, reserved 1048576K
Event: 4182.463 GC heap after
Heap after GC invocations=1022 (full 2):
 par new generation   total 153344K, used 9359K [0x0000000089400000, 0x0000000093a60000, 0x0000000093a60000)
  eden space 136320K,   0% used [0x0000000089400000, 0x0000000089400000, 0x0000000091920000)
  from space 17024K,  54% used [0x0000000091920000, 0x0000000092243f80, 0x00000000929c0000)
  to   space 17024K,   0% used [0x00000000929c0000, 0x00000000929c0000, 0x0000000093a60000)
 concurrent mark-sweep generation total 1775232K, used 1401869K [0x0000000093a60000, 0x0000000100000000, 0x0000000100000000)
 Metaspace       used 65987K, capacity 70489K, committed 70520K, reserved 1110016K
  class space    used 8141K, capacity 9161K, committed 9188K, reserved 1048576K
}
Event: 4188.935 GC heap before
{Heap before GC invocations=1022 (full 2):
 par new generation   total 153344K, used 145679K [0x0000000089400000, 0x0000000093a60000, 0x0000000093a60000)
  eden space 136320K, 100% used [0x0000000089400000, 0x0000000091920000, 0x0000000091920000)
  from space 17024K,  54% used [0x0000000091920000, 0x0000000092243f80, 0x00000000929c0000)
  to   space 17024K,   0% used [0x00000000929c0000, 0x00000000929c0000, 0x0000000093a60000)
 concurrent mark-sweep generation total 1775232K, used 1401869K [0x0000000093a60000, 0x0000000100000000, 0x0000000100000000)
 Metaspace       used 65987K, capacity 70489K, committed 70520K, reserved 1110016K
  class space    used 8141K, capacity 9161K, committed 9188K, reserved 1048576K
Event: 4188.951 GC heap after
Heap after GC invocations=1023 (full 2):
 par new generation   total 153344K, used 11093K [0x0000000089400000, 0x0000000093a60000, 0x0000000093a60000)
  eden space 136320K,   0% used [0x0000000089400000, 0x0000000089400000, 0x0000000091920000)
  from space 17024K,  65% used [0x00000000929c0000, 0x0000000093495448, 0x0000000093a60000)
  to   space 17024K,   0% used [0x0000000091920000, 0x0000000091920000, 0x00000000929c0000)
 concurrent mark-sweep generation total 1775232K, used 1401869K [0x0000000093a60000, 0x0000000100000000, 0x0000000100000000)
 Metaspace       used 65987K, capacity 70489K, committed 70520K, reserved 1110016K
  class space    used 8141K, capacity 9161K, committed 9188K, reserved 1048576K
}
Event: 4195.268 GC heap before
{Heap before GC invocations=1023 (full 2):
 par new generation   total 153344K, used 147413K [0x0000000089400000, 0x0000000093a60000, 0x0000000093a60000)
  eden space 136320K, 100% used [0x0000000089400000, 0x0000000091920000, 0x0000000091920000)
  from space 17024K,  65% used [0x00000000929c0000, 0x0000000093495448, 0x0000000093a60000)
  to   space 17024K,   0% used [0x0000000091920000, 0x0000000091920000, 0x00000000929c0000)
 concurrent mark-sweep generation total 1775232K, used 1401869K [0x0000000093a60000, 0x0000000100000000, 0x0000000100000000)
 Metaspace       used 65987K, capacity 70489K, committed 70520K, reserved 1110016K
  class space    used 8141K, capacity 9161K, committed 9188K, reserved 1048576K
Event: 4195.292 GC heap after
Heap after GC invocations=1024 (full 2):
 par new generation   total 153344K, used 11640K [0x0000000089400000, 0x0000000093a60000, 0x0000000093a60000)
  eden space 136320K,   0% used [0x0000000089400000, 0x0000000089400000, 0x0000000091920000)
  from space 17024K,  68% used [0x0000000091920000, 0x000000009247e128, 0x00000000929c0000)
  to   space 17024K,   0% used [0x00000000929c0000, 0x00000000929c0000, 0x0000000093a60000)
 concurrent mark-sweep generation total 1775232K, used 1405474K [0x0000000093a60000, 0x0000000100000000, 0x0000000100000000)
 Metaspace       used 65987K, capacity 70489K, committed 70520K, reserved 1110016K
  class space    used 8141K, capacity 9161K, committed 9188K, reserved 1048576K
}
Event: 4201.523 GC heap before
{Heap before GC invocations=1024 (full 2):
 par new generation   total 153344K, used 147960K [0x0000000089400000, 0x0000000093a60000, 0x0000000093a60000)
  eden space 136320K, 100% used [0x0000000089400000, 0x0000000091920000, 0x0000000091920000)
  from space 17024K,  68% used [0x0000000091920000, 0x000000009247e128, 0x00000000929c0000)
  to   space 17024K,   0% used [0x00000000929c0000, 0x00000000929c0000, 0x0000000093a60000)
 concurrent mark-sweep generation total 1775232K, used 1405474K [0x0000000093a60000, 0x0000000100000000, 0x0000000100000000)
 Metaspace       used 65987K, capacity 70489K, committed 70520K, reserved 1110016K
  class space    used 8141K, capacity 9161K, committed 9188K, reserved 1048576K
Event: 4201.543 GC heap after
Heap after GC invocations=1025 (full 2):
 par new generation   total 153344K, used 17024K [0x0000000089400000, 0x0000000093a60000, 0x0000000093a60000)
  eden space 136320K,   0% used [0x0000000089400000, 0x0000000089400000, 0x0000000091920000)
  from space 17024K, 100% used [0x00000000929c0000, 0x0000000093a60000, 0x0000000093a60000)
  to   space 17024K,   0% used [0x0000000091920000, 0x0000000091920000, 0x00000000929c0000)
 concurrent mark-sweep generation total 1775232K, used 1407094K [0x0000000093a60000, 0x0000000100000000, 0x0000000100000000)
 Metaspace       used 65987K, capacity 70489K, committed 70520K, reserved 1110016K
  class space    used 8141K, capacity 9161K, committed 9188K, reserved 1048576K
}
Event: 4207.637 GC heap before
{Heap before GC invocations=1025 (full 2):
 par new generation   total 153344K, used 153344K [0x0000000089400000, 0x0000000093a60000, 0x0000000093a60000)
  eden space 136320K, 100% used [0x0000000089400000, 0x0000000091920000, 0x0000000091920000)
  from space 17024K, 100% used [0x00000000929c0000, 0x0000000093a60000, 0x0000000093a60000)
  to   space 17024K,   0% used [0x0000000091920000, 0x0000000091920000, 0x00000000929c0000)
 concurrent mark-sweep generation total 1775232K, used 1407094K [0x0000000093a60000, 0x0000000100000000, 0x0000000100000000)
 Metaspace       used 65987K, capacity 70489K, committed 70520K, reserved 1110016K
  class space    used 8141K, capacity 9161K, committed 9188K, reserved 1048576K
Event: 4207.664 GC heap after
Heap after GC invocations=1026 (full 2):
 par new generation   total 153344K, used 11527K [0x0000000089400000, 0x0000000093a60000, 0x0000000093a60000)
  eden space 136320K,   0% used [0x0000000089400000, 0x0000000089400000, 0x0000000091920000)
  from space 17024K,  67% used [0x0000000091920000, 0x0000000092461dc0, 0x00000000929c0000)
  to   space 17024K,   0% used [0x00000000929c0000, 0x00000000929c0000, 0x0000000093a60000)
 concurrent mark-sweep generation total 1775232K, used 1414039K [0x0000000093a60000, 0x0000000100000000, 0x0000000100000000)
 Metaspace       used 65987K, capacity 70489K, committed 70520K, reserved 1110016K
  class space    used 8141K, capacity 9161K, committed 9188K, reserved 1048576K
}
Event: 4212.822 GC heap before
{Heap before GC invocations=1026 (full 2):
 par new generation   total 153344K, used 147847K [0x0000000089400000, 0x0000000093a60000, 0x0000000093a60000)
  eden space 136320K, 100% used [0x0000000089400000, 0x0000000091920000, 0x0000000091920000)
  from space 17024K,  67% used [0x0000000091920000, 0x0000000092461dc0, 0x00000000929c0000)
  to   space 17024K,   0% used [0x00000000929c0000, 0x00000000929c0000, 0x0000000093a60000)
 concurrent mark-sweep generation total 1775232K, used 1414039K [0x0000000093a60000, 0x0000000100000000, 0x0000000100000000)
 Metaspace       used 65993K, capacity 70489K, committed 70520K, reserved 1110016K
  class space    used 8141K, capacity 9161K, committed 9188K, reserved 1048576K
Event: 4212.877 GC heap after
Heap after GC invocations=1027 (full 2):
 par new generation   total 153344K, used 17024K [0x0000000089400000, 0x0000000093a60000, 0x0000000093a60000)
  eden space 136320K,   0% used [0x0000000089400000, 0x0000000089400000, 0x0000000091920000)
  from space 17024K, 100% used [0x00000000929c0000, 0x0000000093a60000, 0x0000000093a60000)
  to   space 17024K,   0% used [0x0000000091920000, 0x0000000091920000, 0x00000000929c0000)
 concurrent mark-sweep generation total 1775232K, used 1419427K [0x0000000093a60000, 0x0000000100000000, 0x0000000100000000)
 Metaspace       used 65993K, capacity 70489K, committed 70520K, reserved 1110016K
  class space    used 8141K, capacity 9161K, committed 9188K, reserved 1048576K
}

