# JRE version: OpenJDK Runtime Environment (8.0_191-b12) (build 1.8.0_191-b12)
# Java VM: OpenJDK 64-Bit Server VM (25.191-b12 mixed mode linux-amd64 compressed oops)
Heap:
 par new generation   total 153344K, used 72636K [0x0000000089400000, 0x0000000093a60000, 0x0000000093a60000)
  eden space 136320K,  47% used [0x0000000089400000, 0x000000008d293360, 0x0000000091920000)
  from space 17024K,  50% used [0x00000000929c0000, 0x000000009321bf10, 0x0000000093a60000)
  to   space 17024K,   0% used [0x0000000091920000, 0x0000000091920000, 0x00000000929c0000)
 concurrent mark-sweep generation total 1775232K, used 1439859K [0x0000000093a60000, 0x0000000100000000, 0x0000000100000000)
 Metaspace       used 65828K, capacity 70301K, committed 70616K, reserved 1110016K
  class space    used 8123K, capacity 9156K, committed 9264K, reserved 1048576K
GC Heap History (250 events):
Event: 2988.322 GC heap before
{Heap before GC invocations=1248 (full 2):
 par new generation   total 153344K, used 140296K [0x0000000089400000, 0x0000000093a60000, 0x0000000093a60000)
  eden space 136320K, 100% used [0x0000000089400000, 0x0000000091920000, 0x0000000091920000)
  from space 17024K,  23% used [0x0000000091920000, 0x0000000091d023e8, 0x00000000929c0000)
  to   space 17024K,   0% used [0x00000000929c0000, 0x00000000929c0000, 0x0000000093a60000)
 concurrent mark-sweep generation total 1775232K, used 1404453K [0x0000000093a60000, 0x0000000100000000, 0x0000000100000000)
 Metaspace       used 65713K, capacity 70179K, committed 70360K, reserved 1110016K
  class space    used 8112K, capacity 9147K, committed 9264K, reserved 1048576K
Event: 2988.333 GC heap after
Heap after GC invocations=1249 (full 2):
 par new generation   total 153344K, used 2909K [0x0000000089400000, 0x0000000093a60000, 0x0000000093a60000)
  eden space 136320K,   0% used [0x0000000089400000, 0x0000000089400000, 0x0000000091920000)
  from space 17024K,  17% used [0x00000000929c0000, 0x0000000092c97458, 0x0000000093a60000)
  to   space 17024K,   0% used [0x0000000091920000, 0x0000000091920000, 0x00000000929c0000)
 concurrent mark-sweep generation total 1775232K, used 1404605K [0x0000000093a60000, 0x0000000100000000, 0x0000000100000000)
 Metaspace       used 65713K, capacity 70179K, committed 70360K, reserved 1110016K
  class space    used 8112K, capacity 9147K, committed 9264K, reserved 1048576K
}
Event: 2990.226 GC heap before
{Heap before GC invocations=1249 (full 2):
 par new generation   total 153344K, used 139229K [0x0000000089400000, 0x0000000093a60000, 0x0000000093a60000)
  eden space 136320K, 100% used [0x0000000089400000, 0x0000000091920000, 0x0000000091920000)
  from space 17024K,  17% used [0x00000000929c0000, 0x0000000092c97458, 0x0000000093a60000)
  to   space 17024K,   0% used [0x0000000091920000, 0x0000000091920000, 0x00000000929c0000)
 concurrent mark-sweep generation total 1775232K, used 1404605K [0x0000000093a60000, 0x0000000100000000, 0x0000000100000000)
 Metaspace       used 65713K, capacity 70179K, committed 70360K, reserved 1110016K
  class space    used 8112K, capacity 9147K, committed 9264K, reserved 1048576K
Event: 2990.237 GC heap after
Heap after GC invocations=1250 (full 2):
 par new generation   total 153344K, used 2274K [0x0000000089400000, 0x0000000093a60000, 0x0000000093a60000)
  eden space 136320K,   0% used [0x0000000089400000, 0x0000000089400000, 0x0000000091920000)
  from space 17024K,  13% used [0x0000000091920000, 0x0000000091b58b60, 0x00000000929c0000)
  to   space 17024K,   0% used [0x00000000929c0000, 0x00000000929c0000, 0x0000000093a60000)
 concurrent mark-sweep generation total 1775232K, used 1404808K [0x0000000093a60000, 0x0000000100000000, 0x0000000100000000)
 Metaspace       used 65713K, capacity 70179K, committed 70360K, reserved 1110016K
  class space    used 8112K, capacity 9147K, committed 9264K, reserved 1048576K
}
Event: 2991.927 GC heap before
{Heap before GC invocations=1250 (full 2):
 par new generation   total 153344K, used 138594K [0x0000000089400000, 0x0000000093a60000, 0x0000000093a60000)
  eden space 136320K, 100% used [0x0000000089400000, 0x0000000091920000, 0x0000000091920000)
  from space 17024K,  13% used [0x0000000091920000, 0x0000000091b58b60, 0x00000000929c0000)
  to   space 17024K,   0% used [0x00000000929c0000, 0x00000000929c0000, 0x0000000093a60000)
 concurrent mark-sweep generation total 1775232K, used 1404808K [0x0000000093a60000, 0x0000000100000000, 0x0000000100000000)
 Metaspace       used 65713K, capacity 70179K, committed 70360K, reserved 1110016K
  class space    used 8112K, capacity 9147K, committed 9264K, reserved 1048576K
Event: 2991.937 GC heap after
Heap after GC invocations=1251 (full 2):
 par new generation   total 153344K, used 1801K [0x0000000089400000, 0x0000000093a60000, 0x0000000093a60000)
  eden space 136320K,   0% used [0x0000000089400000, 0x0000000089400000, 0x0000000091920000)
  from space 17024K,  10% used [0x00000000929c0000, 0x0000000092b824c0, 0x0000000093a60000)
  to   space 17024K,   0% used [0x0000000091920000, 0x0000000091920000, 0x00000000929c0000)
 concurrent mark-sweep generation total 1775232K, used 1405021K [0x0000000093a60000, 0x0000000100000000, 0x0000000100000000)
 Metaspace       used 65713K, capacity 70179K, committed 70360K, reserved 1110016K
  class space    used 8112K, capacity 9147K, committed 9264K, reserved 1048576K
}
Event: 2993.628 GC heap before
{Heap before GC invocations=1251 (full 2):
 par new generation   total 153344K, used 138121K [0x0000000089400000, 0x0000000093a60000, 0x0000000093a60000)
  eden space 136320K, 100% used [0x0000000089400000, 0x0000000091920000, 0x0000000091920000)
  from space 17024K,  10% used [0x00000000929c0000, 0x0000000092b824c0, 0x0000000093a60000)
  to   space 17024K,   0% used [0x0000000091920000, 0x0000000091920000, 0x00000000929c0000)
 concurrent mark-sweep generation total 1775232K, used 1405021K [0x0000000093a60000, 0x0000000100000000, 0x0000000100000000)
 Metaspace       used 65713K, capacity 70179K, committed 70360K, reserved 1110016K
  class space    used 8112K, capacity 9147K, committed 9264K, reserved 1048576K
Event: 2993.638 GC heap after
Heap after GC invocations=1252 (full 2):
 par new generation   total 153344K, used 1227K [0x0000000089400000, 0x0000000093a60000, 0x0000000093a60000)
  eden space 136320K,   0% used [0x0000000089400000, 0x0000000089400000, 0x0000000091920000)
  from space 17024K,   7% used [0x0000000091920000, 0x0000000091a52f18, 0x00000000929c0000)
  to   space 17024K,   0% used [0x00000000929c0000, 0x00000000929c0000, 0x0000000093a60000)
 concurrent mark-sweep generation total 1775232K, used 1405106K [0x0000000093a60000, 0x0000000100000000, 0x0000000100000000)
 Metaspace       used 65713K, capacity 70179K, committed 70360K, reserved 1110016K
  class space    used 8112K, capacity 9147K, committed 9264K, reserved 1048576K
}
Event: 2995.826 GC heap before
{Heap before GC invocations=1252 (full 2):
 par new generation   total 153344K, used 137547K [0x0000000089400000, 0x0000000093a60000, 0x0000000093a60000)
  eden space 136320K, 100% used [0x0000000089400000, 0x0000000091920000, 0x0000000091920000)
  from space 17024K,   7% used [0x0000000091920000, 0x0000000091a52f18, 0x00000000929c0000)
  to   space 17024K,   0% used [0x00000000929c0000, 0x00000000929c0000, 0x0000000093a60000)
 concurrent mark-sweep generation total 1775232K, used 1405106K [0x0000000093a60000, 0x0000000100000000, 0x0000000100000000)
 Metaspace       used 65713K, capacity 70179K, committed 70360K, reserved 1110016K
  class space    used 8112K, capacity 9147K, committed 9264K, reserved 1048576K
Event: 2995.835 GC heap after
Heap after GC invocations=1253 (full 2):
 par new generation   total 153344K, used 911K [0x0000000089400000, 0x0000000093a60000, 0x0000000093a60000)
  eden space 136320K,   0% used [0x0000000089400000, 0x0000000089400000, 0x0000000091920000)
  from space 17024K,   5% used [0x00000000929c0000, 0x0000000092aa3f90, 0x0000000093a60000)
  to   space 17024K,   0% used [0x0000000091920000, 0x0000000091920000, 0x00000000929c0000)
 concurrent mark-sweep generation total 1775232K, used 1405203K [0x0000000093a60000, 0x0000000100000000, 0x0000000100000000)
 Metaspace       used 65713K, capacity 70179K, committed 70360K, reserved 1110016K
  class space    used 8112K, capacity 9147K, committed 9264K, reserved 1048576K
}
Event: 2998.564 GC heap before
{Heap before GC invocations=1253 (full 2):
 par new generation   total 153344K, used 137231K [0x0000000089400000, 0x0000000093a60000, 0x0000000093a60000)
  eden space 136320K, 100% used [0x0000000089400000, 0x0000000091920000, 0x0000000091920000)
  from space 17024K,   5% used [0x00000000929c0000, 0x0000000092aa3f90, 0x0000000093a60000)
  to   space 17024K,   0% used [0x0000000091920000, 0x0000000091920000, 0x00000000929c0000)
 concurrent mark-sweep generation total 1775232K, used 1405203K [0x0000000093a60000, 0x0000000100000000, 0x0000000100000000)
 Metaspace       used 65713K, capacity 70179K, committed 70360K, reserved 1110016K
  class space    used 8112K, capacity 9147K, committed 9264K, reserved 1048576K
Event: 2998.573 GC heap after
Heap after GC invocations=1254 (full 2):
 par new generation   total 153344K, used 1226K [0x0000000089400000, 0x0000000093a60000, 0x0000000093a60000)
  eden space 136320K,   0% used [0x0000000089400000, 0x0000000089400000, 0x0000000091920000)
  from space 17024K,   7% used [0x0000000091920000, 0x0000000091a529c0, 0x00000000929c0000)
  to   space 17024K,   0% used [0x00000000929c0000, 0x00000000929c0000, 0x0000000093a60000)
 concurrent mark-sweep generation total 1775232K, used 1405227K [0x0000000093a60000, 0x0000000100000000, 0x0000000100000000)
 Metaspace       used 65713K, capacity 70179K, committed 70360K, reserved 1110016K
  class space    used 8112K, capacity 9147K, committed 9264K, reserved 1048576K
}
Event: 3001.179 GC heap before
{Heap before GC invocations=1254 (full 2):
 par new generation   total 153344K, used 137546K [0x0000000089400000, 0x0000000093a60000, 0x0000000093a60000)
  eden space 136320K, 100% used [0x0000000089400000, 0x0000000091920000, 0x0000000091920000)
  from space 17024K,   7% used [0x0000000091920000, 0x0000000091a529c0, 0x00000000929c0000)
  to   space 17024K,   0% used [0x00000000929c0000, 0x00000000929c0000, 0x0000000093a60000)
 concurrent mark-sweep generation total 1775232K, used 1405227K [0x0000000093a60000, 0x0000000100000000, 0x0000000100000000)
 Metaspace       used 65713K, capacity 70179K, committed 70360K, reserved 1110016K
  class space    used 8112K, capacity 9147K, committed 9264K, reserved 1048576K
Event: 3001.190 GC heap after
Heap after GC invocations=1255 (full 2):
 par new generation   total 153344K, used 1303K [0x0000000089400000, 0x0000000093a60000, 0x0000000093a60000)
  eden space 136320K,   0% used [0x0000000089400000, 0x0000000089400000, 0x0000000091920000)
  from space 17024K,   7% used [0x00000000929c0000, 0x0000000092b05cf8, 0x0000000093a60000)
  to   space 17024K,   0% used [0x0000000091920000, 0x0000000091920000, 0x00000000929c0000)
 concurrent mark-sweep generation total 1775232K, used 1405447K [0x0000000093a60000, 0x0000000100000000, 0x0000000100000000)
 Metaspace       used 65713K, capacity 70179K, committed 70360K, reserved 1110016K
  class space    used 8112K, capacity 9147K, committed 9264K, reserved 1048576K
}
Event: 3003.880 GC heap before
{Heap before GC invocations=1255 (full 2):
 par new generation   total 153344K, used 137623K [0x0000000089400000, 0x0000000093a60000, 0x0000000093a60000)
  eden space 136320K, 100% used [0x0000000089400000, 0x0000000091920000, 0x0000000091920000)
  from space 17024K,   7% used [0x00000000929c0000, 0x0000000092b05cf8, 0x0000000093a60000)
  to   space 17024K,   0% used [0x0000000091920000, 0x0000000091920000, 0x00000000929c0000)
 concurrent mark-sweep generation total 1775232K, used 1405447K [0x0000000093a60000, 0x0000000100000000, 0x0000000100000000)
 Metaspace       used 65713K, capacity 70179K, committed 70360K, reserved 1110016K
  class space    used 8112K, capacity 9147K, committed 9264K, reserved 1048576K
Event: 3003.890 GC heap after
Heap after GC invocations=1256 (full 2):
 par new generation   total 153344K, used 1409K [0x0000000089400000, 0x0000000093a60000, 0x0000000093a60000)
  eden space 136320K,   0% used [0x0000000089400000, 0x0000000089400000, 0x0000000091920000)
  from space 17024K,   8% used [0x0000000091920000, 0x0000000091a80530, 0x00000000929c0000)
  to   space 17024K,   0% used [0x00000000929c0000, 0x00000000929c0000, 0x0000000093a60000)
 concurrent mark-sweep generation total 1775232K, used 1405527K [0x0000000093a60000, 0x0000000100000000, 0x0000000100000000)
 Metaspace       used 65713K, capacity 70179K, committed 70360K, reserved 1110016K
  class space    used 8112K, capacity 9147K, committed 9264K, reserved 1048576K
}
Event: 3006.685 GC heap before
{Heap before GC invocations=1256 (full 2):
 par new generation   total 153344K, used 137729K [0x0000000089400000, 0x0000000093a60000, 0x0000000093a60000)
  eden space 136320K, 100% used [0x0000000089400000, 0x0000000091920000, 0x0000000091920000)
  from space 17024K,   8% used [0x0000000091920000, 0x0000000091a80530, 0x00000000929c0000)
  to   space 17024K,   0% used [0x00000000929c0000, 0x00000000929c0000, 0x0000000093a60000)
 concurrent mark-sweep generation total 1775232K, used 1405527K [0x0000000093a60000, 0x0000000100000000, 0x0000000100000000)
 Metaspace       used 65713K, capacity 70179K, committed 70360K, reserved 1110016K
  class space    used 8112K, capacity 9147K, committed 9264K, reserved 1048576K
Event: 3006.694 GC heap after
Heap after GC invocations=1257 (full 2):
 par new generation   total 153344K, used 1524K [0x0000000089400000, 0x0000000093a60000, 0x0000000093a60000)
  eden space 136320K,   0% used [0x0000000089400000, 0x0000000089400000, 0x0000000091920000)
  from space 17024K,   8% used [0x00000000929c0000, 0x0000000092b3d150, 0x0000000093a60000)
  to   space 17024K,   0% used [0x0000000091920000, 0x0000000091920000, 0x00000000929c0000)
 concurrent mark-sweep generation total 1775232K, used 1405571K [0x0000000093a60000, 0x0000000100000000, 0x0000000100000000)
 Metaspace       used 65713K, capacity 70179K, committed 70360K, reserved 1110016K
  class space    used 8112K, capacity 9147K, committed 9264K, reserved 1048576K
}
Event: 3009.579 GC heap before
{Heap before GC invocations=1257 (full 2):
 par new generation   total 153344K, used 137844K [0x0000000089400000, 0x0000000093a60000, 0x0000000093a60000)
  eden space 136320K, 100% used [0x0000000089400000, 0x0000000091920000, 0x0000000091920000)
  from space 17024K,   8% used [0x00000000929c0000, 0x0000000092b3d150, 0x0000000093a60000)
  to   space 17024K,   0% used [0x0000000091920000, 0x0000000091920000, 0x00000000929c0000)
 concurrent mark-sweep generation total 1775232K, used 1405571K [0x0000000093a60000, 0x0000000100000000, 0x0000000100000000)
 Metaspace       used 65714K, capacity 70179K, committed 70360K, reserved 1110016K
  class space    used 8112K, capacity 9147K, committed 9264K, reserved 1048576K
Event: 3009.588 GC heap after
Heap after GC invocations=1258 (full 2):
 par new generation   total 153344K, used 1184K [0x0000000089400000, 0x0000000093a60000, 0x0000000093a60000)
  eden space 136320K,   0% used [0x0000000089400000, 0x0000000089400000, 0x0000000091920000)
  from space 17024K,   6% used [0x0000000091920000, 0x0000000091a481a0, 0x00000000929c0000)
  to   space 17024K,   0% used [0x00000000929c0000, 0x00000000929c0000, 0x0000000093a60000)
 concurrent mark-sweep generation total 1775232K, used 1405603K [0x0000000093a60000, 0x0000000100000000, 0x0000000100000000)
 Metaspace       used 65714K, capacity 70179K, committed 70360K, reserved 1110016K
  class space    used 8112K, capacity 9147K, committed 9264K, reserved 1048576K
}
Event: 3012.280 GC heap before
{Heap before GC invocations=1258 (full 2):
 par new generation   total 153344K, used 137504K [0x0000000089400000, 0x0000000093a60000, 0x0000000093a60000)
  eden space 136320K, 100% used [0x0000000089400000, 0x0000000091920000, 0x0000000091920000)
  from space 17024K,   6% used [0x0000000091920000, 0x0000000091a481a0, 0x00000000929c0000)
  to   space 17024K,   0% used [0x00000000929c0000, 0x00000000929c0000, 0x0000000093a60000)
 concurrent mark-sweep generation total 1775232K, used 1405603K [0x0000000093a60000, 0x0000000100000000, 0x0000000100000000)
 Metaspace       used 65714K, capacity 70179K, committed 70360K, reserved 1110016K
  class space    used 8112K, capacity 9147K, committed 9264K, reserved 1048576K
Event: 3012.290 GC heap after
Heap after GC invocations=1259 (full 2):
 par new generation   total 153344K, used 1829K [0x0000000089400000, 0x0000000093a60000, 0x0000000093a60000)
  eden space 136320K,   0% used [0x0000000089400000, 0x0000000089400000, 0x0000000091920000)
  from space 17024K,  10% used [0x00000000929c0000, 0x0000000092b894a0, 0x0000000093a60000)
  to   space 17024K,   0% used [0x0000000091920000, 0x0000000091920000, 0x00000000929c0000)
 concurrent mark-sweep generation total 1775232K, used 1405656K [0x0000000093a60000, 0x0000000100000000, 0x0000000100000000)
 Metaspace       used 65714K, capacity 70179K, committed 70360K, reserved 1110016K
  class space    used 8112K, capacity 9147K, committed 9264K, reserved 1048576K
}
Event: 3015.032 GC heap before
{Heap before GC invocations=1259 (full 2):
 par new generation   total 153344K, used 138149K [0x0000000089400000, 0x0000000093a60000, 0x0000000093a60000)
  eden space 136320K, 100% used [0x0000000089400000, 0x0000000091920000, 0x0000000091920000)
  from space 17024K,  10% used [0x00000000929c0000, 0x0000000092b894a0, 0x0000000093a60000)
  to   space 17024K,   0% used [0x0000000091920000, 0x0000000091920000, 0x00000000929c0000)
 concurrent mark-sweep generation total 1775232K, used 1405656K [0x0000000093a60000, 0x0000000100000000, 0x0000000100000000)
 Metaspace       used 65714K, capacity 70179K, committed 70360K, reserved 1110016K
  class space    used 8112K, capacity 9147K, committed 9264K, reserved 1048576K
Event: 3015.041 GC heap after
Heap after GC invocations=1260 (full 2):
 par new generation   total 153344K, used 2107K [0x0000000089400000, 0x0000000093a60000, 0x0000000093a60000)
  eden space 136320K,   0% used [0x0000000089400000, 0x0000000089400000, 0x0000000091920000)
  from space 17024K,  12% used [0x0000000091920000, 0x0000000091b2ed00, 0x00000000929c0000)
  to   space 17024K,   0% used [0x00000000929c0000, 0x00000000929c0000, 0x0000000093a60000)
 concurrent mark-sweep generation total 1775232K, used 1405662K [0x0000000093a60000, 0x0000000100000000, 0x0000000100000000)
 Metaspace       used 65714K, capacity 70179K, committed 70360K, reserved 1110016K
  class space    used 8112K, capacity 9147K, committed 9264K, reserved 1048576K
}
Event: 3017.680 GC heap before
{Heap before GC invocations=1260 (full 2):
 par new generation   total 153344K, used 138427K [0x0000000089400000, 0x0000000093a60000, 0x0000000093a60000)
  eden space 136320K, 100% used [0x0000000089400000, 0x0000000091920000, 0x0000000091920000)
  from space 17024K,  12% used [0x0000000091920000, 0x0000000091b2ed00, 0x00000000929c0000)
  to   space 17024K,   0% used [0x00000000929c0000, 0x00000000929c0000, 0x0000000093a60000)
 concurrent mark-sweep generation total 1775232K, used 1405662K [0x0000000093a60000, 0x0000000100000000, 0x0000000100000000)
 Metaspace       used 65714K, capacity 70179K, committed 70360K, reserved 1110016K
  class space    used 8112K, capacity 9147K, committed 9264K, reserved 1048576K
Event: 3017.690 GC heap after
Heap after GC invocations=1261 (full 2):
 par new generation   total 153344K, used 1430K [0x0000000089400000, 0x0000000093a60000, 0x0000000093a60000)
  eden space 136320K,   0% used [0x0000000089400000, 0x0000000089400000, 0x0000000091920000)
  from space 17024K,   8% used [0x00000000929c0000, 0x0000000092b25ad0, 0x0000000093a60000)
  to   space 17024K,   0% used [0x0000000091920000, 0x0000000091920000, 0x00000000929c0000)
 concurrent mark-sweep generation total 1775232K, used 1405938K [0x0000000093a60000, 0x0000000100000000, 0x0000000100000000)
 Metaspace       used 65714K, capacity 70179K, committed 70360K, reserved 1110016K
  class space    used 8112K, capacity 9147K, committed 9264K, reserved 1048576K
}
Event: 3020.131 GC heap before
{Heap before GC invocations=1261 (full 2):
 par new generation   total 153344K, used 137750K [0x0000000089400000, 0x0000000093a60000, 0x0000000093a60000)
  eden space 136320K, 100% used [0x0000000089400000, 0x0000000091920000, 0x0000000091920000)
  from space 17024K,   8% used [0x00000000929c0000, 0x0000000092b25ad0, 0x0000000093a60000)
  to   space 17024K,   0% used [0x0000000091920000, 0x0000000091920000, 0x00000000929c0000)
 concurrent mark-sweep generation total 1775232K, used 1405938K [0x0000000093a60000, 0x0000000100000000, 0x0000000100000000)
 Metaspace       used 65714K, capacity 70179K, committed 70360K, reserved 1110016K
  class space    used 8112K, capacity 9147K, committed 9264K, reserved 1048576K
Event: 3020.142 GC heap after
Heap after GC invocations=1262 (full 2):
 par new generation   total 153344K, used 1966K [0x0000000089400000, 0x0000000093a60000, 0x0000000093a60000)
  eden space 136320K,   0% used [0x0000000089400000, 0x0000000089400000, 0x0000000091920000)
  from space 17024K,  11% used [0x0000000091920000, 0x0000000091b0bb10, 0x00000000929c0000)
  to   space 17024K,   0% used [0x00000000929c0000, 0x00000000929c0000, 0x0000000093a60000)
 concurrent mark-sweep generation total 1775232K, used 1406146K [0x0000000093a60000, 0x0000000100000000, 0x0000000100000000)
 Metaspace       used 65714K, capacity 70179K, committed 70360K, reserved 1110016K
  class space    used 8112K, capacity 9147K, committed 9264K, reserved 1048576K
}
Event: 3022.729 GC heap before
{Heap before GC invocations=1262 (full 2):
 par new generation   total 153344K, used 138286K [0x0000000089400000, 0x0000000093a60000, 0x0000000093a60000)
  eden space 136320K, 100% used [0x0000000089400000, 0x0000000091920000, 0x0000000091920000)
  from space 17024K,  11% used [0x0000000091920000, 0x0000000091b0bb10, 0x00000000929c0000)
  to   space 17024K,   0% used [0x00000000929c0000, 0x00000000929c0000, 0x0000000093a60000)
 concurrent mark-sweep generation total 1775232K, used 1406146K [0x0000000093a60000, 0x0000000100000000, 0x0000000100000000)
 Metaspace       used 65715K, capacity 70179K, committed 70360K, reserved 1110016K
  class space    used 8112K, capacity 9147K, committed 9264K, reserved 1048576K
Event: 3022.739 GC heap after
Heap after GC invocations=1263 (full 2):
 par new generation   total 153344K, used 2642K [0x0000000089400000, 0x0000000093a60000, 0x0000000093a60000)
  eden space 136320K,   0% used [0x0000000089400000, 0x0000000089400000, 0x0000000091920000)
  from space 17024K,  15% used [0x00000000929c0000, 0x0000000092c54968, 0x0000000093a60000)
  to   space 17024K,   0% used [0x0000000091920000, 0x0000000091920000, 0x00000000929c0000)
 concurrent mark-sweep generation total 1775232K, used 1406172K [0x0000000093a60000, 0x0000000100000000, 0x0000000100000000)
 Metaspace       used 65715K, capacity 70179K, committed 70360K, reserved 1110016K
  class space    used 8112K, capacity 9147K, committed 9264K, reserved 1048576K
}
Event: 3025.084 GC heap before
{Heap before GC invocations=1263 (full 2):
 par new generation   total 153344K, used 138962K [0x0000000089400000, 0x0000000093a60000, 0x0000000093a60000)
  eden space 136320K, 100% used [0x0000000089400000, 0x0000000091920000, 0x0000000091920000)
  from space 17024K,  15% used [0x00000000929c0000, 0x0000000092c54968, 0x0000000093a60000)
  to   space 17024K,   0% used [0x0000000091920000, 0x0000000091920000, 0x00000000929c0000)
 concurrent mark-sweep generation total 1775232K, used 1406172K [0x0000000093a60000, 0x0000000100000000, 0x0000000100000000)
 Metaspace       used 65718K, capacity 70185K, committed 70360K, reserved 1110016K
  class space    used 8112K, capacity 9148K, committed 9264K, reserved 1048576K
Event: 3025.094 GC heap after
Heap after GC invocations=1264 (full 2):
 par new generation   total 153344K, used 3416K [0x0000000089400000, 0x0000000093a60000, 0x0000000093a60000)
  eden space 136320K,   0% used [0x0000000089400000, 0x0000000089400000, 0x0000000091920000)
  from space 17024K,  20% used [0x0000000091920000, 0x0000000091c760c0, 0x00000000929c0000)
  to   space 17024K,   0% used [0x00000000929c0000, 0x00000000929c0000, 0x0000000093a60000)
 concurrent mark-sweep generation total 1775232K, used 1406270K [0x0000000093a60000, 0x0000000100000000, 0x0000000100000000)
 Metaspace       used 65718K, capacity 70185K, committed 70360K, reserved 1110016K
  class space    used 8112K, capacity 9148K, committed 9264K, reserved 1048576K
}
Event: 3026.990 GC heap before
{Heap before GC invocations=1264 (full 2):
 par new generation   total 153344K, used 139736K [0x0000000089400000, 0x0000000093a60000, 0x0000000093a60000)
  eden space 136320K, 100% used [0x0000000089400000, 0x0000000091920000, 0x0000000091920000)
  from space 17024K,  20% used [0x0000000091920000, 0x0000000091c760c0, 0x00000000929c0000)
  to   space 17024K,   0% used [0x00000000929c0000, 0x00000000929c0000, 0x0000000093a60000)
 concurrent mark-sweep generation total 1775232K, used 1406270K [0x0000000093a60000, 0x0000000100000000, 0x0000000100000000)
 Metaspace       used 65718K, capacity 70185K, committed 70360K, reserved 1110016K
  class space    used 8112K, capacity 9148K, committed 9264K, reserved 1048576K
Event: 3027.001 GC heap after
Heap after GC invocations=1265 (full 2):
 par new generation   total 153344K, used 4192K [0x0000000089400000, 0x0000000093a60000, 0x0000000093a60000)
  eden space 136320K,   0% used [0x0000000089400000, 0x0000000089400000, 0x0000000091920000)
  from space 17024K,  24% used [0x00000000929c0000, 0x0000000092dd81e0, 0x0000000093a60000)
  to   space 17024K,   0% used [0x0000000091920000, 0x0000000091920000, 0x00000000929c0000)
 concurrent mark-sweep generation total 1775232K, used 1406358K [0x0000000093a60000, 0x0000000100000000, 0x0000000100000000)
 Metaspace       used 65718K, capacity 70185K, committed 70360K, reserved 1110016K
  class space    used 8112K, capacity 9148K, committed 9264K, reserved 1048576K
}
Event: 3029.087 GC heap before
{Heap before GC invocations=1265 (full 2):
 par new generation   total 153344K, used 140512K [0x0000000089400000, 0x0000000093a60000, 0x0000000093a60000)
  eden space 136320K, 100% used [0x0000000089400000, 0x0000000091920000, 0x0000000091920000)
  from space 17024K,  24% used [0x00000000929c0000, 0x0000000092dd81e0, 0x0000000093a60000)
  to   space 17024K,   0% used [0x0000000091920000, 0x0000000091920000, 0x00000000929c0000)
 concurrent mark-sweep generation total 1775232K, used 1406358K [0x0000000093a60000, 0x0000000100000000, 0x0000000100000000)
 Metaspace       used 65718K, capacity 70185K, committed 70360K, reserved 1110016K
  class space    used 8112K, capacity 9148K, committed 9264K, reserved 1048576K
Event: 3029.098 GC heap after
Heap after GC invocations=1266 (full 2):
 par new generation   total 153344K, used 4350K [0x0000000089400000, 0x0000000093a60000, 0x0000000093a60000)
  eden space 136320K,   0% used [0x0000000089400000, 0x0000000089400000, 0x0000000091920000)
  from space 17024K,  25% used [0x0000000091920000, 0x0000000091d5f920, 0x00000000929c0000)
  to   space 17024K,   0% used [0x00000000929c0000, 0x00000000929c0000, 0x0000000093a60000)
 concurrent mark-sweep generation total 1775232K, used 1406381K [0x0000000093a60000, 0x0000000100000000, 0x0000000100000000)
 Metaspace       used 65718K, capacity 70185K, committed 70360K, reserved 1110016K
  class space    used 8112K, capacity 9148K, committed 9264K, reserved 1048576K
}
Event: 3031.035 GC heap before
{Heap before GC invocations=1266 (full 2):
 par new generation   total 153344K, used 140670K [0x0000000089400000, 0x0000000093a60000, 0x0000000093a60000)
  eden space 136320K, 100% used [0x0000000089400000, 0x0000000091920000, 0x0000000091920000)
  from space 17024K,  25% used [0x0000000091920000, 0x0000000091d5f920, 0x00000000929c0000)
  to   space 17024K,   0% used [0x00000000929c0000, 0x00000000929c0000, 0x0000000093a60000)
 concurrent mark-sweep generation total 1775232K, used 1406381K [0x0000000093a60000, 0x0000000100000000, 0x0000000100000000)
 Metaspace       used 65718K, capacity 70185K, committed 70360K, reserved 1110016K
  class space    used 8112K, capacity 9148K, committed 9264K, reserved 1048576K
Event: 3031.046 GC heap after
Heap after GC invocations=1267 (full 2):
 par new generation   total 153344K, used 4228K [0x0000000089400000, 0x0000000093a60000, 0x0000000093a60000)
  eden space 136320K,   0% used [0x0000000089400000, 0x0000000089400000, 0x0000000091920000)
  from space 17024K,  24% used [0x00000000929c0000, 0x0000000092de13f8, 0x0000000093a60000)
  to   space 17024K,   0% used [0x0000000091920000, 0x0000000091920000, 0x00000000929c0000)
 concurrent mark-sweep generation total 1775232K, used 1406635K [0x0000000093a60000, 0x0000000100000000, 0x0000000100000000)
 Metaspace       used 65718K, capacity 70185K, committed 70360K, reserved 1110016K
  class space    used 8112K, capacity 9148K, committed 9264K, reserved 1048576K
}
Event: 3032.777 GC heap before
{Heap before GC invocations=1267 (full 2):
 par new generation   total 153344K, used 140548K [0x0000000089400000, 0x0000000093a60000, 0x0000000093a60000)
  eden space 136320K, 100% used [0x0000000089400000, 0x0000000091920000, 0x0000000091920000)
  from space 17024K,  24% used [0x00000000929c0000, 0x0000000092de13f8, 0x0000000093a60000)
  to   space 17024K,   0% used [0x0000000091920000, 0x0000000091920000, 0x00000000929c0000)
 concurrent mark-sweep generation total 1775232K, used 1406635K [0x0000000093a60000, 0x0000000100000000, 0x0000000100000000)
 Metaspace       used 65720K, capacity 70189K, committed 70360K, reserved 1110016K
  class space    used 8112K, capacity 9148K, committed 9264K, reserved 1048576K
Event: 3032.792 GC heap after
Heap after GC invocations=1268 (full 2):
 par new generation   total 153344K, used 5319K [0x0000000089400000, 0x0000000093a60000, 0x0000000093a60000)
  eden space 136320K,   0% used [0x0000000089400000, 0x0000000089400000, 0x0000000091920000)
  from space 17024K,  31% used [0x0000000091920000, 0x0000000091e51c98, 0x00000000929c0000)
  to   space 17024K,   0% used [0x00000000929c0000, 0x00000000929c0000, 0x0000000093a60000)
 concurrent mark-sweep generation total 1775232K, used 1406928K [0x0000000093a60000, 0x0000000100000000, 0x0000000100000000)
 Metaspace       used 65720K, capacity 70189K, committed 70360K, reserved 1110016K
  class space    used 8112K, capacity 9148K, committed 9264K, reserved 1048576K
}
Event: 3034.606 GC heap before
{Heap before GC invocations=1268 (full 2):
 par new generation   total 153344K, used 141639K [0x0000000089400000, 0x0000000093a60000, 0x0000000093a60000)
  eden space 136320K, 100% used [0x0000000089400000, 0x0000000091920000, 0x0000000091920000)
  from space 17024K,  31% used [0x0000000091920000, 0x0000000091e51c98, 0x00000000929c0000)
  to   space 17024K,   0% used [0x00000000929c0000, 0x00000000929c0000, 0x0000000093a60000)
 concurrent mark-sweep generation total 1775232K, used 1406928K [0x0000000093a60000, 0x0000000100000000, 0x0000000100000000)
 Metaspace       used 65720K, capacity 70189K, committed 70360K, reserved 1110016K
  class space    used 8112K, capacity 9148K, committed 9264K, reserved 1048576K
Event: 3034.616 GC heap after
Heap after GC invocations=1269 (full 2):
 par new generation   total 153344K, used 4295K [0x0000000089400000, 0x0000000093a60000, 0x0000000093a60000)
  eden space 136320K,   0% used [0x0000000089400000, 0x0000000089400000, 0x0000000091920000)
  from space 17024K,  25% used [0x00000000929c0000, 0x0000000092df1fd8, 0x0000000093a60000)
  to   space 17024K,   0% used [0x0000000091920000, 0x0000000091920000, 0x00000000929c0000)
 concurrent mark-sweep generation total 1775232K, used 1407288K [0x0000000093a60000, 0x0000000100000000, 0x0000000100000000)
 Metaspace       used 65720K, capacity 70189K, committed 70360K, reserved 1110016K
  class space    used 8112K, capacity 9148K, committed 9264K, reserved 1048576K
}
Event: 3036.552 GC heap before
{Heap before GC invocations=1269 (full 2):
 par new generation   total 153344K, used 140615K [0x0000000089400000, 0x0000000093a60000, 0x0000000093a60000)
  eden space 136320K, 100% used [0x0000000089400000, 0x0000000091920000, 0x0000000091920000)
  from space 17024K,  25% used [0x00000000929c0000, 0x0000000092df1fd8, 0x0000000093a60000)
  to   space 17024K,   0% used [0x0000000091920000, 0x0000000091920000, 0x00000000929c0000)
 concurrent mark-sweep generation total 1775232K, used 1407288K [0x0000000093a60000, 0x0000000100000000, 0x0000000100000000)
 Metaspace       used 65720K, capacity 70189K, committed 70360K, reserved 1110016K
  class space    used 8112K, capacity 9148K, committed 9264K, reserved 1048576K
Event: 3036.563 GC heap after
Heap after GC invocations=1270 (full 2):
 par new generation   total 153344K, used 3634K [0x0000000089400000, 0x0000000093a60000, 0x0000000093a60000)
  eden space 136320K,   0% used [0x0000000089400000, 0x0000000089400000, 0x0000000091920000)
  from space 17024K,  21% used [0x0000000091920000, 0x0000000091cac9a0, 0x00000000929c0000)
  to   space 17024K,   0% used [0x00000000929c0000, 0x00000000929c0000, 0x0000000093a60000)
 concurrent mark-sweep generation total 1775232K, used 1407444K [0x0000000093a60000, 0x0000000100000000, 0x0000000100000000)
 Metaspace       used 65720K, capacity 70189K, committed 70360K, reserved 1110016K
  class space    used 8112K, capacity 9148K, committed 9264K, reserved 1048576K
}
Event: 3038.800 GC heap before
{Heap before GC invocations=1270 (full 2):
 par new generation   total 153344K, used 139954K [0x0000000089400000, 0x0000000093a60000, 0x0000000093a60000)
  eden space 136320K, 100% used [0x0000000089400000, 0x0000000091920000, 0x0000000091920000)
  from space 17024K,  21% used [0x0000000091920000, 0x0000000091cac9a0, 0x00000000929c0000)
  to   space 17024K,   0% used [0x00000000929c0000, 0x00000000929c0000, 0x0000000093a60000)
 concurrent mark-sweep generation total 1775232K, used 1407444K [0x0000000093a60000, 0x0000000100000000, 0x0000000100000000)
 Metaspace       used 65720K, capacity 70189K, committed 70360K, reserved 1110016K
  class space    used 8112K, capacity 9148K, committed 9264K, reserved 1048576K
Event: 3038.813 GC heap after
Heap after GC invocations=1271 (full 2):
 par new generation   total 153344K, used 3170K [0x0000000089400000, 0x0000000093a60000, 0x0000000093a60000)
  eden space 136320K,   0% used [0x0000000089400000, 0x0000000089400000, 0x0000000091920000)
  from space 17024K,  18% used [0x00000000929c0000, 0x0000000092cd88f0, 0x0000000093a60000)
  to   space 17024K,   0% used [0x0000000091920000, 0x0000000091920000, 0x00000000929c0000)
 concurrent mark-sweep generation total 1775232K, used 1408568K [0x0000000093a60000, 0x0000000100000000, 0x0000000100000000)
 Metaspace       used 65720K, capacity 70189K, committed 70360K, reserved 1110016K
  class space    used 8112K, capacity 9148K, committed 9264K, reserved 1048576K
}
Event: 3041.299 GC heap before
{Heap before GC invocations=1271 (full 2):
 par new generation   total 153344K, used 139490K [0x0000000089400000, 0x0000000093a60000, 0x0000000093a60000)
  eden space 136320K, 100% used [0x0000000089400000, 0x0000000091920000, 0x0000000091920000)
  from space 17024K,  18% used [0x00000000929c0000, 0x0000000092cd88f0, 0x0000000093a60000)
  to   space 17024K,   0% used [0x0000000091920000, 0x0000000091920000, 0x00000000929c0000)
 concurrent mark-sweep generation total 1775232K, used 1408568K [0x0000000093a60000, 0x0000000100000000, 0x0000000100000000)
 Metaspace       used 65720K, capacity 70189K, committed 70360K, reserved 1110016K
  class space    used 8112K, capacity 9148K, committed 9264K, reserved 1048576K
Event: 3041.309 GC heap after
Heap after GC invocations=1272 (full 2):
 par new generation   total 153344K, used 2871K [0x0000000089400000, 0x0000000093a60000, 0x0000000093a60000)
  eden space 136320K,   0% used [0x0000000089400000, 0x0000000089400000, 0x0000000091920000)
  from space 17024K,  16% used [0x0000000091920000, 0x0000000091bedc48, 0x00000000929c0000)
  to   space 17024K,   0% used [0x00000000929c0000, 0x00000000929c0000, 0x0000000093a60000)
 concurrent mark-sweep generation total 1775232K, used 1408625K [0x0000000093a60000, 0x0000000100000000, 0x0000000100000000)
 Metaspace       used 65720K, capacity 70189K, committed 70360K, reserved 1110016K
  class space    used 8112K, capacity 9148K, committed 9264K, reserved 1048576K
}
Event: 3043.901 GC heap before
{Heap before GC invocations=1272 (full 2):
 par new generation   total 153344K, used 139191K [0x0000000089400000, 0x0000000093a60000, 0x0000000093a60000)
  eden space 136320K, 100% used [0x0000000089400000, 0x0000000091920000, 0x0000000091920000)
  from space 17024K,  16% used [0x0000000091920000, 0x0000000091bedc48, 0x00000000929c0000)
  to   space 17024K,   0% used [0x00000000929c0000, 0x00000000929c0000, 0x0000000093a60000)
 concurrent mark-sweep generation total 1775232K, used 1408625K [0x0000000093a60000, 0x0000000100000000, 0x0000000100000000)
 Metaspace       used 65720K, capacity 70189K, committed 70360K, reserved 1110016K
  class space    used 8112K, capacity 9148K, committed 9264K, reserved 1048576K
Event: 3043.911 GC heap after
Heap after GC invocations=1273 (full 2):
 par new generation   total 153344K, used 3431K [0x0000000089400000, 0x0000000093a60000, 0x0000000093a60000)
  eden space 136320K,   0% used [0x0000000089400000, 0x0000000089400000, 0x0000000091920000)
  from space 17024K,  20% used [0x00000000929c0000, 0x0000000092d19dc0, 0x0000000093a60000)
  to   space 17024K,   0% used [0x0000000091920000, 0x0000000091920000, 0x00000000929c0000)
 concurrent mark-sweep generation total 1775232K, used 1408639K [0x0000000093a60000, 0x0000000100000000, 0x0000000100000000)
 Metaspace       used 65720K, capacity 70189K, committed 70360K, reserved 1110016K
  class space    used 8112K, capacity 9148K, committed 9264K, reserved 1048576K
}
Event: 3046.454 GC heap before
{Heap before GC invocations=1273 (full 2):
 par new generation   total 153344K, used 139751K [0x0000000089400000, 0x0000000093a60000, 0x0000000093a60000)
  eden space 136320K, 100% used [0x0000000089400000, 0x0000000091920000, 0x0000000091920000)
  from space 17024K,  20% used [0x00000000929c0000, 0x0000000092d19dc0, 0x0000000093a60000)
  to   space 17024K,   0% used [0x0000000091920000, 0x0000000091920000, 0x00000000929c0000)
 concurrent mark-sweep generation total 1775232K, used 1408639K [0x0000000093a60000, 0x0000000100000000, 0x0000000100000000)
 Metaspace       used 65720K, capacity 70189K, committed 70360K, reserved 1110016K
  class space    used 8112K, capacity 9148K, committed 9264K, reserved 1048576K
Event: 3046.464 GC heap after
Heap after GC invocations=1274 (full 2):
 par new generation   total 153344K, used 3399K [0x0000000089400000, 0x0000000093a60000, 0x0000000093a60000)
  eden space 136320K,   0% used [0x0000000089400000, 0x0000000089400000, 0x0000000091920000)
  from space 17024K,  19% used [0x0000000091920000, 0x0000000091c71d20, 0x00000000929c0000)
  to   space 17024K,   0% used [0x00000000929c0000, 0x00000000929c0000, 0x0000000093a60000)
 concurrent mark-sweep generation total 1775232K, used 1408675K [0x0000000093a60000, 0x0000000100000000, 0x0000000100000000)
 Metaspace       used 65720K, capacity 70189K, committed 70360K, reserved 1110016K
  class space    used 8112K, capacity 9148K, committed 9264K, reserved 1048576K
}
Event: 3048.341 GC heap before
{Heap before GC invocations=1274 (full 2):
 par new generation   total 153344K, used 139719K [0x0000000089400000, 0x0000000093a60000, 0x0000000093a60000)
  eden space 136320K, 100% used [0x0000000089400000, 0x0000000091920000, 0x0000000091920000)
  from space 17024K,  19% used [0x0000000091920000, 0x0000000091c71d20, 0x00000000929c0000)
  to   space 17024K,   0% used [0x00000000929c0000, 0x00000000929c0000, 0x0000000093a60000)
 concurrent mark-sweep generation total 1775232K, used 1408675K [0x0000000093a60000, 0x0000000100000000, 0x0000000100000000)
 Metaspace       used 65720K, capacity 70189K, committed 70360K, reserved 1110016K
  class space    used 8112K, capacity 9148K, committed 9264K, reserved 1048576K
Event: 3048.352 GC heap after
Heap after GC invocations=1275 (full 2):
 par new generation   total 153344K, used 3143K [0x0000000089400000, 0x0000000093a60000, 0x0000000093a60000)
  eden space 136320K,   0% used [0x0000000089400000, 0x0000000089400000, 0x0000000091920000)
  from space 17024K,  18% used [0x00000000929c0000, 0x0000000092cd1d70, 0x0000000093a60000)
  to   space 17024K,   0% used [0x0000000091920000, 0x0000000091920000, 0x00000000929c0000)
 concurrent mark-sweep generation total 1775232K, used 1408741K [0x0000000093a60000, 0x0000000100000000, 0x0000000100000000)
 Metaspace       used 65720K, capacity 70189K, committed 70360K, reserved 1110016K
  class space    used 8112K, capacity 9148K, committed 9264K, reserved 1048576K
}
Event: 3049.675 GC heap before
{Heap before GC invocations=1275 (full 2):
 par new generation   total 153344K, used 139463K [0x0000000089400000, 0x0000000093a60000, 0x0000000093a60000)
  eden space 136320K, 100% used [0x0000000089400000, 0x0000000091920000, 0x0000000091920000)
  from space 17024K,  18% used [0x00000000929c0000, 0x0000000092cd1d70, 0x0000000093a60000)
  to   space 17024K,   0% used [0x0000000091920000, 0x0000000091920000, 0x00000000929c0000)
 concurrent mark-sweep generation total 1775232K, used 1408741K [0x0000000093a60000, 0x0000000100000000, 0x0000000100000000)
 Metaspace       used 65720K, capacity 70189K, committed 70360K, reserved 1110016K
  class space    used 8112K, capacity 9148K, committed 9264K, reserved 1048576K
Event: 3049.687 GC heap after
Heap after GC invocations=1276 (full 2):
 par new generation   total 153344K, used 4956K [0x0000000089400000, 0x0000000093a60000, 0x0000000093a60000)
  eden space 136320K,   0% used [0x0000000089400000, 0x0000000089400000, 0x0000000091920000)
  from space 17024K,  29% used [0x0000000091920000, 0x0000000091df7098, 0x00000000929c0000)
  to   space 17024K,   0% used [0x00000000929c0000, 0x00000000929c0000, 0x0000000093a60000)
 concurrent mark-sweep generation total 1775232K, used 1409103K [0x0000000093a60000, 0x0000000100000000, 0x0000000100000000)
 Metaspace       used 65720K, capacity 70189K, committed 70360K, reserved 1110016K
  class space    used 8112K, capacity 9148K, committed 9264K, reserved 1048576K
}
Event: 3050.965 GC heap before
{Heap before GC invocations=1276 (full 2):
 par new generation   total 153344K, used 141276K [0x0000000089400000, 0x0000000093a60000, 0x0000000093a60000)
  eden space 136320K, 100% used [0x0000000089400000, 0x0000000091920000, 0x0000000091920000)
  from space 17024K,  29% used [0x0000000091920000, 0x0000000091df7098, 0x00000000929c0000)
  to   space 17024K,   0% used [0x00000000929c0000, 0x00000000929c0000, 0x0000000093a60000)
 concurrent mark-sweep generation total 1775232K, used 1409103K [0x0000000093a60000, 0x0000000100000000, 0x0000000100000000)
 Metaspace       used 65720K, capacity 70189K, committed 70360K, reserved 1110016K
  class space    used 8112K, capacity 9148K, committed 9264K, reserved 1048576K
Event: 3050.977 GC heap after
Heap after GC invocations=1277 (full 2):
 par new generation   total 153344K, used 3419K [0x0000000089400000, 0x0000000093a60000, 0x0000000093a60000)
  eden space 136320K,   0% used [0x0000000089400000, 0x0000000089400000, 0x0000000091920000)
  from space 17024K,  20% used [0x00000000929c0000, 0x0000000092d16e38, 0x0000000093a60000)
  to   space 17024K,   0% used [0x0000000091920000, 0x0000000091920000, 0x00000000929c0000)
 concurrent mark-sweep generation total 1775232K, used 1410195K [0x0000000093a60000, 0x0000000100000000, 0x0000000100000000)
 Metaspace       used 65720K, capacity 70189K, committed 70360K, reserved 1110016K
  class space    used 8112K, capacity 9148K, committed 9264K, reserved 1048576K
}
Event: 3052.314 GC heap before
{Heap before GC invocations=1277 (full 2):
 par new generation   total 153344K, used 139739K [0x0000000089400000, 0x0000000093a60000, 0x0000000093a60000)
  eden space 136320K, 100% used [0x0000000089400000, 0x0000000091920000, 0x0000000091920000)
  from space 17024K,  20% used [0x00000000929c0000, 0x0000000092d16e38, 0x0000000093a60000)
  to   space 17024K,   0% used [0x0000000091920000, 0x0000000091920000, 0x00000000929c0000)
 concurrent mark-sweep generation total 1775232K, used 1410195K [0x0000000093a60000, 0x0000000100000000, 0x0000000100000000)
 Metaspace       used 65720K, capacity 70189K, committed 70360K, reserved 1110016K
  class space    used 8112K, capacity 9148K, committed 9264K, reserved 1048576K
Event: 3052.324 GC heap after
Heap after GC invocations=1278 (full 2):
 par new generation   total 153344K, used 2999K [0x0000000089400000, 0x0000000093a60000, 0x0000000093a60000)
  eden space 136320K,   0% used [0x0000000089400000, 0x0000000089400000, 0x0000000091920000)
  from space 17024K,  17% used [0x0000000091920000, 0x0000000091c0dc70, 0x00000000929c0000)
  to   space 17024K,   0% used [0x00000000929c0000, 0x00000000929c0000, 0x0000000093a60000)
 concurrent mark-sweep generation total 1775232K, used 1410213K [0x0000000093a60000, 0x0000000100000000, 0x0000000100000000)
 Metaspace       used 65720K, capacity 70189K, committed 70360K, reserved 1110016K
  class space    used 8112K, capacity 9148K, committed 9264K, reserved 1048576K
}
Event: 3053.621 GC heap before
{Heap before GC invocations=1278 (full 2):
 par new generation   total 153344K, used 139319K [0x0000000089400000, 0x0000000093a60000, 0x0000000093a60000)
  eden space 136320K, 100% used [0x0000000089400000, 0x0000000091920000, 0x0000000091920000)
  from space 17024K,  17% used [0x0000000091920000, 0x0000000091c0dc70, 0x00000000929c0000)
  to   space 17024K,   0% used [0x00000000929c0000, 0x00000000929c0000, 0x0000000093a60000)
 concurrent mark-sweep generation total 1775232K, used 1410213K [0x0000000093a60000, 0x0000000100000000, 0x0000000100000000)
 Metaspace       used 65720K, capacity 70189K, committed 70360K, reserved 1110016K
  class space    used 8112K, capacity 9148K, committed 9264K, reserved 1048576K
Event: 3053.630 GC heap after
Heap after GC invocations=1279 (full 2):
 par new generation   total 153344K, used 2069K [0x0000000089400000, 0x0000000093a60000, 0x0000000093a60000)
  eden space 136320K,   0% used [0x0000000089400000, 0x0000000089400000, 0x0000000091920000)
  from space 17024K,  12% used [0x00000000929c0000, 0x0000000092bc54f0, 0x0000000093a60000)
  to   space 17024K,   0% used [0x0000000091920000, 0x0000000091920000, 0x00000000929c0000)
 concurrent mark-sweep generation total 1775232K, used 1410278K [0x0000000093a60000, 0x0000000100000000, 0x0000000100000000)
 Metaspace       used 65720K, capacity 70189K, committed 70360K, reserved 1110016K
  class space    used 8112K, capacity 9148K, committed 9264K, reserved 1048576K
}
Event: 3055.663 GC heap before
{Heap before GC invocations=1279 (full 2):
 par new generation   total 153344K, used 138389K [0x0000000089400000, 0x0000000093a60000, 0x0000000093a60000)
  eden space 136320K, 100% used [0x0000000089400000, 0x0000000091920000, 0x0000000091920000)
  from space 17024K,  12% used [0x00000000929c0000, 0x0000000092bc54f0, 0x0000000093a60000)
  to   space 17024K,   0% used [0x0000000091920000, 0x0000000091920000, 0x00000000929c0000)
 concurrent mark-sweep generation total 1775232K, used 1410278K [0x0000000093a60000, 0x0000000100000000, 0x0000000100000000)
 Metaspace       used 65720K, capacity 70189K, committed 70360K, reserved 1110016K
  class space    used 8112K, capacity 9148K, committed 9264K, reserved 1048576K
Event: 3055.672 GC heap after
Heap after GC invocations=1280 (full 2):
 par new generation   total 153344K, used 1842K [0x0000000089400000, 0x0000000093a60000, 0x0000000093a60000)
  eden space 136320K,   0% used [0x0000000089400000, 0x0000000089400000, 0x0000000091920000)
  from space 17024K,  10% used [0x0000000091920000, 0x0000000091aecbd0, 0x00000000929c0000)
  to   space 17024K,   0% used [0x00000000929c0000, 0x00000000929c0000, 0x0000000093a60000)
 concurrent mark-sweep generation total 1775232K, used 1410341K [0x0000000093a60000, 0x0000000100000000, 0x0000000100000000)
 Metaspace       used 65720K, capacity 70189K, committed 70360K, reserved 1110016K
  class space    used 8112K, capacity 9148K, committed 9264K, reserved 1048576K
}
Event: 3057.264 GC heap before
{Heap before GC invocations=1280 (full 2):
 par new generation   total 153344K, used 138162K [0x0000000089400000, 0x0000000093a60000, 0x0000000093a60000)
  eden space 136320K, 100% used [0x0000000089400000, 0x0000000091920000, 0x0000000091920000)
  from space 17024K,  10% used [0x0000000091920000, 0x0000000091aecbd0, 0x00000000929c0000)
  to   space 17024K,   0% used [0x00000000929c0000, 0x00000000929c0000, 0x0000000093a60000)
 concurrent mark-sweep generation total 1775232K, used 1410341K [0x0000000093a60000, 0x0000000100000000, 0x0000000100000000)
 Metaspace       used 65721K, capacity 70189K, committed 70360K, reserved 1110016K
  class space    used 8112K, capacity 9148K, committed 9264K, reserved 1048576K
Event: 3057.275 GC heap after
Heap after GC invocations=1281 (full 2):
 par new generation   total 153344K, used 3130K [0x0000000089400000, 0x0000000093a60000, 0x0000000093a60000)
  eden space 136320K,   0% used [0x0000000089400000, 0x0000000089400000, 0x0000000091920000)
  from space 17024K,  18% used [0x00000000929c0000, 0x0000000092cceb70, 0x0000000093a60000)
  to   space 17024K,   0% used [0x0000000091920000, 0x0000000091920000, 0x00000000929c0000)
 concurrent mark-sweep generation total 1775232K, used 1410419K [0x0000000093a60000, 0x0000000100000000, 0x0000000100000000)
 Metaspace       used 65721K, capacity 70189K, committed 70360K, reserved 1110016K
  class space    used 8112K, capacity 9148K, committed 9264K, reserved 1048576K
}
Event: 3058.518 GC heap before
{Heap before GC invocations=1281 (full 2):
 par new generation   total 153344K, used 139450K [0x0000000089400000, 0x0000000093a60000, 0x0000000093a60000)
  eden space 136320K, 100% used [0x0000000089400000, 0x0000000091920000, 0x0000000091920000)
  from space 17024K,  18% used [0x00000000929c0000, 0x0000000092cceb70, 0x0000000093a60000)
  to   space 17024K,   0% used [0x0000000091920000, 0x0000000091920000, 0x00000000929c0000)
 concurrent mark-sweep generation total 1775232K, used 1410419K [0x0000000093a60000, 0x0000000100000000, 0x0000000100000000)
 Metaspace       used 65721K, capacity 70189K, committed 70360K, reserved 1110016K
  class space    used 8112K, capacity 9148K, committed 9264K, reserved 1048576K
Event: 3058.529 GC heap after
Heap after GC invocations=1282 (full 2):
 par new generation   total 153344K, used 4144K [0x0000000089400000, 0x0000000093a60000, 0x0000000093a60000)
  eden space 136320K,   0% used [0x0000000089400000, 0x0000000089400000, 0x0000000091920000)
  from space 17024K,  24% used [0x0000000091920000, 0x0000000091d2c308, 0x00000000929c0000)
  to   space 17024K,   0% used [0x00000000929c0000, 0x00000000929c0000, 0x0000000093a60000)
 concurrent mark-sweep generation total 1775232K, used 1410458K [0x0000000093a60000, 0x0000000100000000, 0x0000000100000000)
 Metaspace       used 65721K, capacity 70189K, committed 70360K, reserved 1110016K
  class space    used 8112K, capacity 9148K, committed 9264K, reserved 1048576K
}
Event: 3059.851 GC heap before
{Heap before GC invocations=1282 (full 2):
 par new generation   total 153344K, used 140464K [0x0000000089400000, 0x0000000093a60000, 0x0000000093a60000)
  eden space 136320K, 100% used [0x0000000089400000, 0x0000000091920000, 0x0000000091920000)
  from space 17024K,  24% used [0x0000000091920000, 0x0000000091d2c308, 0x00000000929c0000)
  to   space 17024K,   0% used [0x00000000929c0000, 0x00000000929c0000, 0x0000000093a60000)
 concurrent mark-sweep generation total 1775232K, used 1410458K [0x0000000093a60000, 0x0000000100000000, 0x0000000100000000)
 Metaspace       used 65721K, capacity 70189K, committed 70360K, reserved 1110016K
  class space    used 8112K, capacity 9148K, committed 9264K, reserved 1048576K
Event: 3059.863 GC heap after
Heap after GC invocations=1283 (full 2):
 par new generation   total 153344K, used 5670K [0x0000000089400000, 0x0000000093a60000, 0x0000000093a60000)
  eden space 136320K,   0% used [0x0000000089400000, 0x0000000089400000, 0x0000000091920000)
  from space 17024K,  33% used [0x00000000929c0000, 0x0000000092f499b0, 0x0000000093a60000)
  to   space 17024K,   0% used [0x0000000091920000, 0x0000000091920000, 0x00000000929c0000)
 concurrent mark-sweep generation total 1775232K, used 1410788K [0x0000000093a60000, 0x0000000100000000, 0x0000000100000000)
 Metaspace       used 65721K, capacity 70189K, committed 70360K, reserved 1110016K
  class space    used 8112K, capacity 9148K, committed 9264K, reserved 1048576K
}
Event: 3061.223 GC heap before
{Heap before GC invocations=1283 (full 2):
 par new generation   total 153344K, used 141990K [0x0000000089400000, 0x0000000093a60000, 0x0000000093a60000)
  eden space 136320K, 100% used [0x0000000089400000, 0x0000000091920000, 0x0000000091920000)
  from space 17024K,  33% used [0x00000000929c0000, 0x0000000092f499b0, 0x0000000093a60000)
  to   space 17024K,   0% used [0x0000000091920000, 0x0000000091920000, 0x00000000929c0000)
 concurrent mark-sweep generation total 1775232K, used 1410788K [0x0000000093a60000, 0x0000000100000000, 0x0000000100000000)
 Metaspace       used 65721K, capacity 70189K, committed 70360K, reserved 1110016K
  class space    used 8112K, capacity 9148K, committed 9264K, reserved 1048576K
Event: 3061.234 GC heap after
Heap after GC invocations=1284 (full 2):
 par new generation   total 153344K, used 5976K [0x0000000089400000, 0x0000000093a60000, 0x0000000093a60000)
  eden space 136320K,   0% used [0x0000000089400000, 0x0000000089400000, 0x0000000091920000)
  from space 17024K,  35% used [0x0000000091920000, 0x0000000091ef6240, 0x00000000929c0000)
  to   space 17024K,   0% used [0x00000000929c0000, 0x00000000929c0000, 0x0000000093a60000)
 concurrent mark-sweep generation total 1775232K, used 1410801K [0x0000000093a60000, 0x0000000100000000, 0x0000000100000000)
 Metaspace       used 65721K, capacity 70189K, committed 70360K, reserved 1110016K
  class space    used 8112K, capacity 9148K, committed 9264K, reserved 1048576K
}
Event: 3062.568 GC heap before
{Heap before GC invocations=1284 (full 2):
 par new generation   total 153344K, used 142296K [0x0000000089400000, 0x0000000093a60000, 0x0000000093a60000)
  eden space 136320K, 100% used [0x0000000089400000, 0x0000000091920000, 0x0000000091920000)
  from space 17024K,  35% used [0x0000000091920000, 0x0000000091ef6240, 0x00000000929c0000)
  to   space 17024K,   0% used [0x00000000929c0000, 0x00000000929c0000, 0x0000000093a60000)
 concurrent mark-sweep generation total 1775232K, used 1410801K [0x0000000093a60000, 0x0000000100000000, 0x0000000100000000)
 Metaspace       used 65721K, capacity 70189K, committed 70360K, reserved 1110016K
  class space    used 8112K, capacity 9148K, committed 9264K, reserved 1048576K
Event: 3062.579 GC heap after
Heap after GC invocations=1285 (full 2):
 par new generation   total 153344K, used 4293K [0x0000000089400000, 0x0000000093a60000, 0x0000000093a60000)
  eden space 136320K,   0% used [0x0000000089400000, 0x0000000089400000, 0x0000000091920000)
  from space 17024K,  25% used [0x00000000929c0000, 0x0000000092df16f0, 0x0000000093a60000)
  to   space 17024K,   0% used [0x0000000091920000, 0x0000000091920000, 0x00000000929c0000)
 concurrent mark-sweep generation total 1775232K, used 1410839K [0x0000000093a60000, 0x0000000100000000, 0x0000000100000000)
 Metaspace       used 65721K, capacity 70189K, committed 70360K, reserved 1110016K
  class space    used 8112K, capacity 9148K, committed 9264K, reserved 1048576K
}
Event: 3063.877 GC heap before
{Heap before GC invocations=1285 (full 2):
 par new generation   total 153344K, used 140613K [0x0000000089400000, 0x0000000093a60000, 0x0000000093a60000)
  eden space 136320K, 100% used [0x0000000089400000, 0x0000000091920000, 0x0000000091920000)
  from space 17024K,  25% used [0x00000000929c0000, 0x0000000092df16f0, 0x0000000093a60000)
  to   space 17024K,   0% used [0x0000000091920000, 0x0000000091920000, 0x00000000929c0000)
 concurrent mark-sweep generation total 1775232K, used 1410839K [0x0000000093a60000, 0x0000000100000000, 0x0000000100000000)
 Metaspace       used 65721K, capacity 70189K, committed 70360K, reserved 1110016K
  class space    used 8112K, capacity 9148K, committed 9264K, reserved 1048576K
Event: 3063.888 GC heap after
Heap after GC invocations=1286 (full 2):
 par new generation   total 153344K, used 5499K [0x0000000089400000, 0x0000000093a60000, 0x0000000093a60000)
  eden space 136320K,   0% used [0x0000000089400000, 0x0000000089400000, 0x0000000091920000)
  from space 17024K,  32% used [0x0000000091920000, 0x0000000091e7ed68, 0x00000000929c0000)
  to   space 17024K,   0% used [0x00000000929c0000, 0x00000000929c0000, 0x0000000093a60000)
 concurrent mark-sweep generation total 1775232K, used 1410880K [0x0000000093a60000, 0x0000000100000000, 0x0000000100000000)
 Metaspace       used 65721K, capacity 70189K, committed 70360K, reserved 1110016K
  class space    used 8112K, capacity 9148K, committed 9264K, reserved 1048576K
}
Event: 3065.289 GC heap before
{Heap before GC invocations=1286 (full 2):
 par new generation   total 153344K, used 141819K [0x0000000089400000, 0x0000000093a60000, 0x0000000093a60000)
  eden space 136320K, 100% used [0x0000000089400000, 0x0000000091920000, 0x0000000091920000)
  from space 17024K,  32% used [0x0000000091920000, 0x0000000091e7ed68, 0x00000000929c0000)
  to   space 17024K,   0% used [0x00000000929c0000, 0x00000000929c0000, 0x0000000093a60000)
 concurrent mark-sweep generation total 1775232K, used 1410880K [0x0000000093a60000, 0x0000000100000000, 0x0000000100000000)
 Metaspace       used 65722K, capacity 70189K, committed 70360K, reserved 1110016K
  class space    used 8112K, capacity 9148K, committed 9264K, reserved 1048576K
Event: 3065.302 GC heap after
Heap after GC invocations=1287 (full 2):
 par new generation   total 153344K, used 3549K [0x0000000089400000, 0x0000000093a60000, 0x0000000093a60000)
  eden space 136320K,   0% used [0x0000000089400000, 0x0000000089400000, 0x0000000091920000)
  from space 17024K,  20% used [0x00000000929c0000, 0x0000000092d375b0, 0x0000000093a60000)
  to   space 17024K,   0% used [0x0000000091920000, 0x0000000091920000, 0x00000000929c0000)
 concurrent mark-sweep generation total 1775232K, used 1411863K [0x0000000093a60000, 0x0000000100000000, 0x0000000100000000)
 Metaspace       used 65722K, capacity 70189K, committed 70360K, reserved 1110016K
  class space    used 8112K, capacity 9148K, committed 9264K, reserved 1048576K
}
Event: 3066.675 GC heap before
{Heap before GC invocations=1287 (full 2):
 par new generation   total 153344K, used 139869K [0x0000000089400000, 0x0000000093a60000, 0x0000000093a60000)
  eden space 136320K, 100% used [0x0000000089400000, 0x0000000091920000, 0x0000000091920000)
  from space 17024K,  20% used [0x00000000929c0000, 0x0000000092d375b0, 0x0000000093a60000)
  to   space 17024K,   0% used [0x0000000091920000, 0x0000000091920000, 0x00000000929c0000)
 concurrent mark-sweep generation total 1775232K, used 1411863K [0x0000000093a60000, 0x0000000100000000, 0x0000000100000000)
 Metaspace       used 65722K, capacity 70189K, committed 70360K, reserved 1110016K
  class space    used 8112K, capacity 9148K, committed 9264K, reserved 1048576K
Event: 3066.687 GC heap after
Heap after GC invocations=1288 (full 2):
 par new generation   total 153344K, used 3075K [0x0000000089400000, 0x0000000093a60000, 0x0000000093a60000)
  eden space 136320K,   0% used [0x0000000089400000, 0x0000000089400000, 0x0000000091920000)
  from space 17024K,  18% used [0x0000000091920000, 0x0000000091c20ec0, 0x00000000929c0000)
  to   space 17024K,   0% used [0x00000000929c0000, 0x00000000929c0000, 0x0000000093a60000)
 concurrent mark-sweep generation total 1775232K, used 1412958K [0x0000000093a60000, 0x0000000100000000, 0x0000000100000000)
 Metaspace       used 65722K, capacity 70189K, committed 70360K, reserved 1110016K
  class space    used 8112K, capacity 9148K, committed 9264K, reserved 1048576K
}
Event: 3068.347 GC heap before
{Heap before GC invocations=1288 (full 2):
 par new generation   total 153344K, used 139395K [0x0000000089400000, 0x0000000093a60000, 0x0000000093a60000)
  eden space 136320K, 100% used [0x0000000089400000, 0x0000000091920000, 0x0000000091920000)
  from space 17024K,  18% used [0x0000000091920000, 0x0000000091c20ec0, 0x00000000929c0000)
  to   space 17024K,   0% used [0x00000000929c0000, 0x00000000929c0000, 0x0000000093a60000)
 concurrent mark-sweep generation total 1775232K, used 1412958K [0x0000000093a60000, 0x0000000100000000, 0x0000000100000000)
 Metaspace       used 65722K, capacity 70189K, committed 70360K, reserved 1110016K
  class space    used 8112K, capacity 9148K, committed 9264K, reserved 1048576K
Event: 3068.359 GC heap after
Heap after GC invocations=1289 (full 2):
 par new generation   total 153344K, used 3578K [0x0000000089400000, 0x0000000093a60000, 0x0000000093a60000)
  eden space 136320K,   0% used [0x0000000089400000, 0x0000000089400000, 0x0000000091920000)
  from space 17024K,  21% used [0x00000000929c0000, 0x0000000092d3e858, 0x0000000093a60000)
  to   space 17024K,   0% used [0x0000000091920000, 0x0000000091920000, 0x00000000929c0000)
 concurrent mark-sweep generation total 1775232K, used 1413263K [0x0000000093a60000, 0x0000000100000000, 0x0000000100000000)
 Metaspace       used 65722K, capacity 70189K, committed 70360K, reserved 1110016K
  class space    used 8112K, capacity 9148K, committed 9264K, reserved 1048576K
}
Event: 3071.024 GC heap before
{Heap before GC invocations=1289 (full 2):
 par new generation   total 153344K, used 139898K [0x0000000089400000, 0x0000000093a60000, 0x0000000093a60000)
  eden space 136320K, 100% used [0x0000000089400000, 0x0000000091920000, 0x0000000091920000)
  from space 17024K,  21% used [0x00000000929c0000, 0x0000000092d3e858, 0x0000000093a60000)
  to   space 17024K,   0% used [0x0000000091920000, 0x0000000091920000, 0x00000000929c0000)
 concurrent mark-sweep generation total 1775232K, used 1413263K [0x0000000093a60000, 0x0000000100000000, 0x0000000100000000)
 Metaspace       used 65722K, capacity 70189K, committed 70360K, reserved 1110016K
  class space    used 8112K, capacity 9148K, committed 9264K, reserved 1048576K
Event: 3071.036 GC heap after
Heap after GC invocations=1290 (full 2):
 par new generation   total 153344K, used 3318K [0x0000000089400000, 0x0000000093a60000, 0x0000000093a60000)
  eden space 136320K,   0% used [0x0000000089400000, 0x0000000089400000, 0x0000000091920000)
  from space 17024K,  19% used [0x0000000091920000, 0x0000000091c5daa0, 0x00000000929c0000)
  to   space 17024K,   0% used [0x00000000929c0000, 0x00000000929c0000, 0x0000000093a60000)
 concurrent mark-sweep generation total 1775232K, used 1413297K [0x0000000093a60000, 0x0000000100000000, 0x0000000100000000)
 Metaspace       used 65722K, capacity 70189K, committed 70360K, reserved 1110016K
  class space    used 8112K, capacity 9148K, committed 9264K, reserved 1048576K
}
Event: 3072.975 GC heap before
{Heap before GC invocations=1290 (full 2):
 par new generation   total 153344K, used 139638K [0x0000000089400000, 0x0000000093a60000, 0x0000000093a60000)
  eden space 136320K, 100% used [0x0000000089400000, 0x0000000091920000, 0x0000000091920000)
  from space 17024K,  19% used [0x0000000091920000, 0x0000000091c5daa0, 0x00000000929c0000)
  to   space 17024K,   0% used [0x00000000929c0000, 0x00000000929c0000, 0x0000000093a60000)
 concurrent mark-sweep generation total 1775232K, used 1413297K [0x0000000093a60000, 0x0000000100000000, 0x0000000100000000)
 Metaspace       used 65722K, capacity 70189K, committed 70360K, reserved 1110016K
  class space    used 8112K, capacity 9148K, committed 9264K, reserved 1048576K
Event: 3072.986 GC heap after
Heap after GC invocations=1291 (full 2):
 par new generation   total 153344K, used 3937K [0x0000000089400000, 0x0000000093a60000, 0x0000000093a60000)
  eden space 136320K,   0% used [0x0000000089400000, 0x0000000089400000, 0x0000000091920000)
  from space 17024K,  23% used [0x00000000929c0000, 0x0000000092d986f0, 0x0000000093a60000)
  to   space 17024K,   0% used [0x0000000091920000, 0x0000000091920000, 0x00000000929c0000)
 concurrent mark-sweep generation total 1775232K, used 1413349K [0x0000000093a60000, 0x0000000100000000, 0x0000000100000000)
 Metaspace       used 65722K, capacity 70189K, committed 70360K, reserved 1110016K
  class space    used 8112K, capacity 9148K, committed 9264K, reserved 1048576K
}
Event: 3074.232 GC heap before
{Heap before GC invocations=1291 (full 2):
 par new generation   total 153344K, used 140257K [0x0000000089400000, 0x0000000093a60000, 0x0000000093a60000)
  eden space 136320K, 100% used [0x0000000089400000, 0x0000000091920000, 0x0000000091920000)
  from space 17024K,  23% used [0x00000000929c0000, 0x0000000092d986f0, 0x0000000093a60000)
  to   space 17024K,   0% used [0x0000000091920000, 0x0000000091920000, 0x00000000929c0000)
 concurrent mark-sweep generation total 1775232K, used 1413349K [0x0000000093a60000, 0x0000000100000000, 0x0000000100000000)
 Metaspace       used 65722K, capacity 70189K, committed 70360K, reserved 1110016K
  class space    used 8112K, capacity 9148K, committed 9264K, reserved 1048576K
Event: 3074.244 GC heap after
Heap after GC invocations=1292 (full 2):
 par new generation   total 153344K, used 5142K [0x0000000089400000, 0x0000000093a60000, 0x0000000093a60000)
  eden space 136320K,   0% used [0x0000000089400000, 0x0000000089400000, 0x0000000091920000)
  from space 17024K,  30% used [0x0000000091920000, 0x0000000091e258a8, 0x00000000929c0000)
  to   space 17024K,   0% used [0x00000000929c0000, 0x00000000929c0000, 0x0000000093a60000)
 concurrent mark-sweep generation total 1775232K, used 1413357K [0x0000000093a60000, 0x0000000100000000, 0x0000000100000000)
 Metaspace       used 65722K, capacity 70189K, committed 70360K, reserved 1110016K
  class space    used 8112K, capacity 9148K, committed 9264K, reserved 1048576K
}
Event: 3075.543 GC heap before
{Heap before GC invocations=1292 (full 2):
 par new generation   total 153344K, used 141462K [0x0000000089400000, 0x0000000093a60000, 0x0000000093a60000)
  eden space 136320K, 100% used [0x0000000089400000, 0x0000000091920000, 0x0000000091920000)
  from space 17024K,  30% used [0x0000000091920000, 0x0000000091e258a8, 0x00000000929c0000)
  to   space 17024K,   0% used [0x00000000929c0000, 0x00000000929c0000, 0x0000000093a60000)
 concurrent mark-sweep generation total 1775232K, used 1413357K [0x0000000093a60000, 0x0000000100000000, 0x0000000100000000)
 Metaspace       used 65722K, capacity 70189K, committed 70360K, reserved 1110016K
  class space    used 8112K, capacity 9148K, committed 9264K, reserved 1048576K
Event: 3075.555 GC heap after
Heap after GC invocations=1293 (full 2):
 par new generation   total 153344K, used 5006K [0x0000000089400000, 0x0000000093a60000, 0x0000000093a60000)
  eden space 136320K,   0% used [0x0000000089400000, 0x0000000089400000, 0x0000000091920000)
  from space 17024K,  29% used [0x00000000929c0000, 0x0000000092ea3970, 0x0000000093a60000)
  to   space 17024K,   0% used [0x0000000091920000, 0x0000000091920000, 0x00000000929c0000)
 concurrent mark-sweep generation total 1775232K, used 1413400K [0x0000000093a60000, 0x0000000100000000, 0x0000000100000000)
 Metaspace       used 65722K, capacity 70189K, committed 70360K, reserved 1110016K
  class space    used 8112K, capacity 9148K, committed 9264K, reserved 1048576K
}
Event: 3076.828 GC heap before
{Heap before GC invocations=1293 (full 2):
 par new generation   total 153344K, used 141326K [0x0000000089400000, 0x0000000093a60000, 0x0000000093a60000)
  eden space 136320K, 100% used [0x0000000089400000, 0x0000000091920000, 0x0000000091920000)
  from space 17024K,  29% used [0x00000000929c0000, 0x0000000092ea3970, 0x0000000093a60000)
  to   space 17024K,   0% used [0x0000000091920000, 0x0000000091920000, 0x00000000929c0000)
 concurrent mark-sweep generation total 1775232K, used 1413400K [0x0000000093a60000, 0x0000000100000000, 0x0000000100000000)
 Metaspace       used 65722K, capacity 70189K, committed 70360K, reserved 1110016K
  class space    used 8112K, capacity 9148K, committed 9264K, reserved 1048576K
Event: 3076.841 GC heap after
Heap after GC invocations=1294 (full 2):
 par new generation   total 153344K, used 3707K [0x0000000089400000, 0x0000000093a60000, 0x0000000093a60000)
  eden space 136320K,   0% used [0x0000000089400000, 0x0000000089400000, 0x0000000091920000)
  from space 17024K,  21% used [0x0000000091920000, 0x0000000091cbee60, 0x00000000929c0000)
  to   space 17024K,   0% used [0x00000000929c0000, 0x00000000929c0000, 0x0000000093a60000)
 concurrent mark-sweep generation total 1775232K, used 1414066K [0x0000000093a60000, 0x0000000100000000, 0x0000000100000000)
 Metaspace       used 65722K, capacity 70189K, committed 70360K, reserved 1110016K
  class space    used 8112K, capacity 9148K, committed 9264K, reserved 1048576K
}
Event: 3078.133 GC heap before
{Heap before GC invocations=1294 (full 2):
 par new generation   total 153344K, used 140027K [0x0000000089400000, 0x0000000093a60000, 0x0000000093a60000)
  eden space 136320K, 100% used [0x0000000089400000, 0x0000000091920000, 0x0000000091920000)
  from space 17024K,  21% used [0x0000000091920000, 0x0000000091cbee60, 0x00000000929c0000)
  to   space 17024K,   0% used [0x00000000929c0000, 0x00000000929c0000, 0x0000000093a60000)
 concurrent mark-sweep generation total 1775232K, used 1414066K [0x0000000093a60000, 0x0000000100000000, 0x0000000100000000)
 Metaspace       used 65722K, capacity 70189K, committed 70360K, reserved 1110016K
  class space    used 8112K, capacity 9148K, committed 9264K, reserved 1048576K
Event: 3078.143 GC heap after
Heap after GC invocations=1295 (full 2):
 par new generation   total 153344K, used 2743K [0x0000000089400000, 0x0000000093a60000, 0x0000000093a60000)
  eden space 136320K,   0% used [0x0000000089400000, 0x0000000089400000, 0x0000000091920000)
  from space 17024K,  16% used [0x00000000929c0000, 0x0000000092c6de08, 0x0000000093a60000)
  to   space 17024K,   0% used [0x0000000091920000, 0x0000000091920000, 0x00000000929c0000)
 concurrent mark-sweep generation total 1775232K, used 1414171K [0x0000000093a60000, 0x0000000100000000, 0x0000000100000000)
 Metaspace       used 65722K, capacity 70189K, committed 70360K, reserved 1110016K
  class space    used 8112K, capacity 9148K, committed 9264K, reserved 1048576K
}
Event: 3080.179 GC heap before
{Heap before GC invocations=1295 (full 2):
 par new generation   total 153344K, used 139063K [0x0000000089400000, 0x0000000093a60000, 0x0000000093a60000)
  eden space 136320K, 100% used [0x0000000089400000, 0x0000000091920000, 0x0000000091920000)
  from space 17024K,  16% used [0x00000000929c0000, 0x0000000092c6de08, 0x0000000093a60000)
  to   space 17024K,   0% used [0x0000000091920000, 0x0000000091920000, 0x00000000929c0000)
 concurrent mark-sweep generation total 1775232K, used 1414171K [0x0000000093a60000, 0x0000000100000000, 0x0000000100000000)
 Metaspace       used 65750K, capacity 70253K, committed 70616K, reserved 1110016K
  class space    used 8116K, capacity 9148K, committed 9264K, reserved 1048576K
Event: 3080.189 GC heap after
Heap after GC invocations=1296 (full 2):
 par new generation   total 153344K, used 2486K [0x0000000089400000, 0x0000000093a60000, 0x0000000093a60000)
  eden space 136320K,   0% used [0x0000000089400000, 0x0000000089400000, 0x0000000091920000)
  from space 17024K,  14% used [0x0000000091920000, 0x0000000091b8da60, 0x00000000929c0000)
  to   space 17024K,   0% used [0x00000000929c0000, 0x00000000929c0000, 0x0000000093a60000)
 concurrent mark-sweep generation total 1775232K, used 1414487K [0x0000000093a60000, 0x0000000100000000, 0x0000000100000000)
 Metaspace       used 65750K, capacity 70253K, committed 70616K, reserved 1110016K
  class space    used 8116K, capacity 9148K, committed 9264K, reserved 1048576K
}
Event: 3082.866 GC heap before
{Heap before GC invocations=1296 (full 2):
 par new generation   total 153344K, used 138806K [0x0000000089400000, 0x0000000093a60000, 0x0000000093a60000)
  eden space 136320K, 100% used [0x0000000089400000, 0x0000000091920000, 0x0000000091920000)
  from space 17024K,  14% used [0x0000000091920000, 0x0000000091b8da60, 0x00000000929c0000)
  to   space 17024K,   0% used [0x00000000929c0000, 0x00000000929c0000, 0x0000000093a60000)
 concurrent mark-sweep generation total 1775232K, used 1414487K [0x0000000093a60000, 0x0000000100000000, 0x0000000100000000)
 Metaspace       used 65750K, capacity 70253K, committed 70616K, reserved 1110016K
  class space    used 8116K, capacity 9148K, committed 9264K, reserved 1048576K
Event: 3082.877 GC heap after
Heap after GC invocations=1297 (full 2):
 par new generation   total 153344K, used 2726K [0x0000000089400000, 0x0000000093a60000, 0x0000000093a60000)
  eden space 136320K,   0% used [0x0000000089400000, 0x0000000089400000, 0x0000000091920000)
  from space 17024K,  16% used [0x00000000929c0000, 0x0000000092c69930, 0x0000000093a60000)
  to   space 17024K,   0% used [0x0000000091920000, 0x0000000091920000, 0x00000000929c0000)
 concurrent mark-sweep generation total 1775232K, used 1414571K [0x0000000093a60000, 0x0000000100000000, 0x0000000100000000)
 Metaspace       used 65750K, capacity 70253K, committed 70616K, reserved 1110016K
  class space    used 8116K, capacity 9148K, committed 9264K, reserved 1048576K
}
Event: 3085.678 GC heap before
{Heap before GC invocations=1297 (full 2):
 par new generation   total 153344K, used 139041K [0x0000000089400000, 0x0000000093a60000, 0x0000000093a60000)
  eden space 136320K,  99% used [0x0000000089400000, 0x000000009191ed78, 0x0000000091920000)
  from space 17024K,  16% used [0x00000000929c0000, 0x0000000092c69930, 0x0000000093a60000)
  to   space 17024K,   0% used [0x0000000091920000, 0x0000000091920000, 0x00000000929c0000)
 concurrent mark-sweep generation total 1775232K, used 1414571K [0x0000000093a60000, 0x0000000100000000, 0x0000000100000000)
 Metaspace       used 65751K, capacity 70257K, committed 70616K, reserved 1110016K
  class space    used 8116K, capacity 9148K, committed 9264K, reserved 1048576K
Event: 3085.688 GC heap after
Heap after GC invocations=1298 (full 2):
 par new generation   total 153344K, used 3088K [0x0000000089400000, 0x0000000093a60000, 0x0000000093a60000)
  eden space 136320K,   0% used [0x0000000089400000, 0x0000000089400000, 0x0000000091920000)
  from space 17024K,  18% used [0x0000000091920000, 0x0000000091c24158, 0x00000000929c0000)
  to   space 17024K,   0% used [0x00000000929c0000, 0x00000000929c0000, 0x0000000093a60000)
 concurrent mark-sweep generation total 1775232K, used 1414605K [0x0000000093a60000, 0x0000000100000000, 0x0000000100000000)
 Metaspace       used 65751K, capacity 70257K, committed 70616K, reserved 1110016K
  class space    used 8116K, capacity 9148K, committed 9264K, reserved 1048576K
}
Event: 3088.278 GC heap before
{Heap before GC invocations=1298 (full 2):
 par new generation   total 153344K, used 139408K [0x0000000089400000, 0x0000000093a60000, 0x0000000093a60000)
  eden space 136320K, 100% used [0x0000000089400000, 0x0000000091920000, 0x0000000091920000)
  from space 17024K,  18% used [0x0000000091920000, 0x0000000091c24158, 0x00000000929c0000)
  to   space 17024K,   0% used [0x00000000929c0000, 0x00000000929c0000, 0x0000000093a60000)
 concurrent mark-sweep generation total 1775232K, used 1414605K [0x0000000093a60000, 0x0000000100000000, 0x0000000100000000)
 Metaspace       used 65751K, capacity 70257K, committed 70616K, reserved 1110016K
  class space    used 8116K, capacity 9148K, committed 9264K, reserved 1048576K
Event: 3088.288 GC heap after
Heap after GC invocations=1299 (full 2):
 par new generation   total 153344K, used 3319K [0x0000000089400000, 0x0000000093a60000, 0x0000000093a60000)
  eden space 136320K,   0% used [0x0000000089400000, 0x0000000089400000, 0x0000000091920000)
  from space 17024K,  19% used [0x00000000929c0000, 0x0000000092cfdef0, 0x0000000093a60000)
  to   space 17024K,   0% used [0x0000000091920000, 0x0000000091920000, 0x00000000929c0000)
 concurrent mark-sweep generation total 1775232K, used 1414950K [0x0000000093a60000, 0x0000000100000000, 0x0000000100000000)
 Metaspace       used 65751K, capacity 70257K, committed 70616K, reserved 1110016K
  class space    used 8116K, capacity 9148K, committed 9264K, reserved 1048576K
}
Event: 3090.834 GC heap before
{Heap before GC invocations=1299 (full 2):
 par new generation   total 153344K, used 139639K [0x0000000089400000, 0x0000000093a60000, 0x0000000093a60000)
  eden space 136320K, 100% used [0x0000000089400000, 0x0000000091920000, 0x0000000091920000)
  from space 17024K,  19% used [0x00000000929c0000, 0x0000000092cfdef0, 0x0000000093a60000)
  to   space 17024K,   0% used [0x0000000091920000, 0x0000000091920000, 0x00000000929c0000)
 concurrent mark-sweep generation total 1775232K, used 1414950K [0x0000000093a60000, 0x0000000100000000, 0x0000000100000000)
 Metaspace       used 65751K, capacity 70257K, committed 70616K, reserved 1110016K
  class space    used 8116K, capacity 9148K, committed 9264K, reserved 1048576K
Event: 3090.844 GC heap after
Heap after GC invocations=1300 (full 2):
 par new generation   total 153344K, used 2305K [0x0000000089400000, 0x0000000093a60000, 0x0000000093a60000)
  eden space 136320K,   0% used [0x0000000089400000, 0x0000000089400000, 0x0000000091920000)
  from space 17024K,  13% used [0x0000000091920000, 0x0000000091b60650, 0x00000000929c0000)
  to   space 17024K,   0% used [0x00000000929c0000, 0x00000000929c0000, 0x0000000093a60000)
 concurrent mark-sweep generation total 1775232K, used 1415024K [0x0000000093a60000, 0x0000000100000000, 0x0000000100000000)
 Metaspace       used 65751K, capacity 70257K, committed 70616K, reserved 1110016K
  class space    used 8116K, capacity 9148K, committed 9264K, reserved 1048576K
}
Event: 3093.683 GC heap before
{Heap before GC invocations=1300 (full 2):
 par new generation   total 153344K, used 138625K [0x0000000089400000, 0x0000000093a60000, 0x0000000093a60000)
  eden space 136320K, 100% used [0x0000000089400000, 0x0000000091920000, 0x0000000091920000)
  from space 17024K,  13% used [0x0000000091920000, 0x0000000091b60650, 0x00000000929c0000)
  to   space 17024K,   0% used [0x00000000929c0000, 0x00000000929c0000, 0x0000000093a60000)
 concurrent mark-sweep generation total 1775232K, used 1415024K [0x0000000093a60000, 0x0000000100000000, 0x0000000100000000)
 Metaspace       used 65751K, capacity 70257K, committed 70616K, reserved 1110016K
  class space    used 8116K, capacity 9148K, committed 9264K, reserved 1048576K
Event: 3093.693 GC heap after
Heap after GC invocations=1301 (full 2):
 par new generation   total 153344K, used 3026K [0x0000000089400000, 0x0000000093a60000, 0x0000000093a60000)
  eden space 136320K,   0% used [0x0000000089400000, 0x0000000089400000, 0x0000000091920000)
  from space 17024K,  17% used [0x00000000929c0000, 0x0000000092cb4828, 0x0000000093a60000)
  to   space 17024K,   0% used [0x0000000091920000, 0x0000000091920000, 0x00000000929c0000)
 concurrent mark-sweep generation total 1775232K, used 1415199K [0x0000000093a60000, 0x0000000100000000, 0x0000000100000000)
 Metaspace       used 65751K, capacity 70257K, committed 70616K, reserved 1110016K
  class space    used 8116K, capacity 9148K, committed 9264K, reserved 1048576K
}
Event: 3096.434 GC heap before
{Heap before GC invocations=1301 (full 2):
 par new generation   total 153344K, used 139346K [0x0000000089400000, 0x0000000093a60000, 0x0000000093a60000)
  eden space 136320K, 100% used [0x0000000089400000, 0x0000000091920000, 0x0000000091920000)
  from space 17024K,  17% used [0x00000000929c0000, 0x0000000092cb4828, 0x0000000093a60000)
  to   space 17024K,   0% used [0x0000000091920000, 0x0000000091920000, 0x00000000929c0000)
 concurrent mark-sweep generation total 1775232K, used 1415199K [0x0000000093a60000, 0x0000000100000000, 0x0000000100000000)
 Metaspace       used 65753K, capacity 70257K, committed 70616K, reserved 1110016K
  class space    used 8116K, capacity 9148K, committed 9264K, reserved 1048576K
Event: 3096.444 GC heap after
Heap after GC invocations=1302 (full 2):
 par new generation   total 153344K, used 2871K [0x0000000089400000, 0x0000000093a60000, 0x0000000093a60000)
  eden space 136320K,   0% used [0x0000000089400000, 0x0000000089400000, 0x0000000091920000)
  from space 17024K,  16% used [0x0000000091920000, 0x0000000091bedcc0, 0x00000000929c0000)
  to   space 17024K,   0% used [0x00000000929c0000, 0x00000000929c0000, 0x0000000093a60000)
 concurrent mark-sweep generation total 1775232K, used 1415721K [0x0000000093a60000, 0x0000000100000000, 0x0000000100000000)
 Metaspace       used 65753K, capacity 70257K, committed 70616K, reserved 1110016K
  class space    used 8116K, capacity 9148K, committed 9264K, reserved 1048576K
}
Event: 3098.839 GC heap before
{Heap before GC invocations=1302 (full 2):
 par new generation   total 153344K, used 139191K [0x0000000089400000, 0x0000000093a60000, 0x0000000093a60000)
  eden space 136320K, 100% used [0x0000000089400000, 0x0000000091920000, 0x0000000091920000)
  from space 17024K,  16% used [0x0000000091920000, 0x0000000091bedcc0, 0x00000000929c0000)
  to   space 17024K,   0% used [0x00000000929c0000, 0x00000000929c0000, 0x0000000093a60000)
 concurrent mark-sweep generation total 1775232K, used 1415721K [0x0000000093a60000, 0x0000000100000000, 0x0000000100000000)
 Metaspace       used 65753K, capacity 70257K, committed 70616K, reserved 1110016K
  class space    used 8116K, capacity 9148K, committed 9264K, reserved 1048576K
Event: 3098.849 GC heap after
Heap after GC invocations=1303 (full 2):
 par new generation   total 153344K, used 1808K [0x0000000089400000, 0x0000000093a60000, 0x0000000093a60000)
  eden space 136320K,   0% used [0x0000000089400000, 0x0000000089400000, 0x0000000091920000)
  from space 17024K,  10% used [0x00000000929c0000, 0x0000000092b84010, 0x0000000093a60000)
  to   space 17024K,   0% used [0x0000000091920000, 0x0000000091920000, 0x00000000929c0000)
 concurrent mark-sweep generation total 1775232K, used 1415818K [0x0000000093a60000, 0x0000000100000000, 0x0000000100000000)
 Metaspace       used 65753K, capacity 70257K, committed 70616K, reserved 1110016K
  class space    used 8116K, capacity 9148K, committed 9264K, reserved 1048576K
}
Event: 3101.096 GC heap before
{Heap before GC invocations=1303 (full 2):
 par new generation   total 153344K, used 138122K [0x0000000089400000, 0x0000000093a60000, 0x0000000093a60000)
  eden space 136320K,  99% used [0x0000000089400000, 0x000000009191ebd8, 0x0000000091920000)
  from space 17024K,  10% used [0x00000000929c0000, 0x0000000092b84010, 0x0000000093a60000)
  to   space 17024K,   0% used [0x0000000091920000, 0x0000000091920000, 0x00000000929c0000)
 concurrent mark-sweep generation total 1775232K, used 1415818K [0x0000000093a60000, 0x0000000100000000, 0x0000000100000000)
 Metaspace       used 65753K, capacity 70257K, committed 70616K, reserved 1110016K
  class space    used 8116K, capacity 9148K, committed 9264K, reserved 1048576K
Event: 3101.106 GC heap after
Heap after GC invocations=1304 (full 2):
 par new generation   total 153344K, used 3463K [0x0000000089400000, 0x0000000093a60000, 0x0000000093a60000)
  eden space 136320K,   0% used [0x0000000089400000, 0x0000000089400000, 0x0000000091920000)
  from space 17024K,  20% used [0x0000000091920000, 0x0000000091c81c30, 0x00000000929c0000)
  to   space 17024K,   0% used [0x00000000929c0000, 0x00000000929c0000, 0x0000000093a60000)
 concurrent mark-sweep generation total 1775232K, used 1415846K [0x0000000093a60000, 0x0000000100000000, 0x0000000100000000)
 Metaspace       used 65753K, capacity 70257K, committed 70616K, reserved 1110016K
  class space    used 8116K, capacity 9148K, committed 9264K, reserved 1048576K
}
Event: 3103.333 GC heap before
{Heap before GC invocations=1304 (full 2):
 par new generation   total 153344K, used 139783K [0x0000000089400000, 0x0000000093a60000, 0x0000000093a60000)
  eden space 136320K, 100% used [0x0000000089400000, 0x0000000091920000, 0x0000000091920000)
  from space 17024K,  20% used [0x0000000091920000, 0x0000000091c81c30, 0x00000000929c0000)
  to   space 17024K,   0% used [0x00000000929c0000, 0x00000000929c0000, 0x0000000093a60000)
 concurrent mark-sweep generation total 1775232K, used 1415846K [0x0000000093a60000, 0x0000000100000000, 0x0000000100000000)
 Metaspace       used 65753K, capacity 70257K, committed 70616K, reserved 1110016K
  class space    used 8116K, capacity 9148K, committed 9264K, reserved 1048576K
Event: 3103.343 GC heap after
Heap after GC invocations=1305 (full 2):
 par new generation   total 153344K, used 2191K [0x0000000089400000, 0x0000000093a60000, 0x0000000093a60000)
  eden space 136320K,   0% used [0x0000000089400000, 0x0000000089400000, 0x0000000091920000)
  from space 17024K,  12% used [0x00000000929c0000, 0x0000000092be3d48, 0x0000000093a60000)
  to   space 17024K,   0% used [0x0000000091920000, 0x0000000091920000, 0x00000000929c0000)
 concurrent mark-sweep generation total 1775232K, used 1415924K [0x0000000093a60000, 0x0000000100000000, 0x0000000100000000)
 Metaspace       used 65753K, capacity 70257K, committed 70616K, reserved 1110016K
  class space    used 8116K, capacity 9148K, committed 9264K, reserved 1048576K
}
Event: 3104.844 GC heap before
{Heap before GC invocations=1305 (full 2):
 par new generation   total 153344K, used 138511K [0x0000000089400000, 0x0000000093a60000, 0x0000000093a60000)
  eden space 136320K, 100% used [0x0000000089400000, 0x0000000091920000, 0x0000000091920000)
  from space 17024K,  12% used [0x00000000929c0000, 0x0000000092be3d48, 0x0000000093a60000)
  to   space 17024K,   0% used [0x0000000091920000, 0x0000000091920000, 0x00000000929c0000)
 concurrent mark-sweep generation total 1775232K, used 1415924K [0x0000000093a60000, 0x0000000100000000, 0x0000000100000000)
 Metaspace       used 65754K, capacity 70257K, committed 70616K, reserved 1110016K
  class space    used 8116K, capacity 9148K, committed 9264K, reserved 1048576K
Event: 3104.855 GC heap after
Heap after GC invocations=1306 (full 2):
 par new generation   total 153344K, used 4055K [0x0000000089400000, 0x0000000093a60000, 0x0000000093a60000)
  eden space 136320K,   0% used [0x0000000089400000, 0x0000000089400000, 0x0000000091920000)
  from space 17024K,  23% used [0x0000000091920000, 0x0000000091d15e08, 0x00000000929c0000)
  to   space 17024K,   0% used [0x00000000929c0000, 0x00000000929c0000, 0x0000000093a60000)
 concurrent mark-sweep generation total 1775232K, used 1415947K [0x0000000093a60000, 0x0000000100000000, 0x0000000100000000)
 Metaspace       used 65754K, capacity 70257K, committed 70616K, reserved 1110016K
  class space    used 8116K, capacity 9148K, committed 9264K, reserved 1048576K
}
Event: 3106.239 GC heap before
{Heap before GC invocations=1306 (full 2):
 par new generation   total 153344K, used 140375K [0x0000000089400000, 0x0000000093a60000, 0x0000000093a60000)
  eden space 136320K, 100% used [0x0000000089400000, 0x0000000091920000, 0x0000000091920000)
  from space 17024K,  23% used [0x0000000091920000, 0x0000000091d15e08, 0x00000000929c0000)
  to   space 17024K,   0% used [0x00000000929c0000, 0x00000000929c0000, 0x0000000093a60000)
 concurrent mark-sweep generation total 1775232K, used 1415947K [0x0000000093a60000, 0x0000000100000000, 0x0000000100000000)
 Metaspace       used 65754K, capacity 70257K, committed 70616K, reserved 1110016K
  class space    used 8116K, capacity 9148K, committed 9264K, reserved 1048576K
Event: 3106.250 GC heap after
Heap after GC invocations=1307 (full 2):
 par new generation   total 153344K, used 4179K [0x0000000089400000, 0x0000000093a60000, 0x0000000093a60000)
  eden space 136320K,   0% used [0x0000000089400000, 0x0000000089400000, 0x0000000091920000)
  from space 17024K,  24% used [0x00000000929c0000, 0x0000000092dd4db0, 0x0000000093a60000)
  to   space 17024K,   0% used [0x0000000091920000, 0x0000000091920000, 0x00000000929c0000)
 concurrent mark-sweep generation total 1775232K, used 1415971K [0x0000000093a60000, 0x0000000100000000, 0x0000000100000000)
 Metaspace       used 65754K, capacity 70257K, committed 70616K, reserved 1110016K
  class space    used 8116K, capacity 9148K, committed 9264K, reserved 1048576K
}
Event: 3107.637 GC heap before
{Heap before GC invocations=1307 (full 2):
 par new generation   total 153344K, used 140499K [0x0000000089400000, 0x0000000093a60000, 0x0000000093a60000)
  eden space 136320K, 100% used [0x0000000089400000, 0x0000000091920000, 0x0000000091920000)
  from space 17024K,  24% used [0x00000000929c0000, 0x0000000092dd4db0, 0x0000000093a60000)
  to   space 17024K,   0% used [0x0000000091920000, 0x0000000091920000, 0x00000000929c0000)
 concurrent mark-sweep generation total 1775232K, used 1415971K [0x0000000093a60000, 0x0000000100000000, 0x0000000100000000)
 Metaspace       used 65754K, capacity 70257K, committed 70616K, reserved 1110016K
  class space    used 8116K, capacity 9148K, committed 9264K, reserved 1048576K
Event: 3107.648 GC heap after
Heap after GC invocations=1308 (full 2):
 par new generation   total 153344K, used 4200K [0x0000000089400000, 0x0000000093a60000, 0x0000000093a60000)
  eden space 136320K,   0% used [0x0000000089400000, 0x0000000089400000, 0x0000000091920000)
  from space 17024K,  24% used [0x0000000091920000, 0x0000000091d3a3c0, 0x00000000929c0000)
  to   space 17024K,   0% used [0x00000000929c0000, 0x00000000929c0000, 0x0000000093a60000)
 concurrent mark-sweep generation total 1775232K, used 1416123K [0x0000000093a60000, 0x0000000100000000, 0x0000000100000000)
 Metaspace       used 65754K, capacity 70257K, committed 70616K, reserved 1110016K
  class space    used 8116K, capacity 9148K, committed 9264K, reserved 1048576K
}
Event: 3108.890 GC heap before
{Heap before GC invocations=1308 (full 2):
 par new generation   total 153344K, used 140520K [0x0000000089400000, 0x0000000093a60000, 0x0000000093a60000)
  eden space 136320K, 100% used [0x0000000089400000, 0x0000000091920000, 0x0000000091920000)
  from space 17024K,  24% used [0x0000000091920000, 0x0000000091d3a3c0, 0x00000000929c0000)
  to   space 17024K,   0% used [0x00000000929c0000, 0x00000000929c0000, 0x0000000093a60000)
 concurrent mark-sweep generation total 1775232K, used 1416123K [0x0000000093a60000, 0x0000000100000000, 0x0000000100000000)
 Metaspace       used 65754K, capacity 70257K, committed 70616K, reserved 1110016K
  class space    used 8116K, capacity 9148K, committed 9264K, reserved 1048576K
Event: 3108.901 GC heap after
Heap after GC invocations=1309 (full 2):
 par new generation   total 153344K, used 3019K [0x0000000089400000, 0x0000000093a60000, 0x0000000093a60000)
  eden space 136320K,   0% used [0x0000000089400000, 0x0000000089400000, 0x0000000091920000)
  from space 17024K,  17% used [0x00000000929c0000, 0x0000000092cb2db0, 0x0000000093a60000)
  to   space 17024K,   0% used [0x0000000091920000, 0x0000000091920000, 0x00000000929c0000)
 concurrent mark-sweep generation total 1775232K, used 1416263K [0x0000000093a60000, 0x0000000100000000, 0x0000000100000000)
 Metaspace       used 65754K, capacity 70257K, committed 70616K, reserved 1110016K
  class space    used 8116K, capacity 9148K, committed 9264K, reserved 1048576K
}
Event: 3111.036 GC heap before
{Heap before GC invocations=1309 (full 2):
 par new generation   total 153344K, used 139339K [0x0000000089400000, 0x0000000093a60000, 0x0000000093a60000)
  eden space 136320K, 100% used [0x0000000089400000, 0x0000000091920000, 0x0000000091920000)
  from space 17024K,  17% used [0x00000000929c0000, 0x0000000092cb2db0, 0x0000000093a60000)
  to   space 17024K,   0% used [0x0000000091920000, 0x0000000091920000, 0x00000000929c0000)
 concurrent mark-sweep generation total 1775232K, used 1416263K [0x0000000093a60000, 0x0000000100000000, 0x0000000100000000)
 Metaspace       used 65754K, capacity 70257K, committed 70616K, reserved 1110016K
  class space    used 8116K, capacity 9148K, committed 9264K, reserved 1048576K
Event: 3111.047 GC heap after
Heap after GC invocations=1310 (full 2):
 par new generation   total 153344K, used 2677K [0x0000000089400000, 0x0000000093a60000, 0x0000000093a60000)
  eden space 136320K,   0% used [0x0000000089400000, 0x0000000089400000, 0x0000000091920000)
  from space 17024K,  15% used [0x0000000091920000, 0x0000000091bbd4a8, 0x00000000929c0000)
  to   space 17024K,   0% used [0x00000000929c0000, 0x00000000929c0000, 0x0000000093a60000)
 concurrent mark-sweep generation total 1775232K, used 1417440K [0x0000000093a60000, 0x0000000100000000, 0x0000000100000000)
 Metaspace       used 65754K, capacity 70257K, committed 70616K, reserved 1110016K
  class space    used 8116K, capacity 9148K, committed 9264K, reserved 1048576K
}
Event: 3113.385 GC heap before
{Heap before GC invocations=1310 (full 2):
 par new generation   total 153344K, used 138997K [0x0000000089400000, 0x0000000093a60000, 0x0000000093a60000)
  eden space 136320K, 100% used [0x0000000089400000, 0x0000000091920000, 0x0000000091920000)
  from space 17024K,  15% used [0x0000000091920000, 0x0000000091bbd4a8, 0x00000000929c0000)
  to   space 17024K,   0% used [0x00000000929c0000, 0x00000000929c0000, 0x0000000093a60000)
 concurrent mark-sweep generation total 1775232K, used 1417440K [0x0000000093a60000, 0x0000000100000000, 0x0000000100000000)
 Metaspace       used 65754K, capacity 70257K, committed 70616K, reserved 1110016K
  class space    used 8116K, capacity 9148K, committed 9264K, reserved 1048576K
Event: 3113.395 GC heap after
Heap after GC invocations=1311 (full 2):
 par new generation   total 153344K, used 2146K [0x0000000089400000, 0x0000000093a60000, 0x0000000093a60000)
  eden space 136320K,   0% used [0x0000000089400000, 0x0000000089400000, 0x0000000091920000)
  from space 17024K,  12% used [0x00000000929c0000, 0x0000000092bd8810, 0x0000000093a60000)
  to   space 17024K,   0% used [0x0000000091920000, 0x0000000091920000, 0x00000000929c0000)
 concurrent mark-sweep generation total 1775232K, used 1417468K [0x0000000093a60000, 0x0000000100000000, 0x0000000100000000)
 Metaspace       used 65754K, capacity 70257K, committed 70616K, reserved 1110016K
  class space    used 8116K, capacity 9148K, committed 9264K, reserved 1048576K
}
Event: 3115.984 GC heap before
{Heap before GC invocations=1311 (full 2):
 par new generation   total 153344K, used 138466K [0x0000000089400000, 0x0000000093a60000, 0x0000000093a60000)
  eden space 136320K, 100% used [0x0000000089400000, 0x0000000091920000, 0x0000000091920000)
  from space 17024K,  12% used [0x00000000929c0000, 0x0000000092bd8810, 0x0000000093a60000)
  to   space 17024K,   0% used [0x0000000091920000, 0x0000000091920000, 0x00000000929c0000)
 concurrent mark-sweep generation total 1775232K, used 1417468K [0x0000000093a60000, 0x0000000100000000, 0x0000000100000000)
 Metaspace       used 65754K, capacity 70257K, committed 70616K, reserved 1110016K
  class space    used 8116K, capacity 9148K, committed 9264K, reserved 1048576K
Event: 3115.995 GC heap after
Heap after GC invocations=1312 (full 2):
 par new generation   total 153344K, used 3258K [0x0000000089400000, 0x0000000093a60000, 0x0000000093a60000)
  eden space 136320K,   0% used [0x0000000089400000, 0x0000000089400000, 0x0000000091920000)
  from space 17024K,  19% used [0x0000000091920000, 0x0000000091c4e860, 0x00000000929c0000)
  to   space 17024K,   0% used [0x00000000929c0000, 0x00000000929c0000, 0x0000000093a60000)
 concurrent mark-sweep generation total 1775232K, used 1417515K [0x0000000093a60000, 0x0000000100000000, 0x0000000100000000)
 Metaspace       used 65754K, capacity 70257K, committed 70616K, reserved 1110016K
  class space    used 8116K, capacity 9148K, committed 9264K, reserved 1048576K
}
Event: 3117.993 GC heap before
{Heap before GC invocations=1312 (full 2):
 par new generation   total 153344K, used 139578K [0x0000000089400000, 0x0000000093a60000, 0x0000000093a60000)
  eden space 136320K, 100% used [0x0000000089400000, 0x0000000091920000, 0x0000000091920000)
  from space 17024K,  19% used [0x0000000091920000, 0x0000000091c4e860, 0x00000000929c0000)
  to   space 17024K,   0% used [0x00000000929c0000, 0x00000000929c0000, 0x0000000093a60000)
 concurrent mark-sweep generation total 1775232K, used 1417515K [0x0000000093a60000, 0x0000000100000000, 0x0000000100000000)
 Metaspace       used 65764K, capacity 70271K, committed 70616K, reserved 1110016K
  class space    used 8118K, capacity 9151K, committed 9264K, reserved 1048576K
Event: 3118.006 GC heap after
Heap after GC invocations=1313 (full 2):
 par new generation   total 153344K, used 10487K [0x0000000089400000, 0x0000000093a60000, 0x0000000093a60000)
  eden space 136320K,   0% used [0x0000000089400000, 0x0000000089400000, 0x0000000091920000)
  from space 17024K,  61% used [0x00000000929c0000, 0x00000000933fdd90, 0x0000000093a60000)
  to   space 17024K,   0% used [0x0000000091920000, 0x0000000091920000, 0x00000000929c0000)
 concurrent mark-sweep generation total 1775232K, used 1417536K [0x0000000093a60000, 0x0000000100000000, 0x0000000100000000)
 Metaspace       used 65764K, capacity 70271K, committed 70616K, reserved 1110016K
  class space    used 8118K, capacity 9151K, committed 9264K, reserved 1048576K
}
Event: 3119.838 GC heap before
{Heap before GC invocations=1313 (full 2):
 par new generation   total 153344K, used 146807K [0x0000000089400000, 0x0000000093a60000, 0x0000000093a60000)
  eden space 136320K, 100% used [0x0000000089400000, 0x0000000091920000, 0x0000000091920000)
  from space 17024K,  61% used [0x00000000929c0000, 0x00000000933fdd90, 0x0000000093a60000)
  to   space 17024K,   0% used [0x0000000091920000, 0x0000000091920000, 0x00000000929c0000)
 concurrent mark-sweep generation total 1775232K, used 1417536K [0x0000000093a60000, 0x0000000100000000, 0x0000000100000000)
 Metaspace       used 65773K, capacity 70271K, committed 70616K, reserved 1110016K
  class space    used 8118K, capacity 9151K, committed 9264K, reserved 1048576K
Event: 3119.852 GC heap after
Heap after GC invocations=1314 (full 2):
 par new generation   total 153344K, used 8275K [0x0000000089400000, 0x0000000093a60000, 0x0000000093a60000)
  eden space 136320K,   0% used [0x0000000089400000, 0x0000000089400000, 0x0000000091920000)
  from space 17024K,  48% used [0x0000000091920000, 0x0000000092134c60, 0x00000000929c0000)
  to   space 17024K,   0% used [0x00000000929c0000, 0x00000000929c0000, 0x0000000093a60000)
 concurrent mark-sweep generation total 1775232K, used 1419581K [0x0000000093a60000, 0x0000000100000000, 0x0000000100000000)
 Metaspace       used 65773K, capacity 70271K, committed 70616K, reserved 1110016K
  class space    used 8118K, capacity 9151K, committed 9264K, reserved 1048576K
}
Event: 3121.844 GC heap before
{Heap before GC invocations=1314 (full 2):
 par new generation   total 153344K, used 144595K [0x0000000089400000, 0x0000000093a60000, 0x0000000093a60000)
  eden space 136320K, 100% used [0x0000000089400000, 0x0000000091920000, 0x0000000091920000)
  from space 17024K,  48% used [0x0000000091920000, 0x0000000092134c60, 0x00000000929c0000)
  to   space 17024K,   0% used [0x00000000929c0000, 0x00000000929c0000, 0x0000000093a60000)
 concurrent mark-sweep generation total 1775232K, used 1419581K [0x0000000093a60000, 0x0000000100000000, 0x0000000100000000)
 Metaspace       used 65773K, capacity 70271K, committed 70616K, reserved 1110016K
  class space    used 8118K, capacity 9151K, committed 9264K, reserved 1048576K
Event: 3121.852 GC heap after
Heap after GC invocations=1315 (full 2):
 par new generation   total 153344K, used 2120K [0x0000000089400000, 0x0000000093a60000, 0x0000000093a60000)
  eden space 136320K,   0% used [0x0000000089400000, 0x0000000089400000, 0x0000000091920000)
  from space 17024K,  12% used [0x00000000929c0000, 0x0000000092bd23b0, 0x0000000093a60000)
  to   space 17024K,   0% used [0x0000000091920000, 0x0000000091920000, 0x00000000929c0000)
 concurrent mark-sweep generation total 1775232K, used 1419581K [0x0000000093a60000, 0x0000000100000000, 0x0000000100000000)
 Metaspace       used 65773K, capacity 70271K, committed 70616K, reserved 1110016K
  class space    used 8118K, capacity 9151K, committed 9264K, reserved 1048576K
}
Event: 3123.935 GC heap before
{Heap before GC invocations=1315 (full 2):
 par new generation   total 153344K, used 138440K [0x0000000089400000, 0x0000000093a60000, 0x0000000093a60000)
  eden space 136320K, 100% used [0x0000000089400000, 0x0000000091920000, 0x0000000091920000)
  from space 17024K,  12% used [0x00000000929c0000, 0x0000000092bd23b0, 0x0000000093a60000)
  to   space 17024K,   0% used [0x0000000091920000, 0x0000000091920000, 0x00000000929c0000)
 concurrent mark-sweep generation total 1775232K, used 1419581K [0x0000000093a60000, 0x0000000100000000, 0x0000000100000000)
 Metaspace       used 65774K, capacity 70271K, committed 70616K, reserved 1110016K
  class space    used 8118K, capacity 9151K, committed 9264K, reserved 1048576K
Event: 3123.943 GC heap after
Heap after GC invocations=1316 (full 2):
 par new generation   total 153344K, used 591K [0x0000000089400000, 0x0000000093a60000, 0x0000000093a60000)
  eden space 136320K,   0% used [0x0000000089400000, 0x0000000089400000, 0x0000000091920000)
  from space 17024K,   3% used [0x0000000091920000, 0x00000000919b3fb0, 0x00000000929c0000)
  to   space 17024K,   0% used [0x00000000929c0000, 0x00000000929c0000, 0x0000000093a60000)
 concurrent mark-sweep generation total 1775232K, used 1419581K [0x0000000093a60000, 0x0000000100000000, 0x0000000100000000)
 Metaspace       used 65774K, capacity 70271K, committed 70616K, reserved 1110016K
  class space    used 8118K, capacity 9151K, committed 9264K, reserved 1048576K
}
Event: 3126.335 GC heap before
{Heap before GC invocations=1316 (full 2):
 par new generation   total 153344K, used 136911K [0x0000000089400000, 0x0000000093a60000, 0x0000000093a60000)
  eden space 136320K, 100% used [0x0000000089400000, 0x0000000091920000, 0x0000000091920000)
  from space 17024K,   3% used [0x0000000091920000, 0x00000000919b3fb0, 0x00000000929c0000)
  to   space 17024K,   0% used [0x00000000929c0000, 0x00000000929c0000, 0x0000000093a60000)
 concurrent mark-sweep generation total 1775232K, used 1419581K [0x0000000093a60000, 0x0000000100000000, 0x0000000100000000)
 Metaspace       used 65775K, capacity 70271K, committed 70616K, reserved 1110016K
  class space    used 8118K, capacity 9151K, committed 9264K, reserved 1048576K
Event: 3126.344 GC heap after
Heap after GC invocations=1317 (full 2):
 par new generation   total 153344K, used 663K [0x0000000089400000, 0x0000000093a60000, 0x0000000093a60000)
  eden space 136320K,   0% used [0x0000000089400000, 0x0000000089400000, 0x0000000091920000)
  from space 17024K,   3% used [0x00000000929c0000, 0x0000000092a65fc0, 0x0000000093a60000)
  to   space 17024K,   0% used [0x0000000091920000, 0x0000000091920000, 0x00000000929c0000)
 concurrent mark-sweep generation total 1775232K, used 1419581K [0x0000000093a60000, 0x0000000100000000, 0x0000000100000000)
 Metaspace       used 65775K, capacity 70271K, committed 70616K, reserved 1110016K
  class space    used 8118K, capacity 9151K, committed 9264K, reserved 1048576K
}
Event: 3128.534 GC heap before
{Heap before GC invocations=1317 (full 2):
 par new generation   total 153344K, used 136983K [0x0000000089400000, 0x0000000093a60000, 0x0000000093a60000)
  eden space 136320K, 100% used [0x0000000089400000, 0x0000000091920000, 0x0000000091920000)
  from space 17024K,   3% used [0x00000000929c0000, 0x0000000092a65fc0, 0x0000000093a60000)
  to   space 17024K,   0% used [0x0000000091920000, 0x0000000091920000, 0x00000000929c0000)
 concurrent mark-sweep generation total 1775232K, used 1419581K [0x0000000093a60000, 0x0000000100000000, 0x0000000100000000)
 Metaspace       used 65775K, capacity 70271K, committed 70616K, reserved 1110016K
  class space    used 8118K, capacity 9151K, committed 9264K, reserved 1048576K
Event: 3128.544 GC heap after
Heap after GC invocations=1318 (full 2):
 par new generation   total 153344K, used 1867K [0x0000000089400000, 0x0000000093a60000, 0x0000000093a60000)
  eden space 136320K,   0% used [0x0000000089400000, 0x0000000089400000, 0x0000000091920000)
  from space 17024K,  10% used [0x0000000091920000, 0x0000000091af2e90, 0x00000000929c0000)
  to   space 17024K,   0% used [0x00000000929c0000, 0x00000000929c0000, 0x0000000093a60000)
 concurrent mark-sweep generation total 1775232K, used 1419581K [0x0000000093a60000, 0x0000000100000000, 0x0000000100000000)
 Metaspace       used 65775K, capacity 70271K, committed 70616K, reserved 1110016K
  class space    used 8118K, capacity 9151K, committed 9264K, reserved 1048576K
}
Event: 3131.087 GC heap before
{Heap before GC invocations=1318 (full 2):
 par new generation   total 153344K, used 138187K [0x0000000089400000, 0x0000000093a60000, 0x0000000093a60000)
  eden space 136320K, 100% used [0x0000000089400000, 0x0000000091920000, 0x0000000091920000)
  from space 17024K,  10% used [0x0000000091920000, 0x0000000091af2e90, 0x00000000929c0000)
  to   space 17024K,   0% used [0x00000000929c0000, 0x00000000929c0000, 0x0000000093a60000)
 concurrent mark-sweep generation total 1775232K, used 1419581K [0x0000000093a60000, 0x0000000100000000, 0x0000000100000000)
 Metaspace       used 65775K, capacity 70271K, committed 70616K, reserved 1110016K
  class space    used 8118K, capacity 9151K, committed 9264K, reserved 1048576K
Event: 3131.097 GC heap after
Heap after GC invocations=1319 (full 2):
 par new generation   total 153344K, used 2564K [0x0000000089400000, 0x0000000093a60000, 0x0000000093a60000)
  eden space 136320K,   0% used [0x0000000089400000, 0x0000000089400000, 0x0000000091920000)
  from space 17024K,  15% used [0x00000000929c0000, 0x0000000092c41130, 0x0000000093a60000)
  to   space 17024K,   0% used [0x0000000091920000, 0x0000000091920000, 0x00000000929c0000)
 concurrent mark-sweep generation total 1775232K, used 1419619K [0x0000000093a60000, 0x0000000100000000, 0x0000000100000000)
 Metaspace       used 65775K, capacity 70271K, committed 70616K, reserved 1110016K
  class space    used 8118K, capacity 9151K, committed 9264K, reserved 1048576K
}
Event: 3133.640 GC heap before
{Heap before GC invocations=1319 (full 2):
 par new generation   total 153344K, used 138884K [0x0000000089400000, 0x0000000093a60000, 0x0000000093a60000)
  eden space 136320K, 100% used [0x0000000089400000, 0x0000000091920000, 0x0000000091920000)
  from space 17024K,  15% used [0x00000000929c0000, 0x0000000092c41130, 0x0000000093a60000)
  to   space 17024K,   0% used [0x0000000091920000, 0x0000000091920000, 0x00000000929c0000)
 concurrent mark-sweep generation total 1775232K, used 1419619K [0x0000000093a60000, 0x0000000100000000, 0x0000000100000000)
 Metaspace       used 65776K, capacity 70275K, committed 70616K, reserved 1110016K
  class space    used 8118K, capacity 9151K, committed 9264K, reserved 1048576K
Event: 3133.649 GC heap after
Heap after GC invocations=1320 (full 2):
 par new generation   total 153344K, used 2586K [0x0000000089400000, 0x0000000093a60000, 0x0000000093a60000)
  eden space 136320K,   0% used [0x0000000089400000, 0x0000000089400000, 0x0000000091920000)
  from space 17024K,  15% used [0x0000000091920000, 0x0000000091ba6a70, 0x00000000929c0000)
  to   space 17024K,   0% used [0x00000000929c0000, 0x00000000929c0000, 0x0000000093a60000)
 concurrent mark-sweep generation total 1775232K, used 1419689K [0x0000000093a60000, 0x0000000100000000, 0x0000000100000000)
 Metaspace       used 65776K, capacity 70275K, committed 70616K, reserved 1110016K
  class space    used 8118K, capacity 9151K, committed 9264K, reserved 1048576K
}
Event: 3136.187 GC heap before
{Heap before GC invocations=1320 (full 2):
 par new generation   total 153344K, used 138906K [0x0000000089400000, 0x0000000093a60000, 0x0000000093a60000)
  eden space 136320K, 100% used [0x0000000089400000, 0x0000000091920000, 0x0000000091920000)
  from space 17024K,  15% used [0x0000000091920000, 0x0000000091ba6a70, 0x00000000929c0000)
  to   space 17024K,   0% used [0x00000000929c0000, 0x00000000929c0000, 0x0000000093a60000)
 concurrent mark-sweep generation total 1775232K, used 1419689K [0x0000000093a60000, 0x0000000100000000, 0x0000000100000000)
 Metaspace       used 65776K, capacity 70275K, committed 70616K, reserved 1110016K
  class space    used 8118K, capacity 9151K, committed 9264K, reserved 1048576K
Event: 3136.197 GC heap after
Heap after GC invocations=1321 (full 2):
 par new generation   total 153344K, used 2448K [0x0000000089400000, 0x0000000093a60000, 0x0000000093a60000)
  eden space 136320K,   0% used [0x0000000089400000, 0x0000000089400000, 0x0000000091920000)
  from space 17024K,  14% used [0x00000000929c0000, 0x0000000092c243c8, 0x0000000093a60000)
  to   space 17024K,   0% used [0x0000000091920000, 0x0000000091920000, 0x00000000929c0000)
 concurrent mark-sweep generation total 1775232K, used 1419748K [0x0000000093a60000, 0x0000000100000000, 0x0000000100000000)
 Metaspace       used 65776K, capacity 70275K, committed 70616K, reserved 1110016K
  class space    used 8118K, capacity 9151K, committed 9264K, reserved 1048576K
}
Event: 3138.887 GC heap before
{Heap before GC invocations=1321 (full 2):
 par new generation   total 153344K, used 138768K [0x0000000089400000, 0x0000000093a60000, 0x0000000093a60000)
  eden space 136320K, 100% used [0x0000000089400000, 0x0000000091920000, 0x0000000091920000)
  from space 17024K,  14% used [0x00000000929c0000, 0x0000000092c243c8, 0x0000000093a60000)
  to   space 17024K,   0% used [0x0000000091920000, 0x0000000091920000, 0x00000000929c0000)
 concurrent mark-sweep generation total 1775232K, used 1419748K [0x0000000093a60000, 0x0000000100000000, 0x0000000100000000)
 Metaspace       used 65776K, capacity 70275K, committed 70616K, reserved 1110016K
  class space    used 8118K, capacity 9151K, committed 9264K, reserved 1048576K
Event: 3138.897 GC heap after
Heap after GC invocations=1322 (full 2):
 par new generation   total 153344K, used 2384K [0x0000000089400000, 0x0000000093a60000, 0x0000000093a60000)
  eden space 136320K,   0% used [0x0000000089400000, 0x0000000089400000, 0x0000000091920000)
  from space 17024K,  14% used [0x0000000091920000, 0x0000000091b74160, 0x00000000929c0000)
  to   space 17024K,   0% used [0x00000000929c0000, 0x00000000929c0000, 0x0000000093a60000)
 concurrent mark-sweep generation total 1775232K, used 1419772K [0x0000000093a60000, 0x0000000100000000, 0x0000000100000000)
 Metaspace       used 65776K, capacity 70275K, committed 70616K, reserved 1110016K
  class space    used 8118K, capacity 9151K, committed 9264K, reserved 1048576K
}
Event: 3141.484 GC heap before
{Heap before GC invocations=1322 (full 2):
 par new generation   total 153344K, used 138704K [0x0000000089400000, 0x0000000093a60000, 0x0000000093a60000)
  eden space 136320K, 100% used [0x0000000089400000, 0x0000000091920000, 0x0000000091920000)
  from space 17024K,  14% used [0x0000000091920000, 0x0000000091b74160, 0x00000000929c0000)
  to   space 17024K,   0% used [0x00000000929c0000, 0x00000000929c0000, 0x0000000093a60000)
 concurrent mark-sweep generation total 1775232K, used 1419772K [0x0000000093a60000, 0x0000000100000000, 0x0000000100000000)
 Metaspace       used 65776K, capacity 70275K, committed 70616K, reserved 1110016K
  class space    used 8118K, capacity 9151K, committed 9264K, reserved 1048576K
Event: 3141.493 GC heap after
Heap after GC invocations=1323 (full 2):
 par new generation   total 153344K, used 2639K [0x0000000089400000, 0x0000000093a60000, 0x0000000093a60000)
  eden space 136320K,   0% used [0x0000000089400000, 0x0000000089400000, 0x0000000091920000)
  from space 17024K,  15% used [0x00000000929c0000, 0x0000000092c53c28, 0x0000000093a60000)
  to   space 17024K,   0% used [0x0000000091920000, 0x0000000091920000, 0x00000000929c0000)
 concurrent mark-sweep generation total 1775232K, used 1419802K [0x0000000093a60000, 0x0000000100000000, 0x0000000100000000)
 Metaspace       used 65776K, capacity 70275K, committed 70616K, reserved 1110016K
  class space    used 8118K, capacity 9151K, committed 9264K, reserved 1048576K
}
Event: 3144.211 GC heap before
{Heap before GC invocations=1323 (full 2):
 par new generation   total 153344K, used 138959K [0x0000000089400000, 0x0000000093a60000, 0x0000000093a60000)
  eden space 136320K, 100% used [0x0000000089400000, 0x0000000091920000, 0x0000000091920000)
  from space 17024K,  15% used [0x00000000929c0000, 0x0000000092c53c28, 0x0000000093a60000)
  to   space 17024K,   0% used [0x0000000091920000, 0x0000000091920000, 0x00000000929c0000)
 concurrent mark-sweep generation total 1775232K, used 1419802K [0x0000000093a60000, 0x0000000100000000, 0x0000000100000000)
 Metaspace       used 65776K, capacity 70275K, committed 70616K, reserved 1110016K
  class space    used 8118K, capacity 9151K, committed 9264K, reserved 1048576K
Event: 3144.221 GC heap after
Heap after GC invocations=1324 (full 2):
 par new generation   total 153344K, used 2473K [0x0000000089400000, 0x0000000093a60000, 0x0000000093a60000)
  eden space 136320K,   0% used [0x0000000089400000, 0x0000000089400000, 0x0000000091920000)
  from space 17024K,  14% used [0x0000000091920000, 0x0000000091b8a5e8, 0x00000000929c0000)
  to   space 17024K,   0% used [0x00000000929c0000, 0x00000000929c0000, 0x0000000093a60000)
 concurrent mark-sweep generation total 1775232K, used 1419902K [0x0000000093a60000, 0x0000000100000000, 0x0000000100000000)
 Metaspace       used 65776K, capacity 70275K, committed 70616K, reserved 1110016K
  class space    used 8118K, capacity 9151K, committed 9264K, reserved 1048576K
}
Event: 3146.888 GC heap before
{Heap before GC invocations=1324 (full 2):
 par new generation   total 153344K, used 138793K [0x0000000089400000, 0x0000000093a60000, 0x0000000093a60000)
  eden space 136320K, 100% used [0x0000000089400000, 0x0000000091920000, 0x0000000091920000)
  from space 17024K,  14% used [0x0000000091920000, 0x0000000091b8a5e8, 0x00000000929c0000)
  to   space 17024K,   0% used [0x00000000929c0000, 0x00000000929c0000, 0x0000000093a60000)
 concurrent mark-sweep generation total 1775232K, used 1419902K [0x0000000093a60000, 0x0000000100000000, 0x0000000100000000)
 Metaspace       used 65776K, capacity 70275K, committed 70616K, reserved 1110016K
  class space    used 8118K, capacity 9151K, committed 9264K, reserved 1048576K
Event: 3146.900 GC heap after
Heap after GC invocations=1325 (full 2):
 par new generation   total 153344K, used 4286K [0x0000000089400000, 0x0000000093a60000, 0x0000000093a60000)
  eden space 136320K,   0% used [0x0000000089400000, 0x0000000089400000, 0x0000000091920000)
  from space 17024K,  25% used [0x00000000929c0000, 0x0000000092def9a0, 0x0000000093a60000)
  to   space 17024K,   0% used [0x0000000091920000, 0x0000000091920000, 0x00000000929c0000)
 concurrent mark-sweep generation total 1775232K, used 1420160K [0x0000000093a60000, 0x0000000100000000, 0x0000000100000000)
 Metaspace       used 65776K, capacity 70275K, committed 70616K, reserved 1110016K
  class space    used 8118K, capacity 9151K, committed 9264K, reserved 1048576K
}
Event: 3149.488 GC heap before
{Heap before GC invocations=1325 (full 2):
 par new generation   total 153344K, used 140606K [0x0000000089400000, 0x0000000093a60000, 0x0000000093a60000)
  eden space 136320K, 100% used [0x0000000089400000, 0x0000000091920000, 0x0000000091920000)
  from space 17024K,  25% used [0x00000000929c0000, 0x0000000092def9a0, 0x0000000093a60000)
  to   space 17024K,   0% used [0x0000000091920000, 0x0000000091920000, 0x00000000929c0000)
 concurrent mark-sweep generation total 1775232K, used 1420160K [0x0000000093a60000, 0x0000000100000000, 0x0000000100000000)
 Metaspace       used 65778K, capacity 70275K, committed 70616K, reserved 1110016K
  class space    used 8118K, capacity 9151K, committed 9264K, reserved 1048576K
Event: 3149.500 GC heap after
Heap after GC invocations=1326 (full 2):
 par new generation   total 153344K, used 4166K [0x0000000089400000, 0x0000000093a60000, 0x0000000093a60000)
  eden space 136320K,   0% used [0x0000000089400000, 0x0000000089400000, 0x0000000091920000)
  from space 17024K,  24% used [0x0000000091920000, 0x0000000091d31b58, 0x00000000929c0000)
  to   space 17024K,   0% used [0x00000000929c0000, 0x00000000929c0000, 0x0000000093a60000)
 concurrent mark-sweep generation total 1775232K, used 1420851K [0x0000000093a60000, 0x0000000100000000, 0x0000000100000000)
 Metaspace       used 65778K, capacity 70275K, committed 70616K, reserved 1110016K
  class space    used 8118K, capacity 9151K, committed 9264K, reserved 1048576K
}
Event: 3152.008 GC heap before
{Heap before GC invocations=1326 (full 2):
 par new generation   total 153344K, used 140486K [0x0000000089400000, 0x0000000093a60000, 0x0000000093a60000)
  eden space 136320K, 100% used [0x0000000089400000, 0x0000000091920000, 0x0000000091920000)
  from space 17024K,  24% used [0x0000000091920000, 0x0000000091d31b58, 0x00000000929c0000)
  to   space 17024K,   0% used [0x00000000929c0000, 0x00000000929c0000, 0x0000000093a60000)
 concurrent mark-sweep generation total 1775232K, used 1420851K [0x0000000093a60000, 0x0000000100000000, 0x0000000100000000)
 Metaspace       used 65780K, capacity 70275K, committed 70616K, reserved 1110016K
  class space    used 8118K, capacity 9151K, committed 9264K, reserved 1048576K
Event: 3152.020 GC heap after
Heap after GC invocations=1327 (full 2):
 par new generation   total 153344K, used 4347K [0x0000000089400000, 0x0000000093a60000, 0x0000000093a60000)
  eden space 136320K,   0% used [0x0000000089400000, 0x0000000089400000, 0x0000000091920000)
  from space 17024K,  25% used [0x00000000929c0000, 0x0000000092dfee80, 0x0000000093a60000)
  to   space 17024K,   0% used [0x0000000091920000, 0x0000000091920000, 0x00000000929c0000)
 concurrent mark-sweep generation total 1775232K, used 1420905K [0x0000000093a60000, 0x0000000100000000, 0x0000000100000000)
 Metaspace       used 65780K, capacity 70275K, committed 70616K, reserved 1110016K
  class space    used 8118K, capacity 9151K, committed 9264K, reserved 1048576K
}
Event: 3154.788 GC heap before
{Heap before GC invocations=1327 (full 2):
 par new generation   total 153344K, used 140667K [0x0000000089400000, 0x0000000093a60000, 0x0000000093a60000)
  eden space 136320K, 100% used [0x0000000089400000, 0x0000000091920000, 0x0000000091920000)
  from space 17024K,  25% used [0x00000000929c0000, 0x0000000092dfee80, 0x0000000093a60000)
  to   space 17024K,   0% used [0x0000000091920000, 0x0000000091920000, 0x00000000929c0000)
 concurrent mark-sweep generation total 1775232K, used 1420905K [0x0000000093a60000, 0x0000000100000000, 0x0000000100000000)
 Metaspace       used 65780K, capacity 70275K, committed 70616K, reserved 1110016K
  class space    used 8118K, capacity 9151K, committed 9264K, reserved 1048576K
Event: 3154.799 GC heap after
Heap after GC invocations=1328 (full 2):
 par new generation   total 153344K, used 3190K [0x0000000089400000, 0x0000000093a60000, 0x0000000093a60000)
  eden space 136320K,   0% used [0x0000000089400000, 0x0000000089400000, 0x0000000091920000)
  from space 17024K,  18% used [0x0000000091920000, 0x0000000091c3d898, 0x00000000929c0000)
  to   space 17024K,   0% used [0x00000000929c0000, 0x00000000929c0000, 0x0000000093a60000)
 concurrent mark-sweep generation total 1775232K, used 1421170K [0x0000000093a60000, 0x0000000100000000, 0x0000000100000000)
 Metaspace       used 65780K, capacity 70275K, committed 70616K, reserved 1110016K
  class space    used 8118K, capacity 9151K, committed 9264K, reserved 1048576K
}
Event: 3157.438 GC heap before
{Heap before GC invocations=1328 (full 2):
 par new generation   total 153344K, used 139510K [0x0000000089400000, 0x0000000093a60000, 0x0000000093a60000)
  eden space 136320K, 100% used [0x0000000089400000, 0x0000000091920000, 0x0000000091920000)
  from space 17024K,  18% used [0x0000000091920000, 0x0000000091c3d898, 0x00000000929c0000)
  to   space 17024K,   0% used [0x00000000929c0000, 0x00000000929c0000, 0x0000000093a60000)
 concurrent mark-sweep generation total 1775232K, used 1421170K [0x0000000093a60000, 0x0000000100000000, 0x0000000100000000)
 Metaspace       used 65784K, capacity 70275K, committed 70616K, reserved 1110016K
  class space    used 8118K, capacity 9151K, committed 9264K, reserved 1048576K
Event: 3157.448 GC heap after
Heap after GC invocations=1329 (full 2):
 par new generation   total 153344K, used 4139K [0x0000000089400000, 0x0000000093a60000, 0x0000000093a60000)
  eden space 136320K,   0% used [0x0000000089400000, 0x0000000089400000, 0x0000000091920000)
  from space 17024K,  24% used [0x00000000929c0000, 0x0000000092dcad78, 0x0000000093a60000)
  to   space 17024K,   0% used [0x0000000091920000, 0x0000000091920000, 0x00000000929c0000)
 concurrent mark-sweep generation total 1775232K, used 1421196K [0x0000000093a60000, 0x0000000100000000, 0x0000000100000000)
 Metaspace       used 65784K, capacity 70275K, committed 70616K, reserved 1110016K
  class space    used 8118K, capacity 9151K, committed 9264K, reserved 1048576K
}
Event: 3160.286 GC heap before
{Heap before GC invocations=1329 (full 2):
 par new generation   total 153344K, used 140459K [0x0000000089400000, 0x0000000093a60000, 0x0000000093a60000)
  eden space 136320K, 100% used [0x0000000089400000, 0x0000000091920000, 0x0000000091920000)
  from space 17024K,  24% used [0x00000000929c0000, 0x0000000092dcad78, 0x0000000093a60000)
  to   space 17024K,   0% used [0x0000000091920000, 0x0000000091920000, 0x00000000929c0000)
 concurrent mark-sweep generation total 1775232K, used 1421196K [0x0000000093a60000, 0x0000000100000000, 0x0000000100000000)
 Metaspace       used 65784K, capacity 70275K, committed 70616K, reserved 1110016K
  class space    used 8118K, capacity 9151K, committed 9264K, reserved 1048576K
Event: 3160.296 GC heap after
Heap after GC invocations=1330 (full 2):
 par new generation   total 153344K, used 4201K [0x0000000089400000, 0x0000000093a60000, 0x0000000093a60000)
  eden space 136320K,   0% used [0x0000000089400000, 0x0000000089400000, 0x0000000091920000)
  from space 17024K,  24% used [0x0000000091920000, 0x0000000091d3a6c0, 0x00000000929c0000)
  to   space 17024K,   0% used [0x00000000929c0000, 0x00000000929c0000, 0x0000000093a60000)
 concurrent mark-sweep generation total 1775232K, used 1421231K [0x0000000093a60000, 0x0000000100000000, 0x0000000100000000)
 Metaspace       used 65784K, capacity 70275K, committed 70616K, reserved 1110016K
  class space    used 8118K, capacity 9151K, committed 9264K, reserved 1048576K
}
Event: 3163.089 GC heap before
{Heap before GC invocations=1330 (full 2):
 par new generation   total 153344K, used 140521K [0x0000000089400000, 0x0000000093a60000, 0x0000000093a60000)
  eden space 136320K, 100% used [0x0000000089400000, 0x0000000091920000, 0x0000000091920000)
  from space 17024K,  24% used [0x0000000091920000, 0x0000000091d3a6c0, 0x00000000929c0000)
  to   space 17024K,   0% used [0x00000000929c0000, 0x00000000929c0000, 0x0000000093a60000)
 concurrent mark-sweep generation total 1775232K, used 1421231K [0x0000000093a60000, 0x0000000100000000, 0x0000000100000000)
 Metaspace       used 65784K, capacity 70275K, committed 70616K, reserved 1110016K
  class space    used 8118K, capacity 9151K, committed 9264K, reserved 1048576K
Event: 3163.101 GC heap after
Heap after GC invocations=1331 (full 2):
 par new generation   total 153344K, used 2439K [0x0000000089400000, 0x0000000093a60000, 0x0000000093a60000)
  eden space 136320K,   0% used [0x0000000089400000, 0x0000000089400000, 0x0000000091920000)
  from space 17024K,  14% used [0x00000000929c0000, 0x0000000092c21d08, 0x0000000093a60000)
  to   space 17024K,   0% used [0x0000000091920000, 0x0000000091920000, 0x00000000929c0000)
 concurrent mark-sweep generation total 1775232K, used 1422289K [0x0000000093a60000, 0x0000000100000000, 0x0000000100000000)
 Metaspace       used 65784K, capacity 70275K, committed 70616K, reserved 1110016K
  class space    used 8118K, capacity 9151K, committed 9264K, reserved 1048576K
}
Event: 3165.590 GC heap before
{Heap before GC invocations=1331 (full 2):
 par new generation   total 153344K, used 138759K [0x0000000089400000, 0x0000000093a60000, 0x0000000093a60000)
  eden space 136320K, 100% used [0x0000000089400000, 0x0000000091920000, 0x0000000091920000)
  from space 17024K,  14% used [0x00000000929c0000, 0x0000000092c21d08, 0x0000000093a60000)
  to   space 17024K,   0% used [0x0000000091920000, 0x0000000091920000, 0x00000000929c0000)
 concurrent mark-sweep generation total 1775232K, used 1422289K [0x0000000093a60000, 0x0000000100000000, 0x0000000100000000)
 Metaspace       used 65784K, capacity 70275K, committed 70616K, reserved 1110016K
  class space    used 8118K, capacity 9151K, committed 9264K, reserved 1048576K
Event: 3165.601 GC heap after
Heap after GC invocations=1332 (full 2):
 par new generation   total 153344K, used 3556K [0x0000000089400000, 0x0000000093a60000, 0x0000000093a60000)
  eden space 136320K,   0% used [0x0000000089400000, 0x0000000089400000, 0x0000000091920000)
  from space 17024K,  20% used [0x0000000091920000, 0x0000000091c991a8, 0x00000000929c0000)
  to   space 17024K,   0% used [0x00000000929c0000, 0x00000000929c0000, 0x0000000093a60000)
 concurrent mark-sweep generation total 1775232K, used 1422328K [0x0000000093a60000, 0x0000000100000000, 0x0000000100000000)
 Metaspace       used 65784K, capacity 70275K, committed 70616K, reserved 1110016K
  class space    used 8118K, capacity 9151K, committed 9264K, reserved 1048576K
}
Event: 3168.288 GC heap before
{Heap before GC invocations=1332 (full 2):
 par new generation   total 153344K, used 139876K [0x0000000089400000, 0x0000000093a60000, 0x0000000093a60000)
  eden space 136320K, 100% used [0x0000000089400000, 0x0000000091920000, 0x0000000091920000)
  from space 17024K,  20% used [0x0000000091920000, 0x0000000091c991a8, 0x00000000929c0000)
  to   space 17024K,   0% used [0x00000000929c0000, 0x00000000929c0000, 0x0000000093a60000)
 concurrent mark-sweep generation total 1775232K, used 1422328K [0x0000000093a60000, 0x0000000100000000, 0x0000000100000000)
 Metaspace       used 65784K, capacity 70275K, committed 70616K, reserved 1110016K
  class space    used 8118K, capacity 9151K, committed 9264K, reserved 1048576K
Event: 3168.300 GC heap after
Heap after GC invocations=1333 (full 2):
 par new generation   total 153344K, used 5309K [0x0000000089400000, 0x0000000093a60000, 0x0000000093a60000)
  eden space 136320K,   0% used [0x0000000089400000, 0x0000000089400000, 0x0000000091920000)
  from space 17024K,  31% used [0x00000000929c0000, 0x0000000092eef530, 0x0000000093a60000)
  to   space 17024K,   0% used [0x0000000091920000, 0x0000000091920000, 0x00000000929c0000)
 concurrent mark-sweep generation total 1775232K, used 1422344K [0x0000000093a60000, 0x0000000100000000, 0x0000000100000000)
 Metaspace       used 65784K, capacity 70275K, committed 70616K, reserved 1110016K
  class space    used 8118K, capacity 9151K, committed 9264K, reserved 1048576K
}
Event: 3170.940 GC heap before
{Heap before GC invocations=1333 (full 2):
 par new generation   total 153344K, used 141629K [0x0000000089400000, 0x0000000093a60000, 0x0000000093a60000)
  eden space 136320K, 100% used [0x0000000089400000, 0x0000000091920000, 0x0000000091920000)
  from space 17024K,  31% used [0x00000000929c0000, 0x0000000092eef530, 0x0000000093a60000)
  to   space 17024K,   0% used [0x0000000091920000, 0x0000000091920000, 0x00000000929c0000)
 concurrent mark-sweep generation total 1775232K, used 1422344K [0x0000000093a60000, 0x0000000100000000, 0x0000000100000000)
 Metaspace       used 65784K, capacity 70275K, committed 70616K, reserved 1110016K
  class space    used 8118K, capacity 9151K, committed 9264K, reserved 1048576K
Event: 3170.952 GC heap after
Heap after GC invocations=1334 (full 2):
 par new generation   total 153344K, used 5287K [0x0000000089400000, 0x0000000093a60000, 0x0000000093a60000)
  eden space 136320K,   0% used [0x0000000089400000, 0x0000000089400000, 0x0000000091920000)
  from space 17024K,  31% used [0x0000000091920000, 0x0000000091e49f68, 0x00000000929c0000)
  to   space 17024K,   0% used [0x00000000929c0000, 0x00000000929c0000, 0x0000000093a60000)
 concurrent mark-sweep generation total 1775232K, used 1422378K [0x0000000093a60000, 0x0000000100000000, 0x0000000100000000)
 Metaspace       used 65784K, capacity 70275K, committed 70616K, reserved 1110016K
  class space    used 8118K, capacity 9151K, committed 9264K, reserved 1048576K
}
Event: 3173.591 GC heap before
{Heap before GC invocations=1334 (full 2):
 par new generation   total 153344K, used 141607K [0x0000000089400000, 0x0000000093a60000, 0x0000000093a60000)
  eden space 136320K, 100% used [0x0000000089400000, 0x0000000091920000, 0x0000000091920000)
  from space 17024K,  31% used [0x0000000091920000, 0x0000000091e49f68, 0x00000000929c0000)
  to   space 17024K,   0% used [0x00000000929c0000, 0x00000000929c0000, 0x0000000093a60000)
 concurrent mark-sweep generation total 1775232K, used 1422378K [0x0000000093a60000, 0x0000000100000000, 0x0000000100000000)
 Metaspace       used 65784K, capacity 70275K, committed 70616K, reserved 1110016K
  class space    used 8118K, capacity 9151K, committed 9264K, reserved 1048576K
Event: 3173.604 GC heap after
Heap after GC invocations=1335 (full 2):
 par new generation   total 153344K, used 3834K [0x0000000089400000, 0x0000000093a60000, 0x0000000093a60000)
  eden space 136320K,   0% used [0x0000000089400000, 0x0000000089400000, 0x0000000091920000)
  from space 17024K,  22% used [0x00000000929c0000, 0x0000000092d7eae0, 0x0000000093a60000)
  to   space 17024K,   0% used [0x0000000091920000, 0x0000000091920000, 0x00000000929c0000)
 concurrent mark-sweep generation total 1775232K, used 1423311K [0x0000000093a60000, 0x0000000100000000, 0x0000000100000000)
 Metaspace       used 65784K, capacity 70275K, committed 70616K, reserved 1110016K
  class space    used 8118K, capacity 9151K, committed 9264K, reserved 1048576K
}
Event: 3176.089 GC heap before
{Heap before GC invocations=1335 (full 2):
 par new generation   total 153344K, used 140154K [0x0000000089400000, 0x0000000093a60000, 0x0000000093a60000)
  eden space 136320K, 100% used [0x0000000089400000, 0x0000000091920000, 0x0000000091920000)
  from space 17024K,  22% used [0x00000000929c0000, 0x0000000092d7eae0, 0x0000000093a60000)
  to   space 17024K,   0% used [0x0000000091920000, 0x0000000091920000, 0x00000000929c0000)
 concurrent mark-sweep generation total 1775232K, used 1423311K [0x0000000093a60000, 0x0000000100000000, 0x0000000100000000)
 Metaspace       used 65784K, capacity 70275K, committed 70616K, reserved 1110016K
  class space    used 8118K, capacity 9151K, committed 9264K, reserved 1048576K
Event: 3176.100 GC heap after
Heap after GC invocations=1336 (full 2):
 par new generation   total 153344K, used 4952K [0x0000000089400000, 0x0000000093a60000, 0x0000000093a60000)
  eden space 136320K,   0% used [0x0000000089400000, 0x0000000089400000, 0x0000000091920000)
  from space 17024K,  29% used [0x0000000091920000, 0x0000000091df60b8, 0x00000000929c0000)
  to   space 17024K,   0% used [0x00000000929c0000, 0x00000000929c0000, 0x0000000093a60000)
 concurrent mark-sweep generation total 1775232K, used 1423320K [0x0000000093a60000, 0x0000000100000000, 0x0000000100000000)
 Metaspace       used 65784K, capacity 70275K, committed 70616K, reserved 1110016K
  class space    used 8118K, capacity 9151K, committed 9264K, reserved 1048576K
}
Event: 3178.742 GC heap before
{Heap before GC invocations=1336 (full 2):
 par new generation   total 153344K, used 141272K [0x0000000089400000, 0x0000000093a60000, 0x0000000093a60000)
  eden space 136320K, 100% used [0x0000000089400000, 0x0000000091920000, 0x0000000091920000)
  from space 17024K,  29% used [0x0000000091920000, 0x0000000091df60b8, 0x00000000929c0000)
  to   space 17024K,   0% used [0x00000000929c0000, 0x00000000929c0000, 0x0000000093a60000)
 concurrent mark-sweep generation total 1775232K, used 1423320K [0x0000000093a60000, 0x0000000100000000, 0x0000000100000000)
 Metaspace       used 65785K, capacity 70275K, committed 70616K, reserved 1110016K
  class space    used 8118K, capacity 9151K, committed 9264K, reserved 1048576K
Event: 3178.753 GC heap after
Heap after GC invocations=1337 (full 2):
 par new generation   total 153344K, used 3285K [0x0000000089400000, 0x0000000093a60000, 0x0000000093a60000)
  eden space 136320K,   0% used [0x0000000089400000, 0x0000000089400000, 0x0000000091920000)
  from space 17024K,  19% used [0x00000000929c0000, 0x0000000092cf54c8, 0x0000000093a60000)
  to   space 17024K,   0% used [0x0000000091920000, 0x0000000091920000, 0x00000000929c0000)
 concurrent mark-sweep generation total 1775232K, used 1423735K [0x0000000093a60000, 0x0000000100000000, 0x0000000100000000)
 Metaspace       used 65785K, capacity 70275K, committed 70616K, reserved 1110016K
  class space    used 8118K, capacity 9151K, committed 9264K, reserved 1048576K
}
Event: 3181.340 GC heap before
{Heap before GC invocations=1337 (full 2):
 par new generation   total 153344K, used 139605K [0x0000000089400000, 0x0000000093a60000, 0x0000000093a60000)
  eden space 136320K, 100% used [0x0000000089400000, 0x0000000091920000, 0x0000000091920000)
  from space 17024K,  19% used [0x00000000929c0000, 0x0000000092cf54c8, 0x0000000093a60000)
  to   space 17024K,   0% used [0x0000000091920000, 0x0000000091920000, 0x00000000929c0000)
 concurrent mark-sweep generation total 1775232K, used 1423735K [0x0000000093a60000, 0x0000000100000000, 0x0000000100000000)
 Metaspace       used 65785K, capacity 70275K, committed 70616K, reserved 1110016K
  class space    used 8118K, capacity 9151K, committed 9264K, reserved 1048576K
Event: 3181.352 GC heap after
Heap after GC invocations=1338 (full 2):
 par new generation   total 153344K, used 4008K [0x0000000089400000, 0x0000000093a60000, 0x0000000093a60000)
  eden space 136320K,   0% used [0x0000000089400000, 0x0000000089400000, 0x0000000091920000)
  from space 17024K,  23% used [0x0000000091920000, 0x0000000091d0a078, 0x00000000929c0000)
  to   space 17024K,   0% used [0x00000000929c0000, 0x00000000929c0000, 0x0000000093a60000)
 concurrent mark-sweep generation total 1775232K, used 1424333K [0x0000000093a60000, 0x0000000100000000, 0x0000000100000000)
 Metaspace       used 65785K, capacity 70275K, committed 70616K, reserved 1110016K
  class space    used 8118K, capacity 9151K, committed 9264K, reserved 1048576K
}
Event: 3184.319 GC heap before
{Heap before GC invocations=1338 (full 2):
 par new generation   total 153344K, used 140328K [0x0000000089400000, 0x0000000093a60000, 0x0000000093a60000)
  eden space 136320K, 100% used [0x0000000089400000, 0x0000000091920000, 0x0000000091920000)
  from space 17024K,  23% used [0x0000000091920000, 0x0000000091d0a078, 0x00000000929c0000)
  to   space 17024K,   0% used [0x00000000929c0000, 0x00000000929c0000, 0x0000000093a60000)
 concurrent mark-sweep generation total 1775232K, used 1424333K [0x0000000093a60000, 0x0000000100000000, 0x0000000100000000)
 Metaspace       used 65786K, capacity 70275K, committed 70616K, reserved 1110016K
  class space    used 8118K, capacity 9151K, committed 9264K, reserved 1048576K
Event: 3184.330 GC heap after
Heap after GC invocations=1339 (full 2):
 par new generation   total 153344K, used 4158K [0x0000000089400000, 0x0000000093a60000, 0x0000000093a60000)
  eden space 136320K,   0% used [0x0000000089400000, 0x0000000089400000, 0x0000000091920000)
  from space 17024K,  24% used [0x00000000929c0000, 0x0000000092dcfbd8, 0x0000000093a60000)
  to   space 17024K,   0% used [0x0000000091920000, 0x0000000091920000, 0x00000000929c0000)
 concurrent mark-sweep generation total 1775232K, used 1424669K [0x0000000093a60000, 0x0000000100000000, 0x0000000100000000)
 Metaspace       used 65786K, capacity 70275K, committed 70616K, reserved 1110016K
  class space    used 8118K, capacity 9151K, committed 9264K, reserved 1048576K
}
Event: 3186.837 GC heap before
{Heap before GC invocations=1339 (full 2):
 par new generation   total 153344K, used 140478K [0x0000000089400000, 0x0000000093a60000, 0x0000000093a60000)
  eden space 136320K, 100% used [0x0000000089400000, 0x0000000091920000, 0x0000000091920000)
  from space 17024K,  24% used [0x00000000929c0000, 0x0000000092dcfbd8, 0x0000000093a60000)
  to   space 17024K,   0% used [0x0000000091920000, 0x0000000091920000, 0x00000000929c0000)
 concurrent mark-sweep generation total 1775232K, used 1424669K [0x0000000093a60000, 0x0000000100000000, 0x0000000100000000)
 Metaspace       used 65786K, capacity 70275K, committed 70616K, reserved 1110016K
  class space    used 8118K, capacity 9151K, committed 9264K, reserved 1048576K
Event: 3186.848 GC heap after
Heap after GC invocations=1340 (full 2):
 par new generation   total 153344K, used 4058K [0x0000000089400000, 0x0000000093a60000, 0x0000000093a60000)
  eden space 136320K,   0% used [0x0000000089400000, 0x0000000089400000, 0x0000000091920000)
  from space 17024K,  23% used [0x0000000091920000, 0x0000000091d16900, 0x00000000929c0000)
  to   space 17024K,   0% used [0x00000000929c0000, 0x00000000929c0000, 0x0000000093a60000)
 concurrent mark-sweep generation total 1775232K, used 1424972K [0x0000000093a60000, 0x0000000100000000, 0x0000000100000000)
 Metaspace       used 65786K, capacity 70275K, committed 70616K, reserved 1110016K
  class space    used 8118K, capacity 9151K, committed 9264K, reserved 1048576K
}
Event: 3189.244 GC heap before
{Heap before GC invocations=1340 (full 2):
 par new generation   total 153344K, used 140378K [0x0000000089400000, 0x0000000093a60000, 0x0000000093a60000)
  eden space 136320K, 100% used [0x0000000089400000, 0x0000000091920000, 0x0000000091920000)
  from space 17024K,  23% used [0x0000000091920000, 0x0000000091d16900, 0x00000000929c0000)
  to   space 17024K,   0% used [0x00000000929c0000, 0x00000000929c0000, 0x0000000093a60000)
 concurrent mark-sweep generation total 1775232K, used 1424972K [0x0000000093a60000, 0x0000000100000000, 0x0000000100000000)
 Metaspace       used 65787K, capacity 70275K, committed 70616K, reserved 1110016K
  class space    used 8118K, capacity 9151K, committed 9264K, reserved 1048576K
Event: 3189.255 GC heap after
Heap after GC invocations=1341 (full 2):
 par new generation   total 153344K, used 5529K [0x0000000089400000, 0x0000000093a60000, 0x0000000093a60000)
  eden space 136320K,   0% used [0x0000000089400000, 0x0000000089400000, 0x0000000091920000)
  from space 17024K,  32% used [0x00000000929c0000, 0x0000000092f26768, 0x0000000093a60000)
  to   space 17024K,   0% used [0x0000000091920000, 0x0000000091920000, 0x00000000929c0000)
 concurrent mark-sweep generation total 1775232K, used 1425110K [0x0000000093a60000, 0x0000000100000000, 0x0000000100000000)
 Metaspace       used 65787K, capacity 70275K, committed 70616K, reserved 1110016K
  class space    used 8118K, capacity 9151K, committed 9264K, reserved 1048576K
}
Event: 3191.001 GC heap before
{Heap before GC invocations=1341 (full 2):
 par new generation   total 153344K, used 141849K [0x0000000089400000, 0x0000000093a60000, 0x0000000093a60000)
  eden space 136320K, 100% used [0x0000000089400000, 0x0000000091920000, 0x0000000091920000)
  from space 17024K,  32% used [0x00000000929c0000, 0x0000000092f26768, 0x0000000093a60000)
  to   space 17024K,   0% used [0x0000000091920000, 0x0000000091920000, 0x00000000929c0000)
 concurrent mark-sweep generation total 1775232K, used 1425110K [0x0000000093a60000, 0x0000000100000000, 0x0000000100000000)
 Metaspace       used 65787K, capacity 70275K, committed 70616K, reserved 1110016K
  class space    used 8118K, capacity 9151K, committed 9264K, reserved 1048576K
Event: 3191.013 GC heap after
Heap after GC invocations=1342 (full 2):
 par new generation   total 153344K, used 5467K [0x0000000089400000, 0x0000000093a60000, 0x0000000093a60000)
  eden space 136320K,   0% used [0x0000000089400000, 0x0000000089400000, 0x0000000091920000)
  from space 17024K,  32% used [0x0000000091920000, 0x0000000091e76e30, 0x00000000929c0000)
  to   space 17024K,   0% used [0x00000000929c0000, 0x00000000929c0000, 0x0000000093a60000)
 concurrent mark-sweep generation total 1775232K, used 1425364K [0x0000000093a60000, 0x0000000100000000, 0x0000000100000000)
 Metaspace       used 65787K, capacity 70275K, committed 70616K, reserved 1110016K
  class space    used 8118K, capacity 9151K, committed 9264K, reserved 1048576K
}
Event: 3192.846 GC heap before
{Heap before GC invocations=1342 (full 2):
 par new generation   total 153344K, used 141787K [0x0000000089400000, 0x0000000093a60000, 0x0000000093a60000)
  eden space 136320K, 100% used [0x0000000089400000, 0x0000000091920000, 0x0000000091920000)
  from space 17024K,  32% used [0x0000000091920000, 0x0000000091e76e30, 0x00000000929c0000)
  to   space 17024K,   0% used [0x00000000929c0000, 0x00000000929c0000, 0x0000000093a60000)
 concurrent mark-sweep generation total 1775232K, used 1425364K [0x0000000093a60000, 0x0000000100000000, 0x0000000100000000)
 Metaspace       used 65790K, capacity 70275K, committed 70616K, reserved 1110016K
  class space    used 8118K, capacity 9151K, committed 9264K, reserved 1048576K
Event: 3192.857 GC heap after
Heap after GC invocations=1343 (full 2):
 par new generation   total 153344K, used 5556K [0x0000000089400000, 0x0000000093a60000, 0x0000000093a60000)
  eden space 136320K,   0% used [0x0000000089400000, 0x0000000089400000, 0x0000000091920000)
  from space 17024K,  32% used [0x00000000929c0000, 0x0000000092f2d138, 0x0000000093a60000)
  to   space 17024K,   0% used [0x0000000091920000, 0x0000000091920000, 0x00000000929c0000)
 concurrent mark-sweep generation total 1775232K, used 1425397K [0x0000000093a60000, 0x0000000100000000, 0x0000000100000000)
 Metaspace       used 65790K, capacity 70275K, committed 70616K, reserved 1110016K
  class space    used 8118K, capacity 9151K, committed 9264K, reserved 1048576K
}
Event: 3195.196 GC heap before
{Heap before GC invocations=1343 (full 2):
 par new generation   total 153344K, used 141876K [0x0000000089400000, 0x0000000093a60000, 0x0000000093a60000)
  eden space 136320K, 100% used [0x0000000089400000, 0x0000000091920000, 0x0000000091920000)
  from space 17024K,  32% used [0x00000000929c0000, 0x0000000092f2d138, 0x0000000093a60000)
  to   space 17024K,   0% used [0x0000000091920000, 0x0000000091920000, 0x00000000929c0000)
 concurrent mark-sweep generation total 1775232K, used 1425397K [0x0000000093a60000, 0x0000000100000000, 0x0000000100000000)
 Metaspace       used 65790K, capacity 70275K, committed 70616K, reserved 1110016K
  class space    used 8118K, capacity 9151K, committed 9264K, reserved 1048576K
Event: 3195.208 GC heap after
Heap after GC invocations=1344 (full 2):
 par new generation   total 153344K, used 3500K [0x0000000089400000, 0x0000000093a60000, 0x0000000093a60000)
  eden space 136320K,   0% used [0x0000000089400000, 0x0000000089400000, 0x0000000091920000)
  from space 17024K,  20% used [0x0000000091920000, 0x0000000091c8b1a0, 0x00000000929c0000)
  to   space 17024K,   0% used [0x00000000929c0000, 0x00000000929c0000, 0x0000000093a60000)
 concurrent mark-sweep generation total 1775232K, used 1426561K [0x0000000093a60000, 0x0000000100000000, 0x0000000100000000)
 Metaspace       used 65790K, capacity 70275K, committed 70616K, reserved 1110016K
  class space    used 8118K, capacity 9151K, committed 9264K, reserved 1048576K
}
Event: 3197.397 GC heap before
{Heap before GC invocations=1344 (full 2):
 par new generation   total 153344K, used 139820K [0x0000000089400000, 0x0000000093a60000, 0x0000000093a60000)
  eden space 136320K, 100% used [0x0000000089400000, 0x0000000091920000, 0x0000000091920000)
  from space 17024K,  20% used [0x0000000091920000, 0x0000000091c8b1a0, 0x00000000929c0000)
  to   space 17024K,   0% used [0x00000000929c0000, 0x00000000929c0000, 0x0000000093a60000)
 concurrent mark-sweep generation total 1775232K, used 1426561K [0x0000000093a60000, 0x0000000100000000, 0x0000000100000000)
 Metaspace       used 65790K, capacity 70275K, committed 70616K, reserved 1110016K
  class space    used 8118K, capacity 9151K, committed 9264K, reserved 1048576K
Event: 3197.407 GC heap after
Heap after GC invocations=1345 (full 2):
 par new generation   total 153344K, used 2516K [0x0000000089400000, 0x0000000093a60000, 0x0000000093a60000)
  eden space 136320K,   0% used [0x0000000089400000, 0x0000000089400000, 0x0000000091920000)
  from space 17024K,  14% used [0x00000000929c0000, 0x0000000092c35088, 0x0000000093a60000)
  to   space 17024K,   0% used [0x0000000091920000, 0x0000000091920000, 0x00000000929c0000)
 concurrent mark-sweep generation total 1775232K, used 1426766K [0x0000000093a60000, 0x0000000100000000, 0x0000000100000000)
 Metaspace       used 65790K, capacity 70275K, committed 70616K, reserved 1110016K
  class space    used 8118K, capacity 9151K, committed 9264K, reserved 1048576K
}
Event: 3199.495 GC heap before
{Heap before GC invocations=1345 (full 2):
 par new generation   total 153344K, used 138836K [0x0000000089400000, 0x0000000093a60000, 0x0000000093a60000)
  eden space 136320K, 100% used [0x0000000089400000, 0x0000000091920000, 0x0000000091920000)
  from space 17024K,  14% used [0x00000000929c0000, 0x0000000092c35088, 0x0000000093a60000)
  to   space 17024K,   0% used [0x0000000091920000, 0x0000000091920000, 0x00000000929c0000)
 concurrent mark-sweep generation total 1775232K, used 1426766K [0x0000000093a60000, 0x0000000100000000, 0x0000000100000000)
 Metaspace       used 65790K, capacity 70275K, committed 70616K, reserved 1110016K
  class space    used 8118K, capacity 9151K, committed 9264K, reserved 1048576K
Event: 3199.505 GC heap after
Heap after GC invocations=1346 (full 2):
 par new generation   total 153344K, used 2190K [0x0000000089400000, 0x0000000093a60000, 0x0000000093a60000)
  eden space 136320K,   0% used [0x0000000089400000, 0x0000000089400000, 0x0000000091920000)
  from space 17024K,  12% used [0x0000000091920000, 0x0000000091b43b80, 0x00000000929c0000)
  to   space 17024K,   0% used [0x00000000929c0000, 0x00000000929c0000, 0x0000000093a60000)
 concurrent mark-sweep generation total 1775232K, used 1427003K [0x0000000093a60000, 0x0000000100000000, 0x0000000100000000)
 Metaspace       used 65790K, capacity 70275K, committed 70616K, reserved 1110016K
  class space    used 8118K, capacity 9151K, committed 9264K, reserved 1048576K
}
Event: 3201.403 GC heap before
{Heap before GC invocations=1346 (full 2):
 par new generation   total 153344K, used 138510K [0x0000000089400000, 0x0000000093a60000, 0x0000000093a60000)
  eden space 136320K, 100% used [0x0000000089400000, 0x0000000091920000, 0x0000000091920000)
  from space 17024K,  12% used [0x0000000091920000, 0x0000000091b43b80, 0x00000000929c0000)
  to   space 17024K,   0% used [0x00000000929c0000, 0x00000000929c0000, 0x0000000093a60000)
 concurrent mark-sweep generation total 1775232K, used 1427003K [0x0000000093a60000, 0x0000000100000000, 0x0000000100000000)
 Metaspace       used 65790K, capacity 70275K, committed 70616K, reserved 1110016K
  class space    used 8118K, capacity 9151K, committed 9264K, reserved 1048576K
Event: 3201.414 GC heap after
Heap after GC invocations=1347 (full 2):
 par new generation   total 153344K, used 1933K [0x0000000089400000, 0x0000000093a60000, 0x0000000093a60000)
  eden space 136320K,   0% used [0x0000000089400000, 0x0000000089400000, 0x0000000091920000)
  from space 17024K,  11% used [0x00000000929c0000, 0x0000000092ba3598, 0x0000000093a60000)
  to   space 17024K,   0% used [0x0000000091920000, 0x0000000091920000, 0x00000000929c0000)
 concurrent mark-sweep generation total 1775232K, used 1428304K [0x0000000093a60000, 0x0000000100000000, 0x0000000100000000)
 Metaspace       used 65790K, capacity 70275K, committed 70616K, reserved 1110016K
  class space    used 8118K, capacity 9151K, committed 9264K, reserved 1048576K
}
Event: 3203.395 GC heap before
{Heap before GC invocations=1347 (full 2):
 par new generation   total 153344K, used 138253K [0x0000000089400000, 0x0000000093a60000, 0x0000000093a60000)
  eden space 136320K, 100% used [0x0000000089400000, 0x0000000091920000, 0x0000000091920000)
  from space 17024K,  11% used [0x00000000929c0000, 0x0000000092ba3598, 0x0000000093a60000)
  to   space 17024K,   0% used [0x0000000091920000, 0x0000000091920000, 0x00000000929c0000)
 concurrent mark-sweep generation total 1775232K, used 1428304K [0x0000000093a60000, 0x0000000100000000, 0x0000000100000000)
 Metaspace       used 65790K, capacity 70275K, committed 70616K, reserved 1110016K
  class space    used 8118K, capacity 9151K, committed 9264K, reserved 1048576K
Event: 3203.404 GC heap after
Heap after GC invocations=1348 (full 2):
 par new generation   total 153344K, used 652K [0x0000000089400000, 0x0000000093a60000, 0x0000000093a60000)
  eden space 136320K,   0% used [0x0000000089400000, 0x0000000089400000, 0x0000000091920000)
  from space 17024K,   3% used [0x0000000091920000, 0x00000000919c33f8, 0x00000000929c0000)
  to   space 17024K,   0% used [0x00000000929c0000, 0x00000000929c0000, 0x0000000093a60000)
 concurrent mark-sweep generation total 1775232K, used 1428357K [0x0000000093a60000, 0x0000000100000000, 0x0000000100000000)
 Metaspace       used 65790K, capacity 70275K, committed 70616K, reserved 1110016K
  class space    used 8118K, capacity 9151K, committed 9264K, reserved 1048576K
}
Event: 3205.495 GC heap before
{Heap before GC invocations=1348 (full 2):
 par new generation   total 153344K, used 136972K [0x0000000089400000, 0x0000000093a60000, 0x0000000093a60000)
  eden space 136320K, 100% used [0x0000000089400000, 0x0000000091920000, 0x0000000091920000)
  from space 17024K,   3% used [0x0000000091920000, 0x00000000919c33f8, 0x00000000929c0000)
  to   space 17024K,   0% used [0x00000000929c0000, 0x00000000929c0000, 0x0000000093a60000)
 concurrent mark-sweep generation total 1775232K, used 1428357K [0x0000000093a60000, 0x0000000100000000, 0x0000000100000000)
 Metaspace       used 65790K, capacity 70275K, committed 70616K, reserved 1110016K
  class space    used 8118K, capacity 9151K, committed 9264K, reserved 1048576K
Event: 3205.504 GC heap after
Heap after GC invocations=1349 (full 2):
 par new generation   total 153344K, used 829K [0x0000000089400000, 0x0000000093a60000, 0x0000000093a60000)
  eden space 136320K,   0% used [0x0000000089400000, 0x0000000089400000, 0x0000000091920000)
  from space 17024K,   4% used [0x00000000929c0000, 0x0000000092a8f7c8, 0x0000000093a60000)
  to   space 17024K,   0% used [0x0000000091920000, 0x0000000091920000, 0x00000000929c0000)
 concurrent mark-sweep generation total 1775232K, used 1428388K [0x0000000093a60000, 0x0000000100000000, 0x0000000100000000)
 Metaspace       used 65790K, capacity 70275K, committed 70616K, reserved 1110016K
  class space    used 8118K, capacity 9151K, committed 9264K, reserved 1048576K
}
Event: 3207.446 GC heap before
{Heap before GC invocations=1349 (full 2):
 par new generation   total 153344K, used 137149K [0x0000000089400000, 0x0000000093a60000, 0x0000000093a60000)
  eden space 136320K, 100% used [0x0000000089400000, 0x0000000091920000, 0x0000000091920000)
  from space 17024K,   4% used [0x00000000929c0000, 0x0000000092a8f7c8, 0x0000000093a60000)
  to   space 17024K,   0% used [0x0000000091920000, 0x0000000091920000, 0x00000000929c0000)
 concurrent mark-sweep generation total 1775232K, used 1428388K [0x0000000093a60000, 0x0000000100000000, 0x0000000100000000)
 Metaspace       used 65792K, capacity 70275K, committed 70616K, reserved 1110016K
  class space    used 8118K, capacity 9151K, committed 9264K, reserved 1048576K
Event: 3207.455 GC heap after
Heap after GC invocations=1350 (full 2):
 par new generation   total 153344K, used 806K [0x0000000089400000, 0x0000000093a60000, 0x0000000093a60000)
  eden space 136320K,   0% used [0x0000000089400000, 0x0000000089400000, 0x0000000091920000)
  from space 17024K,   4% used [0x0000000091920000, 0x00000000919e9b10, 0x00000000929c0000)
  to   space 17024K,   0% used [0x00000000929c0000, 0x00000000929c0000, 0x0000000093a60000)
 concurrent mark-sweep generation total 1775232K, used 1428399K [0x0000000093a60000, 0x0000000100000000, 0x0000000100000000)
 Metaspace       used 65792K, capacity 70275K, committed 70616K, reserved 1110016K
  class space    used 8118K, capacity 9151K, committed 9264K, reserved 1048576K
}
Event: 3209.102 GC heap before
{Heap before GC invocations=1350 (full 2):
 par new generation   total 153344K, used 137126K [0x0000000089400000, 0x0000000093a60000, 0x0000000093a60000)
  eden space 136320K, 100% used [0x0000000089400000, 0x0000000091920000, 0x0000000091920000)
  from space 17024K,   4% used [0x0000000091920000, 0x00000000919e9b10, 0x00000000929c0000)
  to   space 17024K,   0% used [0x00000000929c0000, 0x00000000929c0000, 0x0000000093a60000)
 concurrent mark-sweep generation total 1775232K, used 1428399K [0x0000000093a60000, 0x0000000100000000, 0x0000000100000000)
 Metaspace       used 65793K, capacity 70275K, committed 70616K, reserved 1110016K
  class space    used 8118K, capacity 9151K, committed 9264K, reserved 1048576K
Event: 3209.112 GC heap after
Heap after GC invocations=1351 (full 2):
 par new generation   total 153344K, used 2034K [0x0000000089400000, 0x0000000093a60000, 0x0000000093a60000)
  eden space 136320K,   0% used [0x0000000089400000, 0x0000000089400000, 0x0000000091920000)
  from space 17024K,  11% used [0x00000000929c0000, 0x0000000092bbca58, 0x0000000093a60000)
  to   space 17024K,   0% used [0x0000000091920000, 0x0000000091920000, 0x00000000929c0000)
 concurrent mark-sweep generation total 1775232K, used 1428469K [0x0000000093a60000, 0x0000000100000000, 0x0000000100000000)
 Metaspace       used 65793K, capacity 70275K, committed 70616K, reserved 1110016K
  class space    used 8118K, capacity 9151K, committed 9264K, reserved 1048576K
}
Event: 3210.405 GC heap before
{Heap before GC invocations=1351 (full 2):
 par new generation   total 153344K, used 138354K [0x0000000089400000, 0x0000000093a60000, 0x0000000093a60000)
  eden space 136320K, 100% used [0x0000000089400000, 0x0000000091920000, 0x0000000091920000)
  from space 17024K,  11% used [0x00000000929c0000, 0x0000000092bbca58, 0x0000000093a60000)
  to   space 17024K,   0% used [0x0000000091920000, 0x0000000091920000, 0x00000000929c0000)
 concurrent mark-sweep generation total 1775232K, used 1428469K [0x0000000093a60000, 0x0000000100000000, 0x0000000100000000)
 Metaspace       used 65793K, capacity 70275K, committed 70616K, reserved 1110016K
  class space    used 8118K, capacity 9151K, committed 9264K, reserved 1048576K
Event: 3210.416 GC heap after
Heap after GC invocations=1352 (full 2):
 par new generation   total 153344K, used 3965K [0x0000000089400000, 0x0000000093a60000, 0x0000000093a60000)
  eden space 136320K,   0% used [0x0000000089400000, 0x0000000089400000, 0x0000000091920000)
  from space 17024K,  23% used [0x0000000091920000, 0x0000000091cff748, 0x00000000929c0000)
  to   space 17024K,   0% used [0x00000000929c0000, 0x00000000929c0000, 0x0000000093a60000)
 concurrent mark-sweep generation total 1775232K, used 1428536K [0x0000000093a60000, 0x0000000100000000, 0x0000000100000000)
 Metaspace       used 65793K, capacity 70275K, committed 70616K, reserved 1110016K
  class space    used 8118K, capacity 9151K, committed 9264K, reserved 1048576K
}
Event: 3211.754 GC heap before
{Heap before GC invocations=1352 (full 2):
 par new generation   total 153344K, used 140285K [0x0000000089400000, 0x0000000093a60000, 0x0000000093a60000)
  eden space 136320K, 100% used [0x0000000089400000, 0x0000000091920000, 0x0000000091920000)
  from space 17024K,  23% used [0x0000000091920000, 0x0000000091cff748, 0x00000000929c0000)
  to   space 17024K,   0% used [0x00000000929c0000, 0x00000000929c0000, 0x0000000093a60000)
 concurrent mark-sweep generation total 1775232K, used 1428536K [0x0000000093a60000, 0x0000000100000000, 0x0000000100000000)
 Metaspace       used 65793K, capacity 70275K, committed 70616K, reserved 1110016K
  class space    used 8118K, capacity 9151K, committed 9264K, reserved 1048576K
Event: 3211.765 GC heap after
Heap after GC invocations=1353 (full 2):
 par new generation   total 153344K, used 3725K [0x0000000089400000, 0x0000000093a60000, 0x0000000093a60000)
  eden space 136320K,   0% used [0x0000000089400000, 0x0000000089400000, 0x0000000091920000)
  from space 17024K,  21% used [0x00000000929c0000, 0x0000000092d63488, 0x0000000093a60000)
  to   space 17024K,   0% used [0x0000000091920000, 0x0000000091920000, 0x00000000929c0000)
 concurrent mark-sweep generation total 1775232K, used 1428604K [0x0000000093a60000, 0x0000000100000000, 0x0000000100000000)
 Metaspace       used 65793K, capacity 70275K, committed 70616K, reserved 1110016K
  class space    used 8118K, capacity 9151K, committed 9264K, reserved 1048576K
}
Event: 3213.297 GC heap before
{Heap before GC invocations=1353 (full 2):
 par new generation   total 153344K, used 140045K [0x0000000089400000, 0x0000000093a60000, 0x0000000093a60000)
  eden space 136320K, 100% used [0x0000000089400000, 0x0000000091920000, 0x0000000091920000)
  from space 17024K,  21% used [0x00000000929c0000, 0x0000000092d63488, 0x0000000093a60000)
  to   space 17024K,   0% used [0x0000000091920000, 0x0000000091920000, 0x00000000929c0000)
 concurrent mark-sweep generation total 1775232K, used 1428604K [0x0000000093a60000, 0x0000000100000000, 0x0000000100000000)
 Metaspace       used 65793K, capacity 70275K, committed 70616K, reserved 1110016K
  class space    used 8118K, capacity 9151K, committed 9264K, reserved 1048576K
Event: 3213.307 GC heap after
Heap after GC invocations=1354 (full 2):
 par new generation   total 153344K, used 2670K [0x0000000089400000, 0x0000000093a60000, 0x0000000093a60000)
  eden space 136320K,   0% used [0x0000000089400000, 0x0000000089400000, 0x0000000091920000)
  from space 17024K,  15% used [0x0000000091920000, 0x0000000091bbb8f0, 0x00000000929c0000)
  to   space 17024K,   0% used [0x00000000929c0000, 0x00000000929c0000, 0x0000000093a60000)
 concurrent mark-sweep generation total 1775232K, used 1428629K [0x0000000093a60000, 0x0000000100000000, 0x0000000100000000)
 Metaspace       used 65793K, capacity 70275K, committed 70616K, reserved 1110016K
  class space    used 8118K, capacity 9151K, committed 9264K, reserved 1048576K
}
Event: 3214.655 GC heap before
{Heap before GC invocations=1354 (full 2):
 par new generation   total 153344K, used 138990K [0x0000000089400000, 0x0000000093a60000, 0x0000000093a60000)
  eden space 136320K, 100% used [0x0000000089400000, 0x0000000091920000, 0x0000000091920000)
  from space 17024K,  15% used [0x0000000091920000, 0x0000000091bbb8f0, 0x00000000929c0000)
  to   space 17024K,   0% used [0x00000000929c0000, 0x00000000929c0000, 0x0000000093a60000)
 concurrent mark-sweep generation total 1775232K, used 1428629K [0x0000000093a60000, 0x0000000100000000, 0x0000000100000000)
 Metaspace       used 65796K, capacity 70277K, committed 70616K, reserved 1110016K
  class space    used 8118K, capacity 9152K, committed 9264K, reserved 1048576K
Event: 3214.666 GC heap after
Heap after GC invocations=1355 (full 2):
 par new generation   total 153344K, used 3968K [0x0000000089400000, 0x0000000093a60000, 0x0000000093a60000)
  eden space 136320K,   0% used [0x0000000089400000, 0x0000000089400000, 0x0000000091920000)
  from space 17024K,  23% used [0x00000000929c0000, 0x0000000092da02f8, 0x0000000093a60000)
  to   space 17024K,   0% used [0x0000000091920000, 0x0000000091920000, 0x00000000929c0000)
 concurrent mark-sweep generation total 1775232K, used 1428681K [0x0000000093a60000, 0x0000000100000000, 0x0000000100000000)
 Metaspace       used 65796K, capacity 70277K, committed 70616K, reserved 1110016K
  class space    used 8118K, capacity 9152K, committed 9264K, reserved 1048576K
}
Event: 3216.009 GC heap before
{Heap before GC invocations=1355 (full 2):
 par new generation   total 153344K, used 140288K [0x0000000089400000, 0x0000000093a60000, 0x0000000093a60000)
  eden space 136320K, 100% used [0x0000000089400000, 0x0000000091920000, 0x0000000091920000)
  from space 17024K,  23% used [0x00000000929c0000, 0x0000000092da02f8, 0x0000000093a60000)
  to   space 17024K,   0% used [0x0000000091920000, 0x0000000091920000, 0x00000000929c0000)
 concurrent mark-sweep generation total 1775232K, used 1428681K [0x0000000093a60000, 0x0000000100000000, 0x0000000100000000)
 Metaspace       used 65796K, capacity 70277K, committed 70616K, reserved 1110016K
  class space    used 8118K, capacity 9152K, committed 9264K, reserved 1048576K
Event: 3216.020 GC heap after
Heap after GC invocations=1356 (full 2):
 par new generation   total 153344K, used 4026K [0x0000000089400000, 0x0000000093a60000, 0x0000000093a60000)
  eden space 136320K,   0% used [0x0000000089400000, 0x0000000089400000, 0x0000000091920000)
  from space 17024K,  23% used [0x0000000091920000, 0x0000000091d0ebf0, 0x00000000929c0000)
  to   space 17024K,   0% used [0x00000000929c0000, 0x00000000929c0000, 0x0000000093a60000)
 concurrent mark-sweep generation total 1775232K, used 1428874K [0x0000000093a60000, 0x0000000100000000, 0x0000000100000000)
 Metaspace       used 65796K, capacity 70277K, committed 70616K, reserved 1110016K
  class space    used 8118K, capacity 9152K, committed 9264K, reserved 1048576K
}
Event: 3217.352 GC heap before
{Heap before GC invocations=1356 (full 2):
 par new generation   total 153344K, used 140346K [0x0000000089400000, 0x0000000093a60000, 0x0000000093a60000)
  eden space 136320K, 100% used [0x0000000089400000, 0x0000000091920000, 0x0000000091920000)
  from space 17024K,  23% used [0x0000000091920000, 0x0000000091d0ebf0, 0x00000000929c0000)
  to   space 17024K,   0% used [0x00000000929c0000, 0x00000000929c0000, 0x0000000093a60000)
 concurrent mark-sweep generation total 1775232K, used 1428874K [0x0000000093a60000, 0x0000000100000000, 0x0000000100000000)
 Metaspace       used 65796K, capacity 70277K, committed 70616K, reserved 1110016K
  class space    used 8118K, capacity 9152K, committed 9264K, reserved 1048576K
Event: 3217.364 GC heap after
Heap after GC invocations=1357 (full 2):
 par new generation   total 153344K, used 4122K [0x0000000089400000, 0x0000000093a60000, 0x0000000093a60000)
  eden space 136320K,   0% used [0x0000000089400000, 0x0000000089400000, 0x0000000091920000)
  from space 17024K,  24% used [0x00000000929c0000, 0x0000000092dc6a70, 0x0000000093a60000)
  to   space 17024K,   0% used [0x0000000091920000, 0x0000000091920000, 0x00000000929c0000)
 concurrent mark-sweep generation total 1775232K, used 1429004K [0x0000000093a60000, 0x0000000100000000, 0x0000000100000000)
 Metaspace       used 65796K, capacity 70277K, committed 70616K, reserved 1110016K
  class space    used 8118K, capacity 9152K, committed 9264K, reserved 1048576K
}
Event: 3218.658 GC heap before
{Heap before GC invocations=1357 (full 2):
 par new generation   total 153344K, used 140442K [0x0000000089400000, 0x0000000093a60000, 0x0000000093a60000)
  eden space 136320K, 100% used [0x0000000089400000, 0x0000000091920000, 0x0000000091920000)
  from space 17024K,  24% used [0x00000000929c0000, 0x0000000092dc6a70, 0x0000000093a60000)
  to   space 17024K,   0% used [0x0000000091920000, 0x0000000091920000, 0x00000000929c0000)
 concurrent mark-sweep generation total 1775232K, used 1429004K [0x0000000093a60000, 0x0000000100000000, 0x0000000100000000)
 Metaspace       used 65800K, capacity 70283K, committed 70616K, reserved 1110016K
  class space    used 8119K, capacity 9153K, committed 9264K, reserved 1048576K
Event: 3218.671 GC heap after
Heap after GC invocations=1358 (full 2):
 par new generation   total 153344K, used 2954K [0x0000000089400000, 0x0000000093a60000, 0x0000000093a60000)
  eden space 136320K,   0% used [0x0000000089400000, 0x0000000089400000, 0x0000000091920000)
  from space 17024K,  17% used [0x0000000091920000, 0x0000000091c029d0, 0x00000000929c0000)
  to   space 17024K,   0% used [0x00000000929c0000, 0x00000000929c0000, 0x0000000093a60000)
 concurrent mark-sweep generation total 1775232K, used 1429971K [0x0000000093a60000, 0x0000000100000000, 0x0000000100000000)
 Metaspace       used 65800K, capacity 70283K, committed 70616K, reserved 1110016K
  class space    used 8119K, capacity 9153K, committed 9264K, reserved 1048576K
}
Event: 3220.101 GC heap before
{Heap before GC invocations=1358 (full 2):
 par new generation   total 153344K, used 139274K [0x0000000089400000, 0x0000000093a60000, 0x0000000093a60000)
  eden space 136320K, 100% used [0x0000000089400000, 0x0000000091920000, 0x0000000091920000)
  from space 17024K,  17% used [0x0000000091920000, 0x0000000091c029d0, 0x00000000929c0000)
  to   space 17024K,   0% used [0x00000000929c0000, 0x00000000929c0000, 0x0000000093a60000)
 concurrent mark-sweep generation total 1775232K, used 1429971K [0x0000000093a60000, 0x0000000100000000, 0x0000000100000000)
 Metaspace       used 65800K, capacity 70283K, committed 70616K, reserved 1110016K
  class space    used 8119K, capacity 9153K, committed 9264K, reserved 1048576K
Event: 3220.111 GC heap after
Heap after GC invocations=1359 (full 2):
 par new generation   total 153344K, used 2348K [0x0000000089400000, 0x0000000093a60000, 0x0000000093a60000)
  eden space 136320K,   0% used [0x0000000089400000, 0x0000000089400000, 0x0000000091920000)
  from space 17024K,  13% used [0x00000000929c0000, 0x0000000092c0b2e0, 0x0000000093a60000)
  to   space 17024K,   0% used [0x0000000091920000, 0x0000000091920000, 0x00000000929c0000)
 concurrent mark-sweep generation total 1775232K, used 1430032K [0x0000000093a60000, 0x0000000100000000, 0x0000000100000000)
 Metaspace       used 65800K, capacity 70283K, committed 70616K, reserved 1110016K
  class space    used 8119K, capacity 9153K, committed 9264K, reserved 1048576K
}
Event: 3222.198 GC heap before
{Heap before GC invocations=1359 (full 2):
 par new generation   total 153344K, used 138668K [0x0000000089400000, 0x0000000093a60000, 0x0000000093a60000)
  eden space 136320K, 100% used [0x0000000089400000, 0x0000000091920000, 0x0000000091920000)
  from space 17024K,  13% used [0x00000000929c0000, 0x0000000092c0b2e0, 0x0000000093a60000)
  to   space 17024K,   0% used [0x0000000091920000, 0x0000000091920000, 0x00000000929c0000)
 concurrent mark-sweep generation total 1775232K, used 1430032K [0x0000000093a60000, 0x0000000100000000, 0x0000000100000000)
 Metaspace       used 65800K, capacity 70283K, committed 70616K, reserved 1110016K
  class space    used 8119K, capacity 9153K, committed 9264K, reserved 1048576K
Event: 3222.208 GC heap after
Heap after GC invocations=1360 (full 2):
 par new generation   total 153344K, used 1972K [0x0000000089400000, 0x0000000093a60000, 0x0000000093a60000)
  eden space 136320K,   0% used [0x0000000089400000, 0x0000000089400000, 0x0000000091920000)
  from space 17024K,  11% used [0x0000000091920000, 0x0000000091b0d008, 0x00000000929c0000)
  to   space 17024K,   0% used [0x00000000929c0000, 0x00000000929c0000, 0x0000000093a60000)
 concurrent mark-sweep generation total 1775232K, used 1430091K [0x0000000093a60000, 0x0000000100000000, 0x0000000100000000)
 Metaspace       used 65800K, capacity 70283K, committed 70616K, reserved 1110016K
  class space    used 8119K, capacity 9153K, committed 9264K, reserved 1048576K
}
Event: 3224.450 GC heap before
{Heap before GC invocations=1360 (full 2):
 par new generation   total 153344K, used 138292K [0x0000000089400000, 0x0000000093a60000, 0x0000000093a60000)
  eden space 136320K, 100% used [0x0000000089400000, 0x0000000091920000, 0x0000000091920000)
  from space 17024K,  11% used [0x0000000091920000, 0x0000000091b0d008, 0x00000000929c0000)
  to   space 17024K,   0% used [0x00000000929c0000, 0x00000000929c0000, 0x0000000093a60000)
 concurrent mark-sweep generation total 1775232K, used 1430091K [0x0000000093a60000, 0x0000000100000000, 0x0000000100000000)
 Metaspace       used 65800K, capacity 70283K, committed 70616K, reserved 1110016K
  class space    used 8119K, capacity 9153K, committed 9264K, reserved 1048576K
Event: 3224.459 GC heap after
Heap after GC invocations=1361 (full 2):
 par new generation   total 153344K, used 2526K [0x0000000089400000, 0x0000000093a60000, 0x0000000093a60000)
  eden space 136320K,   0% used [0x0000000089400000, 0x0000000089400000, 0x0000000091920000)
  from space 17024K,  14% used [0x00000000929c0000, 0x0000000092c37af0, 0x0000000093a60000)
  to   space 17024K,   0% used [0x0000000091920000, 0x0000000091920000, 0x00000000929c0000)
 concurrent mark-sweep generation total 1775232K, used 1430215K [0x0000000093a60000, 0x0000000100000000, 0x0000000100000000)
 Metaspace       used 65800K, capacity 70283K, committed 70616K, reserved 1110016K
  class space    used 8119K, capacity 9153K, committed 9264K, reserved 1048576K
}
Event: 3226.606 GC heap before
{Heap before GC invocations=1361 (full 2):
 par new generation   total 153344K, used 138846K [0x0000000089400000, 0x0000000093a60000, 0x0000000093a60000)
  eden space 136320K, 100% used [0x0000000089400000, 0x0000000091920000, 0x0000000091920000)
  from space 17024K,  14% used [0x00000000929c0000, 0x0000000092c37af0, 0x0000000093a60000)
  to   space 17024K,   0% used [0x0000000091920000, 0x0000000091920000, 0x00000000929c0000)
 concurrent mark-sweep generation total 1775232K, used 1430215K [0x0000000093a60000, 0x0000000100000000, 0x0000000100000000)
 Metaspace       used 65801K, capacity 70283K, committed 70616K, reserved 1110016K
  class space    used 8119K, capacity 9153K, committed 9264K, reserved 1048576K
Event: 3226.616 GC heap after
Heap after GC invocations=1362 (full 2):
 par new generation   total 153344K, used 3070K [0x0000000089400000, 0x0000000093a60000, 0x0000000093a60000)
  eden space 136320K,   0% used [0x0000000089400000, 0x0000000089400000, 0x0000000091920000)
  from space 17024K,  18% used [0x0000000091920000, 0x0000000091c1fbd0, 0x00000000929c0000)
  to   space 17024K,   0% used [0x00000000929c0000, 0x00000000929c0000, 0x0000000093a60000)
 concurrent mark-sweep generation total 1775232K, used 1430239K [0x0000000093a60000, 0x0000000100000000, 0x0000000100000000)
 Metaspace       used 65801K, capacity 70283K, committed 70616K, reserved 1110016K
  class space    used 8119K, capacity 9153K, committed 9264K, reserved 1048576K
}
Event: 3228.653 GC heap before
{Heap before GC invocations=1362 (full 2):
 par new generation   total 153344K, used 139390K [0x0000000089400000, 0x0000000093a60000, 0x0000000093a60000)
  eden space 136320K, 100% used [0x0000000089400000, 0x0000000091920000, 0x0000000091920000)
  from space 17024K,  18% used [0x0000000091920000, 0x0000000091c1fbd0, 0x00000000929c0000)
  to   space 17024K,   0% used [0x00000000929c0000, 0x00000000929c0000, 0x0000000093a60000)
 concurrent mark-sweep generation total 1775232K, used 1430239K [0x0000000093a60000, 0x0000000100000000, 0x0000000100000000)
 Metaspace       used 65801K, capacity 70283K, committed 70616K, reserved 1110016K
  class space    used 8119K, capacity 9153K, committed 9264K, reserved 1048576K
Event: 3228.664 GC heap after
Heap after GC invocations=1363 (full 2):
 par new generation   total 153344K, used 4210K [0x0000000089400000, 0x0000000093a60000, 0x0000000093a60000)
  eden space 136320K,   0% used [0x0000000089400000, 0x0000000089400000, 0x0000000091920000)
  from space 17024K,  24% used [0x00000000929c0000, 0x0000000092ddc888, 0x0000000093a60000)
  to   space 17024K,   0% used [0x0000000091920000, 0x0000000091920000, 0x00000000929c0000)
 concurrent mark-sweep generation total 1775232K, used 1430559K [0x0000000093a60000, 0x0000000100000000, 0x0000000100000000)
 Metaspace       used 65801K, capacity 70283K, committed 70616K, reserved 1110016K
  class space    used 8119K, capacity 9153K, committed 9264K, reserved 1048576K
}
Event: 3230.702 GC heap before
{Heap before GC invocations=1363 (full 2):
 par new generation   total 153344K, used 140530K [0x0000000089400000, 0x0000000093a60000, 0x0000000093a60000)
  eden space 136320K, 100% used [0x0000000089400000, 0x0000000091920000, 0x0000000091920000)
  from space 17024K,  24% used [0x00000000929c0000, 0x0000000092ddc888, 0x0000000093a60000)
  to   space 17024K,   0% used [0x0000000091920000, 0x0000000091920000, 0x00000000929c0000)
 concurrent mark-sweep generation total 1775232K, used 1430559K [0x0000000093a60000, 0x0000000100000000, 0x0000000100000000)
 Metaspace       used 65802K, capacity 70283K, committed 70616K, reserved 1110016K
  class space    used 8119K, capacity 9153K, committed 9264K, reserved 1048576K
Event: 3230.712 GC heap after
Heap after GC invocations=1364 (full 2):
 par new generation   total 153344K, used 2892K [0x0000000089400000, 0x0000000093a60000, 0x0000000093a60000)
  eden space 136320K,   0% used [0x0000000089400000, 0x0000000089400000, 0x0000000091920000)
  from space 17024K,  16% used [0x0000000091920000, 0x0000000091bf3340, 0x00000000929c0000)
  to   space 17024K,   0% used [0x00000000929c0000, 0x00000000929c0000, 0x0000000093a60000)
 concurrent mark-sweep generation total 1775232K, used 1430627K [0x0000000093a60000, 0x0000000100000000, 0x0000000100000000)
 Metaspace       used 65802K, capacity 70283K, committed 70616K, reserved 1110016K
  class space    used 8119K, capacity 9153K, committed 9264K, reserved 1048576K
}
Event: 3232.801 GC heap before
{Heap before GC invocations=1364 (full 2):
 par new generation   total 153344K, used 139212K [0x0000000089400000, 0x0000000093a60000, 0x0000000093a60000)
  eden space 136320K, 100% used [0x0000000089400000, 0x0000000091920000, 0x0000000091920000)
  from space 17024K,  16% used [0x0000000091920000, 0x0000000091bf3340, 0x00000000929c0000)
  to   space 17024K,   0% used [0x00000000929c0000, 0x00000000929c0000, 0x0000000093a60000)
 concurrent mark-sweep generation total 1775232K, used 1430627K [0x0000000093a60000, 0x0000000100000000, 0x0000000100000000)
 Metaspace       used 65803K, capacity 70283K, committed 70616K, reserved 1110016K
  class space    used 8119K, capacity 9153K, committed 9264K, reserved 1048576K
Event: 3232.811 GC heap after
Heap after GC invocations=1365 (full 2):
 par new generation   total 153344K, used 4619K [0x0000000089400000, 0x0000000093a60000, 0x0000000093a60000)
  eden space 136320K,   0% used [0x0000000089400000, 0x0000000089400000, 0x0000000091920000)
  from space 17024K,  27% used [0x00000000929c0000, 0x0000000092e42d00, 0x0000000093a60000)
  to   space 17024K,   0% used [0x0000000091920000, 0x0000000091920000, 0x00000000929c0000)
 concurrent mark-sweep generation total 1775232K, used 1430667K [0x0000000093a60000, 0x0000000100000000, 0x0000000100000000)
 Metaspace       used 65803K, capacity 70283K, committed 70616K, reserved 1110016K
  class space    used 8119K, capacity 9153K, committed 9264K, reserved 1048576K
}
Event: 3234.951 GC heap before
{Heap before GC invocations=1365 (full 2):
 par new generation   total 153344K, used 140939K [0x0000000089400000, 0x0000000093a60000, 0x0000000093a60000)
  eden space 136320K, 100% used [0x0000000089400000, 0x0000000091920000, 0x0000000091920000)
  from space 17024K,  27% used [0x00000000929c0000, 0x0000000092e42d00, 0x0000000093a60000)
  to   space 17024K,   0% used [0x0000000091920000, 0x0000000091920000, 0x00000000929c0000)
 concurrent mark-sweep generation total 1775232K, used 1430667K [0x0000000093a60000, 0x0000000100000000, 0x0000000100000000)
 Metaspace       used 65812K, capacity 70283K, committed 70616K, reserved 1110016K
  class space    used 8121K, capacity 9153K, committed 9264K, reserved 1048576K
Event: 3234.962 GC heap after
Heap after GC invocations=1366 (full 2):
 par new generation   total 153344K, used 3143K [0x0000000089400000, 0x0000000093a60000, 0x0000000093a60000)
  eden space 136320K,   0% used [0x0000000089400000, 0x0000000089400000, 0x0000000091920000)
  from space 17024K,  18% used [0x0000000091920000, 0x0000000091c31dd0, 0x00000000929c0000)
  to   space 17024K,   0% used [0x00000000929c0000, 0x00000000929c0000, 0x0000000093a60000)
 concurrent mark-sweep generation total 1775232K, used 1430994K [0x0000000093a60000, 0x0000000100000000, 0x0000000100000000)
 Metaspace       used 65812K, capacity 70283K, committed 70616K, reserved 1110016K
  class space    used 8121K, capacity 9153K, committed 9264K, reserved 1048576K
}
Event: 3237.247 GC heap before
{Heap before GC invocations=1366 (full 2):
 par new generation   total 153344K, used 139463K [0x0000000089400000, 0x0000000093a60000, 0x0000000093a60000)
  eden space 136320K, 100% used [0x0000000089400000, 0x0000000091920000, 0x0000000091920000)
  from space 17024K,  18% used [0x0000000091920000, 0x0000000091c31dd0, 0x00000000929c0000)
  to   space 17024K,   0% used [0x00000000929c0000, 0x00000000929c0000, 0x0000000093a60000)
 concurrent mark-sweep generation total 1775232K, used 1430994K [0x0000000093a60000, 0x0000000100000000, 0x0000000100000000)
 Metaspace       used 65812K, capacity 70283K, committed 70616K, reserved 1110016K
  class space    used 8121K, capacity 9153K, committed 9264K, reserved 1048576K
Event: 3237.258 GC heap after
Heap after GC invocations=1367 (full 2):
 par new generation   total 153344K, used 4703K [0x0000000089400000, 0x0000000093a60000, 0x0000000093a60000)
  eden space 136320K,   0% used [0x0000000089400000, 0x0000000089400000, 0x0000000091920000)
  from space 17024K,  27% used [0x00000000929c0000, 0x0000000092e57c28, 0x0000000093a60000)
  to   space 17024K,   0% used [0x0000000091920000, 0x0000000091920000, 0x00000000929c0000)
 concurrent mark-sweep generation total 1775232K, used 1431344K [0x0000000093a60000, 0x0000000100000000, 0x0000000100000000)
 Metaspace       used 65812K, capacity 70283K, committed 70616K, reserved 1110016K
  class space    used 8121K, capacity 9153K, committed 9264K, reserved 1048576K
}
Event: 3239.002 GC heap before
{Heap before GC invocations=1367 (full 2):
 par new generation   total 153344K, used 141023K [0x0000000089400000, 0x0000000093a60000, 0x0000000093a60000)
  eden space 136320K, 100% used [0x0000000089400000, 0x0000000091920000, 0x0000000091920000)
  from space 17024K,  27% used [0x00000000929c0000, 0x0000000092e57c28, 0x0000000093a60000)
  to   space 17024K,   0% used [0x0000000091920000, 0x0000000091920000, 0x00000000929c0000)
 concurrent mark-sweep generation total 1775232K, used 1431344K [0x0000000093a60000, 0x0000000100000000, 0x0000000100000000)
 Metaspace       used 65812K, capacity 70283K, committed 70616K, reserved 1110016K
  class space    used 8121K, capacity 9153K, committed 9264K, reserved 1048576K
Event: 3239.014 GC heap after
Heap after GC invocations=1368 (full 2):
 par new generation   total 153344K, used 3154K [0x0000000089400000, 0x0000000093a60000, 0x0000000093a60000)
  eden space 136320K,   0% used [0x0000000089400000, 0x0000000089400000, 0x0000000091920000)
  from space 17024K,  18% used [0x0000000091920000, 0x0000000091c349d0, 0x00000000929c0000)
  to   space 17024K,   0% used [0x00000000929c0000, 0x00000000929c0000, 0x0000000093a60000)
 concurrent mark-sweep generation total 1775232K, used 1432152K [0x0000000093a60000, 0x0000000100000000, 0x0000000100000000)
 Metaspace       used 65812K, capacity 70283K, committed 70616K, reserved 1110016K
  class space    used 8121K, capacity 9153K, committed 9264K, reserved 1048576K
}
Event: 3240.854 GC heap before
{Heap before GC invocations=1368 (full 2):
 par new generation   total 153344K, used 139474K [0x0000000089400000, 0x0000000093a60000, 0x0000000093a60000)
  eden space 136320K, 100% used [0x0000000089400000, 0x0000000091920000, 0x0000000091920000)
  from space 17024K,  18% used [0x0000000091920000, 0x0000000091c349d0, 0x00000000929c0000)
  to   space 17024K,   0% used [0x00000000929c0000, 0x00000000929c0000, 0x0000000093a60000)
 concurrent mark-sweep generation total 1775232K, used 1432152K [0x0000000093a60000, 0x0000000100000000, 0x0000000100000000)
 Metaspace       used 65812K, capacity 70283K, committed 70616K, reserved 1110016K
  class space    used 8121K, capacity 9153K, committed 9264K, reserved 1048576K
Event: 3240.865 GC heap after
Heap after GC invocations=1369 (full 2):
 par new generation   total 153344K, used 2144K [0x0000000089400000, 0x0000000093a60000, 0x0000000093a60000)
  eden space 136320K,   0% used [0x0000000089400000, 0x0000000089400000, 0x0000000091920000)
  from space 17024K,  12% used [0x00000000929c0000, 0x0000000092bd8180, 0x0000000093a60000)
  to   space 17024K,   0% used [0x0000000091920000, 0x0000000091920000, 0x00000000929c0000)
 concurrent mark-sweep generation total 1775232K, used 1432549K [0x0000000093a60000, 0x0000000100000000, 0x0000000100000000)
 Metaspace       used 65812K, capacity 70283K, committed 70616K, reserved 1110016K
  class space    used 8121K, capacity 9153K, committed 9264K, reserved 1048576K
}
Event: 3243.054 GC heap before
{Heap before GC invocations=1369 (full 2):
 par new generation   total 153344K, used 138464K [0x0000000089400000, 0x0000000093a60000, 0x0000000093a60000)
  eden space 136320K, 100% used [0x0000000089400000, 0x0000000091920000, 0x0000000091920000)
  from space 17024K,  12% used [0x00000000929c0000, 0x0000000092bd8180, 0x0000000093a60000)
  to   space 17024K,   0% used [0x0000000091920000, 0x0000000091920000, 0x00000000929c0000)
 concurrent mark-sweep generation total 1775232K, used 1432549K [0x0000000093a60000, 0x0000000100000000, 0x0000000100000000)
 Metaspace       used 65812K, capacity 70283K, committed 70616K, reserved 1110016K
  class space    used 8121K, capacity 9153K, committed 9264K, reserved 1048576K
Event: 3243.065 GC heap after
Heap after GC invocations=1370 (full 2):
 par new generation   total 153344K, used 2100K [0x0000000089400000, 0x0000000093a60000, 0x0000000093a60000)
  eden space 136320K,   0% used [0x0000000089400000, 0x0000000089400000, 0x0000000091920000)
  from space 17024K,  12% used [0x0000000091920000, 0x0000000091b2d0c0, 0x00000000929c0000)
  to   space 17024K,   0% used [0x00000000929c0000, 0x00000000929c0000, 0x0000000093a60000)
 concurrent mark-sweep generation total 1775232K, used 1432734K [0x0000000093a60000, 0x0000000100000000, 0x0000000100000000)
 Metaspace       used 65812K, capacity 70283K, committed 70616K, reserved 1110016K
  class space    used 8121K, capacity 9153K, committed 9264K, reserved 1048576K
}
Event: 3244.560 GC heap before
{Heap before GC invocations=1370 (full 2):
 par new generation   total 153344K, used 138420K [0x0000000089400000, 0x0000000093a60000, 0x0000000093a60000)
  eden space 136320K, 100% used [0x0000000089400000, 0x0000000091920000, 0x0000000091920000)
  from space 17024K,  12% used [0x0000000091920000, 0x0000000091b2d0c0, 0x00000000929c0000)
  to   space 17024K,   0% used [0x00000000929c0000, 0x00000000929c0000, 0x0000000093a60000)
 concurrent mark-sweep generation total 1775232K, used 1432734K [0x0000000093a60000, 0x0000000100000000, 0x0000000100000000)
 Metaspace       used 65813K, capacity 70283K, committed 70616K, reserved 1110016K
  class space    used 8121K, capacity 9153K, committed 9264K, reserved 1048576K
Event: 3244.570 GC heap after
Heap after GC invocations=1371 (full 2):
 par new generation   total 153344K, used 2347K [0x0000000089400000, 0x0000000093a60000, 0x0000000093a60000)
  eden space 136320K,   0% used [0x0000000089400000, 0x0000000089400000, 0x0000000091920000)
  from space 17024K,  13% used [0x00000000929c0000, 0x0000000092c0ac50, 0x0000000093a60000)
  to   space 17024K,   0% used [0x0000000091920000, 0x0000000091920000, 0x00000000929c0000)
 concurrent mark-sweep generation total 1775232K, used 1432799K [0x0000000093a60000, 0x0000000100000000, 0x0000000100000000)
 Metaspace       used 65813K, capacity 70283K, committed 70616K, reserved 1110016K
  class space    used 8121K, capacity 9153K, committed 9264K, reserved 1048576K
}
Event: 3245.585 GC heap before
{Heap before GC invocations=1371 (full 2):
 par new generation   total 153344K, used 138667K [0x0000000089400000, 0x0000000093a60000, 0x0000000093a60000)
  eden space 136320K, 100% used [0x0000000089400000, 0x0000000091920000, 0x0000000091920000)
  from space 17024K,  13% used [0x00000000929c0000, 0x0000000092c0ac50, 0x0000000093a60000)
  to   space 17024K,   0% used [0x0000000091920000, 0x0000000091920000, 0x00000000929c0000)
 concurrent mark-sweep generation total 1775232K, used 1432799K [0x0000000093a60000, 0x0000000100000000, 0x0000000100000000)
 Metaspace       used 65821K, capacity 70295K, committed 70616K, reserved 1110016K
  class space    used 8122K, capacity 9155K, committed 9264K, reserved 1048576K
Event: 3245.615 GC heap after
Heap after GC invocations=1372 (full 2):
 par new generation   total 153344K, used 11898K [0x0000000089400000, 0x0000000093a60000, 0x0000000093a60000)
  eden space 136320K,   0% used [0x0000000089400000, 0x0000000089400000, 0x0000000091920000)
  from space 17024K,  69% used [0x0000000091920000, 0x00000000924bea88, 0x00000000929c0000)
  to   space 17024K,   0% used [0x00000000929c0000, 0x00000000929c0000, 0x0000000093a60000)
 concurrent mark-sweep generation total 1775232K, used 1433032K [0x0000000093a60000, 0x0000000100000000, 0x0000000100000000)
 Metaspace       used 65821K, capacity 70295K, committed 70616K, reserved 1110016K
  class space    used 8122K, capacity 9155K, committed 9264K, reserved 1048576K
}
Event: 3246.537 GC heap before
{Heap before GC invocations=1372 (full 2):
 par new generation   total 153344K, used 148218K [0x0000000089400000, 0x0000000093a60000, 0x0000000093a60000)
  eden space 136320K, 100% used [0x0000000089400000, 0x0000000091920000, 0x0000000091920000)
  from space 17024K,  69% used [0x0000000091920000, 0x00000000924bea88, 0x00000000929c0000)
  to   space 17024K,   0% used [0x00000000929c0000, 0x00000000929c0000, 0x0000000093a60000)
 concurrent mark-sweep generation total 1775232K, used 1433032K [0x0000000093a60000, 0x0000000100000000, 0x0000000100000000)
 Metaspace       used 65821K, capacity 70295K, committed 70616K, reserved 1110016K
  class space    used 8122K, capacity 9155K, committed 9264K, reserved 1048576K
Event: 3246.608 GC heap after
Heap after GC invocations=1373 (full 2):
 par new generation   total 153344K, used 8559K [0x0000000089400000, 0x0000000093a60000, 0x0000000093a60000)
  eden space 136320K,   0% used [0x0000000089400000, 0x0000000089400000, 0x0000000091920000)
  from space 17024K,  50% used [0x00000000929c0000, 0x000000009321bf10, 0x0000000093a60000)
  to   space 17024K,   0% used [0x0000000091920000, 0x0000000091920000, 0x00000000929c0000)
 concurrent mark-sweep generation total 1775232K, used 1439859K [0x0000000093a60000, 0x0000000100000000, 0x0000000100000000)
 Metaspace       used 65821K, capacity 70295K, committed 70616K, reserved 1110016K
  class space    used 8122K, capacity 9155K, committed 9264K, reserved 1048576K
}

