# JRE version: OpenJDK Runtime Environment (8.0_191-b12) (build 1.8.0_191-b12)
# Java VM: OpenJDK 64-Bit Server VM (25.191-b12 mixed mode linux-amd64 compressed oops)
Heap:
 par new generation   total 153344K, used 46761K [0x0000000089400000, 0x0000000093a60000, 0x0000000093a60000)
  eden space 136320K,  33% used [0x0000000089400000, 0x000000008c100398, 0x0000000091920000)
  from space 17024K,   3% used [0x00000000929c0000, 0x0000000092a6a280, 0x0000000093a60000)
  to   space 17024K,   0% used [0x0000000091920000, 0x0000000091920000, 0x00000000929c0000)
 concurrent mark-sweep generation total 1775232K, used 1434438K [0x0000000093a60000, 0x0000000100000000, 0x0000000100000000)
 Metaspace       used 65107K, capacity 69258K, committed 69408K, reserved 1110016K
  class space    used 8029K, capacity 9017K, committed 9056K, reserved 1048576K
GC Heap History (250 events):
Event: 19083.988 GC heap before
{Heap before GC invocations=8604 (full 2):
 par new generation   total 153344K, used 137308K [0x0000000089400000, 0x0000000093a60000, 0x0000000093a60000)
  eden space 136320K, 100% used [0x0000000089400000, 0x0000000091920000, 0x0000000091920000)
  from space 17024K,   5% used [0x0000000091920000, 0x0000000091a17020, 0x00000000929c0000)
  to   space 17024K,   0% used [0x00000000929c0000, 0x00000000929c0000, 0x0000000093a60000)
 concurrent mark-sweep generation total 1775232K, used 1428089K [0x0000000093a60000, 0x0000000100000000, 0x0000000100000000)
 Metaspace       used 64952K, capacity 69086K, committed 69408K, reserved 1110016K
  class space    used 8013K, capacity 8983K, committed 9056K, reserved 1048576K
Event: 19083.997 GC heap after
Heap after GC invocations=8605 (full 2):
 par new generation   total 153344K, used 664K [0x0000000089400000, 0x0000000093a60000, 0x0000000093a60000)
  eden space 136320K,   0% used [0x0000000089400000, 0x0000000089400000, 0x0000000091920000)
  from space 17024K,   3% used [0x00000000929c0000, 0x0000000092a66000, 0x0000000093a60000)
  to   space 17024K,   0% used [0x0000000091920000, 0x0000000091920000, 0x00000000929c0000)
 concurrent mark-sweep generation total 1775232K, used 1428131K [0x0000000093a60000, 0x0000000100000000, 0x0000000100000000)
 Metaspace       used 64952K, capacity 69086K, committed 69408K, reserved 1110016K
  class space    used 8013K, capacity 8983K, committed 9056K, reserved 1048576K
}
Event: 19086.390 GC heap before
{Heap before GC invocations=8605 (full 2):
 par new generation   total 153344K, used 136984K [0x0000000089400000, 0x0000000093a60000, 0x0000000093a60000)
  eden space 136320K, 100% used [0x0000000089400000, 0x0000000091920000, 0x0000000091920000)
  from space 17024K,   3% used [0x00000000929c0000, 0x0000000092a66000, 0x0000000093a60000)
  to   space 17024K,   0% used [0x0000000091920000, 0x0000000091920000, 0x00000000929c0000)
 concurrent mark-sweep generation total 1775232K, used 1428131K [0x0000000093a60000, 0x0000000100000000, 0x0000000100000000)
 Metaspace       used 64952K, capacity 69086K, committed 69408K, reserved 1110016K
  class space    used 8013K, capacity 8983K, committed 9056K, reserved 1048576K
Event: 19086.400 GC heap after
Heap after GC invocations=8606 (full 2):
 par new generation   total 153344K, used 622K [0x0000000089400000, 0x0000000093a60000, 0x0000000093a60000)
  eden space 136320K,   0% used [0x0000000089400000, 0x0000000089400000, 0x0000000091920000)
  from space 17024K,   3% used [0x0000000091920000, 0x00000000919bbb70, 0x00000000929c0000)
  to   space 17024K,   0% used [0x00000000929c0000, 0x00000000929c0000, 0x0000000093a60000)
 concurrent mark-sweep generation total 1775232K, used 1428517K [0x0000000093a60000, 0x0000000100000000, 0x0000000100000000)
 Metaspace       used 64952K, capacity 69086K, committed 69408K, reserved 1110016K
  class space    used 8013K, capacity 8983K, committed 9056K, reserved 1048576K
}
Event: 19088.792 GC heap before
{Heap before GC invocations=8606 (full 2):
 par new generation   total 153344K, used 136942K [0x0000000089400000, 0x0000000093a60000, 0x0000000093a60000)
  eden space 136320K, 100% used [0x0000000089400000, 0x0000000091920000, 0x0000000091920000)
  from space 17024K,   3% used [0x0000000091920000, 0x00000000919bbb70, 0x00000000929c0000)
  to   space 17024K,   0% used [0x00000000929c0000, 0x00000000929c0000, 0x0000000093a60000)
 concurrent mark-sweep generation total 1775232K, used 1428517K [0x0000000093a60000, 0x0000000100000000, 0x0000000100000000)
 Metaspace       used 64952K, capacity 69086K, committed 69408K, reserved 1110016K
  class space    used 8013K, capacity 8983K, committed 9056K, reserved 1048576K
Event: 19088.800 GC heap after
Heap after GC invocations=8607 (full 2):
 par new generation   total 153344K, used 249K [0x0000000089400000, 0x0000000093a60000, 0x0000000093a60000)
  eden space 136320K,   0% used [0x0000000089400000, 0x0000000089400000, 0x0000000091920000)
  from space 17024K,   1% used [0x00000000929c0000, 0x00000000929fe530, 0x0000000093a60000)
  to   space 17024K,   0% used [0x0000000091920000, 0x0000000091920000, 0x00000000929c0000)
 concurrent mark-sweep generation total 1775232K, used 1428547K [0x0000000093a60000, 0x0000000100000000, 0x0000000100000000)
 Metaspace       used 64952K, capacity 69086K, committed 69408K, reserved 1110016K
  class space    used 8013K, capacity 8983K, committed 9056K, reserved 1048576K
}
Event: 19091.099 GC heap before
{Heap before GC invocations=8607 (full 2):
 par new generation   total 153344K, used 136569K [0x0000000089400000, 0x0000000093a60000, 0x0000000093a60000)
  eden space 136320K, 100% used [0x0000000089400000, 0x0000000091920000, 0x0000000091920000)
  from space 17024K,   1% used [0x00000000929c0000, 0x00000000929fe530, 0x0000000093a60000)
  to   space 17024K,   0% used [0x0000000091920000, 0x0000000091920000, 0x00000000929c0000)
 concurrent mark-sweep generation total 1775232K, used 1428547K [0x0000000093a60000, 0x0000000100000000, 0x0000000100000000)
 Metaspace       used 64952K, capacity 69086K, committed 69408K, reserved 1110016K
  class space    used 8013K, capacity 8983K, committed 9056K, reserved 1048576K
Event: 19091.107 GC heap after
Heap after GC invocations=8608 (full 2):
 par new generation   total 153344K, used 239K [0x0000000089400000, 0x0000000093a60000, 0x0000000093a60000)
  eden space 136320K,   0% used [0x0000000089400000, 0x0000000089400000, 0x0000000091920000)
  from space 17024K,   1% used [0x0000000091920000, 0x000000009195bf50, 0x00000000929c0000)
  to   space 17024K,   0% used [0x00000000929c0000, 0x00000000929c0000, 0x0000000093a60000)
 concurrent mark-sweep generation total 1775232K, used 1428561K [0x0000000093a60000, 0x0000000100000000, 0x0000000100000000)
 Metaspace       used 64952K, capacity 69086K, committed 69408K, reserved 1110016K
  class space    used 8013K, capacity 8983K, committed 9056K, reserved 1048576K
}
Event: 19093.354 GC heap before
{Heap before GC invocations=8608 (full 2):
 par new generation   total 153344K, used 136559K [0x0000000089400000, 0x0000000093a60000, 0x0000000093a60000)
  eden space 136320K, 100% used [0x0000000089400000, 0x0000000091920000, 0x0000000091920000)
  from space 17024K,   1% used [0x0000000091920000, 0x000000009195bf50, 0x00000000929c0000)
  to   space 17024K,   0% used [0x00000000929c0000, 0x00000000929c0000, 0x0000000093a60000)
 concurrent mark-sweep generation total 1775232K, used 1428561K [0x0000000093a60000, 0x0000000100000000, 0x0000000100000000)
 Metaspace       used 64952K, capacity 69086K, committed 69408K, reserved 1110016K
  class space    used 8013K, capacity 8983K, committed 9056K, reserved 1048576K
Event: 19093.362 GC heap after
Heap after GC invocations=8609 (full 2):
 par new generation   total 153344K, used 797K [0x0000000089400000, 0x0000000093a60000, 0x0000000093a60000)
  eden space 136320K,   0% used [0x0000000089400000, 0x0000000089400000, 0x0000000091920000)
  from space 17024K,   4% used [0x00000000929c0000, 0x0000000092a87660, 0x0000000093a60000)
  to   space 17024K,   0% used [0x0000000091920000, 0x0000000091920000, 0x00000000929c0000)
 concurrent mark-sweep generation total 1775232K, used 1428572K [0x0000000093a60000, 0x0000000100000000, 0x0000000100000000)
 Metaspace       used 64952K, capacity 69086K, committed 69408K, reserved 1110016K
  class space    used 8013K, capacity 8983K, committed 9056K, reserved 1048576K
}
Event: 19095.708 GC heap before
{Heap before GC invocations=8609 (full 2):
 par new generation   total 153344K, used 137117K [0x0000000089400000, 0x0000000093a60000, 0x0000000093a60000)
  eden space 136320K, 100% used [0x0000000089400000, 0x0000000091920000, 0x0000000091920000)
  from space 17024K,   4% used [0x00000000929c0000, 0x0000000092a87660, 0x0000000093a60000)
  to   space 17024K,   0% used [0x0000000091920000, 0x0000000091920000, 0x00000000929c0000)
 concurrent mark-sweep generation total 1775232K, used 1428572K [0x0000000093a60000, 0x0000000100000000, 0x0000000100000000)
 Metaspace       used 64952K, capacity 69086K, committed 69408K, reserved 1110016K
  class space    used 8013K, capacity 8983K, committed 9056K, reserved 1048576K
Event: 19095.717 GC heap after
Heap after GC invocations=8610 (full 2):
 par new generation   total 153344K, used 1805K [0x0000000089400000, 0x0000000093a60000, 0x0000000093a60000)
  eden space 136320K,   0% used [0x0000000089400000, 0x0000000089400000, 0x0000000091920000)
  from space 17024K,  10% used [0x0000000091920000, 0x0000000091ae34b8, 0x00000000929c0000)
  to   space 17024K,   0% used [0x00000000929c0000, 0x00000000929c0000, 0x0000000093a60000)
 concurrent mark-sweep generation total 1775232K, used 1428606K [0x0000000093a60000, 0x0000000100000000, 0x0000000100000000)
 Metaspace       used 64952K, capacity 69086K, committed 69408K, reserved 1110016K
  class space    used 8013K, capacity 8983K, committed 9056K, reserved 1048576K
}
Event: 19097.561 GC heap before
{Heap before GC invocations=8610 (full 2):
 par new generation   total 153344K, used 138125K [0x0000000089400000, 0x0000000093a60000, 0x0000000093a60000)
  eden space 136320K, 100% used [0x0000000089400000, 0x0000000091920000, 0x0000000091920000)
  from space 17024K,  10% used [0x0000000091920000, 0x0000000091ae34b8, 0x00000000929c0000)
  to   space 17024K,   0% used [0x00000000929c0000, 0x00000000929c0000, 0x0000000093a60000)
 concurrent mark-sweep generation total 1775232K, used 1428606K [0x0000000093a60000, 0x0000000100000000, 0x0000000100000000)
 Metaspace       used 64952K, capacity 69086K, committed 69408K, reserved 1110016K
  class space    used 8013K, capacity 8983K, committed 9056K, reserved 1048576K
Event: 19097.571 GC heap after
Heap after GC invocations=8611 (full 2):
 par new generation   total 153344K, used 1768K [0x0000000089400000, 0x0000000093a60000, 0x0000000093a60000)
  eden space 136320K,   0% used [0x0000000089400000, 0x0000000089400000, 0x0000000091920000)
  from space 17024K,  10% used [0x00000000929c0000, 0x0000000092b7a2a8, 0x0000000093a60000)
  to   space 17024K,   0% used [0x0000000091920000, 0x0000000091920000, 0x00000000929c0000)
 concurrent mark-sweep generation total 1775232K, used 1428606K [0x0000000093a60000, 0x0000000100000000, 0x0000000100000000)
 Metaspace       used 64952K, capacity 69086K, committed 69408K, reserved 1110016K
  class space    used 8013K, capacity 8983K, committed 9056K, reserved 1048576K
}
Event: 19098.819 GC heap before
{Heap before GC invocations=8611 (full 2):
 par new generation   total 153344K, used 138088K [0x0000000089400000, 0x0000000093a60000, 0x0000000093a60000)
  eden space 136320K, 100% used [0x0000000089400000, 0x0000000091920000, 0x0000000091920000)
  from space 17024K,  10% used [0x00000000929c0000, 0x0000000092b7a2a8, 0x0000000093a60000)
  to   space 17024K,   0% used [0x0000000091920000, 0x0000000091920000, 0x00000000929c0000)
 concurrent mark-sweep generation total 1775232K, used 1428606K [0x0000000093a60000, 0x0000000100000000, 0x0000000100000000)
 Metaspace       used 64952K, capacity 69086K, committed 69408K, reserved 1110016K
  class space    used 8013K, capacity 8983K, committed 9056K, reserved 1048576K
Event: 19098.829 GC heap after
Heap after GC invocations=8612 (full 2):
 par new generation   total 153344K, used 1865K [0x0000000089400000, 0x0000000093a60000, 0x0000000093a60000)
  eden space 136320K,   0% used [0x0000000089400000, 0x0000000089400000, 0x0000000091920000)
  from space 17024K,  10% used [0x0000000091920000, 0x0000000091af2490, 0x00000000929c0000)
  to   space 17024K,   0% used [0x00000000929c0000, 0x00000000929c0000, 0x0000000093a60000)
 concurrent mark-sweep generation total 1775232K, used 1428616K [0x0000000093a60000, 0x0000000100000000, 0x0000000100000000)
 Metaspace       used 64952K, capacity 69086K, committed 69408K, reserved 1110016K
  class space    used 8013K, capacity 8983K, committed 9056K, reserved 1048576K
}
Event: 19100.080 GC heap before
{Heap before GC invocations=8612 (full 2):
 par new generation   total 153344K, used 138185K [0x0000000089400000, 0x0000000093a60000, 0x0000000093a60000)
  eden space 136320K, 100% used [0x0000000089400000, 0x0000000091920000, 0x0000000091920000)
  from space 17024K,  10% used [0x0000000091920000, 0x0000000091af2490, 0x00000000929c0000)
  to   space 17024K,   0% used [0x00000000929c0000, 0x00000000929c0000, 0x0000000093a60000)
 concurrent mark-sweep generation total 1775232K, used 1428616K [0x0000000093a60000, 0x0000000100000000, 0x0000000100000000)
 Metaspace       used 64952K, capacity 69086K, committed 69408K, reserved 1110016K
  class space    used 8013K, capacity 8983K, committed 9056K, reserved 1048576K
Event: 19100.090 GC heap after
Heap after GC invocations=8613 (full 2):
 par new generation   total 153344K, used 2249K [0x0000000089400000, 0x0000000093a60000, 0x0000000093a60000)
  eden space 136320K,   0% used [0x0000000089400000, 0x0000000089400000, 0x0000000091920000)
  from space 17024K,  13% used [0x00000000929c0000, 0x0000000092bf2528, 0x0000000093a60000)
  to   space 17024K,   0% used [0x0000000091920000, 0x0000000091920000, 0x00000000929c0000)
 concurrent mark-sweep generation total 1775232K, used 1428636K [0x0000000093a60000, 0x0000000100000000, 0x0000000100000000)
 Metaspace       used 64952K, capacity 69086K, committed 69408K, reserved 1110016K
  class space    used 8013K, capacity 8983K, committed 9056K, reserved 1048576K
}
Event: 19101.330 GC heap before
{Heap before GC invocations=8613 (full 2):
 par new generation   total 153344K, used 138569K [0x0000000089400000, 0x0000000093a60000, 0x0000000093a60000)
  eden space 136320K, 100% used [0x0000000089400000, 0x0000000091920000, 0x0000000091920000)
  from space 17024K,  13% used [0x00000000929c0000, 0x0000000092bf2528, 0x0000000093a60000)
  to   space 17024K,   0% used [0x0000000091920000, 0x0000000091920000, 0x00000000929c0000)
 concurrent mark-sweep generation total 1775232K, used 1428636K [0x0000000093a60000, 0x0000000100000000, 0x0000000100000000)
 Metaspace       used 64952K, capacity 69086K, committed 69408K, reserved 1110016K
  class space    used 8013K, capacity 8983K, committed 9056K, reserved 1048576K
Event: 19101.340 GC heap after
Heap after GC invocations=8614 (full 2):
 par new generation   total 153344K, used 2326K [0x0000000089400000, 0x0000000093a60000, 0x0000000093a60000)
  eden space 136320K,   0% used [0x0000000089400000, 0x0000000089400000, 0x0000000091920000)
  from space 17024K,  13% used [0x0000000091920000, 0x0000000091b65a30, 0x00000000929c0000)
  to   space 17024K,   0% used [0x00000000929c0000, 0x00000000929c0000, 0x0000000093a60000)
 concurrent mark-sweep generation total 1775232K, used 1428643K [0x0000000093a60000, 0x0000000100000000, 0x0000000100000000)
 Metaspace       used 64952K, capacity 69086K, committed 69408K, reserved 1110016K
  class space    used 8013K, capacity 8983K, committed 9056K, reserved 1048576K
}
Event: 19102.584 GC heap before
{Heap before GC invocations=8614 (full 2):
 par new generation   total 153344K, used 138646K [0x0000000089400000, 0x0000000093a60000, 0x0000000093a60000)
  eden space 136320K, 100% used [0x0000000089400000, 0x0000000091920000, 0x0000000091920000)
  from space 17024K,  13% used [0x0000000091920000, 0x0000000091b65a30, 0x00000000929c0000)
  to   space 17024K,   0% used [0x00000000929c0000, 0x00000000929c0000, 0x0000000093a60000)
 concurrent mark-sweep generation total 1775232K, used 1428643K [0x0000000093a60000, 0x0000000100000000, 0x0000000100000000)
 Metaspace       used 64952K, capacity 69086K, committed 69408K, reserved 1110016K
  class space    used 8013K, capacity 8983K, committed 9056K, reserved 1048576K
Event: 19102.595 GC heap after
Heap after GC invocations=8615 (full 2):
 par new generation   total 153344K, used 2578K [0x0000000089400000, 0x0000000093a60000, 0x0000000093a60000)
  eden space 136320K,   0% used [0x0000000089400000, 0x0000000089400000, 0x0000000091920000)
  from space 17024K,  15% used [0x00000000929c0000, 0x0000000092c44af0, 0x0000000093a60000)
  to   space 17024K,   0% used [0x0000000091920000, 0x0000000091920000, 0x00000000929c0000)
 concurrent mark-sweep generation total 1775232K, used 1428684K [0x0000000093a60000, 0x0000000100000000, 0x0000000100000000)
 Metaspace       used 64952K, capacity 69086K, committed 69408K, reserved 1110016K
  class space    used 8013K, capacity 8983K, committed 9056K, reserved 1048576K
}
Event: 19103.836 GC heap before
{Heap before GC invocations=8615 (full 2):
 par new generation   total 153344K, used 138898K [0x0000000089400000, 0x0000000093a60000, 0x0000000093a60000)
  eden space 136320K, 100% used [0x0000000089400000, 0x0000000091920000, 0x0000000091920000)
  from space 17024K,  15% used [0x00000000929c0000, 0x0000000092c44af0, 0x0000000093a60000)
  to   space 17024K,   0% used [0x0000000091920000, 0x0000000091920000, 0x00000000929c0000)
 concurrent mark-sweep generation total 1775232K, used 1428684K [0x0000000093a60000, 0x0000000100000000, 0x0000000100000000)
 Metaspace       used 64952K, capacity 69086K, committed 69408K, reserved 1110016K
  class space    used 8013K, capacity 8983K, committed 9056K, reserved 1048576K
Event: 19103.846 GC heap after
Heap after GC invocations=8616 (full 2):
 par new generation   total 153344K, used 2614K [0x0000000089400000, 0x0000000093a60000, 0x0000000093a60000)
  eden space 136320K,   0% used [0x0000000089400000, 0x0000000089400000, 0x0000000091920000)
  from space 17024K,  15% used [0x0000000091920000, 0x0000000091badaf0, 0x00000000929c0000)
  to   space 17024K,   0% used [0x00000000929c0000, 0x00000000929c0000, 0x0000000093a60000)
 concurrent mark-sweep generation total 1775232K, used 1428783K [0x0000000093a60000, 0x0000000100000000, 0x0000000100000000)
 Metaspace       used 64952K, capacity 69086K, committed 69408K, reserved 1110016K
  class space    used 8013K, capacity 8983K, committed 9056K, reserved 1048576K
}
Event: 19105.134 GC heap before
{Heap before GC invocations=8616 (full 2):
 par new generation   total 153344K, used 138934K [0x0000000089400000, 0x0000000093a60000, 0x0000000093a60000)
  eden space 136320K, 100% used [0x0000000089400000, 0x0000000091920000, 0x0000000091920000)
  from space 17024K,  15% used [0x0000000091920000, 0x0000000091badaf0, 0x00000000929c0000)
  to   space 17024K,   0% used [0x00000000929c0000, 0x00000000929c0000, 0x0000000093a60000)
 concurrent mark-sweep generation total 1775232K, used 1428783K [0x0000000093a60000, 0x0000000100000000, 0x0000000100000000)
 Metaspace       used 64952K, capacity 69086K, committed 69408K, reserved 1110016K
  class space    used 8013K, capacity 8983K, committed 9056K, reserved 1048576K
Event: 19105.145 GC heap after
Heap after GC invocations=8617 (full 2):
 par new generation   total 153344K, used 1711K [0x0000000089400000, 0x0000000093a60000, 0x0000000093a60000)
  eden space 136320K,   0% used [0x0000000089400000, 0x0000000089400000, 0x0000000091920000)
  from space 17024K,  10% used [0x00000000929c0000, 0x0000000092b6bea0, 0x0000000093a60000)
  to   space 17024K,   0% used [0x0000000091920000, 0x0000000091920000, 0x00000000929c0000)
 concurrent mark-sweep generation total 1775232K, used 1429539K [0x0000000093a60000, 0x0000000100000000, 0x0000000100000000)
 Metaspace       used 64952K, capacity 69086K, committed 69408K, reserved 1110016K
  class space    used 8013K, capacity 8983K, committed 9056K, reserved 1048576K
}
Event: 19106.392 GC heap before
{Heap before GC invocations=8617 (full 2):
 par new generation   total 153344K, used 138031K [0x0000000089400000, 0x0000000093a60000, 0x0000000093a60000)
  eden space 136320K, 100% used [0x0000000089400000, 0x0000000091920000, 0x0000000091920000)
  from space 17024K,  10% used [0x00000000929c0000, 0x0000000092b6bea0, 0x0000000093a60000)
  to   space 17024K,   0% used [0x0000000091920000, 0x0000000091920000, 0x00000000929c0000)
 concurrent mark-sweep generation total 1775232K, used 1429539K [0x0000000093a60000, 0x0000000100000000, 0x0000000100000000)
 Metaspace       used 64952K, capacity 69086K, committed 69408K, reserved 1110016K
  class space    used 8013K, capacity 8983K, committed 9056K, reserved 1048576K
Event: 19106.404 GC heap after
Heap after GC invocations=8618 (full 2):
 par new generation   total 153344K, used 1202K [0x0000000089400000, 0x0000000093a60000, 0x0000000093a60000)
  eden space 136320K,   0% used [0x0000000089400000, 0x0000000089400000, 0x0000000091920000)
  from space 17024K,   7% used [0x0000000091920000, 0x0000000091a4c978, 0x00000000929c0000)
  to   space 17024K,   0% used [0x00000000929c0000, 0x00000000929c0000, 0x0000000093a60000)
 concurrent mark-sweep generation total 1775232K, used 1429958K [0x0000000093a60000, 0x0000000100000000, 0x0000000100000000)
 Metaspace       used 64952K, capacity 69086K, committed 69408K, reserved 1110016K
  class space    used 8013K, capacity 8983K, committed 9056K, reserved 1048576K
}
Event: 19107.691 GC heap before
{Heap before GC invocations=8618 (full 2):
 par new generation   total 153344K, used 137522K [0x0000000089400000, 0x0000000093a60000, 0x0000000093a60000)
  eden space 136320K, 100% used [0x0000000089400000, 0x0000000091920000, 0x0000000091920000)
  from space 17024K,   7% used [0x0000000091920000, 0x0000000091a4c978, 0x00000000929c0000)
  to   space 17024K,   0% used [0x00000000929c0000, 0x00000000929c0000, 0x0000000093a60000)
 concurrent mark-sweep generation total 1775232K, used 1429958K [0x0000000093a60000, 0x0000000100000000, 0x0000000100000000)
 Metaspace       used 64952K, capacity 69086K, committed 69408K, reserved 1110016K
  class space    used 8013K, capacity 8983K, committed 9056K, reserved 1048576K
Event: 19107.699 GC heap after
Heap after GC invocations=8619 (full 2):
 par new generation   total 153344K, used 856K [0x0000000089400000, 0x0000000093a60000, 0x0000000093a60000)
  eden space 136320K,   0% used [0x0000000089400000, 0x0000000089400000, 0x0000000091920000)
  from space 17024K,   5% used [0x00000000929c0000, 0x0000000092a961e0, 0x0000000093a60000)
  to   space 17024K,   0% used [0x0000000091920000, 0x0000000091920000, 0x00000000929c0000)
 concurrent mark-sweep generation total 1775232K, used 1429996K [0x0000000093a60000, 0x0000000100000000, 0x0000000100000000)
 Metaspace       used 64952K, capacity 69086K, committed 69408K, reserved 1110016K
  class space    used 8013K, capacity 8983K, committed 9056K, reserved 1048576K
}
Event: 19108.945 GC heap before
{Heap before GC invocations=8619 (full 2):
 par new generation   total 153344K, used 137176K [0x0000000089400000, 0x0000000093a60000, 0x0000000093a60000)
  eden space 136320K, 100% used [0x0000000089400000, 0x0000000091920000, 0x0000000091920000)
  from space 17024K,   5% used [0x00000000929c0000, 0x0000000092a961e0, 0x0000000093a60000)
  to   space 17024K,   0% used [0x0000000091920000, 0x0000000091920000, 0x00000000929c0000)
 concurrent mark-sweep generation total 1775232K, used 1429996K [0x0000000093a60000, 0x0000000100000000, 0x0000000100000000)
 Metaspace       used 64952K, capacity 69086K, committed 69408K, reserved 1110016K
  class space    used 8013K, capacity 8983K, committed 9056K, reserved 1048576K
Event: 19108.955 GC heap after
Heap after GC invocations=8620 (full 2):
 par new generation   total 153344K, used 553K [0x0000000089400000, 0x0000000093a60000, 0x0000000093a60000)
  eden space 136320K,   0% used [0x0000000089400000, 0x0000000089400000, 0x0000000091920000)
  from space 17024K,   3% used [0x0000000091920000, 0x00000000919aa550, 0x00000000929c0000)
  to   space 17024K,   0% used [0x00000000929c0000, 0x00000000929c0000, 0x0000000093a60000)
 concurrent mark-sweep generation total 1775232K, used 1430352K [0x0000000093a60000, 0x0000000100000000, 0x0000000100000000)
 Metaspace       used 64952K, capacity 69086K, committed 69408K, reserved 1110016K
  class space    used 8013K, capacity 8983K, committed 9056K, reserved 1048576K
}
Event: 19110.244 GC heap before
{Heap before GC invocations=8620 (full 2):
 par new generation   total 153344K, used 136873K [0x0000000089400000, 0x0000000093a60000, 0x0000000093a60000)
  eden space 136320K, 100% used [0x0000000089400000, 0x0000000091920000, 0x0000000091920000)
  from space 17024K,   3% used [0x0000000091920000, 0x00000000919aa550, 0x00000000929c0000)
  to   space 17024K,   0% used [0x00000000929c0000, 0x00000000929c0000, 0x0000000093a60000)
 concurrent mark-sweep generation total 1775232K, used 1430352K [0x0000000093a60000, 0x0000000100000000, 0x0000000100000000)
 Metaspace       used 64952K, capacity 69086K, committed 69408K, reserved 1110016K
  class space    used 8013K, capacity 8983K, committed 9056K, reserved 1048576K
Event: 19110.252 GC heap after
Heap after GC invocations=8621 (full 2):
 par new generation   total 153344K, used 352K [0x0000000089400000, 0x0000000093a60000, 0x0000000093a60000)
  eden space 136320K,   0% used [0x0000000089400000, 0x0000000089400000, 0x0000000091920000)
  from space 17024K,   2% used [0x00000000929c0000, 0x0000000092a18200, 0x0000000093a60000)
  to   space 17024K,   0% used [0x0000000091920000, 0x0000000091920000, 0x00000000929c0000)
 concurrent mark-sweep generation total 1775232K, used 1430366K [0x0000000093a60000, 0x0000000100000000, 0x0000000100000000)
 Metaspace       used 64952K, capacity 69086K, committed 69408K, reserved 1110016K
  class space    used 8013K, capacity 8983K, committed 9056K, reserved 1048576K
}
Event: 19111.503 GC heap before
{Heap before GC invocations=8621 (full 2):
 par new generation   total 153344K, used 136672K [0x0000000089400000, 0x0000000093a60000, 0x0000000093a60000)
  eden space 136320K, 100% used [0x0000000089400000, 0x0000000091920000, 0x0000000091920000)
  from space 17024K,   2% used [0x00000000929c0000, 0x0000000092a18200, 0x0000000093a60000)
  to   space 17024K,   0% used [0x0000000091920000, 0x0000000091920000, 0x00000000929c0000)
 concurrent mark-sweep generation total 1775232K, used 1430366K [0x0000000093a60000, 0x0000000100000000, 0x0000000100000000)
 Metaspace       used 64952K, capacity 69086K, committed 69408K, reserved 1110016K
  class space    used 8013K, capacity 8983K, committed 9056K, reserved 1048576K
Event: 19111.511 GC heap after
Heap after GC invocations=8622 (full 2):
 par new generation   total 153344K, used 391K [0x0000000089400000, 0x0000000093a60000, 0x0000000093a60000)
  eden space 136320K,   0% used [0x0000000089400000, 0x0000000089400000, 0x0000000091920000)
  from space 17024K,   2% used [0x0000000091920000, 0x0000000091981d40, 0x00000000929c0000)
  to   space 17024K,   0% used [0x00000000929c0000, 0x00000000929c0000, 0x0000000093a60000)
 concurrent mark-sweep generation total 1775232K, used 1430410K [0x0000000093a60000, 0x0000000100000000, 0x0000000100000000)
 Metaspace       used 64952K, capacity 69086K, committed 69408K, reserved 1110016K
  class space    used 8013K, capacity 8983K, committed 9056K, reserved 1048576K
}
Event: 19112.805 GC heap before
{Heap before GC invocations=8622 (full 2):
 par new generation   total 153344K, used 136711K [0x0000000089400000, 0x0000000093a60000, 0x0000000093a60000)
  eden space 136320K, 100% used [0x0000000089400000, 0x0000000091920000, 0x0000000091920000)
  from space 17024K,   2% used [0x0000000091920000, 0x0000000091981d40, 0x00000000929c0000)
  to   space 17024K,   0% used [0x00000000929c0000, 0x00000000929c0000, 0x0000000093a60000)
 concurrent mark-sweep generation total 1775232K, used 1430410K [0x0000000093a60000, 0x0000000100000000, 0x0000000100000000)
 Metaspace       used 64952K, capacity 69086K, committed 69408K, reserved 1110016K
  class space    used 8013K, capacity 8983K, committed 9056K, reserved 1048576K
Event: 19112.813 GC heap after
Heap after GC invocations=8623 (full 2):
 par new generation   total 153344K, used 248K [0x0000000089400000, 0x0000000093a60000, 0x0000000093a60000)
  eden space 136320K,   0% used [0x0000000089400000, 0x0000000089400000, 0x0000000091920000)
  from space 17024K,   1% used [0x00000000929c0000, 0x00000000929fe380, 0x0000000093a60000)
  to   space 17024K,   0% used [0x0000000091920000, 0x0000000091920000, 0x00000000929c0000)
 concurrent mark-sweep generation total 1775232K, used 1430462K [0x0000000093a60000, 0x0000000100000000, 0x0000000100000000)
 Metaspace       used 64952K, capacity 69086K, committed 69408K, reserved 1110016K
  class space    used 8013K, capacity 8983K, committed 9056K, reserved 1048576K
}
Event: 19114.107 GC heap before
{Heap before GC invocations=8623 (full 2):
 par new generation   total 153344K, used 136568K [0x0000000089400000, 0x0000000093a60000, 0x0000000093a60000)
  eden space 136320K, 100% used [0x0000000089400000, 0x0000000091920000, 0x0000000091920000)
  from space 17024K,   1% used [0x00000000929c0000, 0x00000000929fe380, 0x0000000093a60000)
  to   space 17024K,   0% used [0x0000000091920000, 0x0000000091920000, 0x00000000929c0000)
 concurrent mark-sweep generation total 1775232K, used 1430462K [0x0000000093a60000, 0x0000000100000000, 0x0000000100000000)
 Metaspace       used 64952K, capacity 69086K, committed 69408K, reserved 1110016K
  class space    used 8013K, capacity 8983K, committed 9056K, reserved 1048576K
Event: 19114.115 GC heap after
Heap after GC invocations=8624 (full 2):
 par new generation   total 153344K, used 351K [0x0000000089400000, 0x0000000093a60000, 0x0000000093a60000)
  eden space 136320K,   0% used [0x0000000089400000, 0x0000000089400000, 0x0000000091920000)
  from space 17024K,   2% used [0x0000000091920000, 0x0000000091977c78, 0x00000000929c0000)
  to   space 17024K,   0% used [0x00000000929c0000, 0x00000000929c0000, 0x0000000093a60000)
 concurrent mark-sweep generation total 1775232K, used 1430485K [0x0000000093a60000, 0x0000000100000000, 0x0000000100000000)
 Metaspace       used 64952K, capacity 69086K, committed 69408K, reserved 1110016K
  class space    used 8013K, capacity 8983K, committed 9056K, reserved 1048576K
}
Event: 19115.407 GC heap before
{Heap before GC invocations=8624 (full 2):
 par new generation   total 153344K, used 136671K [0x0000000089400000, 0x0000000093a60000, 0x0000000093a60000)
  eden space 136320K, 100% used [0x0000000089400000, 0x0000000091920000, 0x0000000091920000)
  from space 17024K,   2% used [0x0000000091920000, 0x0000000091977c78, 0x00000000929c0000)
  to   space 17024K,   0% used [0x00000000929c0000, 0x00000000929c0000, 0x0000000093a60000)
 concurrent mark-sweep generation total 1775232K, used 1430485K [0x0000000093a60000, 0x0000000100000000, 0x0000000100000000)
 Metaspace       used 64952K, capacity 69086K, committed 69408K, reserved 1110016K
  class space    used 8013K, capacity 8983K, committed 9056K, reserved 1048576K
Event: 19115.415 GC heap after
Heap after GC invocations=8625 (full 2):
 par new generation   total 153344K, used 361K [0x0000000089400000, 0x0000000093a60000, 0x0000000093a60000)
  eden space 136320K,   0% used [0x0000000089400000, 0x0000000089400000, 0x0000000091920000)
  from space 17024K,   2% used [0x00000000929c0000, 0x0000000092a1a6d8, 0x0000000093a60000)
  to   space 17024K,   0% used [0x0000000091920000, 0x0000000091920000, 0x00000000929c0000)
 concurrent mark-sweep generation total 1775232K, used 1430516K [0x0000000093a60000, 0x0000000100000000, 0x0000000100000000)
 Metaspace       used 64952K, capacity 69086K, committed 69408K, reserved 1110016K
  class space    used 8013K, capacity 8983K, committed 9056K, reserved 1048576K
}
Event: 19116.665 GC heap before
{Heap before GC invocations=8625 (full 2):
 par new generation   total 153344K, used 136681K [0x0000000089400000, 0x0000000093a60000, 0x0000000093a60000)
  eden space 136320K, 100% used [0x0000000089400000, 0x0000000091920000, 0x0000000091920000)
  from space 17024K,   2% used [0x00000000929c0000, 0x0000000092a1a6d8, 0x0000000093a60000)
  to   space 17024K,   0% used [0x0000000091920000, 0x0000000091920000, 0x00000000929c0000)
 concurrent mark-sweep generation total 1775232K, used 1430516K [0x0000000093a60000, 0x0000000100000000, 0x0000000100000000)
 Metaspace       used 64952K, capacity 69086K, committed 69408K, reserved 1110016K
  class space    used 8013K, capacity 8983K, committed 9056K, reserved 1048576K
Event: 19116.673 GC heap after
Heap after GC invocations=8626 (full 2):
 par new generation   total 153344K, used 340K [0x0000000089400000, 0x0000000093a60000, 0x0000000093a60000)
  eden space 136320K,   0% used [0x0000000089400000, 0x0000000089400000, 0x0000000091920000)
  from space 17024K,   2% used [0x0000000091920000, 0x0000000091975308, 0x00000000929c0000)
  to   space 17024K,   0% used [0x00000000929c0000, 0x00000000929c0000, 0x0000000093a60000)
 concurrent mark-sweep generation total 1775232K, used 1430521K [0x0000000093a60000, 0x0000000100000000, 0x0000000100000000)
 Metaspace       used 64952K, capacity 69086K, committed 69408K, reserved 1110016K
  class space    used 8013K, capacity 8983K, committed 9056K, reserved 1048576K
}
Event: 19117.918 GC heap before
{Heap before GC invocations=8626 (full 2):
 par new generation   total 153344K, used 136660K [0x0000000089400000, 0x0000000093a60000, 0x0000000093a60000)
  eden space 136320K, 100% used [0x0000000089400000, 0x0000000091920000, 0x0000000091920000)
  from space 17024K,   2% used [0x0000000091920000, 0x0000000091975308, 0x00000000929c0000)
  to   space 17024K,   0% used [0x00000000929c0000, 0x00000000929c0000, 0x0000000093a60000)
 concurrent mark-sweep generation total 1775232K, used 1430521K [0x0000000093a60000, 0x0000000100000000, 0x0000000100000000)
 Metaspace       used 64952K, capacity 69086K, committed 69408K, reserved 1110016K
  class space    used 8013K, capacity 8983K, committed 9056K, reserved 1048576K
Event: 19117.927 GC heap after
Heap after GC invocations=8627 (full 2):
 par new generation   total 153344K, used 391K [0x0000000089400000, 0x0000000093a60000, 0x0000000093a60000)
  eden space 136320K,   0% used [0x0000000089400000, 0x0000000089400000, 0x0000000091920000)
  from space 17024K,   2% used [0x00000000929c0000, 0x0000000092a21cb0, 0x0000000093a60000)
  to   space 17024K,   0% used [0x0000000091920000, 0x0000000091920000, 0x00000000929c0000)
 concurrent mark-sweep generation total 1775232K, used 1430542K [0x0000000093a60000, 0x0000000100000000, 0x0000000100000000)
 Metaspace       used 64952K, capacity 69086K, committed 69408K, reserved 1110016K
  class space    used 8013K, capacity 8983K, committed 9056K, reserved 1048576K
}
Event: 19119.170 GC heap before
{Heap before GC invocations=8627 (full 2):
 par new generation   total 153344K, used 136711K [0x0000000089400000, 0x0000000093a60000, 0x0000000093a60000)
  eden space 136320K, 100% used [0x0000000089400000, 0x0000000091920000, 0x0000000091920000)
  from space 17024K,   2% used [0x00000000929c0000, 0x0000000092a21cb0, 0x0000000093a60000)
  to   space 17024K,   0% used [0x0000000091920000, 0x0000000091920000, 0x00000000929c0000)
 concurrent mark-sweep generation total 1775232K, used 1430542K [0x0000000093a60000, 0x0000000100000000, 0x0000000100000000)
 Metaspace       used 64952K, capacity 69086K, committed 69408K, reserved 1110016K
  class space    used 8013K, capacity 8983K, committed 9056K, reserved 1048576K
Event: 19119.178 GC heap after
Heap after GC invocations=8628 (full 2):
 par new generation   total 153344K, used 483K [0x0000000089400000, 0x0000000093a60000, 0x0000000093a60000)
  eden space 136320K,   0% used [0x0000000089400000, 0x0000000089400000, 0x0000000091920000)
  from space 17024K,   2% used [0x0000000091920000, 0x0000000091998f48, 0x00000000929c0000)
  to   space 17024K,   0% used [0x00000000929c0000, 0x00000000929c0000, 0x0000000093a60000)
 concurrent mark-sweep generation total 1775232K, used 1430557K [0x0000000093a60000, 0x0000000100000000, 0x0000000100000000)
 Metaspace       used 64952K, capacity 69086K, committed 69408K, reserved 1110016K
  class space    used 8013K, capacity 8983K, committed 9056K, reserved 1048576K
}
Event: 19120.429 GC heap before
{Heap before GC invocations=8628 (full 2):
 par new generation   total 153344K, used 136803K [0x0000000089400000, 0x0000000093a60000, 0x0000000093a60000)
  eden space 136320K, 100% used [0x0000000089400000, 0x0000000091920000, 0x0000000091920000)
  from space 17024K,   2% used [0x0000000091920000, 0x0000000091998f48, 0x00000000929c0000)
  to   space 17024K,   0% used [0x00000000929c0000, 0x00000000929c0000, 0x0000000093a60000)
 concurrent mark-sweep generation total 1775232K, used 1430557K [0x0000000093a60000, 0x0000000100000000, 0x0000000100000000)
 Metaspace       used 64952K, capacity 69086K, committed 69408K, reserved 1110016K
  class space    used 8013K, capacity 8983K, committed 9056K, reserved 1048576K
Event: 19120.437 GC heap after
Heap after GC invocations=8629 (full 2):
 par new generation   total 153344K, used 562K [0x0000000089400000, 0x0000000093a60000, 0x0000000093a60000)
  eden space 136320K,   0% used [0x0000000089400000, 0x0000000089400000, 0x0000000091920000)
  from space 17024K,   3% used [0x00000000929c0000, 0x0000000092a4c868, 0x0000000093a60000)
  to   space 17024K,   0% used [0x0000000091920000, 0x0000000091920000, 0x00000000929c0000)
 concurrent mark-sweep generation total 1775232K, used 1430599K [0x0000000093a60000, 0x0000000100000000, 0x0000000100000000)
 Metaspace       used 64952K, capacity 69086K, committed 69408K, reserved 1110016K
  class space    used 8013K, capacity 8983K, committed 9056K, reserved 1048576K
}
Event: 19121.727 GC heap before
{Heap before GC invocations=8629 (full 2):
 par new generation   total 153344K, used 136882K [0x0000000089400000, 0x0000000093a60000, 0x0000000093a60000)
  eden space 136320K, 100% used [0x0000000089400000, 0x0000000091920000, 0x0000000091920000)
  from space 17024K,   3% used [0x00000000929c0000, 0x0000000092a4c868, 0x0000000093a60000)
  to   space 17024K,   0% used [0x0000000091920000, 0x0000000091920000, 0x00000000929c0000)
 concurrent mark-sweep generation total 1775232K, used 1430599K [0x0000000093a60000, 0x0000000100000000, 0x0000000100000000)
 Metaspace       used 64952K, capacity 69086K, committed 69408K, reserved 1110016K
  class space    used 8013K, capacity 8983K, committed 9056K, reserved 1048576K
Event: 19121.735 GC heap after
Heap after GC invocations=8630 (full 2):
 par new generation   total 153344K, used 549K [0x0000000089400000, 0x0000000093a60000, 0x0000000093a60000)
  eden space 136320K,   0% used [0x0000000089400000, 0x0000000089400000, 0x0000000091920000)
  from space 17024K,   3% used [0x0000000091920000, 0x00000000919a9778, 0x00000000929c0000)
  to   space 17024K,   0% used [0x00000000929c0000, 0x00000000929c0000, 0x0000000093a60000)
 concurrent mark-sweep generation total 1775232K, used 1430636K [0x0000000093a60000, 0x0000000100000000, 0x0000000100000000)
 Metaspace       used 64952K, capacity 69086K, committed 69408K, reserved 1110016K
  class space    used 8013K, capacity 8983K, committed 9056K, reserved 1048576K
}
Event: 19123.022 GC heap before
{Heap before GC invocations=8630 (full 2):
 par new generation   total 153344K, used 136869K [0x0000000089400000, 0x0000000093a60000, 0x0000000093a60000)
  eden space 136320K, 100% used [0x0000000089400000, 0x0000000091920000, 0x0000000091920000)
  from space 17024K,   3% used [0x0000000091920000, 0x00000000919a9778, 0x00000000929c0000)
  to   space 17024K,   0% used [0x00000000929c0000, 0x00000000929c0000, 0x0000000093a60000)
 concurrent mark-sweep generation total 1775232K, used 1430636K [0x0000000093a60000, 0x0000000100000000, 0x0000000100000000)
 Metaspace       used 64952K, capacity 69086K, committed 69408K, reserved 1110016K
  class space    used 8013K, capacity 8983K, committed 9056K, reserved 1048576K
Event: 19123.030 GC heap after
Heap after GC invocations=8631 (full 2):
 par new generation   total 153344K, used 512K [0x0000000089400000, 0x0000000093a60000, 0x0000000093a60000)
  eden space 136320K,   0% used [0x0000000089400000, 0x0000000089400000, 0x0000000091920000)
  from space 17024K,   3% used [0x00000000929c0000, 0x0000000092a40070, 0x0000000093a60000)
  to   space 17024K,   0% used [0x0000000091920000, 0x0000000091920000, 0x00000000929c0000)
 concurrent mark-sweep generation total 1775232K, used 1430653K [0x0000000093a60000, 0x0000000100000000, 0x0000000100000000)
 Metaspace       used 64952K, capacity 69086K, committed 69408K, reserved 1110016K
  class space    used 8013K, capacity 8983K, committed 9056K, reserved 1048576K
}
Event: 19124.327 GC heap before
{Heap before GC invocations=8631 (full 2):
 par new generation   total 153344K, used 136832K [0x0000000089400000, 0x0000000093a60000, 0x0000000093a60000)
  eden space 136320K, 100% used [0x0000000089400000, 0x0000000091920000, 0x0000000091920000)
  from space 17024K,   3% used [0x00000000929c0000, 0x0000000092a40070, 0x0000000093a60000)
  to   space 17024K,   0% used [0x0000000091920000, 0x0000000091920000, 0x00000000929c0000)
 concurrent mark-sweep generation total 1775232K, used 1430653K [0x0000000093a60000, 0x0000000100000000, 0x0000000100000000)
 Metaspace       used 64952K, capacity 69086K, committed 69408K, reserved 1110016K
  class space    used 8013K, capacity 8983K, committed 9056K, reserved 1048576K
Event: 19124.336 GC heap after
Heap after GC invocations=8632 (full 2):
 par new generation   total 153344K, used 504K [0x0000000089400000, 0x0000000093a60000, 0x0000000093a60000)
  eden space 136320K,   0% used [0x0000000089400000, 0x0000000089400000, 0x0000000091920000)
  from space 17024K,   2% used [0x0000000091920000, 0x000000009199e258, 0x00000000929c0000)
  to   space 17024K,   0% used [0x00000000929c0000, 0x00000000929c0000, 0x0000000093a60000)
 concurrent mark-sweep generation total 1775232K, used 1430698K [0x0000000093a60000, 0x0000000100000000, 0x0000000100000000)
 Metaspace       used 64952K, capacity 69086K, committed 69408K, reserved 1110016K
  class space    used 8013K, capacity 8983K, committed 9056K, reserved 1048576K
}
Event: 19125.632 GC heap before
{Heap before GC invocations=8632 (full 2):
 par new generation   total 153344K, used 136824K [0x0000000089400000, 0x0000000093a60000, 0x0000000093a60000)
  eden space 136320K, 100% used [0x0000000089400000, 0x0000000091920000, 0x0000000091920000)
  from space 17024K,   2% used [0x0000000091920000, 0x000000009199e258, 0x00000000929c0000)
  to   space 17024K,   0% used [0x00000000929c0000, 0x00000000929c0000, 0x0000000093a60000)
 concurrent mark-sweep generation total 1775232K, used 1430698K [0x0000000093a60000, 0x0000000100000000, 0x0000000100000000)
 Metaspace       used 64952K, capacity 69086K, committed 69408K, reserved 1110016K
  class space    used 8013K, capacity 8983K, committed 9056K, reserved 1048576K
Event: 19125.640 GC heap after
Heap after GC invocations=8633 (full 2):
 par new generation   total 153344K, used 492K [0x0000000089400000, 0x0000000093a60000, 0x0000000093a60000)
  eden space 136320K,   0% used [0x0000000089400000, 0x0000000089400000, 0x0000000091920000)
  from space 17024K,   2% used [0x00000000929c0000, 0x0000000092a3b120, 0x0000000093a60000)
  to   space 17024K,   0% used [0x0000000091920000, 0x0000000091920000, 0x00000000929c0000)
 concurrent mark-sweep generation total 1775232K, used 1430792K [0x0000000093a60000, 0x0000000100000000, 0x0000000100000000)
 Metaspace       used 64952K, capacity 69086K, committed 69408K, reserved 1110016K
  class space    used 8013K, capacity 8983K, committed 9056K, reserved 1048576K
}
Event: 19126.936 GC heap before
{Heap before GC invocations=8633 (full 2):
 par new generation   total 153344K, used 136812K [0x0000000089400000, 0x0000000093a60000, 0x0000000093a60000)
  eden space 136320K, 100% used [0x0000000089400000, 0x0000000091920000, 0x0000000091920000)
  from space 17024K,   2% used [0x00000000929c0000, 0x0000000092a3b120, 0x0000000093a60000)
  to   space 17024K,   0% used [0x0000000091920000, 0x0000000091920000, 0x00000000929c0000)
 concurrent mark-sweep generation total 1775232K, used 1430792K [0x0000000093a60000, 0x0000000100000000, 0x0000000100000000)
 Metaspace       used 64952K, capacity 69086K, committed 69408K, reserved 1110016K
  class space    used 8013K, capacity 8983K, committed 9056K, reserved 1048576K
Event: 19126.944 GC heap after
Heap after GC invocations=8634 (full 2):
 par new generation   total 153344K, used 267K [0x0000000089400000, 0x0000000093a60000, 0x0000000093a60000)
  eden space 136320K,   0% used [0x0000000089400000, 0x0000000089400000, 0x0000000091920000)
  from space 17024K,   1% used [0x0000000091920000, 0x0000000091962c30, 0x00000000929c0000)
  to   space 17024K,   0% used [0x00000000929c0000, 0x00000000929c0000, 0x0000000093a60000)
 concurrent mark-sweep generation total 1775232K, used 1430864K [0x0000000093a60000, 0x0000000100000000, 0x0000000100000000)
 Metaspace       used 64952K, capacity 69086K, committed 69408K, reserved 1110016K
  class space    used 8013K, capacity 8983K, committed 9056K, reserved 1048576K
}
Event: 19128.246 GC heap before
{Heap before GC invocations=8634 (full 2):
 par new generation   total 153344K, used 136587K [0x0000000089400000, 0x0000000093a60000, 0x0000000093a60000)
  eden space 136320K, 100% used [0x0000000089400000, 0x0000000091920000, 0x0000000091920000)
  from space 17024K,   1% used [0x0000000091920000, 0x0000000091962c30, 0x00000000929c0000)
  to   space 17024K,   0% used [0x00000000929c0000, 0x00000000929c0000, 0x0000000093a60000)
 concurrent mark-sweep generation total 1775232K, used 1430864K [0x0000000093a60000, 0x0000000100000000, 0x0000000100000000)
 Metaspace       used 64952K, capacity 69086K, committed 69408K, reserved 1110016K
  class space    used 8013K, capacity 8983K, committed 9056K, reserved 1048576K
Event: 19128.263 GC heap after
Heap after GC invocations=8635 (full 2):
 par new generation   total 153344K, used 416K [0x0000000089400000, 0x0000000093a60000, 0x0000000093a60000)
  eden space 136320K,   0% used [0x0000000089400000, 0x0000000089400000, 0x0000000091920000)
  from space 17024K,   2% used [0x00000000929c0000, 0x0000000092a281e0, 0x0000000093a60000)
  to   space 17024K,   0% used [0x0000000091920000, 0x0000000091920000, 0x00000000929c0000)
 concurrent mark-sweep generation total 1775232K, used 1430876K [0x0000000093a60000, 0x0000000100000000, 0x0000000100000000)
 Metaspace       used 64952K, capacity 69086K, committed 69408K, reserved 1110016K
  class space    used 8013K, capacity 8983K, committed 9056K, reserved 1048576K
}
Event: 19129.544 GC heap before
{Heap before GC invocations=8635 (full 2):
 par new generation   total 153344K, used 136736K [0x0000000089400000, 0x0000000093a60000, 0x0000000093a60000)
  eden space 136320K, 100% used [0x0000000089400000, 0x0000000091920000, 0x0000000091920000)
  from space 17024K,   2% used [0x00000000929c0000, 0x0000000092a281e0, 0x0000000093a60000)
  to   space 17024K,   0% used [0x0000000091920000, 0x0000000091920000, 0x00000000929c0000)
 concurrent mark-sweep generation total 1775232K, used 1430876K [0x0000000093a60000, 0x0000000100000000, 0x0000000100000000)
 Metaspace       used 64952K, capacity 69086K, committed 69408K, reserved 1110016K
  class space    used 8013K, capacity 8983K, committed 9056K, reserved 1048576K
Event: 19129.552 GC heap after
Heap after GC invocations=8636 (full 2):
 par new generation   total 153344K, used 280K [0x0000000089400000, 0x0000000093a60000, 0x0000000093a60000)
  eden space 136320K,   0% used [0x0000000089400000, 0x0000000089400000, 0x0000000091920000)
  from space 17024K,   1% used [0x0000000091920000, 0x00000000919660e0, 0x00000000929c0000)
  to   space 17024K,   0% used [0x00000000929c0000, 0x00000000929c0000, 0x0000000093a60000)
 concurrent mark-sweep generation total 1775232K, used 1430886K [0x0000000093a60000, 0x0000000100000000, 0x0000000100000000)
 Metaspace       used 64952K, capacity 69086K, committed 69408K, reserved 1110016K
  class space    used 8013K, capacity 8983K, committed 9056K, reserved 1048576K
}
Event: 19130.844 GC heap before
{Heap before GC invocations=8636 (full 2):
 par new generation   total 153344K, used 136600K [0x0000000089400000, 0x0000000093a60000, 0x0000000093a60000)
  eden space 136320K, 100% used [0x0000000089400000, 0x0000000091920000, 0x0000000091920000)
  from space 17024K,   1% used [0x0000000091920000, 0x00000000919660e0, 0x00000000929c0000)
  to   space 17024K,   0% used [0x00000000929c0000, 0x00000000929c0000, 0x0000000093a60000)
 concurrent mark-sweep generation total 1775232K, used 1430886K [0x0000000093a60000, 0x0000000100000000, 0x0000000100000000)
 Metaspace       used 64952K, capacity 69086K, committed 69408K, reserved 1110016K
  class space    used 8013K, capacity 8983K, committed 9056K, reserved 1048576K
Event: 19130.851 GC heap after
Heap after GC invocations=8637 (full 2):
 par new generation   total 153344K, used 345K [0x0000000089400000, 0x0000000093a60000, 0x0000000093a60000)
  eden space 136320K,   0% used [0x0000000089400000, 0x0000000089400000, 0x0000000091920000)
  from space 17024K,   2% used [0x00000000929c0000, 0x0000000092a165f8, 0x0000000093a60000)
  to   space 17024K,   0% used [0x0000000091920000, 0x0000000091920000, 0x00000000929c0000)
 concurrent mark-sweep generation total 1775232K, used 1430905K [0x0000000093a60000, 0x0000000100000000, 0x0000000100000000)
 Metaspace       used 64952K, capacity 69086K, committed 69408K, reserved 1110016K
  class space    used 8013K, capacity 8983K, committed 9056K, reserved 1048576K
}
Event: 19132.052 GC heap before
{Heap before GC invocations=8637 (full 2):
 par new generation   total 153344K, used 136665K [0x0000000089400000, 0x0000000093a60000, 0x0000000093a60000)
  eden space 136320K, 100% used [0x0000000089400000, 0x0000000091920000, 0x0000000091920000)
  from space 17024K,   2% used [0x00000000929c0000, 0x0000000092a165f8, 0x0000000093a60000)
  to   space 17024K,   0% used [0x0000000091920000, 0x0000000091920000, 0x00000000929c0000)
 concurrent mark-sweep generation total 1775232K, used 1430905K [0x0000000093a60000, 0x0000000100000000, 0x0000000100000000)
 Metaspace       used 64952K, capacity 69086K, committed 69408K, reserved 1110016K
  class space    used 8013K, capacity 8983K, committed 9056K, reserved 1048576K
Event: 19132.060 GC heap after
Heap after GC invocations=8638 (full 2):
 par new generation   total 153344K, used 537K [0x0000000089400000, 0x0000000093a60000, 0x0000000093a60000)
  eden space 136320K,   0% used [0x0000000089400000, 0x0000000089400000, 0x0000000091920000)
  from space 17024K,   3% used [0x0000000091920000, 0x00000000919a64b8, 0x00000000929c0000)
  to   space 17024K,   0% used [0x00000000929c0000, 0x00000000929c0000, 0x0000000093a60000)
 concurrent mark-sweep generation total 1775232K, used 1430936K [0x0000000093a60000, 0x0000000100000000, 0x0000000100000000)
 Metaspace       used 64952K, capacity 69086K, committed 69408K, reserved 1110016K
  class space    used 8013K, capacity 8983K, committed 9056K, reserved 1048576K
}
Event: 19133.353 GC heap before
{Heap before GC invocations=8638 (full 2):
 par new generation   total 153344K, used 136857K [0x0000000089400000, 0x0000000093a60000, 0x0000000093a60000)
  eden space 136320K, 100% used [0x0000000089400000, 0x0000000091920000, 0x0000000091920000)
  from space 17024K,   3% used [0x0000000091920000, 0x00000000919a64b8, 0x00000000929c0000)
  to   space 17024K,   0% used [0x00000000929c0000, 0x00000000929c0000, 0x0000000093a60000)
 concurrent mark-sweep generation total 1775232K, used 1430936K [0x0000000093a60000, 0x0000000100000000, 0x0000000100000000)
 Metaspace       used 64952K, capacity 69086K, committed 69408K, reserved 1110016K
  class space    used 8013K, capacity 8983K, committed 9056K, reserved 1048576K
Event: 19133.362 GC heap after
Heap after GC invocations=8639 (full 2):
 par new generation   total 153344K, used 590K [0x0000000089400000, 0x0000000093a60000, 0x0000000093a60000)
  eden space 136320K,   0% used [0x0000000089400000, 0x0000000089400000, 0x0000000091920000)
  from space 17024K,   3% used [0x00000000929c0000, 0x0000000092a53a20, 0x0000000093a60000)
  to   space 17024K,   0% used [0x0000000091920000, 0x0000000091920000, 0x00000000929c0000)
 concurrent mark-sweep generation total 1775232K, used 1430962K [0x0000000093a60000, 0x0000000100000000, 0x0000000100000000)
 Metaspace       used 64952K, capacity 69086K, committed 69408K, reserved 1110016K
  class space    used 8013K, capacity 8983K, committed 9056K, reserved 1048576K
}
Event: 19134.701 GC heap before
{Heap before GC invocations=8639 (full 2):
 par new generation   total 153344K, used 136910K [0x0000000089400000, 0x0000000093a60000, 0x0000000093a60000)
  eden space 136320K, 100% used [0x0000000089400000, 0x0000000091920000, 0x0000000091920000)
  from space 17024K,   3% used [0x00000000929c0000, 0x0000000092a53a20, 0x0000000093a60000)
  to   space 17024K,   0% used [0x0000000091920000, 0x0000000091920000, 0x00000000929c0000)
 concurrent mark-sweep generation total 1775232K, used 1430962K [0x0000000093a60000, 0x0000000100000000, 0x0000000100000000)
 Metaspace       used 64952K, capacity 69086K, committed 69408K, reserved 1110016K
  class space    used 8013K, capacity 8983K, committed 9056K, reserved 1048576K
Event: 19134.710 GC heap after
Heap after GC invocations=8640 (full 2):
 par new generation   total 153344K, used 633K [0x0000000089400000, 0x0000000093a60000, 0x0000000093a60000)
  eden space 136320K,   0% used [0x0000000089400000, 0x0000000089400000, 0x0000000091920000)
  from space 17024K,   3% used [0x0000000091920000, 0x00000000919be490, 0x00000000929c0000)
  to   space 17024K,   0% used [0x00000000929c0000, 0x00000000929c0000, 0x0000000093a60000)
 concurrent mark-sweep generation total 1775232K, used 1430999K [0x0000000093a60000, 0x0000000100000000, 0x0000000100000000)
 Metaspace       used 64952K, capacity 69086K, committed 69408K, reserved 1110016K
  class space    used 8013K, capacity 8983K, committed 9056K, reserved 1048576K
}
Event: 19136.010 GC heap before
{Heap before GC invocations=8640 (full 2):
 par new generation   total 153344K, used 136953K [0x0000000089400000, 0x0000000093a60000, 0x0000000093a60000)
  eden space 136320K, 100% used [0x0000000089400000, 0x0000000091920000, 0x0000000091920000)
  from space 17024K,   3% used [0x0000000091920000, 0x00000000919be490, 0x00000000929c0000)
  to   space 17024K,   0% used [0x00000000929c0000, 0x00000000929c0000, 0x0000000093a60000)
 concurrent mark-sweep generation total 1775232K, used 1430999K [0x0000000093a60000, 0x0000000100000000, 0x0000000100000000)
 Metaspace       used 64952K, capacity 69086K, committed 69408K, reserved 1110016K
  class space    used 8013K, capacity 8983K, committed 9056K, reserved 1048576K
Event: 19136.019 GC heap after
Heap after GC invocations=8641 (full 2):
 par new generation   total 153344K, used 650K [0x0000000089400000, 0x0000000093a60000, 0x0000000093a60000)
  eden space 136320K,   0% used [0x0000000089400000, 0x0000000089400000, 0x0000000091920000)
  from space 17024K,   3% used [0x00000000929c0000, 0x0000000092a629c0, 0x0000000093a60000)
  to   space 17024K,   0% used [0x0000000091920000, 0x0000000091920000, 0x00000000929c0000)
 concurrent mark-sweep generation total 1775232K, used 1431023K [0x0000000093a60000, 0x0000000100000000, 0x0000000100000000)
 Metaspace       used 64952K, capacity 69086K, committed 69408K, reserved 1110016K
  class space    used 8013K, capacity 8983K, committed 9056K, reserved 1048576K
}
Event: 19138.102 GC heap before
{Heap before GC invocations=8641 (full 2):
 par new generation   total 153344K, used 136970K [0x0000000089400000, 0x0000000093a60000, 0x0000000093a60000)
  eden space 136320K, 100% used [0x0000000089400000, 0x0000000091920000, 0x0000000091920000)
  from space 17024K,   3% used [0x00000000929c0000, 0x0000000092a629c0, 0x0000000093a60000)
  to   space 17024K,   0% used [0x0000000091920000, 0x0000000091920000, 0x00000000929c0000)
 concurrent mark-sweep generation total 1775232K, used 1431023K [0x0000000093a60000, 0x0000000100000000, 0x0000000100000000)
 Metaspace       used 64952K, capacity 69086K, committed 69408K, reserved 1110016K
  class space    used 8013K, capacity 8983K, committed 9056K, reserved 1048576K
Event: 19138.111 GC heap after
Heap after GC invocations=8642 (full 2):
 par new generation   total 153344K, used 1767K [0x0000000089400000, 0x0000000093a60000, 0x0000000093a60000)
  eden space 136320K,   0% used [0x0000000089400000, 0x0000000089400000, 0x0000000091920000)
  from space 17024K,  10% used [0x0000000091920000, 0x0000000091ad9eb8, 0x00000000929c0000)
  to   space 17024K,   0% used [0x00000000929c0000, 0x00000000929c0000, 0x0000000093a60000)
 concurrent mark-sweep generation total 1775232K, used 1431064K [0x0000000093a60000, 0x0000000100000000, 0x0000000100000000)
 Metaspace       used 64952K, capacity 69086K, committed 69408K, reserved 1110016K
  class space    used 8013K, capacity 8983K, committed 9056K, reserved 1048576K
}
Event: 19140.354 GC heap before
{Heap before GC invocations=8642 (full 2):
 par new generation   total 153344K, used 138087K [0x0000000089400000, 0x0000000093a60000, 0x0000000093a60000)
  eden space 136320K, 100% used [0x0000000089400000, 0x0000000091920000, 0x0000000091920000)
  from space 17024K,  10% used [0x0000000091920000, 0x0000000091ad9eb8, 0x00000000929c0000)
  to   space 17024K,   0% used [0x00000000929c0000, 0x00000000929c0000, 0x0000000093a60000)
 concurrent mark-sweep generation total 1775232K, used 1431064K [0x0000000093a60000, 0x0000000100000000, 0x0000000100000000)
 Metaspace       used 64953K, capacity 69086K, committed 69408K, reserved 1110016K
  class space    used 8013K, capacity 8983K, committed 9056K, reserved 1048576K
Event: 19140.364 GC heap after
Heap after GC invocations=8643 (full 2):
 par new generation   total 153344K, used 2370K [0x0000000089400000, 0x0000000093a60000, 0x0000000093a60000)
  eden space 136320K,   0% used [0x0000000089400000, 0x0000000089400000, 0x0000000091920000)
  from space 17024K,  13% used [0x00000000929c0000, 0x0000000092c10a18, 0x0000000093a60000)
  to   space 17024K,   0% used [0x0000000091920000, 0x0000000091920000, 0x00000000929c0000)
 concurrent mark-sweep generation total 1775232K, used 1431095K [0x0000000093a60000, 0x0000000100000000, 0x0000000100000000)
 Metaspace       used 64953K, capacity 69086K, committed 69408K, reserved 1110016K
  class space    used 8013K, capacity 8983K, committed 9056K, reserved 1048576K
}
Event: 19142.703 GC heap before
{Heap before GC invocations=8643 (full 2):
 par new generation   total 153344K, used 138690K [0x0000000089400000, 0x0000000093a60000, 0x0000000093a60000)
  eden space 136320K, 100% used [0x0000000089400000, 0x0000000091920000, 0x0000000091920000)
  from space 17024K,  13% used [0x00000000929c0000, 0x0000000092c10a18, 0x0000000093a60000)
  to   space 17024K,   0% used [0x0000000091920000, 0x0000000091920000, 0x00000000929c0000)
 concurrent mark-sweep generation total 1775232K, used 1431095K [0x0000000093a60000, 0x0000000100000000, 0x0000000100000000)
 Metaspace       used 64953K, capacity 69086K, committed 69408K, reserved 1110016K
  class space    used 8013K, capacity 8983K, committed 9056K, reserved 1048576K
Event: 19142.711 GC heap after
Heap after GC invocations=8644 (full 2):
 par new generation   total 153344K, used 2118K [0x0000000089400000, 0x0000000093a60000, 0x0000000093a60000)
  eden space 136320K,   0% used [0x0000000089400000, 0x0000000089400000, 0x0000000091920000)
  from space 17024K,  12% used [0x0000000091920000, 0x0000000091b31998, 0x00000000929c0000)
  to   space 17024K,   0% used [0x00000000929c0000, 0x00000000929c0000, 0x0000000093a60000)
 concurrent mark-sweep generation total 1775232K, used 1431121K [0x0000000093a60000, 0x0000000100000000, 0x0000000100000000)
 Metaspace       used 64953K, capacity 69086K, committed 69408K, reserved 1110016K
  class space    used 8013K, capacity 8983K, committed 9056K, reserved 1048576K
}
Event: 19145.053 GC heap before
{Heap before GC invocations=8644 (full 2):
 par new generation   total 153344K, used 138438K [0x0000000089400000, 0x0000000093a60000, 0x0000000093a60000)
  eden space 136320K, 100% used [0x0000000089400000, 0x0000000091920000, 0x0000000091920000)
  from space 17024K,  12% used [0x0000000091920000, 0x0000000091b31998, 0x00000000929c0000)
  to   space 17024K,   0% used [0x00000000929c0000, 0x00000000929c0000, 0x0000000093a60000)
 concurrent mark-sweep generation total 1775232K, used 1431121K [0x0000000093a60000, 0x0000000100000000, 0x0000000100000000)
 Metaspace       used 64953K, capacity 69086K, committed 69408K, reserved 1110016K
  class space    used 8013K, capacity 8983K, committed 9056K, reserved 1048576K
Event: 19145.062 GC heap after
Heap after GC invocations=8645 (full 2):
 par new generation   total 153344K, used 2169K [0x0000000089400000, 0x0000000093a60000, 0x0000000093a60000)
  eden space 136320K,   0% used [0x0000000089400000, 0x0000000089400000, 0x0000000091920000)
  from space 17024K,  12% used [0x00000000929c0000, 0x0000000092bde658, 0x0000000093a60000)
  to   space 17024K,   0% used [0x0000000091920000, 0x0000000091920000, 0x00000000929c0000)
 concurrent mark-sweep generation total 1775232K, used 1431148K [0x0000000093a60000, 0x0000000100000000, 0x0000000100000000)
 Metaspace       used 64953K, capacity 69086K, committed 69408K, reserved 1110016K
  class space    used 8013K, capacity 8983K, committed 9056K, reserved 1048576K
}
Event: 19147.403 GC heap before
{Heap before GC invocations=8645 (full 2):
 par new generation   total 153344K, used 138489K [0x0000000089400000, 0x0000000093a60000, 0x0000000093a60000)
  eden space 136320K, 100% used [0x0000000089400000, 0x0000000091920000, 0x0000000091920000)
  from space 17024K,  12% used [0x00000000929c0000, 0x0000000092bde658, 0x0000000093a60000)
  to   space 17024K,   0% used [0x0000000091920000, 0x0000000091920000, 0x00000000929c0000)
 concurrent mark-sweep generation total 1775232K, used 1431148K [0x0000000093a60000, 0x0000000100000000, 0x0000000100000000)
 Metaspace       used 64953K, capacity 69086K, committed 69408K, reserved 1110016K
  class space    used 8013K, capacity 8983K, committed 9056K, reserved 1048576K
Event: 19147.413 GC heap after
Heap after GC invocations=8646 (full 2):
 par new generation   total 153344K, used 2158K [0x0000000089400000, 0x0000000093a60000, 0x0000000093a60000)
  eden space 136320K,   0% used [0x0000000089400000, 0x0000000089400000, 0x0000000091920000)
  from space 17024K,  12% used [0x0000000091920000, 0x0000000091b3ba30, 0x00000000929c0000)
  to   space 17024K,   0% used [0x00000000929c0000, 0x00000000929c0000, 0x0000000093a60000)
 concurrent mark-sweep generation total 1775232K, used 1431207K [0x0000000093a60000, 0x0000000100000000, 0x0000000100000000)
 Metaspace       used 64953K, capacity 69086K, committed 69408K, reserved 1110016K
  class space    used 8013K, capacity 8983K, committed 9056K, reserved 1048576K
}
Event: 19149.754 GC heap before
{Heap before GC invocations=8646 (full 2):
 par new generation   total 153344K, used 138478K [0x0000000089400000, 0x0000000093a60000, 0x0000000093a60000)
  eden space 136320K, 100% used [0x0000000089400000, 0x0000000091920000, 0x0000000091920000)
  from space 17024K,  12% used [0x0000000091920000, 0x0000000091b3ba30, 0x00000000929c0000)
  to   space 17024K,   0% used [0x00000000929c0000, 0x00000000929c0000, 0x0000000093a60000)
 concurrent mark-sweep generation total 1775232K, used 1431207K [0x0000000093a60000, 0x0000000100000000, 0x0000000100000000)
 Metaspace       used 64953K, capacity 69086K, committed 69408K, reserved 1110016K
  class space    used 8013K, capacity 8983K, committed 9056K, reserved 1048576K
Event: 19149.764 GC heap after
Heap after GC invocations=8647 (full 2):
 par new generation   total 153344K, used 2121K [0x0000000089400000, 0x0000000093a60000, 0x0000000093a60000)
  eden space 136320K,   0% used [0x0000000089400000, 0x0000000089400000, 0x0000000091920000)
  from space 17024K,  12% used [0x00000000929c0000, 0x0000000092bd24c0, 0x0000000093a60000)
  to   space 17024K,   0% used [0x0000000091920000, 0x0000000091920000, 0x00000000929c0000)
 concurrent mark-sweep generation total 1775232K, used 1431241K [0x0000000093a60000, 0x0000000100000000, 0x0000000100000000)
 Metaspace       used 64953K, capacity 69086K, committed 69408K, reserved 1110016K
  class space    used 8013K, capacity 8983K, committed 9056K, reserved 1048576K
}
Event: 19152.154 GC heap before
{Heap before GC invocations=8647 (full 2):
 par new generation   total 153344K, used 138441K [0x0000000089400000, 0x0000000093a60000, 0x0000000093a60000)
  eden space 136320K, 100% used [0x0000000089400000, 0x0000000091920000, 0x0000000091920000)
  from space 17024K,  12% used [0x00000000929c0000, 0x0000000092bd24c0, 0x0000000093a60000)
  to   space 17024K,   0% used [0x0000000091920000, 0x0000000091920000, 0x00000000929c0000)
 concurrent mark-sweep generation total 1775232K, used 1431241K [0x0000000093a60000, 0x0000000100000000, 0x0000000100000000)
 Metaspace       used 64953K, capacity 69086K, committed 69408K, reserved 1110016K
  class space    used 8013K, capacity 8983K, committed 9056K, reserved 1048576K
Event: 19152.167 GC heap after
Heap after GC invocations=8648 (full 2):
 par new generation   total 153344K, used 1382K [0x0000000089400000, 0x0000000093a60000, 0x0000000093a60000)
  eden space 136320K,   0% used [0x0000000089400000, 0x0000000089400000, 0x0000000091920000)
  from space 17024K,   8% used [0x0000000091920000, 0x0000000091a79b00, 0x00000000929c0000)
  to   space 17024K,   0% used [0x00000000929c0000, 0x00000000929c0000, 0x0000000093a60000)
 concurrent mark-sweep generation total 1775232K, used 1432206K [0x0000000093a60000, 0x0000000100000000, 0x0000000100000000)
 Metaspace       used 64953K, capacity 69086K, committed 69408K, reserved 1110016K
  class space    used 8013K, capacity 8983K, committed 9056K, reserved 1048576K
}
Event: 19154.506 GC heap before
{Heap before GC invocations=8648 (full 2):
 par new generation   total 153344K, used 137702K [0x0000000089400000, 0x0000000093a60000, 0x0000000093a60000)
  eden space 136320K, 100% used [0x0000000089400000, 0x0000000091920000, 0x0000000091920000)
  from space 17024K,   8% used [0x0000000091920000, 0x0000000091a79b00, 0x00000000929c0000)
  to   space 17024K,   0% used [0x00000000929c0000, 0x00000000929c0000, 0x0000000093a60000)
 concurrent mark-sweep generation total 1775232K, used 1432206K [0x0000000093a60000, 0x0000000100000000, 0x0000000100000000)
 Metaspace       used 64953K, capacity 69086K, committed 69408K, reserved 1110016K
  class space    used 8013K, capacity 8983K, committed 9056K, reserved 1048576K
Event: 19154.515 GC heap after
Heap after GC invocations=8649 (full 2):
 par new generation   total 153344K, used 451K [0x0000000089400000, 0x0000000093a60000, 0x0000000093a60000)
  eden space 136320K,   0% used [0x0000000089400000, 0x0000000089400000, 0x0000000091920000)
  from space 17024K,   2% used [0x00000000929c0000, 0x0000000092a30cb0, 0x0000000093a60000)
  to   space 17024K,   0% used [0x0000000091920000, 0x0000000091920000, 0x00000000929c0000)
 concurrent mark-sweep generation total 1775232K, used 1432504K [0x0000000093a60000, 0x0000000100000000, 0x0000000100000000)
 Metaspace       used 64953K, capacity 69086K, committed 69408K, reserved 1110016K
  class space    used 8013K, capacity 8983K, committed 9056K, reserved 1048576K
}
Event: 19156.856 GC heap before
{Heap before GC invocations=8649 (full 2):
 par new generation   total 153344K, used 136771K [0x0000000089400000, 0x0000000093a60000, 0x0000000093a60000)
  eden space 136320K, 100% used [0x0000000089400000, 0x0000000091920000, 0x0000000091920000)
  from space 17024K,   2% used [0x00000000929c0000, 0x0000000092a30cb0, 0x0000000093a60000)
  to   space 17024K,   0% used [0x0000000091920000, 0x0000000091920000, 0x00000000929c0000)
 concurrent mark-sweep generation total 1775232K, used 1432504K [0x0000000093a60000, 0x0000000100000000, 0x0000000100000000)
 Metaspace       used 64953K, capacity 69086K, committed 69408K, reserved 1110016K
  class space    used 8013K, capacity 8983K, committed 9056K, reserved 1048576K
Event: 19156.864 GC heap after
Heap after GC invocations=8650 (full 2):
 par new generation   total 153344K, used 294K [0x0000000089400000, 0x0000000093a60000, 0x0000000093a60000)
  eden space 136320K,   0% used [0x0000000089400000, 0x0000000089400000, 0x0000000091920000)
  from space 17024K,   1% used [0x0000000091920000, 0x0000000091969b20, 0x00000000929c0000)
  to   space 17024K,   0% used [0x00000000929c0000, 0x00000000929c0000, 0x0000000093a60000)
 concurrent mark-sweep generation total 1775232K, used 1432506K [0x0000000093a60000, 0x0000000100000000, 0x0000000100000000)
 Metaspace       used 64953K, capacity 69086K, committed 69408K, reserved 1110016K
  class space    used 8013K, capacity 8983K, committed 9056K, reserved 1048576K
}
Event: 19159.206 GC heap before
{Heap before GC invocations=8650 (full 2):
 par new generation   total 153344K, used 136614K [0x0000000089400000, 0x0000000093a60000, 0x0000000093a60000)
  eden space 136320K, 100% used [0x0000000089400000, 0x0000000091920000, 0x0000000091920000)
  from space 17024K,   1% used [0x0000000091920000, 0x0000000091969b20, 0x00000000929c0000)
  to   space 17024K,   0% used [0x00000000929c0000, 0x00000000929c0000, 0x0000000093a60000)
 concurrent mark-sweep generation total 1775232K, used 1432506K [0x0000000093a60000, 0x0000000100000000, 0x0000000100000000)
 Metaspace       used 64953K, capacity 69086K, committed 69408K, reserved 1110016K
  class space    used 8013K, capacity 8983K, committed 9056K, reserved 1048576K
Event: 19159.214 GC heap after
Heap after GC invocations=8651 (full 2):
 par new generation   total 153344K, used 410K [0x0000000089400000, 0x0000000093a60000, 0x0000000093a60000)
  eden space 136320K,   0% used [0x0000000089400000, 0x0000000089400000, 0x0000000091920000)
  from space 17024K,   2% used [0x00000000929c0000, 0x0000000092a26b20, 0x0000000093a60000)
  to   space 17024K,   0% used [0x0000000091920000, 0x0000000091920000, 0x00000000929c0000)
 concurrent mark-sweep generation total 1775232K, used 1432512K [0x0000000093a60000, 0x0000000100000000, 0x0000000100000000)
 Metaspace       used 64953K, capacity 69086K, committed 69408K, reserved 1110016K
  class space    used 8013K, capacity 8983K, committed 9056K, reserved 1048576K
}
Event: 19161.605 GC heap before
{Heap before GC invocations=8651 (full 2):
 par new generation   total 153344K, used 136730K [0x0000000089400000, 0x0000000093a60000, 0x0000000093a60000)
  eden space 136320K, 100% used [0x0000000089400000, 0x0000000091920000, 0x0000000091920000)
  from space 17024K,   2% used [0x00000000929c0000, 0x0000000092a26b20, 0x0000000093a60000)
  to   space 17024K,   0% used [0x0000000091920000, 0x0000000091920000, 0x00000000929c0000)
 concurrent mark-sweep generation total 1775232K, used 1432512K [0x0000000093a60000, 0x0000000100000000, 0x0000000100000000)
 Metaspace       used 64953K, capacity 69086K, committed 69408K, reserved 1110016K
  class space    used 8013K, capacity 8983K, committed 9056K, reserved 1048576K
Event: 19161.613 GC heap after
Heap after GC invocations=8652 (full 2):
 par new generation   total 153344K, used 392K [0x0000000089400000, 0x0000000093a60000, 0x0000000093a60000)
  eden space 136320K,   0% used [0x0000000089400000, 0x0000000089400000, 0x0000000091920000)
  from space 17024K,   2% used [0x0000000091920000, 0x0000000091982010, 0x00000000929c0000)
  to   space 17024K,   0% used [0x00000000929c0000, 0x00000000929c0000, 0x0000000093a60000)
 concurrent mark-sweep generation total 1775232K, used 1432546K [0x0000000093a60000, 0x0000000100000000, 0x0000000100000000)
 Metaspace       used 64953K, capacity 69086K, committed 69408K, reserved 1110016K
  class space    used 8013K, capacity 8983K, committed 9056K, reserved 1048576K
}
Event: 19163.957 GC heap before
{Heap before GC invocations=8652 (full 2):
 par new generation   total 153344K, used 136712K [0x0000000089400000, 0x0000000093a60000, 0x0000000093a60000)
  eden space 136320K, 100% used [0x0000000089400000, 0x0000000091920000, 0x0000000091920000)
  from space 17024K,   2% used [0x0000000091920000, 0x0000000091982010, 0x00000000929c0000)
  to   space 17024K,   0% used [0x00000000929c0000, 0x00000000929c0000, 0x0000000093a60000)
 concurrent mark-sweep generation total 1775232K, used 1432546K [0x0000000093a60000, 0x0000000100000000, 0x0000000100000000)
 Metaspace       used 64953K, capacity 69086K, committed 69408K, reserved 1110016K
  class space    used 8013K, capacity 8983K, committed 9056K, reserved 1048576K
Event: 19163.964 GC heap after
Heap after GC invocations=8653 (full 2):
 par new generation   total 153344K, used 387K [0x0000000089400000, 0x0000000093a60000, 0x0000000093a60000)
  eden space 136320K,   0% used [0x0000000089400000, 0x0000000089400000, 0x0000000091920000)
  from space 17024K,   2% used [0x00000000929c0000, 0x0000000092a20fc0, 0x0000000093a60000)
  to   space 17024K,   0% used [0x0000000091920000, 0x0000000091920000, 0x00000000929c0000)
 concurrent mark-sweep generation total 1775232K, used 1432551K [0x0000000093a60000, 0x0000000100000000, 0x0000000100000000)
 Metaspace       used 64953K, capacity 69086K, committed 69408K, reserved 1110016K
  class space    used 8013K, capacity 8983K, committed 9056K, reserved 1048576K
}
Event: 19166.357 GC heap before
{Heap before GC invocations=8653 (full 2):
 par new generation   total 153344K, used 136707K [0x0000000089400000, 0x0000000093a60000, 0x0000000093a60000)
  eden space 136320K, 100% used [0x0000000089400000, 0x0000000091920000, 0x0000000091920000)
  from space 17024K,   2% used [0x00000000929c0000, 0x0000000092a20fc0, 0x0000000093a60000)
  to   space 17024K,   0% used [0x0000000091920000, 0x0000000091920000, 0x00000000929c0000)
 concurrent mark-sweep generation total 1775232K, used 1432551K [0x0000000093a60000, 0x0000000100000000, 0x0000000100000000)
 Metaspace       used 64953K, capacity 69086K, committed 69408K, reserved 1110016K
  class space    used 8013K, capacity 8983K, committed 9056K, reserved 1048576K
Event: 19166.365 GC heap after
Heap after GC invocations=8654 (full 2):
 par new generation   total 153344K, used 554K [0x0000000089400000, 0x0000000093a60000, 0x0000000093a60000)
  eden space 136320K,   0% used [0x0000000089400000, 0x0000000089400000, 0x0000000091920000)
  from space 17024K,   3% used [0x0000000091920000, 0x00000000919aabe0, 0x00000000929c0000)
  to   space 17024K,   0% used [0x00000000929c0000, 0x00000000929c0000, 0x0000000093a60000)
 concurrent mark-sweep generation total 1775232K, used 1432554K [0x0000000093a60000, 0x0000000100000000, 0x0000000100000000)
 Metaspace       used 64953K, capacity 69086K, committed 69408K, reserved 1110016K
  class space    used 8013K, capacity 8983K, committed 9056K, reserved 1048576K
}
Event: 19168.706 GC heap before
{Heap before GC invocations=8654 (full 2):
 par new generation   total 153344K, used 136874K [0x0000000089400000, 0x0000000093a60000, 0x0000000093a60000)
  eden space 136320K, 100% used [0x0000000089400000, 0x0000000091920000, 0x0000000091920000)
  from space 17024K,   3% used [0x0000000091920000, 0x00000000919aabe0, 0x00000000929c0000)
  to   space 17024K,   0% used [0x00000000929c0000, 0x00000000929c0000, 0x0000000093a60000)
 concurrent mark-sweep generation total 1775232K, used 1432554K [0x0000000093a60000, 0x0000000100000000, 0x0000000100000000)
 Metaspace       used 64953K, capacity 69086K, committed 69408K, reserved 1110016K
  class space    used 8013K, capacity 8983K, committed 9056K, reserved 1048576K
Event: 19168.714 GC heap after
Heap after GC invocations=8655 (full 2):
 par new generation   total 153344K, used 378K [0x0000000089400000, 0x0000000093a60000, 0x0000000093a60000)
  eden space 136320K,   0% used [0x0000000089400000, 0x0000000089400000, 0x0000000091920000)
  from space 17024K,   2% used [0x00000000929c0000, 0x0000000092a1e900, 0x0000000093a60000)
  to   space 17024K,   0% used [0x0000000091920000, 0x0000000091920000, 0x00000000929c0000)
 concurrent mark-sweep generation total 1775232K, used 1432563K [0x0000000093a60000, 0x0000000100000000, 0x0000000100000000)
 Metaspace       used 64953K, capacity 69086K, committed 69408K, reserved 1110016K
  class space    used 8013K, capacity 8983K, committed 9056K, reserved 1048576K
}
Event: 19170.959 GC heap before
{Heap before GC invocations=8655 (full 2):
 par new generation   total 153344K, used 136698K [0x0000000089400000, 0x0000000093a60000, 0x0000000093a60000)
  eden space 136320K, 100% used [0x0000000089400000, 0x0000000091920000, 0x0000000091920000)
  from space 17024K,   2% used [0x00000000929c0000, 0x0000000092a1e900, 0x0000000093a60000)
  to   space 17024K,   0% used [0x0000000091920000, 0x0000000091920000, 0x00000000929c0000)
 concurrent mark-sweep generation total 1775232K, used 1432563K [0x0000000093a60000, 0x0000000100000000, 0x0000000100000000)
 Metaspace       used 64953K, capacity 69086K, committed 69408K, reserved 1110016K
  class space    used 8013K, capacity 8983K, committed 9056K, reserved 1048576K
Event: 19170.967 GC heap after
Heap after GC invocations=8656 (full 2):
 par new generation   total 153344K, used 445K [0x0000000089400000, 0x0000000093a60000, 0x0000000093a60000)
  eden space 136320K,   0% used [0x0000000089400000, 0x0000000089400000, 0x0000000091920000)
  from space 17024K,   2% used [0x0000000091920000, 0x000000009198f558, 0x00000000929c0000)
  to   space 17024K,   0% used [0x00000000929c0000, 0x00000000929c0000, 0x0000000093a60000)
 concurrent mark-sweep generation total 1775232K, used 1432623K [0x0000000093a60000, 0x0000000100000000, 0x0000000100000000)
 Metaspace       used 64953K, capacity 69086K, committed 69408K, reserved 1110016K
  class space    used 8013K, capacity 8983K, committed 9056K, reserved 1048576K
}
Event: 19173.358 GC heap before
{Heap before GC invocations=8656 (full 2):
 par new generation   total 153344K, used 136765K [0x0000000089400000, 0x0000000093a60000, 0x0000000093a60000)
  eden space 136320K, 100% used [0x0000000089400000, 0x0000000091920000, 0x0000000091920000)
  from space 17024K,   2% used [0x0000000091920000, 0x000000009198f558, 0x00000000929c0000)
  to   space 17024K,   0% used [0x00000000929c0000, 0x00000000929c0000, 0x0000000093a60000)
 concurrent mark-sweep generation total 1775232K, used 1432623K [0x0000000093a60000, 0x0000000100000000, 0x0000000100000000)
 Metaspace       used 64953K, capacity 69086K, committed 69408K, reserved 1110016K
  class space    used 8013K, capacity 8983K, committed 9056K, reserved 1048576K
Event: 19173.366 GC heap after
Heap after GC invocations=8657 (full 2):
 par new generation   total 153344K, used 456K [0x0000000089400000, 0x0000000093a60000, 0x0000000093a60000)
  eden space 136320K,   0% used [0x0000000089400000, 0x0000000089400000, 0x0000000091920000)
  from space 17024K,   2% used [0x00000000929c0000, 0x0000000092a32210, 0x0000000093a60000)
  to   space 17024K,   0% used [0x0000000091920000, 0x0000000091920000, 0x00000000929c0000)
 concurrent mark-sweep generation total 1775232K, used 1432693K [0x0000000093a60000, 0x0000000100000000, 0x0000000100000000)
 Metaspace       used 64953K, capacity 69086K, committed 69408K, reserved 1110016K
  class space    used 8013K, capacity 8983K, committed 9056K, reserved 1048576K
}
Event: 19175.757 GC heap before
{Heap before GC invocations=8657 (full 2):
 par new generation   total 153344K, used 136776K [0x0000000089400000, 0x0000000093a60000, 0x0000000093a60000)
  eden space 136320K, 100% used [0x0000000089400000, 0x0000000091920000, 0x0000000091920000)
  from space 17024K,   2% used [0x00000000929c0000, 0x0000000092a32210, 0x0000000093a60000)
  to   space 17024K,   0% used [0x0000000091920000, 0x0000000091920000, 0x00000000929c0000)
 concurrent mark-sweep generation total 1775232K, used 1432693K [0x0000000093a60000, 0x0000000100000000, 0x0000000100000000)
 Metaspace       used 64953K, capacity 69086K, committed 69408K, reserved 1110016K
  class space    used 8013K, capacity 8983K, committed 9056K, reserved 1048576K
Event: 19175.765 GC heap after
Heap after GC invocations=8658 (full 2):
 par new generation   total 153344K, used 335K [0x0000000089400000, 0x0000000093a60000, 0x0000000093a60000)
  eden space 136320K,   0% used [0x0000000089400000, 0x0000000089400000, 0x0000000091920000)
  from space 17024K,   1% used [0x0000000091920000, 0x0000000091973e20, 0x00000000929c0000)
  to   space 17024K,   0% used [0x00000000929c0000, 0x00000000929c0000, 0x0000000093a60000)
 concurrent mark-sweep generation total 1775232K, used 1432706K [0x0000000093a60000, 0x0000000100000000, 0x0000000100000000)
 Metaspace       used 64953K, capacity 69086K, committed 69408K, reserved 1110016K
  class space    used 8013K, capacity 8983K, committed 9056K, reserved 1048576K
}
Event: 19178.058 GC heap before
{Heap before GC invocations=8658 (full 2):
 par new generation   total 153344K, used 136655K [0x0000000089400000, 0x0000000093a60000, 0x0000000093a60000)
  eden space 136320K, 100% used [0x0000000089400000, 0x0000000091920000, 0x0000000091920000)
  from space 17024K,   1% used [0x0000000091920000, 0x0000000091973e20, 0x00000000929c0000)
  to   space 17024K,   0% used [0x00000000929c0000, 0x00000000929c0000, 0x0000000093a60000)
 concurrent mark-sweep generation total 1775232K, used 1432706K [0x0000000093a60000, 0x0000000100000000, 0x0000000100000000)
 Metaspace       used 64954K, capacity 69086K, committed 69408K, reserved 1110016K
  class space    used 8013K, capacity 8983K, committed 9056K, reserved 1048576K
Event: 19178.066 GC heap after
Heap after GC invocations=8659 (full 2):
 par new generation   total 153344K, used 405K [0x0000000089400000, 0x0000000093a60000, 0x0000000093a60000)
  eden space 136320K,   0% used [0x0000000089400000, 0x0000000089400000, 0x0000000091920000)
  from space 17024K,   2% used [0x00000000929c0000, 0x0000000092a255c8, 0x0000000093a60000)
  to   space 17024K,   0% used [0x0000000091920000, 0x0000000091920000, 0x00000000929c0000)
 concurrent mark-sweep generation total 1775232K, used 1432725K [0x0000000093a60000, 0x0000000100000000, 0x0000000100000000)
 Metaspace       used 64954K, capacity 69086K, committed 69408K, reserved 1110016K
  class space    used 8013K, capacity 8983K, committed 9056K, reserved 1048576K
}
Event: 19180.410 GC heap before
{Heap before GC invocations=8659 (full 2):
 par new generation   total 153344K, used 136725K [0x0000000089400000, 0x0000000093a60000, 0x0000000093a60000)
  eden space 136320K, 100% used [0x0000000089400000, 0x0000000091920000, 0x0000000091920000)
  from space 17024K,   2% used [0x00000000929c0000, 0x0000000092a255c8, 0x0000000093a60000)
  to   space 17024K,   0% used [0x0000000091920000, 0x0000000091920000, 0x00000000929c0000)
 concurrent mark-sweep generation total 1775232K, used 1432725K [0x0000000093a60000, 0x0000000100000000, 0x0000000100000000)
 Metaspace       used 64954K, capacity 69086K, committed 69408K, reserved 1110016K
  class space    used 8013K, capacity 8983K, committed 9056K, reserved 1048576K
Event: 19180.418 GC heap after
Heap after GC invocations=8660 (full 2):
 par new generation   total 153344K, used 442K [0x0000000089400000, 0x0000000093a60000, 0x0000000093a60000)
  eden space 136320K,   0% used [0x0000000089400000, 0x0000000089400000, 0x0000000091920000)
  from space 17024K,   2% used [0x0000000091920000, 0x000000009198ead8, 0x00000000929c0000)
  to   space 17024K,   0% used [0x00000000929c0000, 0x00000000929c0000, 0x0000000093a60000)
 concurrent mark-sweep generation total 1775232K, used 1432767K [0x0000000093a60000, 0x0000000100000000, 0x0000000100000000)
 Metaspace       used 64954K, capacity 69086K, committed 69408K, reserved 1110016K
  class space    used 8013K, capacity 8983K, committed 9056K, reserved 1048576K
}
Event: 19182.810 GC heap before
{Heap before GC invocations=8660 (full 2):
 par new generation   total 153344K, used 136762K [0x0000000089400000, 0x0000000093a60000, 0x0000000093a60000)
  eden space 136320K, 100% used [0x0000000089400000, 0x0000000091920000, 0x0000000091920000)
  from space 17024K,   2% used [0x0000000091920000, 0x000000009198ead8, 0x00000000929c0000)
  to   space 17024K,   0% used [0x00000000929c0000, 0x00000000929c0000, 0x0000000093a60000)
 concurrent mark-sweep generation total 1775232K, used 1432767K [0x0000000093a60000, 0x0000000100000000, 0x0000000100000000)
 Metaspace       used 64954K, capacity 69086K, committed 69408K, reserved 1110016K
  class space    used 8013K, capacity 8983K, committed 9056K, reserved 1048576K
Event: 19182.818 GC heap after
Heap after GC invocations=8661 (full 2):
 par new generation   total 153344K, used 282K [0x0000000089400000, 0x0000000093a60000, 0x0000000093a60000)
  eden space 136320K,   0% used [0x0000000089400000, 0x0000000089400000, 0x0000000091920000)
  from space 17024K,   1% used [0x00000000929c0000, 0x0000000092a06850, 0x0000000093a60000)
  to   space 17024K,   0% used [0x0000000091920000, 0x0000000091920000, 0x00000000929c0000)
 concurrent mark-sweep generation total 1775232K, used 1432811K [0x0000000093a60000, 0x0000000100000000, 0x0000000100000000)
 Metaspace       used 64954K, capacity 69086K, committed 69408K, reserved 1110016K
  class space    used 8013K, capacity 8983K, committed 9056K, reserved 1048576K
}
Event: 19185.161 GC heap before
{Heap before GC invocations=8661 (full 2):
 par new generation   total 153344K, used 136602K [0x0000000089400000, 0x0000000093a60000, 0x0000000093a60000)
  eden space 136320K, 100% used [0x0000000089400000, 0x0000000091920000, 0x0000000091920000)
  from space 17024K,   1% used [0x00000000929c0000, 0x0000000092a06850, 0x0000000093a60000)
  to   space 17024K,   0% used [0x0000000091920000, 0x0000000091920000, 0x00000000929c0000)
 concurrent mark-sweep generation total 1775232K, used 1432811K [0x0000000093a60000, 0x0000000100000000, 0x0000000100000000)
 Metaspace       used 64954K, capacity 69086K, committed 69408K, reserved 1110016K
  class space    used 8013K, capacity 8983K, committed 9056K, reserved 1048576K
Event: 19185.168 GC heap after
Heap after GC invocations=8662 (full 2):
 par new generation   total 153344K, used 372K [0x0000000089400000, 0x0000000093a60000, 0x0000000093a60000)
  eden space 136320K,   0% used [0x0000000089400000, 0x0000000089400000, 0x0000000091920000)
  from space 17024K,   2% used [0x0000000091920000, 0x000000009197d3a8, 0x00000000929c0000)
  to   space 17024K,   0% used [0x00000000929c0000, 0x00000000929c0000, 0x0000000093a60000)
 concurrent mark-sweep generation total 1775232K, used 1432831K [0x0000000093a60000, 0x0000000100000000, 0x0000000100000000)
 Metaspace       used 64954K, capacity 69086K, committed 69408K, reserved 1110016K
  class space    used 8013K, capacity 8983K, committed 9056K, reserved 1048576K
}
Event: 19187.510 GC heap before
{Heap before GC invocations=8662 (full 2):
 par new generation   total 153344K, used 136692K [0x0000000089400000, 0x0000000093a60000, 0x0000000093a60000)
  eden space 136320K, 100% used [0x0000000089400000, 0x0000000091920000, 0x0000000091920000)
  from space 17024K,   2% used [0x0000000091920000, 0x000000009197d3a8, 0x00000000929c0000)
  to   space 17024K,   0% used [0x00000000929c0000, 0x00000000929c0000, 0x0000000093a60000)
 concurrent mark-sweep generation total 1775232K, used 1432831K [0x0000000093a60000, 0x0000000100000000, 0x0000000100000000)
 Metaspace       used 64954K, capacity 69086K, committed 69408K, reserved 1110016K
  class space    used 8013K, capacity 8983K, committed 9056K, reserved 1048576K
Event: 19187.518 GC heap after
Heap after GC invocations=8663 (full 2):
 par new generation   total 153344K, used 379K [0x0000000089400000, 0x0000000093a60000, 0x0000000093a60000)
  eden space 136320K,   0% used [0x0000000089400000, 0x0000000089400000, 0x0000000091920000)
  from space 17024K,   2% used [0x00000000929c0000, 0x0000000092a1ecf8, 0x0000000093a60000)
  to   space 17024K,   0% used [0x0000000091920000, 0x0000000091920000, 0x00000000929c0000)
 concurrent mark-sweep generation total 1775232K, used 1432838K [0x0000000093a60000, 0x0000000100000000, 0x0000000100000000)
 Metaspace       used 64954K, capacity 69086K, committed 69408K, reserved 1110016K
  class space    used 8013K, capacity 8983K, committed 9056K, reserved 1048576K
}
Event: 19189.861 GC heap before
{Heap before GC invocations=8663 (full 2):
 par new generation   total 153344K, used 136699K [0x0000000089400000, 0x0000000093a60000, 0x0000000093a60000)
  eden space 136320K, 100% used [0x0000000089400000, 0x0000000091920000, 0x0000000091920000)
  from space 17024K,   2% used [0x00000000929c0000, 0x0000000092a1ecf8, 0x0000000093a60000)
  to   space 17024K,   0% used [0x0000000091920000, 0x0000000091920000, 0x00000000929c0000)
 concurrent mark-sweep generation total 1775232K, used 1432838K [0x0000000093a60000, 0x0000000100000000, 0x0000000100000000)
 Metaspace       used 64954K, capacity 69086K, committed 69408K, reserved 1110016K
  class space    used 8013K, capacity 8983K, committed 9056K, reserved 1048576K
Event: 19189.870 GC heap after
Heap after GC invocations=8664 (full 2):
 par new generation   total 153344K, used 371K [0x0000000089400000, 0x0000000093a60000, 0x0000000093a60000)
  eden space 136320K,   0% used [0x0000000089400000, 0x0000000089400000, 0x0000000091920000)
  from space 17024K,   2% used [0x0000000091920000, 0x000000009197ce50, 0x00000000929c0000)
  to   space 17024K,   0% used [0x00000000929c0000, 0x00000000929c0000, 0x0000000093a60000)
 concurrent mark-sweep generation total 1775232K, used 1432926K [0x0000000093a60000, 0x0000000100000000, 0x0000000100000000)
 Metaspace       used 64954K, capacity 69086K, committed 69408K, reserved 1110016K
  class space    used 8013K, capacity 8983K, committed 9056K, reserved 1048576K
}
Event: 19192.161 GC heap before
{Heap before GC invocations=8664 (full 2):
 par new generation   total 153344K, used 136691K [0x0000000089400000, 0x0000000093a60000, 0x0000000093a60000)
  eden space 136320K, 100% used [0x0000000089400000, 0x0000000091920000, 0x0000000091920000)
  from space 17024K,   2% used [0x0000000091920000, 0x000000009197ce50, 0x00000000929c0000)
  to   space 17024K,   0% used [0x00000000929c0000, 0x00000000929c0000, 0x0000000093a60000)
 concurrent mark-sweep generation total 1775232K, used 1432926K [0x0000000093a60000, 0x0000000100000000, 0x0000000100000000)
 Metaspace       used 64954K, capacity 69086K, committed 69408K, reserved 1110016K
  class space    used 8013K, capacity 8983K, committed 9056K, reserved 1048576K
Event: 19192.169 GC heap after
Heap after GC invocations=8665 (full 2):
 par new generation   total 153344K, used 250K [0x0000000089400000, 0x0000000093a60000, 0x0000000093a60000)
  eden space 136320K,   0% used [0x0000000089400000, 0x0000000089400000, 0x0000000091920000)
  from space 17024K,   1% used [0x00000000929c0000, 0x00000000929fe920, 0x0000000093a60000)
  to   space 17024K,   0% used [0x0000000091920000, 0x0000000091920000, 0x00000000929c0000)
 concurrent mark-sweep generation total 1775232K, used 1432944K [0x0000000093a60000, 0x0000000100000000, 0x0000000100000000)
 Metaspace       used 64954K, capacity 69086K, committed 69408K, reserved 1110016K
  class space    used 8013K, capacity 8983K, committed 9056K, reserved 1048576K
}
Event: 19194.511 GC heap before
{Heap before GC invocations=8665 (full 2):
 par new generation   total 153344K, used 136570K [0x0000000089400000, 0x0000000093a60000, 0x0000000093a60000)
  eden space 136320K, 100% used [0x0000000089400000, 0x0000000091920000, 0x0000000091920000)
  from space 17024K,   1% used [0x00000000929c0000, 0x00000000929fe920, 0x0000000093a60000)
  to   space 17024K,   0% used [0x0000000091920000, 0x0000000091920000, 0x00000000929c0000)
 concurrent mark-sweep generation total 1775232K, used 1432944K [0x0000000093a60000, 0x0000000100000000, 0x0000000100000000)
 Metaspace       used 64954K, capacity 69086K, committed 69408K, reserved 1110016K
  class space    used 8013K, capacity 8983K, committed 9056K, reserved 1048576K
Event: 19194.519 GC heap after
Heap after GC invocations=8666 (full 2):
 par new generation   total 153344K, used 234K [0x0000000089400000, 0x0000000093a60000, 0x0000000093a60000)
  eden space 136320K,   0% used [0x0000000089400000, 0x0000000089400000, 0x0000000091920000)
  from space 17024K,   1% used [0x0000000091920000, 0x000000009195aa40, 0x00000000929c0000)
  to   space 17024K,   0% used [0x00000000929c0000, 0x00000000929c0000, 0x0000000093a60000)
 concurrent mark-sweep generation total 1775232K, used 1432956K [0x0000000093a60000, 0x0000000100000000, 0x0000000100000000)
 Metaspace       used 64954K, capacity 69086K, committed 69408K, reserved 1110016K
  class space    used 8013K, capacity 8983K, committed 9056K, reserved 1048576K
}
Event: 19196.813 GC heap before
{Heap before GC invocations=8666 (full 2):
 par new generation   total 153344K, used 136554K [0x0000000089400000, 0x0000000093a60000, 0x0000000093a60000)
  eden space 136320K, 100% used [0x0000000089400000, 0x0000000091920000, 0x0000000091920000)
  from space 17024K,   1% used [0x0000000091920000, 0x000000009195aa40, 0x00000000929c0000)
  to   space 17024K,   0% used [0x00000000929c0000, 0x00000000929c0000, 0x0000000093a60000)
 concurrent mark-sweep generation total 1775232K, used 1432956K [0x0000000093a60000, 0x0000000100000000, 0x0000000100000000)
 Metaspace       used 64955K, capacity 69086K, committed 69408K, reserved 1110016K
  class space    used 8013K, capacity 8983K, committed 9056K, reserved 1048576K
Event: 19196.821 GC heap after
Heap after GC invocations=8667 (full 2):
 par new generation   total 153344K, used 248K [0x0000000089400000, 0x0000000093a60000, 0x0000000093a60000)
  eden space 136320K,   0% used [0x0000000089400000, 0x0000000089400000, 0x0000000091920000)
  from space 17024K,   1% used [0x00000000929c0000, 0x00000000929fe310, 0x0000000093a60000)
  to   space 17024K,   0% used [0x0000000091920000, 0x0000000091920000, 0x00000000929c0000)
 concurrent mark-sweep generation total 1775232K, used 1432956K [0x0000000093a60000, 0x0000000100000000, 0x0000000100000000)
 Metaspace       used 64955K, capacity 69086K, committed 69408K, reserved 1110016K
  class space    used 8013K, capacity 8983K, committed 9056K, reserved 1048576K
}
Event: 19199.112 GC heap before
{Heap before GC invocations=8667 (full 2):
 par new generation   total 153344K, used 136568K [0x0000000089400000, 0x0000000093a60000, 0x0000000093a60000)
  eden space 136320K, 100% used [0x0000000089400000, 0x0000000091920000, 0x0000000091920000)
  from space 17024K,   1% used [0x00000000929c0000, 0x00000000929fe310, 0x0000000093a60000)
  to   space 17024K,   0% used [0x0000000091920000, 0x0000000091920000, 0x00000000929c0000)
 concurrent mark-sweep generation total 1775232K, used 1432956K [0x0000000093a60000, 0x0000000100000000, 0x0000000100000000)
 Metaspace       used 64955K, capacity 69086K, committed 69408K, reserved 1110016K
  class space    used 8013K, capacity 8983K, committed 9056K, reserved 1048576K
Event: 19199.120 GC heap after
Heap after GC invocations=8668 (full 2):
 par new generation   total 153344K, used 301K [0x0000000089400000, 0x0000000093a60000, 0x0000000093a60000)
  eden space 136320K,   0% used [0x0000000089400000, 0x0000000089400000, 0x0000000091920000)
  from space 17024K,   1% used [0x0000000091920000, 0x000000009196b6f0, 0x00000000929c0000)
  to   space 17024K,   0% used [0x00000000929c0000, 0x00000000929c0000, 0x0000000093a60000)
 concurrent mark-sweep generation total 1775232K, used 1432998K [0x0000000093a60000, 0x0000000100000000, 0x0000000100000000)
 Metaspace       used 64955K, capacity 69086K, committed 69408K, reserved 1110016K
  class space    used 8013K, capacity 8983K, committed 9056K, reserved 1048576K
}
Event: 19201.415 GC heap before
{Heap before GC invocations=8668 (full 2):
 par new generation   total 153344K, used 136621K [0x0000000089400000, 0x0000000093a60000, 0x0000000093a60000)
  eden space 136320K, 100% used [0x0000000089400000, 0x0000000091920000, 0x0000000091920000)
  from space 17024K,   1% used [0x0000000091920000, 0x000000009196b6f0, 0x00000000929c0000)
  to   space 17024K,   0% used [0x00000000929c0000, 0x00000000929c0000, 0x0000000093a60000)
 concurrent mark-sweep generation total 1775232K, used 1432998K [0x0000000093a60000, 0x0000000100000000, 0x0000000100000000)
 Metaspace       used 64955K, capacity 69086K, committed 69408K, reserved 1110016K
  class space    used 8013K, capacity 8983K, committed 9056K, reserved 1048576K
Event: 19201.423 GC heap after
Heap after GC invocations=8669 (full 2):
 par new generation   total 153344K, used 284K [0x0000000089400000, 0x0000000093a60000, 0x0000000093a60000)
  eden space 136320K,   0% used [0x0000000089400000, 0x0000000089400000, 0x0000000091920000)
  from space 17024K,   1% used [0x00000000929c0000, 0x0000000092a07190, 0x0000000093a60000)
  to   space 17024K,   0% used [0x0000000091920000, 0x0000000091920000, 0x00000000929c0000)
 concurrent mark-sweep generation total 1775232K, used 1433001K [0x0000000093a60000, 0x0000000100000000, 0x0000000100000000)
 Metaspace       used 64955K, capacity 69086K, committed 69408K, reserved 1110016K
  class space    used 8013K, capacity 8983K, committed 9056K, reserved 1048576K
}
Event: 19203.821 GC heap before
{Heap before GC invocations=8669 (full 2):
 par new generation   total 153344K, used 136604K [0x0000000089400000, 0x0000000093a60000, 0x0000000093a60000)
  eden space 136320K, 100% used [0x0000000089400000, 0x0000000091920000, 0x0000000091920000)
  from space 17024K,   1% used [0x00000000929c0000, 0x0000000092a07190, 0x0000000093a60000)
  to   space 17024K,   0% used [0x0000000091920000, 0x0000000091920000, 0x00000000929c0000)
 concurrent mark-sweep generation total 1775232K, used 1433001K [0x0000000093a60000, 0x0000000100000000, 0x0000000100000000)
 Metaspace       used 64955K, capacity 69086K, committed 69408K, reserved 1110016K
  class space    used 8013K, capacity 8983K, committed 9056K, reserved 1048576K
Event: 19203.829 GC heap after
Heap after GC invocations=8670 (full 2):
 par new generation   total 153344K, used 281K [0x0000000089400000, 0x0000000093a60000, 0x0000000093a60000)
  eden space 136320K,   0% used [0x0000000089400000, 0x0000000089400000, 0x0000000091920000)
  from space 17024K,   1% used [0x0000000091920000, 0x0000000091966428, 0x00000000929c0000)
  to   space 17024K,   0% used [0x00000000929c0000, 0x00000000929c0000, 0x0000000093a60000)
 concurrent mark-sweep generation total 1775232K, used 1433011K [0x0000000093a60000, 0x0000000100000000, 0x0000000100000000)
 Metaspace       used 64955K, capacity 69086K, committed 69408K, reserved 1110016K
  class space    used 8013K, capacity 8983K, committed 9056K, reserved 1048576K
}
Event: 19206.221 GC heap before
{Heap before GC invocations=8670 (full 2):
 par new generation   total 153344K, used 136601K [0x0000000089400000, 0x0000000093a60000, 0x0000000093a60000)
  eden space 136320K, 100% used [0x0000000089400000, 0x0000000091920000, 0x0000000091920000)
  from space 17024K,   1% used [0x0000000091920000, 0x0000000091966428, 0x00000000929c0000)
  to   space 17024K,   0% used [0x00000000929c0000, 0x00000000929c0000, 0x0000000093a60000)
 concurrent mark-sweep generation total 1775232K, used 1433011K [0x0000000093a60000, 0x0000000100000000, 0x0000000100000000)
 Metaspace       used 64955K, capacity 69086K, committed 69408K, reserved 1110016K
  class space    used 8013K, capacity 8983K, committed 9056K, reserved 1048576K
Event: 19206.229 GC heap after
Heap after GC invocations=8671 (full 2):
 par new generation   total 153344K, used 271K [0x0000000089400000, 0x0000000093a60000, 0x0000000093a60000)
  eden space 136320K,   0% used [0x0000000089400000, 0x0000000089400000, 0x0000000091920000)
  from space 17024K,   1% used [0x00000000929c0000, 0x0000000092a03cc8, 0x0000000093a60000)
  to   space 17024K,   0% used [0x0000000091920000, 0x0000000091920000, 0x00000000929c0000)
 concurrent mark-sweep generation total 1775232K, used 1433030K [0x0000000093a60000, 0x0000000100000000, 0x0000000100000000)
 Metaspace       used 64955K, capacity 69086K, committed 69408K, reserved 1110016K
  class space    used 8013K, capacity 8983K, committed 9056K, reserved 1048576K
}
Event: 19208.624 GC heap before
{Heap before GC invocations=8671 (full 2):
 par new generation   total 153344K, used 136591K [0x0000000089400000, 0x0000000093a60000, 0x0000000093a60000)
  eden space 136320K, 100% used [0x0000000089400000, 0x0000000091920000, 0x0000000091920000)
  from space 17024K,   1% used [0x00000000929c0000, 0x0000000092a03cc8, 0x0000000093a60000)
  to   space 17024K,   0% used [0x0000000091920000, 0x0000000091920000, 0x00000000929c0000)
 concurrent mark-sweep generation total 1775232K, used 1433030K [0x0000000093a60000, 0x0000000100000000, 0x0000000100000000)
 Metaspace       used 64955K, capacity 69086K, committed 69408K, reserved 1110016K
  class space    used 8013K, capacity 8983K, committed 9056K, reserved 1048576K
Event: 19208.631 GC heap after
Heap after GC invocations=8672 (full 2):
 par new generation   total 153344K, used 268K [0x0000000089400000, 0x0000000093a60000, 0x0000000093a60000)
  eden space 136320K,   0% used [0x0000000089400000, 0x0000000089400000, 0x0000000091920000)
  from space 17024K,   1% used [0x0000000091920000, 0x0000000091963380, 0x00000000929c0000)
  to   space 17024K,   0% used [0x00000000929c0000, 0x00000000929c0000, 0x0000000093a60000)
 concurrent mark-sweep generation total 1775232K, used 1433040K [0x0000000093a60000, 0x0000000100000000, 0x0000000100000000)
 Metaspace       used 64955K, capacity 69086K, committed 69408K, reserved 1110016K
  class space    used 8013K, capacity 8983K, committed 9056K, reserved 1048576K
}
Event: 19210.928 GC heap before
{Heap before GC invocations=8672 (full 2):
 par new generation   total 153344K, used 136588K [0x0000000089400000, 0x0000000093a60000, 0x0000000093a60000)
  eden space 136320K, 100% used [0x0000000089400000, 0x0000000091920000, 0x0000000091920000)
  from space 17024K,   1% used [0x0000000091920000, 0x0000000091963380, 0x00000000929c0000)
  to   space 17024K,   0% used [0x00000000929c0000, 0x00000000929c0000, 0x0000000093a60000)
 concurrent mark-sweep generation total 1775232K, used 1433040K [0x0000000093a60000, 0x0000000100000000, 0x0000000100000000)
 Metaspace       used 64955K, capacity 69086K, committed 69408K, reserved 1110016K
  class space    used 8013K, capacity 8983K, committed 9056K, reserved 1048576K
Event: 19210.937 GC heap after
Heap after GC invocations=8673 (full 2):
 par new generation   total 153344K, used 463K [0x0000000089400000, 0x0000000093a60000, 0x0000000093a60000)
  eden space 136320K,   0% used [0x0000000089400000, 0x0000000089400000, 0x0000000091920000)
  from space 17024K,   2% used [0x00000000929c0000, 0x0000000092a33d38, 0x0000000093a60000)
  to   space 17024K,   0% used [0x0000000091920000, 0x0000000091920000, 0x00000000929c0000)
 concurrent mark-sweep generation total 1775232K, used 1433087K [0x0000000093a60000, 0x0000000100000000, 0x0000000100000000)
 Metaspace       used 64955K, capacity 69086K, committed 69408K, reserved 1110016K
  class space    used 8013K, capacity 8983K, committed 9056K, reserved 1048576K
}
Event: 19213.331 GC heap before
{Heap before GC invocations=8673 (full 2):
 par new generation   total 153344K, used 136783K [0x0000000089400000, 0x0000000093a60000, 0x0000000093a60000)
  eden space 136320K, 100% used [0x0000000089400000, 0x0000000091920000, 0x0000000091920000)
  from space 17024K,   2% used [0x00000000929c0000, 0x0000000092a33d38, 0x0000000093a60000)
  to   space 17024K,   0% used [0x0000000091920000, 0x0000000091920000, 0x00000000929c0000)
 concurrent mark-sweep generation total 1775232K, used 1433087K [0x0000000093a60000, 0x0000000100000000, 0x0000000100000000)
 Metaspace       used 64955K, capacity 69086K, committed 69408K, reserved 1110016K
  class space    used 8013K, capacity 8983K, committed 9056K, reserved 1048576K
Event: 19213.339 GC heap after
Heap after GC invocations=8674 (full 2):
 par new generation   total 153344K, used 329K [0x0000000089400000, 0x0000000093a60000, 0x0000000093a60000)
  eden space 136320K,   0% used [0x0000000089400000, 0x0000000089400000, 0x0000000091920000)
  from space 17024K,   1% used [0x0000000091920000, 0x00000000919727a0, 0x00000000929c0000)
  to   space 17024K,   0% used [0x00000000929c0000, 0x00000000929c0000, 0x0000000093a60000)
 concurrent mark-sweep generation total 1775232K, used 1433096K [0x0000000093a60000, 0x0000000100000000, 0x0000000100000000)
 Metaspace       used 64955K, capacity 69086K, committed 69408K, reserved 1110016K
  class space    used 8013K, capacity 8983K, committed 9056K, reserved 1048576K
}
Event: 19215.736 GC heap before
{Heap before GC invocations=8674 (full 2):
 par new generation   total 153344K, used 136649K [0x0000000089400000, 0x0000000093a60000, 0x0000000093a60000)
  eden space 136320K, 100% used [0x0000000089400000, 0x0000000091920000, 0x0000000091920000)
  from space 17024K,   1% used [0x0000000091920000, 0x00000000919727a0, 0x00000000929c0000)
  to   space 17024K,   0% used [0x00000000929c0000, 0x00000000929c0000, 0x0000000093a60000)
 concurrent mark-sweep generation total 1775232K, used 1433096K [0x0000000093a60000, 0x0000000100000000, 0x0000000100000000)
 Metaspace       used 64955K, capacity 69086K, committed 69408K, reserved 1110016K
  class space    used 8013K, capacity 8983K, committed 9056K, reserved 1048576K
Event: 19215.744 GC heap after
Heap after GC invocations=8675 (full 2):
 par new generation   total 153344K, used 338K [0x0000000089400000, 0x0000000093a60000, 0x0000000093a60000)
  eden space 136320K,   0% used [0x0000000089400000, 0x0000000089400000, 0x0000000091920000)
  from space 17024K,   1% used [0x00000000929c0000, 0x0000000092a14858, 0x0000000093a60000)
  to   space 17024K,   0% used [0x0000000091920000, 0x0000000091920000, 0x00000000929c0000)
 concurrent mark-sweep generation total 1775232K, used 1433106K [0x0000000093a60000, 0x0000000100000000, 0x0000000100000000)
 Metaspace       used 64955K, capacity 69086K, committed 69408K, reserved 1110016K
  class space    used 8013K, capacity 8983K, committed 9056K, reserved 1048576K
}
Event: 19218.087 GC heap before
{Heap before GC invocations=8675 (full 2):
 par new generation   total 153344K, used 136658K [0x0000000089400000, 0x0000000093a60000, 0x0000000093a60000)
  eden space 136320K, 100% used [0x0000000089400000, 0x0000000091920000, 0x0000000091920000)
  from space 17024K,   1% used [0x00000000929c0000, 0x0000000092a14858, 0x0000000093a60000)
  to   space 17024K,   0% used [0x0000000091920000, 0x0000000091920000, 0x00000000929c0000)
 concurrent mark-sweep generation total 1775232K, used 1433106K [0x0000000093a60000, 0x0000000100000000, 0x0000000100000000)
 Metaspace       used 64955K, capacity 69086K, committed 69408K, reserved 1110016K
  class space    used 8013K, capacity 8983K, committed 9056K, reserved 1048576K
Event: 19218.095 GC heap after
Heap after GC invocations=8676 (full 2):
 par new generation   total 153344K, used 348K [0x0000000089400000, 0x0000000093a60000, 0x0000000093a60000)
  eden space 136320K,   0% used [0x0000000089400000, 0x0000000089400000, 0x0000000091920000)
  from space 17024K,   2% used [0x0000000091920000, 0x00000000919770d8, 0x00000000929c0000)
  to   space 17024K,   0% used [0x00000000929c0000, 0x00000000929c0000, 0x0000000093a60000)
 concurrent mark-sweep generation total 1775232K, used 1433108K [0x0000000093a60000, 0x0000000100000000, 0x0000000100000000)
 Metaspace       used 64955K, capacity 69086K, committed 69408K, reserved 1110016K
  class space    used 8013K, capacity 8983K, committed 9056K, reserved 1048576K
}
Event: 19220.540 GC heap before
{Heap before GC invocations=8676 (full 2):
 par new generation   total 153344K, used 136668K [0x0000000089400000, 0x0000000093a60000, 0x0000000093a60000)
  eden space 136320K, 100% used [0x0000000089400000, 0x0000000091920000, 0x0000000091920000)
  from space 17024K,   2% used [0x0000000091920000, 0x00000000919770d8, 0x00000000929c0000)
  to   space 17024K,   0% used [0x00000000929c0000, 0x00000000929c0000, 0x0000000093a60000)
 concurrent mark-sweep generation total 1775232K, used 1433108K [0x0000000093a60000, 0x0000000100000000, 0x0000000100000000)
 Metaspace       used 64955K, capacity 69086K, committed 69408K, reserved 1110016K
  class space    used 8013K, capacity 8983K, committed 9056K, reserved 1048576K
Event: 19220.549 GC heap after
Heap after GC invocations=8677 (full 2):
 par new generation   total 153344K, used 379K [0x0000000089400000, 0x0000000093a60000, 0x0000000093a60000)
  eden space 136320K,   0% used [0x0000000089400000, 0x0000000089400000, 0x0000000091920000)
  from space 17024K,   2% used [0x00000000929c0000, 0x0000000092a1ec08, 0x0000000093a60000)
  to   space 17024K,   0% used [0x0000000091920000, 0x0000000091920000, 0x00000000929c0000)
 concurrent mark-sweep generation total 1775232K, used 1433126K [0x0000000093a60000, 0x0000000100000000, 0x0000000100000000)
 Metaspace       used 64955K, capacity 69086K, committed 69408K, reserved 1110016K
  class space    used 8013K, capacity 8983K, committed 9056K, reserved 1048576K
}
Event: 19222.942 GC heap before
{Heap before GC invocations=8677 (full 2):
 par new generation   total 153344K, used 136699K [0x0000000089400000, 0x0000000093a60000, 0x0000000093a60000)
  eden space 136320K, 100% used [0x0000000089400000, 0x0000000091920000, 0x0000000091920000)
  from space 17024K,   2% used [0x00000000929c0000, 0x0000000092a1ec08, 0x0000000093a60000)
  to   space 17024K,   0% used [0x0000000091920000, 0x0000000091920000, 0x00000000929c0000)
 concurrent mark-sweep generation total 1775232K, used 1433126K [0x0000000093a60000, 0x0000000100000000, 0x0000000100000000)
 Metaspace       used 64955K, capacity 69086K, committed 69408K, reserved 1110016K
  class space    used 8013K, capacity 8983K, committed 9056K, reserved 1048576K
Event: 19222.951 GC heap after
Heap after GC invocations=8678 (full 2):
 par new generation   total 153344K, used 371K [0x0000000089400000, 0x0000000093a60000, 0x0000000093a60000)
  eden space 136320K,   0% used [0x0000000089400000, 0x0000000089400000, 0x0000000091920000)
  from space 17024K,   2% used [0x0000000091920000, 0x000000009197cc40, 0x00000000929c0000)
  to   space 17024K,   0% used [0x00000000929c0000, 0x00000000929c0000, 0x0000000093a60000)
 concurrent mark-sweep generation total 1775232K, used 1433146K [0x0000000093a60000, 0x0000000100000000, 0x0000000100000000)
 Metaspace       used 64955K, capacity 69086K, committed 69408K, reserved 1110016K
  class space    used 8013K, capacity 8983K, committed 9056K, reserved 1048576K
}
Event: 19225.346 GC heap before
{Heap before GC invocations=8678 (full 2):
 par new generation   total 153344K, used 136691K [0x0000000089400000, 0x0000000093a60000, 0x0000000093a60000)
  eden space 136320K, 100% used [0x0000000089400000, 0x0000000091920000, 0x0000000091920000)
  from space 17024K,   2% used [0x0000000091920000, 0x000000009197cc40, 0x00000000929c0000)
  to   space 17024K,   0% used [0x00000000929c0000, 0x00000000929c0000, 0x0000000093a60000)
 concurrent mark-sweep generation total 1775232K, used 1433146K [0x0000000093a60000, 0x0000000100000000, 0x0000000100000000)
 Metaspace       used 64955K, capacity 69086K, committed 69408K, reserved 1110016K
  class space    used 8013K, capacity 8983K, committed 9056K, reserved 1048576K
Event: 19225.355 GC heap after
Heap after GC invocations=8679 (full 2):
 par new generation   total 153344K, used 353K [0x0000000089400000, 0x0000000093a60000, 0x0000000093a60000)
  eden space 136320K,   0% used [0x0000000089400000, 0x0000000089400000, 0x0000000091920000)
  from space 17024K,   2% used [0x00000000929c0000, 0x0000000092a18758, 0x0000000093a60000)
  to   space 17024K,   0% used [0x0000000091920000, 0x0000000091920000, 0x00000000929c0000)
 concurrent mark-sweep generation total 1775232K, used 1433200K [0x0000000093a60000, 0x0000000100000000, 0x0000000100000000)
 Metaspace       used 64955K, capacity 69086K, committed 69408K, reserved 1110016K
  class space    used 8013K, capacity 8983K, committed 9056K, reserved 1048576K
}
Event: 19227.700 GC heap before
{Heap before GC invocations=8679 (full 2):
 par new generation   total 153344K, used 136673K [0x0000000089400000, 0x0000000093a60000, 0x0000000093a60000)
  eden space 136320K, 100% used [0x0000000089400000, 0x0000000091920000, 0x0000000091920000)
  from space 17024K,   2% used [0x00000000929c0000, 0x0000000092a18758, 0x0000000093a60000)
  to   space 17024K,   0% used [0x0000000091920000, 0x0000000091920000, 0x00000000929c0000)
 concurrent mark-sweep generation total 1775232K, used 1433200K [0x0000000093a60000, 0x0000000100000000, 0x0000000100000000)
 Metaspace       used 64955K, capacity 69086K, committed 69408K, reserved 1110016K
  class space    used 8013K, capacity 8983K, committed 9056K, reserved 1048576K
Event: 19227.708 GC heap after
Heap after GC invocations=8680 (full 2):
 par new generation   total 153344K, used 253K [0x0000000089400000, 0x0000000093a60000, 0x0000000093a60000)
  eden space 136320K,   0% used [0x0000000089400000, 0x0000000089400000, 0x0000000091920000)
  from space 17024K,   1% used [0x0000000091920000, 0x000000009195f440, 0x00000000929c0000)
  to   space 17024K,   0% used [0x00000000929c0000, 0x00000000929c0000, 0x0000000093a60000)
 concurrent mark-sweep generation total 1775232K, used 1433217K [0x0000000093a60000, 0x0000000100000000, 0x0000000100000000)
 Metaspace       used 64955K, capacity 69086K, committed 69408K, reserved 1110016K
  class space    used 8013K, capacity 8983K, committed 9056K, reserved 1048576K
}
Event: 19230.104 GC heap before
{Heap before GC invocations=8680 (full 2):
 par new generation   total 153344K, used 136573K [0x0000000089400000, 0x0000000093a60000, 0x0000000093a60000)
  eden space 136320K, 100% used [0x0000000089400000, 0x0000000091920000, 0x0000000091920000)
  from space 17024K,   1% used [0x0000000091920000, 0x000000009195f440, 0x00000000929c0000)
  to   space 17024K,   0% used [0x00000000929c0000, 0x00000000929c0000, 0x0000000093a60000)
 concurrent mark-sweep generation total 1775232K, used 1433217K [0x0000000093a60000, 0x0000000100000000, 0x0000000100000000)
 Metaspace       used 64955K, capacity 69086K, committed 69408K, reserved 1110016K
  class space    used 8013K, capacity 8983K, committed 9056K, reserved 1048576K
Event: 19230.112 GC heap after
Heap after GC invocations=8681 (full 2):
 par new generation   total 153344K, used 290K [0x0000000089400000, 0x0000000093a60000, 0x0000000093a60000)
  eden space 136320K,   0% used [0x0000000089400000, 0x0000000089400000, 0x0000000091920000)
  from space 17024K,   1% used [0x00000000929c0000, 0x0000000092a08960, 0x0000000093a60000)
  to   space 17024K,   0% used [0x0000000091920000, 0x0000000091920000, 0x00000000929c0000)
 concurrent mark-sweep generation total 1775232K, used 1433227K [0x0000000093a60000, 0x0000000100000000, 0x0000000100000000)
 Metaspace       used 64955K, capacity 69086K, committed 69408K, reserved 1110016K
  class space    used 8013K, capacity 8983K, committed 9056K, reserved 1048576K
}
Event: 19232.555 GC heap before
{Heap before GC invocations=8681 (full 2):
 par new generation   total 153344K, used 136610K [0x0000000089400000, 0x0000000093a60000, 0x0000000093a60000)
  eden space 136320K, 100% used [0x0000000089400000, 0x0000000091920000, 0x0000000091920000)
  from space 17024K,   1% used [0x00000000929c0000, 0x0000000092a08960, 0x0000000093a60000)
  to   space 17024K,   0% used [0x0000000091920000, 0x0000000091920000, 0x00000000929c0000)
 concurrent mark-sweep generation total 1775232K, used 1433227K [0x0000000093a60000, 0x0000000100000000, 0x0000000100000000)
 Metaspace       used 64955K, capacity 69086K, committed 69408K, reserved 1110016K
  class space    used 8013K, capacity 8983K, committed 9056K, reserved 1048576K
Event: 19232.564 GC heap after
Heap after GC invocations=8682 (full 2):
 par new generation   total 153344K, used 304K [0x0000000089400000, 0x0000000093a60000, 0x0000000093a60000)
  eden space 136320K,   0% used [0x0000000089400000, 0x0000000089400000, 0x0000000091920000)
  from space 17024K,   1% used [0x0000000091920000, 0x000000009196c320, 0x00000000929c0000)
  to   space 17024K,   0% used [0x00000000929c0000, 0x00000000929c0000, 0x0000000093a60000)
 concurrent mark-sweep generation total 1775232K, used 1433257K [0x0000000093a60000, 0x0000000100000000, 0x0000000100000000)
 Metaspace       used 64955K, capacity 69086K, committed 69408K, reserved 1110016K
  class space    used 8013K, capacity 8983K, committed 9056K, reserved 1048576K
}
Event: 19234.918 GC heap before
{Heap before GC invocations=8682 (full 2):
 par new generation   total 153344K, used 136624K [0x0000000089400000, 0x0000000093a60000, 0x0000000093a60000)
  eden space 136320K, 100% used [0x0000000089400000, 0x0000000091920000, 0x0000000091920000)
  from space 17024K,   1% used [0x0000000091920000, 0x000000009196c320, 0x00000000929c0000)
  to   space 17024K,   0% used [0x00000000929c0000, 0x00000000929c0000, 0x0000000093a60000)
 concurrent mark-sweep generation total 1775232K, used 1433257K [0x0000000093a60000, 0x0000000100000000, 0x0000000100000000)
 Metaspace       used 64955K, capacity 69086K, committed 69408K, reserved 1110016K
  class space    used 8013K, capacity 8983K, committed 9056K, reserved 1048576K
Event: 19234.926 GC heap after
Heap after GC invocations=8683 (full 2):
 par new generation   total 153344K, used 295K [0x0000000089400000, 0x0000000093a60000, 0x0000000093a60000)
  eden space 136320K,   0% used [0x0000000089400000, 0x0000000089400000, 0x0000000091920000)
  from space 17024K,   1% used [0x00000000929c0000, 0x0000000092a09c98, 0x0000000093a60000)
  to   space 17024K,   0% used [0x0000000091920000, 0x0000000091920000, 0x00000000929c0000)
 concurrent mark-sweep generation total 1775232K, used 1433260K [0x0000000093a60000, 0x0000000100000000, 0x0000000100000000)
 Metaspace       used 64955K, capacity 69086K, committed 69408K, reserved 1110016K
  class space    used 8013K, capacity 8983K, committed 9056K, reserved 1048576K
}
Event: 19237.366 GC heap before
{Heap before GC invocations=8683 (full 2):
 par new generation   total 153344K, used 136615K [0x0000000089400000, 0x0000000093a60000, 0x0000000093a60000)
  eden space 136320K, 100% used [0x0000000089400000, 0x0000000091920000, 0x0000000091920000)
  from space 17024K,   1% used [0x00000000929c0000, 0x0000000092a09c98, 0x0000000093a60000)
  to   space 17024K,   0% used [0x0000000091920000, 0x0000000091920000, 0x00000000929c0000)
 concurrent mark-sweep generation total 1775232K, used 1433260K [0x0000000093a60000, 0x0000000100000000, 0x0000000100000000)
 Metaspace       used 64955K, capacity 69086K, committed 69408K, reserved 1110016K
  class space    used 8013K, capacity 8983K, committed 9056K, reserved 1048576K
Event: 19237.374 GC heap after
Heap after GC invocations=8684 (full 2):
 par new generation   total 153344K, used 291K [0x0000000089400000, 0x0000000093a60000, 0x0000000093a60000)
  eden space 136320K,   0% used [0x0000000089400000, 0x0000000089400000, 0x0000000091920000)
  from space 17024K,   1% used [0x0000000091920000, 0x0000000091968f48, 0x00000000929c0000)
  to   space 17024K,   0% used [0x00000000929c0000, 0x00000000929c0000, 0x0000000093a60000)
 concurrent mark-sweep generation total 1775232K, used 1433264K [0x0000000093a60000, 0x0000000100000000, 0x0000000100000000)
 Metaspace       used 64955K, capacity 69086K, committed 69408K, reserved 1110016K
  class space    used 8013K, capacity 8983K, committed 9056K, reserved 1048576K
}
Event: 19239.721 GC heap before
{Heap before GC invocations=8684 (full 2):
 par new generation   total 153344K, used 136611K [0x0000000089400000, 0x0000000093a60000, 0x0000000093a60000)
  eden space 136320K, 100% used [0x0000000089400000, 0x0000000091920000, 0x0000000091920000)
  from space 17024K,   1% used [0x0000000091920000, 0x0000000091968f48, 0x00000000929c0000)
  to   space 17024K,   0% used [0x00000000929c0000, 0x00000000929c0000, 0x0000000093a60000)
 concurrent mark-sweep generation total 1775232K, used 1433264K [0x0000000093a60000, 0x0000000100000000, 0x0000000100000000)
 Metaspace       used 64955K, capacity 69086K, committed 69408K, reserved 1110016K
  class space    used 8013K, capacity 8983K, committed 9056K, reserved 1048576K
Event: 19239.730 GC heap after
Heap after GC invocations=8685 (full 2):
 par new generation   total 153344K, used 289K [0x0000000089400000, 0x0000000093a60000, 0x0000000093a60000)
  eden space 136320K,   0% used [0x0000000089400000, 0x0000000089400000, 0x0000000091920000)
  from space 17024K,   1% used [0x00000000929c0000, 0x0000000092a08798, 0x0000000093a60000)
  to   space 17024K,   0% used [0x0000000091920000, 0x0000000091920000, 0x00000000929c0000)
 concurrent mark-sweep generation total 1775232K, used 1433267K [0x0000000093a60000, 0x0000000100000000, 0x0000000100000000)
 Metaspace       used 64955K, capacity 69086K, committed 69408K, reserved 1110016K
  class space    used 8013K, capacity 8983K, committed 9056K, reserved 1048576K
}
Event: 19241.747 GC heap before
{Heap before GC invocations=8685 (full 2):
 par new generation   total 153344K, used 136609K [0x0000000089400000, 0x0000000093a60000, 0x0000000093a60000)
  eden space 136320K, 100% used [0x0000000089400000, 0x0000000091920000, 0x0000000091920000)
  from space 17024K,   1% used [0x00000000929c0000, 0x0000000092a08798, 0x0000000093a60000)
  to   space 17024K,   0% used [0x0000000091920000, 0x0000000091920000, 0x00000000929c0000)
 concurrent mark-sweep generation total 1775232K, used 1433267K [0x0000000093a60000, 0x0000000100000000, 0x0000000100000000)
 Metaspace       used 64955K, capacity 69086K, committed 69408K, reserved 1110016K
  class space    used 8013K, capacity 8983K, committed 9056K, reserved 1048576K
Event: 19241.756 GC heap after
Heap after GC invocations=8686 (full 2):
 par new generation   total 153344K, used 352K [0x0000000089400000, 0x0000000093a60000, 0x0000000093a60000)
  eden space 136320K,   0% used [0x0000000089400000, 0x0000000089400000, 0x0000000091920000)
  from space 17024K,   2% used [0x0000000091920000, 0x00000000919782e8, 0x00000000929c0000)
  to   space 17024K,   0% used [0x00000000929c0000, 0x00000000929c0000, 0x0000000093a60000)
 concurrent mark-sweep generation total 1775232K, used 1433309K [0x0000000093a60000, 0x0000000100000000, 0x0000000100000000)
 Metaspace       used 64955K, capacity 69086K, committed 69408K, reserved 1110016K
  class space    used 8013K, capacity 8983K, committed 9056K, reserved 1048576K
}
Event: 19244.195 GC heap before
{Heap before GC invocations=8686 (full 2):
 par new generation   total 153344K, used 136672K [0x0000000089400000, 0x0000000093a60000, 0x0000000093a60000)
  eden space 136320K, 100% used [0x0000000089400000, 0x0000000091920000, 0x0000000091920000)
  from space 17024K,   2% used [0x0000000091920000, 0x00000000919782e8, 0x00000000929c0000)
  to   space 17024K,   0% used [0x00000000929c0000, 0x00000000929c0000, 0x0000000093a60000)
 concurrent mark-sweep generation total 1775232K, used 1433309K [0x0000000093a60000, 0x0000000100000000, 0x0000000100000000)
 Metaspace       used 64956K, capacity 69086K, committed 69408K, reserved 1110016K
  class space    used 8013K, capacity 8983K, committed 9056K, reserved 1048576K
Event: 19244.203 GC heap after
Heap after GC invocations=8687 (full 2):
 par new generation   total 153344K, used 400K [0x0000000089400000, 0x0000000093a60000, 0x0000000093a60000)
  eden space 136320K,   0% used [0x0000000089400000, 0x0000000089400000, 0x0000000091920000)
  from space 17024K,   2% used [0x00000000929c0000, 0x0000000092a24398, 0x0000000093a60000)
  to   space 17024K,   0% used [0x0000000091920000, 0x0000000091920000, 0x00000000929c0000)
 concurrent mark-sweep generation total 1775232K, used 1433320K [0x0000000093a60000, 0x0000000100000000, 0x0000000100000000)
 Metaspace       used 64956K, capacity 69086K, committed 69408K, reserved 1110016K
  class space    used 8013K, capacity 8983K, committed 9056K, reserved 1048576K
}
Event: 19246.600 GC heap before
{Heap before GC invocations=8687 (full 2):
 par new generation   total 153344K, used 136720K [0x0000000089400000, 0x0000000093a60000, 0x0000000093a60000)
  eden space 136320K, 100% used [0x0000000089400000, 0x0000000091920000, 0x0000000091920000)
  from space 17024K,   2% used [0x00000000929c0000, 0x0000000092a24398, 0x0000000093a60000)
  to   space 17024K,   0% used [0x0000000091920000, 0x0000000091920000, 0x00000000929c0000)
 concurrent mark-sweep generation total 1775232K, used 1433320K [0x0000000093a60000, 0x0000000100000000, 0x0000000100000000)
 Metaspace       used 64956K, capacity 69086K, committed 69408K, reserved 1110016K
  class space    used 8013K, capacity 8983K, committed 9056K, reserved 1048576K
Event: 19246.609 GC heap after
Heap after GC invocations=8688 (full 2):
 par new generation   total 153344K, used 401K [0x0000000089400000, 0x0000000093a60000, 0x0000000093a60000)
  eden space 136320K,   0% used [0x0000000089400000, 0x0000000089400000, 0x0000000091920000)
  from space 17024K,   2% used [0x0000000091920000, 0x0000000091984518, 0x00000000929c0000)
  to   space 17024K,   0% used [0x00000000929c0000, 0x00000000929c0000, 0x0000000093a60000)
 concurrent mark-sweep generation total 1775232K, used 1433358K [0x0000000093a60000, 0x0000000100000000, 0x0000000100000000)
 Metaspace       used 64956K, capacity 69086K, committed 69408K, reserved 1110016K
  class space    used 8013K, capacity 8983K, committed 9056K, reserved 1048576K
}
Event: 19249.007 GC heap before
{Heap before GC invocations=8688 (full 2):
 par new generation   total 153344K, used 136721K [0x0000000089400000, 0x0000000093a60000, 0x0000000093a60000)
  eden space 136320K, 100% used [0x0000000089400000, 0x0000000091920000, 0x0000000091920000)
  from space 17024K,   2% used [0x0000000091920000, 0x0000000091984518, 0x00000000929c0000)
  to   space 17024K,   0% used [0x00000000929c0000, 0x00000000929c0000, 0x0000000093a60000)
 concurrent mark-sweep generation total 1775232K, used 1433358K [0x0000000093a60000, 0x0000000100000000, 0x0000000100000000)
 Metaspace       used 64956K, capacity 69086K, committed 69408K, reserved 1110016K
  class space    used 8013K, capacity 8983K, committed 9056K, reserved 1048576K
Event: 19249.015 GC heap after
Heap after GC invocations=8689 (full 2):
 par new generation   total 153344K, used 305K [0x0000000089400000, 0x0000000093a60000, 0x0000000093a60000)
  eden space 136320K,   0% used [0x0000000089400000, 0x0000000089400000, 0x0000000091920000)
  from space 17024K,   1% used [0x00000000929c0000, 0x0000000092a0c4a0, 0x0000000093a60000)
  to   space 17024K,   0% used [0x0000000091920000, 0x0000000091920000, 0x00000000929c0000)
 concurrent mark-sweep generation total 1775232K, used 1433361K [0x0000000093a60000, 0x0000000100000000, 0x0000000100000000)
 Metaspace       used 64956K, capacity 69086K, committed 69408K, reserved 1110016K
  class space    used 8013K, capacity 8983K, committed 9056K, reserved 1048576K
}
Event: 19251.457 GC heap before
{Heap before GC invocations=8689 (full 2):
 par new generation   total 153344K, used 136625K [0x0000000089400000, 0x0000000093a60000, 0x0000000093a60000)
  eden space 136320K, 100% used [0x0000000089400000, 0x0000000091920000, 0x0000000091920000)
  from space 17024K,   1% used [0x00000000929c0000, 0x0000000092a0c4a0, 0x0000000093a60000)
  to   space 17024K,   0% used [0x0000000091920000, 0x0000000091920000, 0x00000000929c0000)
 concurrent mark-sweep generation total 1775232K, used 1433361K [0x0000000093a60000, 0x0000000100000000, 0x0000000100000000)
 Metaspace       used 64956K, capacity 69086K, committed 69408K, reserved 1110016K
  class space    used 8013K, capacity 8983K, committed 9056K, reserved 1048576K
Event: 19251.465 GC heap after
Heap after GC invocations=8690 (full 2):
 par new generation   total 153344K, used 323K [0x0000000089400000, 0x0000000093a60000, 0x0000000093a60000)
  eden space 136320K,   0% used [0x0000000089400000, 0x0000000089400000, 0x0000000091920000)
  from space 17024K,   1% used [0x0000000091920000, 0x0000000091970fb8, 0x00000000929c0000)
  to   space 17024K,   0% used [0x00000000929c0000, 0x00000000929c0000, 0x0000000093a60000)
 concurrent mark-sweep generation total 1775232K, used 1433375K [0x0000000093a60000, 0x0000000100000000, 0x0000000100000000)
 Metaspace       used 64956K, capacity 69086K, committed 69408K, reserved 1110016K
  class space    used 8013K, capacity 8983K, committed 9056K, reserved 1048576K
}
Event: 19253.807 GC heap before
{Heap before GC invocations=8690 (full 2):
 par new generation   total 153344K, used 136643K [0x0000000089400000, 0x0000000093a60000, 0x0000000093a60000)
  eden space 136320K, 100% used [0x0000000089400000, 0x0000000091920000, 0x0000000091920000)
  from space 17024K,   1% used [0x0000000091920000, 0x0000000091970fb8, 0x00000000929c0000)
  to   space 17024K,   0% used [0x00000000929c0000, 0x00000000929c0000, 0x0000000093a60000)
 concurrent mark-sweep generation total 1775232K, used 1433375K [0x0000000093a60000, 0x0000000100000000, 0x0000000100000000)
 Metaspace       used 64956K, capacity 69086K, committed 69408K, reserved 1110016K
  class space    used 8013K, capacity 8983K, committed 9056K, reserved 1048576K
Event: 19253.816 GC heap after
Heap after GC invocations=8691 (full 2):
 par new generation   total 153344K, used 343K [0x0000000089400000, 0x0000000093a60000, 0x0000000093a60000)
  eden space 136320K,   0% used [0x0000000089400000, 0x0000000089400000, 0x0000000091920000)
  from space 17024K,   2% used [0x00000000929c0000, 0x0000000092a15fb0, 0x0000000093a60000)
  to   space 17024K,   0% used [0x0000000091920000, 0x0000000091920000, 0x00000000929c0000)
 concurrent mark-sweep generation total 1775232K, used 1433420K [0x0000000093a60000, 0x0000000100000000, 0x0000000100000000)
 Metaspace       used 64956K, capacity 69086K, committed 69408K, reserved 1110016K
  class space    used 8013K, capacity 8983K, committed 9056K, reserved 1048576K
}
Event: 19256.107 GC heap before
{Heap before GC invocations=8691 (full 2):
 par new generation   total 153344K, used 136663K [0x0000000089400000, 0x0000000093a60000, 0x0000000093a60000)
  eden space 136320K, 100% used [0x0000000089400000, 0x0000000091920000, 0x0000000091920000)
  from space 17024K,   2% used [0x00000000929c0000, 0x0000000092a15fb0, 0x0000000093a60000)
  to   space 17024K,   0% used [0x0000000091920000, 0x0000000091920000, 0x00000000929c0000)
 concurrent mark-sweep generation total 1775232K, used 1433420K [0x0000000093a60000, 0x0000000100000000, 0x0000000100000000)
 Metaspace       used 64956K, capacity 69086K, committed 69408K, reserved 1110016K
  class space    used 8013K, capacity 8983K, committed 9056K, reserved 1048576K
Event: 19256.117 GC heap after
Heap after GC invocations=8692 (full 2):
 par new generation   total 153344K, used 320K [0x0000000089400000, 0x0000000093a60000, 0x0000000093a60000)
  eden space 136320K,   0% used [0x0000000089400000, 0x0000000089400000, 0x0000000091920000)
  from space 17024K,   1% used [0x0000000091920000, 0x00000000919702c8, 0x00000000929c0000)
  to   space 17024K,   0% used [0x00000000929c0000, 0x00000000929c0000, 0x0000000093a60000)
 concurrent mark-sweep generation total 1775232K, used 1433514K [0x0000000093a60000, 0x0000000100000000, 0x0000000100000000)
 Metaspace       used 64956K, capacity 69086K, committed 69408K, reserved 1110016K
  class space    used 8013K, capacity 8983K, committed 9056K, reserved 1048576K
}
Event: 19258.465 GC heap before
{Heap before GC invocations=8692 (full 2):
 par new generation   total 153344K, used 136640K [0x0000000089400000, 0x0000000093a60000, 0x0000000093a60000)
  eden space 136320K, 100% used [0x0000000089400000, 0x0000000091920000, 0x0000000091920000)
  from space 17024K,   1% used [0x0000000091920000, 0x00000000919702c8, 0x00000000929c0000)
  to   space 17024K,   0% used [0x00000000929c0000, 0x00000000929c0000, 0x0000000093a60000)
 concurrent mark-sweep generation total 1775232K, used 1433514K [0x0000000093a60000, 0x0000000100000000, 0x0000000100000000)
 Metaspace       used 64956K, capacity 69086K, committed 69408K, reserved 1110016K
  class space    used 8013K, capacity 8983K, committed 9056K, reserved 1048576K
Event: 19258.473 GC heap after
Heap after GC invocations=8693 (full 2):
 par new generation   total 153344K, used 236K [0x0000000089400000, 0x0000000093a60000, 0x0000000093a60000)
  eden space 136320K,   0% used [0x0000000089400000, 0x0000000089400000, 0x0000000091920000)
  from space 17024K,   1% used [0x00000000929c0000, 0x00000000929fb0a0, 0x0000000093a60000)
  to   space 17024K,   0% used [0x0000000091920000, 0x0000000091920000, 0x00000000929c0000)
 concurrent mark-sweep generation total 1775232K, used 1433520K [0x0000000093a60000, 0x0000000100000000, 0x0000000100000000)
 Metaspace       used 64956K, capacity 69086K, committed 69408K, reserved 1110016K
  class space    used 8013K, capacity 8983K, committed 9056K, reserved 1048576K
}
Event: 19260.814 GC heap before
{Heap before GC invocations=8693 (full 2):
 par new generation   total 153344K, used 136556K [0x0000000089400000, 0x0000000093a60000, 0x0000000093a60000)
  eden space 136320K, 100% used [0x0000000089400000, 0x0000000091920000, 0x0000000091920000)
  from space 17024K,   1% used [0x00000000929c0000, 0x00000000929fb0a0, 0x0000000093a60000)
  to   space 17024K,   0% used [0x0000000091920000, 0x0000000091920000, 0x00000000929c0000)
 concurrent mark-sweep generation total 1775232K, used 1433520K [0x0000000093a60000, 0x0000000100000000, 0x0000000100000000)
 Metaspace       used 64956K, capacity 69086K, committed 69408K, reserved 1110016K
  class space    used 8013K, capacity 8983K, committed 9056K, reserved 1048576K
Event: 19260.822 GC heap after
Heap after GC invocations=8694 (full 2):
 par new generation   total 153344K, used 248K [0x0000000089400000, 0x0000000093a60000, 0x0000000093a60000)
  eden space 136320K,   0% used [0x0000000089400000, 0x0000000089400000, 0x0000000091920000)
  from space 17024K,   1% used [0x0000000091920000, 0x000000009195e3e8, 0x00000000929c0000)
  to   space 17024K,   0% used [0x00000000929c0000, 0x00000000929c0000, 0x0000000093a60000)
 concurrent mark-sweep generation total 1775232K, used 1433521K [0x0000000093a60000, 0x0000000100000000, 0x0000000100000000)
 Metaspace       used 64956K, capacity 69086K, committed 69408K, reserved 1110016K
  class space    used 8013K, capacity 8983K, committed 9056K, reserved 1048576K
}
Event: 19263.116 GC heap before
{Heap before GC invocations=8694 (full 2):
 par new generation   total 153344K, used 136568K [0x0000000089400000, 0x0000000093a60000, 0x0000000093a60000)
  eden space 136320K, 100% used [0x0000000089400000, 0x0000000091920000, 0x0000000091920000)
  from space 17024K,   1% used [0x0000000091920000, 0x000000009195e3e8, 0x00000000929c0000)
  to   space 17024K,   0% used [0x00000000929c0000, 0x00000000929c0000, 0x0000000093a60000)
 concurrent mark-sweep generation total 1775232K, used 1433521K [0x0000000093a60000, 0x0000000100000000, 0x0000000100000000)
 Metaspace       used 64956K, capacity 69086K, committed 69408K, reserved 1110016K
  class space    used 8013K, capacity 8983K, committed 9056K, reserved 1048576K
Event: 19263.124 GC heap after
Heap after GC invocations=8695 (full 2):
 par new generation   total 153344K, used 271K [0x0000000089400000, 0x0000000093a60000, 0x0000000093a60000)
  eden space 136320K,   0% used [0x0000000089400000, 0x0000000089400000, 0x0000000091920000)
  from space 17024K,   1% used [0x00000000929c0000, 0x0000000092a03ce0, 0x0000000093a60000)
  to   space 17024K,   0% used [0x0000000091920000, 0x0000000091920000, 0x00000000929c0000)
 concurrent mark-sweep generation total 1775232K, used 1433530K [0x0000000093a60000, 0x0000000100000000, 0x0000000100000000)
 Metaspace       used 64956K, capacity 69086K, committed 69408K, reserved 1110016K
  class space    used 8013K, capacity 8983K, committed 9056K, reserved 1048576K
}
Event: 19265.467 GC heap before
{Heap before GC invocations=8695 (full 2):
 par new generation   total 153344K, used 136591K [0x0000000089400000, 0x0000000093a60000, 0x0000000093a60000)
  eden space 136320K, 100% used [0x0000000089400000, 0x0000000091920000, 0x0000000091920000)
  from space 17024K,   1% used [0x00000000929c0000, 0x0000000092a03ce0, 0x0000000093a60000)
  to   space 17024K,   0% used [0x0000000091920000, 0x0000000091920000, 0x00000000929c0000)
 concurrent mark-sweep generation total 1775232K, used 1433530K [0x0000000093a60000, 0x0000000100000000, 0x0000000100000000)
 Metaspace       used 64956K, capacity 69086K, committed 69408K, reserved 1110016K
  class space    used 8013K, capacity 8983K, committed 9056K, reserved 1048576K
Event: 19265.474 GC heap after
Heap after GC invocations=8696 (full 2):
 par new generation   total 153344K, used 275K [0x0000000089400000, 0x0000000093a60000, 0x0000000093a60000)
  eden space 136320K,   0% used [0x0000000089400000, 0x0000000089400000, 0x0000000091920000)
  from space 17024K,   1% used [0x0000000091920000, 0x0000000091964dc0, 0x00000000929c0000)
  to   space 17024K,   0% used [0x00000000929c0000, 0x00000000929c0000, 0x0000000093a60000)
 concurrent mark-sweep generation total 1775232K, used 1433542K [0x0000000093a60000, 0x0000000100000000, 0x0000000100000000)
 Metaspace       used 64956K, capacity 69086K, committed 69408K, reserved 1110016K
  class space    used 8013K, capacity 8983K, committed 9056K, reserved 1048576K
}
Event: 19267.867 GC heap before
{Heap before GC invocations=8696 (full 2):
 par new generation   total 153344K, used 136595K [0x0000000089400000, 0x0000000093a60000, 0x0000000093a60000)
  eden space 136320K, 100% used [0x0000000089400000, 0x0000000091920000, 0x0000000091920000)
  from space 17024K,   1% used [0x0000000091920000, 0x0000000091964dc0, 0x00000000929c0000)
  to   space 17024K,   0% used [0x00000000929c0000, 0x00000000929c0000, 0x0000000093a60000)
 concurrent mark-sweep generation total 1775232K, used 1433542K [0x0000000093a60000, 0x0000000100000000, 0x0000000100000000)
 Metaspace       used 64956K, capacity 69086K, committed 69408K, reserved 1110016K
  class space    used 8013K, capacity 8983K, committed 9056K, reserved 1048576K
Event: 19267.876 GC heap after
Heap after GC invocations=8697 (full 2):
 par new generation   total 153344K, used 280K [0x0000000089400000, 0x0000000093a60000, 0x0000000093a60000)
  eden space 136320K,   0% used [0x0000000089400000, 0x0000000089400000, 0x0000000091920000)
  from space 17024K,   1% used [0x00000000929c0000, 0x0000000092a06260, 0x0000000093a60000)
  to   space 17024K,   0% used [0x0000000091920000, 0x0000000091920000, 0x00000000929c0000)
 concurrent mark-sweep generation total 1775232K, used 1433559K [0x0000000093a60000, 0x0000000100000000, 0x0000000100000000)
 Metaspace       used 64956K, capacity 69086K, committed 69408K, reserved 1110016K
  class space    used 8013K, capacity 8983K, committed 9056K, reserved 1048576K
}
Event: 19270.219 GC heap before
{Heap before GC invocations=8697 (full 2):
 par new generation   total 153344K, used 136600K [0x0000000089400000, 0x0000000093a60000, 0x0000000093a60000)
  eden space 136320K, 100% used [0x0000000089400000, 0x0000000091920000, 0x0000000091920000)
  from space 17024K,   1% used [0x00000000929c0000, 0x0000000092a06260, 0x0000000093a60000)
  to   space 17024K,   0% used [0x0000000091920000, 0x0000000091920000, 0x00000000929c0000)
 concurrent mark-sweep generation total 1775232K, used 1433559K [0x0000000093a60000, 0x0000000100000000, 0x0000000100000000)
 Metaspace       used 64956K, capacity 69086K, committed 69408K, reserved 1110016K
  class space    used 8013K, capacity 8983K, committed 9056K, reserved 1048576K
Event: 19270.229 GC heap after
Heap after GC invocations=8698 (full 2):
 par new generation   total 153344K, used 180K [0x0000000089400000, 0x0000000093a60000, 0x0000000093a60000)
  eden space 136320K,   0% used [0x0000000089400000, 0x0000000089400000, 0x0000000091920000)
  from space 17024K,   1% used [0x0000000091920000, 0x000000009194d2b0, 0x00000000929c0000)
  to   space 17024K,   0% used [0x00000000929c0000, 0x00000000929c0000, 0x0000000093a60000)
 concurrent mark-sweep generation total 1775232K, used 1433615K [0x0000000093a60000, 0x0000000100000000, 0x0000000100000000)
 Metaspace       used 64956K, capacity 69086K, committed 69408K, reserved 1110016K
  class space    used 8013K, capacity 8983K, committed 9056K, reserved 1048576K
}
Event: 19272.618 GC heap before
{Heap before GC invocations=8698 (full 2):
 par new generation   total 153344K, used 136500K [0x0000000089400000, 0x0000000093a60000, 0x0000000093a60000)
  eden space 136320K, 100% used [0x0000000089400000, 0x0000000091920000, 0x0000000091920000)
  from space 17024K,   1% used [0x0000000091920000, 0x000000009194d2b0, 0x00000000929c0000)
  to   space 17024K,   0% used [0x00000000929c0000, 0x00000000929c0000, 0x0000000093a60000)
 concurrent mark-sweep generation total 1775232K, used 1433615K [0x0000000093a60000, 0x0000000100000000, 0x0000000100000000)
 Metaspace       used 64956K, capacity 69086K, committed 69408K, reserved 1110016K
  class space    used 8013K, capacity 8983K, committed 9056K, reserved 1048576K
Event: 19272.626 GC heap after
Heap after GC invocations=8699 (full 2):
 par new generation   total 153344K, used 223K [0x0000000089400000, 0x0000000093a60000, 0x0000000093a60000)
  eden space 136320K,   0% used [0x0000000089400000, 0x0000000089400000, 0x0000000091920000)
  from space 17024K,   1% used [0x00000000929c0000, 0x00000000929f7ea8, 0x0000000093a60000)
  to   space 17024K,   0% used [0x0000000091920000, 0x0000000091920000, 0x00000000929c0000)
 concurrent mark-sweep generation total 1775232K, used 1433628K [0x0000000093a60000, 0x0000000100000000, 0x0000000100000000)
 Metaspace       used 64956K, capacity 69086K, committed 69408K, reserved 1110016K
  class space    used 8013K, capacity 8983K, committed 9056K, reserved 1048576K
}
Event: 19274.924 GC heap before
{Heap before GC invocations=8699 (full 2):
 par new generation   total 153344K, used 136543K [0x0000000089400000, 0x0000000093a60000, 0x0000000093a60000)
  eden space 136320K, 100% used [0x0000000089400000, 0x0000000091920000, 0x0000000091920000)
  from space 17024K,   1% used [0x00000000929c0000, 0x00000000929f7ea8, 0x0000000093a60000)
  to   space 17024K,   0% used [0x0000000091920000, 0x0000000091920000, 0x00000000929c0000)
 concurrent mark-sweep generation total 1775232K, used 1433628K [0x0000000093a60000, 0x0000000100000000, 0x0000000100000000)
 Metaspace       used 64956K, capacity 69086K, committed 69408K, reserved 1110016K
  class space    used 8013K, capacity 8983K, committed 9056K, reserved 1048576K
Event: 19274.936 GC heap after
Heap after GC invocations=8700 (full 2):
 par new generation   total 153344K, used 393K [0x0000000089400000, 0x0000000093a60000, 0x0000000093a60000)
  eden space 136320K,   0% used [0x0000000089400000, 0x0000000089400000, 0x0000000091920000)
  from space 17024K,   2% used [0x0000000091920000, 0x0000000091982598, 0x00000000929c0000)
  to   space 17024K,   0% used [0x00000000929c0000, 0x00000000929c0000, 0x0000000093a60000)
 concurrent mark-sweep generation total 1775232K, used 1433635K [0x0000000093a60000, 0x0000000100000000, 0x0000000100000000)
 Metaspace       used 64956K, capacity 69086K, committed 69408K, reserved 1110016K
  class space    used 8013K, capacity 8983K, committed 9056K, reserved 1048576K
}
Event: 19277.123 GC heap before
{Heap before GC invocations=8700 (full 2):
 par new generation   total 153344K, used 136713K [0x0000000089400000, 0x0000000093a60000, 0x0000000093a60000)
  eden space 136320K, 100% used [0x0000000089400000, 0x0000000091920000, 0x0000000091920000)
  from space 17024K,   2% used [0x0000000091920000, 0x0000000091982598, 0x00000000929c0000)
  to   space 17024K,   0% used [0x00000000929c0000, 0x00000000929c0000, 0x0000000093a60000)
 concurrent mark-sweep generation total 1775232K, used 1433635K [0x0000000093a60000, 0x0000000100000000, 0x0000000100000000)
 Metaspace       used 64956K, capacity 69086K, committed 69408K, reserved 1110016K
  class space    used 8013K, capacity 8983K, committed 9056K, reserved 1048576K
Event: 19277.133 GC heap after
Heap after GC invocations=8701 (full 2):
 par new generation   total 153344K, used 546K [0x0000000089400000, 0x0000000093a60000, 0x0000000093a60000)
  eden space 136320K,   0% used [0x0000000089400000, 0x0000000089400000, 0x0000000091920000)
  from space 17024K,   3% used [0x00000000929c0000, 0x0000000092a48980, 0x0000000093a60000)
  to   space 17024K,   0% used [0x0000000091920000, 0x0000000091920000, 0x00000000929c0000)
 concurrent mark-sweep generation total 1775232K, used 1433639K [0x0000000093a60000, 0x0000000100000000, 0x0000000100000000)
 Metaspace       used 64956K, capacity 69086K, committed 69408K, reserved 1110016K
  class space    used 8013K, capacity 8983K, committed 9056K, reserved 1048576K
}
Event: 19279.372 GC heap before
{Heap before GC invocations=8701 (full 2):
 par new generation   total 153344K, used 136866K [0x0000000089400000, 0x0000000093a60000, 0x0000000093a60000)
  eden space 136320K, 100% used [0x0000000089400000, 0x0000000091920000, 0x0000000091920000)
  from space 17024K,   3% used [0x00000000929c0000, 0x0000000092a48980, 0x0000000093a60000)
  to   space 17024K,   0% used [0x0000000091920000, 0x0000000091920000, 0x00000000929c0000)
 concurrent mark-sweep generation total 1775232K, used 1433639K [0x0000000093a60000, 0x0000000100000000, 0x0000000100000000)
 Metaspace       used 64957K, capacity 69086K, committed 69408K, reserved 1110016K
  class space    used 8013K, capacity 8983K, committed 9056K, reserved 1048576K
Event: 19279.381 GC heap after
Heap after GC invocations=8702 (full 2):
 par new generation   total 153344K, used 687K [0x0000000089400000, 0x0000000093a60000, 0x0000000093a60000)
  eden space 136320K,   0% used [0x0000000089400000, 0x0000000089400000, 0x0000000091920000)
  from space 17024K,   4% used [0x0000000091920000, 0x00000000919cbe40, 0x00000000929c0000)
  to   space 17024K,   0% used [0x00000000929c0000, 0x00000000929c0000, 0x0000000093a60000)
 concurrent mark-sweep generation total 1775232K, used 1433652K [0x0000000093a60000, 0x0000000100000000, 0x0000000100000000)
 Metaspace       used 64957K, capacity 69086K, committed 69408K, reserved 1110016K
  class space    used 8013K, capacity 8983K, committed 9056K, reserved 1048576K
}
Event: 19281.623 GC heap before
{Heap before GC invocations=8702 (full 2):
 par new generation   total 153344K, used 137007K [0x0000000089400000, 0x0000000093a60000, 0x0000000093a60000)
  eden space 136320K, 100% used [0x0000000089400000, 0x0000000091920000, 0x0000000091920000)
  from space 17024K,   4% used [0x0000000091920000, 0x00000000919cbe40, 0x00000000929c0000)
  to   space 17024K,   0% used [0x00000000929c0000, 0x00000000929c0000, 0x0000000093a60000)
 concurrent mark-sweep generation total 1775232K, used 1433652K [0x0000000093a60000, 0x0000000100000000, 0x0000000100000000)
 Metaspace       used 64957K, capacity 69086K, committed 69408K, reserved 1110016K
  class space    used 8013K, capacity 8983K, committed 9056K, reserved 1048576K
Event: 19281.632 GC heap after
Heap after GC invocations=8703 (full 2):
 par new generation   total 153344K, used 665K [0x0000000089400000, 0x0000000093a60000, 0x0000000093a60000)
  eden space 136320K,   0% used [0x0000000089400000, 0x0000000089400000, 0x0000000091920000)
  from space 17024K,   3% used [0x00000000929c0000, 0x0000000092a665d8, 0x0000000093a60000)
  to   space 17024K,   0% used [0x0000000091920000, 0x0000000091920000, 0x00000000929c0000)
 concurrent mark-sweep generation total 1775232K, used 1433659K [0x0000000093a60000, 0x0000000100000000, 0x0000000100000000)
 Metaspace       used 64957K, capacity 69086K, committed 69408K, reserved 1110016K
  class space    used 8013K, capacity 8983K, committed 9056K, reserved 1048576K
}
Event: 19283.840 GC heap before
{Heap before GC invocations=8703 (full 2):
 par new generation   total 153344K, used 136985K [0x0000000089400000, 0x0000000093a60000, 0x0000000093a60000)
  eden space 136320K, 100% used [0x0000000089400000, 0x0000000091920000, 0x0000000091920000)
  from space 17024K,   3% used [0x00000000929c0000, 0x0000000092a665d8, 0x0000000093a60000)
  to   space 17024K,   0% used [0x0000000091920000, 0x0000000091920000, 0x00000000929c0000)
 concurrent mark-sweep generation total 1775232K, used 1433659K [0x0000000093a60000, 0x0000000100000000, 0x0000000100000000)
 Metaspace       used 64965K, capacity 69098K, committed 69408K, reserved 1110016K
  class space    used 8014K, capacity 8985K, committed 9056K, reserved 1048576K
Event: 19283.854 GC heap after
Heap after GC invocations=8704 (full 2):
 par new generation   total 153344K, used 690K [0x0000000089400000, 0x0000000093a60000, 0x0000000093a60000)
  eden space 136320K,   0% used [0x0000000089400000, 0x0000000089400000, 0x0000000091920000)
  from space 17024K,   4% used [0x0000000091920000, 0x00000000919ccb90, 0x00000000929c0000)
  to   space 17024K,   0% used [0x00000000929c0000, 0x00000000929c0000, 0x0000000093a60000)
 concurrent mark-sweep generation total 1775232K, used 1433672K [0x0000000093a60000, 0x0000000100000000, 0x0000000100000000)
 Metaspace       used 64965K, capacity 69098K, committed 69408K, reserved 1110016K
  class space    used 8014K, capacity 8985K, committed 9056K, reserved 1048576K
}
Event: 19286.084 GC heap before
{Heap before GC invocations=8704 (full 2):
 par new generation   total 153344K, used 137010K [0x0000000089400000, 0x0000000093a60000, 0x0000000093a60000)
  eden space 136320K, 100% used [0x0000000089400000, 0x0000000091920000, 0x0000000091920000)
  from space 17024K,   4% used [0x0000000091920000, 0x00000000919ccb90, 0x00000000929c0000)
  to   space 17024K,   0% used [0x00000000929c0000, 0x00000000929c0000, 0x0000000093a60000)
 concurrent mark-sweep generation total 1775232K, used 1433672K [0x0000000093a60000, 0x0000000100000000, 0x0000000100000000)
 Metaspace       used 64965K, capacity 69098K, committed 69408K, reserved 1110016K
  class space    used 8014K, capacity 8985K, committed 9056K, reserved 1048576K
Event: 19286.093 GC heap after
Heap after GC invocations=8705 (full 2):
 par new generation   total 153344K, used 733K [0x0000000089400000, 0x0000000093a60000, 0x0000000093a60000)
  eden space 136320K,   0% used [0x0000000089400000, 0x0000000089400000, 0x0000000091920000)
  from space 17024K,   4% used [0x00000000929c0000, 0x0000000092a77678, 0x0000000093a60000)
  to   space 17024K,   0% used [0x0000000091920000, 0x0000000091920000, 0x00000000929c0000)
 concurrent mark-sweep generation total 1775232K, used 1433708K [0x0000000093a60000, 0x0000000100000000, 0x0000000100000000)
 Metaspace       used 64965K, capacity 69098K, committed 69408K, reserved 1110016K
  class space    used 8014K, capacity 8985K, committed 9056K, reserved 1048576K
}
Event: 19288.433 GC heap before
{Heap before GC invocations=8705 (full 2):
 par new generation   total 153344K, used 137053K [0x0000000089400000, 0x0000000093a60000, 0x0000000093a60000)
  eden space 136320K, 100% used [0x0000000089400000, 0x0000000091920000, 0x0000000091920000)
  from space 17024K,   4% used [0x00000000929c0000, 0x0000000092a77678, 0x0000000093a60000)
  to   space 17024K,   0% used [0x0000000091920000, 0x0000000091920000, 0x00000000929c0000)
 concurrent mark-sweep generation total 1775232K, used 1433708K [0x0000000093a60000, 0x0000000100000000, 0x0000000100000000)
 Metaspace       used 64968K, capacity 69098K, committed 69408K, reserved 1110016K
  class space    used 8014K, capacity 8985K, committed 9056K, reserved 1048576K
Event: 19288.443 GC heap after
Heap after GC invocations=8706 (full 2):
 par new generation   total 153344K, used 732K [0x0000000089400000, 0x0000000093a60000, 0x0000000093a60000)
  eden space 136320K,   0% used [0x0000000089400000, 0x0000000089400000, 0x0000000091920000)
  from space 17024K,   4% used [0x0000000091920000, 0x00000000919d7198, 0x00000000929c0000)
  to   space 17024K,   0% used [0x00000000929c0000, 0x00000000929c0000, 0x0000000093a60000)
 concurrent mark-sweep generation total 1775232K, used 1433851K [0x0000000093a60000, 0x0000000100000000, 0x0000000100000000)
 Metaspace       used 64968K, capacity 69098K, committed 69408K, reserved 1110016K
  class space    used 8014K, capacity 8985K, committed 9056K, reserved 1048576K
}
Event: 19290.683 GC heap before
{Heap before GC invocations=8706 (full 2):
 par new generation   total 153344K, used 137052K [0x0000000089400000, 0x0000000093a60000, 0x0000000093a60000)
  eden space 136320K, 100% used [0x0000000089400000, 0x0000000091920000, 0x0000000091920000)
  from space 17024K,   4% used [0x0000000091920000, 0x00000000919d7198, 0x00000000929c0000)
  to   space 17024K,   0% used [0x00000000929c0000, 0x00000000929c0000, 0x0000000093a60000)
 concurrent mark-sweep generation total 1775232K, used 1433851K [0x0000000093a60000, 0x0000000100000000, 0x0000000100000000)
 Metaspace       used 64968K, capacity 69098K, committed 69408K, reserved 1110016K
  class space    used 8014K, capacity 8985K, committed 9056K, reserved 1048576K
Event: 19290.691 GC heap after
Heap after GC invocations=8707 (full 2):
 par new generation   total 153344K, used 387K [0x0000000089400000, 0x0000000093a60000, 0x0000000093a60000)
  eden space 136320K,   0% used [0x0000000089400000, 0x0000000089400000, 0x0000000091920000)
  from space 17024K,   2% used [0x00000000929c0000, 0x0000000092a20c78, 0x0000000093a60000)
  to   space 17024K,   0% used [0x0000000091920000, 0x0000000091920000, 0x00000000929c0000)
 concurrent mark-sweep generation total 1775232K, used 1433904K [0x0000000093a60000, 0x0000000100000000, 0x0000000100000000)
 Metaspace       used 64968K, capacity 69098K, committed 69408K, reserved 1110016K
  class space    used 8014K, capacity 8985K, committed 9056K, reserved 1048576K
}
Event: 19292.932 GC heap before
{Heap before GC invocations=8707 (full 2):
 par new generation   total 153344K, used 136707K [0x0000000089400000, 0x0000000093a60000, 0x0000000093a60000)
  eden space 136320K, 100% used [0x0000000089400000, 0x0000000091920000, 0x0000000091920000)
  from space 17024K,   2% used [0x00000000929c0000, 0x0000000092a20c78, 0x0000000093a60000)
  to   space 17024K,   0% used [0x0000000091920000, 0x0000000091920000, 0x00000000929c0000)
 concurrent mark-sweep generation total 1775232K, used 1433904K [0x0000000093a60000, 0x0000000100000000, 0x0000000100000000)
 Metaspace       used 64968K, capacity 69098K, committed 69408K, reserved 1110016K
  class space    used 8014K, capacity 8985K, committed 9056K, reserved 1048576K
Event: 19292.941 GC heap after
Heap after GC invocations=8708 (full 2):
 par new generation   total 153344K, used 302K [0x0000000089400000, 0x0000000093a60000, 0x0000000093a60000)
  eden space 136320K,   0% used [0x0000000089400000, 0x0000000089400000, 0x0000000091920000)
  from space 17024K,   1% used [0x0000000091920000, 0x000000009196bbf0, 0x00000000929c0000)
  to   space 17024K,   0% used [0x00000000929c0000, 0x00000000929c0000, 0x0000000093a60000)
 concurrent mark-sweep generation total 1775232K, used 1434000K [0x0000000093a60000, 0x0000000100000000, 0x0000000100000000)
 Metaspace       used 64968K, capacity 69098K, committed 69408K, reserved 1110016K
  class space    used 8014K, capacity 8985K, committed 9056K, reserved 1048576K
}
Event: 19295.133 GC heap before
{Heap before GC invocations=8708 (full 2):
 par new generation   total 153344K, used 136622K [0x0000000089400000, 0x0000000093a60000, 0x0000000093a60000)
  eden space 136320K, 100% used [0x0000000089400000, 0x0000000091920000, 0x0000000091920000)
  from space 17024K,   1% used [0x0000000091920000, 0x000000009196bbf0, 0x00000000929c0000)
  to   space 17024K,   0% used [0x00000000929c0000, 0x00000000929c0000, 0x0000000093a60000)
 concurrent mark-sweep generation total 1775232K, used 1434000K [0x0000000093a60000, 0x0000000100000000, 0x0000000100000000)
 Metaspace       used 64968K, capacity 69098K, committed 69408K, reserved 1110016K
  class space    used 8014K, capacity 8985K, committed 9056K, reserved 1048576K
Event: 19295.142 GC heap after
Heap after GC invocations=8709 (full 2):
 par new generation   total 153344K, used 638K [0x0000000089400000, 0x0000000093a60000, 0x0000000093a60000)
  eden space 136320K,   0% used [0x0000000089400000, 0x0000000089400000, 0x0000000091920000)
  from space 17024K,   3% used [0x00000000929c0000, 0x0000000092a5f858, 0x0000000093a60000)
  to   space 17024K,   0% used [0x0000000091920000, 0x0000000091920000, 0x00000000929c0000)
 concurrent mark-sweep generation total 1775232K, used 1434007K [0x0000000093a60000, 0x0000000100000000, 0x0000000100000000)
 Metaspace       used 64968K, capacity 69098K, committed 69408K, reserved 1110016K
  class space    used 8014K, capacity 8985K, committed 9056K, reserved 1048576K
}
Event: 19297.334 GC heap before
{Heap before GC invocations=8709 (full 2):
 par new generation   total 153344K, used 136958K [0x0000000089400000, 0x0000000093a60000, 0x0000000093a60000)
  eden space 136320K, 100% used [0x0000000089400000, 0x0000000091920000, 0x0000000091920000)
  from space 17024K,   3% used [0x00000000929c0000, 0x0000000092a5f858, 0x0000000093a60000)
  to   space 17024K,   0% used [0x0000000091920000, 0x0000000091920000, 0x00000000929c0000)
 concurrent mark-sweep generation total 1775232K, used 1434007K [0x0000000093a60000, 0x0000000100000000, 0x0000000100000000)
 Metaspace       used 64968K, capacity 69098K, committed 69408K, reserved 1110016K
  class space    used 8014K, capacity 8985K, committed 9056K, reserved 1048576K
Event: 19297.343 GC heap after
Heap after GC invocations=8710 (full 2):
 par new generation   total 153344K, used 621K [0x0000000089400000, 0x0000000093a60000, 0x0000000093a60000)
  eden space 136320K,   0% used [0x0000000089400000, 0x0000000089400000, 0x0000000091920000)
  from space 17024K,   3% used [0x0000000091920000, 0x00000000919bb6d0, 0x00000000929c0000)
  to   space 17024K,   0% used [0x00000000929c0000, 0x00000000929c0000, 0x0000000093a60000)
 concurrent mark-sweep generation total 1775232K, used 1434025K [0x0000000093a60000, 0x0000000100000000, 0x0000000100000000)
 Metaspace       used 64968K, capacity 69098K, committed 69408K, reserved 1110016K
  class space    used 8014K, capacity 8985K, committed 9056K, reserved 1048576K
}
Event: 19299.586 GC heap before
{Heap before GC invocations=8710 (full 2):
 par new generation   total 153344K, used 136941K [0x0000000089400000, 0x0000000093a60000, 0x0000000093a60000)
  eden space 136320K, 100% used [0x0000000089400000, 0x0000000091920000, 0x0000000091920000)
  from space 17024K,   3% used [0x0000000091920000, 0x00000000919bb6d0, 0x00000000929c0000)
  to   space 17024K,   0% used [0x00000000929c0000, 0x00000000929c0000, 0x0000000093a60000)
 concurrent mark-sweep generation total 1775232K, used 1434025K [0x0000000093a60000, 0x0000000100000000, 0x0000000100000000)
 Metaspace       used 64968K, capacity 69098K, committed 69408K, reserved 1110016K
  class space    used 8014K, capacity 8985K, committed 9056K, reserved 1048576K
Event: 19299.595 GC heap after
Heap after GC invocations=8711 (full 2):
 par new generation   total 153344K, used 925K [0x0000000089400000, 0x0000000093a60000, 0x0000000093a60000)
  eden space 136320K,   0% used [0x0000000089400000, 0x0000000089400000, 0x0000000091920000)
  from space 17024K,   5% used [0x00000000929c0000, 0x0000000092aa7440, 0x0000000093a60000)
  to   space 17024K,   0% used [0x0000000091920000, 0x0000000091920000, 0x00000000929c0000)
 concurrent mark-sweep generation total 1775232K, used 1434034K [0x0000000093a60000, 0x0000000100000000, 0x0000000100000000)
 Metaspace       used 64968K, capacity 69098K, committed 69408K, reserved 1110016K
  class space    used 8014K, capacity 8985K, committed 9056K, reserved 1048576K
}
Event: 19301.789 GC heap before
{Heap before GC invocations=8711 (full 2):
 par new generation   total 153344K, used 137245K [0x0000000089400000, 0x0000000093a60000, 0x0000000093a60000)
  eden space 136320K, 100% used [0x0000000089400000, 0x0000000091920000, 0x0000000091920000)
  from space 17024K,   5% used [0x00000000929c0000, 0x0000000092aa7440, 0x0000000093a60000)
  to   space 17024K,   0% used [0x0000000091920000, 0x0000000091920000, 0x00000000929c0000)
 concurrent mark-sweep generation total 1775232K, used 1434034K [0x0000000093a60000, 0x0000000100000000, 0x0000000100000000)
 Metaspace       used 64968K, capacity 69098K, committed 69408K, reserved 1110016K
  class space    used 8014K, capacity 8985K, committed 9056K, reserved 1048576K
Event: 19301.798 GC heap after
Heap after GC invocations=8712 (full 2):
 par new generation   total 153344K, used 592K [0x0000000089400000, 0x0000000093a60000, 0x0000000093a60000)
  eden space 136320K,   0% used [0x0000000089400000, 0x0000000089400000, 0x0000000091920000)
  from space 17024K,   3% used [0x0000000091920000, 0x00000000919b4340, 0x00000000929c0000)
  to   space 17024K,   0% used [0x00000000929c0000, 0x00000000929c0000, 0x0000000093a60000)
 concurrent mark-sweep generation total 1775232K, used 1434057K [0x0000000093a60000, 0x0000000100000000, 0x0000000100000000)
 Metaspace       used 64968K, capacity 69098K, committed 69408K, reserved 1110016K
  class space    used 8014K, capacity 8985K, committed 9056K, reserved 1048576K
}
Event: 19303.992 GC heap before
{Heap before GC invocations=8712 (full 2):
 par new generation   total 153344K, used 136912K [0x0000000089400000, 0x0000000093a60000, 0x0000000093a60000)
  eden space 136320K, 100% used [0x0000000089400000, 0x0000000091920000, 0x0000000091920000)
  from space 17024K,   3% used [0x0000000091920000, 0x00000000919b4340, 0x00000000929c0000)
  to   space 17024K,   0% used [0x00000000929c0000, 0x00000000929c0000, 0x0000000093a60000)
 concurrent mark-sweep generation total 1775232K, used 1434057K [0x0000000093a60000, 0x0000000100000000, 0x0000000100000000)
 Metaspace       used 65102K, capacity 69258K, committed 69408K, reserved 1110016K
  class space    used 8029K, capacity 9017K, committed 9056K, reserved 1048576K
Event: 19304.003 GC heap after
Heap after GC invocations=8713 (full 2):
 par new generation   total 153344K, used 758K [0x0000000089400000, 0x0000000093a60000, 0x0000000093a60000)
  eden space 136320K,   0% used [0x0000000089400000, 0x0000000089400000, 0x0000000091920000)
  from space 17024K,   4% used [0x00000000929c0000, 0x0000000092a7d880, 0x0000000093a60000)
  to   space 17024K,   0% used [0x0000000091920000, 0x0000000091920000, 0x00000000929c0000)
 concurrent mark-sweep generation total 1775232K, used 1434064K [0x0000000093a60000, 0x0000000100000000, 0x0000000100000000)
 Metaspace       used 65102K, capacity 69258K, committed 69408K, reserved 1110016K
  class space    used 8029K, capacity 9017K, committed 9056K, reserved 1048576K
}
Event: 19306.189 GC heap before
{Heap before GC invocations=8713 (full 2):
 par new generation   total 153344K, used 137078K [0x0000000089400000, 0x0000000093a60000, 0x0000000093a60000)
  eden space 136320K, 100% used [0x0000000089400000, 0x0000000091920000, 0x0000000091920000)
  from space 17024K,   4% used [0x00000000929c0000, 0x0000000092a7d880, 0x0000000093a60000)
  to   space 17024K,   0% used [0x0000000091920000, 0x0000000091920000, 0x00000000929c0000)
 concurrent mark-sweep generation total 1775232K, used 1434064K [0x0000000093a60000, 0x0000000100000000, 0x0000000100000000)
 Metaspace       used 65102K, capacity 69258K, committed 69408K, reserved 1110016K
  class space    used 8029K, capacity 9017K, committed 9056K, reserved 1048576K
Event: 19306.203 GC heap after
Heap after GC invocations=8714 (full 2):
 par new generation   total 153344K, used 492K [0x0000000089400000, 0x0000000093a60000, 0x0000000093a60000)
  eden space 136320K,   0% used [0x0000000089400000, 0x0000000089400000, 0x0000000091920000)
  from space 17024K,   2% used [0x0000000091920000, 0x000000009199b250, 0x00000000929c0000)
  to   space 17024K,   0% used [0x00000000929c0000, 0x00000000929c0000, 0x0000000093a60000)
 concurrent mark-sweep generation total 1775232K, used 1434075K [0x0000000093a60000, 0x0000000100000000, 0x0000000100000000)
 Metaspace       used 65102K, capacity 69258K, committed 69408K, reserved 1110016K
  class space    used 8029K, capacity 9017K, committed 9056K, reserved 1048576K
}
Event: 19308.399 GC heap before
{Heap before GC invocations=8714 (full 2):
 par new generation   total 153344K, used 136812K [0x0000000089400000, 0x0000000093a60000, 0x0000000093a60000)
  eden space 136320K, 100% used [0x0000000089400000, 0x0000000091920000, 0x0000000091920000)
  from space 17024K,   2% used [0x0000000091920000, 0x000000009199b250, 0x00000000929c0000)
  to   space 17024K,   0% used [0x00000000929c0000, 0x00000000929c0000, 0x0000000093a60000)
 concurrent mark-sweep generation total 1775232K, used 1434075K [0x0000000093a60000, 0x0000000100000000, 0x0000000100000000)
 Metaspace       used 65102K, capacity 69258K, committed 69408K, reserved 1110016K
  class space    used 8029K, capacity 9017K, committed 9056K, reserved 1048576K
Event: 19308.414 GC heap after
Heap after GC invocations=8715 (full 2):
 par new generation   total 153344K, used 516K [0x0000000089400000, 0x0000000093a60000, 0x0000000093a60000)
  eden space 136320K,   0% used [0x0000000089400000, 0x0000000089400000, 0x0000000091920000)
  from space 17024K,   3% used [0x00000000929c0000, 0x0000000092a413c0, 0x0000000093a60000)
  to   space 17024K,   0% used [0x0000000091920000, 0x0000000091920000, 0x00000000929c0000)
 concurrent mark-sweep generation total 1775232K, used 1434105K [0x0000000093a60000, 0x0000000100000000, 0x0000000100000000)
 Metaspace       used 65102K, capacity 69258K, committed 69408K, reserved 1110016K
  class space    used 8029K, capacity 9017K, committed 9056K, reserved 1048576K
}
Event: 19310.700 GC heap before
{Heap before GC invocations=8715 (full 2):
 par new generation   total 153344K, used 136836K [0x0000000089400000, 0x0000000093a60000, 0x0000000093a60000)
  eden space 136320K, 100% used [0x0000000089400000, 0x0000000091920000, 0x0000000091920000)
  from space 17024K,   3% used [0x00000000929c0000, 0x0000000092a413c0, 0x0000000093a60000)
  to   space 17024K,   0% used [0x0000000091920000, 0x0000000091920000, 0x00000000929c0000)
 concurrent mark-sweep generation total 1775232K, used 1434105K [0x0000000093a60000, 0x0000000100000000, 0x0000000100000000)
 Metaspace       used 65102K, capacity 69258K, committed 69408K, reserved 1110016K
  class space    used 8029K, capacity 9017K, committed 9056K, reserved 1048576K
Event: 19310.708 GC heap after
Heap after GC invocations=8716 (full 2):
 par new generation   total 153344K, used 384K [0x0000000089400000, 0x0000000093a60000, 0x0000000093a60000)
  eden space 136320K,   0% used [0x0000000089400000, 0x0000000089400000, 0x0000000091920000)
  from space 17024K,   2% used [0x0000000091920000, 0x0000000091980360, 0x00000000929c0000)
  to   space 17024K,   0% used [0x00000000929c0000, 0x00000000929c0000, 0x0000000093a60000)
 concurrent mark-sweep generation total 1775232K, used 1434141K [0x0000000093a60000, 0x0000000100000000, 0x0000000100000000)
 Metaspace       used 65102K, capacity 69258K, committed 69408K, reserved 1110016K
  class space    used 8029K, capacity 9017K, committed 9056K, reserved 1048576K
}
Event: 19312.904 GC heap before
{Heap before GC invocations=8716 (full 2):
 par new generation   total 153344K, used 136704K [0x0000000089400000, 0x0000000093a60000, 0x0000000093a60000)
  eden space 136320K, 100% used [0x0000000089400000, 0x0000000091920000, 0x0000000091920000)
  from space 17024K,   2% used [0x0000000091920000, 0x0000000091980360, 0x00000000929c0000)
  to   space 17024K,   0% used [0x00000000929c0000, 0x00000000929c0000, 0x0000000093a60000)
 concurrent mark-sweep generation total 1775232K, used 1434141K [0x0000000093a60000, 0x0000000100000000, 0x0000000100000000)
 Metaspace       used 65102K, capacity 69258K, committed 69408K, reserved 1110016K
  class space    used 8029K, capacity 9017K, committed 9056K, reserved 1048576K
Event: 19312.912 GC heap after
Heap after GC invocations=8717 (full 2):
 par new generation   total 153344K, used 349K [0x0000000089400000, 0x0000000093a60000, 0x0000000093a60000)
  eden space 136320K,   0% used [0x0000000089400000, 0x0000000089400000, 0x0000000091920000)
  from space 17024K,   2% used [0x00000000929c0000, 0x0000000092a174e0, 0x0000000093a60000)
  to   space 17024K,   0% used [0x0000000091920000, 0x0000000091920000, 0x00000000929c0000)
 concurrent mark-sweep generation total 1775232K, used 1434151K [0x0000000093a60000, 0x0000000100000000, 0x0000000100000000)
 Metaspace       used 65102K, capacity 69258K, committed 69408K, reserved 1110016K
  class space    used 8029K, capacity 9017K, committed 9056K, reserved 1048576K
}
Event: 19315.199 GC heap before
{Heap before GC invocations=8717 (full 2):
 par new generation   total 153344K, used 136669K [0x0000000089400000, 0x0000000093a60000, 0x0000000093a60000)
  eden space 136320K, 100% used [0x0000000089400000, 0x0000000091920000, 0x0000000091920000)
  from space 17024K,   2% used [0x00000000929c0000, 0x0000000092a174e0, 0x0000000093a60000)
  to   space 17024K,   0% used [0x0000000091920000, 0x0000000091920000, 0x00000000929c0000)
 concurrent mark-sweep generation total 1775232K, used 1434151K [0x0000000093a60000, 0x0000000100000000, 0x0000000100000000)
 Metaspace       used 65102K, capacity 69258K, committed 69408K, reserved 1110016K
  class space    used 8029K, capacity 9017K, committed 9056K, reserved 1048576K
Event: 19315.208 GC heap after
Heap after GC invocations=8718 (full 2):
 par new generation   total 153344K, used 388K [0x0000000089400000, 0x0000000093a60000, 0x0000000093a60000)
  eden space 136320K,   0% used [0x0000000089400000, 0x0000000089400000, 0x0000000091920000)
  from space 17024K,   2% used [0x0000000091920000, 0x00000000919812f0, 0x00000000929c0000)
  to   space 17024K,   0% used [0x00000000929c0000, 0x00000000929c0000, 0x0000000093a60000)
 concurrent mark-sweep generation total 1775232K, used 1434184K [0x0000000093a60000, 0x0000000100000000, 0x0000000100000000)
 Metaspace       used 65102K, capacity 69258K, committed 69408K, reserved 1110016K
  class space    used 8029K, capacity 9017K, committed 9056K, reserved 1048576K
}
Event: 19317.499 GC heap before
{Heap before GC invocations=8718 (full 2):
 par new generation   total 153344K, used 136708K [0x0000000089400000, 0x0000000093a60000, 0x0000000093a60000)
  eden space 136320K, 100% used [0x0000000089400000, 0x0000000091920000, 0x0000000091920000)
  from space 17024K,   2% used [0x0000000091920000, 0x00000000919812f0, 0x00000000929c0000)
  to   space 17024K,   0% used [0x00000000929c0000, 0x00000000929c0000, 0x0000000093a60000)
 concurrent mark-sweep generation total 1775232K, used 1434184K [0x0000000093a60000, 0x0000000100000000, 0x0000000100000000)
 Metaspace       used 65102K, capacity 69258K, committed 69408K, reserved 1110016K
  class space    used 8029K, capacity 9017K, committed 9056K, reserved 1048576K
Event: 19317.507 GC heap after
Heap after GC invocations=8719 (full 2):
 par new generation   total 153344K, used 444K [0x0000000089400000, 0x0000000093a60000, 0x0000000093a60000)
  eden space 136320K,   0% used [0x0000000089400000, 0x0000000089400000, 0x0000000091920000)
  from space 17024K,   2% used [0x00000000929c0000, 0x0000000092a2f330, 0x0000000093a60000)
  to   space 17024K,   0% used [0x0000000091920000, 0x0000000091920000, 0x00000000929c0000)
 concurrent mark-sweep generation total 1775232K, used 1434206K [0x0000000093a60000, 0x0000000100000000, 0x0000000100000000)
 Metaspace       used 65102K, capacity 69258K, committed 69408K, reserved 1110016K
  class space    used 8029K, capacity 9017K, committed 9056K, reserved 1048576K
}
Event: 19319.748 GC heap before
{Heap before GC invocations=8719 (full 2):
 par new generation   total 153344K, used 136764K [0x0000000089400000, 0x0000000093a60000, 0x0000000093a60000)
  eden space 136320K, 100% used [0x0000000089400000, 0x0000000091920000, 0x0000000091920000)
  from space 17024K,   2% used [0x00000000929c0000, 0x0000000092a2f330, 0x0000000093a60000)
  to   space 17024K,   0% used [0x0000000091920000, 0x0000000091920000, 0x00000000929c0000)
 concurrent mark-sweep generation total 1775232K, used 1434206K [0x0000000093a60000, 0x0000000100000000, 0x0000000100000000)
 Metaspace       used 65104K, capacity 69258K, committed 69408K, reserved 1110016K
  class space    used 8029K, capacity 9017K, committed 9056K, reserved 1048576K
Event: 19319.757 GC heap after
Heap after GC invocations=8720 (full 2):
 par new generation   total 153344K, used 430K [0x0000000089400000, 0x0000000093a60000, 0x0000000093a60000)
  eden space 136320K,   0% used [0x0000000089400000, 0x0000000089400000, 0x0000000091920000)
  from space 17024K,   2% used [0x0000000091920000, 0x000000009198b9e8, 0x00000000929c0000)
  to   space 17024K,   0% used [0x00000000929c0000, 0x00000000929c0000, 0x0000000093a60000)
 concurrent mark-sweep generation total 1775232K, used 1434211K [0x0000000093a60000, 0x0000000100000000, 0x0000000100000000)
 Metaspace       used 65104K, capacity 69258K, committed 69408K, reserved 1110016K
  class space    used 8029K, capacity 9017K, committed 9056K, reserved 1048576K
}
Event: 19322.049 GC heap before
{Heap before GC invocations=8720 (full 2):
 par new generation   total 153344K, used 136750K [0x0000000089400000, 0x0000000093a60000, 0x0000000093a60000)
  eden space 136320K, 100% used [0x0000000089400000, 0x0000000091920000, 0x0000000091920000)
  from space 17024K,   2% used [0x0000000091920000, 0x000000009198b9e8, 0x00000000929c0000)
  to   space 17024K,   0% used [0x00000000929c0000, 0x00000000929c0000, 0x0000000093a60000)
 concurrent mark-sweep generation total 1775232K, used 1434211K [0x0000000093a60000, 0x0000000100000000, 0x0000000100000000)
 Metaspace       used 65104K, capacity 69258K, committed 69408K, reserved 1110016K
  class space    used 8029K, capacity 9017K, committed 9056K, reserved 1048576K
Event: 19322.058 GC heap after
Heap after GC invocations=8721 (full 2):
 par new generation   total 153344K, used 478K [0x0000000089400000, 0x0000000093a60000, 0x0000000093a60000)
  eden space 136320K,   0% used [0x0000000089400000, 0x0000000089400000, 0x0000000091920000)
  from space 17024K,   2% used [0x00000000929c0000, 0x0000000092a378e0, 0x0000000093a60000)
  to   space 17024K,   0% used [0x0000000091920000, 0x0000000091920000, 0x00000000929c0000)
 concurrent mark-sweep generation total 1775232K, used 1434216K [0x0000000093a60000, 0x0000000100000000, 0x0000000100000000)
 Metaspace       used 65104K, capacity 69258K, committed 69408K, reserved 1110016K
  class space    used 8029K, capacity 9017K, committed 9056K, reserved 1048576K
}
Event: 19324.400 GC heap before
{Heap before GC invocations=8721 (full 2):
 par new generation   total 153344K, used 136798K [0x0000000089400000, 0x0000000093a60000, 0x0000000093a60000)
  eden space 136320K, 100% used [0x0000000089400000, 0x0000000091920000, 0x0000000091920000)
  from space 17024K,   2% used [0x00000000929c0000, 0x0000000092a378e0, 0x0000000093a60000)
  to   space 17024K,   0% used [0x0000000091920000, 0x0000000091920000, 0x00000000929c0000)
 concurrent mark-sweep generation total 1775232K, used 1434216K [0x0000000093a60000, 0x0000000100000000, 0x0000000100000000)
 Metaspace       used 65104K, capacity 69258K, committed 69408K, reserved 1110016K
  class space    used 8029K, capacity 9017K, committed 9056K, reserved 1048576K
Event: 19324.409 GC heap after
Heap after GC invocations=8722 (full 2):
 par new generation   total 153344K, used 503K [0x0000000089400000, 0x0000000093a60000, 0x0000000093a60000)
  eden space 136320K,   0% used [0x0000000089400000, 0x0000000089400000, 0x0000000091920000)
  from space 17024K,   2% used [0x0000000091920000, 0x000000009199dfa0, 0x00000000929c0000)
  to   space 17024K,   0% used [0x00000000929c0000, 0x00000000929c0000, 0x0000000093a60000)
 concurrent mark-sweep generation total 1775232K, used 1434264K [0x0000000093a60000, 0x0000000100000000, 0x0000000100000000)
 Metaspace       used 65104K, capacity 69258K, committed 69408K, reserved 1110016K
  class space    used 8029K, capacity 9017K, committed 9056K, reserved 1048576K
}
Event: 19326.799 GC heap before
{Heap before GC invocations=8722 (full 2):
 par new generation   total 153344K, used 136823K [0x0000000089400000, 0x0000000093a60000, 0x0000000093a60000)
  eden space 136320K, 100% used [0x0000000089400000, 0x0000000091920000, 0x0000000091920000)
  from space 17024K,   2% used [0x0000000091920000, 0x000000009199dfa0, 0x00000000929c0000)
  to   space 17024K,   0% used [0x00000000929c0000, 0x00000000929c0000, 0x0000000093a60000)
 concurrent mark-sweep generation total 1775232K, used 1434264K [0x0000000093a60000, 0x0000000100000000, 0x0000000100000000)
 Metaspace       used 65104K, capacity 69258K, committed 69408K, reserved 1110016K
  class space    used 8029K, capacity 9017K, committed 9056K, reserved 1048576K
Event: 19326.807 GC heap after
Heap after GC invocations=8723 (full 2):
 par new generation   total 153344K, used 479K [0x0000000089400000, 0x0000000093a60000, 0x0000000093a60000)
  eden space 136320K,   0% used [0x0000000089400000, 0x0000000089400000, 0x0000000091920000)
  from space 17024K,   2% used [0x00000000929c0000, 0x0000000092a37ce8, 0x0000000093a60000)
  to   space 17024K,   0% used [0x0000000091920000, 0x0000000091920000, 0x00000000929c0000)
 concurrent mark-sweep generation total 1775232K, used 1434281K [0x0000000093a60000, 0x0000000100000000, 0x0000000100000000)
 Metaspace       used 65104K, capacity 69258K, committed 69408K, reserved 1110016K
  class space    used 8029K, capacity 9017K, committed 9056K, reserved 1048576K
}
Event: 19329.054 GC heap before
{Heap before GC invocations=8723 (full 2):
 par new generation   total 153344K, used 136799K [0x0000000089400000, 0x0000000093a60000, 0x0000000093a60000)
  eden space 136320K, 100% used [0x0000000089400000, 0x0000000091920000, 0x0000000091920000)
  from space 17024K,   2% used [0x00000000929c0000, 0x0000000092a37ce8, 0x0000000093a60000)
  to   space 17024K,   0% used [0x0000000091920000, 0x0000000091920000, 0x00000000929c0000)
 concurrent mark-sweep generation total 1775232K, used 1434281K [0x0000000093a60000, 0x0000000100000000, 0x0000000100000000)
 Metaspace       used 65104K, capacity 69258K, committed 69408K, reserved 1110016K
  class space    used 8029K, capacity 9017K, committed 9056K, reserved 1048576K
Event: 19329.068 GC heap after
Heap after GC invocations=8724 (full 2):
 par new generation   total 153344K, used 449K [0x0000000089400000, 0x0000000093a60000, 0x0000000093a60000)
  eden space 136320K,   0% used [0x0000000089400000, 0x0000000089400000, 0x0000000091920000)
  from space 17024K,   2% used [0x0000000091920000, 0x0000000091990590, 0x00000000929c0000)
  to   space 17024K,   0% used [0x00000000929c0000, 0x00000000929c0000, 0x0000000093a60000)
 concurrent mark-sweep generation total 1775232K, used 1434337K [0x0000000093a60000, 0x0000000100000000, 0x0000000100000000)
 Metaspace       used 65104K, capacity 69258K, committed 69408K, reserved 1110016K
  class space    used 8029K, capacity 9017K, committed 9056K, reserved 1048576K
}
Event: 19331.452 GC heap before
{Heap before GC invocations=8724 (full 2):
 par new generation   total 153344K, used 136769K [0x0000000089400000, 0x0000000093a60000, 0x0000000093a60000)
  eden space 136320K, 100% used [0x0000000089400000, 0x0000000091920000, 0x0000000091920000)
  from space 17024K,   2% used [0x0000000091920000, 0x0000000091990590, 0x00000000929c0000)
  to   space 17024K,   0% used [0x00000000929c0000, 0x00000000929c0000, 0x0000000093a60000)
 concurrent mark-sweep generation total 1775232K, used 1434337K [0x0000000093a60000, 0x0000000100000000, 0x0000000100000000)
 Metaspace       used 65104K, capacity 69258K, committed 69408K, reserved 1110016K
  class space    used 8029K, capacity 9017K, committed 9056K, reserved 1048576K
Event: 19331.461 GC heap after
Heap after GC invocations=8725 (full 2):
 par new generation   total 153344K, used 521K [0x0000000089400000, 0x0000000093a60000, 0x0000000093a60000)
  eden space 136320K,   0% used [0x0000000089400000, 0x0000000089400000, 0x0000000091920000)
  from space 17024K,   3% used [0x00000000929c0000, 0x0000000092a424d0, 0x0000000093a60000)
  to   space 17024K,   0% used [0x0000000091920000, 0x0000000091920000, 0x00000000929c0000)
 concurrent mark-sweep generation total 1775232K, used 1434360K [0x0000000093a60000, 0x0000000100000000, 0x0000000100000000)
 Metaspace       used 65104K, capacity 69258K, committed 69408K, reserved 1110016K
  class space    used 8029K, capacity 9017K, committed 9056K, reserved 1048576K
}
Event: 19333.853 GC heap before
{Heap before GC invocations=8725 (full 2):
 par new generation   total 153344K, used 136841K [0x0000000089400000, 0x0000000093a60000, 0x0000000093a60000)
  eden space 136320K, 100% used [0x0000000089400000, 0x0000000091920000, 0x0000000091920000)
  from space 17024K,   3% used [0x00000000929c0000, 0x0000000092a424d0, 0x0000000093a60000)
  to   space 17024K,   0% used [0x0000000091920000, 0x0000000091920000, 0x00000000929c0000)
 concurrent mark-sweep generation total 1775232K, used 1434360K [0x0000000093a60000, 0x0000000100000000, 0x0000000100000000)
 Metaspace       used 65104K, capacity 69258K, committed 69408K, reserved 1110016K
  class space    used 8029K, capacity 9017K, committed 9056K, reserved 1048576K
Event: 19333.861 GC heap after
Heap after GC invocations=8726 (full 2):
 par new generation   total 153344K, used 516K [0x0000000089400000, 0x0000000093a60000, 0x0000000093a60000)
  eden space 136320K,   0% used [0x0000000089400000, 0x0000000089400000, 0x0000000091920000)
  from space 17024K,   3% used [0x0000000091920000, 0x00000000919a1348, 0x00000000929c0000)
  to   space 17024K,   0% used [0x00000000929c0000, 0x00000000929c0000, 0x0000000093a60000)
 concurrent mark-sweep generation total 1775232K, used 1434404K [0x0000000093a60000, 0x0000000100000000, 0x0000000100000000)
 Metaspace       used 65104K, capacity 69258K, committed 69408K, reserved 1110016K
  class space    used 8029K, capacity 9017K, committed 9056K, reserved 1048576K
}
Event: 19336.152 GC heap before
{Heap before GC invocations=8726 (full 2):
 par new generation   total 153344K, used 136836K [0x0000000089400000, 0x0000000093a60000, 0x0000000093a60000)
  eden space 136320K, 100% used [0x0000000089400000, 0x0000000091920000, 0x0000000091920000)
  from space 17024K,   3% used [0x0000000091920000, 0x00000000919a1348, 0x00000000929c0000)
  to   space 17024K,   0% used [0x00000000929c0000, 0x00000000929c0000, 0x0000000093a60000)
 concurrent mark-sweep generation total 1775232K, used 1434404K [0x0000000093a60000, 0x0000000100000000, 0x0000000100000000)
 Metaspace       used 65104K, capacity 69258K, committed 69408K, reserved 1110016K
  class space    used 8029K, capacity 9017K, committed 9056K, reserved 1048576K
Event: 19336.161 GC heap after
Heap after GC invocations=8727 (full 2):
 par new generation   total 153344K, used 601K [0x0000000089400000, 0x0000000093a60000, 0x0000000093a60000)
  eden space 136320K,   0% used [0x0000000089400000, 0x0000000089400000, 0x0000000091920000)
  from space 17024K,   3% used [0x00000000929c0000, 0x0000000092a56450, 0x0000000093a60000)
  to   space 17024K,   0% used [0x0000000091920000, 0x0000000091920000, 0x00000000929c0000)
 concurrent mark-sweep generation total 1775232K, used 1434416K [0x0000000093a60000, 0x0000000100000000, 0x0000000100000000)
 Metaspace       used 65104K, capacity 69258K, committed 69408K, reserved 1110016K
  class space    used 8029K, capacity 9017K, committed 9056K, reserved 1048576K
}
Event: 19338.401 GC heap before
{Heap before GC invocations=8727 (full 2):
 par new generation   total 153344K, used 136921K [0x0000000089400000, 0x0000000093a60000, 0x0000000093a60000)
  eden space 136320K, 100% used [0x0000000089400000, 0x0000000091920000, 0x0000000091920000)
  from space 17024K,   3% used [0x00000000929c0000, 0x0000000092a56450, 0x0000000093a60000)
  to   space 17024K,   0% used [0x0000000091920000, 0x0000000091920000, 0x00000000929c0000)
 concurrent mark-sweep generation total 1775232K, used 1434416K [0x0000000093a60000, 0x0000000100000000, 0x0000000100000000)
 Metaspace       used 65104K, capacity 69258K, committed 69408K, reserved 1110016K
  class space    used 8029K, capacity 9017K, committed 9056K, reserved 1048576K
Event: 19338.410 GC heap after
Heap after GC invocations=8728 (full 2):
 par new generation   total 153344K, used 609K [0x0000000089400000, 0x0000000093a60000, 0x0000000093a60000)
  eden space 136320K,   0% used [0x0000000089400000, 0x0000000089400000, 0x0000000091920000)
  from space 17024K,   3% used [0x0000000091920000, 0x00000000919b84f0, 0x00000000929c0000)
  to   space 17024K,   0% used [0x00000000929c0000, 0x00000000929c0000, 0x0000000093a60000)
 concurrent mark-sweep generation total 1775232K, used 1434432K [0x0000000093a60000, 0x0000000100000000, 0x0000000100000000)
 Metaspace       used 65104K, capacity 69258K, committed 69408K, reserved 1110016K
  class space    used 8029K, capacity 9017K, committed 9056K, reserved 1048576K
}
Event: 19340.556 GC heap before
{Heap before GC invocations=8728 (full 2):
 par new generation   total 153344K, used 136929K [0x0000000089400000, 0x0000000093a60000, 0x0000000093a60000)
  eden space 136320K, 100% used [0x0000000089400000, 0x0000000091920000, 0x0000000091920000)
  from space 17024K,   3% used [0x0000000091920000, 0x00000000919b84f0, 0x00000000929c0000)
  to   space 17024K,   0% used [0x00000000929c0000, 0x00000000929c0000, 0x0000000093a60000)
 concurrent mark-sweep generation total 1775232K, used 1434432K [0x0000000093a60000, 0x0000000100000000, 0x0000000100000000)
 Metaspace       used 65107K, capacity 69258K, committed 69408K, reserved 1110016K
  class space    used 8029K, capacity 9017K, committed 9056K, reserved 1048576K
Event: 19340.579 GC heap after
Heap after GC invocations=8729 (full 2):
 par new generation   total 153344K, used 680K [0x0000000089400000, 0x0000000093a60000, 0x0000000093a60000)
  eden space 136320K,   0% used [0x0000000089400000, 0x0000000089400000, 0x0000000091920000)
  from space 17024K,   3% used [0x00000000929c0000, 0x0000000092a6a280, 0x0000000093a60000)
  to   space 17024K,   0% used [0x0000000091920000, 0x0000000091920000, 0x00000000929c0000)
 concurrent mark-sweep generation total 1775232K, used 1434438K [0x0000000093a60000, 0x0000000100000000, 0x0000000100000000)
 Metaspace       used 65107K, capacity 69258K, committed 69408K, reserved 1110016K
  class space    used 8029K, capacity 9017K, committed 9056K, reserved 1048576K
}

