# JRE version: OpenJDK Runtime Environment (8.0_191-b12) (build 1.8.0_191-b12)
# Java VM: OpenJDK 64-Bit Server VM (25.191-b12 mixed mode linux-amd64 compressed oops)
Heap:
 par new generation   total 153344K, used 44674K [0x0000000089400000, 0x0000000093a60000, 0x0000000093a60000)
  eden space 136320K,  24% used [0x0000000089400000, 0x000000008b4439a8, 0x0000000091920000)
  from space 17024K,  68% used [0x00000000929c0000, 0x000000009351d188, 0x0000000093a60000)
  to   space 17024K,   0% used [0x0000000091920000, 0x0000000091920000, 0x00000000929c0000)
 concurrent mark-sweep generation total 1775232K, used 1405396K [0x0000000093a60000, 0x0000000100000000, 0x0000000100000000)
 Metaspace       used 64852K, capacity 69258K, committed 69388K, reserved 1110016K
  class space    used 8092K, capacity 9105K, committed 9232K, reserved 1048576K
GC Heap History (250 events):
Event: 2343.333 GC heap before
{Heap before GC invocations=558 (full 2):
 par new generation   total 153344K, used 153344K [0x0000000089400000, 0x0000000093a60000, 0x0000000093a60000)
  eden space 136320K, 100% used [0x0000000089400000, 0x0000000091920000, 0x0000000091920000)
  from space 17024K, 100% used [0x0000000091920000, 0x00000000929c0000, 0x00000000929c0000)
  to   space 17024K,   0% used [0x00000000929c0000, 0x00000000929c0000, 0x0000000093a60000)
 concurrent mark-sweep generation total 1775232K, used 1183388K [0x0000000093a60000, 0x0000000100000000, 0x0000000100000000)
 Metaspace       used 64712K, capacity 69078K, committed 69260K, reserved 1110016K
  class space    used 8090K, capacity 9101K, committed 9104K, reserved 1048576K
Event: 2343.359 GC heap after
Heap after GC invocations=559 (full 2):
 par new generation   total 153344K, used 12743K [0x0000000089400000, 0x0000000093a60000, 0x0000000093a60000)
  eden space 136320K,   0% used [0x0000000089400000, 0x0000000089400000, 0x0000000091920000)
  from space 17024K,  74% used [0x00000000929c0000, 0x0000000093631e58, 0x0000000093a60000)
  to   space 17024K,   0% used [0x0000000091920000, 0x0000000091920000, 0x00000000929c0000)
 concurrent mark-sweep generation total 1775232K, used 1192301K [0x0000000093a60000, 0x0000000100000000, 0x0000000100000000)
 Metaspace       used 64712K, capacity 69078K, committed 69260K, reserved 1110016K
  class space    used 8090K, capacity 9101K, committed 9104K, reserved 1048576K
}
Event: 2348.682 GC heap before
{Heap before GC invocations=559 (full 2):
 par new generation   total 153344K, used 149063K [0x0000000089400000, 0x0000000093a60000, 0x0000000093a60000)
  eden space 136320K, 100% used [0x0000000089400000, 0x0000000091920000, 0x0000000091920000)
  from space 17024K,  74% used [0x00000000929c0000, 0x0000000093631e58, 0x0000000093a60000)
  to   space 17024K,   0% used [0x0000000091920000, 0x0000000091920000, 0x00000000929c0000)
 concurrent mark-sweep generation total 1775232K, used 1192301K [0x0000000093a60000, 0x0000000100000000, 0x0000000100000000)
 Metaspace       used 64712K, capacity 69078K, committed 69260K, reserved 1110016K
  class space    used 8090K, capacity 9101K, committed 9104K, reserved 1048576K
Event: 2348.699 GC heap after
Heap after GC invocations=560 (full 2):
 par new generation   total 153344K, used 12456K [0x0000000089400000, 0x0000000093a60000, 0x0000000093a60000)
  eden space 136320K,   0% used [0x0000000089400000, 0x0000000089400000, 0x0000000091920000)
  from space 17024K,  73% used [0x0000000091920000, 0x000000009254a0a8, 0x00000000929c0000)
  to   space 17024K,   0% used [0x00000000929c0000, 0x00000000929c0000, 0x0000000093a60000)
 concurrent mark-sweep generation total 1775232K, used 1192301K [0x0000000093a60000, 0x0000000100000000, 0x0000000100000000)
 Metaspace       used 64712K, capacity 69078K, committed 69260K, reserved 1110016K
  class space    used 8090K, capacity 9101K, committed 9104K, reserved 1048576K
}
Event: 2355.290 GC heap before
{Heap before GC invocations=560 (full 2):
 par new generation   total 153344K, used 148776K [0x0000000089400000, 0x0000000093a60000, 0x0000000093a60000)
  eden space 136320K, 100% used [0x0000000089400000, 0x0000000091920000, 0x0000000091920000)
  from space 17024K,  73% used [0x0000000091920000, 0x000000009254a0a8, 0x00000000929c0000)
  to   space 17024K,   0% used [0x00000000929c0000, 0x00000000929c0000, 0x0000000093a60000)
 concurrent mark-sweep generation total 1775232K, used 1192301K [0x0000000093a60000, 0x0000000100000000, 0x0000000100000000)
 Metaspace       used 64713K, capacity 69078K, committed 69260K, reserved 1110016K
  class space    used 8090K, capacity 9101K, committed 9104K, reserved 1048576K
Event: 2355.314 GC heap after
Heap after GC invocations=561 (full 2):
 par new generation   total 153344K, used 12500K [0x0000000089400000, 0x0000000093a60000, 0x0000000093a60000)
  eden space 136320K,   0% used [0x0000000089400000, 0x0000000089400000, 0x0000000091920000)
  from space 17024K,  73% used [0x00000000929c0000, 0x00000000935f5178, 0x0000000093a60000)
  to   space 17024K,   0% used [0x0000000091920000, 0x0000000091920000, 0x00000000929c0000)
 concurrent mark-sweep generation total 1775232K, used 1195710K [0x0000000093a60000, 0x0000000100000000, 0x0000000100000000)
 Metaspace       used 64713K, capacity 69078K, committed 69260K, reserved 1110016K
  class space    used 8090K, capacity 9101K, committed 9104K, reserved 1048576K
}
Event: 2360.590 GC heap before
{Heap before GC invocations=561 (full 2):
 par new generation   total 153344K, used 148821K [0x0000000089400000, 0x0000000093a60000, 0x0000000093a60000)
  eden space 136320K, 100% used [0x0000000089400000, 0x0000000091920000, 0x0000000091920000)
  from space 17024K,  73% used [0x00000000929c0000, 0x00000000935f5598, 0x0000000093a60000)
  to   space 17024K,   0% used [0x0000000091920000, 0x0000000091920000, 0x00000000929c0000)
 concurrent mark-sweep generation total 1775232K, used 1195710K [0x0000000093a60000, 0x0000000100000000, 0x0000000100000000)
 Metaspace       used 64713K, capacity 69078K, committed 69260K, reserved 1110016K
  class space    used 8090K, capacity 9101K, committed 9104K, reserved 1048576K
Event: 2360.618 GC heap after
Heap after GC invocations=562 (full 2):
 par new generation   total 153344K, used 17024K [0x0000000089400000, 0x0000000093a60000, 0x0000000093a60000)
  eden space 136320K,   0% used [0x0000000089400000, 0x0000000089400000, 0x0000000091920000)
  from space 17024K, 100% used [0x0000000091920000, 0x00000000929c0000, 0x00000000929c0000)
  to   space 17024K,   0% used [0x00000000929c0000, 0x00000000929c0000, 0x0000000093a60000)
 concurrent mark-sweep generation total 1775232K, used 1201628K [0x0000000093a60000, 0x0000000100000000, 0x0000000100000000)
 Metaspace       used 64713K, capacity 69078K, committed 69260K, reserved 1110016K
  class space    used 8090K, capacity 9101K, committed 9104K, reserved 1048576K
}
Event: 2365.524 GC heap before
{Heap before GC invocations=562 (full 2):
 par new generation   total 153344K, used 153344K [0x0000000089400000, 0x0000000093a60000, 0x0000000093a60000)
  eden space 136320K, 100% used [0x0000000089400000, 0x0000000091920000, 0x0000000091920000)
  from space 17024K, 100% used [0x0000000091920000, 0x00000000929c0000, 0x00000000929c0000)
  to   space 17024K,   0% used [0x00000000929c0000, 0x00000000929c0000, 0x0000000093a60000)
 concurrent mark-sweep generation total 1775232K, used 1201628K [0x0000000093a60000, 0x0000000100000000, 0x0000000100000000)
 Metaspace       used 64713K, capacity 69078K, committed 69260K, reserved 1110016K
  class space    used 8090K, capacity 9101K, committed 9104K, reserved 1048576K
Event: 2365.552 GC heap after
Heap after GC invocations=563 (full 2):
 par new generation   total 153344K, used 17024K [0x0000000089400000, 0x0000000093a60000, 0x0000000093a60000)
  eden space 136320K,   0% used [0x0000000089400000, 0x0000000089400000, 0x0000000091920000)
  from space 17024K, 100% used [0x00000000929c0000, 0x0000000093a60000, 0x0000000093a60000)
  to   space 17024K,   0% used [0x0000000091920000, 0x0000000091920000, 0x00000000929c0000)
 concurrent mark-sweep generation total 1775232K, used 1206417K [0x0000000093a60000, 0x0000000100000000, 0x0000000100000000)
 Metaspace       used 64713K, capacity 69078K, committed 69260K, reserved 1110016K
  class space    used 8090K, capacity 9101K, committed 9104K, reserved 1048576K
}
Event: 2371.056 GC heap before
{Heap before GC invocations=563 (full 2):
 par new generation   total 153344K, used 153344K [0x0000000089400000, 0x0000000093a60000, 0x0000000093a60000)
  eden space 136320K, 100% used [0x0000000089400000, 0x0000000091920000, 0x0000000091920000)
  from space 17024K, 100% used [0x00000000929c0000, 0x0000000093a60000, 0x0000000093a60000)
  to   space 17024K,   0% used [0x0000000091920000, 0x0000000091920000, 0x00000000929c0000)
 concurrent mark-sweep generation total 1775232K, used 1206417K [0x0000000093a60000, 0x0000000100000000, 0x0000000100000000)
 Metaspace       used 64713K, capacity 69078K, committed 69260K, reserved 1110016K
  class space    used 8090K, capacity 9101K, committed 9104K, reserved 1048576K
Event: 2371.097 GC heap after
Heap after GC invocations=564 (full 2):
 par new generation   total 153344K, used 17024K [0x0000000089400000, 0x0000000093a60000, 0x0000000093a60000)
  eden space 136320K,   0% used [0x0000000089400000, 0x0000000089400000, 0x0000000091920000)
  from space 17024K, 100% used [0x0000000091920000, 0x00000000929c0000, 0x00000000929c0000)
  to   space 17024K,   0% used [0x00000000929c0000, 0x00000000929c0000, 0x0000000093a60000)
 concurrent mark-sweep generation total 1775232K, used 1212693K [0x0000000093a60000, 0x0000000100000000, 0x0000000100000000)
 Metaspace       used 64713K, capacity 69078K, committed 69260K, reserved 1110016K
  class space    used 8090K, capacity 9101K, committed 9104K, reserved 1048576K
}
Event: 2377.377 GC heap before
{Heap before GC invocations=564 (full 2):
 par new generation   total 153344K, used 153344K [0x0000000089400000, 0x0000000093a60000, 0x0000000093a60000)
  eden space 136320K, 100% used [0x0000000089400000, 0x0000000091920000, 0x0000000091920000)
  from space 17024K, 100% used [0x0000000091920000, 0x00000000929c0000, 0x00000000929c0000)
  to   space 17024K,   0% used [0x00000000929c0000, 0x00000000929c0000, 0x0000000093a60000)
 concurrent mark-sweep generation total 1775232K, used 1212693K [0x0000000093a60000, 0x0000000100000000, 0x0000000100000000)
 Metaspace       used 64713K, capacity 69078K, committed 69260K, reserved 1110016K
  class space    used 8090K, capacity 9101K, committed 9104K, reserved 1048576K
Event: 2377.407 GC heap after
Heap after GC invocations=565 (full 2):
 par new generation   total 153344K, used 13398K [0x0000000089400000, 0x0000000093a60000, 0x0000000093a60000)
  eden space 136320K,   0% used [0x0000000089400000, 0x0000000089400000, 0x0000000091920000)
  from space 17024K,  78% used [0x00000000929c0000, 0x00000000936d5a90, 0x0000000093a60000)
  to   space 17024K,   0% used [0x0000000091920000, 0x0000000091920000, 0x00000000929c0000)
 concurrent mark-sweep generation total 1775232K, used 1219915K [0x0000000093a60000, 0x0000000100000000, 0x0000000100000000)
 Metaspace       used 64713K, capacity 69078K, committed 69260K, reserved 1110016K
  class space    used 8090K, capacity 9101K, committed 9104K, reserved 1048576K
}
Event: 2383.933 GC heap before
{Heap before GC invocations=565 (full 2):
 par new generation   total 153344K, used 149718K [0x0000000089400000, 0x0000000093a60000, 0x0000000093a60000)
  eden space 136320K, 100% used [0x0000000089400000, 0x0000000091920000, 0x0000000091920000)
  from space 17024K,  78% used [0x00000000929c0000, 0x00000000936d5a90, 0x0000000093a60000)
  to   space 17024K,   0% used [0x0000000091920000, 0x0000000091920000, 0x00000000929c0000)
 concurrent mark-sweep generation total 1775232K, used 1219915K [0x0000000093a60000, 0x0000000100000000, 0x0000000100000000)
 Metaspace       used 64714K, capacity 69078K, committed 69260K, reserved 1110016K
  class space    used 8090K, capacity 9101K, committed 9104K, reserved 1048576K
Event: 2383.959 GC heap after
Heap after GC invocations=566 (full 2):
 par new generation   total 153344K, used 17024K [0x0000000089400000, 0x0000000093a60000, 0x0000000093a60000)
  eden space 136320K,   0% used [0x0000000089400000, 0x0000000089400000, 0x0000000091920000)
  from space 17024K, 100% used [0x0000000091920000, 0x00000000929c0000, 0x00000000929c0000)
  to   space 17024K,   0% used [0x00000000929c0000, 0x00000000929c0000, 0x0000000093a60000)
 concurrent mark-sweep generation total 1775232K, used 1225298K [0x0000000093a60000, 0x0000000100000000, 0x0000000100000000)
 Metaspace       used 64714K, capacity 69078K, committed 69260K, reserved 1110016K
  class space    used 8090K, capacity 9101K, committed 9104K, reserved 1048576K
}
Event: 2389.492 GC heap before
{Heap before GC invocations=566 (full 2):
 par new generation   total 153344K, used 153344K [0x0000000089400000, 0x0000000093a60000, 0x0000000093a60000)
  eden space 136320K, 100% used [0x0000000089400000, 0x0000000091920000, 0x0000000091920000)
  from space 17024K, 100% used [0x0000000091920000, 0x00000000929c0000, 0x00000000929c0000)
  to   space 17024K,   0% used [0x00000000929c0000, 0x00000000929c0000, 0x0000000093a60000)
 concurrent mark-sweep generation total 1775232K, used 1225298K [0x0000000093a60000, 0x0000000100000000, 0x0000000100000000)
 Metaspace       used 64714K, capacity 69078K, committed 69260K, reserved 1110016K
  class space    used 8090K, capacity 9101K, committed 9104K, reserved 1048576K
Event: 2389.521 GC heap after
Heap after GC invocations=567 (full 2):
 par new generation   total 153344K, used 17024K [0x0000000089400000, 0x0000000093a60000, 0x0000000093a60000)
  eden space 136320K,   0% used [0x0000000089400000, 0x0000000089400000, 0x0000000091920000)
  from space 17024K, 100% used [0x00000000929c0000, 0x0000000093a60000, 0x0000000093a60000)
  to   space 17024K,   0% used [0x0000000091920000, 0x0000000091920000, 0x00000000929c0000)
 concurrent mark-sweep generation total 1775232K, used 1230394K [0x0000000093a60000, 0x0000000100000000, 0x0000000100000000)
 Metaspace       used 64714K, capacity 69078K, committed 69260K, reserved 1110016K
  class space    used 8090K, capacity 9101K, committed 9104K, reserved 1048576K
}
Event: 2395.008 GC heap before
{Heap before GC invocations=567 (full 2):
 par new generation   total 153344K, used 153344K [0x0000000089400000, 0x0000000093a60000, 0x0000000093a60000)
  eden space 136320K, 100% used [0x0000000089400000, 0x0000000091920000, 0x0000000091920000)
  from space 17024K, 100% used [0x00000000929c0000, 0x0000000093a60000, 0x0000000093a60000)
  to   space 17024K,   0% used [0x0000000091920000, 0x0000000091920000, 0x00000000929c0000)
 concurrent mark-sweep generation total 1775232K, used 1230394K [0x0000000093a60000, 0x0000000100000000, 0x0000000100000000)
 Metaspace       used 64714K, capacity 69078K, committed 69260K, reserved 1110016K
  class space    used 8090K, capacity 9101K, committed 9104K, reserved 1048576K
Event: 2395.035 GC heap after
Heap after GC invocations=568 (full 2):
 par new generation   total 153344K, used 12058K [0x0000000089400000, 0x0000000093a60000, 0x0000000093a60000)
  eden space 136320K,   0% used [0x0000000089400000, 0x0000000089400000, 0x0000000091920000)
  from space 17024K,  70% used [0x0000000091920000, 0x00000000924e6ac0, 0x00000000929c0000)
  to   space 17024K,   0% used [0x00000000929c0000, 0x00000000929c0000, 0x0000000093a60000)
 concurrent mark-sweep generation total 1775232K, used 1235357K [0x0000000093a60000, 0x0000000100000000, 0x0000000100000000)
 Metaspace       used 64714K, capacity 69078K, committed 69260K, reserved 1110016K
  class space    used 8090K, capacity 9101K, committed 9104K, reserved 1048576K
}
Event: 2400.911 GC heap before
{Heap before GC invocations=568 (full 2):
 par new generation   total 153344K, used 148378K [0x0000000089400000, 0x0000000093a60000, 0x0000000093a60000)
  eden space 136320K, 100% used [0x0000000089400000, 0x0000000091920000, 0x0000000091920000)
  from space 17024K,  70% used [0x0000000091920000, 0x00000000924e6ac0, 0x00000000929c0000)
  to   space 17024K,   0% used [0x00000000929c0000, 0x00000000929c0000, 0x0000000093a60000)
 concurrent mark-sweep generation total 1775232K, used 1235357K [0x0000000093a60000, 0x0000000100000000, 0x0000000100000000)
 Metaspace       used 64714K, capacity 69078K, committed 69260K, reserved 1110016K
  class space    used 8090K, capacity 9101K, committed 9104K, reserved 1048576K
Event: 2400.933 GC heap after
Heap after GC invocations=569 (full 2):
 par new generation   total 153344K, used 11352K [0x0000000089400000, 0x0000000093a60000, 0x0000000093a60000)
  eden space 136320K,   0% used [0x0000000089400000, 0x0000000089400000, 0x0000000091920000)
  from space 17024K,  66% used [0x00000000929c0000, 0x00000000934d6158, 0x0000000093a60000)
  to   space 17024K,   0% used [0x0000000091920000, 0x0000000091920000, 0x00000000929c0000)
 concurrent mark-sweep generation total 1775232K, used 1239364K [0x0000000093a60000, 0x0000000100000000, 0x0000000100000000)
 Metaspace       used 64714K, capacity 69078K, committed 69260K, reserved 1110016K
  class space    used 8090K, capacity 9101K, committed 9104K, reserved 1048576K
}
Event: 2406.109 GC heap before
{Heap before GC invocations=569 (full 2):
 par new generation   total 153344K, used 147672K [0x0000000089400000, 0x0000000093a60000, 0x0000000093a60000)
  eden space 136320K, 100% used [0x0000000089400000, 0x0000000091920000, 0x0000000091920000)
  from space 17024K,  66% used [0x00000000929c0000, 0x00000000934d6158, 0x0000000093a60000)
  to   space 17024K,   0% used [0x0000000091920000, 0x0000000091920000, 0x00000000929c0000)
 concurrent mark-sweep generation total 1775232K, used 1239364K [0x0000000093a60000, 0x0000000100000000, 0x0000000100000000)
 Metaspace       used 64720K, capacity 69078K, committed 69260K, reserved 1110016K
  class space    used 8090K, capacity 9101K, committed 9104K, reserved 1048576K
Event: 2406.126 GC heap after
Heap after GC invocations=570 (full 2):
 par new generation   total 153344K, used 10418K [0x0000000089400000, 0x0000000093a60000, 0x0000000093a60000)
  eden space 136320K,   0% used [0x0000000089400000, 0x0000000089400000, 0x0000000091920000)
  from space 17024K,  61% used [0x0000000091920000, 0x000000009234cbc8, 0x00000000929c0000)
  to   space 17024K,   0% used [0x00000000929c0000, 0x00000000929c0000, 0x0000000093a60000)
 concurrent mark-sweep generation total 1775232K, used 1239364K [0x0000000093a60000, 0x0000000100000000, 0x0000000100000000)
 Metaspace       used 64720K, capacity 69078K, committed 69260K, reserved 1110016K
  class space    used 8090K, capacity 9101K, committed 9104K, reserved 1048576K
}
Event: 2411.861 GC heap before
{Heap before GC invocations=570 (full 2):
 par new generation   total 153344K, used 146738K [0x0000000089400000, 0x0000000093a60000, 0x0000000093a60000)
  eden space 136320K, 100% used [0x0000000089400000, 0x0000000091920000, 0x0000000091920000)
  from space 17024K,  61% used [0x0000000091920000, 0x000000009234cbc8, 0x00000000929c0000)
  to   space 17024K,   0% used [0x00000000929c0000, 0x00000000929c0000, 0x0000000093a60000)
 concurrent mark-sweep generation total 1775232K, used 1239364K [0x0000000093a60000, 0x0000000100000000, 0x0000000100000000)
 Metaspace       used 64723K, capacity 69078K, committed 69260K, reserved 1110016K
  class space    used 8090K, capacity 9101K, committed 9104K, reserved 1048576K
Event: 2411.876 GC heap after
Heap after GC invocations=571 (full 2):
 par new generation   total 153344K, used 9890K [0x0000000089400000, 0x0000000093a60000, 0x0000000093a60000)
  eden space 136320K,   0% used [0x0000000089400000, 0x0000000089400000, 0x0000000091920000)
  from space 17024K,  58% used [0x00000000929c0000, 0x00000000933689c8, 0x0000000093a60000)
  to   space 17024K,   0% used [0x0000000091920000, 0x0000000091920000, 0x00000000929c0000)
 concurrent mark-sweep generation total 1775232K, used 1239364K [0x0000000093a60000, 0x0000000100000000, 0x0000000100000000)
 Metaspace       used 64723K, capacity 69078K, committed 69260K, reserved 1110016K
  class space    used 8090K, capacity 9101K, committed 9104K, reserved 1048576K
}
Event: 2417.364 GC heap before
{Heap before GC invocations=571 (full 2):
 par new generation   total 153344K, used 146210K [0x0000000089400000, 0x0000000093a60000, 0x0000000093a60000)
  eden space 136320K, 100% used [0x0000000089400000, 0x0000000091920000, 0x0000000091920000)
  from space 17024K,  58% used [0x00000000929c0000, 0x00000000933689c8, 0x0000000093a60000)
  to   space 17024K,   0% used [0x0000000091920000, 0x0000000091920000, 0x00000000929c0000)
 concurrent mark-sweep generation total 1775232K, used 1239364K [0x0000000093a60000, 0x0000000100000000, 0x0000000100000000)
 Metaspace       used 64723K, capacity 69078K, committed 69260K, reserved 1110016K
  class space    used 8090K, capacity 9101K, committed 9104K, reserved 1048576K
Event: 2417.382 GC heap after
Heap after GC invocations=572 (full 2):
 par new generation   total 153344K, used 10147K [0x0000000089400000, 0x0000000093a60000, 0x0000000093a60000)
  eden space 136320K,   0% used [0x0000000089400000, 0x0000000089400000, 0x0000000091920000)
  from space 17024K,  59% used [0x0000000091920000, 0x0000000092308ea8, 0x00000000929c0000)
  to   space 17024K,   0% used [0x00000000929c0000, 0x00000000929c0000, 0x0000000093a60000)
 concurrent mark-sweep generation total 1775232K, used 1239364K [0x0000000093a60000, 0x0000000100000000, 0x0000000100000000)
 Metaspace       used 64723K, capacity 69078K, committed 69260K, reserved 1110016K
  class space    used 8090K, capacity 9101K, committed 9104K, reserved 1048576K
}
Event: 2422.919 GC heap before
{Heap before GC invocations=572 (full 2):
 par new generation   total 153344K, used 146467K [0x0000000089400000, 0x0000000093a60000, 0x0000000093a60000)
  eden space 136320K, 100% used [0x0000000089400000, 0x0000000091920000, 0x0000000091920000)
  from space 17024K,  59% used [0x0000000091920000, 0x0000000092308ea8, 0x00000000929c0000)
  to   space 17024K,   0% used [0x00000000929c0000, 0x00000000929c0000, 0x0000000093a60000)
 concurrent mark-sweep generation total 1775232K, used 1239364K [0x0000000093a60000, 0x0000000100000000, 0x0000000100000000)
 Metaspace       used 64723K, capacity 69078K, committed 69260K, reserved 1110016K
  class space    used 8090K, capacity 9101K, committed 9104K, reserved 1048576K
Event: 2422.939 GC heap after
Heap after GC invocations=573 (full 2):
 par new generation   total 153344K, used 11922K [0x0000000089400000, 0x0000000093a60000, 0x0000000093a60000)
  eden space 136320K,   0% used [0x0000000089400000, 0x0000000089400000, 0x0000000091920000)
  from space 17024K,  70% used [0x00000000929c0000, 0x0000000093564ac0, 0x0000000093a60000)
  to   space 17024K,   0% used [0x0000000091920000, 0x0000000091920000, 0x00000000929c0000)
 concurrent mark-sweep generation total 1775232K, used 1239364K [0x0000000093a60000, 0x0000000100000000, 0x0000000100000000)
 Metaspace       used 64723K, capacity 69078K, committed 69260K, reserved 1110016K
  class space    used 8090K, capacity 9101K, committed 9104K, reserved 1048576K
}
Event: 2428.569 GC heap before
{Heap before GC invocations=573 (full 2):
 par new generation   total 153344K, used 148242K [0x0000000089400000, 0x0000000093a60000, 0x0000000093a60000)
  eden space 136320K, 100% used [0x0000000089400000, 0x0000000091920000, 0x0000000091920000)
  from space 17024K,  70% used [0x00000000929c0000, 0x0000000093564ac0, 0x0000000093a60000)
  to   space 17024K,   0% used [0x0000000091920000, 0x0000000091920000, 0x00000000929c0000)
 concurrent mark-sweep generation total 1775232K, used 1239364K [0x0000000093a60000, 0x0000000100000000, 0x0000000100000000)
 Metaspace       used 64723K, capacity 69078K, committed 69260K, reserved 1110016K
  class space    used 8090K, capacity 9101K, committed 9104K, reserved 1048576K
Event: 2428.593 GC heap after
Heap after GC invocations=574 (full 2):
 par new generation   total 153344K, used 8911K [0x0000000089400000, 0x0000000093a60000, 0x0000000093a60000)
  eden space 136320K,   0% used [0x0000000089400000, 0x0000000089400000, 0x0000000091920000)
  from space 17024K,  52% used [0x0000000091920000, 0x00000000921d3e38, 0x00000000929c0000)
  to   space 17024K,   0% used [0x00000000929c0000, 0x00000000929c0000, 0x0000000093a60000)
 concurrent mark-sweep generation total 1775232K, used 1243181K [0x0000000093a60000, 0x0000000100000000, 0x0000000100000000)
 Metaspace       used 64723K, capacity 69078K, committed 69260K, reserved 1110016K
  class space    used 8090K, capacity 9101K, committed 9104K, reserved 1048576K
}
Event: 2434.456 GC heap before
{Heap before GC invocations=574 (full 2):
 par new generation   total 153344K, used 145231K [0x0000000089400000, 0x0000000093a60000, 0x0000000093a60000)
  eden space 136320K, 100% used [0x0000000089400000, 0x0000000091920000, 0x0000000091920000)
  from space 17024K,  52% used [0x0000000091920000, 0x00000000921d3e38, 0x00000000929c0000)
  to   space 17024K,   0% used [0x00000000929c0000, 0x00000000929c0000, 0x0000000093a60000)
 concurrent mark-sweep generation total 1775232K, used 1243181K [0x0000000093a60000, 0x0000000100000000, 0x0000000100000000)
 Metaspace       used 64723K, capacity 69078K, committed 69260K, reserved 1110016K
  class space    used 8090K, capacity 9101K, committed 9104K, reserved 1048576K
Event: 2434.475 GC heap after
Heap after GC invocations=575 (full 2):
 par new generation   total 153344K, used 12017K [0x0000000089400000, 0x0000000093a60000, 0x0000000093a60000)
  eden space 136320K,   0% used [0x0000000089400000, 0x0000000089400000, 0x0000000091920000)
  from space 17024K,  70% used [0x00000000929c0000, 0x000000009357c560, 0x0000000093a60000)
  to   space 17024K,   0% used [0x0000000091920000, 0x0000000091920000, 0x00000000929c0000)
 concurrent mark-sweep generation total 1775232K, used 1244569K [0x0000000093a60000, 0x0000000100000000, 0x0000000100000000)
 Metaspace       used 64723K, capacity 69078K, committed 69260K, reserved 1110016K
  class space    used 8090K, capacity 9101K, committed 9104K, reserved 1048576K
}
Event: 2436.635 GC heap before
{Heap before GC invocations=575 (full 2):
 par new generation   total 153344K, used 148337K [0x0000000089400000, 0x0000000093a60000, 0x0000000093a60000)
  eden space 136320K, 100% used [0x0000000089400000, 0x0000000091920000, 0x0000000091920000)
  from space 17024K,  70% used [0x00000000929c0000, 0x000000009357c560, 0x0000000093a60000)
  to   space 17024K,   0% used [0x0000000091920000, 0x0000000091920000, 0x00000000929c0000)
 concurrent mark-sweep generation total 1775232K, used 1244569K [0x0000000093a60000, 0x0000000100000000, 0x0000000100000000)
 Metaspace       used 64724K, capacity 69078K, committed 69260K, reserved 1110016K
  class space    used 8090K, capacity 9101K, committed 9104K, reserved 1048576K
Event: 2436.692 GC heap after
Heap after GC invocations=576 (full 2):
 par new generation   total 153344K, used 17024K [0x0000000089400000, 0x0000000093a60000, 0x0000000093a60000)
  eden space 136320K,   0% used [0x0000000089400000, 0x0000000089400000, 0x0000000091920000)
  from space 17024K, 100% used [0x0000000091920000, 0x00000000929c0000, 0x00000000929c0000)
  to   space 17024K,   0% used [0x00000000929c0000, 0x00000000929c0000, 0x0000000093a60000)
 concurrent mark-sweep generation total 1775232K, used 1255880K [0x0000000093a60000, 0x0000000100000000, 0x0000000100000000)
 Metaspace       used 64724K, capacity 69078K, committed 69260K, reserved 1110016K
  class space    used 8090K, capacity 9101K, committed 9104K, reserved 1048576K
}
Event: 2441.380 GC heap before
{Heap before GC invocations=576 (full 2):
 par new generation   total 153344K, used 153344K [0x0000000089400000, 0x0000000093a60000, 0x0000000093a60000)
  eden space 136320K, 100% used [0x0000000089400000, 0x0000000091920000, 0x0000000091920000)
  from space 17024K, 100% used [0x0000000091920000, 0x00000000929c0000, 0x00000000929c0000)
  to   space 17024K,   0% used [0x00000000929c0000, 0x00000000929c0000, 0x0000000093a60000)
 concurrent mark-sweep generation total 1775232K, used 1255880K [0x0000000093a60000, 0x0000000100000000, 0x0000000100000000)
 Metaspace       used 64724K, capacity 69078K, committed 69260K, reserved 1110016K
  class space    used 8090K, capacity 9101K, committed 9104K, reserved 1048576K
Event: 2441.408 GC heap after
Heap after GC invocations=577 (full 2):
 par new generation   total 153344K, used 14716K [0x0000000089400000, 0x0000000093a60000, 0x0000000093a60000)
  eden space 136320K,   0% used [0x0000000089400000, 0x0000000089400000, 0x0000000091920000)
  from space 17024K,  86% used [0x00000000929c0000, 0x000000009381f300, 0x0000000093a60000)
  to   space 17024K,   0% used [0x0000000091920000, 0x0000000091920000, 0x00000000929c0000)
 concurrent mark-sweep generation total 1775232K, used 1261475K [0x0000000093a60000, 0x0000000100000000, 0x0000000100000000)
 Metaspace       used 64724K, capacity 69078K, committed 69260K, reserved 1110016K
  class space    used 8090K, capacity 9101K, committed 9104K, reserved 1048576K
}
Event: 2447.678 GC heap before
{Heap before GC invocations=577 (full 2):
 par new generation   total 153344K, used 151036K [0x0000000089400000, 0x0000000093a60000, 0x0000000093a60000)
  eden space 136320K, 100% used [0x0000000089400000, 0x0000000091920000, 0x0000000091920000)
  from space 17024K,  86% used [0x00000000929c0000, 0x000000009381f300, 0x0000000093a60000)
  to   space 17024K,   0% used [0x0000000091920000, 0x0000000091920000, 0x00000000929c0000)
 concurrent mark-sweep generation total 1775232K, used 1261475K [0x0000000093a60000, 0x0000000100000000, 0x0000000100000000)
 Metaspace       used 64726K, capacity 69078K, committed 69260K, reserved 1110016K
  class space    used 8090K, capacity 9101K, committed 9104K, reserved 1048576K
Event: 2447.691 GC heap after
Heap after GC invocations=578 (full 2):
 par new generation   total 153344K, used 4592K [0x0000000089400000, 0x0000000093a60000, 0x0000000093a60000)
  eden space 136320K,   0% used [0x0000000089400000, 0x0000000089400000, 0x0000000091920000)
  from space 17024K,  26% used [0x0000000091920000, 0x0000000091d9c3f0, 0x00000000929c0000)
  to   space 17024K,   0% used [0x00000000929c0000, 0x00000000929c0000, 0x0000000093a60000)
 concurrent mark-sweep generation total 1775232K, used 1261475K [0x0000000093a60000, 0x0000000100000000, 0x0000000100000000)
 Metaspace       used 64726K, capacity 69078K, committed 69260K, reserved 1110016K
  class space    used 8090K, capacity 9101K, committed 9104K, reserved 1048576K
}
Event: 2454.527 GC heap before
{Heap before GC invocations=578 (full 2):
 par new generation   total 153344K, used 140912K [0x0000000089400000, 0x0000000093a60000, 0x0000000093a60000)
  eden space 136320K, 100% used [0x0000000089400000, 0x0000000091920000, 0x0000000091920000)
  from space 17024K,  26% used [0x0000000091920000, 0x0000000091d9c3f0, 0x00000000929c0000)
  to   space 17024K,   0% used [0x00000000929c0000, 0x00000000929c0000, 0x0000000093a60000)
 concurrent mark-sweep generation total 1775232K, used 1261475K [0x0000000093a60000, 0x0000000100000000, 0x0000000100000000)
 Metaspace       used 64731K, capacity 69084K, committed 69260K, reserved 1110016K
  class space    used 8090K, capacity 9102K, committed 9104K, reserved 1048576K
Event: 2454.540 GC heap after
Heap after GC invocations=579 (full 2):
 par new generation   total 153344K, used 5559K [0x0000000089400000, 0x0000000093a60000, 0x0000000093a60000)
  eden space 136320K,   0% used [0x0000000089400000, 0x0000000089400000, 0x0000000091920000)
  from space 17024K,  32% used [0x00000000929c0000, 0x0000000092f2dd00, 0x0000000093a60000)
  to   space 17024K,   0% used [0x0000000091920000, 0x0000000091920000, 0x00000000929c0000)
 concurrent mark-sweep generation total 1775232K, used 1261475K [0x0000000093a60000, 0x0000000100000000, 0x0000000100000000)
 Metaspace       used 64731K, capacity 69084K, committed 69260K, reserved 1110016K
  class space    used 8090K, capacity 9102K, committed 9104K, reserved 1048576K
}
Event: 2461.581 GC heap before
{Heap before GC invocations=579 (full 2):
 par new generation   total 153344K, used 141879K [0x0000000089400000, 0x0000000093a60000, 0x0000000093a60000)
  eden space 136320K, 100% used [0x0000000089400000, 0x0000000091920000, 0x0000000091920000)
  from space 17024K,  32% used [0x00000000929c0000, 0x0000000092f2dd00, 0x0000000093a60000)
  to   space 17024K,   0% used [0x0000000091920000, 0x0000000091920000, 0x00000000929c0000)
 concurrent mark-sweep generation total 1775232K, used 1261475K [0x0000000093a60000, 0x0000000100000000, 0x0000000100000000)
 Metaspace       used 64731K, capacity 69084K, committed 69260K, reserved 1110016K
  class space    used 8090K, capacity 9102K, committed 9104K, reserved 1048576K
Event: 2461.594 GC heap after
Heap after GC invocations=580 (full 2):
 par new generation   total 153344K, used 5276K [0x0000000089400000, 0x0000000093a60000, 0x0000000093a60000)
  eden space 136320K,   0% used [0x0000000089400000, 0x0000000089400000, 0x0000000091920000)
  from space 17024K,  30% used [0x0000000091920000, 0x0000000091e47310, 0x00000000929c0000)
  to   space 17024K,   0% used [0x00000000929c0000, 0x00000000929c0000, 0x0000000093a60000)
 concurrent mark-sweep generation total 1775232K, used 1261475K [0x0000000093a60000, 0x0000000100000000, 0x0000000100000000)
 Metaspace       used 64731K, capacity 69084K, committed 69260K, reserved 1110016K
  class space    used 8090K, capacity 9102K, committed 9104K, reserved 1048576K
}
Event: 2467.391 GC heap before
{Heap before GC invocations=580 (full 2):
 par new generation   total 153344K, used 141596K [0x0000000089400000, 0x0000000093a60000, 0x0000000093a60000)
  eden space 136320K, 100% used [0x0000000089400000, 0x0000000091920000, 0x0000000091920000)
  from space 17024K,  30% used [0x0000000091920000, 0x0000000091e47310, 0x00000000929c0000)
  to   space 17024K,   0% used [0x00000000929c0000, 0x00000000929c0000, 0x0000000093a60000)
 concurrent mark-sweep generation total 1775232K, used 1261475K [0x0000000093a60000, 0x0000000100000000, 0x0000000100000000)
 Metaspace       used 64734K, capacity 69084K, committed 69260K, reserved 1110016K
  class space    used 8090K, capacity 9102K, committed 9104K, reserved 1048576K
Event: 2467.413 GC heap after
Heap after GC invocations=581 (full 2):
 par new generation   total 153344K, used 10766K [0x0000000089400000, 0x0000000093a60000, 0x0000000093a60000)
  eden space 136320K,   0% used [0x0000000089400000, 0x0000000089400000, 0x0000000091920000)
  from space 17024K,  63% used [0x00000000929c0000, 0x0000000093443af0, 0x0000000093a60000)
  to   space 17024K,   0% used [0x0000000091920000, 0x0000000091920000, 0x00000000929c0000)
 concurrent mark-sweep generation total 1775232K, used 1261475K [0x0000000093a60000, 0x0000000100000000, 0x0000000100000000)
 Metaspace       used 64734K, capacity 69084K, committed 69260K, reserved 1110016K
  class space    used 8090K, capacity 9102K, committed 9104K, reserved 1048576K
}
Event: 2473.653 GC heap before
{Heap before GC invocations=581 (full 2):
 par new generation   total 153344K, used 147086K [0x0000000089400000, 0x0000000093a60000, 0x0000000093a60000)
  eden space 136320K, 100% used [0x0000000089400000, 0x0000000091920000, 0x0000000091920000)
  from space 17024K,  63% used [0x00000000929c0000, 0x0000000093443af0, 0x0000000093a60000)
  to   space 17024K,   0% used [0x0000000091920000, 0x0000000091920000, 0x00000000929c0000)
 concurrent mark-sweep generation total 1775232K, used 1261475K [0x0000000093a60000, 0x0000000100000000, 0x0000000100000000)
 Metaspace       used 64734K, capacity 69084K, committed 69260K, reserved 1110016K
  class space    used 8090K, capacity 9102K, committed 9104K, reserved 1048576K
Event: 2473.671 GC heap after
Heap after GC invocations=582 (full 2):
 par new generation   total 153344K, used 7153K [0x0000000089400000, 0x0000000093a60000, 0x0000000093a60000)
  eden space 136320K,   0% used [0x0000000089400000, 0x0000000089400000, 0x0000000091920000)
  from space 17024K,  42% used [0x0000000091920000, 0x000000009201c4c8, 0x00000000929c0000)
  to   space 17024K,   0% used [0x00000000929c0000, 0x00000000929c0000, 0x0000000093a60000)
 concurrent mark-sweep generation total 1775232K, used 1264654K [0x0000000093a60000, 0x0000000100000000, 0x0000000100000000)
 Metaspace       used 64734K, capacity 69084K, committed 69260K, reserved 1110016K
  class space    used 8090K, capacity 9102K, committed 9104K, reserved 1048576K
}
Event: 2479.753 GC heap before
{Heap before GC invocations=582 (full 2):
 par new generation   total 153344K, used 143473K [0x0000000089400000, 0x0000000093a60000, 0x0000000093a60000)
  eden space 136320K, 100% used [0x0000000089400000, 0x0000000091920000, 0x0000000091920000)
  from space 17024K,  42% used [0x0000000091920000, 0x000000009201c4c8, 0x00000000929c0000)
  to   space 17024K,   0% used [0x00000000929c0000, 0x00000000929c0000, 0x0000000093a60000)
 concurrent mark-sweep generation total 1775232K, used 1264654K [0x0000000093a60000, 0x0000000100000000, 0x0000000100000000)
 Metaspace       used 64734K, capacity 69084K, committed 69260K, reserved 1110016K
  class space    used 8090K, capacity 9102K, committed 9104K, reserved 1048576K
Event: 2479.769 GC heap after
Heap after GC invocations=583 (full 2):
 par new generation   total 153344K, used 3831K [0x0000000089400000, 0x0000000093a60000, 0x0000000093a60000)
  eden space 136320K,   0% used [0x0000000089400000, 0x0000000089400000, 0x0000000091920000)
  from space 17024K,  22% used [0x00000000929c0000, 0x0000000092d7de50, 0x0000000093a60000)
  to   space 17024K,   0% used [0x0000000091920000, 0x0000000091920000, 0x00000000929c0000)
 concurrent mark-sweep generation total 1775232K, used 1264654K [0x0000000093a60000, 0x0000000100000000, 0x0000000100000000)
 Metaspace       used 64734K, capacity 69084K, committed 69260K, reserved 1110016K
  class space    used 8090K, capacity 9102K, committed 9104K, reserved 1048576K
}
Event: 2485.569 GC heap before
{Heap before GC invocations=583 (full 2):
 par new generation   total 153344K, used 140151K [0x0000000089400000, 0x0000000093a60000, 0x0000000093a60000)
  eden space 136320K, 100% used [0x0000000089400000, 0x0000000091920000, 0x0000000091920000)
  from space 17024K,  22% used [0x00000000929c0000, 0x0000000092d7de50, 0x0000000093a60000)
  to   space 17024K,   0% used [0x0000000091920000, 0x0000000091920000, 0x00000000929c0000)
 concurrent mark-sweep generation total 1775232K, used 1264654K [0x0000000093a60000, 0x0000000100000000, 0x0000000100000000)
 Metaspace       used 64740K, capacity 69088K, committed 69260K, reserved 1110016K
  class space    used 8090K, capacity 9102K, committed 9104K, reserved 1048576K
Event: 2485.585 GC heap after
Heap after GC invocations=584 (full 2):
 par new generation   total 153344K, used 11226K [0x0000000089400000, 0x0000000093a60000, 0x0000000093a60000)
  eden space 136320K,   0% used [0x0000000089400000, 0x0000000089400000, 0x0000000091920000)
  from space 17024K,  65% used [0x0000000091920000, 0x0000000092416a58, 0x00000000929c0000)
  to   space 17024K,   0% used [0x00000000929c0000, 0x00000000929c0000, 0x0000000093a60000)
 concurrent mark-sweep generation total 1775232K, used 1264854K [0x0000000093a60000, 0x0000000100000000, 0x0000000100000000)
 Metaspace       used 64740K, capacity 69088K, committed 69260K, reserved 1110016K
  class space    used 8090K, capacity 9102K, committed 9104K, reserved 1048576K
}
Event: 2488.290 GC heap before
{Heap before GC invocations=584 (full 2):
 par new generation   total 153344K, used 147546K [0x0000000089400000, 0x0000000093a60000, 0x0000000093a60000)
  eden space 136320K, 100% used [0x0000000089400000, 0x0000000091920000, 0x0000000091920000)
  from space 17024K,  65% used [0x0000000091920000, 0x0000000092416a58, 0x00000000929c0000)
  to   space 17024K,   0% used [0x00000000929c0000, 0x00000000929c0000, 0x0000000093a60000)
 concurrent mark-sweep generation total 1775232K, used 1264854K [0x0000000093a60000, 0x0000000100000000, 0x0000000100000000)
 Metaspace       used 64759K, capacity 69152K, committed 69260K, reserved 1110016K
  class space    used 8090K, capacity 9102K, committed 9104K, reserved 1048576K
Event: 2488.315 GC heap after
Heap after GC invocations=585 (full 2):
 par new generation   total 153344K, used 16586K [0x0000000089400000, 0x0000000093a60000, 0x0000000093a60000)
  eden space 136320K,   0% used [0x0000000089400000, 0x0000000089400000, 0x0000000091920000)
  from space 17024K,  97% used [0x00000000929c0000, 0x00000000939f28d8, 0x0000000093a60000)
  to   space 17024K,   0% used [0x0000000091920000, 0x0000000091920000, 0x00000000929c0000)
 concurrent mark-sweep generation total 1775232K, used 1268016K [0x0000000093a60000, 0x0000000100000000, 0x0000000100000000)
 Metaspace       used 64759K, capacity 69152K, committed 69260K, reserved 1110016K
  class space    used 8090K, capacity 9102K, committed 9104K, reserved 1048576K
}
Event: 2493.745 GC heap before
{Heap before GC invocations=585 (full 2):
 par new generation   total 153344K, used 152955K [0x0000000089400000, 0x0000000093a60000, 0x0000000093a60000)
  eden space 136320K, 100% used [0x0000000089400000, 0x0000000091920000, 0x0000000091920000)
  from space 17024K,  97% used [0x00000000929c0000, 0x00000000939fef90, 0x0000000093a60000)
  to   space 17024K,   0% used [0x0000000091920000, 0x0000000091920000, 0x00000000929c0000)
 concurrent mark-sweep generation total 1775232K, used 1268016K [0x0000000093a60000, 0x0000000100000000, 0x0000000100000000)
 Metaspace       used 64767K, capacity 69164K, committed 69260K, reserved 1110016K
  class space    used 8091K, capacity 9104K, committed 9104K, reserved 1048576K
Event: 2493.769 GC heap after
Heap after GC invocations=586 (full 2):
 par new generation   total 153344K, used 9913K [0x0000000089400000, 0x0000000093a60000, 0x0000000093a60000)
  eden space 136320K,   0% used [0x0000000089400000, 0x0000000089400000, 0x0000000091920000)
  from space 17024K,  58% used [0x0000000091920000, 0x00000000922ce5c8, 0x00000000929c0000)
  to   space 17024K,   0% used [0x00000000929c0000, 0x00000000929c0000, 0x0000000093a60000)
 concurrent mark-sweep generation total 1775232K, used 1275462K [0x0000000093a60000, 0x0000000100000000, 0x0000000100000000)
 Metaspace       used 64767K, capacity 69164K, committed 69260K, reserved 1110016K
  class space    used 8091K, capacity 9104K, committed 9104K, reserved 1048576K
}
Event: 2499.459 GC heap before
{Heap before GC invocations=586 (full 2):
 par new generation   total 153344K, used 146233K [0x0000000089400000, 0x0000000093a60000, 0x0000000093a60000)
  eden space 136320K, 100% used [0x0000000089400000, 0x0000000091920000, 0x0000000091920000)
  from space 17024K,  58% used [0x0000000091920000, 0x00000000922ce5c8, 0x00000000929c0000)
  to   space 17024K,   0% used [0x00000000929c0000, 0x00000000929c0000, 0x0000000093a60000)
 concurrent mark-sweep generation total 1775232K, used 1275462K [0x0000000093a60000, 0x0000000100000000, 0x0000000100000000)
 Metaspace       used 64767K, capacity 69164K, committed 69260K, reserved 1110016K
  class space    used 8091K, capacity 9104K, committed 9104K, reserved 1048576K
Event: 2499.470 GC heap after
Heap after GC invocations=587 (full 2):
 par new generation   total 153344K, used 6270K [0x0000000089400000, 0x0000000093a60000, 0x0000000093a60000)
  eden space 136320K,   0% used [0x0000000089400000, 0x0000000089400000, 0x0000000091920000)
  from space 17024K,  36% used [0x00000000929c0000, 0x0000000092fdfad8, 0x0000000093a60000)
  to   space 17024K,   0% used [0x0000000091920000, 0x0000000091920000, 0x00000000929c0000)
 concurrent mark-sweep generation total 1775232K, used 1275462K [0x0000000093a60000, 0x0000000100000000, 0x0000000100000000)
 Metaspace       used 64767K, capacity 69164K, committed 69260K, reserved 1110016K
  class space    used 8091K, capacity 9104K, committed 9104K, reserved 1048576K
}
Event: 2504.813 GC heap before
{Heap before GC invocations=587 (full 2):
 par new generation   total 153344K, used 142590K [0x0000000089400000, 0x0000000093a60000, 0x0000000093a60000)
  eden space 136320K, 100% used [0x0000000089400000, 0x0000000091920000, 0x0000000091920000)
  from space 17024K,  36% used [0x00000000929c0000, 0x0000000092fdfad8, 0x0000000093a60000)
  to   space 17024K,   0% used [0x0000000091920000, 0x0000000091920000, 0x00000000929c0000)
 concurrent mark-sweep generation total 1775232K, used 1275462K [0x0000000093a60000, 0x0000000100000000, 0x0000000100000000)
 Metaspace       used 64767K, capacity 69164K, committed 69260K, reserved 1110016K
  class space    used 8091K, capacity 9104K, committed 9104K, reserved 1048576K
Event: 2504.826 GC heap after
Heap after GC invocations=588 (full 2):
 par new generation   total 153344K, used 8430K [0x0000000089400000, 0x0000000093a60000, 0x0000000093a60000)
  eden space 136320K,   0% used [0x0000000089400000, 0x0000000089400000, 0x0000000091920000)
  from space 17024K,  49% used [0x0000000091920000, 0x000000009215b9d0, 0x00000000929c0000)
  to   space 17024K,   0% used [0x00000000929c0000, 0x00000000929c0000, 0x0000000093a60000)
 concurrent mark-sweep generation total 1775232K, used 1275462K [0x0000000093a60000, 0x0000000100000000, 0x0000000100000000)
 Metaspace       used 64767K, capacity 69164K, committed 69260K, reserved 1110016K
  class space    used 8091K, capacity 9104K, committed 9104K, reserved 1048576K
}
Event: 2507.111 GC heap before
{Heap before GC invocations=588 (full 2):
 par new generation   total 153344K, used 144750K [0x0000000089400000, 0x0000000093a60000, 0x0000000093a60000)
  eden space 136320K, 100% used [0x0000000089400000, 0x0000000091920000, 0x0000000091920000)
  from space 17024K,  49% used [0x0000000091920000, 0x000000009215b9d0, 0x00000000929c0000)
  to   space 17024K,   0% used [0x00000000929c0000, 0x00000000929c0000, 0x0000000093a60000)
 concurrent mark-sweep generation total 1775232K, used 1275462K [0x0000000093a60000, 0x0000000100000000, 0x0000000100000000)
 Metaspace       used 64770K, capacity 69164K, committed 69260K, reserved 1110016K
  class space    used 8091K, capacity 9104K, committed 9104K, reserved 1048576K
Event: 2507.125 GC heap after
Heap after GC invocations=589 (full 2):
 par new generation   total 153344K, used 12032K [0x0000000089400000, 0x0000000093a60000, 0x0000000093a60000)
  eden space 136320K,   0% used [0x0000000089400000, 0x0000000089400000, 0x0000000091920000)
  from space 17024K,  70% used [0x00000000929c0000, 0x00000000935802e8, 0x0000000093a60000)
  to   space 17024K,   0% used [0x0000000091920000, 0x0000000091920000, 0x00000000929c0000)
 concurrent mark-sweep generation total 1775232K, used 1275462K [0x0000000093a60000, 0x0000000100000000, 0x0000000100000000)
 Metaspace       used 64770K, capacity 69164K, committed 69260K, reserved 1110016K
  class space    used 8091K, capacity 9104K, committed 9104K, reserved 1048576K
}
Event: 2508.800 GC heap before
{Heap before GC invocations=589 (full 2):
 par new generation   total 153344K, used 148352K [0x0000000089400000, 0x0000000093a60000, 0x0000000093a60000)
  eden space 136320K, 100% used [0x0000000089400000, 0x0000000091920000, 0x0000000091920000)
  from space 17024K,  70% used [0x00000000929c0000, 0x00000000935802e8, 0x0000000093a60000)
  to   space 17024K,   0% used [0x0000000091920000, 0x0000000091920000, 0x00000000929c0000)
 concurrent mark-sweep generation total 1775232K, used 1275462K [0x0000000093a60000, 0x0000000100000000, 0x0000000100000000)
 Metaspace       used 64771K, capacity 69164K, committed 69260K, reserved 1110016K
  class space    used 8091K, capacity 9104K, committed 9104K, reserved 1048576K
Event: 2508.814 GC heap after
Heap after GC invocations=590 (full 2):
 par new generation   total 153344K, used 14916K [0x0000000089400000, 0x0000000093a60000, 0x0000000093a60000)
  eden space 136320K,   0% used [0x0000000089400000, 0x0000000089400000, 0x0000000091920000)
  from space 17024K,  87% used [0x0000000091920000, 0x00000000927b10b8, 0x00000000929c0000)
  to   space 17024K,   0% used [0x00000000929c0000, 0x00000000929c0000, 0x0000000093a60000)
 concurrent mark-sweep generation total 1775232K, used 1275462K [0x0000000093a60000, 0x0000000100000000, 0x0000000100000000)
 Metaspace       used 64771K, capacity 69164K, committed 69260K, reserved 1110016K
  class space    used 8091K, capacity 9104K, committed 9104K, reserved 1048576K
}
Event: 2510.373 GC heap before
{Heap before GC invocations=590 (full 2):
 par new generation   total 153344K, used 151236K [0x0000000089400000, 0x0000000093a60000, 0x0000000093a60000)
  eden space 136320K, 100% used [0x0000000089400000, 0x0000000091920000, 0x0000000091920000)
  from space 17024K,  87% used [0x0000000091920000, 0x00000000927b10b8, 0x00000000929c0000)
  to   space 17024K,   0% used [0x00000000929c0000, 0x00000000929c0000, 0x0000000093a60000)
 concurrent mark-sweep generation total 1775232K, used 1275462K [0x0000000093a60000, 0x0000000100000000, 0x0000000100000000)
 Metaspace       used 64771K, capacity 69164K, committed 69260K, reserved 1110016K
  class space    used 8091K, capacity 9104K, committed 9104K, reserved 1048576K
Event: 2510.388 GC heap after
Heap after GC invocations=591 (full 2):
 par new generation   total 153344K, used 8757K [0x0000000089400000, 0x0000000093a60000, 0x0000000093a60000)
  eden space 136320K,   0% used [0x0000000089400000, 0x0000000089400000, 0x0000000091920000)
  from space 17024K,  51% used [0x00000000929c0000, 0x000000009324d550, 0x0000000093a60000)
  to   space 17024K,   0% used [0x0000000091920000, 0x0000000091920000, 0x00000000929c0000)
 concurrent mark-sweep generation total 1775232K, used 1277413K [0x0000000093a60000, 0x0000000100000000, 0x0000000100000000)
 Metaspace       used 64771K, capacity 69164K, committed 69260K, reserved 1110016K
  class space    used 8091K, capacity 9104K, committed 9104K, reserved 1048576K
}
Event: 2511.685 GC heap before
{Heap before GC invocations=591 (full 2):
 par new generation   total 153344K, used 145077K [0x0000000089400000, 0x0000000093a60000, 0x0000000093a60000)
  eden space 136320K, 100% used [0x0000000089400000, 0x0000000091920000, 0x0000000091920000)
  from space 17024K,  51% used [0x00000000929c0000, 0x000000009324d550, 0x0000000093a60000)
  to   space 17024K,   0% used [0x0000000091920000, 0x0000000091920000, 0x00000000929c0000)
 concurrent mark-sweep generation total 1775232K, used 1277413K [0x0000000093a60000, 0x0000000100000000, 0x0000000100000000)
 Metaspace       used 64773K, capacity 69168K, committed 69260K, reserved 1110016K
  class space    used 8091K, capacity 9104K, committed 9104K, reserved 1048576K
Event: 2511.699 GC heap after
Heap after GC invocations=592 (full 2):
 par new generation   total 153344K, used 15228K [0x0000000089400000, 0x0000000093a60000, 0x0000000093a60000)
  eden space 136320K,   0% used [0x0000000089400000, 0x0000000089400000, 0x0000000091920000)
  from space 17024K,  89% used [0x0000000091920000, 0x00000000927ff1b8, 0x00000000929c0000)
  to   space 17024K,   0% used [0x00000000929c0000, 0x00000000929c0000, 0x0000000093a60000)
 concurrent mark-sweep generation total 1775232K, used 1277413K [0x0000000093a60000, 0x0000000100000000, 0x0000000100000000)
 Metaspace       used 64773K, capacity 69168K, committed 69260K, reserved 1110016K
  class space    used 8091K, capacity 9104K, committed 9104K, reserved 1048576K
}
Event: 2513.074 GC heap before
{Heap before GC invocations=592 (full 2):
 par new generation   total 153344K, used 151548K [0x0000000089400000, 0x0000000093a60000, 0x0000000093a60000)
  eden space 136320K, 100% used [0x0000000089400000, 0x0000000091920000, 0x0000000091920000)
  from space 17024K,  89% used [0x0000000091920000, 0x00000000927ff1b8, 0x00000000929c0000)
  to   space 17024K,   0% used [0x00000000929c0000, 0x00000000929c0000, 0x0000000093a60000)
 concurrent mark-sweep generation total 1775232K, used 1277413K [0x0000000093a60000, 0x0000000100000000, 0x0000000100000000)
 Metaspace       used 64773K, capacity 69168K, committed 69260K, reserved 1110016K
  class space    used 8091K, capacity 9104K, committed 9104K, reserved 1048576K
Event: 2513.102 GC heap after
Heap after GC invocations=593 (full 2):
 par new generation   total 153344K, used 10022K [0x0000000089400000, 0x0000000093a60000, 0x0000000093a60000)
  eden space 136320K,   0% used [0x0000000089400000, 0x0000000089400000, 0x0000000091920000)
  from space 17024K,  58% used [0x00000000929c0000, 0x00000000933899c8, 0x0000000093a60000)
  to   space 17024K,   0% used [0x0000000091920000, 0x0000000091920000, 0x00000000929c0000)
 concurrent mark-sweep generation total 1775232K, used 1279606K [0x0000000093a60000, 0x0000000100000000, 0x0000000100000000)
 Metaspace       used 64773K, capacity 69168K, committed 69260K, reserved 1110016K
  class space    used 8091K, capacity 9104K, committed 9104K, reserved 1048576K
}
Event: 2514.494 GC heap before
{Heap before GC invocations=593 (full 2):
 par new generation   total 153344K, used 146342K [0x0000000089400000, 0x0000000093a60000, 0x0000000093a60000)
  eden space 136320K, 100% used [0x0000000089400000, 0x0000000091920000, 0x0000000091920000)
  from space 17024K,  58% used [0x00000000929c0000, 0x00000000933899c8, 0x0000000093a60000)
  to   space 17024K,   0% used [0x0000000091920000, 0x0000000091920000, 0x00000000929c0000)
 concurrent mark-sweep generation total 1775232K, used 1279606K [0x0000000093a60000, 0x0000000100000000, 0x0000000100000000)
 Metaspace       used 64774K, capacity 69168K, committed 69260K, reserved 1110016K
  class space    used 8091K, capacity 9104K, committed 9104K, reserved 1048576K
Event: 2514.510 GC heap after
Heap after GC invocations=594 (full 2):
 par new generation   total 153344K, used 9965K [0x0000000089400000, 0x0000000093a60000, 0x0000000093a60000)
  eden space 136320K,   0% used [0x0000000089400000, 0x0000000089400000, 0x0000000091920000)
  from space 17024K,  58% used [0x0000000091920000, 0x00000000922db440, 0x00000000929c0000)
  to   space 17024K,   0% used [0x00000000929c0000, 0x00000000929c0000, 0x0000000093a60000)
 concurrent mark-sweep generation total 1775232K, used 1280899K [0x0000000093a60000, 0x0000000100000000, 0x0000000100000000)
 Metaspace       used 64774K, capacity 69168K, committed 69260K, reserved 1110016K
  class space    used 8091K, capacity 9104K, committed 9104K, reserved 1048576K
}
Event: 2516.446 GC heap before
{Heap before GC invocations=594 (full 2):
 par new generation   total 153344K, used 146285K [0x0000000089400000, 0x0000000093a60000, 0x0000000093a60000)
  eden space 136320K, 100% used [0x0000000089400000, 0x0000000091920000, 0x0000000091920000)
  from space 17024K,  58% used [0x0000000091920000, 0x00000000922db440, 0x00000000929c0000)
  to   space 17024K,   0% used [0x00000000929c0000, 0x00000000929c0000, 0x0000000093a60000)
 concurrent mark-sweep generation total 1775232K, used 1280899K [0x0000000093a60000, 0x0000000100000000, 0x0000000100000000)
 Metaspace       used 64775K, capacity 69168K, committed 69260K, reserved 1110016K
  class space    used 8091K, capacity 9104K, committed 9104K, reserved 1048576K
Event: 2516.459 GC heap after
Heap after GC invocations=595 (full 2):
 par new generation   total 153344K, used 6587K [0x0000000089400000, 0x0000000093a60000, 0x0000000093a60000)
  eden space 136320K,   0% used [0x0000000089400000, 0x0000000089400000, 0x0000000091920000)
  from space 17024K,  38% used [0x00000000929c0000, 0x000000009302ef20, 0x0000000093a60000)
  to   space 17024K,   0% used [0x0000000091920000, 0x0000000091920000, 0x00000000929c0000)
 concurrent mark-sweep generation total 1775232K, used 1282274K [0x0000000093a60000, 0x0000000100000000, 0x0000000100000000)
 Metaspace       used 64775K, capacity 69168K, committed 69260K, reserved 1110016K
  class space    used 8091K, capacity 9104K, committed 9104K, reserved 1048576K
}
Event: 2519.591 GC heap before
{Heap before GC invocations=595 (full 2):
 par new generation   total 153344K, used 142907K [0x0000000089400000, 0x0000000093a60000, 0x0000000093a60000)
  eden space 136320K, 100% used [0x0000000089400000, 0x0000000091920000, 0x0000000091920000)
  from space 17024K,  38% used [0x00000000929c0000, 0x000000009302ef20, 0x0000000093a60000)
  to   space 17024K,   0% used [0x0000000091920000, 0x0000000091920000, 0x00000000929c0000)
 concurrent mark-sweep generation total 1775232K, used 1282274K [0x0000000093a60000, 0x0000000100000000, 0x0000000100000000)
 Metaspace       used 64775K, capacity 69168K, committed 69260K, reserved 1110016K
  class space    used 8091K, capacity 9104K, committed 9104K, reserved 1048576K
Event: 2519.604 GC heap after
Heap after GC invocations=596 (full 2):
 par new generation   total 153344K, used 4907K [0x0000000089400000, 0x0000000093a60000, 0x0000000093a60000)
  eden space 136320K,   0% used [0x0000000089400000, 0x0000000089400000, 0x0000000091920000)
  from space 17024K,  28% used [0x0000000091920000, 0x0000000091deace0, 0x00000000929c0000)
  to   space 17024K,   0% used [0x00000000929c0000, 0x00000000929c0000, 0x0000000093a60000)
 concurrent mark-sweep generation total 1775232K, used 1283444K [0x0000000093a60000, 0x0000000100000000, 0x0000000100000000)
 Metaspace       used 64775K, capacity 69168K, committed 69260K, reserved 1110016K
  class space    used 8091K, capacity 9104K, committed 9104K, reserved 1048576K
}
Event: 2522.743 GC heap before
{Heap before GC invocations=596 (full 2):
 par new generation   total 153344K, used 141227K [0x0000000089400000, 0x0000000093a60000, 0x0000000093a60000)
  eden space 136320K, 100% used [0x0000000089400000, 0x0000000091920000, 0x0000000091920000)
  from space 17024K,  28% used [0x0000000091920000, 0x0000000091deace0, 0x00000000929c0000)
  to   space 17024K,   0% used [0x00000000929c0000, 0x00000000929c0000, 0x0000000093a60000)
 concurrent mark-sweep generation total 1775232K, used 1283444K [0x0000000093a60000, 0x0000000100000000, 0x0000000100000000)
 Metaspace       used 64775K, capacity 69172K, committed 69260K, reserved 1110016K
  class space    used 8091K, capacity 9104K, committed 9104K, reserved 1048576K
Event: 2522.753 GC heap after
Heap after GC invocations=597 (full 2):
 par new generation   total 153344K, used 3135K [0x0000000089400000, 0x0000000093a60000, 0x0000000093a60000)
  eden space 136320K,   0% used [0x0000000089400000, 0x0000000089400000, 0x0000000091920000)
  from space 17024K,  18% used [0x00000000929c0000, 0x0000000092ccfde0, 0x0000000093a60000)
  to   space 17024K,   0% used [0x0000000091920000, 0x0000000091920000, 0x00000000929c0000)
 concurrent mark-sweep generation total 1775232K, used 1283519K [0x0000000093a60000, 0x0000000100000000, 0x0000000100000000)
 Metaspace       used 64775K, capacity 69172K, committed 69260K, reserved 1110016K
  class space    used 8091K, capacity 9104K, committed 9104K, reserved 1048576K
}
Event: 2525.990 GC heap before
{Heap before GC invocations=597 (full 2):
 par new generation   total 153344K, used 139455K [0x0000000089400000, 0x0000000093a60000, 0x0000000093a60000)
  eden space 136320K, 100% used [0x0000000089400000, 0x0000000091920000, 0x0000000091920000)
  from space 17024K,  18% used [0x00000000929c0000, 0x0000000092ccfde0, 0x0000000093a60000)
  to   space 17024K,   0% used [0x0000000091920000, 0x0000000091920000, 0x00000000929c0000)
 concurrent mark-sweep generation total 1775232K, used 1283519K [0x0000000093a60000, 0x0000000100000000, 0x0000000100000000)
 Metaspace       used 64775K, capacity 69172K, committed 69260K, reserved 1110016K
  class space    used 8091K, capacity 9104K, committed 9104K, reserved 1048576K
Event: 2526.000 GC heap after
Heap after GC invocations=598 (full 2):
 par new generation   total 153344K, used 2176K [0x0000000089400000, 0x0000000093a60000, 0x0000000093a60000)
  eden space 136320K,   0% used [0x0000000089400000, 0x0000000089400000, 0x0000000091920000)
  from space 17024K,  12% used [0x0000000091920000, 0x0000000091b400c0, 0x00000000929c0000)
  to   space 17024K,   0% used [0x00000000929c0000, 0x00000000929c0000, 0x0000000093a60000)
 concurrent mark-sweep generation total 1775232K, used 1284436K [0x0000000093a60000, 0x0000000100000000, 0x0000000100000000)
 Metaspace       used 64775K, capacity 69172K, committed 69260K, reserved 1110016K
  class space    used 8091K, capacity 9104K, committed 9104K, reserved 1048576K
}
Event: 2529.142 GC heap before
{Heap before GC invocations=598 (full 2):
 par new generation   total 153344K, used 138496K [0x0000000089400000, 0x0000000093a60000, 0x0000000093a60000)
  eden space 136320K, 100% used [0x0000000089400000, 0x0000000091920000, 0x0000000091920000)
  from space 17024K,  12% used [0x0000000091920000, 0x0000000091b400c0, 0x00000000929c0000)
  to   space 17024K,   0% used [0x00000000929c0000, 0x00000000929c0000, 0x0000000093a60000)
 concurrent mark-sweep generation total 1775232K, used 1284436K [0x0000000093a60000, 0x0000000100000000, 0x0000000100000000)
 Metaspace       used 64775K, capacity 69172K, committed 69260K, reserved 1110016K
  class space    used 8091K, capacity 9104K, committed 9104K, reserved 1048576K
Event: 2529.151 GC heap after
Heap after GC invocations=599 (full 2):
 par new generation   total 153344K, used 1529K [0x0000000089400000, 0x0000000093a60000, 0x0000000093a60000)
  eden space 136320K,   0% used [0x0000000089400000, 0x0000000089400000, 0x0000000091920000)
  from space 17024K,   8% used [0x00000000929c0000, 0x0000000092b3e4e0, 0x0000000093a60000)
  to   space 17024K,   0% used [0x0000000091920000, 0x0000000091920000, 0x00000000929c0000)
 concurrent mark-sweep generation total 1775232K, used 1284512K [0x0000000093a60000, 0x0000000100000000, 0x0000000100000000)
 Metaspace       used 64775K, capacity 69172K, committed 69260K, reserved 1110016K
  class space    used 8091K, capacity 9104K, committed 9104K, reserved 1048576K
}
Event: 2532.392 GC heap before
{Heap before GC invocations=599 (full 2):
 par new generation   total 153344K, used 137849K [0x0000000089400000, 0x0000000093a60000, 0x0000000093a60000)
  eden space 136320K, 100% used [0x0000000089400000, 0x0000000091920000, 0x0000000091920000)
  from space 17024K,   8% used [0x00000000929c0000, 0x0000000092b3e4e0, 0x0000000093a60000)
  to   space 17024K,   0% used [0x0000000091920000, 0x0000000091920000, 0x00000000929c0000)
 concurrent mark-sweep generation total 1775232K, used 1284512K [0x0000000093a60000, 0x0000000100000000, 0x0000000100000000)
 Metaspace       used 64775K, capacity 69172K, committed 69260K, reserved 1110016K
  class space    used 8091K, capacity 9104K, committed 9104K, reserved 1048576K
Event: 2532.402 GC heap after
Heap after GC invocations=600 (full 2):
 par new generation   total 153344K, used 1415K [0x0000000089400000, 0x0000000093a60000, 0x0000000093a60000)
  eden space 136320K,   0% used [0x0000000089400000, 0x0000000089400000, 0x0000000091920000)
  from space 17024K,   8% used [0x0000000091920000, 0x0000000091a81d80, 0x00000000929c0000)
  to   space 17024K,   0% used [0x00000000929c0000, 0x00000000929c0000, 0x0000000093a60000)
 concurrent mark-sweep generation total 1775232K, used 1285147K [0x0000000093a60000, 0x0000000100000000, 0x0000000100000000)
 Metaspace       used 64775K, capacity 69172K, committed 69260K, reserved 1110016K
  class space    used 8091K, capacity 9104K, committed 9104K, reserved 1048576K
}
Event: 2535.699 GC heap before
{Heap before GC invocations=600 (full 2):
 par new generation   total 153344K, used 137735K [0x0000000089400000, 0x0000000093a60000, 0x0000000093a60000)
  eden space 136320K, 100% used [0x0000000089400000, 0x0000000091920000, 0x0000000091920000)
  from space 17024K,   8% used [0x0000000091920000, 0x0000000091a81d80, 0x00000000929c0000)
  to   space 17024K,   0% used [0x00000000929c0000, 0x00000000929c0000, 0x0000000093a60000)
 concurrent mark-sweep generation total 1775232K, used 1285147K [0x0000000093a60000, 0x0000000100000000, 0x0000000100000000)
 Metaspace       used 64777K, capacity 69172K, committed 69260K, reserved 1110016K
  class space    used 8091K, capacity 9104K, committed 9104K, reserved 1048576K
Event: 2535.708 GC heap after
Heap after GC invocations=601 (full 2):
 par new generation   total 153344K, used 964K [0x0000000089400000, 0x0000000093a60000, 0x0000000093a60000)
  eden space 136320K,   0% used [0x0000000089400000, 0x0000000089400000, 0x0000000091920000)
  from space 17024K,   5% used [0x00000000929c0000, 0x0000000092ab1350, 0x0000000093a60000)
  to   space 17024K,   0% used [0x0000000091920000, 0x0000000091920000, 0x00000000929c0000)
 concurrent mark-sweep generation total 1775232K, used 1285330K [0x0000000093a60000, 0x0000000100000000, 0x0000000100000000)
 Metaspace       used 64777K, capacity 69172K, committed 69260K, reserved 1110016K
  class space    used 8091K, capacity 9104K, committed 9104K, reserved 1048576K
}
Event: 2538.944 GC heap before
{Heap before GC invocations=601 (full 2):
 par new generation   total 153344K, used 137284K [0x0000000089400000, 0x0000000093a60000, 0x0000000093a60000)
  eden space 136320K, 100% used [0x0000000089400000, 0x0000000091920000, 0x0000000091920000)
  from space 17024K,   5% used [0x00000000929c0000, 0x0000000092ab1350, 0x0000000093a60000)
  to   space 17024K,   0% used [0x0000000091920000, 0x0000000091920000, 0x00000000929c0000)
 concurrent mark-sweep generation total 1775232K, used 1285330K [0x0000000093a60000, 0x0000000100000000, 0x0000000100000000)
 Metaspace       used 64777K, capacity 69172K, committed 69260K, reserved 1110016K
  class space    used 8091K, capacity 9104K, committed 9104K, reserved 1048576K
Event: 2538.953 GC heap after
Heap after GC invocations=602 (full 2):
 par new generation   total 153344K, used 608K [0x0000000089400000, 0x0000000093a60000, 0x0000000093a60000)
  eden space 136320K,   0% used [0x0000000089400000, 0x0000000089400000, 0x0000000091920000)
  from space 17024K,   3% used [0x0000000091920000, 0x00000000919b81a0, 0x00000000929c0000)
  to   space 17024K,   0% used [0x00000000929c0000, 0x00000000929c0000, 0x0000000093a60000)
 concurrent mark-sweep generation total 1775232K, used 1285534K [0x0000000093a60000, 0x0000000100000000, 0x0000000100000000)
 Metaspace       used 64777K, capacity 69172K, committed 69260K, reserved 1110016K
  class space    used 8091K, capacity 9104K, committed 9104K, reserved 1048576K
}
Event: 2542.093 GC heap before
{Heap before GC invocations=602 (full 2):
 par new generation   total 153344K, used 136928K [0x0000000089400000, 0x0000000093a60000, 0x0000000093a60000)
  eden space 136320K, 100% used [0x0000000089400000, 0x0000000091920000, 0x0000000091920000)
  from space 17024K,   3% used [0x0000000091920000, 0x00000000919b81a0, 0x00000000929c0000)
  to   space 17024K,   0% used [0x00000000929c0000, 0x00000000929c0000, 0x0000000093a60000)
 concurrent mark-sweep generation total 1775232K, used 1285534K [0x0000000093a60000, 0x0000000100000000, 0x0000000100000000)
 Metaspace       used 64777K, capacity 69172K, committed 69260K, reserved 1110016K
  class space    used 8091K, capacity 9104K, committed 9104K, reserved 1048576K
Event: 2542.101 GC heap after
Heap after GC invocations=603 (full 2):
 par new generation   total 153344K, used 694K [0x0000000089400000, 0x0000000093a60000, 0x0000000093a60000)
  eden space 136320K,   0% used [0x0000000089400000, 0x0000000089400000, 0x0000000091920000)
  from space 17024K,   4% used [0x00000000929c0000, 0x0000000092a6daa8, 0x0000000093a60000)
  to   space 17024K,   0% used [0x0000000091920000, 0x0000000091920000, 0x00000000929c0000)
 concurrent mark-sweep generation total 1775232K, used 1285552K [0x0000000093a60000, 0x0000000100000000, 0x0000000100000000)
 Metaspace       used 64777K, capacity 69172K, committed 69260K, reserved 1110016K
  class space    used 8091K, capacity 9104K, committed 9104K, reserved 1048576K
}
Event: 2545.444 GC heap before
{Heap before GC invocations=603 (full 2):
 par new generation   total 153344K, used 137014K [0x0000000089400000, 0x0000000093a60000, 0x0000000093a60000)
  eden space 136320K, 100% used [0x0000000089400000, 0x0000000091920000, 0x0000000091920000)
  from space 17024K,   4% used [0x00000000929c0000, 0x0000000092a6daa8, 0x0000000093a60000)
  to   space 17024K,   0% used [0x0000000091920000, 0x0000000091920000, 0x00000000929c0000)
 concurrent mark-sweep generation total 1775232K, used 1285552K [0x0000000093a60000, 0x0000000100000000, 0x0000000100000000)
 Metaspace       used 64777K, capacity 69172K, committed 69260K, reserved 1110016K
  class space    used 8091K, capacity 9104K, committed 9104K, reserved 1048576K
Event: 2545.452 GC heap after
Heap after GC invocations=604 (full 2):
 par new generation   total 153344K, used 652K [0x0000000089400000, 0x0000000093a60000, 0x0000000093a60000)
  eden space 136320K,   0% used [0x0000000089400000, 0x0000000089400000, 0x0000000091920000)
  from space 17024K,   3% used [0x0000000091920000, 0x00000000919c3320, 0x00000000929c0000)
  to   space 17024K,   0% used [0x00000000929c0000, 0x00000000929c0000, 0x0000000093a60000)
 concurrent mark-sweep generation total 1775232K, used 1285573K [0x0000000093a60000, 0x0000000100000000, 0x0000000100000000)
 Metaspace       used 64777K, capacity 69172K, committed 69260K, reserved 1110016K
  class space    used 8091K, capacity 9104K, committed 9104K, reserved 1048576K
}
Event: 2548.720 GC heap before
{Heap before GC invocations=604 (full 2):
 par new generation   total 153344K, used 136972K [0x0000000089400000, 0x0000000093a60000, 0x0000000093a60000)
  eden space 136320K, 100% used [0x0000000089400000, 0x0000000091920000, 0x0000000091920000)
  from space 17024K,   3% used [0x0000000091920000, 0x00000000919c3320, 0x00000000929c0000)
  to   space 17024K,   0% used [0x00000000929c0000, 0x00000000929c0000, 0x0000000093a60000)
 concurrent mark-sweep generation total 1775232K, used 1285573K [0x0000000093a60000, 0x0000000100000000, 0x0000000100000000)
 Metaspace       used 64777K, capacity 69172K, committed 69260K, reserved 1110016K
  class space    used 8091K, capacity 9104K, committed 9104K, reserved 1048576K
Event: 2548.729 GC heap after
Heap after GC invocations=605 (full 2):
 par new generation   total 153344K, used 1524K [0x0000000089400000, 0x0000000093a60000, 0x0000000093a60000)
  eden space 136320K,   0% used [0x0000000089400000, 0x0000000089400000, 0x0000000091920000)
  from space 17024K,   8% used [0x00000000929c0000, 0x0000000092b3d310, 0x0000000093a60000)
  to   space 17024K,   0% used [0x0000000091920000, 0x0000000091920000, 0x00000000929c0000)
 concurrent mark-sweep generation total 1775232K, used 1285716K [0x0000000093a60000, 0x0000000100000000, 0x0000000100000000)
 Metaspace       used 64777K, capacity 69172K, committed 69260K, reserved 1110016K
  class space    used 8091K, capacity 9104K, committed 9104K, reserved 1048576K
}
Event: 2551.952 GC heap before
{Heap before GC invocations=605 (full 2):
 par new generation   total 153344K, used 137844K [0x0000000089400000, 0x0000000093a60000, 0x0000000093a60000)
  eden space 136320K, 100% used [0x0000000089400000, 0x0000000091920000, 0x0000000091920000)
  from space 17024K,   8% used [0x00000000929c0000, 0x0000000092b3d310, 0x0000000093a60000)
  to   space 17024K,   0% used [0x0000000091920000, 0x0000000091920000, 0x00000000929c0000)
 concurrent mark-sweep generation total 1775232K, used 1285716K [0x0000000093a60000, 0x0000000100000000, 0x0000000100000000)
 Metaspace       used 64778K, capacity 69172K, committed 69260K, reserved 1110016K
  class space    used 8091K, capacity 9104K, committed 9104K, reserved 1048576K
Event: 2551.962 GC heap after
Heap after GC invocations=606 (full 2):
 par new generation   total 153344K, used 2878K [0x0000000089400000, 0x0000000093a60000, 0x0000000093a60000)
  eden space 136320K,   0% used [0x0000000089400000, 0x0000000089400000, 0x0000000091920000)
  from space 17024K,  16% used [0x0000000091920000, 0x0000000091bef830, 0x00000000929c0000)
  to   space 17024K,   0% used [0x00000000929c0000, 0x00000000929c0000, 0x0000000093a60000)
 concurrent mark-sweep generation total 1775232K, used 1285742K [0x0000000093a60000, 0x0000000100000000, 0x0000000100000000)
 Metaspace       used 64778K, capacity 69172K, committed 69260K, reserved 1110016K
  class space    used 8091K, capacity 9104K, committed 9104K, reserved 1048576K
}
Event: 2554.908 GC heap before
{Heap before GC invocations=606 (full 2):
 par new generation   total 153344K, used 139198K [0x0000000089400000, 0x0000000093a60000, 0x0000000093a60000)
  eden space 136320K, 100% used [0x0000000089400000, 0x0000000091920000, 0x0000000091920000)
  from space 17024K,  16% used [0x0000000091920000, 0x0000000091bef830, 0x00000000929c0000)
  to   space 17024K,   0% used [0x00000000929c0000, 0x00000000929c0000, 0x0000000093a60000)
 concurrent mark-sweep generation total 1775232K, used 1285742K [0x0000000093a60000, 0x0000000100000000, 0x0000000100000000)
 Metaspace       used 64778K, capacity 69172K, committed 69260K, reserved 1110016K
  class space    used 8091K, capacity 9104K, committed 9104K, reserved 1048576K
Event: 2554.918 GC heap after
Heap after GC invocations=607 (full 2):
 par new generation   total 153344K, used 4506K [0x0000000089400000, 0x0000000093a60000, 0x0000000093a60000)
  eden space 136320K,   0% used [0x0000000089400000, 0x0000000089400000, 0x0000000091920000)
  from space 17024K,  26% used [0x00000000929c0000, 0x0000000092e26ae8, 0x0000000093a60000)
  to   space 17024K,   0% used [0x0000000091920000, 0x0000000091920000, 0x00000000929c0000)
 concurrent mark-sweep generation total 1775232K, used 1285765K [0x0000000093a60000, 0x0000000100000000, 0x0000000100000000)
 Metaspace       used 64778K, capacity 69172K, committed 69260K, reserved 1110016K
  class space    used 8091K, capacity 9104K, committed 9104K, reserved 1048576K
}
Event: 2558.006 GC heap before
{Heap before GC invocations=607 (full 2):
 par new generation   total 153344K, used 140826K [0x0000000089400000, 0x0000000093a60000, 0x0000000093a60000)
  eden space 136320K, 100% used [0x0000000089400000, 0x0000000091920000, 0x0000000091920000)
  from space 17024K,  26% used [0x00000000929c0000, 0x0000000092e26ae8, 0x0000000093a60000)
  to   space 17024K,   0% used [0x0000000091920000, 0x0000000091920000, 0x00000000929c0000)
 concurrent mark-sweep generation total 1775232K, used 1285765K [0x0000000093a60000, 0x0000000100000000, 0x0000000100000000)
 Metaspace       used 64778K, capacity 69172K, committed 69260K, reserved 1110016K
  class space    used 8091K, capacity 9104K, committed 9104K, reserved 1048576K
Event: 2558.016 GC heap after
Heap after GC invocations=608 (full 2):
 par new generation   total 153344K, used 3913K [0x0000000089400000, 0x0000000093a60000, 0x0000000093a60000)
  eden space 136320K,   0% used [0x0000000089400000, 0x0000000089400000, 0x0000000091920000)
  from space 17024K,  22% used [0x0000000091920000, 0x0000000091cf2600, 0x00000000929c0000)
  to   space 17024K,   0% used [0x00000000929c0000, 0x00000000929c0000, 0x0000000093a60000)
 concurrent mark-sweep generation total 1775232K, used 1285779K [0x0000000093a60000, 0x0000000100000000, 0x0000000100000000)
 Metaspace       used 64778K, capacity 69172K, committed 69260K, reserved 1110016K
  class space    used 8091K, capacity 9104K, committed 9104K, reserved 1048576K
}
Event: 2561.130 GC heap before
{Heap before GC invocations=608 (full 2):
 par new generation   total 153344K, used 140233K [0x0000000089400000, 0x0000000093a60000, 0x0000000093a60000)
  eden space 136320K, 100% used [0x0000000089400000, 0x0000000091920000, 0x0000000091920000)
  from space 17024K,  22% used [0x0000000091920000, 0x0000000091cf2600, 0x00000000929c0000)
  to   space 17024K,   0% used [0x00000000929c0000, 0x00000000929c0000, 0x0000000093a60000)
 concurrent mark-sweep generation total 1775232K, used 1285779K [0x0000000093a60000, 0x0000000100000000, 0x0000000100000000)
 Metaspace       used 64779K, capacity 69172K, committed 69260K, reserved 1110016K
  class space    used 8091K, capacity 9104K, committed 9104K, reserved 1048576K
Event: 2561.144 GC heap after
Heap after GC invocations=609 (full 2):
 par new generation   total 153344K, used 6571K [0x0000000089400000, 0x0000000093a60000, 0x0000000093a60000)
  eden space 136320K,   0% used [0x0000000089400000, 0x0000000089400000, 0x0000000091920000)
  from space 17024K,  38% used [0x00000000929c0000, 0x000000009302ace8, 0x0000000093a60000)
  to   space 17024K,   0% used [0x0000000091920000, 0x0000000091920000, 0x00000000929c0000)
 concurrent mark-sweep generation total 1775232K, used 1285814K [0x0000000093a60000, 0x0000000100000000, 0x0000000100000000)
 Metaspace       used 64779K, capacity 69172K, committed 69260K, reserved 1110016K
  class space    used 8091K, capacity 9104K, committed 9104K, reserved 1048576K
}
Event: 2564.603 GC heap before
{Heap before GC invocations=609 (full 2):
 par new generation   total 153344K, used 142891K [0x0000000089400000, 0x0000000093a60000, 0x0000000093a60000)
  eden space 136320K, 100% used [0x0000000089400000, 0x0000000091920000, 0x0000000091920000)
  from space 17024K,  38% used [0x00000000929c0000, 0x000000009302ace8, 0x0000000093a60000)
  to   space 17024K,   0% used [0x0000000091920000, 0x0000000091920000, 0x00000000929c0000)
 concurrent mark-sweep generation total 1775232K, used 1285814K [0x0000000093a60000, 0x0000000100000000, 0x0000000100000000)
 Metaspace       used 64779K, capacity 69172K, committed 69260K, reserved 1110016K
  class space    used 8091K, capacity 9104K, committed 9104K, reserved 1048576K
Event: 2564.617 GC heap after
Heap after GC invocations=610 (full 2):
 par new generation   total 153344K, used 6747K [0x0000000089400000, 0x0000000093a60000, 0x0000000093a60000)
  eden space 136320K,   0% used [0x0000000089400000, 0x0000000089400000, 0x0000000091920000)
  from space 17024K,  39% used [0x0000000091920000, 0x0000000091fb6f30, 0x00000000929c0000)
  to   space 17024K,   0% used [0x00000000929c0000, 0x00000000929c0000, 0x0000000093a60000)
 concurrent mark-sweep generation total 1775232K, used 1285824K [0x0000000093a60000, 0x0000000100000000, 0x0000000100000000)
 Metaspace       used 64779K, capacity 69172K, committed 69260K, reserved 1110016K
  class space    used 8091K, capacity 9104K, committed 9104K, reserved 1048576K
}
Event: 2568.102 GC heap before
{Heap before GC invocations=610 (full 2):
 par new generation   total 153344K, used 143067K [0x0000000089400000, 0x0000000093a60000, 0x0000000093a60000)
  eden space 136320K, 100% used [0x0000000089400000, 0x0000000091920000, 0x0000000091920000)
  from space 17024K,  39% used [0x0000000091920000, 0x0000000091fb6f30, 0x00000000929c0000)
  to   space 17024K,   0% used [0x00000000929c0000, 0x00000000929c0000, 0x0000000093a60000)
 concurrent mark-sweep generation total 1775232K, used 1285824K [0x0000000093a60000, 0x0000000100000000, 0x0000000100000000)
 Metaspace       used 64791K, capacity 69180K, committed 69260K, reserved 1110016K
  class space    used 8091K, capacity 9104K, committed 9104K, reserved 1048576K
Event: 2568.116 GC heap after
Heap after GC invocations=611 (full 2):
 par new generation   total 153344K, used 7475K [0x0000000089400000, 0x0000000093a60000, 0x0000000093a60000)
  eden space 136320K,   0% used [0x0000000089400000, 0x0000000089400000, 0x0000000091920000)
  from space 17024K,  43% used [0x00000000929c0000, 0x000000009310cd38, 0x0000000093a60000)
  to   space 17024K,   0% used [0x0000000091920000, 0x0000000091920000, 0x00000000929c0000)
 concurrent mark-sweep generation total 1775232K, used 1285842K [0x0000000093a60000, 0x0000000100000000, 0x0000000100000000)
 Metaspace       used 64791K, capacity 69180K, committed 69260K, reserved 1110016K
  class space    used 8091K, capacity 9104K, committed 9104K, reserved 1048576K
}
Event: 2571.704 GC heap before
{Heap before GC invocations=611 (full 2):
 par new generation   total 153344K, used 143795K [0x0000000089400000, 0x0000000093a60000, 0x0000000093a60000)
  eden space 136320K, 100% used [0x0000000089400000, 0x0000000091920000, 0x0000000091920000)
  from space 17024K,  43% used [0x00000000929c0000, 0x000000009310cd38, 0x0000000093a60000)
  to   space 17024K,   0% used [0x0000000091920000, 0x0000000091920000, 0x00000000929c0000)
 concurrent mark-sweep generation total 1775232K, used 1285842K [0x0000000093a60000, 0x0000000100000000, 0x0000000100000000)
 Metaspace       used 64792K, capacity 69180K, committed 69260K, reserved 1110016K
  class space    used 8091K, capacity 9104K, committed 9104K, reserved 1048576K
Event: 2571.719 GC heap after
Heap after GC invocations=612 (full 2):
 par new generation   total 153344K, used 7719K [0x0000000089400000, 0x0000000093a60000, 0x0000000093a60000)
  eden space 136320K,   0% used [0x0000000089400000, 0x0000000089400000, 0x0000000091920000)
  from space 17024K,  45% used [0x0000000091920000, 0x00000000920a9f48, 0x00000000929c0000)
  to   space 17024K,   0% used [0x00000000929c0000, 0x00000000929c0000, 0x0000000093a60000)
 concurrent mark-sweep generation total 1775232K, used 1285974K [0x0000000093a60000, 0x0000000100000000, 0x0000000100000000)
 Metaspace       used 64792K, capacity 69180K, committed 69260K, reserved 1110016K
  class space    used 8091K, capacity 9104K, committed 9104K, reserved 1048576K
}
Event: 2575.053 GC heap before
{Heap before GC invocations=612 (full 2):
 par new generation   total 153344K, used 144039K [0x0000000089400000, 0x0000000093a60000, 0x0000000093a60000)
  eden space 136320K, 100% used [0x0000000089400000, 0x0000000091920000, 0x0000000091920000)
  from space 17024K,  45% used [0x0000000091920000, 0x00000000920a9f48, 0x00000000929c0000)
  to   space 17024K,   0% used [0x00000000929c0000, 0x00000000929c0000, 0x0000000093a60000)
 concurrent mark-sweep generation total 1775232K, used 1285974K [0x0000000093a60000, 0x0000000100000000, 0x0000000100000000)
 Metaspace       used 64792K, capacity 69180K, committed 69260K, reserved 1110016K
  class space    used 8091K, capacity 9104K, committed 9104K, reserved 1048576K
Event: 2575.069 GC heap after
Heap after GC invocations=613 (full 2):
 par new generation   total 153344K, used 8147K [0x0000000089400000, 0x0000000093a60000, 0x0000000093a60000)
  eden space 136320K,   0% used [0x0000000089400000, 0x0000000089400000, 0x0000000091920000)
  from space 17024K,  47% used [0x00000000929c0000, 0x00000000931b4e50, 0x0000000093a60000)
  to   space 17024K,   0% used [0x0000000091920000, 0x0000000091920000, 0x00000000929c0000)
 concurrent mark-sweep generation total 1775232K, used 1287229K [0x0000000093a60000, 0x0000000100000000, 0x0000000100000000)
 Metaspace       used 64792K, capacity 69180K, committed 69260K, reserved 1110016K
  class space    used 8091K, capacity 9104K, committed 9104K, reserved 1048576K
}
Event: 2578.309 GC heap before
{Heap before GC invocations=613 (full 2):
 par new generation   total 153344K, used 144467K [0x0000000089400000, 0x0000000093a60000, 0x0000000093a60000)
  eden space 136320K, 100% used [0x0000000089400000, 0x0000000091920000, 0x0000000091920000)
  from space 17024K,  47% used [0x00000000929c0000, 0x00000000931b4e50, 0x0000000093a60000)
  to   space 17024K,   0% used [0x0000000091920000, 0x0000000091920000, 0x00000000929c0000)
 concurrent mark-sweep generation total 1775232K, used 1287229K [0x0000000093a60000, 0x0000000100000000, 0x0000000100000000)
 Metaspace       used 64794K, capacity 69180K, committed 69260K, reserved 1110016K
  class space    used 8091K, capacity 9104K, committed 9104K, reserved 1048576K
Event: 2578.325 GC heap after
Heap after GC invocations=614 (full 2):
 par new generation   total 153344K, used 8261K [0x0000000089400000, 0x0000000093a60000, 0x0000000093a60000)
  eden space 136320K,   0% used [0x0000000089400000, 0x0000000089400000, 0x0000000091920000)
  from space 17024K,  48% used [0x0000000091920000, 0x00000000921317e8, 0x00000000929c0000)
  to   space 17024K,   0% used [0x00000000929c0000, 0x00000000929c0000, 0x0000000093a60000)
 concurrent mark-sweep generation total 1775232K, used 1288016K [0x0000000093a60000, 0x0000000100000000, 0x0000000100000000)
 Metaspace       used 64794K, capacity 69180K, committed 69260K, reserved 1110016K
  class space    used 8091K, capacity 9104K, committed 9104K, reserved 1048576K
}
Event: 2581.404 GC heap before
{Heap before GC invocations=614 (full 2):
 par new generation   total 153344K, used 144581K [0x0000000089400000, 0x0000000093a60000, 0x0000000093a60000)
  eden space 136320K, 100% used [0x0000000089400000, 0x0000000091920000, 0x0000000091920000)
  from space 17024K,  48% used [0x0000000091920000, 0x00000000921317e8, 0x00000000929c0000)
  to   space 17024K,   0% used [0x00000000929c0000, 0x00000000929c0000, 0x0000000093a60000)
 concurrent mark-sweep generation total 1775232K, used 1288016K [0x0000000093a60000, 0x0000000100000000, 0x0000000100000000)
 Metaspace       used 64800K, capacity 69180K, committed 69260K, reserved 1110016K
  class space    used 8091K, capacity 9104K, committed 9104K, reserved 1048576K
Event: 2581.420 GC heap after
Heap after GC invocations=615 (full 2):
 par new generation   total 153344K, used 8702K [0x0000000089400000, 0x0000000093a60000, 0x0000000093a60000)
  eden space 136320K,   0% used [0x0000000089400000, 0x0000000089400000, 0x0000000091920000)
  from space 17024K,  51% used [0x00000000929c0000, 0x000000009323fbd0, 0x0000000093a60000)
  to   space 17024K,   0% used [0x0000000091920000, 0x0000000091920000, 0x00000000929c0000)
 concurrent mark-sweep generation total 1775232K, used 1289050K [0x0000000093a60000, 0x0000000100000000, 0x0000000100000000)
 Metaspace       used 64800K, capacity 69180K, committed 69260K, reserved 1110016K
  class space    used 8091K, capacity 9104K, committed 9104K, reserved 1048576K
}
Event: 2584.704 GC heap before
{Heap before GC invocations=615 (full 2):
 par new generation   total 153344K, used 145022K [0x0000000089400000, 0x0000000093a60000, 0x0000000093a60000)
  eden space 136320K, 100% used [0x0000000089400000, 0x0000000091920000, 0x0000000091920000)
  from space 17024K,  51% used [0x00000000929c0000, 0x000000009323fbd0, 0x0000000093a60000)
  to   space 17024K,   0% used [0x0000000091920000, 0x0000000091920000, 0x00000000929c0000)
 concurrent mark-sweep generation total 1775232K, used 1289050K [0x0000000093a60000, 0x0000000100000000, 0x0000000100000000)
 Metaspace       used 64800K, capacity 69180K, committed 69260K, reserved 1110016K
  class space    used 8091K, capacity 9104K, committed 9104K, reserved 1048576K
Event: 2584.723 GC heap after
Heap after GC invocations=616 (full 2):
 par new generation   total 153344K, used 9806K [0x0000000089400000, 0x0000000093a60000, 0x0000000093a60000)
  eden space 136320K,   0% used [0x0000000089400000, 0x0000000089400000, 0x0000000091920000)
  from space 17024K,  57% used [0x0000000091920000, 0x00000000922b3808, 0x00000000929c0000)
  to   space 17024K,   0% used [0x00000000929c0000, 0x00000000929c0000, 0x0000000093a60000)
 concurrent mark-sweep generation total 1775232K, used 1290075K [0x0000000093a60000, 0x0000000100000000, 0x0000000100000000)
 Metaspace       used 64800K, capacity 69180K, committed 69260K, reserved 1110016K
  class space    used 8091K, capacity 9104K, committed 9104K, reserved 1048576K
}
Event: 2587.905 GC heap before
{Heap before GC invocations=616 (full 2):
 par new generation   total 153344K, used 146126K [0x0000000089400000, 0x0000000093a60000, 0x0000000093a60000)
  eden space 136320K, 100% used [0x0000000089400000, 0x0000000091920000, 0x0000000091920000)
  from space 17024K,  57% used [0x0000000091920000, 0x00000000922b3808, 0x00000000929c0000)
  to   space 17024K,   0% used [0x00000000929c0000, 0x00000000929c0000, 0x0000000093a60000)
 concurrent mark-sweep generation total 1775232K, used 1290075K [0x0000000093a60000, 0x0000000100000000, 0x0000000100000000)
 Metaspace       used 64800K, capacity 69180K, committed 69260K, reserved 1110016K
  class space    used 8091K, capacity 9104K, committed 9104K, reserved 1048576K
Event: 2587.923 GC heap after
Heap after GC invocations=617 (full 2):
 par new generation   total 153344K, used 14125K [0x0000000089400000, 0x0000000093a60000, 0x0000000093a60000)
  eden space 136320K,   0% used [0x0000000089400000, 0x0000000089400000, 0x0000000091920000)
  from space 17024K,  82% used [0x00000000929c0000, 0x000000009378b598, 0x0000000093a60000)
  to   space 17024K,   0% used [0x0000000091920000, 0x0000000091920000, 0x00000000929c0000)
 concurrent mark-sweep generation total 1775232K, used 1290378K [0x0000000093a60000, 0x0000000100000000, 0x0000000100000000)
 Metaspace       used 64800K, capacity 69180K, committed 69260K, reserved 1110016K
  class space    used 8091K, capacity 9104K, committed 9104K, reserved 1048576K
}
Event: 2591.157 GC heap before
{Heap before GC invocations=617 (full 2):
 par new generation   total 153344K, used 150445K [0x0000000089400000, 0x0000000093a60000, 0x0000000093a60000)
  eden space 136320K, 100% used [0x0000000089400000, 0x0000000091920000, 0x0000000091920000)
  from space 17024K,  82% used [0x00000000929c0000, 0x000000009378b598, 0x0000000093a60000)
  to   space 17024K,   0% used [0x0000000091920000, 0x0000000091920000, 0x00000000929c0000)
 concurrent mark-sweep generation total 1775232K, used 1290378K [0x0000000093a60000, 0x0000000100000000, 0x0000000100000000)
 Metaspace       used 64800K, capacity 69180K, committed 69260K, reserved 1110016K
  class space    used 8091K, capacity 9104K, committed 9104K, reserved 1048576K
Event: 2591.177 GC heap after
Heap after GC invocations=618 (full 2):
 par new generation   total 153344K, used 12865K [0x0000000089400000, 0x0000000093a60000, 0x0000000093a60000)
  eden space 136320K,   0% used [0x0000000089400000, 0x0000000089400000, 0x0000000091920000)
  from space 17024K,  75% used [0x0000000091920000, 0x00000000925b0498, 0x00000000929c0000)
  to   space 17024K,   0% used [0x00000000929c0000, 0x00000000929c0000, 0x0000000093a60000)
 concurrent mark-sweep generation total 1775232K, used 1291804K [0x0000000093a60000, 0x0000000100000000, 0x0000000100000000)
 Metaspace       used 64800K, capacity 69180K, committed 69260K, reserved 1110016K
  class space    used 8091K, capacity 9104K, committed 9104K, reserved 1048576K
}
Event: 2594.159 GC heap before
{Heap before GC invocations=618 (full 2):
 par new generation   total 153344K, used 149185K [0x0000000089400000, 0x0000000093a60000, 0x0000000093a60000)
  eden space 136320K, 100% used [0x0000000089400000, 0x0000000091920000, 0x0000000091920000)
  from space 17024K,  75% used [0x0000000091920000, 0x00000000925b0498, 0x00000000929c0000)
  to   space 17024K,   0% used [0x00000000929c0000, 0x00000000929c0000, 0x0000000093a60000)
 concurrent mark-sweep generation total 1775232K, used 1291804K [0x0000000093a60000, 0x0000000100000000, 0x0000000100000000)
 Metaspace       used 64806K, capacity 69180K, committed 69260K, reserved 1110016K
  class space    used 8091K, capacity 9104K, committed 9104K, reserved 1048576K
Event: 2594.179 GC heap after
Heap after GC invocations=619 (full 2):
 par new generation   total 153344K, used 12588K [0x0000000089400000, 0x0000000093a60000, 0x0000000093a60000)
  eden space 136320K,   0% used [0x0000000089400000, 0x0000000089400000, 0x0000000091920000)
  from space 17024K,  73% used [0x00000000929c0000, 0x000000009360b1f8, 0x0000000093a60000)
  to   space 17024K,   0% used [0x0000000091920000, 0x0000000091920000, 0x00000000929c0000)
 concurrent mark-sweep generation total 1775232K, used 1291804K [0x0000000093a60000, 0x0000000100000000, 0x0000000100000000)
 Metaspace       used 64806K, capacity 69180K, committed 69260K, reserved 1110016K
  class space    used 8091K, capacity 9104K, committed 9104K, reserved 1048576K
}
Event: 2597.110 GC heap before
{Heap before GC invocations=619 (full 2):
 par new generation   total 153344K, used 148908K [0x0000000089400000, 0x0000000093a60000, 0x0000000093a60000)
  eden space 136320K, 100% used [0x0000000089400000, 0x0000000091920000, 0x0000000091920000)
  from space 17024K,  73% used [0x00000000929c0000, 0x000000009360b1f8, 0x0000000093a60000)
  to   space 17024K,   0% used [0x0000000091920000, 0x0000000091920000, 0x00000000929c0000)
 concurrent mark-sweep generation total 1775232K, used 1291804K [0x0000000093a60000, 0x0000000100000000, 0x0000000100000000)
 Metaspace       used 64818K, capacity 69180K, committed 69260K, reserved 1110016K
  class space    used 8091K, capacity 9104K, committed 9104K, reserved 1048576K
Event: 2597.131 GC heap after
Heap after GC invocations=620 (full 2):
 par new generation   total 153344K, used 14121K [0x0000000089400000, 0x0000000093a60000, 0x0000000093a60000)
  eden space 136320K,   0% used [0x0000000089400000, 0x0000000089400000, 0x0000000091920000)
  from space 17024K,  82% used [0x0000000091920000, 0x00000000926ea658, 0x00000000929c0000)
  to   space 17024K,   0% used [0x00000000929c0000, 0x00000000929c0000, 0x0000000093a60000)
 concurrent mark-sweep generation total 1775232K, used 1293639K [0x0000000093a60000, 0x0000000100000000, 0x0000000100000000)
 Metaspace       used 64818K, capacity 69180K, committed 69260K, reserved 1110016K
  class space    used 8091K, capacity 9104K, committed 9104K, reserved 1048576K
}
Event: 2600.084 GC heap before
{Heap before GC invocations=620 (full 2):
 par new generation   total 153344K, used 150441K [0x0000000089400000, 0x0000000093a60000, 0x0000000093a60000)
  eden space 136320K, 100% used [0x0000000089400000, 0x0000000091920000, 0x0000000091920000)
  from space 17024K,  82% used [0x0000000091920000, 0x00000000926ea658, 0x00000000929c0000)
  to   space 17024K,   0% used [0x00000000929c0000, 0x00000000929c0000, 0x0000000093a60000)
 concurrent mark-sweep generation total 1775232K, used 1293639K [0x0000000093a60000, 0x0000000100000000, 0x0000000100000000)
 Metaspace       used 64822K, capacity 69244K, committed 69260K, reserved 1110016K
  class space    used 8091K, capacity 9104K, committed 9104K, reserved 1048576K
Event: 2600.100 GC heap after
Heap after GC invocations=621 (full 2):
 par new generation   total 153344K, used 13997K [0x0000000089400000, 0x0000000093a60000, 0x0000000093a60000)
  eden space 136320K,   0% used [0x0000000089400000, 0x0000000089400000, 0x0000000091920000)
  from space 17024K,  82% used [0x00000000929c0000, 0x000000009376b4d8, 0x0000000093a60000)
  to   space 17024K,   0% used [0x0000000091920000, 0x0000000091920000, 0x00000000929c0000)
 concurrent mark-sweep generation total 1775232K, used 1294346K [0x0000000093a60000, 0x0000000100000000, 0x0000000100000000)
 Metaspace       used 64822K, capacity 69244K, committed 69260K, reserved 1110016K
  class space    used 8091K, capacity 9104K, committed 9104K, reserved 1048576K
}
Event: 2604.120 GC heap before
{Heap before GC invocations=621 (full 2):
 par new generation   total 153344K, used 150317K [0x0000000089400000, 0x0000000093a60000, 0x0000000093a60000)
  eden space 136320K, 100% used [0x0000000089400000, 0x0000000091920000, 0x0000000091920000)
  from space 17024K,  82% used [0x00000000929c0000, 0x000000009376b4d8, 0x0000000093a60000)
  to   space 17024K,   0% used [0x0000000091920000, 0x0000000091920000, 0x00000000929c0000)
 concurrent mark-sweep generation total 1775232K, used 1294346K [0x0000000093a60000, 0x0000000100000000, 0x0000000100000000)
 Metaspace       used 64828K, capacity 69244K, committed 69260K, reserved 1110016K
  class space    used 8092K, capacity 9104K, committed 9104K, reserved 1048576K
Event: 2604.139 GC heap after
Heap after GC invocations=622 (full 2):
 par new generation   total 153344K, used 12230K [0x0000000089400000, 0x0000000093a60000, 0x0000000093a60000)
  eden space 136320K,   0% used [0x0000000089400000, 0x0000000089400000, 0x0000000091920000)
  from space 17024K,  71% used [0x0000000091920000, 0x0000000092511948, 0x00000000929c0000)
  to   space 17024K,   0% used [0x00000000929c0000, 0x00000000929c0000, 0x0000000093a60000)
 concurrent mark-sweep generation total 1775232K, used 1294346K [0x0000000093a60000, 0x0000000100000000, 0x0000000100000000)
 Metaspace       used 64828K, capacity 69244K, committed 69260K, reserved 1110016K
  class space    used 8092K, capacity 9104K, committed 9104K, reserved 1048576K
}
Event: 2610.765 GC heap before
{Heap before GC invocations=622 (full 2):
 par new generation   total 153344K, used 148550K [0x0000000089400000, 0x0000000093a60000, 0x0000000093a60000)
  eden space 136320K, 100% used [0x0000000089400000, 0x0000000091920000, 0x0000000091920000)
  from space 17024K,  71% used [0x0000000091920000, 0x0000000092511948, 0x00000000929c0000)
  to   space 17024K,   0% used [0x00000000929c0000, 0x00000000929c0000, 0x0000000093a60000)
 concurrent mark-sweep generation total 1775232K, used 1294346K [0x0000000093a60000, 0x0000000100000000, 0x0000000100000000)
 Metaspace       used 64829K, capacity 69244K, committed 69260K, reserved 1110016K
  class space    used 8092K, capacity 9104K, committed 9104K, reserved 1048576K
Event: 2610.784 GC heap after
Heap after GC invocations=623 (full 2):
 par new generation   total 153344K, used 12490K [0x0000000089400000, 0x0000000093a60000, 0x0000000093a60000)
  eden space 136320K,   0% used [0x0000000089400000, 0x0000000089400000, 0x0000000091920000)
  from space 17024K,  73% used [0x00000000929c0000, 0x00000000935f2a30, 0x0000000093a60000)
  to   space 17024K,   0% used [0x0000000091920000, 0x0000000091920000, 0x00000000929c0000)
 concurrent mark-sweep generation total 1775232K, used 1296133K [0x0000000093a60000, 0x0000000100000000, 0x0000000100000000)
 Metaspace       used 64829K, capacity 69244K, committed 69260K, reserved 1110016K
  class space    used 8092K, capacity 9104K, committed 9104K, reserved 1048576K
}
Event: 2617.329 GC heap before
{Heap before GC invocations=623 (full 2):
 par new generation   total 153344K, used 148810K [0x0000000089400000, 0x0000000093a60000, 0x0000000093a60000)
  eden space 136320K, 100% used [0x0000000089400000, 0x0000000091920000, 0x0000000091920000)
  from space 17024K,  73% used [0x00000000929c0000, 0x00000000935f2a30, 0x0000000093a60000)
  to   space 17024K,   0% used [0x0000000091920000, 0x0000000091920000, 0x00000000929c0000)
 concurrent mark-sweep generation total 1775232K, used 1296133K [0x0000000093a60000, 0x0000000100000000, 0x0000000100000000)
 Metaspace       used 64830K, capacity 69244K, committed 69260K, reserved 1110016K
  class space    used 8092K, capacity 9104K, committed 9104K, reserved 1048576K
Event: 2617.346 GC heap after
Heap after GC invocations=624 (full 2):
 par new generation   total 153344K, used 15616K [0x0000000089400000, 0x0000000093a60000, 0x0000000093a60000)
  eden space 136320K,   0% used [0x0000000089400000, 0x0000000089400000, 0x0000000091920000)
  from space 17024K,  91% used [0x0000000091920000, 0x0000000092860098, 0x00000000929c0000)
  to   space 17024K,   0% used [0x00000000929c0000, 0x00000000929c0000, 0x0000000093a60000)
 concurrent mark-sweep generation total 1775232K, used 1296133K [0x0000000093a60000, 0x0000000100000000, 0x0000000100000000)
 Metaspace       used 64830K, capacity 69244K, committed 69260K, reserved 1110016K
  class space    used 8092K, capacity 9104K, committed 9104K, reserved 1048576K
}
Event: 2623.020 GC heap before
{Heap before GC invocations=624 (full 2):
 par new generation   total 153344K, used 151936K [0x0000000089400000, 0x0000000093a60000, 0x0000000093a60000)
  eden space 136320K, 100% used [0x0000000089400000, 0x0000000091920000, 0x0000000091920000)
  from space 17024K,  91% used [0x0000000091920000, 0x0000000092860098, 0x00000000929c0000)
  to   space 17024K,   0% used [0x00000000929c0000, 0x00000000929c0000, 0x0000000093a60000)
 concurrent mark-sweep generation total 1775232K, used 1296133K [0x0000000093a60000, 0x0000000100000000, 0x0000000100000000)
 Metaspace       used 64830K, capacity 69244K, committed 69260K, reserved 1110016K
  class space    used 8092K, capacity 9104K, committed 9104K, reserved 1048576K
Event: 2623.038 GC heap after
Heap after GC invocations=625 (full 2):
 par new generation   total 153344K, used 11018K [0x0000000089400000, 0x0000000093a60000, 0x0000000093a60000)
  eden space 136320K,   0% used [0x0000000089400000, 0x0000000089400000, 0x0000000091920000)
  from space 17024K,  64% used [0x00000000929c0000, 0x00000000934828b8, 0x0000000093a60000)
  to   space 17024K,   0% used [0x0000000091920000, 0x0000000091920000, 0x00000000929c0000)
 concurrent mark-sweep generation total 1775232K, used 1296685K [0x0000000093a60000, 0x0000000100000000, 0x0000000100000000)
 Metaspace       used 64830K, capacity 69244K, committed 69260K, reserved 1110016K
  class space    used 8092K, capacity 9104K, committed 9104K, reserved 1048576K
}
Event: 2629.541 GC heap before
{Heap before GC invocations=625 (full 2):
 par new generation   total 153344K, used 147338K [0x0000000089400000, 0x0000000093a60000, 0x0000000093a60000)
  eden space 136320K, 100% used [0x0000000089400000, 0x0000000091920000, 0x0000000091920000)
  from space 17024K,  64% used [0x00000000929c0000, 0x00000000934828b8, 0x0000000093a60000)
  to   space 17024K,   0% used [0x0000000091920000, 0x0000000091920000, 0x00000000929c0000)
 concurrent mark-sweep generation total 1775232K, used 1296685K [0x0000000093a60000, 0x0000000100000000, 0x0000000100000000)
 Metaspace       used 64831K, capacity 69244K, committed 69260K, reserved 1110016K
  class space    used 8092K, capacity 9104K, committed 9104K, reserved 1048576K
Event: 2629.558 GC heap after
Heap after GC invocations=626 (full 2):
 par new generation   total 153344K, used 15954K [0x0000000089400000, 0x0000000093a60000, 0x0000000093a60000)
  eden space 136320K,   0% used [0x0000000089400000, 0x0000000089400000, 0x0000000091920000)
  from space 17024K,  93% used [0x0000000091920000, 0x00000000928b4a20, 0x00000000929c0000)
  to   space 17024K,   0% used [0x00000000929c0000, 0x00000000929c0000, 0x0000000093a60000)
 concurrent mark-sweep generation total 1775232K, used 1296853K [0x0000000093a60000, 0x0000000100000000, 0x0000000100000000)
 Metaspace       used 64831K, capacity 69244K, committed 69260K, reserved 1110016K
  class space    used 8092K, capacity 9104K, committed 9104K, reserved 1048576K
}
Event: 2637.842 GC heap before
{Heap before GC invocations=626 (full 2):
 par new generation   total 153344K, used 152274K [0x0000000089400000, 0x0000000093a60000, 0x0000000093a60000)
  eden space 136320K, 100% used [0x0000000089400000, 0x0000000091920000, 0x0000000091920000)
  from space 17024K,  93% used [0x0000000091920000, 0x00000000928b4a20, 0x00000000929c0000)
  to   space 17024K,   0% used [0x00000000929c0000, 0x00000000929c0000, 0x0000000093a60000)
 concurrent mark-sweep generation total 1775232K, used 1296853K [0x0000000093a60000, 0x0000000100000000, 0x0000000100000000)
 Metaspace       used 64831K, capacity 69244K, committed 69260K, reserved 1110016K
  class space    used 8092K, capacity 9104K, committed 9104K, reserved 1048576K
Event: 2637.861 GC heap after
Heap after GC invocations=627 (full 2):
 par new generation   total 153344K, used 8302K [0x0000000089400000, 0x0000000093a60000, 0x0000000093a60000)
  eden space 136320K,   0% used [0x0000000089400000, 0x0000000089400000, 0x0000000091920000)
  from space 17024K,  48% used [0x00000000929c0000, 0x00000000931db9e0, 0x0000000093a60000)
  to   space 17024K,   0% used [0x0000000091920000, 0x0000000091920000, 0x00000000929c0000)
 concurrent mark-sweep generation total 1775232K, used 1299013K [0x0000000093a60000, 0x0000000100000000, 0x0000000100000000)
 Metaspace       used 64831K, capacity 69244K, committed 69260K, reserved 1110016K
  class space    used 8092K, capacity 9104K, committed 9104K, reserved 1048576K
}
Event: 2646.001 GC heap before
{Heap before GC invocations=627 (full 2):
 par new generation   total 153344K, used 144622K [0x0000000089400000, 0x0000000093a60000, 0x0000000093a60000)
  eden space 136320K, 100% used [0x0000000089400000, 0x0000000091920000, 0x0000000091920000)
  from space 17024K,  48% used [0x00000000929c0000, 0x00000000931db9e0, 0x0000000093a60000)
  to   space 17024K,   0% used [0x0000000091920000, 0x0000000091920000, 0x00000000929c0000)
 concurrent mark-sweep generation total 1775232K, used 1299013K [0x0000000093a60000, 0x0000000100000000, 0x0000000100000000)
 Metaspace       used 64833K, capacity 69244K, committed 69260K, reserved 1110016K
  class space    used 8092K, capacity 9104K, committed 9104K, reserved 1048576K
Event: 2646.016 GC heap after
Heap after GC invocations=628 (full 2):
 par new generation   total 153344K, used 10106K [0x0000000089400000, 0x0000000093a60000, 0x0000000093a60000)
  eden space 136320K,   0% used [0x0000000089400000, 0x0000000089400000, 0x0000000091920000)
  from space 17024K,  59% used [0x0000000091920000, 0x00000000922feb40, 0x00000000929c0000)
  to   space 17024K,   0% used [0x00000000929c0000, 0x00000000929c0000, 0x0000000093a60000)
 concurrent mark-sweep generation total 1775232K, used 1299013K [0x0000000093a60000, 0x0000000100000000, 0x0000000100000000)
 Metaspace       used 64833K, capacity 69244K, committed 69260K, reserved 1110016K
  class space    used 8092K, capacity 9104K, committed 9104K, reserved 1048576K
}
Event: 2654.701 GC heap before
{Heap before GC invocations=628 (full 2):
 par new generation   total 153344K, used 146426K [0x0000000089400000, 0x0000000093a60000, 0x0000000093a60000)
  eden space 136320K, 100% used [0x0000000089400000, 0x0000000091920000, 0x0000000091920000)
  from space 17024K,  59% used [0x0000000091920000, 0x00000000922feb40, 0x00000000929c0000)
  to   space 17024K,   0% used [0x00000000929c0000, 0x00000000929c0000, 0x0000000093a60000)
 concurrent mark-sweep generation total 1775232K, used 1299013K [0x0000000093a60000, 0x0000000100000000, 0x0000000100000000)
 Metaspace       used 64833K, capacity 69244K, committed 69260K, reserved 1110016K
  class space    used 8092K, capacity 9104K, committed 9104K, reserved 1048576K
Event: 2654.719 GC heap after
Heap after GC invocations=629 (full 2):
 par new generation   total 153344K, used 14599K [0x0000000089400000, 0x0000000093a60000, 0x0000000093a60000)
  eden space 136320K,   0% used [0x0000000089400000, 0x0000000089400000, 0x0000000091920000)
  from space 17024K,  85% used [0x00000000929c0000, 0x0000000093801ff0, 0x0000000093a60000)
  to   space 17024K,   0% used [0x0000000091920000, 0x0000000091920000, 0x00000000929c0000)
 concurrent mark-sweep generation total 1775232K, used 1299013K [0x0000000093a60000, 0x0000000100000000, 0x0000000100000000)
 Metaspace       used 64833K, capacity 69244K, committed 69260K, reserved 1110016K
  class space    used 8092K, capacity 9104K, committed 9104K, reserved 1048576K
}
Event: 2662.779 GC heap before
{Heap before GC invocations=629 (full 2):
 par new generation   total 153344K, used 150919K [0x0000000089400000, 0x0000000093a60000, 0x0000000093a60000)
  eden space 136320K, 100% used [0x0000000089400000, 0x0000000091920000, 0x0000000091920000)
  from space 17024K,  85% used [0x00000000929c0000, 0x0000000093801ff0, 0x0000000093a60000)
  to   space 17024K,   0% used [0x0000000091920000, 0x0000000091920000, 0x00000000929c0000)
 concurrent mark-sweep generation total 1775232K, used 1299013K [0x0000000093a60000, 0x0000000100000000, 0x0000000100000000)
 Metaspace       used 64833K, capacity 69244K, committed 69260K, reserved 1110016K
  class space    used 8092K, capacity 9104K, committed 9104K, reserved 1048576K
Event: 2662.798 GC heap after
Heap after GC invocations=630 (full 2):
 par new generation   total 153344K, used 12735K [0x0000000089400000, 0x0000000093a60000, 0x0000000093a60000)
  eden space 136320K,   0% used [0x0000000089400000, 0x0000000089400000, 0x0000000091920000)
  from space 17024K,  74% used [0x0000000091920000, 0x000000009258ffe8, 0x00000000929c0000)
  to   space 17024K,   0% used [0x00000000929c0000, 0x00000000929c0000, 0x0000000093a60000)
 concurrent mark-sweep generation total 1775232K, used 1301624K [0x0000000093a60000, 0x0000000100000000, 0x0000000100000000)
 Metaspace       used 64833K, capacity 69244K, committed 69260K, reserved 1110016K
  class space    used 8092K, capacity 9104K, committed 9104K, reserved 1048576K
}
Event: 2669.530 GC heap before
{Heap before GC invocations=630 (full 2):
 par new generation   total 153344K, used 149055K [0x0000000089400000, 0x0000000093a60000, 0x0000000093a60000)
  eden space 136320K, 100% used [0x0000000089400000, 0x0000000091920000, 0x0000000091920000)
  from space 17024K,  74% used [0x0000000091920000, 0x000000009258ffe8, 0x00000000929c0000)
  to   space 17024K,   0% used [0x00000000929c0000, 0x00000000929c0000, 0x0000000093a60000)
 concurrent mark-sweep generation total 1775232K, used 1301624K [0x0000000093a60000, 0x0000000100000000, 0x0000000100000000)
 Metaspace       used 64833K, capacity 69244K, committed 69260K, reserved 1110016K
  class space    used 8092K, capacity 9104K, committed 9104K, reserved 1048576K
Event: 2669.553 GC heap after
Heap after GC invocations=631 (full 2):
 par new generation   total 153344K, used 13959K [0x0000000089400000, 0x0000000093a60000, 0x0000000093a60000)
  eden space 136320K,   0% used [0x0000000089400000, 0x0000000089400000, 0x0000000091920000)
  from space 17024K,  81% used [0x00000000929c0000, 0x0000000093761e20, 0x0000000093a60000)
  to   space 17024K,   0% used [0x0000000091920000, 0x0000000091920000, 0x00000000929c0000)
 concurrent mark-sweep generation total 1775232K, used 1301624K [0x0000000093a60000, 0x0000000100000000, 0x0000000100000000)
 Metaspace       used 64833K, capacity 69244K, committed 69260K, reserved 1110016K
  class space    used 8092K, capacity 9104K, committed 9104K, reserved 1048576K
}
Event: 2676.880 GC heap before
{Heap before GC invocations=631 (full 2):
 par new generation   total 153344K, used 150279K [0x0000000089400000, 0x0000000093a60000, 0x0000000093a60000)
  eden space 136320K, 100% used [0x0000000089400000, 0x0000000091920000, 0x0000000091920000)
  from space 17024K,  81% used [0x00000000929c0000, 0x0000000093761e20, 0x0000000093a60000)
  to   space 17024K,   0% used [0x0000000091920000, 0x0000000091920000, 0x00000000929c0000)
 concurrent mark-sweep generation total 1775232K, used 1301624K [0x0000000093a60000, 0x0000000100000000, 0x0000000100000000)
 Metaspace       used 64833K, capacity 69244K, committed 69260K, reserved 1110016K
  class space    used 8092K, capacity 9104K, committed 9104K, reserved 1048576K
Event: 2676.904 GC heap after
Heap after GC invocations=632 (full 2):
 par new generation   total 153344K, used 17024K [0x0000000089400000, 0x0000000093a60000, 0x0000000093a60000)
  eden space 136320K,   0% used [0x0000000089400000, 0x0000000089400000, 0x0000000091920000)
  from space 17024K, 100% used [0x0000000091920000, 0x00000000929c0000, 0x00000000929c0000)
  to   space 17024K,   0% used [0x00000000929c0000, 0x00000000929c0000, 0x0000000093a60000)
 concurrent mark-sweep generation total 1775232K, used 1304271K [0x0000000093a60000, 0x0000000100000000, 0x0000000100000000)
 Metaspace       used 64833K, capacity 69244K, committed 69260K, reserved 1110016K
  class space    used 8092K, capacity 9104K, committed 9104K, reserved 1048576K
}
Event: 2683.861 GC heap before
{Heap before GC invocations=632 (full 2):
 par new generation   total 153344K, used 153344K [0x0000000089400000, 0x0000000093a60000, 0x0000000093a60000)
  eden space 136320K, 100% used [0x0000000089400000, 0x0000000091920000, 0x0000000091920000)
  from space 17024K, 100% used [0x0000000091920000, 0x00000000929c0000, 0x00000000929c0000)
  to   space 17024K,   0% used [0x00000000929c0000, 0x00000000929c0000, 0x0000000093a60000)
 concurrent mark-sweep generation total 1775232K, used 1304271K [0x0000000093a60000, 0x0000000100000000, 0x0000000100000000)
 Metaspace       used 64833K, capacity 69244K, committed 69260K, reserved 1110016K
  class space    used 8092K, capacity 9104K, committed 9104K, reserved 1048576K
Event: 2683.884 GC heap after
Heap after GC invocations=633 (full 2):
 par new generation   total 153344K, used 15879K [0x0000000089400000, 0x0000000093a60000, 0x0000000093a60000)
  eden space 136320K,   0% used [0x0000000089400000, 0x0000000089400000, 0x0000000091920000)
  from space 17024K,  93% used [0x00000000929c0000, 0x0000000093941cb8, 0x0000000093a60000)
  to   space 17024K,   0% used [0x0000000091920000, 0x0000000091920000, 0x00000000929c0000)
 concurrent mark-sweep generation total 1775232K, used 1307293K [0x0000000093a60000, 0x0000000100000000, 0x0000000100000000)
 Metaspace       used 64833K, capacity 69244K, committed 69260K, reserved 1110016K
  class space    used 8092K, capacity 9104K, committed 9104K, reserved 1048576K
}
Event: 2690.907 GC heap before
{Heap before GC invocations=633 (full 2):
 par new generation   total 153344K, used 152199K [0x0000000089400000, 0x0000000093a60000, 0x0000000093a60000)
  eden space 136320K, 100% used [0x0000000089400000, 0x0000000091920000, 0x0000000091920000)
  from space 17024K,  93% used [0x00000000929c0000, 0x0000000093941cb8, 0x0000000093a60000)
  to   space 17024K,   0% used [0x0000000091920000, 0x0000000091920000, 0x00000000929c0000)
 concurrent mark-sweep generation total 1775232K, used 1307293K [0x0000000093a60000, 0x0000000100000000, 0x0000000100000000)
 Metaspace       used 64833K, capacity 69244K, committed 69260K, reserved 1110016K
  class space    used 8092K, capacity 9104K, committed 9104K, reserved 1048576K
Event: 2690.932 GC heap after
Heap after GC invocations=634 (full 2):
 par new generation   total 153344K, used 17024K [0x0000000089400000, 0x0000000093a60000, 0x0000000093a60000)
  eden space 136320K,   0% used [0x0000000089400000, 0x0000000089400000, 0x0000000091920000)
  from space 17024K, 100% used [0x0000000091920000, 0x00000000929c0000, 0x00000000929c0000)
  to   space 17024K,   0% used [0x00000000929c0000, 0x00000000929c0000, 0x0000000093a60000)
 concurrent mark-sweep generation total 1775232K, used 1308918K [0x0000000093a60000, 0x0000000100000000, 0x0000000100000000)
 Metaspace       used 64833K, capacity 69244K, committed 69260K, reserved 1110016K
  class space    used 8092K, capacity 9104K, committed 9104K, reserved 1048576K
}
Event: 2697.709 GC heap before
{Heap before GC invocations=634 (full 2):
 par new generation   total 153344K, used 153344K [0x0000000089400000, 0x0000000093a60000, 0x0000000093a60000)
  eden space 136320K, 100% used [0x0000000089400000, 0x0000000091920000, 0x0000000091920000)
  from space 17024K, 100% used [0x0000000091920000, 0x00000000929c0000, 0x00000000929c0000)
  to   space 17024K,   0% used [0x00000000929c0000, 0x00000000929c0000, 0x0000000093a60000)
 concurrent mark-sweep generation total 1775232K, used 1308918K [0x0000000093a60000, 0x0000000100000000, 0x0000000100000000)
 Metaspace       used 64833K, capacity 69244K, committed 69260K, reserved 1110016K
  class space    used 8092K, capacity 9104K, committed 9104K, reserved 1048576K
Event: 2697.728 GC heap after
Heap after GC invocations=635 (full 2):
 par new generation   total 153344K, used 10942K [0x0000000089400000, 0x0000000093a60000, 0x0000000093a60000)
  eden space 136320K,   0% used [0x0000000089400000, 0x0000000089400000, 0x0000000091920000)
  from space 17024K,  64% used [0x00000000929c0000, 0x000000009346fae0, 0x0000000093a60000)
  to   space 17024K,   0% used [0x0000000091920000, 0x0000000091920000, 0x00000000929c0000)
 concurrent mark-sweep generation total 1775232K, used 1312106K [0x0000000093a60000, 0x0000000100000000, 0x0000000100000000)
 Metaspace       used 64833K, capacity 69244K, committed 69260K, reserved 1110016K
  class space    used 8092K, capacity 9104K, committed 9104K, reserved 1048576K
}
Event: 2705.308 GC heap before
{Heap before GC invocations=635 (full 2):
 par new generation   total 153344K, used 147262K [0x0000000089400000, 0x0000000093a60000, 0x0000000093a60000)
  eden space 136320K, 100% used [0x0000000089400000, 0x0000000091920000, 0x0000000091920000)
  from space 17024K,  64% used [0x00000000929c0000, 0x000000009346fae0, 0x0000000093a60000)
  to   space 17024K,   0% used [0x0000000091920000, 0x0000000091920000, 0x00000000929c0000)
 concurrent mark-sweep generation total 1775232K, used 1312106K [0x0000000093a60000, 0x0000000100000000, 0x0000000100000000)
 Metaspace       used 64833K, capacity 69244K, committed 69260K, reserved 1110016K
  class space    used 8092K, capacity 9104K, committed 9104K, reserved 1048576K
Event: 2705.326 GC heap after
Heap after GC invocations=636 (full 2):
 par new generation   total 153344K, used 10069K [0x0000000089400000, 0x0000000093a60000, 0x0000000093a60000)
  eden space 136320K,   0% used [0x0000000089400000, 0x0000000089400000, 0x0000000091920000)
  from space 17024K,  59% used [0x0000000091920000, 0x00000000922f5640, 0x00000000929c0000)
  to   space 17024K,   0% used [0x00000000929c0000, 0x00000000929c0000, 0x0000000093a60000)
 concurrent mark-sweep generation total 1775232K, used 1312106K [0x0000000093a60000, 0x0000000100000000, 0x0000000100000000)
 Metaspace       used 64833K, capacity 69244K, committed 69260K, reserved 1110016K
  class space    used 8092K, capacity 9104K, committed 9104K, reserved 1048576K
}
Event: 2713.049 GC heap before
{Heap before GC invocations=636 (full 2):
 par new generation   total 153344K, used 146389K [0x0000000089400000, 0x0000000093a60000, 0x0000000093a60000)
  eden space 136320K, 100% used [0x0000000089400000, 0x0000000091920000, 0x0000000091920000)
  from space 17024K,  59% used [0x0000000091920000, 0x00000000922f5640, 0x00000000929c0000)
  to   space 17024K,   0% used [0x00000000929c0000, 0x00000000929c0000, 0x0000000093a60000)
 concurrent mark-sweep generation total 1775232K, used 1312106K [0x0000000093a60000, 0x0000000100000000, 0x0000000100000000)
 Metaspace       used 64833K, capacity 69244K, committed 69260K, reserved 1110016K
  class space    used 8092K, capacity 9104K, committed 9104K, reserved 1048576K
Event: 2713.067 GC heap after
Heap after GC invocations=637 (full 2):
 par new generation   total 153344K, used 11421K [0x0000000089400000, 0x0000000093a60000, 0x0000000093a60000)
  eden space 136320K,   0% used [0x0000000089400000, 0x0000000089400000, 0x0000000091920000)
  from space 17024K,  67% used [0x00000000929c0000, 0x00000000934e7438, 0x0000000093a60000)
  to   space 17024K,   0% used [0x0000000091920000, 0x0000000091920000, 0x00000000929c0000)
 concurrent mark-sweep generation total 1775232K, used 1314404K [0x0000000093a60000, 0x0000000100000000, 0x0000000100000000)
 Metaspace       used 64833K, capacity 69244K, committed 69260K, reserved 1110016K
  class space    used 8092K, capacity 9104K, committed 9104K, reserved 1048576K
}
Event: 2719.978 GC heap before
{Heap before GC invocations=637 (full 2):
 par new generation   total 153344K, used 147741K [0x0000000089400000, 0x0000000093a60000, 0x0000000093a60000)
  eden space 136320K, 100% used [0x0000000089400000, 0x0000000091920000, 0x0000000091920000)
  from space 17024K,  67% used [0x00000000929c0000, 0x00000000934e7438, 0x0000000093a60000)
  to   space 17024K,   0% used [0x0000000091920000, 0x0000000091920000, 0x00000000929c0000)
 concurrent mark-sweep generation total 1775232K, used 1314404K [0x0000000093a60000, 0x0000000100000000, 0x0000000100000000)
 Metaspace       used 64833K, capacity 69244K, committed 69260K, reserved 1110016K
  class space    used 8092K, capacity 9104K, committed 9104K, reserved 1048576K
Event: 2719.995 GC heap after
Heap after GC invocations=638 (full 2):
 par new generation   total 153344K, used 14486K [0x0000000089400000, 0x0000000093a60000, 0x0000000093a60000)
  eden space 136320K,   0% used [0x0000000089400000, 0x0000000089400000, 0x0000000091920000)
  from space 17024K,  85% used [0x0000000091920000, 0x0000000092745aa0, 0x00000000929c0000)
  to   space 17024K,   0% used [0x00000000929c0000, 0x00000000929c0000, 0x0000000093a60000)
 concurrent mark-sweep generation total 1775232K, used 1314404K [0x0000000093a60000, 0x0000000100000000, 0x0000000100000000)
 Metaspace       used 64833K, capacity 69244K, committed 69260K, reserved 1110016K
  class space    used 8092K, capacity 9104K, committed 9104K, reserved 1048576K
}
Event: 2727.315 GC heap before
{Heap before GC invocations=638 (full 2):
 par new generation   total 153344K, used 150806K [0x0000000089400000, 0x0000000093a60000, 0x0000000093a60000)
  eden space 136320K, 100% used [0x0000000089400000, 0x0000000091920000, 0x0000000091920000)
  from space 17024K,  85% used [0x0000000091920000, 0x0000000092745aa0, 0x00000000929c0000)
  to   space 17024K,   0% used [0x00000000929c0000, 0x00000000929c0000, 0x0000000093a60000)
 concurrent mark-sweep generation total 1775232K, used 1314404K [0x0000000093a60000, 0x0000000100000000, 0x0000000100000000)
 Metaspace       used 64836K, capacity 69244K, committed 69260K, reserved 1110016K
  class space    used 8092K, capacity 9104K, committed 9104K, reserved 1048576K
Event: 2727.333 GC heap after
Heap after GC invocations=639 (full 2):
 par new generation   total 153344K, used 13113K [0x0000000089400000, 0x0000000093a60000, 0x0000000093a60000)
  eden space 136320K,   0% used [0x0000000089400000, 0x0000000089400000, 0x0000000091920000)
  from space 17024K,  77% used [0x00000000929c0000, 0x000000009368e6b0, 0x0000000093a60000)
  to   space 17024K,   0% used [0x0000000091920000, 0x0000000091920000, 0x00000000929c0000)
 concurrent mark-sweep generation total 1775232K, used 1315966K [0x0000000093a60000, 0x0000000100000000, 0x0000000100000000)
 Metaspace       used 64836K, capacity 69244K, committed 69260K, reserved 1110016K
  class space    used 8092K, capacity 9104K, committed 9104K, reserved 1048576K
}
Event: 2734.249 GC heap before
{Heap before GC invocations=639 (full 2):
 par new generation   total 153344K, used 149433K [0x0000000089400000, 0x0000000093a60000, 0x0000000093a60000)
  eden space 136320K, 100% used [0x0000000089400000, 0x0000000091920000, 0x0000000091920000)
  from space 17024K,  77% used [0x00000000929c0000, 0x000000009368e6b0, 0x0000000093a60000)
  to   space 17024K,   0% used [0x0000000091920000, 0x0000000091920000, 0x00000000929c0000)
 concurrent mark-sweep generation total 1775232K, used 1315966K [0x0000000093a60000, 0x0000000100000000, 0x0000000100000000)
 Metaspace       used 64836K, capacity 69244K, committed 69260K, reserved 1110016K
  class space    used 8092K, capacity 9104K, committed 9104K, reserved 1048576K
Event: 2734.266 GC heap after
Heap after GC invocations=640 (full 2):
 par new generation   total 153344K, used 12839K [0x0000000089400000, 0x0000000093a60000, 0x0000000093a60000)
  eden space 136320K,   0% used [0x0000000089400000, 0x0000000089400000, 0x0000000091920000)
  from space 17024K,  75% used [0x0000000091920000, 0x00000000925a9ef0, 0x00000000929c0000)
  to   space 17024K,   0% used [0x00000000929c0000, 0x00000000929c0000, 0x0000000093a60000)
 concurrent mark-sweep generation total 1775232K, used 1315966K [0x0000000093a60000, 0x0000000100000000, 0x0000000100000000)
 Metaspace       used 64836K, capacity 69244K, committed 69260K, reserved 1110016K
  class space    used 8092K, capacity 9104K, committed 9104K, reserved 1048576K
}
Event: 2739.758 GC heap before
{Heap before GC invocations=640 (full 2):
 par new generation   total 153344K, used 149159K [0x0000000089400000, 0x0000000093a60000, 0x0000000093a60000)
  eden space 136320K, 100% used [0x0000000089400000, 0x0000000091920000, 0x0000000091920000)
  from space 17024K,  75% used [0x0000000091920000, 0x00000000925a9ef0, 0x00000000929c0000)
  to   space 17024K,   0% used [0x00000000929c0000, 0x00000000929c0000, 0x0000000093a60000)
 concurrent mark-sweep generation total 1775232K, used 1315966K [0x0000000093a60000, 0x0000000100000000, 0x0000000100000000)
 Metaspace       used 64836K, capacity 69244K, committed 69260K, reserved 1110016K
  class space    used 8092K, capacity 9104K, committed 9104K, reserved 1048576K
Event: 2739.779 GC heap after
Heap after GC invocations=641 (full 2):
 par new generation   total 153344K, used 12806K [0x0000000089400000, 0x0000000093a60000, 0x0000000093a60000)
  eden space 136320K,   0% used [0x0000000089400000, 0x0000000089400000, 0x0000000091920000)
  from space 17024K,  75% used [0x00000000929c0000, 0x0000000093641ad8, 0x0000000093a60000)
  to   space 17024K,   0% used [0x0000000091920000, 0x0000000091920000, 0x00000000929c0000)
 concurrent mark-sweep generation total 1775232K, used 1316885K [0x0000000093a60000, 0x0000000100000000, 0x0000000100000000)
 Metaspace       used 64836K, capacity 69244K, committed 69260K, reserved 1110016K
  class space    used 8092K, capacity 9104K, committed 9104K, reserved 1048576K
}
Event: 2744.368 GC heap before
{Heap before GC invocations=641 (full 2):
 par new generation   total 153344K, used 149126K [0x0000000089400000, 0x0000000093a60000, 0x0000000093a60000)
  eden space 136320K, 100% used [0x0000000089400000, 0x0000000091920000, 0x0000000091920000)
  from space 17024K,  75% used [0x00000000929c0000, 0x0000000093641ad8, 0x0000000093a60000)
  to   space 17024K,   0% used [0x0000000091920000, 0x0000000091920000, 0x00000000929c0000)
 concurrent mark-sweep generation total 1775232K, used 1316885K [0x0000000093a60000, 0x0000000100000000, 0x0000000100000000)
 Metaspace       used 64836K, capacity 69244K, committed 69260K, reserved 1110016K
  class space    used 8092K, capacity 9104K, committed 9104K, reserved 1048576K
Event: 2744.393 GC heap after
Heap after GC invocations=642 (full 2):
 par new generation   total 153344K, used 17024K [0x0000000089400000, 0x0000000093a60000, 0x0000000093a60000)
  eden space 136320K,   0% used [0x0000000089400000, 0x0000000089400000, 0x0000000091920000)
  from space 17024K, 100% used [0x0000000091920000, 0x00000000929c0000, 0x00000000929c0000)
  to   space 17024K,   0% used [0x00000000929c0000, 0x00000000929c0000, 0x0000000093a60000)
 concurrent mark-sweep generation total 1775232K, used 1318156K [0x0000000093a60000, 0x0000000100000000, 0x0000000100000000)
 Metaspace       used 64836K, capacity 69244K, committed 69260K, reserved 1110016K
  class space    used 8092K, capacity 9104K, committed 9104K, reserved 1048576K
}
Event: 2752.461 GC heap before
{Heap before GC invocations=642 (full 2):
 par new generation   total 153344K, used 153344K [0x0000000089400000, 0x0000000093a60000, 0x0000000093a60000)
  eden space 136320K, 100% used [0x0000000089400000, 0x0000000091920000, 0x0000000091920000)
  from space 17024K, 100% used [0x0000000091920000, 0x00000000929c0000, 0x00000000929c0000)
  to   space 17024K,   0% used [0x00000000929c0000, 0x00000000929c0000, 0x0000000093a60000)
 concurrent mark-sweep generation total 1775232K, used 1318156K [0x0000000093a60000, 0x0000000100000000, 0x0000000100000000)
 Metaspace       used 64836K, capacity 69244K, committed 69260K, reserved 1110016K
  class space    used 8092K, capacity 9104K, committed 9104K, reserved 1048576K
Event: 2752.487 GC heap after
Heap after GC invocations=643 (full 2):
 par new generation   total 153344K, used 13588K [0x0000000089400000, 0x0000000093a60000, 0x0000000093a60000)
  eden space 136320K,   0% used [0x0000000089400000, 0x0000000089400000, 0x0000000091920000)
  from space 17024K,  79% used [0x00000000929c0000, 0x0000000093705348, 0x0000000093a60000)
  to   space 17024K,   0% used [0x0000000091920000, 0x0000000091920000, 0x00000000929c0000)
 concurrent mark-sweep generation total 1775232K, used 1327085K [0x0000000093a60000, 0x0000000100000000, 0x0000000100000000)
 Metaspace       used 64836K, capacity 69244K, committed 69260K, reserved 1110016K
  class space    used 8092K, capacity 9104K, committed 9104K, reserved 1048576K
}
Event: 2760.665 GC heap before
{Heap before GC invocations=643 (full 2):
 par new generation   total 153344K, used 149908K [0x0000000089400000, 0x0000000093a60000, 0x0000000093a60000)
  eden space 136320K, 100% used [0x0000000089400000, 0x0000000091920000, 0x0000000091920000)
  from space 17024K,  79% used [0x00000000929c0000, 0x0000000093705348, 0x0000000093a60000)
  to   space 17024K,   0% used [0x0000000091920000, 0x0000000091920000, 0x00000000929c0000)
 concurrent mark-sweep generation total 1775232K, used 1327085K [0x0000000093a60000, 0x0000000100000000, 0x0000000100000000)
 Metaspace       used 64836K, capacity 69244K, committed 69260K, reserved 1110016K
  class space    used 8092K, capacity 9104K, committed 9104K, reserved 1048576K
Event: 2760.678 GC heap after
Heap after GC invocations=644 (full 2):
 par new generation   total 153344K, used 5424K [0x0000000089400000, 0x0000000093a60000, 0x0000000093a60000)
  eden space 136320K,   0% used [0x0000000089400000, 0x0000000089400000, 0x0000000091920000)
  from space 17024K,  31% used [0x0000000091920000, 0x0000000091e6c000, 0x00000000929c0000)
  to   space 17024K,   0% used [0x00000000929c0000, 0x00000000929c0000, 0x0000000093a60000)
 concurrent mark-sweep generation total 1775232K, used 1327085K [0x0000000093a60000, 0x0000000100000000, 0x0000000100000000)
 Metaspace       used 64836K, capacity 69244K, committed 69260K, reserved 1110016K
  class space    used 8092K, capacity 9104K, committed 9104K, reserved 1048576K
}
Event: 2767.707 GC heap before
{Heap before GC invocations=644 (full 2):
 par new generation   total 153344K, used 141744K [0x0000000089400000, 0x0000000093a60000, 0x0000000093a60000)
  eden space 136320K, 100% used [0x0000000089400000, 0x0000000091920000, 0x0000000091920000)
  from space 17024K,  31% used [0x0000000091920000, 0x0000000091e6c000, 0x00000000929c0000)
  to   space 17024K,   0% used [0x00000000929c0000, 0x00000000929c0000, 0x0000000093a60000)
 concurrent mark-sweep generation total 1775232K, used 1327085K [0x0000000093a60000, 0x0000000100000000, 0x0000000100000000)
 Metaspace       used 64836K, capacity 69244K, committed 69260K, reserved 1110016K
  class space    used 8092K, capacity 9104K, committed 9104K, reserved 1048576K
Event: 2767.722 GC heap after
Heap after GC invocations=645 (full 2):
 par new generation   total 153344K, used 6334K [0x0000000089400000, 0x0000000093a60000, 0x0000000093a60000)
  eden space 136320K,   0% used [0x0000000089400000, 0x0000000089400000, 0x0000000091920000)
  from space 17024K,  37% used [0x00000000929c0000, 0x0000000092fefbc8, 0x0000000093a60000)
  to   space 17024K,   0% used [0x0000000091920000, 0x0000000091920000, 0x00000000929c0000)
 concurrent mark-sweep generation total 1775232K, used 1327085K [0x0000000093a60000, 0x0000000100000000, 0x0000000100000000)
 Metaspace       used 64836K, capacity 69244K, committed 69260K, reserved 1110016K
  class space    used 8092K, capacity 9104K, committed 9104K, reserved 1048576K
}
Event: 2774.127 GC heap before
{Heap before GC invocations=645 (full 2):
 par new generation   total 153344K, used 142654K [0x0000000089400000, 0x0000000093a60000, 0x0000000093a60000)
  eden space 136320K, 100% used [0x0000000089400000, 0x0000000091920000, 0x0000000091920000)
  from space 17024K,  37% used [0x00000000929c0000, 0x0000000092fefbc8, 0x0000000093a60000)
  to   space 17024K,   0% used [0x0000000091920000, 0x0000000091920000, 0x00000000929c0000)
 concurrent mark-sweep generation total 1775232K, used 1327085K [0x0000000093a60000, 0x0000000100000000, 0x0000000100000000)
 Metaspace       used 64836K, capacity 69244K, committed 69260K, reserved 1110016K
  class space    used 8092K, capacity 9104K, committed 9104K, reserved 1048576K
Event: 2774.159 GC heap after
Heap after GC invocations=646 (full 2):
 par new generation   total 153344K, used 8876K [0x0000000089400000, 0x0000000093a60000, 0x0000000093a60000)
  eden space 136320K,   0% used [0x0000000089400000, 0x0000000089400000, 0x0000000091920000)
  from space 17024K,  52% used [0x0000000091920000, 0x00000000921cb130, 0x00000000929c0000)
  to   space 17024K,   0% used [0x00000000929c0000, 0x00000000929c0000, 0x0000000093a60000)
 concurrent mark-sweep generation total 1775232K, used 1327085K [0x0000000093a60000, 0x0000000100000000, 0x0000000100000000)
 Metaspace       used 64836K, capacity 69244K, committed 69260K, reserved 1110016K
  class space    used 8092K, capacity 9104K, committed 9104K, reserved 1048576K
}
Event: 2780.690 GC heap before
{Heap before GC invocations=646 (full 2):
 par new generation   total 153344K, used 145196K [0x0000000089400000, 0x0000000093a60000, 0x0000000093a60000)
  eden space 136320K, 100% used [0x0000000089400000, 0x0000000091920000, 0x0000000091920000)
  from space 17024K,  52% used [0x0000000091920000, 0x00000000921cb130, 0x00000000929c0000)
  to   space 17024K,   0% used [0x00000000929c0000, 0x00000000929c0000, 0x0000000093a60000)
 concurrent mark-sweep generation total 1775232K, used 1327085K [0x0000000093a60000, 0x0000000100000000, 0x0000000100000000)
 Metaspace       used 64836K, capacity 69244K, committed 69260K, reserved 1110016K
  class space    used 8092K, capacity 9104K, committed 9104K, reserved 1048576K
Event: 2780.709 GC heap after
Heap after GC invocations=647 (full 2):
 par new generation   total 153344K, used 12811K [0x0000000089400000, 0x0000000093a60000, 0x0000000093a60000)
  eden space 136320K,   0% used [0x0000000089400000, 0x0000000089400000, 0x0000000091920000)
  from space 17024K,  75% used [0x00000000929c0000, 0x0000000093642e98, 0x0000000093a60000)
  to   space 17024K,   0% used [0x0000000091920000, 0x0000000091920000, 0x00000000929c0000)
 concurrent mark-sweep generation total 1775232K, used 1327085K [0x0000000093a60000, 0x0000000100000000, 0x0000000100000000)
 Metaspace       used 64836K, capacity 69244K, committed 69260K, reserved 1110016K
  class space    used 8092K, capacity 9104K, committed 9104K, reserved 1048576K
}
Event: 2788.671 GC heap before
{Heap before GC invocations=647 (full 2):
 par new generation   total 153344K, used 149131K [0x0000000089400000, 0x0000000093a60000, 0x0000000093a60000)
  eden space 136320K, 100% used [0x0000000089400000, 0x0000000091920000, 0x0000000091920000)
  from space 17024K,  75% used [0x00000000929c0000, 0x0000000093642e98, 0x0000000093a60000)
  to   space 17024K,   0% used [0x0000000091920000, 0x0000000091920000, 0x00000000929c0000)
 concurrent mark-sweep generation total 1775232K, used 1327085K [0x0000000093a60000, 0x0000000100000000, 0x0000000100000000)
 Metaspace       used 64836K, capacity 69244K, committed 69260K, reserved 1110016K
  class space    used 8092K, capacity 9104K, committed 9104K, reserved 1048576K
Event: 2788.689 GC heap after
Heap after GC invocations=648 (full 2):
 par new generation   total 153344K, used 12744K [0x0000000089400000, 0x0000000093a60000, 0x0000000093a60000)
  eden space 136320K,   0% used [0x0000000089400000, 0x0000000089400000, 0x0000000091920000)
  from space 17024K,  74% used [0x0000000091920000, 0x0000000092592178, 0x00000000929c0000)
  to   space 17024K,   0% used [0x00000000929c0000, 0x00000000929c0000, 0x0000000093a60000)
 concurrent mark-sweep generation total 1775232K, used 1328627K [0x0000000093a60000, 0x0000000100000000, 0x0000000100000000)
 Metaspace       used 64836K, capacity 69244K, committed 69260K, reserved 1110016K
  class space    used 8092K, capacity 9104K, committed 9104K, reserved 1048576K
}
Event: 2796.727 GC heap before
{Heap before GC invocations=648 (full 2):
 par new generation   total 153344K, used 149064K [0x0000000089400000, 0x0000000093a60000, 0x0000000093a60000)
  eden space 136320K, 100% used [0x0000000089400000, 0x0000000091920000, 0x0000000091920000)
  from space 17024K,  74% used [0x0000000091920000, 0x0000000092592178, 0x00000000929c0000)
  to   space 17024K,   0% used [0x00000000929c0000, 0x00000000929c0000, 0x0000000093a60000)
 concurrent mark-sweep generation total 1775232K, used 1328627K [0x0000000093a60000, 0x0000000100000000, 0x0000000100000000)
 Metaspace       used 64836K, capacity 69244K, committed 69260K, reserved 1110016K
  class space    used 8092K, capacity 9104K, committed 9104K, reserved 1048576K
Event: 2796.742 GC heap after
Heap after GC invocations=649 (full 2):
 par new generation   total 153344K, used 11817K [0x0000000089400000, 0x0000000093a60000, 0x0000000093a60000)
  eden space 136320K,   0% used [0x0000000089400000, 0x0000000089400000, 0x0000000091920000)
  from space 17024K,  69% used [0x00000000929c0000, 0x000000009354a628, 0x0000000093a60000)
  to   space 17024K,   0% used [0x0000000091920000, 0x0000000091920000, 0x00000000929c0000)
 concurrent mark-sweep generation total 1775232K, used 1328627K [0x0000000093a60000, 0x0000000100000000, 0x0000000100000000)
 Metaspace       used 64836K, capacity 69244K, committed 69260K, reserved 1110016K
  class space    used 8092K, capacity 9104K, committed 9104K, reserved 1048576K
}
Event: 2804.129 GC heap before
{Heap before GC invocations=649 (full 2):
 par new generation   total 153344K, used 148137K [0x0000000089400000, 0x0000000093a60000, 0x0000000093a60000)
  eden space 136320K, 100% used [0x0000000089400000, 0x0000000091920000, 0x0000000091920000)
  from space 17024K,  69% used [0x00000000929c0000, 0x000000009354a628, 0x0000000093a60000)
  to   space 17024K,   0% used [0x0000000091920000, 0x0000000091920000, 0x00000000929c0000)
 concurrent mark-sweep generation total 1775232K, used 1328627K [0x0000000093a60000, 0x0000000100000000, 0x0000000100000000)
 Metaspace       used 64836K, capacity 69244K, committed 69260K, reserved 1110016K
  class space    used 8092K, capacity 9104K, committed 9104K, reserved 1048576K
Event: 2804.145 GC heap after
Heap after GC invocations=650 (full 2):
 par new generation   total 153344K, used 12126K [0x0000000089400000, 0x0000000093a60000, 0x0000000093a60000)
  eden space 136320K,   0% used [0x0000000089400000, 0x0000000089400000, 0x0000000091920000)
  from space 17024K,  71% used [0x0000000091920000, 0x00000000924f7a38, 0x00000000929c0000)
  to   space 17024K,   0% used [0x00000000929c0000, 0x00000000929c0000, 0x0000000093a60000)
 concurrent mark-sweep generation total 1775232K, used 1328627K [0x0000000093a60000, 0x0000000100000000, 0x0000000100000000)
 Metaspace       used 64836K, capacity 69244K, committed 69260K, reserved 1110016K
  class space    used 8092K, capacity 9104K, committed 9104K, reserved 1048576K
}
Event: 2812.333 GC heap before
{Heap before GC invocations=650 (full 2):
 par new generation   total 153344K, used 148446K [0x0000000089400000, 0x0000000093a60000, 0x0000000093a60000)
  eden space 136320K, 100% used [0x0000000089400000, 0x0000000091920000, 0x0000000091920000)
  from space 17024K,  71% used [0x0000000091920000, 0x00000000924f7a38, 0x00000000929c0000)
  to   space 17024K,   0% used [0x00000000929c0000, 0x00000000929c0000, 0x0000000093a60000)
 concurrent mark-sweep generation total 1775232K, used 1328627K [0x0000000093a60000, 0x0000000100000000, 0x0000000100000000)
 Metaspace       used 64837K, capacity 69244K, committed 69260K, reserved 1110016K
  class space    used 8092K, capacity 9104K, committed 9104K, reserved 1048576K
Event: 2812.351 GC heap after
Heap after GC invocations=651 (full 2):
 par new generation   total 153344K, used 13624K [0x0000000089400000, 0x0000000093a60000, 0x0000000093a60000)
  eden space 136320K,   0% used [0x0000000089400000, 0x0000000089400000, 0x0000000091920000)
  from space 17024K,  80% used [0x00000000929c0000, 0x000000009370e338, 0x0000000093a60000)
  to   space 17024K,   0% used [0x0000000091920000, 0x0000000091920000, 0x00000000929c0000)
 concurrent mark-sweep generation total 1775232K, used 1331205K [0x0000000093a60000, 0x0000000100000000, 0x0000000100000000)
 Metaspace       used 64837K, capacity 69244K, committed 69260K, reserved 1110016K
  class space    used 8092K, capacity 9104K, committed 9104K, reserved 1048576K
}
Event: 2819.959 GC heap before
{Heap before GC invocations=651 (full 2):
 par new generation   total 153344K, used 149944K [0x0000000089400000, 0x0000000093a60000, 0x0000000093a60000)
  eden space 136320K, 100% used [0x0000000089400000, 0x0000000091920000, 0x0000000091920000)
  from space 17024K,  80% used [0x00000000929c0000, 0x000000009370e338, 0x0000000093a60000)
  to   space 17024K,   0% used [0x0000000091920000, 0x0000000091920000, 0x00000000929c0000)
 concurrent mark-sweep generation total 1775232K, used 1331205K [0x0000000093a60000, 0x0000000100000000, 0x0000000100000000)
 Metaspace       used 64838K, capacity 69244K, committed 69260K, reserved 1110016K
  class space    used 8092K, capacity 9104K, committed 9104K, reserved 1048576K
Event: 2819.980 GC heap after
Heap after GC invocations=652 (full 2):
 par new generation   total 153344K, used 14936K [0x0000000089400000, 0x0000000093a60000, 0x0000000093a60000)
  eden space 136320K,   0% used [0x0000000089400000, 0x0000000089400000, 0x0000000091920000)
  from space 17024K,  87% used [0x0000000091920000, 0x00000000927b6358, 0x00000000929c0000)
  to   space 17024K,   0% used [0x00000000929c0000, 0x00000000929c0000, 0x0000000093a60000)
 concurrent mark-sweep generation total 1775232K, used 1331205K [0x0000000093a60000, 0x0000000100000000, 0x0000000100000000)
 Metaspace       used 64838K, capacity 69244K, committed 69260K, reserved 1110016K
  class space    used 8092K, capacity 9104K, committed 9104K, reserved 1048576K
}
Event: 2825.455 GC heap before
{Heap before GC invocations=652 (full 2):
 par new generation   total 153344K, used 151256K [0x0000000089400000, 0x0000000093a60000, 0x0000000093a60000)
  eden space 136320K, 100% used [0x0000000089400000, 0x0000000091920000, 0x0000000091920000)
  from space 17024K,  87% used [0x0000000091920000, 0x00000000927b6358, 0x00000000929c0000)
  to   space 17024K,   0% used [0x00000000929c0000, 0x00000000929c0000, 0x0000000093a60000)
 concurrent mark-sweep generation total 1775232K, used 1331205K [0x0000000093a60000, 0x0000000100000000, 0x0000000100000000)
 Metaspace       used 64838K, capacity 69244K, committed 69260K, reserved 1110016K
  class space    used 8092K, capacity 9104K, committed 9104K, reserved 1048576K
Event: 2825.475 GC heap after
Heap after GC invocations=653 (full 2):
 par new generation   total 153344K, used 16012K [0x0000000089400000, 0x0000000093a60000, 0x0000000093a60000)
  eden space 136320K,   0% used [0x0000000089400000, 0x0000000089400000, 0x0000000091920000)
  from space 17024K,  94% used [0x00000000929c0000, 0x00000000939630a0, 0x0000000093a60000)
  to   space 17024K,   0% used [0x0000000091920000, 0x0000000091920000, 0x00000000929c0000)
 concurrent mark-sweep generation total 1775232K, used 1331455K [0x0000000093a60000, 0x0000000100000000, 0x0000000100000000)
 Metaspace       used 64838K, capacity 69244K, committed 69260K, reserved 1110016K
  class space    used 8092K, capacity 9104K, committed 9104K, reserved 1048576K
}
Event: 2833.617 GC heap before
{Heap before GC invocations=653 (full 2):
 par new generation   total 153344K, used 152332K [0x0000000089400000, 0x0000000093a60000, 0x0000000093a60000)
  eden space 136320K, 100% used [0x0000000089400000, 0x0000000091920000, 0x0000000091920000)
  from space 17024K,  94% used [0x00000000929c0000, 0x00000000939630a0, 0x0000000093a60000)
  to   space 17024K,   0% used [0x0000000091920000, 0x0000000091920000, 0x00000000929c0000)
 concurrent mark-sweep generation total 1775232K, used 1331455K [0x0000000093a60000, 0x0000000100000000, 0x0000000100000000)
 Metaspace       used 64838K, capacity 69244K, committed 69260K, reserved 1110016K
  class space    used 8092K, capacity 9104K, committed 9104K, reserved 1048576K
Event: 2833.636 GC heap after
Heap after GC invocations=654 (full 2):
 par new generation   total 153344K, used 6154K [0x0000000089400000, 0x0000000093a60000, 0x0000000093a60000)
  eden space 136320K,   0% used [0x0000000089400000, 0x0000000089400000, 0x0000000091920000)
  from space 17024K,  36% used [0x0000000091920000, 0x0000000091f22b40, 0x00000000929c0000)
  to   space 17024K,   0% used [0x00000000929c0000, 0x00000000929c0000, 0x0000000093a60000)
 concurrent mark-sweep generation total 1775232K, used 1336230K [0x0000000093a60000, 0x0000000100000000, 0x0000000100000000)
 Metaspace       used 64838K, capacity 69244K, committed 69260K, reserved 1110016K
  class space    used 8092K, capacity 9104K, committed 9104K, reserved 1048576K
}
Event: 2842.271 GC heap before
{Heap before GC invocations=654 (full 2):
 par new generation   total 153344K, used 142474K [0x0000000089400000, 0x0000000093a60000, 0x0000000093a60000)
  eden space 136320K, 100% used [0x0000000089400000, 0x0000000091920000, 0x0000000091920000)
  from space 17024K,  36% used [0x0000000091920000, 0x0000000091f22b40, 0x00000000929c0000)
  to   space 17024K,   0% used [0x00000000929c0000, 0x00000000929c0000, 0x0000000093a60000)
 concurrent mark-sweep generation total 1775232K, used 1336230K [0x0000000093a60000, 0x0000000100000000, 0x0000000100000000)
 Metaspace       used 64838K, capacity 69244K, committed 69260K, reserved 1110016K
  class space    used 8092K, capacity 9104K, committed 9104K, reserved 1048576K
Event: 2842.283 GC heap after
Heap after GC invocations=655 (full 2):
 par new generation   total 153344K, used 5754K [0x0000000089400000, 0x0000000093a60000, 0x0000000093a60000)
  eden space 136320K,   0% used [0x0000000089400000, 0x0000000089400000, 0x0000000091920000)
  from space 17024K,  33% used [0x00000000929c0000, 0x0000000092f5e900, 0x0000000093a60000)
  to   space 17024K,   0% used [0x0000000091920000, 0x0000000091920000, 0x00000000929c0000)
 concurrent mark-sweep generation total 1775232K, used 1336230K [0x0000000093a60000, 0x0000000100000000, 0x0000000100000000)
 Metaspace       used 64838K, capacity 69244K, committed 69260K, reserved 1110016K
  class space    used 8092K, capacity 9104K, committed 9104K, reserved 1048576K
}
Event: 2844.927 GC heap before
{Heap before GC invocations=655 (full 2):
 par new generation   total 153344K, used 142074K [0x0000000089400000, 0x0000000093a60000, 0x0000000093a60000)
  eden space 136320K, 100% used [0x0000000089400000, 0x0000000091920000, 0x0000000091920000)
  from space 17024K,  33% used [0x00000000929c0000, 0x0000000092f5e900, 0x0000000093a60000)
  to   space 17024K,   0% used [0x0000000091920000, 0x0000000091920000, 0x00000000929c0000)
 concurrent mark-sweep generation total 1775232K, used 1336230K [0x0000000093a60000, 0x0000000100000000, 0x0000000100000000)
 Metaspace       used 64843K, capacity 69250K, committed 69388K, reserved 1110016K
  class space    used 8092K, capacity 9105K, committed 9232K, reserved 1048576K
Event: 2844.961 GC heap after
Heap after GC invocations=656 (full 2):
 par new generation   total 153344K, used 17024K [0x0000000089400000, 0x0000000093a60000, 0x0000000093a60000)
  eden space 136320K,   0% used [0x0000000089400000, 0x0000000089400000, 0x0000000091920000)
  from space 17024K, 100% used [0x0000000091920000, 0x00000000929c0000, 0x00000000929c0000)
  to   space 17024K,   0% used [0x00000000929c0000, 0x00000000929c0000, 0x0000000093a60000)
 concurrent mark-sweep generation total 1775232K, used 1343315K [0x0000000093a60000, 0x0000000100000000, 0x0000000100000000)
 Metaspace       used 64843K, capacity 69250K, committed 69388K, reserved 1110016K
  class space    used 8092K, capacity 9105K, committed 9232K, reserved 1048576K
}
Event: 2850.346 GC heap before
{Heap before GC invocations=656 (full 2):
 par new generation   total 153344K, used 153344K [0x0000000089400000, 0x0000000093a60000, 0x0000000093a60000)
  eden space 136320K, 100% used [0x0000000089400000, 0x0000000091920000, 0x0000000091920000)
  from space 17024K, 100% used [0x0000000091920000, 0x00000000929c0000, 0x00000000929c0000)
  to   space 17024K,   0% used [0x00000000929c0000, 0x00000000929c0000, 0x0000000093a60000)
 concurrent mark-sweep generation total 1775232K, used 1343315K [0x0000000093a60000, 0x0000000100000000, 0x0000000100000000)
 Metaspace       used 64843K, capacity 69250K, committed 69388K, reserved 1110016K
  class space    used 8092K, capacity 9105K, committed 9232K, reserved 1048576K
Event: 2850.382 GC heap after
Heap after GC invocations=657 (full 2):
 par new generation   total 153344K, used 13744K [0x0000000089400000, 0x0000000093a60000, 0x0000000093a60000)
  eden space 136320K,   0% used [0x0000000089400000, 0x0000000089400000, 0x0000000091920000)
  from space 17024K,  80% used [0x00000000929c0000, 0x000000009372c1d0, 0x0000000093a60000)
  to   space 17024K,   0% used [0x0000000091920000, 0x0000000091920000, 0x00000000929c0000)
 concurrent mark-sweep generation total 1775232K, used 1360449K [0x0000000093a60000, 0x0000000100000000, 0x0000000100000000)
 Metaspace       used 64843K, capacity 69250K, committed 69388K, reserved 1110016K
  class space    used 8092K, capacity 9105K, committed 9232K, reserved 1048576K
}
Event: 2857.649 GC heap before
{Heap before GC invocations=657 (full 2):
 par new generation   total 153344K, used 150064K [0x0000000089400000, 0x0000000093a60000, 0x0000000093a60000)
  eden space 136320K, 100% used [0x0000000089400000, 0x0000000091920000, 0x0000000091920000)
  from space 17024K,  80% used [0x00000000929c0000, 0x000000009372c1d0, 0x0000000093a60000)
  to   space 17024K,   0% used [0x0000000091920000, 0x0000000091920000, 0x00000000929c0000)
 concurrent mark-sweep generation total 1775232K, used 1360449K [0x0000000093a60000, 0x0000000100000000, 0x0000000100000000)
 Metaspace       used 64843K, capacity 69250K, committed 69388K, reserved 1110016K
  class space    used 8092K, capacity 9105K, committed 9232K, reserved 1048576K
Event: 2857.660 GC heap after
Heap after GC invocations=658 (full 2):
 par new generation   total 153344K, used 5412K [0x0000000089400000, 0x0000000093a60000, 0x0000000093a60000)
  eden space 136320K,   0% used [0x0000000089400000, 0x0000000089400000, 0x0000000091920000)
  from space 17024K,  31% used [0x0000000091920000, 0x0000000091e69210, 0x00000000929c0000)
  to   space 17024K,   0% used [0x00000000929c0000, 0x00000000929c0000, 0x0000000093a60000)
 concurrent mark-sweep generation total 1775232K, used 1360449K [0x0000000093a60000, 0x0000000100000000, 0x0000000100000000)
 Metaspace       used 64843K, capacity 69250K, committed 69388K, reserved 1110016K
  class space    used 8092K, capacity 9105K, committed 9232K, reserved 1048576K
}
Event: 2864.852 GC heap before
{Heap before GC invocations=658 (full 2):
 par new generation   total 153344K, used 141732K [0x0000000089400000, 0x0000000093a60000, 0x0000000093a60000)
  eden space 136320K, 100% used [0x0000000089400000, 0x0000000091920000, 0x0000000091920000)
  from space 17024K,  31% used [0x0000000091920000, 0x0000000091e69210, 0x00000000929c0000)
  to   space 17024K,   0% used [0x00000000929c0000, 0x00000000929c0000, 0x0000000093a60000)
 concurrent mark-sweep generation total 1775232K, used 1360449K [0x0000000093a60000, 0x0000000100000000, 0x0000000100000000)
 Metaspace       used 64843K, capacity 69250K, committed 69388K, reserved 1110016K
  class space    used 8092K, capacity 9105K, committed 9232K, reserved 1048576K
Event: 2864.865 GC heap after
Heap after GC invocations=659 (full 2):
 par new generation   total 153344K, used 5136K [0x0000000089400000, 0x0000000093a60000, 0x0000000093a60000)
  eden space 136320K,   0% used [0x0000000089400000, 0x0000000089400000, 0x0000000091920000)
  from space 17024K,  30% used [0x00000000929c0000, 0x0000000092ec4150, 0x0000000093a60000)
  to   space 17024K,   0% used [0x0000000091920000, 0x0000000091920000, 0x00000000929c0000)
 concurrent mark-sweep generation total 1775232K, used 1360449K [0x0000000093a60000, 0x0000000100000000, 0x0000000100000000)
 Metaspace       used 64843K, capacity 69250K, committed 69388K, reserved 1110016K
  class space    used 8092K, capacity 9105K, committed 9232K, reserved 1048576K
}
Event: 2871.465 GC heap before
{Heap before GC invocations=659 (full 2):
 par new generation   total 153344K, used 141456K [0x0000000089400000, 0x0000000093a60000, 0x0000000093a60000)
  eden space 136320K, 100% used [0x0000000089400000, 0x0000000091920000, 0x0000000091920000)
  from space 17024K,  30% used [0x00000000929c0000, 0x0000000092ec4150, 0x0000000093a60000)
  to   space 17024K,   0% used [0x0000000091920000, 0x0000000091920000, 0x00000000929c0000)
 concurrent mark-sweep generation total 1775232K, used 1360449K [0x0000000093a60000, 0x0000000100000000, 0x0000000100000000)
 Metaspace       used 64843K, capacity 69250K, committed 69388K, reserved 1110016K
  class space    used 8092K, capacity 9105K, committed 9232K, reserved 1048576K
Event: 2871.480 GC heap after
Heap after GC invocations=660 (full 2):
 par new generation   total 153344K, used 9642K [0x0000000089400000, 0x0000000093a60000, 0x0000000093a60000)
  eden space 136320K,   0% used [0x0000000089400000, 0x0000000089400000, 0x0000000091920000)
  from space 17024K,  56% used [0x0000000091920000, 0x000000009228aaa0, 0x00000000929c0000)
  to   space 17024K,   0% used [0x00000000929c0000, 0x00000000929c0000, 0x0000000093a60000)
 concurrent mark-sweep generation total 1775232K, used 1360449K [0x0000000093a60000, 0x0000000100000000, 0x0000000100000000)
 Metaspace       used 64843K, capacity 69250K, committed 69388K, reserved 1110016K
  class space    used 8092K, capacity 9105K, committed 9232K, reserved 1048576K
}
Event: 2877.959 GC heap before
{Heap before GC invocations=660 (full 2):
 par new generation   total 153344K, used 145962K [0x0000000089400000, 0x0000000093a60000, 0x0000000093a60000)
  eden space 136320K, 100% used [0x0000000089400000, 0x0000000091920000, 0x0000000091920000)
  from space 17024K,  56% used [0x0000000091920000, 0x000000009228aaa0, 0x00000000929c0000)
  to   space 17024K,   0% used [0x00000000929c0000, 0x00000000929c0000, 0x0000000093a60000)
 concurrent mark-sweep generation total 1775232K, used 1360449K [0x0000000093a60000, 0x0000000100000000, 0x0000000100000000)
 Metaspace       used 64843K, capacity 69250K, committed 69388K, reserved 1110016K
  class space    used 8092K, capacity 9105K, committed 9232K, reserved 1048576K
Event: 2877.976 GC heap after
Heap after GC invocations=661 (full 2):
 par new generation   total 153344K, used 14130K [0x0000000089400000, 0x0000000093a60000, 0x0000000093a60000)
  eden space 136320K,   0% used [0x0000000089400000, 0x0000000089400000, 0x0000000091920000)
  from space 17024K,  83% used [0x00000000929c0000, 0x000000009378c970, 0x0000000093a60000)
  to   space 17024K,   0% used [0x0000000091920000, 0x0000000091920000, 0x00000000929c0000)
 concurrent mark-sweep generation total 1775232K, used 1360449K [0x0000000093a60000, 0x0000000100000000, 0x0000000100000000)
 Metaspace       used 64843K, capacity 69250K, committed 69388K, reserved 1110016K
  class space    used 8092K, capacity 9105K, committed 9232K, reserved 1048576K
}
Event: 2884.207 GC heap before
{Heap before GC invocations=661 (full 2):
 par new generation   total 153344K, used 150450K [0x0000000089400000, 0x0000000093a60000, 0x0000000093a60000)
  eden space 136320K, 100% used [0x0000000089400000, 0x0000000091920000, 0x0000000091920000)
  from space 17024K,  83% used [0x00000000929c0000, 0x000000009378c970, 0x0000000093a60000)
  to   space 17024K,   0% used [0x0000000091920000, 0x0000000091920000, 0x00000000929c0000)
 concurrent mark-sweep generation total 1775232K, used 1360449K [0x0000000093a60000, 0x0000000100000000, 0x0000000100000000)
 Metaspace       used 64843K, capacity 69250K, committed 69388K, reserved 1110016K
  class space    used 8092K, capacity 9105K, committed 9232K, reserved 1048576K
Event: 2884.236 GC heap after
Heap after GC invocations=662 (full 2):
 par new generation   total 153344K, used 14919K [0x0000000089400000, 0x0000000093a60000, 0x0000000093a60000)
  eden space 136320K,   0% used [0x0000000089400000, 0x0000000089400000, 0x0000000091920000)
  from space 17024K,  87% used [0x0000000091920000, 0x00000000927b1d18, 0x00000000929c0000)
  to   space 17024K,   0% used [0x00000000929c0000, 0x00000000929c0000, 0x0000000093a60000)
 concurrent mark-sweep generation total 1775232K, used 1364311K [0x0000000093a60000, 0x0000000100000000, 0x0000000100000000)
 Metaspace       used 64843K, capacity 69250K, committed 69388K, reserved 1110016K
  class space    used 8092K, capacity 9105K, committed 9232K, reserved 1048576K
}
Event: 2890.008 GC heap before
{Heap before GC invocations=662 (full 2):
 par new generation   total 153344K, used 151239K [0x0000000089400000, 0x0000000093a60000, 0x0000000093a60000)
  eden space 136320K, 100% used [0x0000000089400000, 0x0000000091920000, 0x0000000091920000)
  from space 17024K,  87% used [0x0000000091920000, 0x00000000927b1d18, 0x00000000929c0000)
  to   space 17024K,   0% used [0x00000000929c0000, 0x00000000929c0000, 0x0000000093a60000)
 concurrent mark-sweep generation total 1775232K, used 1364311K [0x0000000093a60000, 0x0000000100000000, 0x0000000100000000)
 Metaspace       used 64843K, capacity 69250K, committed 69388K, reserved 1110016K
  class space    used 8092K, capacity 9105K, committed 9232K, reserved 1048576K
Event: 2890.028 GC heap after
Heap after GC invocations=663 (full 2):
 par new generation   total 153344K, used 11573K [0x0000000089400000, 0x0000000093a60000, 0x0000000093a60000)
  eden space 136320K,   0% used [0x0000000089400000, 0x0000000089400000, 0x0000000091920000)
  from space 17024K,  67% used [0x00000000929c0000, 0x000000009350d630, 0x0000000093a60000)
  to   space 17024K,   0% used [0x0000000091920000, 0x0000000091920000, 0x00000000929c0000)
 concurrent mark-sweep generation total 1775232K, used 1367208K [0x0000000093a60000, 0x0000000100000000, 0x0000000100000000)
 Metaspace       used 64843K, capacity 69250K, committed 69388K, reserved 1110016K
  class space    used 8092K, capacity 9105K, committed 9232K, reserved 1048576K
}
Event: 2896.811 GC heap before
{Heap before GC invocations=663 (full 2):
 par new generation   total 153344K, used 147893K [0x0000000089400000, 0x0000000093a60000, 0x0000000093a60000)
  eden space 136320K, 100% used [0x0000000089400000, 0x0000000091920000, 0x0000000091920000)
  from space 17024K,  67% used [0x00000000929c0000, 0x000000009350d630, 0x0000000093a60000)
  to   space 17024K,   0% used [0x0000000091920000, 0x0000000091920000, 0x00000000929c0000)
 concurrent mark-sweep generation total 1775232K, used 1367208K [0x0000000093a60000, 0x0000000100000000, 0x0000000100000000)
 Metaspace       used 64844K, capacity 69250K, committed 69388K, reserved 1110016K
  class space    used 8092K, capacity 9105K, committed 9232K, reserved 1048576K
Event: 2896.825 GC heap after
Heap after GC invocations=664 (full 2):
 par new generation   total 153344K, used 14915K [0x0000000089400000, 0x0000000093a60000, 0x0000000093a60000)
  eden space 136320K,   0% used [0x0000000089400000, 0x0000000089400000, 0x0000000091920000)
  from space 17024K,  87% used [0x0000000091920000, 0x00000000927b0c80, 0x00000000929c0000)
  to   space 17024K,   0% used [0x00000000929c0000, 0x00000000929c0000, 0x0000000093a60000)
 concurrent mark-sweep generation total 1775232K, used 1367208K [0x0000000093a60000, 0x0000000100000000, 0x0000000100000000)
 Metaspace       used 64844K, capacity 69250K, committed 69388K, reserved 1110016K
  class space    used 8092K, capacity 9105K, committed 9232K, reserved 1048576K
}
Event: 2903.211 GC heap before
{Heap before GC invocations=664 (full 2):
 par new generation   total 153344K, used 151235K [0x0000000089400000, 0x0000000093a60000, 0x0000000093a60000)
  eden space 136320K, 100% used [0x0000000089400000, 0x0000000091920000, 0x0000000091920000)
  from space 17024K,  87% used [0x0000000091920000, 0x00000000927b0c80, 0x00000000929c0000)
  to   space 17024K,   0% used [0x00000000929c0000, 0x00000000929c0000, 0x0000000093a60000)
 concurrent mark-sweep generation total 1775232K, used 1367208K [0x0000000093a60000, 0x0000000100000000, 0x0000000100000000)
 Metaspace       used 64844K, capacity 69250K, committed 69388K, reserved 1110016K
  class space    used 8092K, capacity 9105K, committed 9232K, reserved 1048576K
Event: 2903.225 GC heap after
Heap after GC invocations=665 (full 2):
 par new generation   total 153344K, used 9919K [0x0000000089400000, 0x0000000093a60000, 0x0000000093a60000)
  eden space 136320K,   0% used [0x0000000089400000, 0x0000000089400000, 0x0000000091920000)
  from space 17024K,  58% used [0x00000000929c0000, 0x000000009336fdc8, 0x0000000093a60000)
  to   space 17024K,   0% used [0x0000000091920000, 0x0000000091920000, 0x00000000929c0000)
 concurrent mark-sweep generation total 1775232K, used 1367208K [0x0000000093a60000, 0x0000000100000000, 0x0000000100000000)
 Metaspace       used 64844K, capacity 69250K, committed 69388K, reserved 1110016K
  class space    used 8092K, capacity 9105K, committed 9232K, reserved 1048576K
}
Event: 2909.361 GC heap before
{Heap before GC invocations=665 (full 2):
 par new generation   total 153344K, used 146239K [0x0000000089400000, 0x0000000093a60000, 0x0000000093a60000)
  eden space 136320K, 100% used [0x0000000089400000, 0x0000000091920000, 0x0000000091920000)
  from space 17024K,  58% used [0x00000000929c0000, 0x000000009336fdc8, 0x0000000093a60000)
  to   space 17024K,   0% used [0x0000000091920000, 0x0000000091920000, 0x00000000929c0000)
 concurrent mark-sweep generation total 1775232K, used 1367208K [0x0000000093a60000, 0x0000000100000000, 0x0000000100000000)
 Metaspace       used 64847K, capacity 69250K, committed 69388K, reserved 1110016K
  class space    used 8092K, capacity 9105K, committed 9232K, reserved 1048576K
Event: 2909.379 GC heap after
Heap after GC invocations=666 (full 2):
 par new generation   total 153344K, used 8293K [0x0000000089400000, 0x0000000093a60000, 0x0000000093a60000)
  eden space 136320K,   0% used [0x0000000089400000, 0x0000000089400000, 0x0000000091920000)
  from space 17024K,  48% used [0x0000000091920000, 0x00000000921397c0, 0x00000000929c0000)
  to   space 17024K,   0% used [0x00000000929c0000, 0x00000000929c0000, 0x0000000093a60000)
 concurrent mark-sweep generation total 1775232K, used 1370540K [0x0000000093a60000, 0x0000000100000000, 0x0000000100000000)
 Metaspace       used 64847K, capacity 69250K, committed 69388K, reserved 1110016K
  class space    used 8092K, capacity 9105K, committed 9232K, reserved 1048576K
}
Event: 2915.462 GC heap before
{Heap before GC invocations=666 (full 2):
 par new generation   total 153344K, used 144613K [0x0000000089400000, 0x0000000093a60000, 0x0000000093a60000)
  eden space 136320K, 100% used [0x0000000089400000, 0x0000000091920000, 0x0000000091920000)
  from space 17024K,  48% used [0x0000000091920000, 0x00000000921397c0, 0x00000000929c0000)
  to   space 17024K,   0% used [0x00000000929c0000, 0x00000000929c0000, 0x0000000093a60000)
 concurrent mark-sweep generation total 1775232K, used 1370540K [0x0000000093a60000, 0x0000000100000000, 0x0000000100000000)
 Metaspace       used 64848K, capacity 69250K, committed 69388K, reserved 1110016K
  class space    used 8092K, capacity 9105K, committed 9232K, reserved 1048576K
Event: 2915.477 GC heap after
Heap after GC invocations=667 (full 2):
 par new generation   total 153344K, used 14943K [0x0000000089400000, 0x0000000093a60000, 0x0000000093a60000)
  eden space 136320K,   0% used [0x0000000089400000, 0x0000000089400000, 0x0000000091920000)
  from space 17024K,  87% used [0x00000000929c0000, 0x0000000093857c28, 0x0000000093a60000)
  to   space 17024K,   0% used [0x0000000091920000, 0x0000000091920000, 0x00000000929c0000)
 concurrent mark-sweep generation total 1775232K, used 1370540K [0x0000000093a60000, 0x0000000100000000, 0x0000000100000000)
 Metaspace       used 64848K, capacity 69250K, committed 69388K, reserved 1110016K
  class space    used 8092K, capacity 9105K, committed 9232K, reserved 1048576K
}
Event: 2920.377 GC heap before
{Heap before GC invocations=667 (full 2):
 par new generation   total 153344K, used 151263K [0x0000000089400000, 0x0000000093a60000, 0x0000000093a60000)
  eden space 136320K, 100% used [0x0000000089400000, 0x0000000091920000, 0x0000000091920000)
  from space 17024K,  87% used [0x00000000929c0000, 0x0000000093857c28, 0x0000000093a60000)
  to   space 17024K,   0% used [0x0000000091920000, 0x0000000091920000, 0x00000000929c0000)
 concurrent mark-sweep generation total 1775232K, used 1370540K [0x0000000093a60000, 0x0000000100000000, 0x0000000100000000)
 Metaspace       used 64848K, capacity 69250K, committed 69388K, reserved 1110016K
  class space    used 8092K, capacity 9105K, committed 9232K, reserved 1048576K
Event: 2920.394 GC heap after
Heap after GC invocations=668 (full 2):
 par new generation   total 153344K, used 10064K [0x0000000089400000, 0x0000000093a60000, 0x0000000093a60000)
  eden space 136320K,   0% used [0x0000000089400000, 0x0000000089400000, 0x0000000091920000)
  from space 17024K,  59% used [0x0000000091920000, 0x00000000922f4380, 0x00000000929c0000)
  to   space 17024K,   0% used [0x00000000929c0000, 0x00000000929c0000, 0x0000000093a60000)
 concurrent mark-sweep generation total 1775232K, used 1372544K [0x0000000093a60000, 0x0000000100000000, 0x0000000100000000)
 Metaspace       used 64848K, capacity 69250K, committed 69388K, reserved 1110016K
  class space    used 8092K, capacity 9105K, committed 9232K, reserved 1048576K
}
Event: 2926.030 GC heap before
{Heap before GC invocations=668 (full 2):
 par new generation   total 153344K, used 146384K [0x0000000089400000, 0x0000000093a60000, 0x0000000093a60000)
  eden space 136320K, 100% used [0x0000000089400000, 0x0000000091920000, 0x0000000091920000)
  from space 17024K,  59% used [0x0000000091920000, 0x00000000922f4380, 0x00000000929c0000)
  to   space 17024K,   0% used [0x00000000929c0000, 0x00000000929c0000, 0x0000000093a60000)
 concurrent mark-sweep generation total 1775232K, used 1372544K [0x0000000093a60000, 0x0000000100000000, 0x0000000100000000)
 Metaspace       used 64849K, capacity 69250K, committed 69388K, reserved 1110016K
  class space    used 8092K, capacity 9105K, committed 9232K, reserved 1048576K
Event: 2926.046 GC heap after
Heap after GC invocations=669 (full 2):
 par new generation   total 153344K, used 9619K [0x0000000089400000, 0x0000000093a60000, 0x0000000093a60000)
  eden space 136320K,   0% used [0x0000000089400000, 0x0000000089400000, 0x0000000091920000)
  from space 17024K,  56% used [0x00000000929c0000, 0x0000000093324dd0, 0x0000000093a60000)
  to   space 17024K,   0% used [0x0000000091920000, 0x0000000091920000, 0x00000000929c0000)
 concurrent mark-sweep generation total 1775232K, used 1374624K [0x0000000093a60000, 0x0000000100000000, 0x0000000100000000)
 Metaspace       used 64849K, capacity 69250K, committed 69388K, reserved 1110016K
  class space    used 8092K, capacity 9105K, committed 9232K, reserved 1048576K
}
Event: 2931.179 GC heap before
{Heap before GC invocations=669 (full 2):
 par new generation   total 153344K, used 145939K [0x0000000089400000, 0x0000000093a60000, 0x0000000093a60000)
  eden space 136320K, 100% used [0x0000000089400000, 0x0000000091920000, 0x0000000091920000)
  from space 17024K,  56% used [0x00000000929c0000, 0x0000000093324dd0, 0x0000000093a60000)
  to   space 17024K,   0% used [0x0000000091920000, 0x0000000091920000, 0x00000000929c0000)
 concurrent mark-sweep generation total 1775232K, used 1374624K [0x0000000093a60000, 0x0000000100000000, 0x0000000100000000)
 Metaspace       used 64850K, capacity 69254K, committed 69388K, reserved 1110016K
  class space    used 8092K, capacity 9105K, committed 9232K, reserved 1048576K
Event: 2931.194 GC heap after
Heap after GC invocations=670 (full 2):
 par new generation   total 153344K, used 12606K [0x0000000089400000, 0x0000000093a60000, 0x0000000093a60000)
  eden space 136320K,   0% used [0x0000000089400000, 0x0000000089400000, 0x0000000091920000)
  from space 17024K,  74% used [0x0000000091920000, 0x000000009256f998, 0x00000000929c0000)
  to   space 17024K,   0% used [0x00000000929c0000, 0x00000000929c0000, 0x0000000093a60000)
 concurrent mark-sweep generation total 1775232K, used 1374632K [0x0000000093a60000, 0x0000000100000000, 0x0000000100000000)
 Metaspace       used 64850K, capacity 69254K, committed 69388K, reserved 1110016K
  class space    used 8092K, capacity 9105K, committed 9232K, reserved 1048576K
}
Event: 2936.580 GC heap before
{Heap before GC invocations=670 (full 2):
 par new generation   total 153344K, used 148926K [0x0000000089400000, 0x0000000093a60000, 0x0000000093a60000)
  eden space 136320K, 100% used [0x0000000089400000, 0x0000000091920000, 0x0000000091920000)
  from space 17024K,  74% used [0x0000000091920000, 0x000000009256f998, 0x00000000929c0000)
  to   space 17024K,   0% used [0x00000000929c0000, 0x00000000929c0000, 0x0000000093a60000)
 concurrent mark-sweep generation total 1775232K, used 1374632K [0x0000000093a60000, 0x0000000100000000, 0x0000000100000000)
 Metaspace       used 64850K, capacity 69254K, committed 69388K, reserved 1110016K
  class space    used 8092K, capacity 9105K, committed 9232K, reserved 1048576K
Event: 2936.599 GC heap after
Heap after GC invocations=671 (full 2):
 par new generation   total 153344K, used 17024K [0x0000000089400000, 0x0000000093a60000, 0x0000000093a60000)
  eden space 136320K,   0% used [0x0000000089400000, 0x0000000089400000, 0x0000000091920000)
  from space 17024K, 100% used [0x00000000929c0000, 0x0000000093a60000, 0x0000000093a60000)
  to   space 17024K,   0% used [0x0000000091920000, 0x0000000091920000, 0x00000000929c0000)
 concurrent mark-sweep generation total 1775232K, used 1376710K [0x0000000093a60000, 0x0000000100000000, 0x0000000100000000)
 Metaspace       used 64850K, capacity 69254K, committed 69388K, reserved 1110016K
  class space    used 8092K, capacity 9105K, committed 9232K, reserved 1048576K
}
Event: 2941.730 GC heap before
{Heap before GC invocations=671 (full 2):
 par new generation   total 153344K, used 153344K [0x0000000089400000, 0x0000000093a60000, 0x0000000093a60000)
  eden space 136320K, 100% used [0x0000000089400000, 0x0000000091920000, 0x0000000091920000)
  from space 17024K, 100% used [0x00000000929c0000, 0x0000000093a60000, 0x0000000093a60000)
  to   space 17024K,   0% used [0x0000000091920000, 0x0000000091920000, 0x00000000929c0000)
 concurrent mark-sweep generation total 1775232K, used 1376710K [0x0000000093a60000, 0x0000000100000000, 0x0000000100000000)
 Metaspace       used 64850K, capacity 69254K, committed 69388K, reserved 1110016K
  class space    used 8092K, capacity 9105K, committed 9232K, reserved 1048576K
Event: 2941.749 GC heap after
Heap after GC invocations=672 (full 2):
 par new generation   total 153344K, used 11377K [0x0000000089400000, 0x0000000093a60000, 0x0000000093a60000)
  eden space 136320K,   0% used [0x0000000089400000, 0x0000000089400000, 0x0000000091920000)
  from space 17024K,  66% used [0x0000000091920000, 0x000000009243c778, 0x00000000929c0000)
  to   space 17024K,   0% used [0x00000000929c0000, 0x00000000929c0000, 0x0000000093a60000)
 concurrent mark-sweep generation total 1775232K, used 1378710K [0x0000000093a60000, 0x0000000100000000, 0x0000000100000000)
 Metaspace       used 64850K, capacity 69254K, committed 69388K, reserved 1110016K
  class space    used 8092K, capacity 9105K, committed 9232K, reserved 1048576K
}
Event: 2947.341 GC heap before
{Heap before GC invocations=672 (full 2):
 par new generation   total 153344K, used 147697K [0x0000000089400000, 0x0000000093a60000, 0x0000000093a60000)
  eden space 136320K, 100% used [0x0000000089400000, 0x0000000091920000, 0x0000000091920000)
  from space 17024K,  66% used [0x0000000091920000, 0x000000009243c778, 0x00000000929c0000)
  to   space 17024K,   0% used [0x00000000929c0000, 0x00000000929c0000, 0x0000000093a60000)
 concurrent mark-sweep generation total 1775232K, used 1378710K [0x0000000093a60000, 0x0000000100000000, 0x0000000100000000)
 Metaspace       used 64850K, capacity 69254K, committed 69388K, reserved 1110016K
  class space    used 8092K, capacity 9105K, committed 9232K, reserved 1048576K
Event: 2947.363 GC heap after
Heap after GC invocations=673 (full 2):
 par new generation   total 153344K, used 13994K [0x0000000089400000, 0x0000000093a60000, 0x0000000093a60000)
  eden space 136320K,   0% used [0x0000000089400000, 0x0000000089400000, 0x0000000091920000)
  from space 17024K,  82% used [0x00000000929c0000, 0x000000009376a9e8, 0x0000000093a60000)
  to   space 17024K,   0% used [0x0000000091920000, 0x0000000091920000, 0x00000000929c0000)
 concurrent mark-sweep generation total 1775232K, used 1383380K [0x0000000093a60000, 0x0000000100000000, 0x0000000100000000)
 Metaspace       used 64850K, capacity 69254K, committed 69388K, reserved 1110016K
  class space    used 8092K, capacity 9105K, committed 9232K, reserved 1048576K
}
Event: 2952.843 GC heap before
{Heap before GC invocations=673 (full 2):
 par new generation   total 153344K, used 150314K [0x0000000089400000, 0x0000000093a60000, 0x0000000093a60000)
  eden space 136320K, 100% used [0x0000000089400000, 0x0000000091920000, 0x0000000091920000)
  from space 17024K,  82% used [0x00000000929c0000, 0x000000009376a9e8, 0x0000000093a60000)
  to   space 17024K,   0% used [0x0000000091920000, 0x0000000091920000, 0x00000000929c0000)
 concurrent mark-sweep generation total 1775232K, used 1383380K [0x0000000093a60000, 0x0000000100000000, 0x0000000100000000)
 Metaspace       used 64850K, capacity 69254K, committed 69388K, reserved 1110016K
  class space    used 8092K, capacity 9105K, committed 9232K, reserved 1048576K
Event: 2952.862 GC heap after
Heap after GC invocations=674 (full 2):
 par new generation   total 153344K, used 17024K [0x0000000089400000, 0x0000000093a60000, 0x0000000093a60000)
  eden space 136320K,   0% used [0x0000000089400000, 0x0000000089400000, 0x0000000091920000)
  from space 17024K, 100% used [0x0000000091920000, 0x00000000929c0000, 0x00000000929c0000)
  to   space 17024K,   0% used [0x00000000929c0000, 0x00000000929c0000, 0x0000000093a60000)
 concurrent mark-sweep generation total 1775232K, used 1385474K [0x0000000093a60000, 0x0000000100000000, 0x0000000100000000)
 Metaspace       used 64850K, capacity 69254K, committed 69388K, reserved 1110016K
  class space    used 8092K, capacity 9105K, committed 9232K, reserved 1048576K
}
Event: 2958.492 GC heap before
{Heap before GC invocations=674 (full 2):
 par new generation   total 153344K, used 153344K [0x0000000089400000, 0x0000000093a60000, 0x0000000093a60000)
  eden space 136320K, 100% used [0x0000000089400000, 0x0000000091920000, 0x0000000091920000)
  from space 17024K, 100% used [0x0000000091920000, 0x00000000929c0000, 0x00000000929c0000)
  to   space 17024K,   0% used [0x00000000929c0000, 0x00000000929c0000, 0x0000000093a60000)
 concurrent mark-sweep generation total 1775232K, used 1385474K [0x0000000093a60000, 0x0000000100000000, 0x0000000100000000)
 Metaspace       used 64850K, capacity 69254K, committed 69388K, reserved 1110016K
  class space    used 8092K, capacity 9105K, committed 9232K, reserved 1048576K
Event: 2958.512 GC heap after
Heap after GC invocations=675 (full 2):
 par new generation   total 153344K, used 11883K [0x0000000089400000, 0x0000000093a60000, 0x0000000093a60000)
  eden space 136320K,   0% used [0x0000000089400000, 0x0000000089400000, 0x0000000091920000)
  from space 17024K,  69% used [0x00000000929c0000, 0x000000009355ae80, 0x0000000093a60000)
  to   space 17024K,   0% used [0x0000000091920000, 0x0000000091920000, 0x00000000929c0000)
 concurrent mark-sweep generation total 1775232K, used 1388525K [0x0000000093a60000, 0x0000000100000000, 0x0000000100000000)
 Metaspace       used 64850K, capacity 69254K, committed 69388K, reserved 1110016K
  class space    used 8092K, capacity 9105K, committed 9232K, reserved 1048576K
}
Event: 2964.544 GC heap before
{Heap before GC invocations=675 (full 2):
 par new generation   total 153344K, used 148203K [0x0000000089400000, 0x0000000093a60000, 0x0000000093a60000)
  eden space 136320K, 100% used [0x0000000089400000, 0x0000000091920000, 0x0000000091920000)
  from space 17024K,  69% used [0x00000000929c0000, 0x000000009355ae80, 0x0000000093a60000)
  to   space 17024K,   0% used [0x0000000091920000, 0x0000000091920000, 0x00000000929c0000)
 concurrent mark-sweep generation total 1775232K, used 1388525K [0x0000000093a60000, 0x0000000100000000, 0x0000000100000000)
 Metaspace       used 64850K, capacity 69254K, committed 69388K, reserved 1110016K
  class space    used 8092K, capacity 9105K, committed 9232K, reserved 1048576K
Event: 2964.565 GC heap after
Heap after GC invocations=676 (full 2):
 par new generation   total 153344K, used 12400K [0x0000000089400000, 0x0000000093a60000, 0x0000000093a60000)
  eden space 136320K,   0% used [0x0000000089400000, 0x0000000089400000, 0x0000000091920000)
  from space 17024K,  72% used [0x0000000091920000, 0x000000009253c230, 0x00000000929c0000)
  to   space 17024K,   0% used [0x00000000929c0000, 0x00000000929c0000, 0x0000000093a60000)
 concurrent mark-sweep generation total 1775232K, used 1391603K [0x0000000093a60000, 0x0000000100000000, 0x0000000100000000)
 Metaspace       used 64850K, capacity 69254K, committed 69388K, reserved 1110016K
  class space    used 8092K, capacity 9105K, committed 9232K, reserved 1048576K
}
Event: 2970.043 GC heap before
{Heap before GC invocations=676 (full 2):
 par new generation   total 153344K, used 148720K [0x0000000089400000, 0x0000000093a60000, 0x0000000093a60000)
  eden space 136320K, 100% used [0x0000000089400000, 0x0000000091920000, 0x0000000091920000)
  from space 17024K,  72% used [0x0000000091920000, 0x000000009253c230, 0x00000000929c0000)
  to   space 17024K,   0% used [0x00000000929c0000, 0x00000000929c0000, 0x0000000093a60000)
 concurrent mark-sweep generation total 1775232K, used 1391603K [0x0000000093a60000, 0x0000000100000000, 0x0000000100000000)
 Metaspace       used 64850K, capacity 69254K, committed 69388K, reserved 1110016K
  class space    used 8092K, capacity 9105K, committed 9232K, reserved 1048576K
Event: 2970.063 GC heap after
Heap after GC invocations=677 (full 2):
 par new generation   total 153344K, used 17024K [0x0000000089400000, 0x0000000093a60000, 0x0000000093a60000)
  eden space 136320K,   0% used [0x0000000089400000, 0x0000000089400000, 0x0000000091920000)
  from space 17024K, 100% used [0x00000000929c0000, 0x0000000093a60000, 0x0000000093a60000)
  to   space 17024K,   0% used [0x0000000091920000, 0x0000000091920000, 0x00000000929c0000)
 concurrent mark-sweep generation total 1775232K, used 1393840K [0x0000000093a60000, 0x0000000100000000, 0x0000000100000000)
 Metaspace       used 64850K, capacity 69254K, committed 69388K, reserved 1110016K
  class space    used 8092K, capacity 9105K, committed 9232K, reserved 1048576K
}
Event: 2975.702 GC heap before
{Heap before GC invocations=677 (full 2):
 par new generation   total 153344K, used 153344K [0x0000000089400000, 0x0000000093a60000, 0x0000000093a60000)
  eden space 136320K, 100% used [0x0000000089400000, 0x0000000091920000, 0x0000000091920000)
  from space 17024K, 100% used [0x00000000929c0000, 0x0000000093a60000, 0x0000000093a60000)
  to   space 17024K,   0% used [0x0000000091920000, 0x0000000091920000, 0x00000000929c0000)
 concurrent mark-sweep generation total 1775232K, used 1393877K [0x0000000093a60000, 0x0000000100000000, 0x0000000100000000)
 Metaspace       used 64850K, capacity 69254K, committed 69388K, reserved 1110016K
  class space    used 8092K, capacity 9105K, committed 9232K, reserved 1048576K
Event: 2975.722 GC heap after
Heap after GC invocations=678 (full 2):
 par new generation   total 153344K, used 11366K [0x0000000089400000, 0x0000000093a60000, 0x0000000093a60000)
  eden space 136320K,   0% used [0x0000000089400000, 0x0000000089400000, 0x0000000091920000)
  from space 17024K,  66% used [0x0000000091920000, 0x0000000092439b88, 0x00000000929c0000)
  to   space 17024K,   0% used [0x00000000929c0000, 0x00000000929c0000, 0x0000000093a60000)
 concurrent mark-sweep generation total 1775232K, used 1396798K [0x0000000093a60000, 0x0000000100000000, 0x0000000100000000)
 Metaspace       used 64850K, capacity 69254K, committed 69388K, reserved 1110016K
  class space    used 8092K, capacity 9105K, committed 9232K, reserved 1048576K
}
Event: 2981.745 GC heap before
{Heap before GC invocations=678 (full 2):
 par new generation   total 153344K, used 147686K [0x0000000089400000, 0x0000000093a60000, 0x0000000093a60000)
  eden space 136320K, 100% used [0x0000000089400000, 0x0000000091920000, 0x0000000091920000)
  from space 17024K,  66% used [0x0000000091920000, 0x0000000092439b88, 0x00000000929c0000)
  to   space 17024K,   0% used [0x00000000929c0000, 0x00000000929c0000, 0x0000000093a60000)
 concurrent mark-sweep generation total 1775232K, used 1396798K [0x0000000093a60000, 0x0000000100000000, 0x0000000100000000)
 Metaspace       used 64850K, capacity 69254K, committed 69388K, reserved 1110016K
  class space    used 8092K, capacity 9105K, committed 9232K, reserved 1048576K
Event: 2981.764 GC heap after
Heap after GC invocations=679 (full 2):
 par new generation   total 153344K, used 16718K [0x0000000089400000, 0x0000000093a60000, 0x0000000093a60000)
  eden space 136320K,   0% used [0x0000000089400000, 0x0000000089400000, 0x0000000091920000)
  from space 17024K,  98% used [0x00000000929c0000, 0x0000000093a13890, 0x0000000093a60000)
  to   space 17024K,   0% used [0x0000000091920000, 0x0000000091920000, 0x00000000929c0000)
 concurrent mark-sweep generation total 1775232K, used 1399609K [0x0000000093a60000, 0x0000000100000000, 0x0000000100000000)
 Metaspace       used 64850K, capacity 69254K, committed 69388K, reserved 1110016K
  class space    used 8092K, capacity 9105K, committed 9232K, reserved 1048576K
}
Event: 2988.798 GC heap before
{Heap before GC invocations=679 (full 2):
 par new generation   total 153344K, used 153038K [0x0000000089400000, 0x0000000093a60000, 0x0000000093a60000)
  eden space 136320K, 100% used [0x0000000089400000, 0x0000000091920000, 0x0000000091920000)
  from space 17024K,  98% used [0x00000000929c0000, 0x0000000093a13890, 0x0000000093a60000)
  to   space 17024K,   0% used [0x0000000091920000, 0x0000000091920000, 0x00000000929c0000)
 concurrent mark-sweep generation total 1775232K, used 1399609K [0x0000000093a60000, 0x0000000100000000, 0x0000000100000000)
 Metaspace       used 64852K, capacity 69258K, committed 69388K, reserved 1110016K
  class space    used 8092K, capacity 9105K, committed 9232K, reserved 1048576K
Event: 2988.818 GC heap after
Heap after GC invocations=680 (full 2):
 par new generation   total 153344K, used 11015K [0x0000000089400000, 0x0000000093a60000, 0x0000000093a60000)
  eden space 136320K,   0% used [0x0000000089400000, 0x0000000089400000, 0x0000000091920000)
  from space 17024K,  64% used [0x0000000091920000, 0x00000000923e1d60, 0x00000000929c0000)
  to   space 17024K,   0% used [0x00000000929c0000, 0x00000000929c0000, 0x0000000093a60000)
 concurrent mark-sweep generation total 1775232K, used 1402823K [0x0000000093a60000, 0x0000000100000000, 0x0000000100000000)
 Metaspace       used 64852K, capacity 69258K, committed 69388K, reserved 1110016K
  class space    used 8092K, capacity 9105K, committed 9232K, reserved 1048576K
}
Event: 2995.918 GC heap before
{Heap before GC invocations=680 (full 2):
 par new generation   total 153344K, used 147335K [0x0000000089400000, 0x0000000093a60000, 0x0000000093a60000)
  eden space 136320K, 100% used [0x0000000089400000, 0x0000000091920000, 0x0000000091920000)
  from space 17024K,  64% used [0x0000000091920000, 0x00000000923e1d60, 0x00000000929c0000)
  to   space 17024K,   0% used [0x00000000929c0000, 0x00000000929c0000, 0x0000000093a60000)
 concurrent mark-sweep generation total 1775232K, used 1402823K [0x0000000093a60000, 0x0000000100000000, 0x0000000100000000)
 Metaspace       used 64852K, capacity 69258K, committed 69388K, reserved 1110016K
  class space    used 8092K, capacity 9105K, committed 9232K, reserved 1048576K
Event: 2995.935 GC heap after
Heap after GC invocations=681 (full 2):
 par new generation   total 153344K, used 13919K [0x0000000089400000, 0x0000000093a60000, 0x0000000093a60000)
  eden space 136320K,   0% used [0x0000000089400000, 0x0000000089400000, 0x0000000091920000)
  from space 17024K,  81% used [0x00000000929c0000, 0x0000000093757e00, 0x0000000093a60000)
  to   space 17024K,   0% used [0x0000000091920000, 0x0000000091920000, 0x00000000929c0000)
 concurrent mark-sweep generation total 1775232K, used 1402823K [0x0000000093a60000, 0x0000000100000000, 0x0000000100000000)
 Metaspace       used 64852K, capacity 69258K, committed 69388K, reserved 1110016K
  class space    used 8092K, capacity 9105K, committed 9232K, reserved 1048576K
}
Event: 3002.975 GC heap before
{Heap before GC invocations=681 (full 2):
 par new generation   total 153344K, used 150239K [0x0000000089400000, 0x0000000093a60000, 0x0000000093a60000)
  eden space 136320K, 100% used [0x0000000089400000, 0x0000000091920000, 0x0000000091920000)
  from space 17024K,  81% used [0x00000000929c0000, 0x0000000093757e00, 0x0000000093a60000)
  to   space 17024K,   0% used [0x0000000091920000, 0x0000000091920000, 0x00000000929c0000)
 concurrent mark-sweep generation total 1775232K, used 1402823K [0x0000000093a60000, 0x0000000100000000, 0x0000000100000000)
 Metaspace       used 64852K, capacity 69258K, committed 69388K, reserved 1110016K
  class space    used 8092K, capacity 9105K, committed 9232K, reserved 1048576K
Event: 3002.989 GC heap after
Heap after GC invocations=682 (full 2):
 par new generation   total 153344K, used 9572K [0x0000000089400000, 0x0000000093a60000, 0x0000000093a60000)
  eden space 136320K,   0% used [0x0000000089400000, 0x0000000089400000, 0x0000000091920000)
  from space 17024K,  56% used [0x0000000091920000, 0x00000000922792f0, 0x00000000929c0000)
  to   space 17024K,   0% used [0x00000000929c0000, 0x00000000929c0000, 0x0000000093a60000)
 concurrent mark-sweep generation total 1775232K, used 1402823K [0x0000000093a60000, 0x0000000100000000, 0x0000000100000000)
 Metaspace       used 64852K, capacity 69258K, committed 69388K, reserved 1110016K
  class space    used 8092K, capacity 9105K, committed 9232K, reserved 1048576K
}
Event: 3008.584 GC heap before
{Heap before GC invocations=682 (full 2):
 par new generation   total 153344K, used 145892K [0x0000000089400000, 0x0000000093a60000, 0x0000000093a60000)
  eden space 136320K, 100% used [0x0000000089400000, 0x0000000091920000, 0x0000000091920000)
  from space 17024K,  56% used [0x0000000091920000, 0x00000000922792f0, 0x00000000929c0000)
  to   space 17024K,   0% used [0x00000000929c0000, 0x00000000929c0000, 0x0000000093a60000)
 concurrent mark-sweep generation total 1775232K, used 1402823K [0x0000000093a60000, 0x0000000100000000, 0x0000000100000000)
 Metaspace       used 64852K, capacity 69258K, committed 69388K, reserved 1110016K
  class space    used 8092K, capacity 9105K, committed 9232K, reserved 1048576K
Event: 3008.615 GC heap after
Heap after GC invocations=683 (full 2):
 par new generation   total 153344K, used 11636K [0x0000000089400000, 0x0000000093a60000, 0x0000000093a60000)
  eden space 136320K,   0% used [0x0000000089400000, 0x0000000089400000, 0x0000000091920000)
  from space 17024K,  68% used [0x00000000929c0000, 0x000000009351d188, 0x0000000093a60000)
  to   space 17024K,   0% used [0x0000000091920000, 0x0000000091920000, 0x00000000929c0000)
 concurrent mark-sweep generation total 1775232K, used 1405396K [0x0000000093a60000, 0x0000000100000000, 0x0000000100000000)
 Metaspace       used 64852K, capacity 69258K, committed 69388K, reserved 1110016K
  class space    used 8092K, capacity 9105K, committed 9232K, reserved 1048576K
}

