# JRE version: OpenJDK Runtime Environment (8.0_191-b12) (build 1.8.0_191-b12)
# Java VM: OpenJDK 64-Bit Server VM (25.191-b12 mixed mode linux-amd64 compressed oops)
Heap:
 par new generation   total 153344K, used 128076K [0x0000000089400000, 0x0000000093a60000, 0x0000000093a60000)
  eden space 136320K,  92% used [0x0000000089400000, 0x0000000090fc9688, 0x0000000091920000)
  from space 17024K,   7% used [0x00000000929c0000, 0x0000000092b099a0, 0x0000000093a60000)
  to   space 17024K,   0% used [0x0000000091920000, 0x0000000091920000, 0x00000000929c0000)
 concurrent mark-sweep generation total 1775232K, used 1390090K [0x0000000093a60000, 0x0000000100000000, 0x0000000100000000)
 Metaspace       used 65825K, capacity 70199K, committed 70432K, reserved 1110016K
  class space    used 8072K, capacity 9072K, committed 9136K, reserved 1048576K
GC Heap History (250 events):
Event: 30861.683 GC heap before
{Heap before GC invocations=8228 (full 2):
 par new generation   total 153344K, used 136588K [0x0000000089400000, 0x0000000093a60000, 0x0000000093a60000)
  eden space 136320K, 100% used [0x0000000089400000, 0x0000000091920000, 0x0000000091920000)
  from space 17024K,   1% used [0x0000000091920000, 0x00000000919633a0, 0x00000000929c0000)
  to   space 17024K,   0% used [0x00000000929c0000, 0x00000000929c0000, 0x0000000093a60000)
 concurrent mark-sweep generation total 1775232K, used 1380741K [0x0000000093a60000, 0x0000000100000000, 0x0000000100000000)
 Metaspace       used 65812K, capacity 70195K, committed 70432K, reserved 1110016K
  class space    used 8072K, capacity 9072K, committed 9136K, reserved 1048576K
Event: 30861.691 GC heap after
Heap after GC invocations=8229 (full 2):
 par new generation   total 153344K, used 288K [0x0000000089400000, 0x0000000093a60000, 0x0000000093a60000)
  eden space 136320K,   0% used [0x0000000089400000, 0x0000000089400000, 0x0000000091920000)
  from space 17024K,   1% used [0x00000000929c0000, 0x0000000092a08240, 0x0000000093a60000)
  to   space 17024K,   0% used [0x0000000091920000, 0x0000000091920000, 0x00000000929c0000)
 concurrent mark-sweep generation total 1775232K, used 1380751K [0x0000000093a60000, 0x0000000100000000, 0x0000000100000000)
 Metaspace       used 65812K, capacity 70195K, committed 70432K, reserved 1110016K
  class space    used 8072K, capacity 9072K, committed 9136K, reserved 1048576K
}
Event: 30865.834 GC heap before
{Heap before GC invocations=8229 (full 2):
 par new generation   total 153344K, used 136608K [0x0000000089400000, 0x0000000093a60000, 0x0000000093a60000)
  eden space 136320K, 100% used [0x0000000089400000, 0x0000000091920000, 0x0000000091920000)
  from space 17024K,   1% used [0x00000000929c0000, 0x0000000092a08240, 0x0000000093a60000)
  to   space 17024K,   0% used [0x0000000091920000, 0x0000000091920000, 0x00000000929c0000)
 concurrent mark-sweep generation total 1775232K, used 1380751K [0x0000000093a60000, 0x0000000100000000, 0x0000000100000000)
 Metaspace       used 65812K, capacity 70195K, committed 70432K, reserved 1110016K
  class space    used 8072K, capacity 9072K, committed 9136K, reserved 1048576K
Event: 30865.842 GC heap after
Heap after GC invocations=8230 (full 2):
 par new generation   total 153344K, used 416K [0x0000000089400000, 0x0000000093a60000, 0x0000000093a60000)
  eden space 136320K,   0% used [0x0000000089400000, 0x0000000089400000, 0x0000000091920000)
  from space 17024K,   2% used [0x0000000091920000, 0x0000000091988320, 0x00000000929c0000)
  to   space 17024K,   0% used [0x00000000929c0000, 0x00000000929c0000, 0x0000000093a60000)
 concurrent mark-sweep generation total 1775232K, used 1380754K [0x0000000093a60000, 0x0000000100000000, 0x0000000100000000)
 Metaspace       used 65812K, capacity 70195K, committed 70432K, reserved 1110016K
  class space    used 8072K, capacity 9072K, committed 9136K, reserved 1048576K
}
Event: 30869.934 GC heap before
{Heap before GC invocations=8230 (full 2):
 par new generation   total 153344K, used 136736K [0x0000000089400000, 0x0000000093a60000, 0x0000000093a60000)
  eden space 136320K, 100% used [0x0000000089400000, 0x0000000091920000, 0x0000000091920000)
  from space 17024K,   2% used [0x0000000091920000, 0x0000000091988320, 0x00000000929c0000)
  to   space 17024K,   0% used [0x00000000929c0000, 0x00000000929c0000, 0x0000000093a60000)
 concurrent mark-sweep generation total 1775232K, used 1380754K [0x0000000093a60000, 0x0000000100000000, 0x0000000100000000)
 Metaspace       used 65812K, capacity 70195K, committed 70432K, reserved 1110016K
  class space    used 8072K, capacity 9072K, committed 9136K, reserved 1048576K
Event: 30869.943 GC heap after
Heap after GC invocations=8231 (full 2):
 par new generation   total 153344K, used 409K [0x0000000089400000, 0x0000000093a60000, 0x0000000093a60000)
  eden space 136320K,   0% used [0x0000000089400000, 0x0000000089400000, 0x0000000091920000)
  from space 17024K,   2% used [0x00000000929c0000, 0x0000000092a26798, 0x0000000093a60000)
  to   space 17024K,   0% used [0x0000000091920000, 0x0000000091920000, 0x00000000929c0000)
 concurrent mark-sweep generation total 1775232K, used 1380790K [0x0000000093a60000, 0x0000000100000000, 0x0000000100000000)
 Metaspace       used 65812K, capacity 70195K, committed 70432K, reserved 1110016K
  class space    used 8072K, capacity 9072K, committed 9136K, reserved 1048576K
}
Event: 30874.034 GC heap before
{Heap before GC invocations=8231 (full 2):
 par new generation   total 153344K, used 136729K [0x0000000089400000, 0x0000000093a60000, 0x0000000093a60000)
  eden space 136320K, 100% used [0x0000000089400000, 0x0000000091920000, 0x0000000091920000)
  from space 17024K,   2% used [0x00000000929c0000, 0x0000000092a26798, 0x0000000093a60000)
  to   space 17024K,   0% used [0x0000000091920000, 0x0000000091920000, 0x00000000929c0000)
 concurrent mark-sweep generation total 1775232K, used 1380790K [0x0000000093a60000, 0x0000000100000000, 0x0000000100000000)
 Metaspace       used 65812K, capacity 70195K, committed 70432K, reserved 1110016K
  class space    used 8072K, capacity 9072K, committed 9136K, reserved 1048576K
Event: 30874.043 GC heap after
Heap after GC invocations=8232 (full 2):
 par new generation   total 153344K, used 450K [0x0000000089400000, 0x0000000093a60000, 0x0000000093a60000)
  eden space 136320K,   0% used [0x0000000089400000, 0x0000000089400000, 0x0000000091920000)
  from space 17024K,   2% used [0x0000000091920000, 0x00000000919909f8, 0x00000000929c0000)
  to   space 17024K,   0% used [0x00000000929c0000, 0x00000000929c0000, 0x0000000093a60000)
 concurrent mark-sweep generation total 1775232K, used 1380803K [0x0000000093a60000, 0x0000000100000000, 0x0000000100000000)
 Metaspace       used 65812K, capacity 70195K, committed 70432K, reserved 1110016K
  class space    used 8072K, capacity 9072K, committed 9136K, reserved 1048576K
}
Event: 30878.184 GC heap before
{Heap before GC invocations=8232 (full 2):
 par new generation   total 153344K, used 136770K [0x0000000089400000, 0x0000000093a60000, 0x0000000093a60000)
  eden space 136320K, 100% used [0x0000000089400000, 0x0000000091920000, 0x0000000091920000)
  from space 17024K,   2% used [0x0000000091920000, 0x00000000919909f8, 0x00000000929c0000)
  to   space 17024K,   0% used [0x00000000929c0000, 0x00000000929c0000, 0x0000000093a60000)
 concurrent mark-sweep generation total 1775232K, used 1380803K [0x0000000093a60000, 0x0000000100000000, 0x0000000100000000)
 Metaspace       used 65812K, capacity 70195K, committed 70432K, reserved 1110016K
  class space    used 8072K, capacity 9072K, committed 9136K, reserved 1048576K
Event: 30878.192 GC heap after
Heap after GC invocations=8233 (full 2):
 par new generation   total 153344K, used 463K [0x0000000089400000, 0x0000000093a60000, 0x0000000093a60000)
  eden space 136320K,   0% used [0x0000000089400000, 0x0000000089400000, 0x0000000091920000)
  from space 17024K,   2% used [0x00000000929c0000, 0x0000000092a33c98, 0x0000000093a60000)
  to   space 17024K,   0% used [0x0000000091920000, 0x0000000091920000, 0x00000000929c0000)
 concurrent mark-sweep generation total 1775232K, used 1380816K [0x0000000093a60000, 0x0000000100000000, 0x0000000100000000)
 Metaspace       used 65812K, capacity 70195K, committed 70432K, reserved 1110016K
  class space    used 8072K, capacity 9072K, committed 9136K, reserved 1048576K
}
Event: 30882.289 GC heap before
{Heap before GC invocations=8233 (full 2):
 par new generation   total 153344K, used 136783K [0x0000000089400000, 0x0000000093a60000, 0x0000000093a60000)
  eden space 136320K, 100% used [0x0000000089400000, 0x0000000091920000, 0x0000000091920000)
  from space 17024K,   2% used [0x00000000929c0000, 0x0000000092a33c98, 0x0000000093a60000)
  to   space 17024K,   0% used [0x0000000091920000, 0x0000000091920000, 0x00000000929c0000)
 concurrent mark-sweep generation total 1775232K, used 1380816K [0x0000000093a60000, 0x0000000100000000, 0x0000000100000000)
 Metaspace       used 65812K, capacity 70195K, committed 70432K, reserved 1110016K
  class space    used 8072K, capacity 9072K, committed 9136K, reserved 1048576K
Event: 30882.297 GC heap after
Heap after GC invocations=8234 (full 2):
 par new generation   total 153344K, used 445K [0x0000000089400000, 0x0000000093a60000, 0x0000000093a60000)
  eden space 136320K,   0% used [0x0000000089400000, 0x0000000089400000, 0x0000000091920000)
  from space 17024K,   2% used [0x0000000091920000, 0x000000009198f798, 0x00000000929c0000)
  to   space 17024K,   0% used [0x00000000929c0000, 0x00000000929c0000, 0x0000000093a60000)
 concurrent mark-sweep generation total 1775232K, used 1380845K [0x0000000093a60000, 0x0000000100000000, 0x0000000100000000)
 Metaspace       used 65812K, capacity 70195K, committed 70432K, reserved 1110016K
  class space    used 8072K, capacity 9072K, committed 9136K, reserved 1048576K
}
Event: 30886.485 GC heap before
{Heap before GC invocations=8234 (full 2):
 par new generation   total 153344K, used 136765K [0x0000000089400000, 0x0000000093a60000, 0x0000000093a60000)
  eden space 136320K, 100% used [0x0000000089400000, 0x0000000091920000, 0x0000000091920000)
  from space 17024K,   2% used [0x0000000091920000, 0x000000009198f798, 0x00000000929c0000)
  to   space 17024K,   0% used [0x00000000929c0000, 0x00000000929c0000, 0x0000000093a60000)
 concurrent mark-sweep generation total 1775232K, used 1380845K [0x0000000093a60000, 0x0000000100000000, 0x0000000100000000)
 Metaspace       used 65812K, capacity 70195K, committed 70432K, reserved 1110016K
  class space    used 8072K, capacity 9072K, committed 9136K, reserved 1048576K
Event: 30886.493 GC heap after
Heap after GC invocations=8235 (full 2):
 par new generation   total 153344K, used 444K [0x0000000089400000, 0x0000000093a60000, 0x0000000093a60000)
  eden space 136320K,   0% used [0x0000000089400000, 0x0000000089400000, 0x0000000091920000)
  from space 17024K,   2% used [0x00000000929c0000, 0x0000000092a2f150, 0x0000000093a60000)
  to   space 17024K,   0% used [0x0000000091920000, 0x0000000091920000, 0x00000000929c0000)
 concurrent mark-sweep generation total 1775232K, used 1380895K [0x0000000093a60000, 0x0000000100000000, 0x0000000100000000)
 Metaspace       used 65812K, capacity 70195K, committed 70432K, reserved 1110016K
  class space    used 8072K, capacity 9072K, committed 9136K, reserved 1048576K
}
Event: 30890.586 GC heap before
{Heap before GC invocations=8235 (full 2):
 par new generation   total 153344K, used 136764K [0x0000000089400000, 0x0000000093a60000, 0x0000000093a60000)
  eden space 136320K, 100% used [0x0000000089400000, 0x0000000091920000, 0x0000000091920000)
  from space 17024K,   2% used [0x00000000929c0000, 0x0000000092a2f150, 0x0000000093a60000)
  to   space 17024K,   0% used [0x0000000091920000, 0x0000000091920000, 0x00000000929c0000)
 concurrent mark-sweep generation total 1775232K, used 1380895K [0x0000000093a60000, 0x0000000100000000, 0x0000000100000000)
 Metaspace       used 65812K, capacity 70195K, committed 70432K, reserved 1110016K
  class space    used 8072K, capacity 9072K, committed 9136K, reserved 1048576K
Event: 30890.595 GC heap after
Heap after GC invocations=8236 (full 2):
 par new generation   total 153344K, used 244K [0x0000000089400000, 0x0000000093a60000, 0x0000000093a60000)
  eden space 136320K,   0% used [0x0000000089400000, 0x0000000089400000, 0x0000000091920000)
  from space 17024K,   1% used [0x0000000091920000, 0x000000009195d320, 0x00000000929c0000)
  to   space 17024K,   0% used [0x00000000929c0000, 0x00000000929c0000, 0x0000000093a60000)
 concurrent mark-sweep generation total 1775232K, used 1380979K [0x0000000093a60000, 0x0000000100000000, 0x0000000100000000)
 Metaspace       used 65812K, capacity 70195K, committed 70432K, reserved 1110016K
  class space    used 8072K, capacity 9072K, committed 9136K, reserved 1048576K
}
Event: 30894.737 GC heap before
{Heap before GC invocations=8236 (full 2):
 par new generation   total 153344K, used 136564K [0x0000000089400000, 0x0000000093a60000, 0x0000000093a60000)
  eden space 136320K, 100% used [0x0000000089400000, 0x0000000091920000, 0x0000000091920000)
  from space 17024K,   1% used [0x0000000091920000, 0x000000009195d320, 0x00000000929c0000)
  to   space 17024K,   0% used [0x00000000929c0000, 0x00000000929c0000, 0x0000000093a60000)
 concurrent mark-sweep generation total 1775232K, used 1380979K [0x0000000093a60000, 0x0000000100000000, 0x0000000100000000)
 Metaspace       used 65812K, capacity 70195K, committed 70432K, reserved 1110016K
  class space    used 8072K, capacity 9072K, committed 9136K, reserved 1048576K
Event: 30894.745 GC heap after
Heap after GC invocations=8237 (full 2):
 par new generation   total 153344K, used 276K [0x0000000089400000, 0x0000000093a60000, 0x0000000093a60000)
  eden space 136320K,   0% used [0x0000000089400000, 0x0000000089400000, 0x0000000091920000)
  from space 17024K,   1% used [0x00000000929c0000, 0x0000000092a05030, 0x0000000093a60000)
  to   space 17024K,   0% used [0x0000000091920000, 0x0000000091920000, 0x00000000929c0000)
 concurrent mark-sweep generation total 1775232K, used 1381043K [0x0000000093a60000, 0x0000000100000000, 0x0000000100000000)
 Metaspace       used 65812K, capacity 70195K, committed 70432K, reserved 1110016K
  class space    used 8072K, capacity 9072K, committed 9136K, reserved 1048576K
}
Event: 30898.938 GC heap before
{Heap before GC invocations=8237 (full 2):
 par new generation   total 153344K, used 136596K [0x0000000089400000, 0x0000000093a60000, 0x0000000093a60000)
  eden space 136320K, 100% used [0x0000000089400000, 0x0000000091920000, 0x0000000091920000)
  from space 17024K,   1% used [0x00000000929c0000, 0x0000000092a05030, 0x0000000093a60000)
  to   space 17024K,   0% used [0x0000000091920000, 0x0000000091920000, 0x00000000929c0000)
 concurrent mark-sweep generation total 1775232K, used 1381043K [0x0000000093a60000, 0x0000000100000000, 0x0000000100000000)
 Metaspace       used 65812K, capacity 70195K, committed 70432K, reserved 1110016K
  class space    used 8072K, capacity 9072K, committed 9136K, reserved 1048576K
Event: 30898.945 GC heap after
Heap after GC invocations=8238 (full 2):
 par new generation   total 153344K, used 258K [0x0000000089400000, 0x0000000093a60000, 0x0000000093a60000)
  eden space 136320K,   0% used [0x0000000089400000, 0x0000000089400000, 0x0000000091920000)
  from space 17024K,   1% used [0x0000000091920000, 0x0000000091960b48, 0x00000000929c0000)
  to   space 17024K,   0% used [0x00000000929c0000, 0x00000000929c0000, 0x0000000093a60000)
 concurrent mark-sweep generation total 1775232K, used 1381071K [0x0000000093a60000, 0x0000000100000000, 0x0000000100000000)
 Metaspace       used 65812K, capacity 70195K, committed 70432K, reserved 1110016K
  class space    used 8072K, capacity 9072K, committed 9136K, reserved 1048576K
}
Event: 30903.089 GC heap before
{Heap before GC invocations=8238 (full 2):
 par new generation   total 153344K, used 136578K [0x0000000089400000, 0x0000000093a60000, 0x0000000093a60000)
  eden space 136320K, 100% used [0x0000000089400000, 0x0000000091920000, 0x0000000091920000)
  from space 17024K,   1% used [0x0000000091920000, 0x0000000091960b48, 0x00000000929c0000)
  to   space 17024K,   0% used [0x00000000929c0000, 0x00000000929c0000, 0x0000000093a60000)
 concurrent mark-sweep generation total 1775232K, used 1381071K [0x0000000093a60000, 0x0000000100000000, 0x0000000100000000)
 Metaspace       used 65813K, capacity 70199K, committed 70432K, reserved 1110016K
  class space    used 8072K, capacity 9072K, committed 9136K, reserved 1048576K
Event: 30903.097 GC heap after
Heap after GC invocations=8239 (full 2):
 par new generation   total 153344K, used 242K [0x0000000089400000, 0x0000000093a60000, 0x0000000093a60000)
  eden space 136320K,   0% used [0x0000000089400000, 0x0000000089400000, 0x0000000091920000)
  from space 17024K,   1% used [0x00000000929c0000, 0x00000000929fcb88, 0x0000000093a60000)
  to   space 17024K,   0% used [0x0000000091920000, 0x0000000091920000, 0x00000000929c0000)
 concurrent mark-sweep generation total 1775232K, used 1381072K [0x0000000093a60000, 0x0000000100000000, 0x0000000100000000)
 Metaspace       used 65813K, capacity 70199K, committed 70432K, reserved 1110016K
  class space    used 8072K, capacity 9072K, committed 9136K, reserved 1048576K
}
Event: 30907.288 GC heap before
{Heap before GC invocations=8239 (full 2):
 par new generation   total 153344K, used 136562K [0x0000000089400000, 0x0000000093a60000, 0x0000000093a60000)
  eden space 136320K, 100% used [0x0000000089400000, 0x0000000091920000, 0x0000000091920000)
  from space 17024K,   1% used [0x00000000929c0000, 0x00000000929fcb88, 0x0000000093a60000)
  to   space 17024K,   0% used [0x0000000091920000, 0x0000000091920000, 0x00000000929c0000)
 concurrent mark-sweep generation total 1775232K, used 1381072K [0x0000000093a60000, 0x0000000100000000, 0x0000000100000000)
 Metaspace       used 65813K, capacity 70199K, committed 70432K, reserved 1110016K
  class space    used 8072K, capacity 9072K, committed 9136K, reserved 1048576K
Event: 30907.296 GC heap after
Heap after GC invocations=8240 (full 2):
 par new generation   total 153344K, used 259K [0x0000000089400000, 0x0000000093a60000, 0x0000000093a60000)
  eden space 136320K,   0% used [0x0000000089400000, 0x0000000089400000, 0x0000000091920000)
  from space 17024K,   1% used [0x0000000091920000, 0x0000000091960e48, 0x00000000929c0000)
  to   space 17024K,   0% used [0x00000000929c0000, 0x00000000929c0000, 0x0000000093a60000)
 concurrent mark-sweep generation total 1775232K, used 1381086K [0x0000000093a60000, 0x0000000100000000, 0x0000000100000000)
 Metaspace       used 65813K, capacity 70199K, committed 70432K, reserved 1110016K
  class space    used 8072K, capacity 9072K, committed 9136K, reserved 1048576K
}
Event: 30911.538 GC heap before
{Heap before GC invocations=8240 (full 2):
 par new generation   total 153344K, used 136579K [0x0000000089400000, 0x0000000093a60000, 0x0000000093a60000)
  eden space 136320K, 100% used [0x0000000089400000, 0x0000000091920000, 0x0000000091920000)
  from space 17024K,   1% used [0x0000000091920000, 0x0000000091960e48, 0x00000000929c0000)
  to   space 17024K,   0% used [0x00000000929c0000, 0x00000000929c0000, 0x0000000093a60000)
 concurrent mark-sweep generation total 1775232K, used 1381086K [0x0000000093a60000, 0x0000000100000000, 0x0000000100000000)
 Metaspace       used 65813K, capacity 70199K, committed 70432K, reserved 1110016K
  class space    used 8072K, capacity 9072K, committed 9136K, reserved 1048576K
Event: 30911.545 GC heap after
Heap after GC invocations=8241 (full 2):
 par new generation   total 153344K, used 257K [0x0000000089400000, 0x0000000093a60000, 0x0000000093a60000)
  eden space 136320K,   0% used [0x0000000089400000, 0x0000000089400000, 0x0000000091920000)
  from space 17024K,   1% used [0x00000000929c0000, 0x0000000092a00758, 0x0000000093a60000)
  to   space 17024K,   0% used [0x0000000091920000, 0x0000000091920000, 0x00000000929c0000)
 concurrent mark-sweep generation total 1775232K, used 1381094K [0x0000000093a60000, 0x0000000100000000, 0x0000000100000000)
 Metaspace       used 65813K, capacity 70199K, committed 70432K, reserved 1110016K
  class space    used 8072K, capacity 9072K, committed 9136K, reserved 1048576K
}
Event: 30915.739 GC heap before
{Heap before GC invocations=8241 (full 2):
 par new generation   total 153344K, used 136577K [0x0000000089400000, 0x0000000093a60000, 0x0000000093a60000)
  eden space 136320K, 100% used [0x0000000089400000, 0x0000000091920000, 0x0000000091920000)
  from space 17024K,   1% used [0x00000000929c0000, 0x0000000092a00758, 0x0000000093a60000)
  to   space 17024K,   0% used [0x0000000091920000, 0x0000000091920000, 0x00000000929c0000)
 concurrent mark-sweep generation total 1775232K, used 1381094K [0x0000000093a60000, 0x0000000100000000, 0x0000000100000000)
 Metaspace       used 65813K, capacity 70199K, committed 70432K, reserved 1110016K
  class space    used 8072K, capacity 9072K, committed 9136K, reserved 1048576K
Event: 30915.747 GC heap after
Heap after GC invocations=8242 (full 2):
 par new generation   total 153344K, used 240K [0x0000000089400000, 0x0000000093a60000, 0x0000000093a60000)
  eden space 136320K,   0% used [0x0000000089400000, 0x0000000089400000, 0x0000000091920000)
  from space 17024K,   1% used [0x0000000091920000, 0x000000009195c2d0, 0x00000000929c0000)
  to   space 17024K,   0% used [0x00000000929c0000, 0x00000000929c0000, 0x0000000093a60000)
 concurrent mark-sweep generation total 1775232K, used 1381129K [0x0000000093a60000, 0x0000000100000000, 0x0000000100000000)
 Metaspace       used 65813K, capacity 70199K, committed 70432K, reserved 1110016K
  class space    used 8072K, capacity 9072K, committed 9136K, reserved 1048576K
}
Event: 30919.890 GC heap before
{Heap before GC invocations=8242 (full 2):
 par new generation   total 153344K, used 136560K [0x0000000089400000, 0x0000000093a60000, 0x0000000093a60000)
  eden space 136320K, 100% used [0x0000000089400000, 0x0000000091920000, 0x0000000091920000)
  from space 17024K,   1% used [0x0000000091920000, 0x000000009195c2d0, 0x00000000929c0000)
  to   space 17024K,   0% used [0x00000000929c0000, 0x00000000929c0000, 0x0000000093a60000)
 concurrent mark-sweep generation total 1775232K, used 1381129K [0x0000000093a60000, 0x0000000100000000, 0x0000000100000000)
 Metaspace       used 65813K, capacity 70199K, committed 70432K, reserved 1110016K
  class space    used 8072K, capacity 9072K, committed 9136K, reserved 1048576K
Event: 30919.898 GC heap after
Heap after GC invocations=8243 (full 2):
 par new generation   total 153344K, used 245K [0x0000000089400000, 0x0000000093a60000, 0x0000000093a60000)
  eden space 136320K,   0% used [0x0000000089400000, 0x0000000089400000, 0x0000000091920000)
  from space 17024K,   1% used [0x00000000929c0000, 0x00000000929fd458, 0x0000000093a60000)
  to   space 17024K,   0% used [0x0000000091920000, 0x0000000091920000, 0x00000000929c0000)
 concurrent mark-sweep generation total 1775232K, used 1381174K [0x0000000093a60000, 0x0000000100000000, 0x0000000100000000)
 Metaspace       used 65813K, capacity 70199K, committed 70432K, reserved 1110016K
  class space    used 8072K, capacity 9072K, committed 9136K, reserved 1048576K
}
Event: 30924.090 GC heap before
{Heap before GC invocations=8243 (full 2):
 par new generation   total 153344K, used 136565K [0x0000000089400000, 0x0000000093a60000, 0x0000000093a60000)
  eden space 136320K, 100% used [0x0000000089400000, 0x0000000091920000, 0x0000000091920000)
  from space 17024K,   1% used [0x00000000929c0000, 0x00000000929fd458, 0x0000000093a60000)
  to   space 17024K,   0% used [0x0000000091920000, 0x0000000091920000, 0x00000000929c0000)
 concurrent mark-sweep generation total 1775232K, used 1381174K [0x0000000093a60000, 0x0000000100000000, 0x0000000100000000)
 Metaspace       used 65813K, capacity 70199K, committed 70432K, reserved 1110016K
  class space    used 8072K, capacity 9072K, committed 9136K, reserved 1048576K
Event: 30924.098 GC heap after
Heap after GC invocations=8244 (full 2):
 par new generation   total 153344K, used 179K [0x0000000089400000, 0x0000000093a60000, 0x0000000093a60000)
  eden space 136320K,   0% used [0x0000000089400000, 0x0000000089400000, 0x0000000091920000)
  from space 17024K,   1% used [0x0000000091920000, 0x000000009194cfe0, 0x00000000929c0000)
  to   space 17024K,   0% used [0x00000000929c0000, 0x00000000929c0000, 0x0000000093a60000)
 concurrent mark-sweep generation total 1775232K, used 1381177K [0x0000000093a60000, 0x0000000100000000, 0x0000000100000000)
 Metaspace       used 65813K, capacity 70199K, committed 70432K, reserved 1110016K
  class space    used 8072K, capacity 9072K, committed 9136K, reserved 1048576K
}
Event: 30928.319 GC heap before
{Heap before GC invocations=8244 (full 2):
 par new generation   total 153344K, used 136499K [0x0000000089400000, 0x0000000093a60000, 0x0000000093a60000)
  eden space 136320K, 100% used [0x0000000089400000, 0x0000000091920000, 0x0000000091920000)
  from space 17024K,   1% used [0x0000000091920000, 0x000000009194cfe0, 0x00000000929c0000)
  to   space 17024K,   0% used [0x00000000929c0000, 0x00000000929c0000, 0x0000000093a60000)
 concurrent mark-sweep generation total 1775232K, used 1381177K [0x0000000093a60000, 0x0000000100000000, 0x0000000100000000)
 Metaspace       used 65813K, capacity 70199K, committed 70432K, reserved 1110016K
  class space    used 8072K, capacity 9072K, committed 9136K, reserved 1048576K
Event: 30928.342 GC heap after
Heap after GC invocations=8245 (full 2):
 par new generation   total 153344K, used 190K [0x0000000089400000, 0x0000000093a60000, 0x0000000093a60000)
  eden space 136320K,   0% used [0x0000000089400000, 0x0000000089400000, 0x0000000091920000)
  from space 17024K,   1% used [0x00000000929c0000, 0x00000000929ef8b0, 0x0000000093a60000)
  to   space 17024K,   0% used [0x0000000091920000, 0x0000000091920000, 0x00000000929c0000)
 concurrent mark-sweep generation total 1775232K, used 1381209K [0x0000000093a60000, 0x0000000100000000, 0x0000000100000000)
 Metaspace       used 65813K, capacity 70199K, committed 70432K, reserved 1110016K
  class space    used 8072K, capacity 9072K, committed 9136K, reserved 1048576K
}
Event: 30932.500 GC heap before
{Heap before GC invocations=8245 (full 2):
 par new generation   total 153344K, used 136510K [0x0000000089400000, 0x0000000093a60000, 0x0000000093a60000)
  eden space 136320K, 100% used [0x0000000089400000, 0x0000000091920000, 0x0000000091920000)
  from space 17024K,   1% used [0x00000000929c0000, 0x00000000929ef8b0, 0x0000000093a60000)
  to   space 17024K,   0% used [0x0000000091920000, 0x0000000091920000, 0x00000000929c0000)
 concurrent mark-sweep generation total 1775232K, used 1381209K [0x0000000093a60000, 0x0000000100000000, 0x0000000100000000)
 Metaspace       used 65813K, capacity 70199K, committed 70432K, reserved 1110016K
  class space    used 8072K, capacity 9072K, committed 9136K, reserved 1048576K
Event: 30932.507 GC heap after
Heap after GC invocations=8246 (full 2):
 par new generation   total 153344K, used 182K [0x0000000089400000, 0x0000000093a60000, 0x0000000093a60000)
  eden space 136320K,   0% used [0x0000000089400000, 0x0000000089400000, 0x0000000091920000)
  from space 17024K,   1% used [0x0000000091920000, 0x000000009194dac8, 0x00000000929c0000)
  to   space 17024K,   0% used [0x00000000929c0000, 0x00000000929c0000, 0x0000000093a60000)
 concurrent mark-sweep generation total 1775232K, used 1381210K [0x0000000093a60000, 0x0000000100000000, 0x0000000100000000)
 Metaspace       used 65813K, capacity 70199K, committed 70432K, reserved 1110016K
  class space    used 8072K, capacity 9072K, committed 9136K, reserved 1048576K
}
Event: 30936.700 GC heap before
{Heap before GC invocations=8246 (full 2):
 par new generation   total 153344K, used 136502K [0x0000000089400000, 0x0000000093a60000, 0x0000000093a60000)
  eden space 136320K, 100% used [0x0000000089400000, 0x0000000091920000, 0x0000000091920000)
  from space 17024K,   1% used [0x0000000091920000, 0x000000009194dac8, 0x00000000929c0000)
  to   space 17024K,   0% used [0x00000000929c0000, 0x00000000929c0000, 0x0000000093a60000)
 concurrent mark-sweep generation total 1775232K, used 1381210K [0x0000000093a60000, 0x0000000100000000, 0x0000000100000000)
 Metaspace       used 65813K, capacity 70199K, committed 70432K, reserved 1110016K
  class space    used 8072K, capacity 9072K, committed 9136K, reserved 1048576K
Event: 30936.708 GC heap after
Heap after GC invocations=8247 (full 2):
 par new generation   total 153344K, used 217K [0x0000000089400000, 0x0000000093a60000, 0x0000000093a60000)
  eden space 136320K,   0% used [0x0000000089400000, 0x0000000089400000, 0x0000000091920000)
  from space 17024K,   1% used [0x00000000929c0000, 0x00000000929f6618, 0x0000000093a60000)
  to   space 17024K,   0% used [0x0000000091920000, 0x0000000091920000, 0x00000000929c0000)
 concurrent mark-sweep generation total 1775232K, used 1381213K [0x0000000093a60000, 0x0000000100000000, 0x0000000100000000)
 Metaspace       used 65813K, capacity 70199K, committed 70432K, reserved 1110016K
  class space    used 8072K, capacity 9072K, committed 9136K, reserved 1048576K
}
Event: 30940.902 GC heap before
{Heap before GC invocations=8247 (full 2):
 par new generation   total 153344K, used 136537K [0x0000000089400000, 0x0000000093a60000, 0x0000000093a60000)
  eden space 136320K, 100% used [0x0000000089400000, 0x0000000091920000, 0x0000000091920000)
  from space 17024K,   1% used [0x00000000929c0000, 0x00000000929f6618, 0x0000000093a60000)
  to   space 17024K,   0% used [0x0000000091920000, 0x0000000091920000, 0x00000000929c0000)
 concurrent mark-sweep generation total 1775232K, used 1381213K [0x0000000093a60000, 0x0000000100000000, 0x0000000100000000)
 Metaspace       used 65813K, capacity 70199K, committed 70432K, reserved 1110016K
  class space    used 8072K, capacity 9072K, committed 9136K, reserved 1048576K
Event: 30940.910 GC heap after
Heap after GC invocations=8248 (full 2):
 par new generation   total 153344K, used 242K [0x0000000089400000, 0x0000000093a60000, 0x0000000093a60000)
  eden space 136320K,   0% used [0x0000000089400000, 0x0000000089400000, 0x0000000091920000)
  from space 17024K,   1% used [0x0000000091920000, 0x000000009195c948, 0x00000000929c0000)
  to   space 17024K,   0% used [0x00000000929c0000, 0x00000000929c0000, 0x0000000093a60000)
 concurrent mark-sweep generation total 1775232K, used 1381255K [0x0000000093a60000, 0x0000000100000000, 0x0000000100000000)
 Metaspace       used 65813K, capacity 70199K, committed 70432K, reserved 1110016K
  class space    used 8072K, capacity 9072K, committed 9136K, reserved 1048576K
}
Event: 30945.102 GC heap before
{Heap before GC invocations=8248 (full 2):
 par new generation   total 153344K, used 136562K [0x0000000089400000, 0x0000000093a60000, 0x0000000093a60000)
  eden space 136320K, 100% used [0x0000000089400000, 0x0000000091920000, 0x0000000091920000)
  from space 17024K,   1% used [0x0000000091920000, 0x000000009195c948, 0x00000000929c0000)
  to   space 17024K,   0% used [0x00000000929c0000, 0x00000000929c0000, 0x0000000093a60000)
 concurrent mark-sweep generation total 1775232K, used 1381255K [0x0000000093a60000, 0x0000000100000000, 0x0000000100000000)
 Metaspace       used 65813K, capacity 70199K, committed 70432K, reserved 1110016K
  class space    used 8072K, capacity 9072K, committed 9136K, reserved 1048576K
Event: 30945.110 GC heap after
Heap after GC invocations=8249 (full 2):
 par new generation   total 153344K, used 235K [0x0000000089400000, 0x0000000093a60000, 0x0000000093a60000)
  eden space 136320K,   0% used [0x0000000089400000, 0x0000000089400000, 0x0000000091920000)
  from space 17024K,   1% used [0x00000000929c0000, 0x00000000929faef8, 0x0000000093a60000)
  to   space 17024K,   0% used [0x0000000091920000, 0x0000000091920000, 0x00000000929c0000)
 concurrent mark-sweep generation total 1775232K, used 1381266K [0x0000000093a60000, 0x0000000100000000, 0x0000000100000000)
 Metaspace       used 65813K, capacity 70199K, committed 70432K, reserved 1110016K
  class space    used 8072K, capacity 9072K, committed 9136K, reserved 1048576K
}
Event: 30949.154 GC heap before
{Heap before GC invocations=8249 (full 2):
 par new generation   total 153344K, used 136555K [0x0000000089400000, 0x0000000093a60000, 0x0000000093a60000)
  eden space 136320K, 100% used [0x0000000089400000, 0x0000000091920000, 0x0000000091920000)
  from space 17024K,   1% used [0x00000000929c0000, 0x00000000929faef8, 0x0000000093a60000)
  to   space 17024K,   0% used [0x0000000091920000, 0x0000000091920000, 0x00000000929c0000)
 concurrent mark-sweep generation total 1775232K, used 1381266K [0x0000000093a60000, 0x0000000100000000, 0x0000000100000000)
 Metaspace       used 65813K, capacity 70199K, committed 70432K, reserved 1110016K
  class space    used 8072K, capacity 9072K, committed 9136K, reserved 1048576K
Event: 30949.161 GC heap after
Heap after GC invocations=8250 (full 2):
 par new generation   total 153344K, used 343K [0x0000000089400000, 0x0000000093a60000, 0x0000000093a60000)
  eden space 136320K,   0% used [0x0000000089400000, 0x0000000089400000, 0x0000000091920000)
  from space 17024K,   2% used [0x0000000091920000, 0x0000000091975f78, 0x00000000929c0000)
  to   space 17024K,   0% used [0x00000000929c0000, 0x00000000929c0000, 0x0000000093a60000)
 concurrent mark-sweep generation total 1775232K, used 1381278K [0x0000000093a60000, 0x0000000100000000, 0x0000000100000000)
 Metaspace       used 65813K, capacity 70199K, committed 70432K, reserved 1110016K
  class space    used 8072K, capacity 9072K, committed 9136K, reserved 1048576K
}
Event: 30953.354 GC heap before
{Heap before GC invocations=8250 (full 2):
 par new generation   total 153344K, used 136663K [0x0000000089400000, 0x0000000093a60000, 0x0000000093a60000)
  eden space 136320K, 100% used [0x0000000089400000, 0x0000000091920000, 0x0000000091920000)
  from space 17024K,   2% used [0x0000000091920000, 0x0000000091975f78, 0x00000000929c0000)
  to   space 17024K,   0% used [0x00000000929c0000, 0x00000000929c0000, 0x0000000093a60000)
 concurrent mark-sweep generation total 1775232K, used 1381278K [0x0000000093a60000, 0x0000000100000000, 0x0000000100000000)
 Metaspace       used 65813K, capacity 70199K, committed 70432K, reserved 1110016K
  class space    used 8072K, capacity 9072K, committed 9136K, reserved 1048576K
Event: 30953.365 GC heap after
Heap after GC invocations=8251 (full 2):
 par new generation   total 153344K, used 273K [0x0000000089400000, 0x0000000093a60000, 0x0000000093a60000)
  eden space 136320K,   0% used [0x0000000089400000, 0x0000000089400000, 0x0000000091920000)
  from space 17024K,   1% used [0x00000000929c0000, 0x0000000092a047a0, 0x0000000093a60000)
  to   space 17024K,   0% used [0x0000000091920000, 0x0000000091920000, 0x00000000929c0000)
 concurrent mark-sweep generation total 1775232K, used 1381289K [0x0000000093a60000, 0x0000000100000000, 0x0000000100000000)
 Metaspace       used 65813K, capacity 70199K, committed 70432K, reserved 1110016K
  class space    used 8072K, capacity 9072K, committed 9136K, reserved 1048576K
}
Event: 30957.505 GC heap before
{Heap before GC invocations=8251 (full 2):
 par new generation   total 153344K, used 136593K [0x0000000089400000, 0x0000000093a60000, 0x0000000093a60000)
  eden space 136320K, 100% used [0x0000000089400000, 0x0000000091920000, 0x0000000091920000)
  from space 17024K,   1% used [0x00000000929c0000, 0x0000000092a047a0, 0x0000000093a60000)
  to   space 17024K,   0% used [0x0000000091920000, 0x0000000091920000, 0x00000000929c0000)
 concurrent mark-sweep generation total 1775232K, used 1381289K [0x0000000093a60000, 0x0000000100000000, 0x0000000100000000)
 Metaspace       used 65813K, capacity 70199K, committed 70432K, reserved 1110016K
  class space    used 8072K, capacity 9072K, committed 9136K, reserved 1048576K
Event: 30957.513 GC heap after
Heap after GC invocations=8252 (full 2):
 par new generation   total 153344K, used 284K [0x0000000089400000, 0x0000000093a60000, 0x0000000093a60000)
  eden space 136320K,   0% used [0x0000000089400000, 0x0000000089400000, 0x0000000091920000)
  from space 17024K,   1% used [0x0000000091920000, 0x00000000919672b0, 0x00000000929c0000)
  to   space 17024K,   0% used [0x00000000929c0000, 0x00000000929c0000, 0x0000000093a60000)
 concurrent mark-sweep generation total 1775232K, used 1381322K [0x0000000093a60000, 0x0000000100000000, 0x0000000100000000)
 Metaspace       used 65813K, capacity 70199K, committed 70432K, reserved 1110016K
  class space    used 8072K, capacity 9072K, committed 9136K, reserved 1048576K
}
Event: 30961.806 GC heap before
{Heap before GC invocations=8252 (full 2):
 par new generation   total 153344K, used 136604K [0x0000000089400000, 0x0000000093a60000, 0x0000000093a60000)
  eden space 136320K, 100% used [0x0000000089400000, 0x0000000091920000, 0x0000000091920000)
  from space 17024K,   1% used [0x0000000091920000, 0x00000000919672b0, 0x00000000929c0000)
  to   space 17024K,   0% used [0x00000000929c0000, 0x00000000929c0000, 0x0000000093a60000)
 concurrent mark-sweep generation total 1775232K, used 1381322K [0x0000000093a60000, 0x0000000100000000, 0x0000000100000000)
 Metaspace       used 65813K, capacity 70199K, committed 70432K, reserved 1110016K
  class space    used 8072K, capacity 9072K, committed 9136K, reserved 1048576K
Event: 30961.814 GC heap after
Heap after GC invocations=8253 (full 2):
 par new generation   total 153344K, used 303K [0x0000000089400000, 0x0000000093a60000, 0x0000000093a60000)
  eden space 136320K,   0% used [0x0000000089400000, 0x0000000089400000, 0x0000000091920000)
  from space 17024K,   1% used [0x00000000929c0000, 0x0000000092a0beb8, 0x0000000093a60000)
  to   space 17024K,   0% used [0x0000000091920000, 0x0000000091920000, 0x00000000929c0000)
 concurrent mark-sweep generation total 1775232K, used 1381339K [0x0000000093a60000, 0x0000000100000000, 0x0000000100000000)
 Metaspace       used 65813K, capacity 70199K, committed 70432K, reserved 1110016K
  class space    used 8072K, capacity 9072K, committed 9136K, reserved 1048576K
}
Event: 30966.057 GC heap before
{Heap before GC invocations=8253 (full 2):
 par new generation   total 153344K, used 136623K [0x0000000089400000, 0x0000000093a60000, 0x0000000093a60000)
  eden space 136320K, 100% used [0x0000000089400000, 0x0000000091920000, 0x0000000091920000)
  from space 17024K,   1% used [0x00000000929c0000, 0x0000000092a0beb8, 0x0000000093a60000)
  to   space 17024K,   0% used [0x0000000091920000, 0x0000000091920000, 0x00000000929c0000)
 concurrent mark-sweep generation total 1775232K, used 1381339K [0x0000000093a60000, 0x0000000100000000, 0x0000000100000000)
 Metaspace       used 65813K, capacity 70199K, committed 70432K, reserved 1110016K
  class space    used 8072K, capacity 9072K, committed 9136K, reserved 1048576K
Event: 30966.065 GC heap after
Heap after GC invocations=8254 (full 2):
 par new generation   total 153344K, used 303K [0x0000000089400000, 0x0000000093a60000, 0x0000000093a60000)
  eden space 136320K,   0% used [0x0000000089400000, 0x0000000089400000, 0x0000000091920000)
  from space 17024K,   1% used [0x0000000091920000, 0x000000009196bf48, 0x00000000929c0000)
  to   space 17024K,   0% used [0x00000000929c0000, 0x00000000929c0000, 0x0000000093a60000)
 concurrent mark-sweep generation total 1775232K, used 1381360K [0x0000000093a60000, 0x0000000100000000, 0x0000000100000000)
 Metaspace       used 65813K, capacity 70199K, committed 70432K, reserved 1110016K
  class space    used 8072K, capacity 9072K, committed 9136K, reserved 1048576K
}
Event: 30970.276 GC heap before
{Heap before GC invocations=8254 (full 2):
 par new generation   total 153344K, used 136623K [0x0000000089400000, 0x0000000093a60000, 0x0000000093a60000)
  eden space 136320K, 100% used [0x0000000089400000, 0x0000000091920000, 0x0000000091920000)
  from space 17024K,   1% used [0x0000000091920000, 0x000000009196bf48, 0x00000000929c0000)
  to   space 17024K,   0% used [0x00000000929c0000, 0x00000000929c0000, 0x0000000093a60000)
 concurrent mark-sweep generation total 1775232K, used 1381360K [0x0000000093a60000, 0x0000000100000000, 0x0000000100000000)
 Metaspace       used 65813K, capacity 70199K, committed 70432K, reserved 1110016K
  class space    used 8072K, capacity 9072K, committed 9136K, reserved 1048576K
Event: 30970.285 GC heap after
Heap after GC invocations=8255 (full 2):
 par new generation   total 153344K, used 325K [0x0000000089400000, 0x0000000093a60000, 0x0000000093a60000)
  eden space 136320K,   0% used [0x0000000089400000, 0x0000000089400000, 0x0000000091920000)
  from space 17024K,   1% used [0x00000000929c0000, 0x0000000092a117f8, 0x0000000093a60000)
  to   space 17024K,   0% used [0x0000000091920000, 0x0000000091920000, 0x00000000929c0000)
 concurrent mark-sweep generation total 1775232K, used 1381412K [0x0000000093a60000, 0x0000000100000000, 0x0000000100000000)
 Metaspace       used 65813K, capacity 70199K, committed 70432K, reserved 1110016K
  class space    used 8072K, capacity 9072K, committed 9136K, reserved 1048576K
}
Event: 30974.524 GC heap before
{Heap before GC invocations=8255 (full 2):
 par new generation   total 153344K, used 136645K [0x0000000089400000, 0x0000000093a60000, 0x0000000093a60000)
  eden space 136320K, 100% used [0x0000000089400000, 0x0000000091920000, 0x0000000091920000)
  from space 17024K,   1% used [0x00000000929c0000, 0x0000000092a117f8, 0x0000000093a60000)
  to   space 17024K,   0% used [0x0000000091920000, 0x0000000091920000, 0x00000000929c0000)
 concurrent mark-sweep generation total 1775232K, used 1381412K [0x0000000093a60000, 0x0000000100000000, 0x0000000100000000)
 Metaspace       used 65813K, capacity 70199K, committed 70432K, reserved 1110016K
  class space    used 8072K, capacity 9072K, committed 9136K, reserved 1048576K
Event: 30974.532 GC heap after
Heap after GC invocations=8256 (full 2):
 par new generation   total 153344K, used 455K [0x0000000089400000, 0x0000000093a60000, 0x0000000093a60000)
  eden space 136320K,   0% used [0x0000000089400000, 0x0000000089400000, 0x0000000091920000)
  from space 17024K,   2% used [0x0000000091920000, 0x0000000091991ee0, 0x00000000929c0000)
  to   space 17024K,   0% used [0x00000000929c0000, 0x00000000929c0000, 0x0000000093a60000)
 concurrent mark-sweep generation total 1775232K, used 1381416K [0x0000000093a60000, 0x0000000100000000, 0x0000000100000000)
 Metaspace       used 65813K, capacity 70199K, committed 70432K, reserved 1110016K
  class space    used 8072K, capacity 9072K, committed 9136K, reserved 1048576K
}
Event: 30978.676 GC heap before
{Heap before GC invocations=8256 (full 2):
 par new generation   total 153344K, used 136775K [0x0000000089400000, 0x0000000093a60000, 0x0000000093a60000)
  eden space 136320K, 100% used [0x0000000089400000, 0x0000000091920000, 0x0000000091920000)
  from space 17024K,   2% used [0x0000000091920000, 0x0000000091991ee0, 0x00000000929c0000)
  to   space 17024K,   0% used [0x00000000929c0000, 0x00000000929c0000, 0x0000000093a60000)
 concurrent mark-sweep generation total 1775232K, used 1381416K [0x0000000093a60000, 0x0000000100000000, 0x0000000100000000)
 Metaspace       used 65813K, capacity 70199K, committed 70432K, reserved 1110016K
  class space    used 8072K, capacity 9072K, committed 9136K, reserved 1048576K
Event: 30978.684 GC heap after
Heap after GC invocations=8257 (full 2):
 par new generation   total 153344K, used 392K [0x0000000089400000, 0x0000000093a60000, 0x0000000093a60000)
  eden space 136320K,   0% used [0x0000000089400000, 0x0000000089400000, 0x0000000091920000)
  from space 17024K,   2% used [0x00000000929c0000, 0x0000000092a22020, 0x0000000093a60000)
  to   space 17024K,   0% used [0x0000000091920000, 0x0000000091920000, 0x00000000929c0000)
 concurrent mark-sweep generation total 1775232K, used 1381464K [0x0000000093a60000, 0x0000000100000000, 0x0000000100000000)
 Metaspace       used 65813K, capacity 70199K, committed 70432K, reserved 1110016K
  class space    used 8072K, capacity 9072K, committed 9136K, reserved 1048576K
}
Event: 30982.882 GC heap before
{Heap before GC invocations=8257 (full 2):
 par new generation   total 153344K, used 136712K [0x0000000089400000, 0x0000000093a60000, 0x0000000093a60000)
  eden space 136320K, 100% used [0x0000000089400000, 0x0000000091920000, 0x0000000091920000)
  from space 17024K,   2% used [0x00000000929c0000, 0x0000000092a22020, 0x0000000093a60000)
  to   space 17024K,   0% used [0x0000000091920000, 0x0000000091920000, 0x00000000929c0000)
 concurrent mark-sweep generation total 1775232K, used 1381464K [0x0000000093a60000, 0x0000000100000000, 0x0000000100000000)
 Metaspace       used 65813K, capacity 70199K, committed 70432K, reserved 1110016K
  class space    used 8072K, capacity 9072K, committed 9136K, reserved 1048576K
Event: 30982.890 GC heap after
Heap after GC invocations=8258 (full 2):
 par new generation   total 153344K, used 368K [0x0000000089400000, 0x0000000093a60000, 0x0000000093a60000)
  eden space 136320K,   0% used [0x0000000089400000, 0x0000000089400000, 0x0000000091920000)
  from space 17024K,   2% used [0x0000000091920000, 0x000000009197c058, 0x00000000929c0000)
  to   space 17024K,   0% used [0x00000000929c0000, 0x00000000929c0000, 0x0000000093a60000)
 concurrent mark-sweep generation total 1775232K, used 1381492K [0x0000000093a60000, 0x0000000100000000, 0x0000000100000000)
 Metaspace       used 65813K, capacity 70199K, committed 70432K, reserved 1110016K
  class space    used 8072K, capacity 9072K, committed 9136K, reserved 1048576K
}
Event: 30987.081 GC heap before
{Heap before GC invocations=8258 (full 2):
 par new generation   total 153344K, used 136688K [0x0000000089400000, 0x0000000093a60000, 0x0000000093a60000)
  eden space 136320K, 100% used [0x0000000089400000, 0x0000000091920000, 0x0000000091920000)
  from space 17024K,   2% used [0x0000000091920000, 0x000000009197c058, 0x00000000929c0000)
  to   space 17024K,   0% used [0x00000000929c0000, 0x00000000929c0000, 0x0000000093a60000)
 concurrent mark-sweep generation total 1775232K, used 1381492K [0x0000000093a60000, 0x0000000100000000, 0x0000000100000000)
 Metaspace       used 65813K, capacity 70199K, committed 70432K, reserved 1110016K
  class space    used 8072K, capacity 9072K, committed 9136K, reserved 1048576K
Event: 30987.089 GC heap after
Heap after GC invocations=8259 (full 2):
 par new generation   total 153344K, used 411K [0x0000000089400000, 0x0000000093a60000, 0x0000000093a60000)
  eden space 136320K,   0% used [0x0000000089400000, 0x0000000089400000, 0x0000000091920000)
  from space 17024K,   2% used [0x00000000929c0000, 0x0000000092a26e70, 0x0000000093a60000)
  to   space 17024K,   0% used [0x0000000091920000, 0x0000000091920000, 0x00000000929c0000)
 concurrent mark-sweep generation total 1775232K, used 1381502K [0x0000000093a60000, 0x0000000100000000, 0x0000000100000000)
 Metaspace       used 65813K, capacity 70199K, committed 70432K, reserved 1110016K
  class space    used 8072K, capacity 9072K, committed 9136K, reserved 1048576K
}
Event: 30991.283 GC heap before
{Heap before GC invocations=8259 (full 2):
 par new generation   total 153344K, used 136731K [0x0000000089400000, 0x0000000093a60000, 0x0000000093a60000)
  eden space 136320K, 100% used [0x0000000089400000, 0x0000000091920000, 0x0000000091920000)
  from space 17024K,   2% used [0x00000000929c0000, 0x0000000092a26e70, 0x0000000093a60000)
  to   space 17024K,   0% used [0x0000000091920000, 0x0000000091920000, 0x00000000929c0000)
 concurrent mark-sweep generation total 1775232K, used 1381502K [0x0000000093a60000, 0x0000000100000000, 0x0000000100000000)
 Metaspace       used 65813K, capacity 70199K, committed 70432K, reserved 1110016K
  class space    used 8072K, capacity 9072K, committed 9136K, reserved 1048576K
Event: 30991.291 GC heap after
Heap after GC invocations=8260 (full 2):
 par new generation   total 153344K, used 442K [0x0000000089400000, 0x0000000093a60000, 0x0000000093a60000)
  eden space 136320K,   0% used [0x0000000089400000, 0x0000000089400000, 0x0000000091920000)
  from space 17024K,   2% used [0x0000000091920000, 0x000000009198ea90, 0x00000000929c0000)
  to   space 17024K,   0% used [0x00000000929c0000, 0x00000000929c0000, 0x0000000093a60000)
 concurrent mark-sweep generation total 1775232K, used 1381544K [0x0000000093a60000, 0x0000000100000000, 0x0000000100000000)
 Metaspace       used 65813K, capacity 70199K, committed 70432K, reserved 1110016K
  class space    used 8072K, capacity 9072K, committed 9136K, reserved 1048576K
}
Event: 30995.484 GC heap before
{Heap before GC invocations=8260 (full 2):
 par new generation   total 153344K, used 136762K [0x0000000089400000, 0x0000000093a60000, 0x0000000093a60000)
  eden space 136320K, 100% used [0x0000000089400000, 0x0000000091920000, 0x0000000091920000)
  from space 17024K,   2% used [0x0000000091920000, 0x000000009198ea90, 0x00000000929c0000)
  to   space 17024K,   0% used [0x00000000929c0000, 0x00000000929c0000, 0x0000000093a60000)
 concurrent mark-sweep generation total 1775232K, used 1381544K [0x0000000093a60000, 0x0000000100000000, 0x0000000100000000)
 Metaspace       used 65813K, capacity 70199K, committed 70432K, reserved 1110016K
  class space    used 8072K, capacity 9072K, committed 9136K, reserved 1048576K
Event: 30995.492 GC heap after
Heap after GC invocations=8261 (full 2):
 par new generation   total 153344K, used 274K [0x0000000089400000, 0x0000000093a60000, 0x0000000093a60000)
  eden space 136320K,   0% used [0x0000000089400000, 0x0000000089400000, 0x0000000091920000)
  from space 17024K,   1% used [0x00000000929c0000, 0x0000000092a04a80, 0x0000000093a60000)
  to   space 17024K,   0% used [0x0000000091920000, 0x0000000091920000, 0x00000000929c0000)
 concurrent mark-sweep generation total 1775232K, used 1381571K [0x0000000093a60000, 0x0000000100000000, 0x0000000100000000)
 Metaspace       used 65813K, capacity 70199K, committed 70432K, reserved 1110016K
  class space    used 8072K, capacity 9072K, committed 9136K, reserved 1048576K
}
Event: 30999.635 GC heap before
{Heap before GC invocations=8261 (full 2):
 par new generation   total 153344K, used 136594K [0x0000000089400000, 0x0000000093a60000, 0x0000000093a60000)
  eden space 136320K, 100% used [0x0000000089400000, 0x0000000091920000, 0x0000000091920000)
  from space 17024K,   1% used [0x00000000929c0000, 0x0000000092a04a80, 0x0000000093a60000)
  to   space 17024K,   0% used [0x0000000091920000, 0x0000000091920000, 0x00000000929c0000)
 concurrent mark-sweep generation total 1775232K, used 1381571K [0x0000000093a60000, 0x0000000100000000, 0x0000000100000000)
 Metaspace       used 65813K, capacity 70199K, committed 70432K, reserved 1110016K
  class space    used 8072K, capacity 9072K, committed 9136K, reserved 1048576K
Event: 30999.643 GC heap after
Heap after GC invocations=8262 (full 2):
 par new generation   total 153344K, used 374K [0x0000000089400000, 0x0000000093a60000, 0x0000000093a60000)
  eden space 136320K,   0% used [0x0000000089400000, 0x0000000089400000, 0x0000000091920000)
  from space 17024K,   2% used [0x0000000091920000, 0x000000009197d918, 0x00000000929c0000)
  to   space 17024K,   0% used [0x00000000929c0000, 0x00000000929c0000, 0x0000000093a60000)
 concurrent mark-sweep generation total 1775232K, used 1381581K [0x0000000093a60000, 0x0000000100000000, 0x0000000100000000)
 Metaspace       used 65813K, capacity 70199K, committed 70432K, reserved 1110016K
  class space    used 8072K, capacity 9072K, committed 9136K, reserved 1048576K
}
Event: 31003.836 GC heap before
{Heap before GC invocations=8262 (full 2):
 par new generation   total 153344K, used 136694K [0x0000000089400000, 0x0000000093a60000, 0x0000000093a60000)
  eden space 136320K, 100% used [0x0000000089400000, 0x0000000091920000, 0x0000000091920000)
  from space 17024K,   2% used [0x0000000091920000, 0x000000009197d918, 0x00000000929c0000)
  to   space 17024K,   0% used [0x00000000929c0000, 0x00000000929c0000, 0x0000000093a60000)
 concurrent mark-sweep generation total 1775232K, used 1381581K [0x0000000093a60000, 0x0000000100000000, 0x0000000100000000)
 Metaspace       used 65813K, capacity 70199K, committed 70432K, reserved 1110016K
  class space    used 8072K, capacity 9072K, committed 9136K, reserved 1048576K
Event: 31003.844 GC heap after
Heap after GC invocations=8263 (full 2):
 par new generation   total 153344K, used 380K [0x0000000089400000, 0x0000000093a60000, 0x0000000093a60000)
  eden space 136320K,   0% used [0x0000000089400000, 0x0000000089400000, 0x0000000091920000)
  from space 17024K,   2% used [0x00000000929c0000, 0x0000000092a1f040, 0x0000000093a60000)
  to   space 17024K,   0% used [0x0000000091920000, 0x0000000091920000, 0x00000000929c0000)
 concurrent mark-sweep generation total 1775232K, used 1381631K [0x0000000093a60000, 0x0000000100000000, 0x0000000100000000)
 Metaspace       used 65813K, capacity 70199K, committed 70432K, reserved 1110016K
  class space    used 8072K, capacity 9072K, committed 9136K, reserved 1048576K
}
Event: 31007.937 GC heap before
{Heap before GC invocations=8263 (full 2):
 par new generation   total 153344K, used 136700K [0x0000000089400000, 0x0000000093a60000, 0x0000000093a60000)
  eden space 136320K, 100% used [0x0000000089400000, 0x0000000091920000, 0x0000000091920000)
  from space 17024K,   2% used [0x00000000929c0000, 0x0000000092a1f040, 0x0000000093a60000)
  to   space 17024K,   0% used [0x0000000091920000, 0x0000000091920000, 0x00000000929c0000)
 concurrent mark-sweep generation total 1775232K, used 1381631K [0x0000000093a60000, 0x0000000100000000, 0x0000000100000000)
 Metaspace       used 65813K, capacity 70199K, committed 70432K, reserved 1110016K
  class space    used 8072K, capacity 9072K, committed 9136K, reserved 1048576K
Event: 31007.945 GC heap after
Heap after GC invocations=8264 (full 2):
 par new generation   total 153344K, used 413K [0x0000000089400000, 0x0000000093a60000, 0x0000000093a60000)
  eden space 136320K,   0% used [0x0000000089400000, 0x0000000089400000, 0x0000000091920000)
  from space 17024K,   2% used [0x0000000091920000, 0x0000000091987560, 0x00000000929c0000)
  to   space 17024K,   0% used [0x00000000929c0000, 0x00000000929c0000, 0x0000000093a60000)
 concurrent mark-sweep generation total 1775232K, used 1381654K [0x0000000093a60000, 0x0000000100000000, 0x0000000100000000)
 Metaspace       used 65813K, capacity 70199K, committed 70432K, reserved 1110016K
  class space    used 8072K, capacity 9072K, committed 9136K, reserved 1048576K
}
Event: 31012.088 GC heap before
{Heap before GC invocations=8264 (full 2):
 par new generation   total 153344K, used 136733K [0x0000000089400000, 0x0000000093a60000, 0x0000000093a60000)
  eden space 136320K, 100% used [0x0000000089400000, 0x0000000091920000, 0x0000000091920000)
  from space 17024K,   2% used [0x0000000091920000, 0x0000000091987560, 0x00000000929c0000)
  to   space 17024K,   0% used [0x00000000929c0000, 0x00000000929c0000, 0x0000000093a60000)
 concurrent mark-sweep generation total 1775232K, used 1381654K [0x0000000093a60000, 0x0000000100000000, 0x0000000100000000)
 Metaspace       used 65813K, capacity 70199K, committed 70432K, reserved 1110016K
  class space    used 8072K, capacity 9072K, committed 9136K, reserved 1048576K
Event: 31012.097 GC heap after
Heap after GC invocations=8265 (full 2):
 par new generation   total 153344K, used 265K [0x0000000089400000, 0x0000000093a60000, 0x0000000093a60000)
  eden space 136320K,   0% used [0x0000000089400000, 0x0000000089400000, 0x0000000091920000)
  from space 17024K,   1% used [0x00000000929c0000, 0x0000000092a025f0, 0x0000000093a60000)
  to   space 17024K,   0% used [0x0000000091920000, 0x0000000091920000, 0x00000000929c0000)
 concurrent mark-sweep generation total 1775232K, used 1381693K [0x0000000093a60000, 0x0000000100000000, 0x0000000100000000)
 Metaspace       used 65813K, capacity 70199K, committed 70432K, reserved 1110016K
  class space    used 8072K, capacity 9072K, committed 9136K, reserved 1048576K
}
Event: 31016.188 GC heap before
{Heap before GC invocations=8265 (full 2):
 par new generation   total 153344K, used 136585K [0x0000000089400000, 0x0000000093a60000, 0x0000000093a60000)
  eden space 136320K, 100% used [0x0000000089400000, 0x0000000091920000, 0x0000000091920000)
  from space 17024K,   1% used [0x00000000929c0000, 0x0000000092a025f0, 0x0000000093a60000)
  to   space 17024K,   0% used [0x0000000091920000, 0x0000000091920000, 0x00000000929c0000)
 concurrent mark-sweep generation total 1775232K, used 1381693K [0x0000000093a60000, 0x0000000100000000, 0x0000000100000000)
 Metaspace       used 65813K, capacity 70199K, committed 70432K, reserved 1110016K
  class space    used 8072K, capacity 9072K, committed 9136K, reserved 1048576K
Event: 31016.196 GC heap after
Heap after GC invocations=8266 (full 2):
 par new generation   total 153344K, used 365K [0x0000000089400000, 0x0000000093a60000, 0x0000000093a60000)
  eden space 136320K,   0% used [0x0000000089400000, 0x0000000089400000, 0x0000000091920000)
  from space 17024K,   2% used [0x0000000091920000, 0x000000009197b788, 0x00000000929c0000)
  to   space 17024K,   0% used [0x00000000929c0000, 0x00000000929c0000, 0x0000000093a60000)
 concurrent mark-sweep generation total 1775232K, used 1381759K [0x0000000093a60000, 0x0000000100000000, 0x0000000100000000)
 Metaspace       used 65813K, capacity 70199K, committed 70432K, reserved 1110016K
  class space    used 8072K, capacity 9072K, committed 9136K, reserved 1048576K
}
Event: 31020.189 GC heap before
{Heap before GC invocations=8266 (full 2):
 par new generation   total 153344K, used 136685K [0x0000000089400000, 0x0000000093a60000, 0x0000000093a60000)
  eden space 136320K, 100% used [0x0000000089400000, 0x0000000091920000, 0x0000000091920000)
  from space 17024K,   2% used [0x0000000091920000, 0x000000009197b788, 0x00000000929c0000)
  to   space 17024K,   0% used [0x00000000929c0000, 0x00000000929c0000, 0x0000000093a60000)
 concurrent mark-sweep generation total 1775232K, used 1381759K [0x0000000093a60000, 0x0000000100000000, 0x0000000100000000)
 Metaspace       used 65813K, capacity 70199K, committed 70432K, reserved 1110016K
  class space    used 8072K, capacity 9072K, committed 9136K, reserved 1048576K
Event: 31020.197 GC heap after
Heap after GC invocations=8267 (full 2):
 par new generation   total 153344K, used 499K [0x0000000089400000, 0x0000000093a60000, 0x0000000093a60000)
  eden space 136320K,   0% used [0x0000000089400000, 0x0000000089400000, 0x0000000091920000)
  from space 17024K,   2% used [0x00000000929c0000, 0x0000000092a3cf98, 0x0000000093a60000)
  to   space 17024K,   0% used [0x0000000091920000, 0x0000000091920000, 0x00000000929c0000)
 concurrent mark-sweep generation total 1775232K, used 1381760K [0x0000000093a60000, 0x0000000100000000, 0x0000000100000000)
 Metaspace       used 65813K, capacity 70199K, committed 70432K, reserved 1110016K
  class space    used 8072K, capacity 9072K, committed 9136K, reserved 1048576K
}
Event: 31024.189 GC heap before
{Heap before GC invocations=8267 (full 2):
 par new generation   total 153344K, used 136819K [0x0000000089400000, 0x0000000093a60000, 0x0000000093a60000)
  eden space 136320K, 100% used [0x0000000089400000, 0x0000000091920000, 0x0000000091920000)
  from space 17024K,   2% used [0x00000000929c0000, 0x0000000092a3cf98, 0x0000000093a60000)
  to   space 17024K,   0% used [0x0000000091920000, 0x0000000091920000, 0x00000000929c0000)
 concurrent mark-sweep generation total 1775232K, used 1381760K [0x0000000093a60000, 0x0000000100000000, 0x0000000100000000)
 Metaspace       used 65813K, capacity 70199K, committed 70432K, reserved 1110016K
  class space    used 8072K, capacity 9072K, committed 9136K, reserved 1048576K
Event: 31024.196 GC heap after
Heap after GC invocations=8268 (full 2):
 par new generation   total 153344K, used 495K [0x0000000089400000, 0x0000000093a60000, 0x0000000093a60000)
  eden space 136320K,   0% used [0x0000000089400000, 0x0000000089400000, 0x0000000091920000)
  from space 17024K,   2% used [0x0000000091920000, 0x000000009199bfc0, 0x00000000929c0000)
  to   space 17024K,   0% used [0x00000000929c0000, 0x00000000929c0000, 0x0000000093a60000)
 concurrent mark-sweep generation total 1775232K, used 1381783K [0x0000000093a60000, 0x0000000100000000, 0x0000000100000000)
 Metaspace       used 65813K, capacity 70199K, committed 70432K, reserved 1110016K
  class space    used 8072K, capacity 9072K, committed 9136K, reserved 1048576K
}
Event: 31028.190 GC heap before
{Heap before GC invocations=8268 (full 2):
 par new generation   total 153344K, used 136815K [0x0000000089400000, 0x0000000093a60000, 0x0000000093a60000)
  eden space 136320K, 100% used [0x0000000089400000, 0x0000000091920000, 0x0000000091920000)
  from space 17024K,   2% used [0x0000000091920000, 0x000000009199bfc0, 0x00000000929c0000)
  to   space 17024K,   0% used [0x00000000929c0000, 0x00000000929c0000, 0x0000000093a60000)
 concurrent mark-sweep generation total 1775232K, used 1381783K [0x0000000093a60000, 0x0000000100000000, 0x0000000100000000)
 Metaspace       used 65813K, capacity 70199K, committed 70432K, reserved 1110016K
  class space    used 8072K, capacity 9072K, committed 9136K, reserved 1048576K
Event: 31028.198 GC heap after
Heap after GC invocations=8269 (full 2):
 par new generation   total 153344K, used 510K [0x0000000089400000, 0x0000000093a60000, 0x0000000093a60000)
  eden space 136320K,   0% used [0x0000000089400000, 0x0000000089400000, 0x0000000091920000)
  from space 17024K,   2% used [0x00000000929c0000, 0x0000000092a3fab8, 0x0000000093a60000)
  to   space 17024K,   0% used [0x0000000091920000, 0x0000000091920000, 0x00000000929c0000)
 concurrent mark-sweep generation total 1775232K, used 1381839K [0x0000000093a60000, 0x0000000100000000, 0x0000000100000000)
 Metaspace       used 65813K, capacity 70199K, committed 70432K, reserved 1110016K
  class space    used 8072K, capacity 9072K, committed 9136K, reserved 1048576K
}
Event: 31032.142 GC heap before
{Heap before GC invocations=8269 (full 2):
 par new generation   total 153344K, used 136830K [0x0000000089400000, 0x0000000093a60000, 0x0000000093a60000)
  eden space 136320K, 100% used [0x0000000089400000, 0x0000000091920000, 0x0000000091920000)
  from space 17024K,   2% used [0x00000000929c0000, 0x0000000092a3fab8, 0x0000000093a60000)
  to   space 17024K,   0% used [0x0000000091920000, 0x0000000091920000, 0x00000000929c0000)
 concurrent mark-sweep generation total 1775232K, used 1381839K [0x0000000093a60000, 0x0000000100000000, 0x0000000100000000)
 Metaspace       used 65813K, capacity 70199K, committed 70432K, reserved 1110016K
  class space    used 8072K, capacity 9072K, committed 9136K, reserved 1048576K
Event: 31032.150 GC heap after
Heap after GC invocations=8270 (full 2):
 par new generation   total 153344K, used 488K [0x0000000089400000, 0x0000000093a60000, 0x0000000093a60000)
  eden space 136320K,   0% used [0x0000000089400000, 0x0000000089400000, 0x0000000091920000)
  from space 17024K,   2% used [0x0000000091920000, 0x000000009199a3f0, 0x00000000929c0000)
  to   space 17024K,   0% used [0x00000000929c0000, 0x00000000929c0000, 0x0000000093a60000)
 concurrent mark-sweep generation total 1775232K, used 1381846K [0x0000000093a60000, 0x0000000100000000, 0x0000000100000000)
 Metaspace       used 65813K, capacity 70199K, committed 70432K, reserved 1110016K
  class space    used 8072K, capacity 9072K, committed 9136K, reserved 1048576K
}
Event: 31036.143 GC heap before
{Heap before GC invocations=8270 (full 2):
 par new generation   total 153344K, used 136808K [0x0000000089400000, 0x0000000093a60000, 0x0000000093a60000)
  eden space 136320K, 100% used [0x0000000089400000, 0x0000000091920000, 0x0000000091920000)
  from space 17024K,   2% used [0x0000000091920000, 0x000000009199a3f0, 0x00000000929c0000)
  to   space 17024K,   0% used [0x00000000929c0000, 0x00000000929c0000, 0x0000000093a60000)
 concurrent mark-sweep generation total 1775232K, used 1381846K [0x0000000093a60000, 0x0000000100000000, 0x0000000100000000)
 Metaspace       used 65813K, capacity 70199K, committed 70432K, reserved 1110016K
  class space    used 8072K, capacity 9072K, committed 9136K, reserved 1048576K
Event: 31036.151 GC heap after
Heap after GC invocations=8271 (full 2):
 par new generation   total 153344K, used 492K [0x0000000089400000, 0x0000000093a60000, 0x0000000093a60000)
  eden space 136320K,   0% used [0x0000000089400000, 0x0000000089400000, 0x0000000091920000)
  from space 17024K,   2% used [0x00000000929c0000, 0x0000000092a3b078, 0x0000000093a60000)
  to   space 17024K,   0% used [0x0000000091920000, 0x0000000091920000, 0x00000000929c0000)
 concurrent mark-sweep generation total 1775232K, used 1381858K [0x0000000093a60000, 0x0000000100000000, 0x0000000100000000)
 Metaspace       used 65813K, capacity 70199K, committed 70432K, reserved 1110016K
  class space    used 8072K, capacity 9072K, committed 9136K, reserved 1048576K
}
Event: 31040.192 GC heap before
{Heap before GC invocations=8271 (full 2):
 par new generation   total 153344K, used 136812K [0x0000000089400000, 0x0000000093a60000, 0x0000000093a60000)
  eden space 136320K, 100% used [0x0000000089400000, 0x0000000091920000, 0x0000000091920000)
  from space 17024K,   2% used [0x00000000929c0000, 0x0000000092a3b078, 0x0000000093a60000)
  to   space 17024K,   0% used [0x0000000091920000, 0x0000000091920000, 0x00000000929c0000)
 concurrent mark-sweep generation total 1775232K, used 1381858K [0x0000000093a60000, 0x0000000100000000, 0x0000000100000000)
 Metaspace       used 65813K, capacity 70199K, committed 70432K, reserved 1110016K
  class space    used 8072K, capacity 9072K, committed 9136K, reserved 1048576K
Event: 31040.201 GC heap after
Heap after GC invocations=8272 (full 2):
 par new generation   total 153344K, used 534K [0x0000000089400000, 0x0000000093a60000, 0x0000000093a60000)
  eden space 136320K,   0% used [0x0000000089400000, 0x0000000089400000, 0x0000000091920000)
  from space 17024K,   3% used [0x0000000091920000, 0x00000000919a59f8, 0x00000000929c0000)
  to   space 17024K,   0% used [0x00000000929c0000, 0x00000000929c0000, 0x0000000093a60000)
 concurrent mark-sweep generation total 1775232K, used 1381912K [0x0000000093a60000, 0x0000000100000000, 0x0000000100000000)
 Metaspace       used 65813K, capacity 70199K, committed 70432K, reserved 1110016K
  class space    used 8072K, capacity 9072K, committed 9136K, reserved 1048576K
}
Event: 31044.194 GC heap before
{Heap before GC invocations=8272 (full 2):
 par new generation   total 153344K, used 136854K [0x0000000089400000, 0x0000000093a60000, 0x0000000093a60000)
  eden space 136320K, 100% used [0x0000000089400000, 0x0000000091920000, 0x0000000091920000)
  from space 17024K,   3% used [0x0000000091920000, 0x00000000919a59f8, 0x00000000929c0000)
  to   space 17024K,   0% used [0x00000000929c0000, 0x00000000929c0000, 0x0000000093a60000)
 concurrent mark-sweep generation total 1775232K, used 1381912K [0x0000000093a60000, 0x0000000100000000, 0x0000000100000000)
 Metaspace       used 65813K, capacity 70199K, committed 70432K, reserved 1110016K
  class space    used 8072K, capacity 9072K, committed 9136K, reserved 1048576K
Event: 31044.202 GC heap after
Heap after GC invocations=8273 (full 2):
 par new generation   total 153344K, used 495K [0x0000000089400000, 0x0000000093a60000, 0x0000000093a60000)
  eden space 136320K,   0% used [0x0000000089400000, 0x0000000089400000, 0x0000000091920000)
  from space 17024K,   2% used [0x00000000929c0000, 0x0000000092a3bd98, 0x0000000093a60000)
  to   space 17024K,   0% used [0x0000000091920000, 0x0000000091920000, 0x00000000929c0000)
 concurrent mark-sweep generation total 1775232K, used 1381979K [0x0000000093a60000, 0x0000000100000000, 0x0000000100000000)
 Metaspace       used 65813K, capacity 70199K, committed 70432K, reserved 1110016K
  class space    used 8072K, capacity 9072K, committed 9136K, reserved 1048576K
}
Event: 31048.255 GC heap before
{Heap before GC invocations=8273 (full 2):
 par new generation   total 153344K, used 136815K [0x0000000089400000, 0x0000000093a60000, 0x0000000093a60000)
  eden space 136320K, 100% used [0x0000000089400000, 0x0000000091920000, 0x0000000091920000)
  from space 17024K,   2% used [0x00000000929c0000, 0x0000000092a3bd98, 0x0000000093a60000)
  to   space 17024K,   0% used [0x0000000091920000, 0x0000000091920000, 0x00000000929c0000)
 concurrent mark-sweep generation total 1775232K, used 1381979K [0x0000000093a60000, 0x0000000100000000, 0x0000000100000000)
 Metaspace       used 65813K, capacity 70199K, committed 70432K, reserved 1110016K
  class space    used 8072K, capacity 9072K, committed 9136K, reserved 1048576K
Event: 31048.263 GC heap after
Heap after GC invocations=8274 (full 2):
 par new generation   total 153344K, used 363K [0x0000000089400000, 0x0000000093a60000, 0x0000000093a60000)
  eden space 136320K,   0% used [0x0000000089400000, 0x0000000089400000, 0x0000000091920000)
  from space 17024K,   2% used [0x0000000091920000, 0x000000009197ae80, 0x00000000929c0000)
  to   space 17024K,   0% used [0x00000000929c0000, 0x00000000929c0000, 0x0000000093a60000)
 concurrent mark-sweep generation total 1775232K, used 1382006K [0x0000000093a60000, 0x0000000100000000, 0x0000000100000000)
 Metaspace       used 65813K, capacity 70199K, committed 70432K, reserved 1110016K
  class space    used 8072K, capacity 9072K, committed 9136K, reserved 1048576K
}
Event: 31052.351 GC heap before
{Heap before GC invocations=8274 (full 2):
 par new generation   total 153344K, used 136683K [0x0000000089400000, 0x0000000093a60000, 0x0000000093a60000)
  eden space 136320K, 100% used [0x0000000089400000, 0x0000000091920000, 0x0000000091920000)
  from space 17024K,   2% used [0x0000000091920000, 0x000000009197ae80, 0x00000000929c0000)
  to   space 17024K,   0% used [0x00000000929c0000, 0x00000000929c0000, 0x0000000093a60000)
 concurrent mark-sweep generation total 1775232K, used 1382006K [0x0000000093a60000, 0x0000000100000000, 0x0000000100000000)
 Metaspace       used 65813K, capacity 70199K, committed 70432K, reserved 1110016K
  class space    used 8072K, capacity 9072K, committed 9136K, reserved 1048576K
Event: 31052.360 GC heap after
Heap after GC invocations=8275 (full 2):
 par new generation   total 153344K, used 337K [0x0000000089400000, 0x0000000093a60000, 0x0000000093a60000)
  eden space 136320K,   0% used [0x0000000089400000, 0x0000000089400000, 0x0000000091920000)
  from space 17024K,   1% used [0x00000000929c0000, 0x0000000092a144c8, 0x0000000093a60000)
  to   space 17024K,   0% used [0x0000000091920000, 0x0000000091920000, 0x00000000929c0000)
 concurrent mark-sweep generation total 1775232K, used 1382009K [0x0000000093a60000, 0x0000000100000000, 0x0000000100000000)
 Metaspace       used 65813K, capacity 70199K, committed 70432K, reserved 1110016K
  class space    used 8072K, capacity 9072K, committed 9136K, reserved 1048576K
}
Event: 31056.403 GC heap before
{Heap before GC invocations=8275 (full 2):
 par new generation   total 153344K, used 136657K [0x0000000089400000, 0x0000000093a60000, 0x0000000093a60000)
  eden space 136320K, 100% used [0x0000000089400000, 0x0000000091920000, 0x0000000091920000)
  from space 17024K,   1% used [0x00000000929c0000, 0x0000000092a144c8, 0x0000000093a60000)
  to   space 17024K,   0% used [0x0000000091920000, 0x0000000091920000, 0x00000000929c0000)
 concurrent mark-sweep generation total 1775232K, used 1382009K [0x0000000093a60000, 0x0000000100000000, 0x0000000100000000)
 Metaspace       used 65813K, capacity 70199K, committed 70432K, reserved 1110016K
  class space    used 8072K, capacity 9072K, committed 9136K, reserved 1048576K
Event: 31056.412 GC heap after
Heap after GC invocations=8276 (full 2):
 par new generation   total 153344K, used 346K [0x0000000089400000, 0x0000000093a60000, 0x0000000093a60000)
  eden space 136320K,   0% used [0x0000000089400000, 0x0000000089400000, 0x0000000091920000)
  from space 17024K,   2% used [0x0000000091920000, 0x00000000919769b8, 0x00000000929c0000)
  to   space 17024K,   0% used [0x00000000929c0000, 0x00000000929c0000, 0x0000000093a60000)
 concurrent mark-sweep generation total 1775232K, used 1382093K [0x0000000093a60000, 0x0000000100000000, 0x0000000100000000)
 Metaspace       used 65813K, capacity 70199K, committed 70432K, reserved 1110016K
  class space    used 8072K, capacity 9072K, committed 9136K, reserved 1048576K
}
Event: 31060.609 GC heap before
{Heap before GC invocations=8276 (full 2):
 par new generation   total 153344K, used 136666K [0x0000000089400000, 0x0000000093a60000, 0x0000000093a60000)
  eden space 136320K, 100% used [0x0000000089400000, 0x0000000091920000, 0x0000000091920000)
  from space 17024K,   2% used [0x0000000091920000, 0x00000000919769b8, 0x00000000929c0000)
  to   space 17024K,   0% used [0x00000000929c0000, 0x00000000929c0000, 0x0000000093a60000)
 concurrent mark-sweep generation total 1775232K, used 1382093K [0x0000000093a60000, 0x0000000100000000, 0x0000000100000000)
 Metaspace       used 65813K, capacity 70199K, committed 70432K, reserved 1110016K
  class space    used 8072K, capacity 9072K, committed 9136K, reserved 1048576K
Event: 31060.616 GC heap after
Heap after GC invocations=8277 (full 2):
 par new generation   total 153344K, used 231K [0x0000000089400000, 0x0000000093a60000, 0x0000000093a60000)
  eden space 136320K,   0% used [0x0000000089400000, 0x0000000089400000, 0x0000000091920000)
  from space 17024K,   1% used [0x00000000929c0000, 0x00000000929f9de0, 0x0000000093a60000)
  to   space 17024K,   0% used [0x0000000091920000, 0x0000000091920000, 0x00000000929c0000)
 concurrent mark-sweep generation total 1775232K, used 1382101K [0x0000000093a60000, 0x0000000100000000, 0x0000000100000000)
 Metaspace       used 65813K, capacity 70199K, committed 70432K, reserved 1110016K
  class space    used 8072K, capacity 9072K, committed 9136K, reserved 1048576K
}
Event: 31064.810 GC heap before
{Heap before GC invocations=8277 (full 2):
 par new generation   total 153344K, used 136551K [0x0000000089400000, 0x0000000093a60000, 0x0000000093a60000)
  eden space 136320K, 100% used [0x0000000089400000, 0x0000000091920000, 0x0000000091920000)
  from space 17024K,   1% used [0x00000000929c0000, 0x00000000929f9de0, 0x0000000093a60000)
  to   space 17024K,   0% used [0x0000000091920000, 0x0000000091920000, 0x00000000929c0000)
 concurrent mark-sweep generation total 1775232K, used 1382101K [0x0000000093a60000, 0x0000000100000000, 0x0000000100000000)
 Metaspace       used 65813K, capacity 70199K, committed 70432K, reserved 1110016K
  class space    used 8072K, capacity 9072K, committed 9136K, reserved 1048576K
Event: 31064.818 GC heap after
Heap after GC invocations=8278 (full 2):
 par new generation   total 153344K, used 208K [0x0000000089400000, 0x0000000093a60000, 0x0000000093a60000)
  eden space 136320K,   0% used [0x0000000089400000, 0x0000000089400000, 0x0000000091920000)
  from space 17024K,   1% used [0x0000000091920000, 0x0000000091954158, 0x00000000929c0000)
  to   space 17024K,   0% used [0x00000000929c0000, 0x00000000929c0000, 0x0000000093a60000)
 concurrent mark-sweep generation total 1775232K, used 1382112K [0x0000000093a60000, 0x0000000100000000, 0x0000000100000000)
 Metaspace       used 65813K, capacity 70199K, committed 70432K, reserved 1110016K
  class space    used 8072K, capacity 9072K, committed 9136K, reserved 1048576K
}
Event: 31069.011 GC heap before
{Heap before GC invocations=8278 (full 2):
 par new generation   total 153344K, used 136528K [0x0000000089400000, 0x0000000093a60000, 0x0000000093a60000)
  eden space 136320K, 100% used [0x0000000089400000, 0x0000000091920000, 0x0000000091920000)
  from space 17024K,   1% used [0x0000000091920000, 0x0000000091954158, 0x00000000929c0000)
  to   space 17024K,   0% used [0x00000000929c0000, 0x00000000929c0000, 0x0000000093a60000)
 concurrent mark-sweep generation total 1775232K, used 1382112K [0x0000000093a60000, 0x0000000100000000, 0x0000000100000000)
 Metaspace       used 65813K, capacity 70199K, committed 70432K, reserved 1110016K
  class space    used 8072K, capacity 9072K, committed 9136K, reserved 1048576K
Event: 31069.019 GC heap after
Heap after GC invocations=8279 (full 2):
 par new generation   total 153344K, used 213K [0x0000000089400000, 0x0000000093a60000, 0x0000000093a60000)
  eden space 136320K,   0% used [0x0000000089400000, 0x0000000089400000, 0x0000000091920000)
  from space 17024K,   1% used [0x00000000929c0000, 0x00000000929f5790, 0x0000000093a60000)
  to   space 17024K,   0% used [0x0000000091920000, 0x0000000091920000, 0x00000000929c0000)
 concurrent mark-sweep generation total 1775232K, used 1382119K [0x0000000093a60000, 0x0000000100000000, 0x0000000100000000)
 Metaspace       used 65813K, capacity 70199K, committed 70432K, reserved 1110016K
  class space    used 8072K, capacity 9072K, committed 9136K, reserved 1048576K
}
Event: 31073.261 GC heap before
{Heap before GC invocations=8279 (full 2):
 par new generation   total 153344K, used 136533K [0x0000000089400000, 0x0000000093a60000, 0x0000000093a60000)
  eden space 136320K, 100% used [0x0000000089400000, 0x0000000091920000, 0x0000000091920000)
  from space 17024K,   1% used [0x00000000929c0000, 0x00000000929f5790, 0x0000000093a60000)
  to   space 17024K,   0% used [0x0000000091920000, 0x0000000091920000, 0x00000000929c0000)
 concurrent mark-sweep generation total 1775232K, used 1382119K [0x0000000093a60000, 0x0000000100000000, 0x0000000100000000)
 Metaspace       used 65813K, capacity 70199K, committed 70432K, reserved 1110016K
  class space    used 8072K, capacity 9072K, committed 9136K, reserved 1048576K
Event: 31073.268 GC heap after
Heap after GC invocations=8280 (full 2):
 par new generation   total 153344K, used 223K [0x0000000089400000, 0x0000000093a60000, 0x0000000093a60000)
  eden space 136320K,   0% used [0x0000000089400000, 0x0000000089400000, 0x0000000091920000)
  from space 17024K,   1% used [0x0000000091920000, 0x0000000091957d28, 0x00000000929c0000)
  to   space 17024K,   0% used [0x00000000929c0000, 0x00000000929c0000, 0x0000000093a60000)
 concurrent mark-sweep generation total 1775232K, used 1382149K [0x0000000093a60000, 0x0000000100000000, 0x0000000100000000)
 Metaspace       used 65813K, capacity 70199K, committed 70432K, reserved 1110016K
  class space    used 8072K, capacity 9072K, committed 9136K, reserved 1048576K
}
Event: 31077.463 GC heap before
{Heap before GC invocations=8280 (full 2):
 par new generation   total 153344K, used 136543K [0x0000000089400000, 0x0000000093a60000, 0x0000000093a60000)
  eden space 136320K, 100% used [0x0000000089400000, 0x0000000091920000, 0x0000000091920000)
  from space 17024K,   1% used [0x0000000091920000, 0x0000000091957d28, 0x00000000929c0000)
  to   space 17024K,   0% used [0x00000000929c0000, 0x00000000929c0000, 0x0000000093a60000)
 concurrent mark-sweep generation total 1775232K, used 1382149K [0x0000000093a60000, 0x0000000100000000, 0x0000000100000000)
 Metaspace       used 65813K, capacity 70199K, committed 70432K, reserved 1110016K
  class space    used 8072K, capacity 9072K, committed 9136K, reserved 1048576K
Event: 31077.470 GC heap after
Heap after GC invocations=8281 (full 2):
 par new generation   total 153344K, used 208K [0x0000000089400000, 0x0000000093a60000, 0x0000000093a60000)
  eden space 136320K,   0% used [0x0000000089400000, 0x0000000089400000, 0x0000000091920000)
  from space 17024K,   1% used [0x00000000929c0000, 0x00000000929f4098, 0x0000000093a60000)
  to   space 17024K,   0% used [0x0000000091920000, 0x0000000091920000, 0x00000000929c0000)
 concurrent mark-sweep generation total 1775232K, used 1382149K [0x0000000093a60000, 0x0000000100000000, 0x0000000100000000)
 Metaspace       used 65813K, capacity 70199K, committed 70432K, reserved 1110016K
  class space    used 8072K, capacity 9072K, committed 9136K, reserved 1048576K
}
Event: 31081.674 GC heap before
{Heap before GC invocations=8281 (full 2):
 par new generation   total 153344K, used 136528K [0x0000000089400000, 0x0000000093a60000, 0x0000000093a60000)
  eden space 136320K, 100% used [0x0000000089400000, 0x0000000091920000, 0x0000000091920000)
  from space 17024K,   1% used [0x00000000929c0000, 0x00000000929f4098, 0x0000000093a60000)
  to   space 17024K,   0% used [0x0000000091920000, 0x0000000091920000, 0x00000000929c0000)
 concurrent mark-sweep generation total 1775232K, used 1382149K [0x0000000093a60000, 0x0000000100000000, 0x0000000100000000)
 Metaspace       used 65813K, capacity 70199K, committed 70432K, reserved 1110016K
  class space    used 8072K, capacity 9072K, committed 9136K, reserved 1048576K
Event: 31081.681 GC heap after
Heap after GC invocations=8282 (full 2):
 par new generation   total 153344K, used 208K [0x0000000089400000, 0x0000000093a60000, 0x0000000093a60000)
  eden space 136320K,   0% used [0x0000000089400000, 0x0000000089400000, 0x0000000091920000)
  from space 17024K,   1% used [0x0000000091920000, 0x0000000091954170, 0x00000000929c0000)
  to   space 17024K,   0% used [0x00000000929c0000, 0x00000000929c0000, 0x0000000093a60000)
 concurrent mark-sweep generation total 1775232K, used 1382150K [0x0000000093a60000, 0x0000000100000000, 0x0000000100000000)
 Metaspace       used 65813K, capacity 70199K, committed 70432K, reserved 1110016K
  class space    used 8072K, capacity 9072K, committed 9136K, reserved 1048576K
}
Event: 31085.969 GC heap before
{Heap before GC invocations=8282 (full 2):
 par new generation   total 153344K, used 136528K [0x0000000089400000, 0x0000000093a60000, 0x0000000093a60000)
  eden space 136320K, 100% used [0x0000000089400000, 0x0000000091920000, 0x0000000091920000)
  from space 17024K,   1% used [0x0000000091920000, 0x0000000091954170, 0x00000000929c0000)
  to   space 17024K,   0% used [0x00000000929c0000, 0x00000000929c0000, 0x0000000093a60000)
 concurrent mark-sweep generation total 1775232K, used 1382150K [0x0000000093a60000, 0x0000000100000000, 0x0000000100000000)
 Metaspace       used 65813K, capacity 70199K, committed 70432K, reserved 1110016K
  class space    used 8072K, capacity 9072K, committed 9136K, reserved 1048576K
Event: 31085.976 GC heap after
Heap after GC invocations=8283 (full 2):
 par new generation   total 153344K, used 211K [0x0000000089400000, 0x0000000093a60000, 0x0000000093a60000)
  eden space 136320K,   0% used [0x0000000089400000, 0x0000000089400000, 0x0000000091920000)
  from space 17024K,   1% used [0x00000000929c0000, 0x00000000929f4ef0, 0x0000000093a60000)
  to   space 17024K,   0% used [0x0000000091920000, 0x0000000091920000, 0x00000000929c0000)
 concurrent mark-sweep generation total 1775232K, used 1382208K [0x0000000093a60000, 0x0000000100000000, 0x0000000100000000)
 Metaspace       used 65813K, capacity 70199K, committed 70432K, reserved 1110016K
  class space    used 8072K, capacity 9072K, committed 9136K, reserved 1048576K
}
Event: 31090.266 GC heap before
{Heap before GC invocations=8283 (full 2):
 par new generation   total 153344K, used 136531K [0x0000000089400000, 0x0000000093a60000, 0x0000000093a60000)
  eden space 136320K, 100% used [0x0000000089400000, 0x0000000091920000, 0x0000000091920000)
  from space 17024K,   1% used [0x00000000929c0000, 0x00000000929f4ef0, 0x0000000093a60000)
  to   space 17024K,   0% used [0x0000000091920000, 0x0000000091920000, 0x00000000929c0000)
 concurrent mark-sweep generation total 1775232K, used 1382208K [0x0000000093a60000, 0x0000000100000000, 0x0000000100000000)
 Metaspace       used 65813K, capacity 70199K, committed 70432K, reserved 1110016K
  class space    used 8072K, capacity 9072K, committed 9136K, reserved 1048576K
Event: 31090.274 GC heap after
Heap after GC invocations=8284 (full 2):
 par new generation   total 153344K, used 165K [0x0000000089400000, 0x0000000093a60000, 0x0000000093a60000)
  eden space 136320K,   0% used [0x0000000089400000, 0x0000000089400000, 0x0000000091920000)
  from space 17024K,   0% used [0x0000000091920000, 0x00000000919494a0, 0x00000000929c0000)
  to   space 17024K,   0% used [0x00000000929c0000, 0x00000000929c0000, 0x0000000093a60000)
 concurrent mark-sweep generation total 1775232K, used 1382216K [0x0000000093a60000, 0x0000000100000000, 0x0000000100000000)
 Metaspace       used 65813K, capacity 70199K, committed 70432K, reserved 1110016K
  class space    used 8072K, capacity 9072K, committed 9136K, reserved 1048576K
}
Event: 31094.566 GC heap before
{Heap before GC invocations=8284 (full 2):
 par new generation   total 153344K, used 136485K [0x0000000089400000, 0x0000000093a60000, 0x0000000093a60000)
  eden space 136320K, 100% used [0x0000000089400000, 0x0000000091920000, 0x0000000091920000)
  from space 17024K,   0% used [0x0000000091920000, 0x00000000919494a0, 0x00000000929c0000)
  to   space 17024K,   0% used [0x00000000929c0000, 0x00000000929c0000, 0x0000000093a60000)
 concurrent mark-sweep generation total 1775232K, used 1382216K [0x0000000093a60000, 0x0000000100000000, 0x0000000100000000)
 Metaspace       used 65813K, capacity 70199K, committed 70432K, reserved 1110016K
  class space    used 8072K, capacity 9072K, committed 9136K, reserved 1048576K
Event: 31094.574 GC heap after
Heap after GC invocations=8285 (full 2):
 par new generation   total 153344K, used 198K [0x0000000089400000, 0x0000000093a60000, 0x0000000093a60000)
  eden space 136320K,   0% used [0x0000000089400000, 0x0000000089400000, 0x0000000091920000)
  from space 17024K,   1% used [0x00000000929c0000, 0x00000000929f19f8, 0x0000000093a60000)
  to   space 17024K,   0% used [0x0000000091920000, 0x0000000091920000, 0x00000000929c0000)
 concurrent mark-sweep generation total 1775232K, used 1382228K [0x0000000093a60000, 0x0000000100000000, 0x0000000100000000)
 Metaspace       used 65813K, capacity 70199K, committed 70432K, reserved 1110016K
  class space    used 8072K, capacity 9072K, committed 9136K, reserved 1048576K
}
Event: 31098.917 GC heap before
{Heap before GC invocations=8285 (full 2):
 par new generation   total 153344K, used 136518K [0x0000000089400000, 0x0000000093a60000, 0x0000000093a60000)
  eden space 136320K, 100% used [0x0000000089400000, 0x0000000091920000, 0x0000000091920000)
  from space 17024K,   1% used [0x00000000929c0000, 0x00000000929f19f8, 0x0000000093a60000)
  to   space 17024K,   0% used [0x0000000091920000, 0x0000000091920000, 0x00000000929c0000)
 concurrent mark-sweep generation total 1775232K, used 1382228K [0x0000000093a60000, 0x0000000100000000, 0x0000000100000000)
 Metaspace       used 65813K, capacity 70199K, committed 70432K, reserved 1110016K
  class space    used 8072K, capacity 9072K, committed 9136K, reserved 1048576K
Event: 31098.924 GC heap after
Heap after GC invocations=8286 (full 2):
 par new generation   total 153344K, used 212K [0x0000000089400000, 0x0000000093a60000, 0x0000000093a60000)
  eden space 136320K,   0% used [0x0000000089400000, 0x0000000089400000, 0x0000000091920000)
  from space 17024K,   1% used [0x0000000091920000, 0x0000000091955328, 0x00000000929c0000)
  to   space 17024K,   0% used [0x00000000929c0000, 0x00000000929c0000, 0x0000000093a60000)
 concurrent mark-sweep generation total 1775232K, used 1382243K [0x0000000093a60000, 0x0000000100000000, 0x0000000100000000)
 Metaspace       used 65813K, capacity 70199K, committed 70432K, reserved 1110016K
  class space    used 8072K, capacity 9072K, committed 9136K, reserved 1048576K
}
Event: 31103.270 GC heap before
{Heap before GC invocations=8286 (full 2):
 par new generation   total 153344K, used 136532K [0x0000000089400000, 0x0000000093a60000, 0x0000000093a60000)
  eden space 136320K, 100% used [0x0000000089400000, 0x0000000091920000, 0x0000000091920000)
  from space 17024K,   1% used [0x0000000091920000, 0x0000000091955328, 0x00000000929c0000)
  to   space 17024K,   0% used [0x00000000929c0000, 0x00000000929c0000, 0x0000000093a60000)
 concurrent mark-sweep generation total 1775232K, used 1382243K [0x0000000093a60000, 0x0000000100000000, 0x0000000100000000)
 Metaspace       used 65813K, capacity 70199K, committed 70432K, reserved 1110016K
  class space    used 8072K, capacity 9072K, committed 9136K, reserved 1048576K
Event: 31103.277 GC heap after
Heap after GC invocations=8287 (full 2):
 par new generation   total 153344K, used 247K [0x0000000089400000, 0x0000000093a60000, 0x0000000093a60000)
  eden space 136320K,   0% used [0x0000000089400000, 0x0000000089400000, 0x0000000091920000)
  from space 17024K,   1% used [0x00000000929c0000, 0x00000000929fdd10, 0x0000000093a60000)
  to   space 17024K,   0% used [0x0000000091920000, 0x0000000091920000, 0x00000000929c0000)
 concurrent mark-sweep generation total 1775232K, used 1382247K [0x0000000093a60000, 0x0000000100000000, 0x0000000100000000)
 Metaspace       used 65813K, capacity 70199K, committed 70432K, reserved 1110016K
  class space    used 8072K, capacity 9072K, committed 9136K, reserved 1048576K
}
Event: 31107.577 GC heap before
{Heap before GC invocations=8287 (full 2):
 par new generation   total 153344K, used 136567K [0x0000000089400000, 0x0000000093a60000, 0x0000000093a60000)
  eden space 136320K, 100% used [0x0000000089400000, 0x0000000091920000, 0x0000000091920000)
  from space 17024K,   1% used [0x00000000929c0000, 0x00000000929fdd10, 0x0000000093a60000)
  to   space 17024K,   0% used [0x0000000091920000, 0x0000000091920000, 0x00000000929c0000)
 concurrent mark-sweep generation total 1775232K, used 1382247K [0x0000000093a60000, 0x0000000100000000, 0x0000000100000000)
 Metaspace       used 65813K, capacity 70199K, committed 70432K, reserved 1110016K
  class space    used 8072K, capacity 9072K, committed 9136K, reserved 1048576K
Event: 31107.592 GC heap after
Heap after GC invocations=8288 (full 2):
 par new generation   total 153344K, used 283K [0x0000000089400000, 0x0000000093a60000, 0x0000000093a60000)
  eden space 136320K,   0% used [0x0000000089400000, 0x0000000089400000, 0x0000000091920000)
  from space 17024K,   1% used [0x0000000091920000, 0x0000000091966c80, 0x00000000929c0000)
  to   space 17024K,   0% used [0x00000000929c0000, 0x00000000929c0000, 0x0000000093a60000)
 concurrent mark-sweep generation total 1775232K, used 1382253K [0x0000000093a60000, 0x0000000100000000, 0x0000000100000000)
 Metaspace       used 65813K, capacity 70199K, committed 70432K, reserved 1110016K
  class space    used 8072K, capacity 9072K, committed 9136K, reserved 1048576K
}
Event: 31111.818 GC heap before
{Heap before GC invocations=8288 (full 2):
 par new generation   total 153344K, used 136603K [0x0000000089400000, 0x0000000093a60000, 0x0000000093a60000)
  eden space 136320K, 100% used [0x0000000089400000, 0x0000000091920000, 0x0000000091920000)
  from space 17024K,   1% used [0x0000000091920000, 0x0000000091966c80, 0x00000000929c0000)
  to   space 17024K,   0% used [0x00000000929c0000, 0x00000000929c0000, 0x0000000093a60000)
 concurrent mark-sweep generation total 1775232K, used 1382253K [0x0000000093a60000, 0x0000000100000000, 0x0000000100000000)
 Metaspace       used 65813K, capacity 70199K, committed 70432K, reserved 1110016K
  class space    used 8072K, capacity 9072K, committed 9136K, reserved 1048576K
Event: 31111.826 GC heap after
Heap after GC invocations=8289 (full 2):
 par new generation   total 153344K, used 320K [0x0000000089400000, 0x0000000093a60000, 0x0000000093a60000)
  eden space 136320K,   0% used [0x0000000089400000, 0x0000000089400000, 0x0000000091920000)
  from space 17024K,   1% used [0x00000000929c0000, 0x0000000092a10088, 0x0000000093a60000)
  to   space 17024K,   0% used [0x0000000091920000, 0x0000000091920000, 0x00000000929c0000)
 concurrent mark-sweep generation total 1775232K, used 1382296K [0x0000000093a60000, 0x0000000100000000, 0x0000000100000000)
 Metaspace       used 65813K, capacity 70199K, committed 70432K, reserved 1110016K
  class space    used 8072K, capacity 9072K, committed 9136K, reserved 1048576K
}
Event: 31116.119 GC heap before
{Heap before GC invocations=8289 (full 2):
 par new generation   total 153344K, used 136640K [0x0000000089400000, 0x0000000093a60000, 0x0000000093a60000)
  eden space 136320K, 100% used [0x0000000089400000, 0x0000000091920000, 0x0000000091920000)
  from space 17024K,   1% used [0x00000000929c0000, 0x0000000092a10088, 0x0000000093a60000)
  to   space 17024K,   0% used [0x0000000091920000, 0x0000000091920000, 0x00000000929c0000)
 concurrent mark-sweep generation total 1775232K, used 1382296K [0x0000000093a60000, 0x0000000100000000, 0x0000000100000000)
 Metaspace       used 65813K, capacity 70199K, committed 70432K, reserved 1110016K
  class space    used 8072K, capacity 9072K, committed 9136K, reserved 1048576K
Event: 31116.127 GC heap after
Heap after GC invocations=8290 (full 2):
 par new generation   total 153344K, used 304K [0x0000000089400000, 0x0000000093a60000, 0x0000000093a60000)
  eden space 136320K,   0% used [0x0000000089400000, 0x0000000089400000, 0x0000000091920000)
  from space 17024K,   1% used [0x0000000091920000, 0x000000009196c338, 0x00000000929c0000)
  to   space 17024K,   0% used [0x00000000929c0000, 0x00000000929c0000, 0x0000000093a60000)
 concurrent mark-sweep generation total 1775232K, used 1382325K [0x0000000093a60000, 0x0000000100000000, 0x0000000100000000)
 Metaspace       used 65813K, capacity 70199K, committed 70432K, reserved 1110016K
  class space    used 8072K, capacity 9072K, committed 9136K, reserved 1048576K
}
Event: 31120.421 GC heap before
{Heap before GC invocations=8290 (full 2):
 par new generation   total 153344K, used 136624K [0x0000000089400000, 0x0000000093a60000, 0x0000000093a60000)
  eden space 136320K, 100% used [0x0000000089400000, 0x0000000091920000, 0x0000000091920000)
  from space 17024K,   1% used [0x0000000091920000, 0x000000009196c338, 0x00000000929c0000)
  to   space 17024K,   0% used [0x00000000929c0000, 0x00000000929c0000, 0x0000000093a60000)
 concurrent mark-sweep generation total 1775232K, used 1382325K [0x0000000093a60000, 0x0000000100000000, 0x0000000100000000)
 Metaspace       used 65813K, capacity 70199K, committed 70432K, reserved 1110016K
  class space    used 8072K, capacity 9072K, committed 9136K, reserved 1048576K
Event: 31120.428 GC heap after
Heap after GC invocations=8291 (full 2):
 par new generation   total 153344K, used 296K [0x0000000089400000, 0x0000000093a60000, 0x0000000093a60000)
  eden space 136320K,   0% used [0x0000000089400000, 0x0000000089400000, 0x0000000091920000)
  from space 17024K,   1% used [0x00000000929c0000, 0x0000000092a0a1f0, 0x0000000093a60000)
  to   space 17024K,   0% used [0x0000000091920000, 0x0000000091920000, 0x00000000929c0000)
 concurrent mark-sweep generation total 1775232K, used 1382330K [0x0000000093a60000, 0x0000000100000000, 0x0000000100000000)
 Metaspace       used 65813K, capacity 70199K, committed 70432K, reserved 1110016K
  class space    used 8072K, capacity 9072K, committed 9136K, reserved 1048576K
}
Event: 31124.621 GC heap before
{Heap before GC invocations=8291 (full 2):
 par new generation   total 153344K, used 136616K [0x0000000089400000, 0x0000000093a60000, 0x0000000093a60000)
  eden space 136320K, 100% used [0x0000000089400000, 0x0000000091920000, 0x0000000091920000)
  from space 17024K,   1% used [0x00000000929c0000, 0x0000000092a0a1f0, 0x0000000093a60000)
  to   space 17024K,   0% used [0x0000000091920000, 0x0000000091920000, 0x00000000929c0000)
 concurrent mark-sweep generation total 1775232K, used 1382330K [0x0000000093a60000, 0x0000000100000000, 0x0000000100000000)
 Metaspace       used 65813K, capacity 70199K, committed 70432K, reserved 1110016K
  class space    used 8072K, capacity 9072K, committed 9136K, reserved 1048576K
Event: 31124.630 GC heap after
Heap after GC invocations=8292 (full 2):
 par new generation   total 153344K, used 298K [0x0000000089400000, 0x0000000093a60000, 0x0000000093a60000)
  eden space 136320K,   0% used [0x0000000089400000, 0x0000000089400000, 0x0000000091920000)
  from space 17024K,   1% used [0x0000000091920000, 0x000000009196ab68, 0x00000000929c0000)
  to   space 17024K,   0% used [0x00000000929c0000, 0x00000000929c0000, 0x0000000093a60000)
 concurrent mark-sweep generation total 1775232K, used 1382374K [0x0000000093a60000, 0x0000000100000000, 0x0000000100000000)
 Metaspace       used 65813K, capacity 70199K, committed 70432K, reserved 1110016K
  class space    used 8072K, capacity 9072K, committed 9136K, reserved 1048576K
}
Event: 31128.822 GC heap before
{Heap before GC invocations=8292 (full 2):
 par new generation   total 153344K, used 136618K [0x0000000089400000, 0x0000000093a60000, 0x0000000093a60000)
  eden space 136320K, 100% used [0x0000000089400000, 0x0000000091920000, 0x0000000091920000)
  from space 17024K,   1% used [0x0000000091920000, 0x000000009196ab68, 0x00000000929c0000)
  to   space 17024K,   0% used [0x00000000929c0000, 0x00000000929c0000, 0x0000000093a60000)
 concurrent mark-sweep generation total 1775232K, used 1382374K [0x0000000093a60000, 0x0000000100000000, 0x0000000100000000)
 Metaspace       used 65813K, capacity 70199K, committed 70432K, reserved 1110016K
  class space    used 8072K, capacity 9072K, committed 9136K, reserved 1048576K
Event: 31128.830 GC heap after
Heap after GC invocations=8293 (full 2):
 par new generation   total 153344K, used 327K [0x0000000089400000, 0x0000000093a60000, 0x0000000093a60000)
  eden space 136320K,   0% used [0x0000000089400000, 0x0000000089400000, 0x0000000091920000)
  from space 17024K,   1% used [0x00000000929c0000, 0x0000000092a11f78, 0x0000000093a60000)
  to   space 17024K,   0% used [0x0000000091920000, 0x0000000091920000, 0x00000000929c0000)
 concurrent mark-sweep generation total 1775232K, used 1382392K [0x0000000093a60000, 0x0000000100000000, 0x0000000100000000)
 Metaspace       used 65813K, capacity 70199K, committed 70432K, reserved 1110016K
  class space    used 8072K, capacity 9072K, committed 9136K, reserved 1048576K
}
Event: 31133.122 GC heap before
{Heap before GC invocations=8293 (full 2):
 par new generation   total 153344K, used 136647K [0x0000000089400000, 0x0000000093a60000, 0x0000000093a60000)
  eden space 136320K, 100% used [0x0000000089400000, 0x0000000091920000, 0x0000000091920000)
  from space 17024K,   1% used [0x00000000929c0000, 0x0000000092a11f78, 0x0000000093a60000)
  to   space 17024K,   0% used [0x0000000091920000, 0x0000000091920000, 0x00000000929c0000)
 concurrent mark-sweep generation total 1775232K, used 1382392K [0x0000000093a60000, 0x0000000100000000, 0x0000000100000000)
 Metaspace       used 65813K, capacity 70199K, committed 70432K, reserved 1110016K
  class space    used 8072K, capacity 9072K, committed 9136K, reserved 1048576K
Event: 31133.131 GC heap after
Heap after GC invocations=8294 (full 2):
 par new generation   total 153344K, used 355K [0x0000000089400000, 0x0000000093a60000, 0x0000000093a60000)
  eden space 136320K,   0% used [0x0000000089400000, 0x0000000089400000, 0x0000000091920000)
  from space 17024K,   2% used [0x0000000091920000, 0x0000000091978de8, 0x00000000929c0000)
  to   space 17024K,   0% used [0x00000000929c0000, 0x00000000929c0000, 0x0000000093a60000)
 concurrent mark-sweep generation total 1775232K, used 1382435K [0x0000000093a60000, 0x0000000100000000, 0x0000000100000000)
 Metaspace       used 65813K, capacity 70199K, committed 70432K, reserved 1110016K
  class space    used 8072K, capacity 9072K, committed 9136K, reserved 1048576K
}
Event: 31137.374 GC heap before
{Heap before GC invocations=8294 (full 2):
 par new generation   total 153344K, used 136675K [0x0000000089400000, 0x0000000093a60000, 0x0000000093a60000)
  eden space 136320K, 100% used [0x0000000089400000, 0x0000000091920000, 0x0000000091920000)
  from space 17024K,   2% used [0x0000000091920000, 0x0000000091978de8, 0x00000000929c0000)
  to   space 17024K,   0% used [0x00000000929c0000, 0x00000000929c0000, 0x0000000093a60000)
 concurrent mark-sweep generation total 1775232K, used 1382435K [0x0000000093a60000, 0x0000000100000000, 0x0000000100000000)
 Metaspace       used 65813K, capacity 70199K, committed 70432K, reserved 1110016K
  class space    used 8072K, capacity 9072K, committed 9136K, reserved 1048576K
Event: 31137.382 GC heap after
Heap after GC invocations=8295 (full 2):
 par new generation   total 153344K, used 273K [0x0000000089400000, 0x0000000093a60000, 0x0000000093a60000)
  eden space 136320K,   0% used [0x0000000089400000, 0x0000000089400000, 0x0000000091920000)
  from space 17024K,   1% used [0x00000000929c0000, 0x0000000092a047a0, 0x0000000093a60000)
  to   space 17024K,   0% used [0x0000000091920000, 0x0000000091920000, 0x00000000929c0000)
 concurrent mark-sweep generation total 1775232K, used 1382458K [0x0000000093a60000, 0x0000000100000000, 0x0000000100000000)
 Metaspace       used 65813K, capacity 70199K, committed 70432K, reserved 1110016K
  class space    used 8072K, capacity 9072K, committed 9136K, reserved 1048576K
}
Event: 31141.575 GC heap before
{Heap before GC invocations=8295 (full 2):
 par new generation   total 153344K, used 136593K [0x0000000089400000, 0x0000000093a60000, 0x0000000093a60000)
  eden space 136320K, 100% used [0x0000000089400000, 0x0000000091920000, 0x0000000091920000)
  from space 17024K,   1% used [0x00000000929c0000, 0x0000000092a047a0, 0x0000000093a60000)
  to   space 17024K,   0% used [0x0000000091920000, 0x0000000091920000, 0x00000000929c0000)
 concurrent mark-sweep generation total 1775232K, used 1382458K [0x0000000093a60000, 0x0000000100000000, 0x0000000100000000)
 Metaspace       used 65813K, capacity 70199K, committed 70432K, reserved 1110016K
  class space    used 8072K, capacity 9072K, committed 9136K, reserved 1048576K
Event: 31141.583 GC heap after
Heap after GC invocations=8296 (full 2):
 par new generation   total 153344K, used 278K [0x0000000089400000, 0x0000000093a60000, 0x0000000093a60000)
  eden space 136320K,   0% used [0x0000000089400000, 0x0000000089400000, 0x0000000091920000)
  from space 17024K,   1% used [0x0000000091920000, 0x00000000919659c0, 0x00000000929c0000)
  to   space 17024K,   0% used [0x00000000929c0000, 0x00000000929c0000, 0x0000000093a60000)
 concurrent mark-sweep generation total 1775232K, used 1382481K [0x0000000093a60000, 0x0000000100000000, 0x0000000100000000)
 Metaspace       used 65813K, capacity 70199K, committed 70432K, reserved 1110016K
  class space    used 8072K, capacity 9072K, committed 9136K, reserved 1048576K
}
Event: 31145.775 GC heap before
{Heap before GC invocations=8296 (full 2):
 par new generation   total 153344K, used 136598K [0x0000000089400000, 0x0000000093a60000, 0x0000000093a60000)
  eden space 136320K, 100% used [0x0000000089400000, 0x0000000091920000, 0x0000000091920000)
  from space 17024K,   1% used [0x0000000091920000, 0x00000000919659c0, 0x00000000929c0000)
  to   space 17024K,   0% used [0x00000000929c0000, 0x00000000929c0000, 0x0000000093a60000)
 concurrent mark-sweep generation total 1775232K, used 1382481K [0x0000000093a60000, 0x0000000100000000, 0x0000000100000000)
 Metaspace       used 65813K, capacity 70199K, committed 70432K, reserved 1110016K
  class space    used 8072K, capacity 9072K, committed 9136K, reserved 1048576K
Event: 31145.783 GC heap after
Heap after GC invocations=8297 (full 2):
 par new generation   total 153344K, used 295K [0x0000000089400000, 0x0000000093a60000, 0x0000000093a60000)
  eden space 136320K,   0% used [0x0000000089400000, 0x0000000089400000, 0x0000000091920000)
  from space 17024K,   1% used [0x00000000929c0000, 0x0000000092a09c68, 0x0000000093a60000)
  to   space 17024K,   0% used [0x0000000091920000, 0x0000000091920000, 0x00000000929c0000)
 concurrent mark-sweep generation total 1775232K, used 1382491K [0x0000000093a60000, 0x0000000100000000, 0x0000000100000000)
 Metaspace       used 65813K, capacity 70199K, committed 70432K, reserved 1110016K
  class space    used 8072K, capacity 9072K, committed 9136K, reserved 1048576K
}
Event: 31150.025 GC heap before
{Heap before GC invocations=8297 (full 2):
 par new generation   total 153344K, used 136615K [0x0000000089400000, 0x0000000093a60000, 0x0000000093a60000)
  eden space 136320K, 100% used [0x0000000089400000, 0x0000000091920000, 0x0000000091920000)
  from space 17024K,   1% used [0x00000000929c0000, 0x0000000092a09c68, 0x0000000093a60000)
  to   space 17024K,   0% used [0x0000000091920000, 0x0000000091920000, 0x00000000929c0000)
 concurrent mark-sweep generation total 1775232K, used 1382491K [0x0000000093a60000, 0x0000000100000000, 0x0000000100000000)
 Metaspace       used 65813K, capacity 70199K, committed 70432K, reserved 1110016K
  class space    used 8072K, capacity 9072K, committed 9136K, reserved 1048576K
Event: 31150.033 GC heap after
Heap after GC invocations=8298 (full 2):
 par new generation   total 153344K, used 364K [0x0000000089400000, 0x0000000093a60000, 0x0000000093a60000)
  eden space 136320K,   0% used [0x0000000089400000, 0x0000000089400000, 0x0000000091920000)
  from space 17024K,   2% used [0x0000000091920000, 0x000000009197b368, 0x00000000929c0000)
  to   space 17024K,   0% used [0x00000000929c0000, 0x00000000929c0000, 0x0000000093a60000)
 concurrent mark-sweep generation total 1775232K, used 1382552K [0x0000000093a60000, 0x0000000100000000, 0x0000000100000000)
 Metaspace       used 65813K, capacity 70199K, committed 70432K, reserved 1110016K
  class space    used 8072K, capacity 9072K, committed 9136K, reserved 1048576K
}
Event: 31154.235 GC heap before
{Heap before GC invocations=8298 (full 2):
 par new generation   total 153344K, used 136684K [0x0000000089400000, 0x0000000093a60000, 0x0000000093a60000)
  eden space 136320K, 100% used [0x0000000089400000, 0x0000000091920000, 0x0000000091920000)
  from space 17024K,   2% used [0x0000000091920000, 0x000000009197b368, 0x00000000929c0000)
  to   space 17024K,   0% used [0x00000000929c0000, 0x00000000929c0000, 0x0000000093a60000)
 concurrent mark-sweep generation total 1775232K, used 1382552K [0x0000000093a60000, 0x0000000100000000, 0x0000000100000000)
 Metaspace       used 65813K, capacity 70199K, committed 70432K, reserved 1110016K
  class space    used 8072K, capacity 9072K, committed 9136K, reserved 1048576K
Event: 31154.243 GC heap after
Heap after GC invocations=8299 (full 2):
 par new generation   total 153344K, used 272K [0x0000000089400000, 0x0000000093a60000, 0x0000000093a60000)
  eden space 136320K,   0% used [0x0000000089400000, 0x0000000089400000, 0x0000000091920000)
  from space 17024K,   1% used [0x00000000929c0000, 0x0000000092a04340, 0x0000000093a60000)
  to   space 17024K,   0% used [0x0000000091920000, 0x0000000091920000, 0x00000000929c0000)
 concurrent mark-sweep generation total 1775232K, used 1382594K [0x0000000093a60000, 0x0000000100000000, 0x0000000100000000)
 Metaspace       used 65813K, capacity 70199K, committed 70432K, reserved 1110016K
  class space    used 8072K, capacity 9072K, committed 9136K, reserved 1048576K
}
Event: 31158.395 GC heap before
{Heap before GC invocations=8299 (full 2):
 par new generation   total 153344K, used 136592K [0x0000000089400000, 0x0000000093a60000, 0x0000000093a60000)
  eden space 136320K, 100% used [0x0000000089400000, 0x0000000091920000, 0x0000000091920000)
  from space 17024K,   1% used [0x00000000929c0000, 0x0000000092a04340, 0x0000000093a60000)
  to   space 17024K,   0% used [0x0000000091920000, 0x0000000091920000, 0x00000000929c0000)
 concurrent mark-sweep generation total 1775232K, used 1382594K [0x0000000093a60000, 0x0000000100000000, 0x0000000100000000)
 Metaspace       used 65813K, capacity 70199K, committed 70432K, reserved 1110016K
  class space    used 8072K, capacity 9072K, committed 9136K, reserved 1048576K
Event: 31158.403 GC heap after
Heap after GC invocations=8300 (full 2):
 par new generation   total 153344K, used 247K [0x0000000089400000, 0x0000000093a60000, 0x0000000093a60000)
  eden space 136320K,   0% used [0x0000000089400000, 0x0000000089400000, 0x0000000091920000)
  from space 17024K,   1% used [0x0000000091920000, 0x000000009195dea8, 0x00000000929c0000)
  to   space 17024K,   0% used [0x00000000929c0000, 0x00000000929c0000, 0x0000000093a60000)
 concurrent mark-sweep generation total 1775232K, used 1382601K [0x0000000093a60000, 0x0000000100000000, 0x0000000100000000)
 Metaspace       used 65813K, capacity 70199K, committed 70432K, reserved 1110016K
  class space    used 8072K, capacity 9072K, committed 9136K, reserved 1048576K
}
Event: 31162.595 GC heap before
{Heap before GC invocations=8300 (full 2):
 par new generation   total 153344K, used 136567K [0x0000000089400000, 0x0000000093a60000, 0x0000000093a60000)
  eden space 136320K, 100% used [0x0000000089400000, 0x0000000091920000, 0x0000000091920000)
  from space 17024K,   1% used [0x0000000091920000, 0x000000009195dea8, 0x00000000929c0000)
  to   space 17024K,   0% used [0x00000000929c0000, 0x00000000929c0000, 0x0000000093a60000)
 concurrent mark-sweep generation total 1775232K, used 1382601K [0x0000000093a60000, 0x0000000100000000, 0x0000000100000000)
 Metaspace       used 65813K, capacity 70199K, committed 70432K, reserved 1110016K
  class space    used 8072K, capacity 9072K, committed 9136K, reserved 1048576K
Event: 31162.604 GC heap after
Heap after GC invocations=8301 (full 2):
 par new generation   total 153344K, used 368K [0x0000000089400000, 0x0000000093a60000, 0x0000000093a60000)
  eden space 136320K,   0% used [0x0000000089400000, 0x0000000089400000, 0x0000000091920000)
  from space 17024K,   2% used [0x00000000929c0000, 0x0000000092a1c320, 0x0000000093a60000)
  to   space 17024K,   0% used [0x0000000091920000, 0x0000000091920000, 0x00000000929c0000)
 concurrent mark-sweep generation total 1775232K, used 1382611K [0x0000000093a60000, 0x0000000100000000, 0x0000000100000000)
 Metaspace       used 65813K, capacity 70199K, committed 70432K, reserved 1110016K
  class space    used 8072K, capacity 9072K, committed 9136K, reserved 1048576K
}
Event: 31166.597 GC heap before
{Heap before GC invocations=8301 (full 2):
 par new generation   total 153344K, used 136688K [0x0000000089400000, 0x0000000093a60000, 0x0000000093a60000)
  eden space 136320K, 100% used [0x0000000089400000, 0x0000000091920000, 0x0000000091920000)
  from space 17024K,   2% used [0x00000000929c0000, 0x0000000092a1c320, 0x0000000093a60000)
  to   space 17024K,   0% used [0x0000000091920000, 0x0000000091920000, 0x00000000929c0000)
 concurrent mark-sweep generation total 1775232K, used 1382611K [0x0000000093a60000, 0x0000000100000000, 0x0000000100000000)
 Metaspace       used 65813K, capacity 70199K, committed 70432K, reserved 1110016K
  class space    used 8072K, capacity 9072K, committed 9136K, reserved 1048576K
Event: 31166.606 GC heap after
Heap after GC invocations=8302 (full 2):
 par new generation   total 153344K, used 560K [0x0000000089400000, 0x0000000093a60000, 0x0000000093a60000)
  eden space 136320K,   0% used [0x0000000089400000, 0x0000000089400000, 0x0000000091920000)
  from space 17024K,   3% used [0x0000000091920000, 0x00000000919ac3a0, 0x00000000929c0000)
  to   space 17024K,   0% used [0x00000000929c0000, 0x00000000929c0000, 0x0000000093a60000)
 concurrent mark-sweep generation total 1775232K, used 1382638K [0x0000000093a60000, 0x0000000100000000, 0x0000000100000000)
 Metaspace       used 65813K, capacity 70199K, committed 70432K, reserved 1110016K
  class space    used 8072K, capacity 9072K, committed 9136K, reserved 1048576K
}
Event: 31170.548 GC heap before
{Heap before GC invocations=8302 (full 2):
 par new generation   total 153344K, used 136880K [0x0000000089400000, 0x0000000093a60000, 0x0000000093a60000)
  eden space 136320K, 100% used [0x0000000089400000, 0x0000000091920000, 0x0000000091920000)
  from space 17024K,   3% used [0x0000000091920000, 0x00000000919ac3a0, 0x00000000929c0000)
  to   space 17024K,   0% used [0x00000000929c0000, 0x00000000929c0000, 0x0000000093a60000)
 concurrent mark-sweep generation total 1775232K, used 1382638K [0x0000000093a60000, 0x0000000100000000, 0x0000000100000000)
 Metaspace       used 65813K, capacity 70199K, committed 70432K, reserved 1110016K
  class space    used 8072K, capacity 9072K, committed 9136K, reserved 1048576K
Event: 31170.558 GC heap after
Heap after GC invocations=8303 (full 2):
 par new generation   total 153344K, used 596K [0x0000000089400000, 0x0000000093a60000, 0x0000000093a60000)
  eden space 136320K,   0% used [0x0000000089400000, 0x0000000089400000, 0x0000000091920000)
  from space 17024K,   3% used [0x00000000929c0000, 0x0000000092a55340, 0x0000000093a60000)
  to   space 17024K,   0% used [0x0000000091920000, 0x0000000091920000, 0x00000000929c0000)
 concurrent mark-sweep generation total 1775232K, used 1382708K [0x0000000093a60000, 0x0000000100000000, 0x0000000100000000)
 Metaspace       used 65813K, capacity 70199K, committed 70432K, reserved 1110016K
  class space    used 8072K, capacity 9072K, committed 9136K, reserved 1048576K
}
Event: 31174.606 GC heap before
{Heap before GC invocations=8303 (full 2):
 par new generation   total 153344K, used 136916K [0x0000000089400000, 0x0000000093a60000, 0x0000000093a60000)
  eden space 136320K, 100% used [0x0000000089400000, 0x0000000091920000, 0x0000000091920000)
  from space 17024K,   3% used [0x00000000929c0000, 0x0000000092a55340, 0x0000000093a60000)
  to   space 17024K,   0% used [0x0000000091920000, 0x0000000091920000, 0x00000000929c0000)
 concurrent mark-sweep generation total 1775232K, used 1382708K [0x0000000093a60000, 0x0000000100000000, 0x0000000100000000)
 Metaspace       used 65813K, capacity 70199K, committed 70432K, reserved 1110016K
  class space    used 8072K, capacity 9072K, committed 9136K, reserved 1048576K
Event: 31174.614 GC heap after
Heap after GC invocations=8304 (full 2):
 par new generation   total 153344K, used 572K [0x0000000089400000, 0x0000000093a60000, 0x0000000093a60000)
  eden space 136320K,   0% used [0x0000000089400000, 0x0000000089400000, 0x0000000091920000)
  from space 17024K,   3% used [0x0000000091920000, 0x00000000919af130, 0x00000000929c0000)
  to   space 17024K,   0% used [0x00000000929c0000, 0x00000000929c0000, 0x0000000093a60000)
 concurrent mark-sweep generation total 1775232K, used 1382717K [0x0000000093a60000, 0x0000000100000000, 0x0000000100000000)
 Metaspace       used 65813K, capacity 70199K, committed 70432K, reserved 1110016K
  class space    used 8072K, capacity 9072K, committed 9136K, reserved 1048576K
}
Event: 31178.607 GC heap before
{Heap before GC invocations=8304 (full 2):
 par new generation   total 153344K, used 136892K [0x0000000089400000, 0x0000000093a60000, 0x0000000093a60000)
  eden space 136320K, 100% used [0x0000000089400000, 0x0000000091920000, 0x0000000091920000)
  from space 17024K,   3% used [0x0000000091920000, 0x00000000919af130, 0x00000000929c0000)
  to   space 17024K,   0% used [0x00000000929c0000, 0x00000000929c0000, 0x0000000093a60000)
 concurrent mark-sweep generation total 1775232K, used 1382717K [0x0000000093a60000, 0x0000000100000000, 0x0000000100000000)
 Metaspace       used 65813K, capacity 70199K, committed 70432K, reserved 1110016K
  class space    used 8072K, capacity 9072K, committed 9136K, reserved 1048576K
Event: 31178.615 GC heap after
Heap after GC invocations=8305 (full 2):
 par new generation   total 153344K, used 551K [0x0000000089400000, 0x0000000093a60000, 0x0000000093a60000)
  eden space 136320K,   0% used [0x0000000089400000, 0x0000000089400000, 0x0000000091920000)
  from space 17024K,   3% used [0x00000000929c0000, 0x0000000092a49fa0, 0x0000000093a60000)
  to   space 17024K,   0% used [0x0000000091920000, 0x0000000091920000, 0x00000000929c0000)
 concurrent mark-sweep generation total 1775232K, used 1382729K [0x0000000093a60000, 0x0000000100000000, 0x0000000100000000)
 Metaspace       used 65813K, capacity 70199K, committed 70432K, reserved 1110016K
  class space    used 8072K, capacity 9072K, committed 9136K, reserved 1048576K
}
Event: 31182.559 GC heap before
{Heap before GC invocations=8305 (full 2):
 par new generation   total 153344K, used 136871K [0x0000000089400000, 0x0000000093a60000, 0x0000000093a60000)
  eden space 136320K, 100% used [0x0000000089400000, 0x0000000091920000, 0x0000000091920000)
  from space 17024K,   3% used [0x00000000929c0000, 0x0000000092a49fa0, 0x0000000093a60000)
  to   space 17024K,   0% used [0x0000000091920000, 0x0000000091920000, 0x00000000929c0000)
 concurrent mark-sweep generation total 1775232K, used 1382729K [0x0000000093a60000, 0x0000000100000000, 0x0000000100000000)
 Metaspace       used 65813K, capacity 70199K, committed 70432K, reserved 1110016K
  class space    used 8072K, capacity 9072K, committed 9136K, reserved 1048576K
Event: 31182.568 GC heap after
Heap after GC invocations=8306 (full 2):
 par new generation   total 153344K, used 729K [0x0000000089400000, 0x0000000093a60000, 0x0000000093a60000)
  eden space 136320K,   0% used [0x0000000089400000, 0x0000000089400000, 0x0000000091920000)
  from space 17024K,   4% used [0x0000000091920000, 0x00000000919d6480, 0x00000000929c0000)
  to   space 17024K,   0% used [0x00000000929c0000, 0x00000000929c0000, 0x0000000093a60000)
 concurrent mark-sweep generation total 1775232K, used 1382756K [0x0000000093a60000, 0x0000000100000000, 0x0000000100000000)
 Metaspace       used 65813K, capacity 70199K, committed 70432K, reserved 1110016K
  class space    used 8072K, capacity 9072K, committed 9136K, reserved 1048576K
}
Event: 31186.516 GC heap before
{Heap before GC invocations=8306 (full 2):
 par new generation   total 153344K, used 137049K [0x0000000089400000, 0x0000000093a60000, 0x0000000093a60000)
  eden space 136320K, 100% used [0x0000000089400000, 0x0000000091920000, 0x0000000091920000)
  from space 17024K,   4% used [0x0000000091920000, 0x00000000919d6480, 0x00000000929c0000)
  to   space 17024K,   0% used [0x00000000929c0000, 0x00000000929c0000, 0x0000000093a60000)
 concurrent mark-sweep generation total 1775232K, used 1382756K [0x0000000093a60000, 0x0000000100000000, 0x0000000100000000)
 Metaspace       used 65813K, capacity 70199K, committed 70432K, reserved 1110016K
  class space    used 8072K, capacity 9072K, committed 9136K, reserved 1048576K
Event: 31186.525 GC heap after
Heap after GC invocations=8307 (full 2):
 par new generation   total 153344K, used 496K [0x0000000089400000, 0x0000000093a60000, 0x0000000093a60000)
  eden space 136320K,   0% used [0x0000000089400000, 0x0000000089400000, 0x0000000091920000)
  from space 17024K,   2% used [0x00000000929c0000, 0x0000000092a3c020, 0x0000000093a60000)
  to   space 17024K,   0% used [0x0000000091920000, 0x0000000091920000, 0x00000000929c0000)
 concurrent mark-sweep generation total 1775232K, used 1382872K [0x0000000093a60000, 0x0000000100000000, 0x0000000100000000)
 Metaspace       used 65813K, capacity 70199K, committed 70432K, reserved 1110016K
  class space    used 8072K, capacity 9072K, committed 9136K, reserved 1048576K
}
Event: 31190.495 GC heap before
{Heap before GC invocations=8307 (full 2):
 par new generation   total 153344K, used 136816K [0x0000000089400000, 0x0000000093a60000, 0x0000000093a60000)
  eden space 136320K, 100% used [0x0000000089400000, 0x0000000091920000, 0x0000000091920000)
  from space 17024K,   2% used [0x00000000929c0000, 0x0000000092a3c020, 0x0000000093a60000)
  to   space 17024K,   0% used [0x0000000091920000, 0x0000000091920000, 0x00000000929c0000)
 concurrent mark-sweep generation total 1775232K, used 1382872K [0x0000000093a60000, 0x0000000100000000, 0x0000000100000000)
 Metaspace       used 65813K, capacity 70199K, committed 70432K, reserved 1110016K
  class space    used 8072K, capacity 9072K, committed 9136K, reserved 1048576K
Event: 31190.505 GC heap after
Heap after GC invocations=8308 (full 2):
 par new generation   total 153344K, used 253K [0x0000000089400000, 0x0000000093a60000, 0x0000000093a60000)
  eden space 136320K,   0% used [0x0000000089400000, 0x0000000089400000, 0x0000000091920000)
  from space 17024K,   1% used [0x0000000091920000, 0x000000009195f708, 0x00000000929c0000)
  to   space 17024K,   0% used [0x00000000929c0000, 0x00000000929c0000, 0x0000000093a60000)
 concurrent mark-sweep generation total 1775232K, used 1382981K [0x0000000093a60000, 0x0000000100000000, 0x0000000100000000)
 Metaspace       used 65813K, capacity 70199K, committed 70432K, reserved 1110016K
  class space    used 8072K, capacity 9072K, committed 9136K, reserved 1048576K
}
Event: 31194.444 GC heap before
{Heap before GC invocations=8308 (full 2):
 par new generation   total 153344K, used 136573K [0x0000000089400000, 0x0000000093a60000, 0x0000000093a60000)
  eden space 136320K, 100% used [0x0000000089400000, 0x0000000091920000, 0x0000000091920000)
  from space 17024K,   1% used [0x0000000091920000, 0x000000009195f708, 0x00000000929c0000)
  to   space 17024K,   0% used [0x00000000929c0000, 0x00000000929c0000, 0x0000000093a60000)
 concurrent mark-sweep generation total 1775232K, used 1382981K [0x0000000093a60000, 0x0000000100000000, 0x0000000100000000)
 Metaspace       used 65813K, capacity 70199K, committed 70432K, reserved 1110016K
  class space    used 8072K, capacity 9072K, committed 9136K, reserved 1048576K
Event: 31194.453 GC heap after
Heap after GC invocations=8309 (full 2):
 par new generation   total 153344K, used 368K [0x0000000089400000, 0x0000000093a60000, 0x0000000093a60000)
  eden space 136320K,   0% used [0x0000000089400000, 0x0000000089400000, 0x0000000091920000)
  from space 17024K,   2% used [0x00000000929c0000, 0x0000000092a1c100, 0x0000000093a60000)
  to   space 17024K,   0% used [0x0000000091920000, 0x0000000091920000, 0x00000000929c0000)
 concurrent mark-sweep generation total 1775232K, used 1383009K [0x0000000093a60000, 0x0000000100000000, 0x0000000100000000)
 Metaspace       used 65813K, capacity 70199K, committed 70432K, reserved 1110016K
  class space    used 8072K, capacity 9072K, committed 9136K, reserved 1048576K
}
Event: 31198.344 GC heap before
{Heap before GC invocations=8309 (full 2):
 par new generation   total 153344K, used 136688K [0x0000000089400000, 0x0000000093a60000, 0x0000000093a60000)
  eden space 136320K, 100% used [0x0000000089400000, 0x0000000091920000, 0x0000000091920000)
  from space 17024K,   2% used [0x00000000929c0000, 0x0000000092a1c100, 0x0000000093a60000)
  to   space 17024K,   0% used [0x0000000091920000, 0x0000000091920000, 0x00000000929c0000)
 concurrent mark-sweep generation total 1775232K, used 1383009K [0x0000000093a60000, 0x0000000100000000, 0x0000000100000000)
 Metaspace       used 65813K, capacity 70199K, committed 70432K, reserved 1110016K
  class space    used 8072K, capacity 9072K, committed 9136K, reserved 1048576K
Event: 31198.352 GC heap after
Heap after GC invocations=8310 (full 2):
 par new generation   total 153344K, used 468K [0x0000000089400000, 0x0000000093a60000, 0x0000000093a60000)
  eden space 136320K,   0% used [0x0000000089400000, 0x0000000089400000, 0x0000000091920000)
  from space 17024K,   2% used [0x0000000091920000, 0x0000000091995360, 0x00000000929c0000)
  to   space 17024K,   0% used [0x00000000929c0000, 0x00000000929c0000, 0x0000000093a60000)
 concurrent mark-sweep generation total 1775232K, used 1383014K [0x0000000093a60000, 0x0000000100000000, 0x0000000100000000)
 Metaspace       used 65813K, capacity 70199K, committed 70432K, reserved 1110016K
  class space    used 8072K, capacity 9072K, committed 9136K, reserved 1048576K
}
Event: 31202.344 GC heap before
{Heap before GC invocations=8310 (full 2):
 par new generation   total 153344K, used 136788K [0x0000000089400000, 0x0000000093a60000, 0x0000000093a60000)
  eden space 136320K, 100% used [0x0000000089400000, 0x0000000091920000, 0x0000000091920000)
  from space 17024K,   2% used [0x0000000091920000, 0x0000000091995360, 0x00000000929c0000)
  to   space 17024K,   0% used [0x00000000929c0000, 0x00000000929c0000, 0x0000000093a60000)
 concurrent mark-sweep generation total 1775232K, used 1383014K [0x0000000093a60000, 0x0000000100000000, 0x0000000100000000)
 Metaspace       used 65813K, capacity 70199K, committed 70432K, reserved 1110016K
  class space    used 8072K, capacity 9072K, committed 9136K, reserved 1048576K
Event: 31202.352 GC heap after
Heap after GC invocations=8311 (full 2):
 par new generation   total 153344K, used 439K [0x0000000089400000, 0x0000000093a60000, 0x0000000093a60000)
  eden space 136320K,   0% used [0x0000000089400000, 0x0000000089400000, 0x0000000091920000)
  from space 17024K,   2% used [0x00000000929c0000, 0x0000000092a2dea8, 0x0000000093a60000)
  to   space 17024K,   0% used [0x0000000091920000, 0x0000000091920000, 0x00000000929c0000)
 concurrent mark-sweep generation total 1775232K, used 1383017K [0x0000000093a60000, 0x0000000100000000, 0x0000000100000000)
 Metaspace       used 65813K, capacity 70199K, committed 70432K, reserved 1110016K
  class space    used 8072K, capacity 9072K, committed 9136K, reserved 1048576K
}
Event: 31206.294 GC heap before
{Heap before GC invocations=8311 (full 2):
 par new generation   total 153344K, used 136759K [0x0000000089400000, 0x0000000093a60000, 0x0000000093a60000)
  eden space 136320K, 100% used [0x0000000089400000, 0x0000000091920000, 0x0000000091920000)
  from space 17024K,   2% used [0x00000000929c0000, 0x0000000092a2dea8, 0x0000000093a60000)
  to   space 17024K,   0% used [0x0000000091920000, 0x0000000091920000, 0x00000000929c0000)
 concurrent mark-sweep generation total 1775232K, used 1383017K [0x0000000093a60000, 0x0000000100000000, 0x0000000100000000)
 Metaspace       used 65813K, capacity 70199K, committed 70432K, reserved 1110016K
  class space    used 8072K, capacity 9072K, committed 9136K, reserved 1048576K
Event: 31206.302 GC heap after
Heap after GC invocations=8312 (full 2):
 par new generation   total 153344K, used 455K [0x0000000089400000, 0x0000000093a60000, 0x0000000093a60000)
  eden space 136320K,   0% used [0x0000000089400000, 0x0000000089400000, 0x0000000091920000)
  from space 17024K,   2% used [0x0000000091920000, 0x0000000091991d60, 0x00000000929c0000)
  to   space 17024K,   0% used [0x00000000929c0000, 0x00000000929c0000, 0x0000000093a60000)
 concurrent mark-sweep generation total 1775232K, used 1383063K [0x0000000093a60000, 0x0000000100000000, 0x0000000100000000)
 Metaspace       used 65813K, capacity 70199K, committed 70432K, reserved 1110016K
  class space    used 8072K, capacity 9072K, committed 9136K, reserved 1048576K
}
Event: 31210.294 GC heap before
{Heap before GC invocations=8312 (full 2):
 par new generation   total 153344K, used 136775K [0x0000000089400000, 0x0000000093a60000, 0x0000000093a60000)
  eden space 136320K, 100% used [0x0000000089400000, 0x0000000091920000, 0x0000000091920000)
  from space 17024K,   2% used [0x0000000091920000, 0x0000000091991d60, 0x00000000929c0000)
  to   space 17024K,   0% used [0x00000000929c0000, 0x00000000929c0000, 0x0000000093a60000)
 concurrent mark-sweep generation total 1775232K, used 1383063K [0x0000000093a60000, 0x0000000100000000, 0x0000000100000000)
 Metaspace       used 65813K, capacity 70199K, committed 70432K, reserved 1110016K
  class space    used 8072K, capacity 9072K, committed 9136K, reserved 1048576K
Event: 31210.303 GC heap after
Heap after GC invocations=8313 (full 2):
 par new generation   total 153344K, used 459K [0x0000000089400000, 0x0000000093a60000, 0x0000000093a60000)
  eden space 136320K,   0% used [0x0000000089400000, 0x0000000089400000, 0x0000000091920000)
  from space 17024K,   2% used [0x00000000929c0000, 0x0000000092a32ef8, 0x0000000093a60000)
  to   space 17024K,   0% used [0x0000000091920000, 0x0000000091920000, 0x00000000929c0000)
 concurrent mark-sweep generation total 1775232K, used 1383065K [0x0000000093a60000, 0x0000000100000000, 0x0000000100000000)
 Metaspace       used 65813K, capacity 70199K, committed 70432K, reserved 1110016K
  class space    used 8072K, capacity 9072K, committed 9136K, reserved 1048576K
}
Event: 31214.246 GC heap before
{Heap before GC invocations=8313 (full 2):
 par new generation   total 153344K, used 136779K [0x0000000089400000, 0x0000000093a60000, 0x0000000093a60000)
  eden space 136320K, 100% used [0x0000000089400000, 0x0000000091920000, 0x0000000091920000)
  from space 17024K,   2% used [0x00000000929c0000, 0x0000000092a32ef8, 0x0000000093a60000)
  to   space 17024K,   0% used [0x0000000091920000, 0x0000000091920000, 0x00000000929c0000)
 concurrent mark-sweep generation total 1775232K, used 1383065K [0x0000000093a60000, 0x0000000100000000, 0x0000000100000000)
 Metaspace       used 65813K, capacity 70199K, committed 70432K, reserved 1110016K
  class space    used 8072K, capacity 9072K, committed 9136K, reserved 1048576K
Event: 31214.255 GC heap after
Heap after GC invocations=8314 (full 2):
 par new generation   total 153344K, used 502K [0x0000000089400000, 0x0000000093a60000, 0x0000000093a60000)
  eden space 136320K,   0% used [0x0000000089400000, 0x0000000089400000, 0x0000000091920000)
  from space 17024K,   2% used [0x0000000091920000, 0x000000009199daf0, 0x00000000929c0000)
  to   space 17024K,   0% used [0x00000000929c0000, 0x00000000929c0000, 0x0000000093a60000)
 concurrent mark-sweep generation total 1775232K, used 1383073K [0x0000000093a60000, 0x0000000100000000, 0x0000000100000000)
 Metaspace       used 65813K, capacity 70199K, committed 70432K, reserved 1110016K
  class space    used 8072K, capacity 9072K, committed 9136K, reserved 1048576K
}
Event: 31218.295 GC heap before
{Heap before GC invocations=8314 (full 2):
 par new generation   total 153344K, used 136822K [0x0000000089400000, 0x0000000093a60000, 0x0000000093a60000)
  eden space 136320K, 100% used [0x0000000089400000, 0x0000000091920000, 0x0000000091920000)
  from space 17024K,   2% used [0x0000000091920000, 0x000000009199daf0, 0x00000000929c0000)
  to   space 17024K,   0% used [0x00000000929c0000, 0x00000000929c0000, 0x0000000093a60000)
 concurrent mark-sweep generation total 1775232K, used 1383073K [0x0000000093a60000, 0x0000000100000000, 0x0000000100000000)
 Metaspace       used 65813K, capacity 70199K, committed 70432K, reserved 1110016K
  class space    used 8072K, capacity 9072K, committed 9136K, reserved 1048576K
Event: 31218.307 GC heap after
Heap after GC invocations=8315 (full 2):
 par new generation   total 153344K, used 554K [0x0000000089400000, 0x0000000093a60000, 0x0000000093a60000)
  eden space 136320K,   0% used [0x0000000089400000, 0x0000000089400000, 0x0000000091920000)
  from space 17024K,   3% used [0x00000000929c0000, 0x0000000092a4abd0, 0x0000000093a60000)
  to   space 17024K,   0% used [0x0000000091920000, 0x0000000091920000, 0x00000000929c0000)
 concurrent mark-sweep generation total 1775232K, used 1383124K [0x0000000093a60000, 0x0000000100000000, 0x0000000100000000)
 Metaspace       used 65813K, capacity 70199K, committed 70432K, reserved 1110016K
  class space    used 8072K, capacity 9072K, committed 9136K, reserved 1048576K
}
Event: 31222.346 GC heap before
{Heap before GC invocations=8315 (full 2):
 par new generation   total 153344K, used 136874K [0x0000000089400000, 0x0000000093a60000, 0x0000000093a60000)
  eden space 136320K, 100% used [0x0000000089400000, 0x0000000091920000, 0x0000000091920000)
  from space 17024K,   3% used [0x00000000929c0000, 0x0000000092a4abd0, 0x0000000093a60000)
  to   space 17024K,   0% used [0x0000000091920000, 0x0000000091920000, 0x00000000929c0000)
 concurrent mark-sweep generation total 1775232K, used 1383124K [0x0000000093a60000, 0x0000000100000000, 0x0000000100000000)
 Metaspace       used 65813K, capacity 70199K, committed 70432K, reserved 1110016K
  class space    used 8072K, capacity 9072K, committed 9136K, reserved 1048576K
Event: 31222.359 GC heap after
Heap after GC invocations=8316 (full 2):
 par new generation   total 153344K, used 544K [0x0000000089400000, 0x0000000093a60000, 0x0000000093a60000)
  eden space 136320K,   0% used [0x0000000089400000, 0x0000000089400000, 0x0000000091920000)
  from space 17024K,   3% used [0x0000000091920000, 0x00000000919a8068, 0x00000000929c0000)
  to   space 17024K,   0% used [0x00000000929c0000, 0x00000000929c0000, 0x0000000093a60000)
 concurrent mark-sweep generation total 1775232K, used 1383194K [0x0000000093a60000, 0x0000000100000000, 0x0000000100000000)
 Metaspace       used 65813K, capacity 70199K, committed 70432K, reserved 1110016K
  class space    used 8072K, capacity 9072K, committed 9136K, reserved 1048576K
}
Event: 31226.397 GC heap before
{Heap before GC invocations=8316 (full 2):
 par new generation   total 153344K, used 136864K [0x0000000089400000, 0x0000000093a60000, 0x0000000093a60000)
  eden space 136320K, 100% used [0x0000000089400000, 0x0000000091920000, 0x0000000091920000)
  from space 17024K,   3% used [0x0000000091920000, 0x00000000919a8068, 0x00000000929c0000)
  to   space 17024K,   0% used [0x00000000929c0000, 0x00000000929c0000, 0x0000000093a60000)
 concurrent mark-sweep generation total 1775232K, used 1383194K [0x0000000093a60000, 0x0000000100000000, 0x0000000100000000)
 Metaspace       used 65816K, capacity 70199K, committed 70432K, reserved 1110016K
  class space    used 8072K, capacity 9072K, committed 9136K, reserved 1048576K
Event: 31226.405 GC heap after
Heap after GC invocations=8317 (full 2):
 par new generation   total 153344K, used 527K [0x0000000089400000, 0x0000000093a60000, 0x0000000093a60000)
  eden space 136320K,   0% used [0x0000000089400000, 0x0000000089400000, 0x0000000091920000)
  from space 17024K,   3% used [0x00000000929c0000, 0x0000000092a43c60, 0x0000000093a60000)
  to   space 17024K,   0% used [0x0000000091920000, 0x0000000091920000, 0x00000000929c0000)
 concurrent mark-sweep generation total 1775232K, used 1383232K [0x0000000093a60000, 0x0000000100000000, 0x0000000100000000)
 Metaspace       used 65816K, capacity 70199K, committed 70432K, reserved 1110016K
  class space    used 8072K, capacity 9072K, committed 9136K, reserved 1048576K
}
Event: 31230.446 GC heap before
{Heap before GC invocations=8317 (full 2):
 par new generation   total 153344K, used 136847K [0x0000000089400000, 0x0000000093a60000, 0x0000000093a60000)
  eden space 136320K, 100% used [0x0000000089400000, 0x0000000091920000, 0x0000000091920000)
  from space 17024K,   3% used [0x00000000929c0000, 0x0000000092a43c60, 0x0000000093a60000)
  to   space 17024K,   0% used [0x0000000091920000, 0x0000000091920000, 0x00000000929c0000)
 concurrent mark-sweep generation total 1775232K, used 1383232K [0x0000000093a60000, 0x0000000100000000, 0x0000000100000000)
 Metaspace       used 65816K, capacity 70199K, committed 70432K, reserved 1110016K
  class space    used 8072K, capacity 9072K, committed 9136K, reserved 1048576K
Event: 31230.455 GC heap after
Heap after GC invocations=8318 (full 2):
 par new generation   total 153344K, used 281K [0x0000000089400000, 0x0000000093a60000, 0x0000000093a60000)
  eden space 136320K,   0% used [0x0000000089400000, 0x0000000089400000, 0x0000000091920000)
  from space 17024K,   1% used [0x0000000091920000, 0x00000000919666a0, 0x00000000929c0000)
  to   space 17024K,   0% used [0x00000000929c0000, 0x00000000929c0000, 0x0000000093a60000)
 concurrent mark-sweep generation total 1775232K, used 1383273K [0x0000000093a60000, 0x0000000100000000, 0x0000000100000000)
 Metaspace       used 65816K, capacity 70199K, committed 70432K, reserved 1110016K
  class space    used 8072K, capacity 9072K, committed 9136K, reserved 1048576K
}
Event: 31234.497 GC heap before
{Heap before GC invocations=8318 (full 2):
 par new generation   total 153344K, used 136601K [0x0000000089400000, 0x0000000093a60000, 0x0000000093a60000)
  eden space 136320K, 100% used [0x0000000089400000, 0x0000000091920000, 0x0000000091920000)
  from space 17024K,   1% used [0x0000000091920000, 0x00000000919666a0, 0x00000000929c0000)
  to   space 17024K,   0% used [0x00000000929c0000, 0x00000000929c0000, 0x0000000093a60000)
 concurrent mark-sweep generation total 1775232K, used 1383273K [0x0000000093a60000, 0x0000000100000000, 0x0000000100000000)
 Metaspace       used 65816K, capacity 70199K, committed 70432K, reserved 1110016K
  class space    used 8072K, capacity 9072K, committed 9136K, reserved 1048576K
Event: 31234.505 GC heap after
Heap after GC invocations=8319 (full 2):
 par new generation   total 153344K, used 281K [0x0000000089400000, 0x0000000093a60000, 0x0000000093a60000)
  eden space 136320K,   0% used [0x0000000089400000, 0x0000000089400000, 0x0000000091920000)
  from space 17024K,   1% used [0x00000000929c0000, 0x0000000092a064d0, 0x0000000093a60000)
  to   space 17024K,   0% used [0x0000000091920000, 0x0000000091920000, 0x00000000929c0000)
 concurrent mark-sweep generation total 1775232K, used 1383323K [0x0000000093a60000, 0x0000000100000000, 0x0000000100000000)
 Metaspace       used 65816K, capacity 70199K, committed 70432K, reserved 1110016K
  class space    used 8072K, capacity 9072K, committed 9136K, reserved 1048576K
}
Event: 31238.647 GC heap before
{Heap before GC invocations=8319 (full 2):
 par new generation   total 153344K, used 136601K [0x0000000089400000, 0x0000000093a60000, 0x0000000093a60000)
  eden space 136320K, 100% used [0x0000000089400000, 0x0000000091920000, 0x0000000091920000)
  from space 17024K,   1% used [0x00000000929c0000, 0x0000000092a064d0, 0x0000000093a60000)
  to   space 17024K,   0% used [0x0000000091920000, 0x0000000091920000, 0x00000000929c0000)
 concurrent mark-sweep generation total 1775232K, used 1383323K [0x0000000093a60000, 0x0000000100000000, 0x0000000100000000)
 Metaspace       used 65816K, capacity 70199K, committed 70432K, reserved 1110016K
  class space    used 8072K, capacity 9072K, committed 9136K, reserved 1048576K
Event: 31238.655 GC heap after
Heap after GC invocations=8320 (full 2):
 par new generation   total 153344K, used 211K [0x0000000089400000, 0x0000000093a60000, 0x0000000093a60000)
  eden space 136320K,   0% used [0x0000000089400000, 0x0000000089400000, 0x0000000091920000)
  from space 17024K,   1% used [0x0000000091920000, 0x0000000091954ce0, 0x00000000929c0000)
  to   space 17024K,   0% used [0x00000000929c0000, 0x00000000929c0000, 0x0000000093a60000)
 concurrent mark-sweep generation total 1775232K, used 1383369K [0x0000000093a60000, 0x0000000100000000, 0x0000000100000000)
 Metaspace       used 65816K, capacity 70199K, committed 70432K, reserved 1110016K
  class space    used 8072K, capacity 9072K, committed 9136K, reserved 1048576K
}
Event: 31242.747 GC heap before
{Heap before GC invocations=8320 (full 2):
 par new generation   total 153344K, used 136531K [0x0000000089400000, 0x0000000093a60000, 0x0000000093a60000)
  eden space 136320K, 100% used [0x0000000089400000, 0x0000000091920000, 0x0000000091920000)
  from space 17024K,   1% used [0x0000000091920000, 0x0000000091954ce0, 0x00000000929c0000)
  to   space 17024K,   0% used [0x00000000929c0000, 0x00000000929c0000, 0x0000000093a60000)
 concurrent mark-sweep generation total 1775232K, used 1383369K [0x0000000093a60000, 0x0000000100000000, 0x0000000100000000)
 Metaspace       used 65816K, capacity 70199K, committed 70432K, reserved 1110016K
  class space    used 8072K, capacity 9072K, committed 9136K, reserved 1048576K
Event: 31242.755 GC heap after
Heap after GC invocations=8321 (full 2):
 par new generation   total 153344K, used 142K [0x0000000089400000, 0x0000000093a60000, 0x0000000093a60000)
  eden space 136320K,   0% used [0x0000000089400000, 0x0000000089400000, 0x0000000091920000)
  from space 17024K,   0% used [0x00000000929c0000, 0x00000000929e3ae0, 0x0000000093a60000)
  to   space 17024K,   0% used [0x0000000091920000, 0x0000000091920000, 0x00000000929c0000)
 concurrent mark-sweep generation total 1775232K, used 1383401K [0x0000000093a60000, 0x0000000100000000, 0x0000000100000000)
 Metaspace       used 65816K, capacity 70199K, committed 70432K, reserved 1110016K
  class space    used 8072K, capacity 9072K, committed 9136K, reserved 1048576K
}
Event: 31246.848 GC heap before
{Heap before GC invocations=8321 (full 2):
 par new generation   total 153344K, used 136462K [0x0000000089400000, 0x0000000093a60000, 0x0000000093a60000)
  eden space 136320K, 100% used [0x0000000089400000, 0x0000000091920000, 0x0000000091920000)
  from space 17024K,   0% used [0x00000000929c0000, 0x00000000929e3ae0, 0x0000000093a60000)
  to   space 17024K,   0% used [0x0000000091920000, 0x0000000091920000, 0x00000000929c0000)
 concurrent mark-sweep generation total 1775232K, used 1383401K [0x0000000093a60000, 0x0000000100000000, 0x0000000100000000)
 Metaspace       used 65816K, capacity 70199K, committed 70432K, reserved 1110016K
  class space    used 8072K, capacity 9072K, committed 9136K, reserved 1048576K
Event: 31246.856 GC heap after
Heap after GC invocations=8322 (full 2):
 par new generation   total 153344K, used 191K [0x0000000089400000, 0x0000000093a60000, 0x0000000093a60000)
  eden space 136320K,   0% used [0x0000000089400000, 0x0000000089400000, 0x0000000091920000)
  from space 17024K,   1% used [0x0000000091920000, 0x000000009194ffa0, 0x00000000929c0000)
  to   space 17024K,   0% used [0x00000000929c0000, 0x00000000929c0000, 0x0000000093a60000)
 concurrent mark-sweep generation total 1775232K, used 1383414K [0x0000000093a60000, 0x0000000100000000, 0x0000000100000000)
 Metaspace       used 65816K, capacity 70199K, committed 70432K, reserved 1110016K
  class space    used 8072K, capacity 9072K, committed 9136K, reserved 1048576K
}
Event: 31250.422 GC heap before
{Heap before GC invocations=8322 (full 2):
 par new generation   total 153344K, used 136511K [0x0000000089400000, 0x0000000093a60000, 0x0000000093a60000)
  eden space 136320K, 100% used [0x0000000089400000, 0x0000000091920000, 0x0000000091920000)
  from space 17024K,   1% used [0x0000000091920000, 0x000000009194ffa0, 0x00000000929c0000)
  to   space 17024K,   0% used [0x00000000929c0000, 0x00000000929c0000, 0x0000000093a60000)
 concurrent mark-sweep generation total 1775232K, used 1383414K [0x0000000093a60000, 0x0000000100000000, 0x0000000100000000)
 Metaspace       used 65816K, capacity 70199K, committed 70432K, reserved 1110016K
  class space    used 8072K, capacity 9072K, committed 9136K, reserved 1048576K
Event: 31250.430 GC heap after
Heap after GC invocations=8323 (full 2):
 par new generation   total 153344K, used 206K [0x0000000089400000, 0x0000000093a60000, 0x0000000093a60000)
  eden space 136320K,   0% used [0x0000000089400000, 0x0000000089400000, 0x0000000091920000)
  from space 17024K,   1% used [0x00000000929c0000, 0x00000000929f3b78, 0x0000000093a60000)
  to   space 17024K,   0% used [0x0000000091920000, 0x0000000091920000, 0x00000000929c0000)
 concurrent mark-sweep generation total 1775232K, used 1383433K [0x0000000093a60000, 0x0000000100000000, 0x0000000100000000)
 Metaspace       used 65816K, capacity 70199K, committed 70432K, reserved 1110016K
  class space    used 8072K, capacity 9072K, committed 9136K, reserved 1048576K
}
Event: 31254.522 GC heap before
{Heap before GC invocations=8323 (full 2):
 par new generation   total 153344K, used 136526K [0x0000000089400000, 0x0000000093a60000, 0x0000000093a60000)
  eden space 136320K, 100% used [0x0000000089400000, 0x0000000091920000, 0x0000000091920000)
  from space 17024K,   1% used [0x00000000929c0000, 0x00000000929f3b78, 0x0000000093a60000)
  to   space 17024K,   0% used [0x0000000091920000, 0x0000000091920000, 0x00000000929c0000)
 concurrent mark-sweep generation total 1775232K, used 1383433K [0x0000000093a60000, 0x0000000100000000, 0x0000000100000000)
 Metaspace       used 65816K, capacity 70199K, committed 70432K, reserved 1110016K
  class space    used 8072K, capacity 9072K, committed 9136K, reserved 1048576K
Event: 31254.530 GC heap after
Heap after GC invocations=8324 (full 2):
 par new generation   total 153344K, used 231K [0x0000000089400000, 0x0000000093a60000, 0x0000000093a60000)
  eden space 136320K,   0% used [0x0000000089400000, 0x0000000089400000, 0x0000000091920000)
  from space 17024K,   1% used [0x0000000091920000, 0x0000000091959eb8, 0x00000000929c0000)
  to   space 17024K,   0% used [0x00000000929c0000, 0x00000000929c0000, 0x0000000093a60000)
 concurrent mark-sweep generation total 1775232K, used 1383436K [0x0000000093a60000, 0x0000000100000000, 0x0000000100000000)
 Metaspace       used 65816K, capacity 70199K, committed 70432K, reserved 1110016K
  class space    used 8072K, capacity 9072K, committed 9136K, reserved 1048576K
}
Event: 31258.672 GC heap before
{Heap before GC invocations=8324 (full 2):
 par new generation   total 153344K, used 136551K [0x0000000089400000, 0x0000000093a60000, 0x0000000093a60000)
  eden space 136320K, 100% used [0x0000000089400000, 0x0000000091920000, 0x0000000091920000)
  from space 17024K,   1% used [0x0000000091920000, 0x0000000091959eb8, 0x00000000929c0000)
  to   space 17024K,   0% used [0x00000000929c0000, 0x00000000929c0000, 0x0000000093a60000)
 concurrent mark-sweep generation total 1775232K, used 1383436K [0x0000000093a60000, 0x0000000100000000, 0x0000000100000000)
 Metaspace       used 65816K, capacity 70199K, committed 70432K, reserved 1110016K
  class space    used 8072K, capacity 9072K, committed 9136K, reserved 1048576K
Event: 31258.679 GC heap after
Heap after GC invocations=8325 (full 2):
 par new generation   total 153344K, used 238K [0x0000000089400000, 0x0000000093a60000, 0x0000000093a60000)
  eden space 136320K,   0% used [0x0000000089400000, 0x0000000089400000, 0x0000000091920000)
  from space 17024K,   1% used [0x00000000929c0000, 0x00000000929fb820, 0x0000000093a60000)
  to   space 17024K,   0% used [0x0000000091920000, 0x0000000091920000, 0x00000000929c0000)
 concurrent mark-sweep generation total 1775232K, used 1383438K [0x0000000093a60000, 0x0000000100000000, 0x0000000100000000)
 Metaspace       used 65816K, capacity 70199K, committed 70432K, reserved 1110016K
  class space    used 8072K, capacity 9072K, committed 9136K, reserved 1048576K
}
Event: 31262.781 GC heap before
{Heap before GC invocations=8325 (full 2):
 par new generation   total 153344K, used 136558K [0x0000000089400000, 0x0000000093a60000, 0x0000000093a60000)
  eden space 136320K, 100% used [0x0000000089400000, 0x0000000091920000, 0x0000000091920000)
  from space 17024K,   1% used [0x00000000929c0000, 0x00000000929fb820, 0x0000000093a60000)
  to   space 17024K,   0% used [0x0000000091920000, 0x0000000091920000, 0x00000000929c0000)
 concurrent mark-sweep generation total 1775232K, used 1383438K [0x0000000093a60000, 0x0000000100000000, 0x0000000100000000)
 Metaspace       used 65816K, capacity 70199K, committed 70432K, reserved 1110016K
  class space    used 8072K, capacity 9072K, committed 9136K, reserved 1048576K
Event: 31262.788 GC heap after
Heap after GC invocations=8326 (full 2):
 par new generation   total 153344K, used 265K [0x0000000089400000, 0x0000000093a60000, 0x0000000093a60000)
  eden space 136320K,   0% used [0x0000000089400000, 0x0000000089400000, 0x0000000091920000)
  from space 17024K,   1% used [0x0000000091920000, 0x0000000091962420, 0x00000000929c0000)
  to   space 17024K,   0% used [0x00000000929c0000, 0x00000000929c0000, 0x0000000093a60000)
 concurrent mark-sweep generation total 1775232K, used 1383446K [0x0000000093a60000, 0x0000000100000000, 0x0000000100000000)
 Metaspace       used 65816K, capacity 70199K, committed 70432K, reserved 1110016K
  class space    used 8072K, capacity 9072K, committed 9136K, reserved 1048576K
}
Event: 31266.881 GC heap before
{Heap before GC invocations=8326 (full 2):
 par new generation   total 153344K, used 136585K [0x0000000089400000, 0x0000000093a60000, 0x0000000093a60000)
  eden space 136320K, 100% used [0x0000000089400000, 0x0000000091920000, 0x0000000091920000)
  from space 17024K,   1% used [0x0000000091920000, 0x0000000091962420, 0x00000000929c0000)
  to   space 17024K,   0% used [0x00000000929c0000, 0x00000000929c0000, 0x0000000093a60000)
 concurrent mark-sweep generation total 1775232K, used 1383446K [0x0000000093a60000, 0x0000000100000000, 0x0000000100000000)
 Metaspace       used 65816K, capacity 70199K, committed 70432K, reserved 1110016K
  class space    used 8072K, capacity 9072K, committed 9136K, reserved 1048576K
Event: 31266.889 GC heap after
Heap after GC invocations=8327 (full 2):
 par new generation   total 153344K, used 312K [0x0000000089400000, 0x0000000093a60000, 0x0000000093a60000)
  eden space 136320K,   0% used [0x0000000089400000, 0x0000000089400000, 0x0000000091920000)
  from space 17024K,   1% used [0x00000000929c0000, 0x0000000092a0e3a8, 0x0000000093a60000)
  to   space 17024K,   0% used [0x0000000091920000, 0x0000000091920000, 0x00000000929c0000)
 concurrent mark-sweep generation total 1775232K, used 1383465K [0x0000000093a60000, 0x0000000100000000, 0x0000000100000000)
 Metaspace       used 65816K, capacity 70199K, committed 70432K, reserved 1110016K
  class space    used 8072K, capacity 9072K, committed 9136K, reserved 1048576K
}
Event: 31270.981 GC heap before
{Heap before GC invocations=8327 (full 2):
 par new generation   total 153344K, used 136632K [0x0000000089400000, 0x0000000093a60000, 0x0000000093a60000)
  eden space 136320K, 100% used [0x0000000089400000, 0x0000000091920000, 0x0000000091920000)
  from space 17024K,   1% used [0x00000000929c0000, 0x0000000092a0e3a8, 0x0000000093a60000)
  to   space 17024K,   0% used [0x0000000091920000, 0x0000000091920000, 0x00000000929c0000)
 concurrent mark-sweep generation total 1775232K, used 1383465K [0x0000000093a60000, 0x0000000100000000, 0x0000000100000000)
 Metaspace       used 65816K, capacity 70199K, committed 70432K, reserved 1110016K
  class space    used 8072K, capacity 9072K, committed 9136K, reserved 1048576K
Event: 31270.989 GC heap after
Heap after GC invocations=8328 (full 2):
 par new generation   total 153344K, used 322K [0x0000000089400000, 0x0000000093a60000, 0x0000000093a60000)
  eden space 136320K,   0% used [0x0000000089400000, 0x0000000089400000, 0x0000000091920000)
  from space 17024K,   1% used [0x0000000091920000, 0x0000000091970838, 0x00000000929c0000)
  to   space 17024K,   0% used [0x00000000929c0000, 0x00000000929c0000, 0x0000000093a60000)
 concurrent mark-sweep generation total 1775232K, used 1383505K [0x0000000093a60000, 0x0000000100000000, 0x0000000100000000)
 Metaspace       used 65816K, capacity 70199K, committed 70432K, reserved 1110016K
  class space    used 8072K, capacity 9072K, committed 9136K, reserved 1048576K
}
Event: 31275.082 GC heap before
{Heap before GC invocations=8328 (full 2):
 par new generation   total 153344K, used 136642K [0x0000000089400000, 0x0000000093a60000, 0x0000000093a60000)
  eden space 136320K, 100% used [0x0000000089400000, 0x0000000091920000, 0x0000000091920000)
  from space 17024K,   1% used [0x0000000091920000, 0x0000000091970838, 0x00000000929c0000)
  to   space 17024K,   0% used [0x00000000929c0000, 0x00000000929c0000, 0x0000000093a60000)
 concurrent mark-sweep generation total 1775232K, used 1383505K [0x0000000093a60000, 0x0000000100000000, 0x0000000100000000)
 Metaspace       used 65816K, capacity 70199K, committed 70432K, reserved 1110016K
  class space    used 8072K, capacity 9072K, committed 9136K, reserved 1048576K
Event: 31275.090 GC heap after
Heap after GC invocations=8329 (full 2):
 par new generation   total 153344K, used 184K [0x0000000089400000, 0x0000000093a60000, 0x0000000093a60000)
  eden space 136320K,   0% used [0x0000000089400000, 0x0000000089400000, 0x0000000091920000)
  from space 17024K,   1% used [0x00000000929c0000, 0x00000000929ee320, 0x0000000093a60000)
  to   space 17024K,   0% used [0x0000000091920000, 0x0000000091920000, 0x00000000929c0000)
 concurrent mark-sweep generation total 1775232K, used 1383553K [0x0000000093a60000, 0x0000000100000000, 0x0000000100000000)
 Metaspace       used 65816K, capacity 70199K, committed 70432K, reserved 1110016K
  class space    used 8072K, capacity 9072K, committed 9136K, reserved 1048576K
}
Event: 31279.132 GC heap before
{Heap before GC invocations=8329 (full 2):
 par new generation   total 153344K, used 136504K [0x0000000089400000, 0x0000000093a60000, 0x0000000093a60000)
  eden space 136320K, 100% used [0x0000000089400000, 0x0000000091920000, 0x0000000091920000)
  from space 17024K,   1% used [0x00000000929c0000, 0x00000000929ee320, 0x0000000093a60000)
  to   space 17024K,   0% used [0x0000000091920000, 0x0000000091920000, 0x00000000929c0000)
 concurrent mark-sweep generation total 1775232K, used 1383553K [0x0000000093a60000, 0x0000000100000000, 0x0000000100000000)
 Metaspace       used 65816K, capacity 70199K, committed 70432K, reserved 1110016K
  class space    used 8072K, capacity 9072K, committed 9136K, reserved 1048576K
Event: 31279.140 GC heap after
Heap after GC invocations=8330 (full 2):
 par new generation   total 153344K, used 371K [0x0000000089400000, 0x0000000093a60000, 0x0000000093a60000)
  eden space 136320K,   0% used [0x0000000089400000, 0x0000000089400000, 0x0000000091920000)
  from space 17024K,   2% used [0x0000000091920000, 0x000000009197cc38, 0x00000000929c0000)
  to   space 17024K,   0% used [0x00000000929c0000, 0x00000000929c0000, 0x0000000093a60000)
 concurrent mark-sweep generation total 1775232K, used 1383561K [0x0000000093a60000, 0x0000000100000000, 0x0000000100000000)
 Metaspace       used 65816K, capacity 70199K, committed 70432K, reserved 1110016K
  class space    used 8072K, capacity 9072K, committed 9136K, reserved 1048576K
}
Event: 31283.192 GC heap before
{Heap before GC invocations=8330 (full 2):
 par new generation   total 153344K, used 136691K [0x0000000089400000, 0x0000000093a60000, 0x0000000093a60000)
  eden space 136320K, 100% used [0x0000000089400000, 0x0000000091920000, 0x0000000091920000)
  from space 17024K,   2% used [0x0000000091920000, 0x000000009197cc38, 0x00000000929c0000)
  to   space 17024K,   0% used [0x00000000929c0000, 0x00000000929c0000, 0x0000000093a60000)
 concurrent mark-sweep generation total 1775232K, used 1383561K [0x0000000093a60000, 0x0000000100000000, 0x0000000100000000)
 Metaspace       used 65816K, capacity 70199K, committed 70432K, reserved 1110016K
  class space    used 8072K, capacity 9072K, committed 9136K, reserved 1048576K
Event: 31283.200 GC heap after
Heap after GC invocations=8331 (full 2):
 par new generation   total 153344K, used 335K [0x0000000089400000, 0x0000000093a60000, 0x0000000093a60000)
  eden space 136320K,   0% used [0x0000000089400000, 0x0000000089400000, 0x0000000091920000)
  from space 17024K,   1% used [0x00000000929c0000, 0x0000000092a13e80, 0x0000000093a60000)
  to   space 17024K,   0% used [0x0000000091920000, 0x0000000091920000, 0x00000000929c0000)
 concurrent mark-sweep generation total 1775232K, used 1383583K [0x0000000093a60000, 0x0000000100000000, 0x0000000100000000)
 Metaspace       used 65816K, capacity 70199K, committed 70432K, reserved 1110016K
  class space    used 8072K, capacity 9072K, committed 9136K, reserved 1048576K
}
Event: 31287.296 GC heap before
{Heap before GC invocations=8331 (full 2):
 par new generation   total 153344K, used 136655K [0x0000000089400000, 0x0000000093a60000, 0x0000000093a60000)
  eden space 136320K, 100% used [0x0000000089400000, 0x0000000091920000, 0x0000000091920000)
  from space 17024K,   1% used [0x00000000929c0000, 0x0000000092a13e80, 0x0000000093a60000)
  to   space 17024K,   0% used [0x0000000091920000, 0x0000000091920000, 0x00000000929c0000)
 concurrent mark-sweep generation total 1775232K, used 1383583K [0x0000000093a60000, 0x0000000100000000, 0x0000000100000000)
 Metaspace       used 65816K, capacity 70199K, committed 70432K, reserved 1110016K
  class space    used 8072K, capacity 9072K, committed 9136K, reserved 1048576K
Event: 31287.304 GC heap after
Heap after GC invocations=8332 (full 2):
 par new generation   total 153344K, used 350K [0x0000000089400000, 0x0000000093a60000, 0x0000000093a60000)
  eden space 136320K,   0% used [0x0000000089400000, 0x0000000089400000, 0x0000000091920000)
  from space 17024K,   2% used [0x0000000091920000, 0x0000000091977810, 0x00000000929c0000)
  to   space 17024K,   0% used [0x00000000929c0000, 0x00000000929c0000, 0x0000000093a60000)
 concurrent mark-sweep generation total 1775232K, used 1383631K [0x0000000093a60000, 0x0000000100000000, 0x0000000100000000)
 Metaspace       used 65816K, capacity 70199K, committed 70432K, reserved 1110016K
  class space    used 8072K, capacity 9072K, committed 9136K, reserved 1048576K
}
Event: 31291.447 GC heap before
{Heap before GC invocations=8332 (full 2):
 par new generation   total 153344K, used 136670K [0x0000000089400000, 0x0000000093a60000, 0x0000000093a60000)
  eden space 136320K, 100% used [0x0000000089400000, 0x0000000091920000, 0x0000000091920000)
  from space 17024K,   2% used [0x0000000091920000, 0x0000000091977810, 0x00000000929c0000)
  to   space 17024K,   0% used [0x00000000929c0000, 0x00000000929c0000, 0x0000000093a60000)
 concurrent mark-sweep generation total 1775232K, used 1383631K [0x0000000093a60000, 0x0000000100000000, 0x0000000100000000)
 Metaspace       used 65816K, capacity 70199K, committed 70432K, reserved 1110016K
  class space    used 8072K, capacity 9072K, committed 9136K, reserved 1048576K
Event: 31291.455 GC heap after
Heap after GC invocations=8333 (full 2):
 par new generation   total 153344K, used 264K [0x0000000089400000, 0x0000000093a60000, 0x0000000093a60000)
  eden space 136320K,   0% used [0x0000000089400000, 0x0000000089400000, 0x0000000091920000)
  from space 17024K,   1% used [0x00000000929c0000, 0x0000000092a02300, 0x0000000093a60000)
  to   space 17024K,   0% used [0x0000000091920000, 0x0000000091920000, 0x00000000929c0000)
 concurrent mark-sweep generation total 1775232K, used 1383644K [0x0000000093a60000, 0x0000000100000000, 0x0000000100000000)
 Metaspace       used 65816K, capacity 70199K, committed 70432K, reserved 1110016K
  class space    used 8072K, capacity 9072K, committed 9136K, reserved 1048576K
}
Event: 31295.597 GC heap before
{Heap before GC invocations=8333 (full 2):
 par new generation   total 153344K, used 136584K [0x0000000089400000, 0x0000000093a60000, 0x0000000093a60000)
  eden space 136320K, 100% used [0x0000000089400000, 0x0000000091920000, 0x0000000091920000)
  from space 17024K,   1% used [0x00000000929c0000, 0x0000000092a02300, 0x0000000093a60000)
  to   space 17024K,   0% used [0x0000000091920000, 0x0000000091920000, 0x00000000929c0000)
 concurrent mark-sweep generation total 1775232K, used 1383644K [0x0000000093a60000, 0x0000000100000000, 0x0000000100000000)
 Metaspace       used 65816K, capacity 70199K, committed 70432K, reserved 1110016K
  class space    used 8072K, capacity 9072K, committed 9136K, reserved 1048576K
Event: 31295.605 GC heap after
Heap after GC invocations=8334 (full 2):
 par new generation   total 153344K, used 257K [0x0000000089400000, 0x0000000093a60000, 0x0000000093a60000)
  eden space 136320K,   0% used [0x0000000089400000, 0x0000000089400000, 0x0000000091920000)
  from space 17024K,   1% used [0x0000000091920000, 0x00000000919604e8, 0x00000000929c0000)
  to   space 17024K,   0% used [0x00000000929c0000, 0x00000000929c0000, 0x0000000093a60000)
 concurrent mark-sweep generation total 1775232K, used 1383652K [0x0000000093a60000, 0x0000000100000000, 0x0000000100000000)
 Metaspace       used 65816K, capacity 70199K, committed 70432K, reserved 1110016K
  class space    used 8072K, capacity 9072K, committed 9136K, reserved 1048576K
}
Event: 31299.848 GC heap before
{Heap before GC invocations=8334 (full 2):
 par new generation   total 153344K, used 136577K [0x0000000089400000, 0x0000000093a60000, 0x0000000093a60000)
  eden space 136320K, 100% used [0x0000000089400000, 0x0000000091920000, 0x0000000091920000)
  from space 17024K,   1% used [0x0000000091920000, 0x00000000919604e8, 0x00000000929c0000)
  to   space 17024K,   0% used [0x00000000929c0000, 0x00000000929c0000, 0x0000000093a60000)
 concurrent mark-sweep generation total 1775232K, used 1383652K [0x0000000093a60000, 0x0000000100000000, 0x0000000100000000)
 Metaspace       used 65816K, capacity 70199K, committed 70432K, reserved 1110016K
  class space    used 8072K, capacity 9072K, committed 9136K, reserved 1048576K
Event: 31299.855 GC heap after
Heap after GC invocations=8335 (full 2):
 par new generation   total 153344K, used 271K [0x0000000089400000, 0x0000000093a60000, 0x0000000093a60000)
  eden space 136320K,   0% used [0x0000000089400000, 0x0000000089400000, 0x0000000091920000)
  from space 17024K,   1% used [0x00000000929c0000, 0x0000000092a03c50, 0x0000000093a60000)
  to   space 17024K,   0% used [0x0000000091920000, 0x0000000091920000, 0x00000000929c0000)
 concurrent mark-sweep generation total 1775232K, used 1383660K [0x0000000093a60000, 0x0000000100000000, 0x0000000100000000)
 Metaspace       used 65816K, capacity 70199K, committed 70432K, reserved 1110016K
  class space    used 8072K, capacity 9072K, committed 9136K, reserved 1048576K
}
Event: 31304.099 GC heap before
{Heap before GC invocations=8335 (full 2):
 par new generation   total 153344K, used 136591K [0x0000000089400000, 0x0000000093a60000, 0x0000000093a60000)
  eden space 136320K, 100% used [0x0000000089400000, 0x0000000091920000, 0x0000000091920000)
  from space 17024K,   1% used [0x00000000929c0000, 0x0000000092a03c50, 0x0000000093a60000)
  to   space 17024K,   0% used [0x0000000091920000, 0x0000000091920000, 0x00000000929c0000)
 concurrent mark-sweep generation total 1775232K, used 1383660K [0x0000000093a60000, 0x0000000100000000, 0x0000000100000000)
 Metaspace       used 65816K, capacity 70199K, committed 70432K, reserved 1110016K
  class space    used 8072K, capacity 9072K, committed 9136K, reserved 1048576K
Event: 31304.107 GC heap after
Heap after GC invocations=8336 (full 2):
 par new generation   total 153344K, used 192K [0x0000000089400000, 0x0000000093a60000, 0x0000000093a60000)
  eden space 136320K,   0% used [0x0000000089400000, 0x0000000089400000, 0x0000000091920000)
  from space 17024K,   1% used [0x0000000091920000, 0x0000000091950070, 0x00000000929c0000)
  to   space 17024K,   0% used [0x00000000929c0000, 0x00000000929c0000, 0x0000000093a60000)
 concurrent mark-sweep generation total 1775232K, used 1383774K [0x0000000093a60000, 0x0000000100000000, 0x0000000100000000)
 Metaspace       used 65816K, capacity 70199K, committed 70432K, reserved 1110016K
  class space    used 8072K, capacity 9072K, committed 9136K, reserved 1048576K
}
Event: 31308.349 GC heap before
{Heap before GC invocations=8336 (full 2):
 par new generation   total 153344K, used 136512K [0x0000000089400000, 0x0000000093a60000, 0x0000000093a60000)
  eden space 136320K, 100% used [0x0000000089400000, 0x0000000091920000, 0x0000000091920000)
  from space 17024K,   1% used [0x0000000091920000, 0x0000000091950070, 0x00000000929c0000)
  to   space 17024K,   0% used [0x00000000929c0000, 0x00000000929c0000, 0x0000000093a60000)
 concurrent mark-sweep generation total 1775232K, used 1383774K [0x0000000093a60000, 0x0000000100000000, 0x0000000100000000)
 Metaspace       used 65816K, capacity 70199K, committed 70432K, reserved 1110016K
  class space    used 8072K, capacity 9072K, committed 9136K, reserved 1048576K
Event: 31308.357 GC heap after
Heap after GC invocations=8337 (full 2):
 par new generation   total 153344K, used 116K [0x0000000089400000, 0x0000000093a60000, 0x0000000093a60000)
  eden space 136320K,   0% used [0x0000000089400000, 0x0000000089400000, 0x0000000091920000)
  from space 17024K,   0% used [0x00000000929c0000, 0x00000000929dd2f8, 0x0000000093a60000)
  to   space 17024K,   0% used [0x0000000091920000, 0x0000000091920000, 0x00000000929c0000)
 concurrent mark-sweep generation total 1775232K, used 1383783K [0x0000000093a60000, 0x0000000100000000, 0x0000000100000000)
 Metaspace       used 65816K, capacity 70199K, committed 70432K, reserved 1110016K
  class space    used 8072K, capacity 9072K, committed 9136K, reserved 1048576K
}
Event: 31312.605 GC heap before
{Heap before GC invocations=8337 (full 2):
 par new generation   total 153344K, used 136436K [0x0000000089400000, 0x0000000093a60000, 0x0000000093a60000)
  eden space 136320K, 100% used [0x0000000089400000, 0x0000000091920000, 0x0000000091920000)
  from space 17024K,   0% used [0x00000000929c0000, 0x00000000929dd2f8, 0x0000000093a60000)
  to   space 17024K,   0% used [0x0000000091920000, 0x0000000091920000, 0x00000000929c0000)
 concurrent mark-sweep generation total 1775232K, used 1383783K [0x0000000093a60000, 0x0000000100000000, 0x0000000100000000)
 Metaspace       used 65816K, capacity 70199K, committed 70432K, reserved 1110016K
  class space    used 8072K, capacity 9072K, committed 9136K, reserved 1048576K
Event: 31312.613 GC heap after
Heap after GC invocations=8338 (full 2):
 par new generation   total 153344K, used 126K [0x0000000089400000, 0x0000000093a60000, 0x0000000093a60000)
  eden space 136320K,   0% used [0x0000000089400000, 0x0000000089400000, 0x0000000091920000)
  from space 17024K,   0% used [0x0000000091920000, 0x000000009193f920, 0x00000000929c0000)
  to   space 17024K,   0% used [0x00000000929c0000, 0x00000000929c0000, 0x0000000093a60000)
 concurrent mark-sweep generation total 1775232K, used 1383790K [0x0000000093a60000, 0x0000000100000000, 0x0000000100000000)
 Metaspace       used 65816K, capacity 70199K, committed 70432K, reserved 1110016K
  class space    used 8072K, capacity 9072K, committed 9136K, reserved 1048576K
}
Event: 31316.906 GC heap before
{Heap before GC invocations=8338 (full 2):
 par new generation   total 153344K, used 136446K [0x0000000089400000, 0x0000000093a60000, 0x0000000093a60000)
  eden space 136320K, 100% used [0x0000000089400000, 0x0000000091920000, 0x0000000091920000)
  from space 17024K,   0% used [0x0000000091920000, 0x000000009193f920, 0x00000000929c0000)
  to   space 17024K,   0% used [0x00000000929c0000, 0x00000000929c0000, 0x0000000093a60000)
 concurrent mark-sweep generation total 1775232K, used 1383790K [0x0000000093a60000, 0x0000000100000000, 0x0000000100000000)
 Metaspace       used 65816K, capacity 70199K, committed 70432K, reserved 1110016K
  class space    used 8072K, capacity 9072K, committed 9136K, reserved 1048576K
Event: 31316.913 GC heap after
Heap after GC invocations=8339 (full 2):
 par new generation   total 153344K, used 160K [0x0000000089400000, 0x0000000093a60000, 0x0000000093a60000)
  eden space 136320K,   0% used [0x0000000089400000, 0x0000000089400000, 0x0000000091920000)
  from space 17024K,   0% used [0x00000000929c0000, 0x00000000929e81b8, 0x0000000093a60000)
  to   space 17024K,   0% used [0x0000000091920000, 0x0000000091920000, 0x00000000929c0000)
 concurrent mark-sweep generation total 1775232K, used 1383791K [0x0000000093a60000, 0x0000000100000000, 0x0000000100000000)
 Metaspace       used 65816K, capacity 70199K, committed 70432K, reserved 1110016K
  class space    used 8072K, capacity 9072K, committed 9136K, reserved 1048576K
}
Event: 31321.168 GC heap before
{Heap before GC invocations=8339 (full 2):
 par new generation   total 153344K, used 136480K [0x0000000089400000, 0x0000000093a60000, 0x0000000093a60000)
  eden space 136320K, 100% used [0x0000000089400000, 0x0000000091920000, 0x0000000091920000)
  from space 17024K,   0% used [0x00000000929c0000, 0x00000000929e81b8, 0x0000000093a60000)
  to   space 17024K,   0% used [0x0000000091920000, 0x0000000091920000, 0x00000000929c0000)
 concurrent mark-sweep generation total 1775232K, used 1383791K [0x0000000093a60000, 0x0000000100000000, 0x0000000100000000)
 Metaspace       used 65816K, capacity 70199K, committed 70432K, reserved 1110016K
  class space    used 8072K, capacity 9072K, committed 9136K, reserved 1048576K
Event: 31321.176 GC heap after
Heap after GC invocations=8340 (full 2):
 par new generation   total 153344K, used 191K [0x0000000089400000, 0x0000000093a60000, 0x0000000093a60000)
  eden space 136320K,   0% used [0x0000000089400000, 0x0000000089400000, 0x0000000091920000)
  from space 17024K,   1% used [0x0000000091920000, 0x000000009194fe20, 0x00000000929c0000)
  to   space 17024K,   0% used [0x00000000929c0000, 0x00000000929c0000, 0x0000000093a60000)
 concurrent mark-sweep generation total 1775232K, used 1383799K [0x0000000093a60000, 0x0000000100000000, 0x0000000100000000)
 Metaspace       used 65816K, capacity 70199K, committed 70432K, reserved 1110016K
  class space    used 8072K, capacity 9072K, committed 9136K, reserved 1048576K
}
Event: 31324.405 GC heap before
{Heap before GC invocations=8340 (full 2):
 par new generation   total 153344K, used 136509K [0x0000000089400000, 0x0000000093a60000, 0x0000000093a60000)
  eden space 136320K,  99% used [0x0000000089400000, 0x000000009191f6f0, 0x0000000091920000)
  from space 17024K,   1% used [0x0000000091920000, 0x000000009194fe20, 0x00000000929c0000)
  to   space 17024K,   0% used [0x00000000929c0000, 0x00000000929c0000, 0x0000000093a60000)
 concurrent mark-sweep generation total 1775232K, used 1383799K [0x0000000093a60000, 0x0000000100000000, 0x0000000100000000)
 Metaspace       used 65821K, capacity 70199K, committed 70432K, reserved 1110016K
  class space    used 8072K, capacity 9072K, committed 9136K, reserved 1048576K
Event: 31324.419 GC heap after
Heap after GC invocations=8341 (full 2):
 par new generation   total 153344K, used 8846K [0x0000000089400000, 0x0000000093a60000, 0x0000000093a60000)
  eden space 136320K,   0% used [0x0000000089400000, 0x0000000089400000, 0x0000000091920000)
  from space 17024K,  51% used [0x00000000929c0000, 0x0000000093263998, 0x0000000093a60000)
  to   space 17024K,   0% used [0x0000000091920000, 0x0000000091920000, 0x00000000929c0000)
 concurrent mark-sweep generation total 1775232K, used 1383803K [0x0000000093a60000, 0x0000000100000000, 0x0000000100000000)
 Metaspace       used 65821K, capacity 70199K, committed 70432K, reserved 1110016K
  class space    used 8072K, capacity 9072K, committed 9136K, reserved 1048576K
}
Event: 31326.624 GC heap before
{Heap before GC invocations=8341 (full 2):
 par new generation   total 153344K, used 145166K [0x0000000089400000, 0x0000000093a60000, 0x0000000093a60000)
  eden space 136320K, 100% used [0x0000000089400000, 0x0000000091920000, 0x0000000091920000)
  from space 17024K,  51% used [0x00000000929c0000, 0x0000000093263998, 0x0000000093a60000)
  to   space 17024K,   0% used [0x0000000091920000, 0x0000000091920000, 0x00000000929c0000)
 concurrent mark-sweep generation total 1775232K, used 1383803K [0x0000000093a60000, 0x0000000100000000, 0x0000000100000000)
 Metaspace       used 65825K, capacity 70199K, committed 70432K, reserved 1110016K
  class space    used 8072K, capacity 9072K, committed 9136K, reserved 1048576K
Event: 31326.646 GC heap after
Heap after GC invocations=8342 (full 2):
 par new generation   total 153344K, used 5631K [0x0000000089400000, 0x0000000093a60000, 0x0000000093a60000)
  eden space 136320K,   0% used [0x0000000089400000, 0x0000000089400000, 0x0000000091920000)
  from space 17024K,  33% used [0x0000000091920000, 0x0000000091e9fc88, 0x00000000929c0000)
  to   space 17024K,   0% used [0x00000000929c0000, 0x00000000929c0000, 0x0000000093a60000)
 concurrent mark-sweep generation total 1775232K, used 1386493K [0x0000000093a60000, 0x0000000100000000, 0x0000000100000000)
 Metaspace       used 65825K, capacity 70199K, committed 70432K, reserved 1110016K
  class space    used 8072K, capacity 9072K, committed 9136K, reserved 1048576K
}
Event: 31330.443 GC heap before
{Heap before GC invocations=8342 (full 2):
 par new generation   total 153344K, used 141951K [0x0000000089400000, 0x0000000093a60000, 0x0000000093a60000)
  eden space 136320K, 100% used [0x0000000089400000, 0x0000000091920000, 0x0000000091920000)
  from space 17024K,  33% used [0x0000000091920000, 0x0000000091e9fc88, 0x00000000929c0000)
  to   space 17024K,   0% used [0x00000000929c0000, 0x00000000929c0000, 0x0000000093a60000)
 concurrent mark-sweep generation total 1775232K, used 1386493K [0x0000000093a60000, 0x0000000100000000, 0x0000000100000000)
 Metaspace       used 65825K, capacity 70199K, committed 70432K, reserved 1110016K
  class space    used 8072K, capacity 9072K, committed 9136K, reserved 1048576K
Event: 31330.454 GC heap after
Heap after GC invocations=8343 (full 2):
 par new generation   total 153344K, used 4751K [0x0000000089400000, 0x0000000093a60000, 0x0000000093a60000)
  eden space 136320K,   0% used [0x0000000089400000, 0x0000000089400000, 0x0000000091920000)
  from space 17024K,  27% used [0x00000000929c0000, 0x0000000092e63ee0, 0x0000000093a60000)
  to   space 17024K,   0% used [0x0000000091920000, 0x0000000091920000, 0x00000000929c0000)
 concurrent mark-sweep generation total 1775232K, used 1386493K [0x0000000093a60000, 0x0000000100000000, 0x0000000100000000)
 Metaspace       used 65825K, capacity 70199K, committed 70432K, reserved 1110016K
  class space    used 8072K, capacity 9072K, committed 9136K, reserved 1048576K
}
Event: 31334.402 GC heap before
{Heap before GC invocations=8343 (full 2):
 par new generation   total 153344K, used 141071K [0x0000000089400000, 0x0000000093a60000, 0x0000000093a60000)
  eden space 136320K, 100% used [0x0000000089400000, 0x0000000091920000, 0x0000000091920000)
  from space 17024K,  27% used [0x00000000929c0000, 0x0000000092e63ee0, 0x0000000093a60000)
  to   space 17024K,   0% used [0x0000000091920000, 0x0000000091920000, 0x00000000929c0000)
 concurrent mark-sweep generation total 1775232K, used 1386493K [0x0000000093a60000, 0x0000000100000000, 0x0000000100000000)
 Metaspace       used 65825K, capacity 70199K, committed 70432K, reserved 1110016K
  class space    used 8072K, capacity 9072K, committed 9136K, reserved 1048576K
Event: 31334.413 GC heap after
Heap after GC invocations=8344 (full 2):
 par new generation   total 153344K, used 5176K [0x0000000089400000, 0x0000000093a60000, 0x0000000093a60000)
  eden space 136320K,   0% used [0x0000000089400000, 0x0000000089400000, 0x0000000091920000)
  from space 17024K,  30% used [0x0000000091920000, 0x0000000091e2e2d8, 0x00000000929c0000)
  to   space 17024K,   0% used [0x00000000929c0000, 0x00000000929c0000, 0x0000000093a60000)
 concurrent mark-sweep generation total 1775232K, used 1386493K [0x0000000093a60000, 0x0000000100000000, 0x0000000100000000)
 Metaspace       used 65825K, capacity 70199K, committed 70432K, reserved 1110016K
  class space    used 8072K, capacity 9072K, committed 9136K, reserved 1048576K
}
Event: 31338.352 GC heap before
{Heap before GC invocations=8344 (full 2):
 par new generation   total 153344K, used 141496K [0x0000000089400000, 0x0000000093a60000, 0x0000000093a60000)
  eden space 136320K, 100% used [0x0000000089400000, 0x0000000091920000, 0x0000000091920000)
  from space 17024K,  30% used [0x0000000091920000, 0x0000000091e2e2d8, 0x00000000929c0000)
  to   space 17024K,   0% used [0x00000000929c0000, 0x00000000929c0000, 0x0000000093a60000)
 concurrent mark-sweep generation total 1775232K, used 1386493K [0x0000000093a60000, 0x0000000100000000, 0x0000000100000000)
 Metaspace       used 65825K, capacity 70199K, committed 70432K, reserved 1110016K
  class space    used 8072K, capacity 9072K, committed 9136K, reserved 1048576K
Event: 31338.364 GC heap after
Heap after GC invocations=8345 (full 2):
 par new generation   total 153344K, used 5300K [0x0000000089400000, 0x0000000093a60000, 0x0000000093a60000)
  eden space 136320K,   0% used [0x0000000089400000, 0x0000000089400000, 0x0000000091920000)
  from space 17024K,  31% used [0x00000000929c0000, 0x0000000092eed148, 0x0000000093a60000)
  to   space 17024K,   0% used [0x0000000091920000, 0x0000000091920000, 0x00000000929c0000)
 concurrent mark-sweep generation total 1775232K, used 1386493K [0x0000000093a60000, 0x0000000100000000, 0x0000000100000000)
 Metaspace       used 65825K, capacity 70199K, committed 70432K, reserved 1110016K
  class space    used 8072K, capacity 9072K, committed 9136K, reserved 1048576K
}
Event: 31342.257 GC heap before
{Heap before GC invocations=8345 (full 2):
 par new generation   total 153344K, used 141620K [0x0000000089400000, 0x0000000093a60000, 0x0000000093a60000)
  eden space 136320K, 100% used [0x0000000089400000, 0x0000000091920000, 0x0000000091920000)
  from space 17024K,  31% used [0x00000000929c0000, 0x0000000092eed148, 0x0000000093a60000)
  to   space 17024K,   0% used [0x0000000091920000, 0x0000000091920000, 0x00000000929c0000)
 concurrent mark-sweep generation total 1775232K, used 1386493K [0x0000000093a60000, 0x0000000100000000, 0x0000000100000000)
 Metaspace       used 65825K, capacity 70199K, committed 70432K, reserved 1110016K
  class space    used 8072K, capacity 9072K, committed 9136K, reserved 1048576K
Event: 31342.269 GC heap after
Heap after GC invocations=8346 (full 2):
 par new generation   total 153344K, used 5370K [0x0000000089400000, 0x0000000093a60000, 0x0000000093a60000)
  eden space 136320K,   0% used [0x0000000089400000, 0x0000000089400000, 0x0000000091920000)
  from space 17024K,  31% used [0x0000000091920000, 0x0000000091e5ead0, 0x00000000929c0000)
  to   space 17024K,   0% used [0x00000000929c0000, 0x00000000929c0000, 0x0000000093a60000)
 concurrent mark-sweep generation total 1775232K, used 1386493K [0x0000000093a60000, 0x0000000100000000, 0x0000000100000000)
 Metaspace       used 65825K, capacity 70199K, committed 70432K, reserved 1110016K
  class space    used 8072K, capacity 9072K, committed 9136K, reserved 1048576K
}
Event: 31346.106 GC heap before
{Heap before GC invocations=8346 (full 2):
 par new generation   total 153344K, used 141690K [0x0000000089400000, 0x0000000093a60000, 0x0000000093a60000)
  eden space 136320K, 100% used [0x0000000089400000, 0x0000000091920000, 0x0000000091920000)
  from space 17024K,  31% used [0x0000000091920000, 0x0000000091e5ead0, 0x00000000929c0000)
  to   space 17024K,   0% used [0x00000000929c0000, 0x00000000929c0000, 0x0000000093a60000)
 concurrent mark-sweep generation total 1775232K, used 1386493K [0x0000000093a60000, 0x0000000100000000, 0x0000000100000000)
 Metaspace       used 65825K, capacity 70199K, committed 70432K, reserved 1110016K
  class space    used 8072K, capacity 9072K, committed 9136K, reserved 1048576K
Event: 31346.118 GC heap after
Heap after GC invocations=8347 (full 2):
 par new generation   total 153344K, used 5398K [0x0000000089400000, 0x0000000093a60000, 0x0000000093a60000)
  eden space 136320K,   0% used [0x0000000089400000, 0x0000000089400000, 0x0000000091920000)
  from space 17024K,  31% used [0x00000000929c0000, 0x0000000092f05b50, 0x0000000093a60000)
  to   space 17024K,   0% used [0x0000000091920000, 0x0000000091920000, 0x00000000929c0000)
 concurrent mark-sweep generation total 1775232K, used 1386493K [0x0000000093a60000, 0x0000000100000000, 0x0000000100000000)
 Metaspace       used 65825K, capacity 70199K, committed 70432K, reserved 1110016K
  class space    used 8072K, capacity 9072K, committed 9136K, reserved 1048576K
}
Event: 31349.817 GC heap before
{Heap before GC invocations=8347 (full 2):
 par new generation   total 153344K, used 141718K [0x0000000089400000, 0x0000000093a60000, 0x0000000093a60000)
  eden space 136320K, 100% used [0x0000000089400000, 0x0000000091920000, 0x0000000091920000)
  from space 17024K,  31% used [0x00000000929c0000, 0x0000000092f05b50, 0x0000000093a60000)
  to   space 17024K,   0% used [0x0000000091920000, 0x0000000091920000, 0x00000000929c0000)
 concurrent mark-sweep generation total 1775232K, used 1386493K [0x0000000093a60000, 0x0000000100000000, 0x0000000100000000)
 Metaspace       used 65825K, capacity 70199K, committed 70432K, reserved 1110016K
  class space    used 8072K, capacity 9072K, committed 9136K, reserved 1048576K
Event: 31349.854 GC heap after
Heap after GC invocations=8348 (full 2):
 par new generation   total 153344K, used 3670K [0x0000000089400000, 0x0000000093a60000, 0x0000000093a60000)
  eden space 136320K,   0% used [0x0000000089400000, 0x0000000089400000, 0x0000000091920000)
  from space 17024K,  21% used [0x0000000091920000, 0x0000000091cb5838, 0x00000000929c0000)
  to   space 17024K,   0% used [0x00000000929c0000, 0x00000000929c0000, 0x0000000093a60000)
 concurrent mark-sweep generation total 1775232K, used 1389883K [0x0000000093a60000, 0x0000000100000000, 0x0000000100000000)
 Metaspace       used 65825K, capacity 70199K, committed 70432K, reserved 1110016K
  class space    used 8072K, capacity 9072K, committed 9136K, reserved 1048576K
}
Event: 31353.578 GC heap before
{Heap before GC invocations=8348 (full 2):
 par new generation   total 153344K, used 139990K [0x0000000089400000, 0x0000000093a60000, 0x0000000093a60000)
  eden space 136320K, 100% used [0x0000000089400000, 0x0000000091920000, 0x0000000091920000)
  from space 17024K,  21% used [0x0000000091920000, 0x0000000091cb5838, 0x00000000929c0000)
  to   space 17024K,   0% used [0x00000000929c0000, 0x00000000929c0000, 0x0000000093a60000)
 concurrent mark-sweep generation total 1775232K, used 1389883K [0x0000000093a60000, 0x0000000100000000, 0x0000000100000000)
 Metaspace       used 65825K, capacity 70199K, committed 70432K, reserved 1110016K
  class space    used 8072K, capacity 9072K, committed 9136K, reserved 1048576K
Event: 31353.589 GC heap after
Heap after GC invocations=8349 (full 2):
 par new generation   total 153344K, used 1659K [0x0000000089400000, 0x0000000093a60000, 0x0000000093a60000)
  eden space 136320K,   0% used [0x0000000089400000, 0x0000000089400000, 0x0000000091920000)
  from space 17024K,   9% used [0x00000000929c0000, 0x0000000092b5eee8, 0x0000000093a60000)
  to   space 17024K,   0% used [0x0000000091920000, 0x0000000091920000, 0x00000000929c0000)
 concurrent mark-sweep generation total 1775232K, used 1389948K [0x0000000093a60000, 0x0000000100000000, 0x0000000100000000)
 Metaspace       used 65825K, capacity 70199K, committed 70432K, reserved 1110016K
  class space    used 8072K, capacity 9072K, committed 9136K, reserved 1048576K
}
Event: 31357.225 GC heap before
{Heap before GC invocations=8349 (full 2):
 par new generation   total 153344K, used 137979K [0x0000000089400000, 0x0000000093a60000, 0x0000000093a60000)
  eden space 136320K, 100% used [0x0000000089400000, 0x0000000091920000, 0x0000000091920000)
  from space 17024K,   9% used [0x00000000929c0000, 0x0000000092b5eee8, 0x0000000093a60000)
  to   space 17024K,   0% used [0x0000000091920000, 0x0000000091920000, 0x00000000929c0000)
 concurrent mark-sweep generation total 1775232K, used 1389948K [0x0000000093a60000, 0x0000000100000000, 0x0000000100000000)
 Metaspace       used 65825K, capacity 70199K, committed 70432K, reserved 1110016K
  class space    used 8072K, capacity 9072K, committed 9136K, reserved 1048576K
Event: 31357.233 GC heap after
Heap after GC invocations=8350 (full 2):
 par new generation   total 153344K, used 1120K [0x0000000089400000, 0x0000000093a60000, 0x0000000093a60000)
  eden space 136320K,   0% used [0x0000000089400000, 0x0000000089400000, 0x0000000091920000)
  from space 17024K,   6% used [0x0000000091920000, 0x0000000091a38290, 0x00000000929c0000)
  to   space 17024K,   0% used [0x00000000929c0000, 0x00000000929c0000, 0x0000000093a60000)
 concurrent mark-sweep generation total 1775232K, used 1389958K [0x0000000093a60000, 0x0000000100000000, 0x0000000100000000)
 Metaspace       used 65825K, capacity 70199K, committed 70432K, reserved 1110016K
  class space    used 8072K, capacity 9072K, committed 9136K, reserved 1048576K
}
Event: 31360.924 GC heap before
{Heap before GC invocations=8350 (full 2):
 par new generation   total 153344K, used 137440K [0x0000000089400000, 0x0000000093a60000, 0x0000000093a60000)
  eden space 136320K, 100% used [0x0000000089400000, 0x0000000091920000, 0x0000000091920000)
  from space 17024K,   6% used [0x0000000091920000, 0x0000000091a38290, 0x00000000929c0000)
  to   space 17024K,   0% used [0x00000000929c0000, 0x00000000929c0000, 0x0000000093a60000)
 concurrent mark-sweep generation total 1775232K, used 1389958K [0x0000000093a60000, 0x0000000100000000, 0x0000000100000000)
 Metaspace       used 65825K, capacity 70199K, committed 70432K, reserved 1110016K
  class space    used 8072K, capacity 9072K, committed 9136K, reserved 1048576K
Event: 31360.948 GC heap after
Heap after GC invocations=8351 (full 2):
 par new generation   total 153344K, used 1050K [0x0000000089400000, 0x0000000093a60000, 0x0000000093a60000)
  eden space 136320K,   0% used [0x0000000089400000, 0x0000000089400000, 0x0000000091920000)
  from space 17024K,   6% used [0x00000000929c0000, 0x0000000092ac6908, 0x0000000093a60000)
  to   space 17024K,   0% used [0x0000000091920000, 0x0000000091920000, 0x00000000929c0000)
 concurrent mark-sweep generation total 1775232K, used 1389998K [0x0000000093a60000, 0x0000000100000000, 0x0000000100000000)
 Metaspace       used 65825K, capacity 70199K, committed 70432K, reserved 1110016K
  class space    used 8072K, capacity 9072K, committed 9136K, reserved 1048576K
}
Event: 31363.824 GC heap before
{Heap before GC invocations=8351 (full 2):
 par new generation   total 153344K, used 137370K [0x0000000089400000, 0x0000000093a60000, 0x0000000093a60000)
  eden space 136320K, 100% used [0x0000000089400000, 0x0000000091920000, 0x0000000091920000)
  from space 17024K,   6% used [0x00000000929c0000, 0x0000000092ac6908, 0x0000000093a60000)
  to   space 17024K,   0% used [0x0000000091920000, 0x0000000091920000, 0x00000000929c0000)
 concurrent mark-sweep generation total 1775232K, used 1389998K [0x0000000093a60000, 0x0000000100000000, 0x0000000100000000)
 Metaspace       used 65825K, capacity 70199K, committed 70432K, reserved 1110016K
  class space    used 8072K, capacity 9072K, committed 9136K, reserved 1048576K
Event: 31363.833 GC heap after
Heap after GC invocations=8352 (full 2):
 par new generation   total 153344K, used 1085K [0x0000000089400000, 0x0000000093a60000, 0x0000000093a60000)
  eden space 136320K,   0% used [0x0000000089400000, 0x0000000089400000, 0x0000000091920000)
  from space 17024K,   6% used [0x0000000091920000, 0x0000000091a2f680, 0x00000000929c0000)
  to   space 17024K,   0% used [0x00000000929c0000, 0x00000000929c0000, 0x0000000093a60000)
 concurrent mark-sweep generation total 1775232K, used 1390006K [0x0000000093a60000, 0x0000000100000000, 0x0000000100000000)
 Metaspace       used 65825K, capacity 70199K, committed 70432K, reserved 1110016K
  class space    used 8072K, capacity 9072K, committed 9136K, reserved 1048576K
}
Event: 31365.575 GC heap before
{Heap before GC invocations=8352 (full 2):
 par new generation   total 153344K, used 137405K [0x0000000089400000, 0x0000000093a60000, 0x0000000093a60000)
  eden space 136320K, 100% used [0x0000000089400000, 0x0000000091920000, 0x0000000091920000)
  from space 17024K,   6% used [0x0000000091920000, 0x0000000091a2f680, 0x00000000929c0000)
  to   space 17024K,   0% used [0x00000000929c0000, 0x00000000929c0000, 0x0000000093a60000)
 concurrent mark-sweep generation total 1775232K, used 1390006K [0x0000000093a60000, 0x0000000100000000, 0x0000000100000000)
 Metaspace       used 65825K, capacity 70199K, committed 70432K, reserved 1110016K
  class space    used 8072K, capacity 9072K, committed 9136K, reserved 1048576K
Event: 31365.584 GC heap after
Heap after GC invocations=8353 (full 2):
 par new generation   total 153344K, used 1318K [0x0000000089400000, 0x0000000093a60000, 0x0000000093a60000)
  eden space 136320K,   0% used [0x0000000089400000, 0x0000000089400000, 0x0000000091920000)
  from space 17024K,   7% used [0x00000000929c0000, 0x0000000092b099a0, 0x0000000093a60000)
  to   space 17024K,   0% used [0x0000000091920000, 0x0000000091920000, 0x00000000929c0000)
 concurrent mark-sweep generation total 1775232K, used 1390090K [0x0000000093a60000, 0x0000000100000000, 0x0000000100000000)
 Metaspace       used 65825K, capacity 70199K, committed 70432K, reserved 1110016K
  class space    used 8072K, capacity 9072K, committed 9136K, reserved 1048576K
}

