# JRE version: OpenJDK Runtime Environment (8.0_191-b12) (build 1.8.0_191-b12)
# Java VM: OpenJDK 64-Bit Server VM (25.191-b12 mixed mode linux-amd64 compressed oops)
Heap:
 par new generation   total 153344K, used 47083K [0x0000000089400000, 0x0000000093a60000, 0x0000000093a60000)
  eden space 136320K,  24% used [0x0000000089400000, 0x000000008b46b180, 0x0000000091920000)
  from space 17024K,  81% used [0x00000000929c0000, 0x000000009374fb50, 0x0000000093a60000)
  to   space 17024K,   0% used [0x0000000091920000, 0x0000000091920000, 0x00000000929c0000)
 concurrent mark-sweep generation total 1775232K, used 1456869K [0x0000000093a60000, 0x0000000100000000, 0x0000000100000000)
 Metaspace       used 66228K, capacity 70680K, committed 70720K, reserved 1112064K
  class space    used 8104K, capacity 9113K, committed 9124K, reserved 1048576K
GC Heap History (250 events):
Event: 23175.504 GC heap before
{Heap before GC invocations=11688 (full 2):
 par new generation   total 153344K, used 149942K [0x0000000089400000, 0x0000000093a60000, 0x0000000093a60000)
  eden space 136320K, 100% used [0x0000000089400000, 0x0000000091920000, 0x0000000091920000)
  from space 17024K,  80% used [0x0000000091920000, 0x000000009266d900, 0x00000000929c0000)
  to   space 17024K,   0% used [0x00000000929c0000, 0x00000000929c0000, 0x0000000093a60000)
 concurrent mark-sweep generation total 1775232K, used 1300614K [0x0000000093a60000, 0x0000000100000000, 0x0000000100000000)
 Metaspace       used 65932K, capacity 70286K, committed 70464K, reserved 1110016K
  class space    used 8088K, capacity 9102K, committed 9124K, reserved 1048576K
Event: 23175.521 GC heap after
Heap after GC invocations=11689 (full 2):
 par new generation   total 153344K, used 14027K [0x0000000089400000, 0x0000000093a60000, 0x0000000093a60000)
  eden space 136320K,   0% used [0x0000000089400000, 0x0000000089400000, 0x0000000091920000)
  from space 17024K,  82% used [0x00000000929c0000, 0x0000000093772f40, 0x0000000093a60000)
  to   space 17024K,   0% used [0x0000000091920000, 0x0000000091920000, 0x00000000929c0000)
 concurrent mark-sweep generation total 1775232K, used 1302190K [0x0000000093a60000, 0x0000000100000000, 0x0000000100000000)
 Metaspace       used 65932K, capacity 70286K, committed 70464K, reserved 1110016K
  class space    used 8088K, capacity 9102K, committed 9124K, reserved 1048576K
}
Event: 23177.504 GC heap before
{Heap before GC invocations=11689 (full 2):
 par new generation   total 153344K, used 150347K [0x0000000089400000, 0x0000000093a60000, 0x0000000093a60000)
  eden space 136320K, 100% used [0x0000000089400000, 0x0000000091920000, 0x0000000091920000)
  from space 17024K,  82% used [0x00000000929c0000, 0x0000000093772f40, 0x0000000093a60000)
  to   space 17024K,   0% used [0x0000000091920000, 0x0000000091920000, 0x00000000929c0000)
 concurrent mark-sweep generation total 1775232K, used 1302190K [0x0000000093a60000, 0x0000000100000000, 0x0000000100000000)
 Metaspace       used 65932K, capacity 70286K, committed 70464K, reserved 1110016K
  class space    used 8088K, capacity 9102K, committed 9124K, reserved 1048576K
Event: 23177.520 GC heap after
Heap after GC invocations=11690 (full 2):
 par new generation   total 153344K, used 14261K [0x0000000089400000, 0x0000000093a60000, 0x0000000093a60000)
  eden space 136320K,   0% used [0x0000000089400000, 0x0000000089400000, 0x0000000091920000)
  from space 17024K,  83% used [0x0000000091920000, 0x000000009270d5f0, 0x00000000929c0000)
  to   space 17024K,   0% used [0x00000000929c0000, 0x00000000929c0000, 0x0000000093a60000)
 concurrent mark-sweep generation total 1775232K, used 1303325K [0x0000000093a60000, 0x0000000100000000, 0x0000000100000000)
 Metaspace       used 65932K, capacity 70286K, committed 70464K, reserved 1110016K
  class space    used 8088K, capacity 9102K, committed 9124K, reserved 1048576K
}
Event: 23179.700 GC heap before
{Heap before GC invocations=11690 (full 2):
 par new generation   total 153344K, used 150581K [0x0000000089400000, 0x0000000093a60000, 0x0000000093a60000)
  eden space 136320K, 100% used [0x0000000089400000, 0x0000000091920000, 0x0000000091920000)
  from space 17024K,  83% used [0x0000000091920000, 0x000000009270d5f0, 0x00000000929c0000)
  to   space 17024K,   0% used [0x00000000929c0000, 0x00000000929c0000, 0x0000000093a60000)
 concurrent mark-sweep generation total 1775232K, used 1303325K [0x0000000093a60000, 0x0000000100000000, 0x0000000100000000)
 Metaspace       used 65935K, capacity 70286K, committed 70464K, reserved 1110016K
  class space    used 8088K, capacity 9102K, committed 9124K, reserved 1048576K
Event: 23179.718 GC heap after
Heap after GC invocations=11691 (full 2):
 par new generation   total 153344K, used 9080K [0x0000000089400000, 0x0000000093a60000, 0x0000000093a60000)
  eden space 136320K,   0% used [0x0000000089400000, 0x0000000089400000, 0x0000000091920000)
  from space 17024K,  53% used [0x00000000929c0000, 0x000000009329e190, 0x0000000093a60000)
  to   space 17024K,   0% used [0x0000000091920000, 0x0000000091920000, 0x00000000929c0000)
 concurrent mark-sweep generation total 1775232K, used 1307419K [0x0000000093a60000, 0x0000000100000000, 0x0000000100000000)
 Metaspace       used 65935K, capacity 70286K, committed 70464K, reserved 1110016K
  class space    used 8088K, capacity 9102K, committed 9124K, reserved 1048576K
}
Event: 23181.604 GC heap before
{Heap before GC invocations=11691 (full 2):
 par new generation   total 153344K, used 145400K [0x0000000089400000, 0x0000000093a60000, 0x0000000093a60000)
  eden space 136320K, 100% used [0x0000000089400000, 0x0000000091920000, 0x0000000091920000)
  from space 17024K,  53% used [0x00000000929c0000, 0x000000009329e190, 0x0000000093a60000)
  to   space 17024K,   0% used [0x0000000091920000, 0x0000000091920000, 0x00000000929c0000)
 concurrent mark-sweep generation total 1775232K, used 1307419K [0x0000000093a60000, 0x0000000100000000, 0x0000000100000000)
 Metaspace       used 65938K, capacity 70286K, committed 70464K, reserved 1110016K
  class space    used 8088K, capacity 9102K, committed 9124K, reserved 1048576K
Event: 23181.617 GC heap after
Heap after GC invocations=11692 (full 2):
 par new generation   total 153344K, used 6318K [0x0000000089400000, 0x0000000093a60000, 0x0000000093a60000)
  eden space 136320K,   0% used [0x0000000089400000, 0x0000000089400000, 0x0000000091920000)
  from space 17024K,  37% used [0x0000000091920000, 0x0000000091f4ba78, 0x00000000929c0000)
  to   space 17024K,   0% used [0x00000000929c0000, 0x00000000929c0000, 0x0000000093a60000)
 concurrent mark-sweep generation total 1775232K, used 1307419K [0x0000000093a60000, 0x0000000100000000, 0x0000000100000000)
 Metaspace       used 65938K, capacity 70286K, committed 70464K, reserved 1110016K
  class space    used 8088K, capacity 9102K, committed 9124K, reserved 1048576K
}
Event: 23183.165 GC heap before
{Heap before GC invocations=11692 (full 2):
 par new generation   total 153344K, used 142638K [0x0000000089400000, 0x0000000093a60000, 0x0000000093a60000)
  eden space 136320K, 100% used [0x0000000089400000, 0x0000000091920000, 0x0000000091920000)
  from space 17024K,  37% used [0x0000000091920000, 0x0000000091f4ba78, 0x00000000929c0000)
  to   space 17024K,   0% used [0x00000000929c0000, 0x00000000929c0000, 0x0000000093a60000)
 concurrent mark-sweep generation total 1775232K, used 1307419K [0x0000000093a60000, 0x0000000100000000, 0x0000000100000000)
 Metaspace       used 65964K, capacity 70290K, committed 70464K, reserved 1110016K
  class space    used 8091K, capacity 9102K, committed 9124K, reserved 1048576K
Event: 23183.185 GC heap after
Heap after GC invocations=11693 (full 2):
 par new generation   total 153344K, used 15502K [0x0000000089400000, 0x0000000093a60000, 0x0000000093a60000)
  eden space 136320K,   0% used [0x0000000089400000, 0x0000000089400000, 0x0000000091920000)
  from space 17024K,  91% used [0x00000000929c0000, 0x00000000938e3b60, 0x0000000093a60000)
  to   space 17024K,   0% used [0x0000000091920000, 0x0000000091920000, 0x00000000929c0000)
 concurrent mark-sweep generation total 1775232K, used 1308128K [0x0000000093a60000, 0x0000000100000000, 0x0000000100000000)
 Metaspace       used 65964K, capacity 70290K, committed 70464K, reserved 1110016K
  class space    used 8091K, capacity 9102K, committed 9124K, reserved 1048576K
}
Event: 23185.267 GC heap before
{Heap before GC invocations=11693 (full 2):
 par new generation   total 153344K, used 151822K [0x0000000089400000, 0x0000000093a60000, 0x0000000093a60000)
  eden space 136320K, 100% used [0x0000000089400000, 0x0000000091920000, 0x0000000091920000)
  from space 17024K,  91% used [0x00000000929c0000, 0x00000000938e3b60, 0x0000000093a60000)
  to   space 17024K,   0% used [0x0000000091920000, 0x0000000091920000, 0x00000000929c0000)
 concurrent mark-sweep generation total 1775232K, used 1308128K [0x0000000093a60000, 0x0000000100000000, 0x0000000100000000)
 Metaspace       used 65965K, capacity 70290K, committed 70464K, reserved 1110016K
  class space    used 8091K, capacity 9102K, committed 9124K, reserved 1048576K
Event: 23185.290 GC heap after
Heap after GC invocations=11694 (full 2):
 par new generation   total 153344K, used 15558K [0x0000000089400000, 0x0000000093a60000, 0x0000000093a60000)
  eden space 136320K,   0% used [0x0000000089400000, 0x0000000089400000, 0x0000000091920000)
  from space 17024K,  91% used [0x0000000091920000, 0x0000000092851890, 0x00000000929c0000)
  to   space 17024K,   0% used [0x00000000929c0000, 0x00000000929c0000, 0x0000000093a60000)
 concurrent mark-sweep generation total 1775232K, used 1312543K [0x0000000093a60000, 0x0000000100000000, 0x0000000100000000)
 Metaspace       used 65965K, capacity 70290K, committed 70464K, reserved 1110016K
  class space    used 8091K, capacity 9102K, committed 9124K, reserved 1048576K
}
Event: 23187.013 GC heap before
{Heap before GC invocations=11694 (full 2):
 par new generation   total 153344K, used 151878K [0x0000000089400000, 0x0000000093a60000, 0x0000000093a60000)
  eden space 136320K, 100% used [0x0000000089400000, 0x0000000091920000, 0x0000000091920000)
  from space 17024K,  91% used [0x0000000091920000, 0x0000000092851890, 0x00000000929c0000)
  to   space 17024K,   0% used [0x00000000929c0000, 0x00000000929c0000, 0x0000000093a60000)
 concurrent mark-sweep generation total 1775232K, used 1312543K [0x0000000093a60000, 0x0000000100000000, 0x0000000100000000)
 Metaspace       used 65968K, capacity 70290K, committed 70464K, reserved 1110016K
  class space    used 8091K, capacity 9102K, committed 9124K, reserved 1048576K
Event: 23187.036 GC heap after
Heap after GC invocations=11695 (full 2):
 par new generation   total 153344K, used 5896K [0x0000000089400000, 0x0000000093a60000, 0x0000000093a60000)
  eden space 136320K,   0% used [0x0000000089400000, 0x0000000089400000, 0x0000000091920000)
  from space 17024K,  34% used [0x00000000929c0000, 0x0000000092f821f0, 0x0000000093a60000)
  to   space 17024K,   0% used [0x0000000091920000, 0x0000000091920000, 0x00000000929c0000)
 concurrent mark-sweep generation total 1775232K, used 1320089K [0x0000000093a60000, 0x0000000100000000, 0x0000000100000000)
 Metaspace       used 65968K, capacity 70290K, committed 70464K, reserved 1110016K
  class space    used 8091K, capacity 9102K, committed 9124K, reserved 1048576K
}
Event: 23188.443 GC heap before
{Heap before GC invocations=11695 (full 2):
 par new generation   total 153344K, used 142216K [0x0000000089400000, 0x0000000093a60000, 0x0000000093a60000)
  eden space 136320K, 100% used [0x0000000089400000, 0x0000000091920000, 0x0000000091920000)
  from space 17024K,  34% used [0x00000000929c0000, 0x0000000092f821f0, 0x0000000093a60000)
  to   space 17024K,   0% used [0x0000000091920000, 0x0000000091920000, 0x00000000929c0000)
 concurrent mark-sweep generation total 1775232K, used 1320089K [0x0000000093a60000, 0x0000000100000000, 0x0000000100000000)
 Metaspace       used 66037K, capacity 70394K, committed 70464K, reserved 1110016K
  class space    used 8100K, capacity 9112K, committed 9124K, reserved 1048576K
Event: 23188.471 GC heap after
Heap after GC invocations=11696 (full 2):
 par new generation   total 153344K, used 13827K [0x0000000089400000, 0x0000000093a60000, 0x0000000093a60000)
  eden space 136320K,   0% used [0x0000000089400000, 0x0000000089400000, 0x0000000091920000)
  from space 17024K,  81% used [0x0000000091920000, 0x00000000926a0f30, 0x00000000929c0000)
  to   space 17024K,   0% used [0x00000000929c0000, 0x00000000929c0000, 0x0000000093a60000)
 concurrent mark-sweep generation total 1775232K, used 1320089K [0x0000000093a60000, 0x0000000100000000, 0x0000000100000000)
 Metaspace       used 66037K, capacity 70394K, committed 70464K, reserved 1110016K
  class space    used 8100K, capacity 9112K, committed 9124K, reserved 1048576K
}
Event: 23190.321 GC heap before
{Heap before GC invocations=11696 (full 2):
 par new generation   total 153344K, used 150147K [0x0000000089400000, 0x0000000093a60000, 0x0000000093a60000)
  eden space 136320K, 100% used [0x0000000089400000, 0x0000000091920000, 0x0000000091920000)
  from space 17024K,  81% used [0x0000000091920000, 0x00000000926a0f30, 0x00000000929c0000)
  to   space 17024K,   0% used [0x00000000929c0000, 0x00000000929c0000, 0x0000000093a60000)
 concurrent mark-sweep generation total 1775232K, used 1320089K [0x0000000093a60000, 0x0000000100000000, 0x0000000100000000)
 Metaspace       used 66041K, capacity 70394K, committed 70464K, reserved 1110016K
  class space    used 8100K, capacity 9112K, committed 9124K, reserved 1048576K
Event: 23190.363 GC heap after
Heap after GC invocations=11697 (full 2):
 par new generation   total 153344K, used 9869K [0x0000000089400000, 0x0000000093a60000, 0x0000000093a60000)
  eden space 136320K,   0% used [0x0000000089400000, 0x0000000089400000, 0x0000000091920000)
  from space 17024K,  57% used [0x00000000929c0000, 0x00000000933637c0, 0x0000000093a60000)
  to   space 17024K,   0% used [0x0000000091920000, 0x0000000091920000, 0x00000000929c0000)
 concurrent mark-sweep generation total 1775232K, used 1332068K [0x0000000093a60000, 0x0000000100000000, 0x0000000100000000)
 Metaspace       used 66041K, capacity 70394K, committed 70464K, reserved 1110016K
  class space    used 8100K, capacity 9112K, committed 9124K, reserved 1048576K
}
Event: 23192.165 GC heap before
{Heap before GC invocations=11697 (full 2):
 par new generation   total 153344K, used 146189K [0x0000000089400000, 0x0000000093a60000, 0x0000000093a60000)
  eden space 136320K, 100% used [0x0000000089400000, 0x0000000091920000, 0x0000000091920000)
  from space 17024K,  57% used [0x00000000929c0000, 0x00000000933637c0, 0x0000000093a60000)
  to   space 17024K,   0% used [0x0000000091920000, 0x0000000091920000, 0x00000000929c0000)
 concurrent mark-sweep generation total 1775232K, used 1332068K [0x0000000093a60000, 0x0000000100000000, 0x0000000100000000)
 Metaspace       used 66080K, capacity 70458K, committed 70720K, reserved 1112064K
  class space    used 8101K, capacity 9112K, committed 9124K, reserved 1048576K
Event: 23192.182 GC heap after
Heap after GC invocations=11698 (full 2):
 par new generation   total 153344K, used 6791K [0x0000000089400000, 0x0000000093a60000, 0x0000000093a60000)
  eden space 136320K,   0% used [0x0000000089400000, 0x0000000089400000, 0x0000000091920000)
  from space 17024K,  39% used [0x0000000091920000, 0x0000000091fc1f08, 0x00000000929c0000)
  to   space 17024K,   0% used [0x00000000929c0000, 0x00000000929c0000, 0x0000000093a60000)
 concurrent mark-sweep generation total 1775232K, used 1332068K [0x0000000093a60000, 0x0000000100000000, 0x0000000100000000)
 Metaspace       used 66080K, capacity 70458K, committed 70720K, reserved 1112064K
  class space    used 8101K, capacity 9112K, committed 9124K, reserved 1048576K
}
Event: 23193.730 GC heap before
{Heap before GC invocations=11698 (full 2):
 par new generation   total 153344K, used 143111K [0x0000000089400000, 0x0000000093a60000, 0x0000000093a60000)
  eden space 136320K, 100% used [0x0000000089400000, 0x0000000091920000, 0x0000000091920000)
  from space 17024K,  39% used [0x0000000091920000, 0x0000000091fc1f08, 0x00000000929c0000)
  to   space 17024K,   0% used [0x00000000929c0000, 0x00000000929c0000, 0x0000000093a60000)
 concurrent mark-sweep generation total 1775232K, used 1332068K [0x0000000093a60000, 0x0000000100000000, 0x0000000100000000)
 Metaspace       used 66096K, capacity 70458K, committed 70720K, reserved 1112064K
  class space    used 8101K, capacity 9112K, committed 9124K, reserved 1048576K
Event: 23193.750 GC heap after
Heap after GC invocations=11699 (full 2):
 par new generation   total 153344K, used 11195K [0x0000000089400000, 0x0000000093a60000, 0x0000000093a60000)
  eden space 136320K,   0% used [0x0000000089400000, 0x0000000089400000, 0x0000000091920000)
  from space 17024K,  65% used [0x00000000929c0000, 0x00000000934aec58, 0x0000000093a60000)
  to   space 17024K,   0% used [0x0000000091920000, 0x0000000091920000, 0x00000000929c0000)
 concurrent mark-sweep generation total 1775232K, used 1332068K [0x0000000093a60000, 0x0000000100000000, 0x0000000100000000)
 Metaspace       used 66096K, capacity 70458K, committed 70720K, reserved 1112064K
  class space    used 8101K, capacity 9112K, committed 9124K, reserved 1048576K
}
Event: 23195.730 GC heap before
{Heap before GC invocations=11699 (full 2):
 par new generation   total 153344K, used 147515K [0x0000000089400000, 0x0000000093a60000, 0x0000000093a60000)
  eden space 136320K, 100% used [0x0000000089400000, 0x0000000091920000, 0x0000000091920000)
  from space 17024K,  65% used [0x00000000929c0000, 0x00000000934aec58, 0x0000000093a60000)
  to   space 17024K,   0% used [0x0000000091920000, 0x0000000091920000, 0x00000000929c0000)
 concurrent mark-sweep generation total 1775232K, used 1332068K [0x0000000093a60000, 0x0000000100000000, 0x0000000100000000)
 Metaspace       used 66096K, capacity 70458K, committed 70720K, reserved 1112064K
  class space    used 8101K, capacity 9112K, committed 9124K, reserved 1048576K
Event: 23195.749 GC heap after
Heap after GC invocations=11700 (full 2):
 par new generation   total 153344K, used 13153K [0x0000000089400000, 0x0000000093a60000, 0x0000000093a60000)
  eden space 136320K,   0% used [0x0000000089400000, 0x0000000089400000, 0x0000000091920000)
  from space 17024K,  77% used [0x0000000091920000, 0x00000000925f8600, 0x00000000929c0000)
  to   space 17024K,   0% used [0x00000000929c0000, 0x00000000929c0000, 0x0000000093a60000)
 concurrent mark-sweep generation total 1775232K, used 1335367K [0x0000000093a60000, 0x0000000100000000, 0x0000000100000000)
 Metaspace       used 66096K, capacity 70458K, committed 70720K, reserved 1112064K
  class space    used 8101K, capacity 9112K, committed 9124K, reserved 1048576K
}
Event: 23197.599 GC heap before
{Heap before GC invocations=11700 (full 2):
 par new generation   total 153344K, used 149473K [0x0000000089400000, 0x0000000093a60000, 0x0000000093a60000)
  eden space 136320K, 100% used [0x0000000089400000, 0x0000000091920000, 0x0000000091920000)
  from space 17024K,  77% used [0x0000000091920000, 0x00000000925f8600, 0x00000000929c0000)
  to   space 17024K,   0% used [0x00000000929c0000, 0x00000000929c0000, 0x0000000093a60000)
 concurrent mark-sweep generation total 1775232K, used 1335367K [0x0000000093a60000, 0x0000000100000000, 0x0000000100000000)
 Metaspace       used 66096K, capacity 70458K, committed 70720K, reserved 1112064K
  class space    used 8101K, capacity 9112K, committed 9124K, reserved 1048576K
Event: 23197.615 GC heap after
Heap after GC invocations=11701 (full 2):
 par new generation   total 153344K, used 12770K [0x0000000089400000, 0x0000000093a60000, 0x0000000093a60000)
  eden space 136320K,   0% used [0x0000000089400000, 0x0000000089400000, 0x0000000091920000)
  from space 17024K,  75% used [0x00000000929c0000, 0x0000000093638930, 0x0000000093a60000)
  to   space 17024K,   0% used [0x0000000091920000, 0x0000000091920000, 0x00000000929c0000)
 concurrent mark-sweep generation total 1775232K, used 1335367K [0x0000000093a60000, 0x0000000100000000, 0x0000000100000000)
 Metaspace       used 66096K, capacity 70458K, committed 70720K, reserved 1112064K
  class space    used 8101K, capacity 9112K, committed 9124K, reserved 1048576K
}
Event: 23199.694 GC heap before
{Heap before GC invocations=11701 (full 2):
 par new generation   total 153344K, used 149090K [0x0000000089400000, 0x0000000093a60000, 0x0000000093a60000)
  eden space 136320K, 100% used [0x0000000089400000, 0x0000000091920000, 0x0000000091920000)
  from space 17024K,  75% used [0x00000000929c0000, 0x0000000093638930, 0x0000000093a60000)
  to   space 17024K,   0% used [0x0000000091920000, 0x0000000091920000, 0x00000000929c0000)
 concurrent mark-sweep generation total 1775232K, used 1335367K [0x0000000093a60000, 0x0000000100000000, 0x0000000100000000)
 Metaspace       used 66096K, capacity 70458K, committed 70720K, reserved 1112064K
  class space    used 8101K, capacity 9112K, committed 9124K, reserved 1048576K
Event: 23199.713 GC heap after
Heap after GC invocations=11702 (full 2):
 par new generation   total 153344K, used 14673K [0x0000000089400000, 0x0000000093a60000, 0x0000000093a60000)
  eden space 136320K,   0% used [0x0000000089400000, 0x0000000089400000, 0x0000000091920000)
  from space 17024K,  86% used [0x0000000091920000, 0x0000000092774448, 0x00000000929c0000)
  to   space 17024K,   0% used [0x00000000929c0000, 0x00000000929c0000, 0x0000000093a60000)
 concurrent mark-sweep generation total 1775232K, used 1337954K [0x0000000093a60000, 0x0000000100000000, 0x0000000100000000)
 Metaspace       used 66096K, capacity 70458K, committed 70720K, reserved 1112064K
  class space    used 8101K, capacity 9112K, committed 9124K, reserved 1048576K
}
Event: 23201.320 GC heap before
{Heap before GC invocations=11702 (full 2):
 par new generation   total 153344K, used 150993K [0x0000000089400000, 0x0000000093a60000, 0x0000000093a60000)
  eden space 136320K, 100% used [0x0000000089400000, 0x0000000091920000, 0x0000000091920000)
  from space 17024K,  86% used [0x0000000091920000, 0x0000000092774448, 0x00000000929c0000)
  to   space 17024K,   0% used [0x00000000929c0000, 0x00000000929c0000, 0x0000000093a60000)
 concurrent mark-sweep generation total 1775232K, used 1337954K [0x0000000093a60000, 0x0000000100000000, 0x0000000100000000)
 Metaspace       used 66097K, capacity 70458K, committed 70720K, reserved 1112064K
  class space    used 8101K, capacity 9112K, committed 9124K, reserved 1048576K
Event: 23201.336 GC heap after
Heap after GC invocations=11703 (full 2):
 par new generation   total 153344K, used 14076K [0x0000000089400000, 0x0000000093a60000, 0x0000000093a60000)
  eden space 136320K,   0% used [0x0000000089400000, 0x0000000089400000, 0x0000000091920000)
  from space 17024K,  82% used [0x00000000929c0000, 0x000000009377f060, 0x0000000093a60000)
  to   space 17024K,   0% used [0x0000000091920000, 0x0000000091920000, 0x00000000929c0000)
 concurrent mark-sweep generation total 1775232K, used 1337954K [0x0000000093a60000, 0x0000000100000000, 0x0000000100000000)
 Metaspace       used 66097K, capacity 70458K, committed 70720K, reserved 1112064K
  class space    used 8101K, capacity 9112K, committed 9124K, reserved 1048576K
}
Event: 23202.768 GC heap before
{Heap before GC invocations=11703 (full 2):
 par new generation   total 153344K, used 150396K [0x0000000089400000, 0x0000000093a60000, 0x0000000093a60000)
  eden space 136320K, 100% used [0x0000000089400000, 0x0000000091920000, 0x0000000091920000)
  from space 17024K,  82% used [0x00000000929c0000, 0x000000009377f060, 0x0000000093a60000)
  to   space 17024K,   0% used [0x0000000091920000, 0x0000000091920000, 0x00000000929c0000)
 concurrent mark-sweep generation total 1775232K, used 1337954K [0x0000000093a60000, 0x0000000100000000, 0x0000000100000000)
 Metaspace       used 66100K, capacity 70462K, committed 70720K, reserved 1112064K
  class space    used 8101K, capacity 9112K, committed 9124K, reserved 1048576K
Event: 23202.794 GC heap after
Heap after GC invocations=11704 (full 2):
 par new generation   total 153344K, used 17024K [0x0000000089400000, 0x0000000093a60000, 0x0000000093a60000)
  eden space 136320K,   0% used [0x0000000089400000, 0x0000000089400000, 0x0000000091920000)
  from space 17024K, 100% used [0x0000000091920000, 0x00000000929c0000, 0x00000000929c0000)
  to   space 17024K,   0% used [0x00000000929c0000, 0x00000000929c0000, 0x0000000093a60000)
 concurrent mark-sweep generation total 1775232K, used 1341565K [0x0000000093a60000, 0x0000000100000000, 0x0000000100000000)
 Metaspace       used 66100K, capacity 70462K, committed 70720K, reserved 1112064K
  class space    used 8101K, capacity 9112K, committed 9124K, reserved 1048576K
}
Event: 23204.532 GC heap before
{Heap before GC invocations=11704 (full 2):
 par new generation   total 153344K, used 153344K [0x0000000089400000, 0x0000000093a60000, 0x0000000093a60000)
  eden space 136320K, 100% used [0x0000000089400000, 0x0000000091920000, 0x0000000091920000)
  from space 17024K, 100% used [0x0000000091920000, 0x00000000929c0000, 0x00000000929c0000)
  to   space 17024K,   0% used [0x00000000929c0000, 0x00000000929c0000, 0x0000000093a60000)
 concurrent mark-sweep generation total 1775232K, used 1341565K [0x0000000093a60000, 0x0000000100000000, 0x0000000100000000)
 Metaspace       used 66105K, capacity 70470K, committed 70720K, reserved 1112064K
  class space    used 8102K, capacity 9112K, committed 9124K, reserved 1048576K
Event: 23204.558 GC heap after
Heap after GC invocations=11705 (full 2):
 par new generation   total 153344K, used 12743K [0x0000000089400000, 0x0000000093a60000, 0x0000000093a60000)
  eden space 136320K,   0% used [0x0000000089400000, 0x0000000089400000, 0x0000000091920000)
  from space 17024K,  74% used [0x00000000929c0000, 0x0000000093631ee8, 0x0000000093a60000)
  to   space 17024K,   0% used [0x0000000091920000, 0x0000000091920000, 0x00000000929c0000)
 concurrent mark-sweep generation total 1775232K, used 1348505K [0x0000000093a60000, 0x0000000100000000, 0x0000000100000000)
 Metaspace       used 66105K, capacity 70470K, committed 70720K, reserved 1112064K
  class space    used 8102K, capacity 9112K, committed 9124K, reserved 1048576K
}
Event: 23206.386 GC heap before
{Heap before GC invocations=11705 (full 2):
 par new generation   total 153344K, used 149063K [0x0000000089400000, 0x0000000093a60000, 0x0000000093a60000)
  eden space 136320K, 100% used [0x0000000089400000, 0x0000000091920000, 0x0000000091920000)
  from space 17024K,  74% used [0x00000000929c0000, 0x0000000093631ee8, 0x0000000093a60000)
  to   space 17024K,   0% used [0x0000000091920000, 0x0000000091920000, 0x00000000929c0000)
 concurrent mark-sweep generation total 1775232K, used 1348505K [0x0000000093a60000, 0x0000000100000000, 0x0000000100000000)
 Metaspace       used 66105K, capacity 70470K, committed 70720K, reserved 1112064K
  class space    used 8102K, capacity 9112K, committed 9124K, reserved 1048576K
Event: 23206.409 GC heap after
Heap after GC invocations=11706 (full 2):
 par new generation   total 153344K, used 10111K [0x0000000089400000, 0x0000000093a60000, 0x0000000093a60000)
  eden space 136320K,   0% used [0x0000000089400000, 0x0000000089400000, 0x0000000091920000)
  from space 17024K,  59% used [0x0000000091920000, 0x00000000922ffcc0, 0x00000000929c0000)
  to   space 17024K,   0% used [0x00000000929c0000, 0x00000000929c0000, 0x0000000093a60000)
 concurrent mark-sweep generation total 1775232K, used 1355200K [0x0000000093a60000, 0x0000000100000000, 0x0000000100000000)
 Metaspace       used 66105K, capacity 70470K, committed 70720K, reserved 1112064K
  class space    used 8102K, capacity 9112K, committed 9124K, reserved 1048576K
}
Event: 23208.295 GC heap before
{Heap before GC invocations=11706 (full 2):
 par new generation   total 153344K, used 146431K [0x0000000089400000, 0x0000000093a60000, 0x0000000093a60000)
  eden space 136320K, 100% used [0x0000000089400000, 0x0000000091920000, 0x0000000091920000)
  from space 17024K,  59% used [0x0000000091920000, 0x00000000922ffcc0, 0x00000000929c0000)
  to   space 17024K,   0% used [0x00000000929c0000, 0x00000000929c0000, 0x0000000093a60000)
 concurrent mark-sweep generation total 1775232K, used 1355200K [0x0000000093a60000, 0x0000000100000000, 0x0000000100000000)
 Metaspace       used 66109K, capacity 70470K, committed 70720K, reserved 1112064K
  class space    used 8102K, capacity 9112K, committed 9124K, reserved 1048576K
Event: 23208.308 GC heap after
Heap after GC invocations=11707 (full 2):
 par new generation   total 153344K, used 8391K [0x0000000089400000, 0x0000000093a60000, 0x0000000093a60000)
  eden space 136320K,   0% used [0x0000000089400000, 0x0000000089400000, 0x0000000091920000)
  from space 17024K,  49% used [0x00000000929c0000, 0x00000000931f1dd0, 0x0000000093a60000)
  to   space 17024K,   0% used [0x0000000091920000, 0x0000000091920000, 0x00000000929c0000)
 concurrent mark-sweep generation total 1775232K, used 1355200K [0x0000000093a60000, 0x0000000100000000, 0x0000000100000000)
 Metaspace       used 66109K, capacity 70470K, committed 70720K, reserved 1112064K
  class space    used 8102K, capacity 9112K, committed 9124K, reserved 1048576K
}
Event: 23210.293 GC heap before
{Heap before GC invocations=11707 (full 2):
 par new generation   total 153344K, used 144711K [0x0000000089400000, 0x0000000093a60000, 0x0000000093a60000)
  eden space 136320K, 100% used [0x0000000089400000, 0x0000000091920000, 0x0000000091920000)
  from space 17024K,  49% used [0x00000000929c0000, 0x00000000931f1dd0, 0x0000000093a60000)
  to   space 17024K,   0% used [0x0000000091920000, 0x0000000091920000, 0x00000000929c0000)
 concurrent mark-sweep generation total 1775232K, used 1355200K [0x0000000093a60000, 0x0000000100000000, 0x0000000100000000)
 Metaspace       used 66114K, capacity 70470K, committed 70720K, reserved 1112064K
  class space    used 8102K, capacity 9112K, committed 9124K, reserved 1048576K
Event: 23210.307 GC heap after
Heap after GC invocations=11708 (full 2):
 par new generation   total 153344K, used 8844K [0x0000000089400000, 0x0000000093a60000, 0x0000000093a60000)
  eden space 136320K,   0% used [0x0000000089400000, 0x0000000089400000, 0x0000000091920000)
  from space 17024K,  51% used [0x0000000091920000, 0x00000000921c3030, 0x00000000929c0000)
  to   space 17024K,   0% used [0x00000000929c0000, 0x00000000929c0000, 0x0000000093a60000)
 concurrent mark-sweep generation total 1775232K, used 1355200K [0x0000000093a60000, 0x0000000100000000, 0x0000000100000000)
 Metaspace       used 66114K, capacity 70470K, committed 70720K, reserved 1112064K
  class space    used 8102K, capacity 9112K, committed 9124K, reserved 1048576K
}
Event: 23212.099 GC heap before
{Heap before GC invocations=11708 (full 2):
 par new generation   total 153344K, used 145164K [0x0000000089400000, 0x0000000093a60000, 0x0000000093a60000)
  eden space 136320K, 100% used [0x0000000089400000, 0x0000000091920000, 0x0000000091920000)
  from space 17024K,  51% used [0x0000000091920000, 0x00000000921c3030, 0x00000000929c0000)
  to   space 17024K,   0% used [0x00000000929c0000, 0x00000000929c0000, 0x0000000093a60000)
 concurrent mark-sweep generation total 1775232K, used 1355200K [0x0000000093a60000, 0x0000000100000000, 0x0000000100000000)
 Metaspace       used 66118K, capacity 70470K, committed 70720K, reserved 1112064K
  class space    used 8102K, capacity 9112K, committed 9124K, reserved 1048576K
Event: 23212.119 GC heap after
Heap after GC invocations=11709 (full 2):
 par new generation   total 153344K, used 14162K [0x0000000089400000, 0x0000000093a60000, 0x0000000093a60000)
  eden space 136320K,   0% used [0x0000000089400000, 0x0000000089400000, 0x0000000091920000)
  from space 17024K,  83% used [0x00000000929c0000, 0x0000000093794a80, 0x0000000093a60000)
  to   space 17024K,   0% used [0x0000000091920000, 0x0000000091920000, 0x00000000929c0000)
 concurrent mark-sweep generation total 1775232K, used 1355200K [0x0000000093a60000, 0x0000000100000000, 0x0000000100000000)
 Metaspace       used 66118K, capacity 70470K, committed 70720K, reserved 1112064K
  class space    used 8102K, capacity 9112K, committed 9124K, reserved 1048576K
}
Event: 23214.211 GC heap before
{Heap before GC invocations=11709 (full 2):
 par new generation   total 153344K, used 150482K [0x0000000089400000, 0x0000000093a60000, 0x0000000093a60000)
  eden space 136320K, 100% used [0x0000000089400000, 0x0000000091920000, 0x0000000091920000)
  from space 17024K,  83% used [0x00000000929c0000, 0x0000000093794a80, 0x0000000093a60000)
  to   space 17024K,   0% used [0x0000000091920000, 0x0000000091920000, 0x00000000929c0000)
 concurrent mark-sweep generation total 1775232K, used 1355200K [0x0000000093a60000, 0x0000000100000000, 0x0000000100000000)
 Metaspace       used 66119K, capacity 70470K, committed 70720K, reserved 1112064K
  class space    used 8102K, capacity 9112K, committed 9124K, reserved 1048576K
Event: 23214.231 GC heap after
Heap after GC invocations=11710 (full 2):
 par new generation   total 153344K, used 13240K [0x0000000089400000, 0x0000000093a60000, 0x0000000093a60000)
  eden space 136320K,   0% used [0x0000000089400000, 0x0000000089400000, 0x0000000091920000)
  from space 17024K,  77% used [0x0000000091920000, 0x000000009260e2a0, 0x00000000929c0000)
  to   space 17024K,   0% used [0x00000000929c0000, 0x00000000929c0000, 0x0000000093a60000)
 concurrent mark-sweep generation total 1775232K, used 1357548K [0x0000000093a60000, 0x0000000100000000, 0x0000000100000000)
 Metaspace       used 66119K, capacity 70470K, committed 70720K, reserved 1112064K
  class space    used 8102K, capacity 9112K, committed 9124K, reserved 1048576K
}
Event: 23215.796 GC heap before
{Heap before GC invocations=11710 (full 2):
 par new generation   total 153344K, used 149560K [0x0000000089400000, 0x0000000093a60000, 0x0000000093a60000)
  eden space 136320K, 100% used [0x0000000089400000, 0x0000000091920000, 0x0000000091920000)
  from space 17024K,  77% used [0x0000000091920000, 0x000000009260e2a0, 0x00000000929c0000)
  to   space 17024K,   0% used [0x00000000929c0000, 0x00000000929c0000, 0x0000000093a60000)
 concurrent mark-sweep generation total 1775232K, used 1357548K [0x0000000093a60000, 0x0000000100000000, 0x0000000100000000)
 Metaspace       used 66122K, capacity 70470K, committed 70720K, reserved 1112064K
  class space    used 8102K, capacity 9112K, committed 9124K, reserved 1048576K
Event: 23215.812 GC heap after
Heap after GC invocations=11711 (full 2):
 par new generation   total 153344K, used 12864K [0x0000000089400000, 0x0000000093a60000, 0x0000000093a60000)
  eden space 136320K,   0% used [0x0000000089400000, 0x0000000089400000, 0x0000000091920000)
  from space 17024K,  75% used [0x00000000929c0000, 0x00000000936501a8, 0x0000000093a60000)
  to   space 17024K,   0% used [0x0000000091920000, 0x0000000091920000, 0x00000000929c0000)
 concurrent mark-sweep generation total 1775232K, used 1357548K [0x0000000093a60000, 0x0000000100000000, 0x0000000100000000)
 Metaspace       used 66122K, capacity 70470K, committed 70720K, reserved 1112064K
  class space    used 8102K, capacity 9112K, committed 9124K, reserved 1048576K
}
Event: 23217.767 GC heap before
{Heap before GC invocations=11711 (full 2):
 par new generation   total 153344K, used 149184K [0x0000000089400000, 0x0000000093a60000, 0x0000000093a60000)
  eden space 136320K, 100% used [0x0000000089400000, 0x0000000091920000, 0x0000000091920000)
  from space 17024K,  75% used [0x00000000929c0000, 0x00000000936501a8, 0x0000000093a60000)
  to   space 17024K,   0% used [0x0000000091920000, 0x0000000091920000, 0x00000000929c0000)
 concurrent mark-sweep generation total 1775232K, used 1357548K [0x0000000093a60000, 0x0000000100000000, 0x0000000100000000)
 Metaspace       used 66122K, capacity 70470K, committed 70720K, reserved 1112064K
  class space    used 8102K, capacity 9112K, committed 9124K, reserved 1048576K
Event: 23217.785 GC heap after
Heap after GC invocations=11712 (full 2):
 par new generation   total 153344K, used 13266K [0x0000000089400000, 0x0000000093a60000, 0x0000000093a60000)
  eden space 136320K,   0% used [0x0000000089400000, 0x0000000089400000, 0x0000000091920000)
  from space 17024K,  77% used [0x0000000091920000, 0x0000000092614890, 0x00000000929c0000)
  to   space 17024K,   0% used [0x00000000929c0000, 0x00000000929c0000, 0x0000000093a60000)
 concurrent mark-sweep generation total 1775232K, used 1359303K [0x0000000093a60000, 0x0000000100000000, 0x0000000100000000)
 Metaspace       used 66122K, capacity 70470K, committed 70720K, reserved 1112064K
  class space    used 8102K, capacity 9112K, committed 9124K, reserved 1048576K
}
Event: 23219.218 GC heap before
{Heap before GC invocations=11712 (full 2):
 par new generation   total 153344K, used 149586K [0x0000000089400000, 0x0000000093a60000, 0x0000000093a60000)
  eden space 136320K, 100% used [0x0000000089400000, 0x0000000091920000, 0x0000000091920000)
  from space 17024K,  77% used [0x0000000091920000, 0x0000000092614890, 0x00000000929c0000)
  to   space 17024K,   0% used [0x00000000929c0000, 0x00000000929c0000, 0x0000000093a60000)
 concurrent mark-sweep generation total 1775232K, used 1359303K [0x0000000093a60000, 0x0000000100000000, 0x0000000100000000)
 Metaspace       used 66139K, capacity 70470K, committed 70720K, reserved 1112064K
  class space    used 8102K, capacity 9112K, committed 9124K, reserved 1048576K
Event: 23219.246 GC heap after
Heap after GC invocations=11713 (full 2):
 par new generation   total 153344K, used 17024K [0x0000000089400000, 0x0000000093a60000, 0x0000000093a60000)
  eden space 136320K,   0% used [0x0000000089400000, 0x0000000089400000, 0x0000000091920000)
  from space 17024K, 100% used [0x00000000929c0000, 0x0000000093a60000, 0x0000000093a60000)
  to   space 17024K,   0% used [0x0000000091920000, 0x0000000091920000, 0x00000000929c0000)
 concurrent mark-sweep generation total 1775232K, used 1361352K [0x0000000093a60000, 0x0000000100000000, 0x0000000100000000)
 Metaspace       used 66139K, capacity 70470K, committed 70720K, reserved 1112064K
  class space    used 8102K, capacity 9112K, committed 9124K, reserved 1048576K
}
Event: 23221.155 GC heap before
{Heap before GC invocations=11713 (full 2):
 par new generation   total 153344K, used 153344K [0x0000000089400000, 0x0000000093a60000, 0x0000000093a60000)
  eden space 136320K, 100% used [0x0000000089400000, 0x0000000091920000, 0x0000000091920000)
  from space 17024K, 100% used [0x00000000929c0000, 0x0000000093a60000, 0x0000000093a60000)
  to   space 17024K,   0% used [0x0000000091920000, 0x0000000091920000, 0x00000000929c0000)
 concurrent mark-sweep generation total 1775232K, used 1361352K [0x0000000093a60000, 0x0000000100000000, 0x0000000100000000)
 Metaspace       used 66139K, capacity 70470K, committed 70720K, reserved 1112064K
  class space    used 8102K, capacity 9112K, committed 9124K, reserved 1048576K
Event: 23221.172 GC heap after
Heap after GC invocations=11714 (full 2):
 par new generation   total 153344K, used 9986K [0x0000000089400000, 0x0000000093a60000, 0x0000000093a60000)
  eden space 136320K,   0% used [0x0000000089400000, 0x0000000089400000, 0x0000000091920000)
  from space 17024K,  58% used [0x0000000091920000, 0x00000000922e0b30, 0x00000000929c0000)
  to   space 17024K,   0% used [0x00000000929c0000, 0x00000000929c0000, 0x0000000093a60000)
 concurrent mark-sweep generation total 1775232K, used 1363109K [0x0000000093a60000, 0x0000000100000000, 0x0000000100000000)
 Metaspace       used 66139K, capacity 70470K, committed 70720K, reserved 1112064K
  class space    used 8102K, capacity 9112K, committed 9124K, reserved 1048576K
}
Event: 23222.836 GC heap before
{Heap before GC invocations=11714 (full 2):
 par new generation   total 153344K, used 146306K [0x0000000089400000, 0x0000000093a60000, 0x0000000093a60000)
  eden space 136320K, 100% used [0x0000000089400000, 0x0000000091920000, 0x0000000091920000)
  from space 17024K,  58% used [0x0000000091920000, 0x00000000922e0b30, 0x00000000929c0000)
  to   space 17024K,   0% used [0x00000000929c0000, 0x00000000929c0000, 0x0000000093a60000)
 concurrent mark-sweep generation total 1775232K, used 1363109K [0x0000000093a60000, 0x0000000100000000, 0x0000000100000000)
 Metaspace       used 66154K, capacity 70534K, committed 70720K, reserved 1112064K
  class space    used 8102K, capacity 9112K, committed 9124K, reserved 1048576K
Event: 23222.852 GC heap after
Heap after GC invocations=11715 (full 2):
 par new generation   total 153344K, used 13495K [0x0000000089400000, 0x0000000093a60000, 0x0000000093a60000)
  eden space 136320K,   0% used [0x0000000089400000, 0x0000000089400000, 0x0000000091920000)
  from space 17024K,  79% used [0x00000000929c0000, 0x00000000936edc70, 0x0000000093a60000)
  to   space 17024K,   0% used [0x0000000091920000, 0x0000000091920000, 0x00000000929c0000)
 concurrent mark-sweep generation total 1775232K, used 1363695K [0x0000000093a60000, 0x0000000100000000, 0x0000000100000000)
 Metaspace       used 66154K, capacity 70534K, committed 70720K, reserved 1112064K
  class space    used 8102K, capacity 9112K, committed 9124K, reserved 1048576K
}
Event: 23224.601 GC heap before
{Heap before GC invocations=11715 (full 2):
 par new generation   total 153344K, used 149815K [0x0000000089400000, 0x0000000093a60000, 0x0000000093a60000)
  eden space 136320K, 100% used [0x0000000089400000, 0x0000000091920000, 0x0000000091920000)
  from space 17024K,  79% used [0x00000000929c0000, 0x00000000936edc70, 0x0000000093a60000)
  to   space 17024K,   0% used [0x0000000091920000, 0x0000000091920000, 0x00000000929c0000)
 concurrent mark-sweep generation total 1775232K, used 1363695K [0x0000000093a60000, 0x0000000100000000, 0x0000000100000000)
 Metaspace       used 66154K, capacity 70534K, committed 70720K, reserved 1112064K
  class space    used 8102K, capacity 9112K, committed 9124K, reserved 1048576K
Event: 23224.620 GC heap after
Heap after GC invocations=11716 (full 2):
 par new generation   total 153344K, used 14181K [0x0000000089400000, 0x0000000093a60000, 0x0000000093a60000)
  eden space 136320K,   0% used [0x0000000089400000, 0x0000000089400000, 0x0000000091920000)
  from space 17024K,  83% used [0x0000000091920000, 0x00000000926f95e8, 0x00000000929c0000)
  to   space 17024K,   0% used [0x00000000929c0000, 0x00000000929c0000, 0x0000000093a60000)
 concurrent mark-sweep generation total 1775232K, used 1365956K [0x0000000093a60000, 0x0000000100000000, 0x0000000100000000)
 Metaspace       used 66154K, capacity 70534K, committed 70720K, reserved 1112064K
  class space    used 8102K, capacity 9112K, committed 9124K, reserved 1048576K
}
Event: 23226.367 GC heap before
{Heap before GC invocations=11716 (full 2):
 par new generation   total 153344K, used 150501K [0x0000000089400000, 0x0000000093a60000, 0x0000000093a60000)
  eden space 136320K, 100% used [0x0000000089400000, 0x0000000091920000, 0x0000000091920000)
  from space 17024K,  83% used [0x0000000091920000, 0x00000000926f95e8, 0x00000000929c0000)
  to   space 17024K,   0% used [0x00000000929c0000, 0x00000000929c0000, 0x0000000093a60000)
 concurrent mark-sweep generation total 1775232K, used 1365956K [0x0000000093a60000, 0x0000000100000000, 0x0000000100000000)
 Metaspace       used 66165K, capacity 70602K, committed 70720K, reserved 1112064K
  class space    used 8102K, capacity 9112K, committed 9124K, reserved 1048576K
Event: 23226.384 GC heap after
Heap after GC invocations=11717 (full 2):
 par new generation   total 153344K, used 13173K [0x0000000089400000, 0x0000000093a60000, 0x0000000093a60000)
  eden space 136320K,   0% used [0x0000000089400000, 0x0000000089400000, 0x0000000091920000)
  from space 17024K,  77% used [0x00000000929c0000, 0x000000009369d638, 0x0000000093a60000)
  to   space 17024K,   0% used [0x0000000091920000, 0x0000000091920000, 0x00000000929c0000)
 concurrent mark-sweep generation total 1775232K, used 1366902K [0x0000000093a60000, 0x0000000100000000, 0x0000000100000000)
 Metaspace       used 66165K, capacity 70602K, committed 70720K, reserved 1112064K
  class space    used 8102K, capacity 9112K, committed 9124K, reserved 1048576K
}
Event: 23228.186 GC heap before
{Heap before GC invocations=11717 (full 2):
 par new generation   total 153344K, used 149493K [0x0000000089400000, 0x0000000093a60000, 0x0000000093a60000)
  eden space 136320K, 100% used [0x0000000089400000, 0x0000000091920000, 0x0000000091920000)
  from space 17024K,  77% used [0x00000000929c0000, 0x000000009369d638, 0x0000000093a60000)
  to   space 17024K,   0% used [0x0000000091920000, 0x0000000091920000, 0x00000000929c0000)
 concurrent mark-sweep generation total 1775232K, used 1366902K [0x0000000093a60000, 0x0000000100000000, 0x0000000100000000)
 Metaspace       used 66166K, capacity 70606K, committed 70720K, reserved 1112064K
  class space    used 8102K, capacity 9112K, committed 9124K, reserved 1048576K
Event: 23228.204 GC heap after
Heap after GC invocations=11718 (full 2):
 par new generation   total 153344K, used 9077K [0x0000000089400000, 0x0000000093a60000, 0x0000000093a60000)
  eden space 136320K,   0% used [0x0000000089400000, 0x0000000089400000, 0x0000000091920000)
  from space 17024K,  53% used [0x0000000091920000, 0x00000000921fd5d0, 0x00000000929c0000)
  to   space 17024K,   0% used [0x00000000929c0000, 0x00000000929c0000, 0x0000000093a60000)
 concurrent mark-sweep generation total 1775232K, used 1370012K [0x0000000093a60000, 0x0000000100000000, 0x0000000100000000)
 Metaspace       used 66166K, capacity 70606K, committed 70720K, reserved 1112064K
  class space    used 8102K, capacity 9112K, committed 9124K, reserved 1048576K
}
Event: 23229.722 GC heap before
{Heap before GC invocations=11718 (full 2):
 par new generation   total 153344K, used 145397K [0x0000000089400000, 0x0000000093a60000, 0x0000000093a60000)
  eden space 136320K, 100% used [0x0000000089400000, 0x0000000091920000, 0x0000000091920000)
  from space 17024K,  53% used [0x0000000091920000, 0x00000000921fd5d0, 0x00000000929c0000)
  to   space 17024K,   0% used [0x00000000929c0000, 0x00000000929c0000, 0x0000000093a60000)
 concurrent mark-sweep generation total 1775232K, used 1370012K [0x0000000093a60000, 0x0000000100000000, 0x0000000100000000)
 Metaspace       used 66173K, capacity 70606K, committed 70720K, reserved 1112064K
  class space    used 8102K, capacity 9112K, committed 9124K, reserved 1048576K
Event: 23229.739 GC heap after
Heap after GC invocations=11719 (full 2):
 par new generation   total 153344K, used 14742K [0x0000000089400000, 0x0000000093a60000, 0x0000000093a60000)
  eden space 136320K,   0% used [0x0000000089400000, 0x0000000089400000, 0x0000000091920000)
  from space 17024K,  86% used [0x00000000929c0000, 0x0000000093825a80, 0x0000000093a60000)
  to   space 17024K,   0% used [0x0000000091920000, 0x0000000091920000, 0x00000000929c0000)
 concurrent mark-sweep generation total 1775232K, used 1370012K [0x0000000093a60000, 0x0000000100000000, 0x0000000100000000)
 Metaspace       used 66173K, capacity 70606K, committed 70720K, reserved 1112064K
  class space    used 8102K, capacity 9112K, committed 9124K, reserved 1048576K
}
Event: 23231.572 GC heap before
{Heap before GC invocations=11719 (full 2):
 par new generation   total 153344K, used 151062K [0x0000000089400000, 0x0000000093a60000, 0x0000000093a60000)
  eden space 136320K, 100% used [0x0000000089400000, 0x0000000091920000, 0x0000000091920000)
  from space 17024K,  86% used [0x00000000929c0000, 0x0000000093825a80, 0x0000000093a60000)
  to   space 17024K,   0% used [0x0000000091920000, 0x0000000091920000, 0x00000000929c0000)
 concurrent mark-sweep generation total 1775232K, used 1370012K [0x0000000093a60000, 0x0000000100000000, 0x0000000100000000)
 Metaspace       used 66174K, capacity 70606K, committed 70720K, reserved 1112064K
  class space    used 8102K, capacity 9112K, committed 9124K, reserved 1048576K
Event: 23231.590 GC heap after
Heap after GC invocations=11720 (full 2):
 par new generation   total 153344K, used 9690K [0x0000000089400000, 0x0000000093a60000, 0x0000000093a60000)
  eden space 136320K,   0% used [0x0000000089400000, 0x0000000089400000, 0x0000000091920000)
  from space 17024K,  56% used [0x0000000091920000, 0x0000000092296b08, 0x00000000929c0000)
  to   space 17024K,   0% used [0x00000000929c0000, 0x00000000929c0000, 0x0000000093a60000)
 concurrent mark-sweep generation total 1775232K, used 1372020K [0x0000000093a60000, 0x0000000100000000, 0x0000000100000000)
 Metaspace       used 66174K, capacity 70606K, committed 70720K, reserved 1112064K
  class space    used 8102K, capacity 9112K, committed 9124K, reserved 1048576K
}
Event: 23233.677 GC heap before
{Heap before GC invocations=11720 (full 2):
 par new generation   total 153344K, used 146010K [0x0000000089400000, 0x0000000093a60000, 0x0000000093a60000)
  eden space 136320K, 100% used [0x0000000089400000, 0x0000000091920000, 0x0000000091920000)
  from space 17024K,  56% used [0x0000000091920000, 0x0000000092296b08, 0x00000000929c0000)
  to   space 17024K,   0% used [0x00000000929c0000, 0x00000000929c0000, 0x0000000093a60000)
 concurrent mark-sweep generation total 1775232K, used 1372020K [0x0000000093a60000, 0x0000000100000000, 0x0000000100000000)
 Metaspace       used 66174K, capacity 70606K, committed 70720K, reserved 1112064K
  class space    used 8102K, capacity 9112K, committed 9124K, reserved 1048576K
Event: 23233.691 GC heap after
Heap after GC invocations=11721 (full 2):
 par new generation   total 153344K, used 8493K [0x0000000089400000, 0x0000000093a60000, 0x0000000093a60000)
  eden space 136320K,   0% used [0x0000000089400000, 0x0000000089400000, 0x0000000091920000)
  from space 17024K,  49% used [0x00000000929c0000, 0x000000009320b490, 0x0000000093a60000)
  to   space 17024K,   0% used [0x0000000091920000, 0x0000000091920000, 0x00000000929c0000)
 concurrent mark-sweep generation total 1775232K, used 1372020K [0x0000000093a60000, 0x0000000100000000, 0x0000000100000000)
 Metaspace       used 66174K, capacity 70606K, committed 70720K, reserved 1112064K
  class space    used 8102K, capacity 9112K, committed 9124K, reserved 1048576K
}
Event: 23235.526 GC heap before
{Heap before GC invocations=11721 (full 2):
 par new generation   total 153344K, used 144813K [0x0000000089400000, 0x0000000093a60000, 0x0000000093a60000)
  eden space 136320K, 100% used [0x0000000089400000, 0x0000000091920000, 0x0000000091920000)
  from space 17024K,  49% used [0x00000000929c0000, 0x000000009320b490, 0x0000000093a60000)
  to   space 17024K,   0% used [0x0000000091920000, 0x0000000091920000, 0x00000000929c0000)
 concurrent mark-sweep generation total 1775232K, used 1372020K [0x0000000093a60000, 0x0000000100000000, 0x0000000100000000)
 Metaspace       used 66175K, capacity 70610K, committed 70720K, reserved 1112064K
  class space    used 8102K, capacity 9112K, committed 9124K, reserved 1048576K
Event: 23235.542 GC heap after
Heap after GC invocations=11722 (full 2):
 par new generation   total 153344K, used 12361K [0x0000000089400000, 0x0000000093a60000, 0x0000000093a60000)
  eden space 136320K,   0% used [0x0000000089400000, 0x0000000089400000, 0x0000000091920000)
  from space 17024K,  72% used [0x0000000091920000, 0x00000000925327c8, 0x00000000929c0000)
  to   space 17024K,   0% used [0x00000000929c0000, 0x00000000929c0000, 0x0000000093a60000)
 concurrent mark-sweep generation total 1775232K, used 1372220K [0x0000000093a60000, 0x0000000100000000, 0x0000000100000000)
 Metaspace       used 66175K, capacity 70610K, committed 70720K, reserved 1112064K
  class space    used 8102K, capacity 9112K, committed 9124K, reserved 1048576K
}
Event: 23237.226 GC heap before
{Heap before GC invocations=11722 (full 2):
 par new generation   total 153344K, used 148681K [0x0000000089400000, 0x0000000093a60000, 0x0000000093a60000)
  eden space 136320K, 100% used [0x0000000089400000, 0x0000000091920000, 0x0000000091920000)
  from space 17024K,  72% used [0x0000000091920000, 0x00000000925327c8, 0x00000000929c0000)
  to   space 17024K,   0% used [0x00000000929c0000, 0x00000000929c0000, 0x0000000093a60000)
 concurrent mark-sweep generation total 1775232K, used 1372220K [0x0000000093a60000, 0x0000000100000000, 0x0000000100000000)
 Metaspace       used 66177K, capacity 70610K, committed 70720K, reserved 1112064K
  class space    used 8102K, capacity 9112K, committed 9124K, reserved 1048576K
Event: 23237.244 GC heap after
Heap after GC invocations=11723 (full 2):
 par new generation   total 153344K, used 13021K [0x0000000089400000, 0x0000000093a60000, 0x0000000093a60000)
  eden space 136320K,   0% used [0x0000000089400000, 0x0000000089400000, 0x0000000091920000)
  from space 17024K,  76% used [0x00000000929c0000, 0x0000000093677540, 0x0000000093a60000)
  to   space 17024K,   0% used [0x0000000091920000, 0x0000000091920000, 0x00000000929c0000)
 concurrent mark-sweep generation total 1775232K, used 1373813K [0x0000000093a60000, 0x0000000100000000, 0x0000000100000000)
 Metaspace       used 66177K, capacity 70610K, committed 70720K, reserved 1112064K
  class space    used 8102K, capacity 9112K, committed 9124K, reserved 1048576K
}
Event: 23239.178 GC heap before
{Heap before GC invocations=11723 (full 2):
 par new generation   total 153344K, used 149341K [0x0000000089400000, 0x0000000093a60000, 0x0000000093a60000)
  eden space 136320K, 100% used [0x0000000089400000, 0x0000000091920000, 0x0000000091920000)
  from space 17024K,  76% used [0x00000000929c0000, 0x0000000093677540, 0x0000000093a60000)
  to   space 17024K,   0% used [0x0000000091920000, 0x0000000091920000, 0x00000000929c0000)
 concurrent mark-sweep generation total 1775232K, used 1373813K [0x0000000093a60000, 0x0000000100000000, 0x0000000100000000)
 Metaspace       used 66180K, capacity 70610K, committed 70720K, reserved 1112064K
  class space    used 8102K, capacity 9112K, committed 9124K, reserved 1048576K
Event: 23239.194 GC heap after
Heap after GC invocations=11724 (full 2):
 par new generation   total 153344K, used 13039K [0x0000000089400000, 0x0000000093a60000, 0x0000000093a60000)
  eden space 136320K,   0% used [0x0000000089400000, 0x0000000089400000, 0x0000000091920000)
  from space 17024K,  76% used [0x0000000091920000, 0x00000000925dbde8, 0x00000000929c0000)
  to   space 17024K,   0% used [0x00000000929c0000, 0x00000000929c0000, 0x0000000093a60000)
 concurrent mark-sweep generation total 1775232K, used 1374145K [0x0000000093a60000, 0x0000000100000000, 0x0000000100000000)
 Metaspace       used 66180K, capacity 70610K, committed 70720K, reserved 1112064K
  class space    used 8102K, capacity 9112K, committed 9124K, reserved 1048576K
}
Event: 23240.974 GC heap before
{Heap before GC invocations=11724 (full 2):
 par new generation   total 153344K, used 149359K [0x0000000089400000, 0x0000000093a60000, 0x0000000093a60000)
  eden space 136320K, 100% used [0x0000000089400000, 0x0000000091920000, 0x0000000091920000)
  from space 17024K,  76% used [0x0000000091920000, 0x00000000925dbde8, 0x00000000929c0000)
  to   space 17024K,   0% used [0x00000000929c0000, 0x00000000929c0000, 0x0000000093a60000)
 concurrent mark-sweep generation total 1775232K, used 1374145K [0x0000000093a60000, 0x0000000100000000, 0x0000000100000000)
 Metaspace       used 66180K, capacity 70610K, committed 70720K, reserved 1112064K
  class space    used 8102K, capacity 9112K, committed 9124K, reserved 1048576K
Event: 23240.992 GC heap after
Heap after GC invocations=11725 (full 2):
 par new generation   total 153344K, used 12972K [0x0000000089400000, 0x0000000093a60000, 0x0000000093a60000)
  eden space 136320K,   0% used [0x0000000089400000, 0x0000000089400000, 0x0000000091920000)
  from space 17024K,  76% used [0x00000000929c0000, 0x000000009366b360, 0x0000000093a60000)
  to   space 17024K,   0% used [0x0000000091920000, 0x0000000091920000, 0x00000000929c0000)
 concurrent mark-sweep generation total 1775232K, used 1376416K [0x0000000093a60000, 0x0000000100000000, 0x0000000100000000)
 Metaspace       used 66180K, capacity 70610K, committed 70720K, reserved 1112064K
  class space    used 8102K, capacity 9112K, committed 9124K, reserved 1048576K
}
Event: 23242.687 GC heap before
{Heap before GC invocations=11725 (full 2):
 par new generation   total 153344K, used 149292K [0x0000000089400000, 0x0000000093a60000, 0x0000000093a60000)
  eden space 136320K, 100% used [0x0000000089400000, 0x0000000091920000, 0x0000000091920000)
  from space 17024K,  76% used [0x00000000929c0000, 0x000000009366b360, 0x0000000093a60000)
  to   space 17024K,   0% used [0x0000000091920000, 0x0000000091920000, 0x00000000929c0000)
 concurrent mark-sweep generation total 1775232K, used 1376416K [0x0000000093a60000, 0x0000000100000000, 0x0000000100000000)
 Metaspace       used 66180K, capacity 70610K, committed 70720K, reserved 1112064K
  class space    used 8102K, capacity 9112K, committed 9124K, reserved 1048576K
Event: 23242.702 GC heap after
Heap after GC invocations=11726 (full 2):
 par new generation   total 153344K, used 6612K [0x0000000089400000, 0x0000000093a60000, 0x0000000093a60000)
  eden space 136320K,   0% used [0x0000000089400000, 0x0000000089400000, 0x0000000091920000)
  from space 17024K,  38% used [0x0000000091920000, 0x0000000091f95040, 0x00000000929c0000)
  to   space 17024K,   0% used [0x00000000929c0000, 0x00000000929c0000, 0x0000000093a60000)
 concurrent mark-sweep generation total 1775232K, used 1377101K [0x0000000093a60000, 0x0000000100000000, 0x0000000100000000)
 Metaspace       used 66180K, capacity 70610K, committed 70720K, reserved 1112064K
  class space    used 8102K, capacity 9112K, committed 9124K, reserved 1048576K
}
Event: 23244.578 GC heap before
{Heap before GC invocations=11726 (full 2):
 par new generation   total 153344K, used 142932K [0x0000000089400000, 0x0000000093a60000, 0x0000000093a60000)
  eden space 136320K, 100% used [0x0000000089400000, 0x0000000091920000, 0x0000000091920000)
  from space 17024K,  38% used [0x0000000091920000, 0x0000000091f95040, 0x00000000929c0000)
  to   space 17024K,   0% used [0x00000000929c0000, 0x00000000929c0000, 0x0000000093a60000)
 concurrent mark-sweep generation total 1775232K, used 1377101K [0x0000000093a60000, 0x0000000100000000, 0x0000000100000000)
 Metaspace       used 66187K, capacity 70610K, committed 70720K, reserved 1112064K
  class space    used 8102K, capacity 9112K, committed 9124K, reserved 1048576K
Event: 23244.593 GC heap after
Heap after GC invocations=11727 (full 2):
 par new generation   total 153344K, used 8215K [0x0000000089400000, 0x0000000093a60000, 0x0000000093a60000)
  eden space 136320K,   0% used [0x0000000089400000, 0x0000000089400000, 0x0000000091920000)
  from space 17024K,  48% used [0x00000000929c0000, 0x00000000931c5d80, 0x0000000093a60000)
  to   space 17024K,   0% used [0x0000000091920000, 0x0000000091920000, 0x00000000929c0000)
 concurrent mark-sweep generation total 1775232K, used 1377128K [0x0000000093a60000, 0x0000000100000000, 0x0000000100000000)
 Metaspace       used 66187K, capacity 70610K, committed 70720K, reserved 1112064K
  class space    used 8102K, capacity 9112K, committed 9124K, reserved 1048576K
}
Event: 23246.327 GC heap before
{Heap before GC invocations=11727 (full 2):
 par new generation   total 153344K, used 144535K [0x0000000089400000, 0x0000000093a60000, 0x0000000093a60000)
  eden space 136320K, 100% used [0x0000000089400000, 0x0000000091920000, 0x0000000091920000)
  from space 17024K,  48% used [0x00000000929c0000, 0x00000000931c5d80, 0x0000000093a60000)
  to   space 17024K,   0% used [0x0000000091920000, 0x0000000091920000, 0x00000000929c0000)
 concurrent mark-sweep generation total 1775232K, used 1377128K [0x0000000093a60000, 0x0000000100000000, 0x0000000100000000)
 Metaspace       used 66187K, capacity 70610K, committed 70720K, reserved 1112064K
  class space    used 8102K, capacity 9112K, committed 9124K, reserved 1048576K
Event: 23246.344 GC heap after
Heap after GC invocations=11728 (full 2):
 par new generation   total 153344K, used 8760K [0x0000000089400000, 0x0000000093a60000, 0x0000000093a60000)
  eden space 136320K,   0% used [0x0000000089400000, 0x0000000089400000, 0x0000000091920000)
  from space 17024K,  51% used [0x0000000091920000, 0x00000000921ae158, 0x00000000929c0000)
  to   space 17024K,   0% used [0x00000000929c0000, 0x00000000929c0000, 0x0000000093a60000)
 concurrent mark-sweep generation total 1775232K, used 1378759K [0x0000000093a60000, 0x0000000100000000, 0x0000000100000000)
 Metaspace       used 66187K, capacity 70610K, committed 70720K, reserved 1112064K
  class space    used 8102K, capacity 9112K, committed 9124K, reserved 1048576K
}
Event: 23247.981 GC heap before
{Heap before GC invocations=11728 (full 2):
 par new generation   total 153344K, used 145080K [0x0000000089400000, 0x0000000093a60000, 0x0000000093a60000)
  eden space 136320K, 100% used [0x0000000089400000, 0x0000000091920000, 0x0000000091920000)
  from space 17024K,  51% used [0x0000000091920000, 0x00000000921ae158, 0x00000000929c0000)
  to   space 17024K,   0% used [0x00000000929c0000, 0x00000000929c0000, 0x0000000093a60000)
 concurrent mark-sweep generation total 1775232K, used 1378759K [0x0000000093a60000, 0x0000000100000000, 0x0000000100000000)
 Metaspace       used 66187K, capacity 70610K, committed 70720K, reserved 1112064K
  class space    used 8102K, capacity 9112K, committed 9124K, reserved 1048576K
Event: 23247.996 GC heap after
Heap after GC invocations=11729 (full 2):
 par new generation   total 153344K, used 8233K [0x0000000089400000, 0x0000000093a60000, 0x0000000093a60000)
  eden space 136320K,   0% used [0x0000000089400000, 0x0000000089400000, 0x0000000091920000)
  from space 17024K,  48% used [0x00000000929c0000, 0x00000000931ca4b8, 0x0000000093a60000)
  to   space 17024K,   0% used [0x0000000091920000, 0x0000000091920000, 0x00000000929c0000)
 concurrent mark-sweep generation total 1775232K, used 1379626K [0x0000000093a60000, 0x0000000100000000, 0x0000000100000000)
 Metaspace       used 66187K, capacity 70610K, committed 70720K, reserved 1112064K
  class space    used 8102K, capacity 9112K, committed 9124K, reserved 1048576K
}
Event: 23249.883 GC heap before
{Heap before GC invocations=11729 (full 2):
 par new generation   total 153344K, used 144553K [0x0000000089400000, 0x0000000093a60000, 0x0000000093a60000)
  eden space 136320K, 100% used [0x0000000089400000, 0x0000000091920000, 0x0000000091920000)
  from space 17024K,  48% used [0x00000000929c0000, 0x00000000931ca4b8, 0x0000000093a60000)
  to   space 17024K,   0% used [0x0000000091920000, 0x0000000091920000, 0x00000000929c0000)
 concurrent mark-sweep generation total 1775232K, used 1379626K [0x0000000093a60000, 0x0000000100000000, 0x0000000100000000)
 Metaspace       used 66188K, capacity 70610K, committed 70720K, reserved 1112064K
  class space    used 8102K, capacity 9112K, committed 9124K, reserved 1048576K
Event: 23249.897 GC heap after
Heap after GC invocations=11730 (full 2):
 par new generation   total 153344K, used 8421K [0x0000000089400000, 0x0000000093a60000, 0x0000000093a60000)
  eden space 136320K,   0% used [0x0000000089400000, 0x0000000089400000, 0x0000000091920000)
  from space 17024K,  49% used [0x0000000091920000, 0x0000000092159730, 0x00000000929c0000)
  to   space 17024K,   0% used [0x00000000929c0000, 0x00000000929c0000, 0x0000000093a60000)
 concurrent mark-sweep generation total 1775232K, used 1379845K [0x0000000093a60000, 0x0000000100000000, 0x0000000100000000)
 Metaspace       used 66188K, capacity 70610K, committed 70720K, reserved 1112064K
  class space    used 8102K, capacity 9112K, committed 9124K, reserved 1048576K
}
Event: 23251.686 GC heap before
{Heap before GC invocations=11730 (full 2):
 par new generation   total 153344K, used 144741K [0x0000000089400000, 0x0000000093a60000, 0x0000000093a60000)
  eden space 136320K, 100% used [0x0000000089400000, 0x0000000091920000, 0x0000000091920000)
  from space 17024K,  49% used [0x0000000091920000, 0x0000000092159730, 0x00000000929c0000)
  to   space 17024K,   0% used [0x00000000929c0000, 0x00000000929c0000, 0x0000000093a60000)
 concurrent mark-sweep generation total 1775232K, used 1379845K [0x0000000093a60000, 0x0000000100000000, 0x0000000100000000)
 Metaspace       used 66188K, capacity 70610K, committed 70720K, reserved 1112064K
  class space    used 8102K, capacity 9112K, committed 9124K, reserved 1048576K
Event: 23251.701 GC heap after
Heap after GC invocations=11731 (full 2):
 par new generation   total 153344K, used 7819K [0x0000000089400000, 0x0000000093a60000, 0x0000000093a60000)
  eden space 136320K,   0% used [0x0000000089400000, 0x0000000089400000, 0x0000000091920000)
  from space 17024K,  45% used [0x00000000929c0000, 0x0000000093162e08, 0x0000000093a60000)
  to   space 17024K,   0% used [0x0000000091920000, 0x0000000091920000, 0x00000000929c0000)
 concurrent mark-sweep generation total 1775232K, used 1380933K [0x0000000093a60000, 0x0000000100000000, 0x0000000100000000)
 Metaspace       used 66188K, capacity 70610K, committed 70720K, reserved 1112064K
  class space    used 8102K, capacity 9112K, committed 9124K, reserved 1048576K
}
Event: 23253.402 GC heap before
{Heap before GC invocations=11731 (full 2):
 par new generation   total 153344K, used 144139K [0x0000000089400000, 0x0000000093a60000, 0x0000000093a60000)
  eden space 136320K, 100% used [0x0000000089400000, 0x0000000091920000, 0x0000000091920000)
  from space 17024K,  45% used [0x00000000929c0000, 0x0000000093162e08, 0x0000000093a60000)
  to   space 17024K,   0% used [0x0000000091920000, 0x0000000091920000, 0x00000000929c0000)
 concurrent mark-sweep generation total 1775232K, used 1380933K [0x0000000093a60000, 0x0000000100000000, 0x0000000100000000)
 Metaspace       used 66189K, capacity 70610K, committed 70720K, reserved 1112064K
  class space    used 8102K, capacity 9112K, committed 9124K, reserved 1048576K
Event: 23253.428 GC heap after
Heap after GC invocations=11732 (full 2):
 par new generation   total 153344K, used 6016K [0x0000000089400000, 0x0000000093a60000, 0x0000000093a60000)
  eden space 136320K,   0% used [0x0000000089400000, 0x0000000089400000, 0x0000000091920000)
  from space 17024K,  35% used [0x0000000091920000, 0x0000000091f00158, 0x00000000929c0000)
  to   space 17024K,   0% used [0x00000000929c0000, 0x00000000929c0000, 0x0000000093a60000)
 concurrent mark-sweep generation total 1775232K, used 1381617K [0x0000000093a60000, 0x0000000100000000, 0x0000000100000000)
 Metaspace       used 66189K, capacity 70610K, committed 70720K, reserved 1112064K
  class space    used 8102K, capacity 9112K, committed 9124K, reserved 1048576K
}
Event: 23255.157 GC heap before
{Heap before GC invocations=11732 (full 2):
 par new generation   total 153344K, used 142336K [0x0000000089400000, 0x0000000093a60000, 0x0000000093a60000)
  eden space 136320K, 100% used [0x0000000089400000, 0x0000000091920000, 0x0000000091920000)
  from space 17024K,  35% used [0x0000000091920000, 0x0000000091f00158, 0x00000000929c0000)
  to   space 17024K,   0% used [0x00000000929c0000, 0x00000000929c0000, 0x0000000093a60000)
 concurrent mark-sweep generation total 1775232K, used 1381617K [0x0000000093a60000, 0x0000000100000000, 0x0000000100000000)
 Metaspace       used 66189K, capacity 70610K, committed 70720K, reserved 1112064K
  class space    used 8102K, capacity 9112K, committed 9124K, reserved 1048576K
Event: 23255.179 GC heap after
Heap after GC invocations=11733 (full 2):
 par new generation   total 153344K, used 7099K [0x0000000089400000, 0x0000000093a60000, 0x0000000093a60000)
  eden space 136320K,   0% used [0x0000000089400000, 0x0000000089400000, 0x0000000091920000)
  from space 17024K,  41% used [0x00000000929c0000, 0x00000000930aee40, 0x0000000093a60000)
  to   space 17024K,   0% used [0x0000000091920000, 0x0000000091920000, 0x00000000929c0000)
 concurrent mark-sweep generation total 1775232K, used 1381745K [0x0000000093a60000, 0x0000000100000000, 0x0000000100000000)
 Metaspace       used 66189K, capacity 70610K, committed 70720K, reserved 1112064K
  class space    used 8102K, capacity 9112K, committed 9124K, reserved 1048576K
}
Event: 23257.097 GC heap before
{Heap before GC invocations=11733 (full 2):
 par new generation   total 153344K, used 143419K [0x0000000089400000, 0x0000000093a60000, 0x0000000093a60000)
  eden space 136320K, 100% used [0x0000000089400000, 0x0000000091920000, 0x0000000091920000)
  from space 17024K,  41% used [0x00000000929c0000, 0x00000000930aee40, 0x0000000093a60000)
  to   space 17024K,   0% used [0x0000000091920000, 0x0000000091920000, 0x00000000929c0000)
 concurrent mark-sweep generation total 1775232K, used 1381745K [0x0000000093a60000, 0x0000000100000000, 0x0000000100000000)
 Metaspace       used 66189K, capacity 70610K, committed 70720K, reserved 1112064K
  class space    used 8102K, capacity 9112K, committed 9124K, reserved 1048576K
Event: 23257.111 GC heap after
Heap after GC invocations=11734 (full 2):
 par new generation   total 153344K, used 7310K [0x0000000089400000, 0x0000000093a60000, 0x0000000093a60000)
  eden space 136320K,   0% used [0x0000000089400000, 0x0000000089400000, 0x0000000091920000)
  from space 17024K,  42% used [0x0000000091920000, 0x0000000092043b68, 0x00000000929c0000)
  to   space 17024K,   0% used [0x00000000929c0000, 0x00000000929c0000, 0x0000000093a60000)
 concurrent mark-sweep generation total 1775232K, used 1382870K [0x0000000093a60000, 0x0000000100000000, 0x0000000100000000)
 Metaspace       used 66189K, capacity 70610K, committed 70720K, reserved 1112064K
  class space    used 8102K, capacity 9112K, committed 9124K, reserved 1048576K
}
Event: 23258.999 GC heap before
{Heap before GC invocations=11734 (full 2):
 par new generation   total 153344K, used 143630K [0x0000000089400000, 0x0000000093a60000, 0x0000000093a60000)
  eden space 136320K, 100% used [0x0000000089400000, 0x0000000091920000, 0x0000000091920000)
  from space 17024K,  42% used [0x0000000091920000, 0x0000000092043b68, 0x00000000929c0000)
  to   space 17024K,   0% used [0x00000000929c0000, 0x00000000929c0000, 0x0000000093a60000)
 concurrent mark-sweep generation total 1775232K, used 1382870K [0x0000000093a60000, 0x0000000100000000, 0x0000000100000000)
 Metaspace       used 66189K, capacity 70610K, committed 70720K, reserved 1112064K
  class space    used 8102K, capacity 9112K, committed 9124K, reserved 1048576K
Event: 23259.012 GC heap after
Heap after GC invocations=11735 (full 2):
 par new generation   total 153344K, used 5360K [0x0000000089400000, 0x0000000093a60000, 0x0000000093a60000)
  eden space 136320K,   0% used [0x0000000089400000, 0x0000000089400000, 0x0000000091920000)
  from space 17024K,  31% used [0x00000000929c0000, 0x0000000092efc100, 0x0000000093a60000)
  to   space 17024K,   0% used [0x0000000091920000, 0x0000000091920000, 0x00000000929c0000)
 concurrent mark-sweep generation total 1775232K, used 1383506K [0x0000000093a60000, 0x0000000100000000, 0x0000000100000000)
 Metaspace       used 66189K, capacity 70610K, committed 70720K, reserved 1112064K
  class space    used 8102K, capacity 9112K, committed 9124K, reserved 1048576K
}
Event: 23260.646 GC heap before
{Heap before GC invocations=11735 (full 2):
 par new generation   total 153344K, used 141680K [0x0000000089400000, 0x0000000093a60000, 0x0000000093a60000)
  eden space 136320K, 100% used [0x0000000089400000, 0x0000000091920000, 0x0000000091920000)
  from space 17024K,  31% used [0x00000000929c0000, 0x0000000092efc100, 0x0000000093a60000)
  to   space 17024K,   0% used [0x0000000091920000, 0x0000000091920000, 0x00000000929c0000)
 concurrent mark-sweep generation total 1775232K, used 1383506K [0x0000000093a60000, 0x0000000100000000, 0x0000000100000000)
 Metaspace       used 66189K, capacity 70610K, committed 70720K, reserved 1112064K
  class space    used 8102K, capacity 9112K, committed 9124K, reserved 1048576K
Event: 23260.658 GC heap after
Heap after GC invocations=11736 (full 2):
 par new generation   total 153344K, used 5068K [0x0000000089400000, 0x0000000093a60000, 0x0000000093a60000)
  eden space 136320K,   0% used [0x0000000089400000, 0x0000000089400000, 0x0000000091920000)
  from space 17024K,  29% used [0x0000000091920000, 0x0000000091e131e8, 0x00000000929c0000)
  to   space 17024K,   0% used [0x00000000929c0000, 0x00000000929c0000, 0x0000000093a60000)
 concurrent mark-sweep generation total 1775232K, used 1383646K [0x0000000093a60000, 0x0000000100000000, 0x0000000100000000)
 Metaspace       used 66189K, capacity 70610K, committed 70720K, reserved 1112064K
  class space    used 8102K, capacity 9112K, committed 9124K, reserved 1048576K
}
Event: 23262.050 GC heap before
{Heap before GC invocations=11736 (full 2):
 par new generation   total 153344K, used 141388K [0x0000000089400000, 0x0000000093a60000, 0x0000000093a60000)
  eden space 136320K, 100% used [0x0000000089400000, 0x0000000091920000, 0x0000000091920000)
  from space 17024K,  29% used [0x0000000091920000, 0x0000000091e131e8, 0x00000000929c0000)
  to   space 17024K,   0% used [0x00000000929c0000, 0x00000000929c0000, 0x0000000093a60000)
 concurrent mark-sweep generation total 1775232K, used 1383646K [0x0000000093a60000, 0x0000000100000000, 0x0000000100000000)
 Metaspace       used 66191K, capacity 70610K, committed 70720K, reserved 1112064K
  class space    used 8102K, capacity 9112K, committed 9124K, reserved 1048576K
Event: 23262.062 GC heap after
Heap after GC invocations=11737 (full 2):
 par new generation   total 153344K, used 5148K [0x0000000089400000, 0x0000000093a60000, 0x0000000093a60000)
  eden space 136320K,   0% used [0x0000000089400000, 0x0000000089400000, 0x0000000091920000)
  from space 17024K,  30% used [0x00000000929c0000, 0x0000000092ec72f0, 0x0000000093a60000)
  to   space 17024K,   0% used [0x0000000091920000, 0x0000000091920000, 0x00000000929c0000)
 concurrent mark-sweep generation total 1775232K, used 1384198K [0x0000000093a60000, 0x0000000100000000, 0x0000000100000000)
 Metaspace       used 66191K, capacity 70610K, committed 70720K, reserved 1112064K
  class space    used 8102K, capacity 9112K, committed 9124K, reserved 1048576K
}
Event: 23263.500 GC heap before
{Heap before GC invocations=11737 (full 2):
 par new generation   total 153344K, used 141468K [0x0000000089400000, 0x0000000093a60000, 0x0000000093a60000)
  eden space 136320K, 100% used [0x0000000089400000, 0x0000000091920000, 0x0000000091920000)
  from space 17024K,  30% used [0x00000000929c0000, 0x0000000092ec72f0, 0x0000000093a60000)
  to   space 17024K,   0% used [0x0000000091920000, 0x0000000091920000, 0x00000000929c0000)
 concurrent mark-sweep generation total 1775232K, used 1384198K [0x0000000093a60000, 0x0000000100000000, 0x0000000100000000)
 Metaspace       used 66191K, capacity 70610K, committed 70720K, reserved 1112064K
  class space    used 8102K, capacity 9112K, committed 9124K, reserved 1048576K
Event: 23263.513 GC heap after
Heap after GC invocations=11738 (full 2):
 par new generation   total 153344K, used 3934K [0x0000000089400000, 0x0000000093a60000, 0x0000000093a60000)
  eden space 136320K,   0% used [0x0000000089400000, 0x0000000089400000, 0x0000000091920000)
  from space 17024K,  23% used [0x0000000091920000, 0x0000000091cf78b0, 0x00000000929c0000)
  to   space 17024K,   0% used [0x00000000929c0000, 0x00000000929c0000, 0x0000000093a60000)
 concurrent mark-sweep generation total 1775232K, used 1384984K [0x0000000093a60000, 0x0000000100000000, 0x0000000100000000)
 Metaspace       used 66191K, capacity 70610K, committed 70720K, reserved 1112064K
  class space    used 8102K, capacity 9112K, committed 9124K, reserved 1048576K
}
Event: 23265.293 GC heap before
{Heap before GC invocations=11738 (full 2):
 par new generation   total 153344K, used 140254K [0x0000000089400000, 0x0000000093a60000, 0x0000000093a60000)
  eden space 136320K, 100% used [0x0000000089400000, 0x0000000091920000, 0x0000000091920000)
  from space 17024K,  23% used [0x0000000091920000, 0x0000000091cf78b0, 0x00000000929c0000)
  to   space 17024K,   0% used [0x00000000929c0000, 0x00000000929c0000, 0x0000000093a60000)
 concurrent mark-sweep generation total 1775232K, used 1384984K [0x0000000093a60000, 0x0000000100000000, 0x0000000100000000)
 Metaspace       used 66192K, capacity 70610K, committed 70720K, reserved 1112064K
  class space    used 8102K, capacity 9112K, committed 9124K, reserved 1048576K
Event: 23265.305 GC heap after
Heap after GC invocations=11739 (full 2):
 par new generation   total 153344K, used 2731K [0x0000000089400000, 0x0000000093a60000, 0x0000000093a60000)
  eden space 136320K,   0% used [0x0000000089400000, 0x0000000089400000, 0x0000000091920000)
  from space 17024K,  16% used [0x00000000929c0000, 0x0000000092c6ad78, 0x0000000093a60000)
  to   space 17024K,   0% used [0x0000000091920000, 0x0000000091920000, 0x00000000929c0000)
 concurrent mark-sweep generation total 1775232K, used 1385675K [0x0000000093a60000, 0x0000000100000000, 0x0000000100000000)
 Metaspace       used 66192K, capacity 70610K, committed 70720K, reserved 1112064K
  class space    used 8102K, capacity 9112K, committed 9124K, reserved 1048576K
}
Event: 23266.900 GC heap before
{Heap before GC invocations=11739 (full 2):
 par new generation   total 153344K, used 139051K [0x0000000089400000, 0x0000000093a60000, 0x0000000093a60000)
  eden space 136320K, 100% used [0x0000000089400000, 0x0000000091920000, 0x0000000091920000)
  from space 17024K,  16% used [0x00000000929c0000, 0x0000000092c6ad78, 0x0000000093a60000)
  to   space 17024K,   0% used [0x0000000091920000, 0x0000000091920000, 0x00000000929c0000)
 concurrent mark-sweep generation total 1775232K, used 1385675K [0x0000000093a60000, 0x0000000100000000, 0x0000000100000000)
 Metaspace       used 66192K, capacity 70610K, committed 70720K, reserved 1112064K
  class space    used 8102K, capacity 9112K, committed 9124K, reserved 1048576K
Event: 23266.914 GC heap after
Heap after GC invocations=11740 (full 2):
 par new generation   total 153344K, used 5815K [0x0000000089400000, 0x0000000093a60000, 0x0000000093a60000)
  eden space 136320K,   0% used [0x0000000089400000, 0x0000000089400000, 0x0000000091920000)
  from space 17024K,  34% used [0x0000000091920000, 0x0000000091ecde38, 0x00000000929c0000)
  to   space 17024K,   0% used [0x00000000929c0000, 0x00000000929c0000, 0x0000000093a60000)
 concurrent mark-sweep generation total 1775232K, used 1385825K [0x0000000093a60000, 0x0000000100000000, 0x0000000100000000)
 Metaspace       used 66192K, capacity 70610K, committed 70720K, reserved 1112064K
  class space    used 8102K, capacity 9112K, committed 9124K, reserved 1048576K
}
Event: 23268.797 GC heap before
{Heap before GC invocations=11740 (full 2):
 par new generation   total 153344K, used 142135K [0x0000000089400000, 0x0000000093a60000, 0x0000000093a60000)
  eden space 136320K, 100% used [0x0000000089400000, 0x0000000091920000, 0x0000000091920000)
  from space 17024K,  34% used [0x0000000091920000, 0x0000000091ecde38, 0x00000000929c0000)
  to   space 17024K,   0% used [0x00000000929c0000, 0x00000000929c0000, 0x0000000093a60000)
 concurrent mark-sweep generation total 1775232K, used 1385825K [0x0000000093a60000, 0x0000000100000000, 0x0000000100000000)
 Metaspace       used 66192K, capacity 70610K, committed 70720K, reserved 1112064K
  class space    used 8102K, capacity 9112K, committed 9124K, reserved 1048576K
Event: 23268.812 GC heap after
Heap after GC invocations=11741 (full 2):
 par new generation   total 153344K, used 8998K [0x0000000089400000, 0x0000000093a60000, 0x0000000093a60000)
  eden space 136320K,   0% used [0x0000000089400000, 0x0000000089400000, 0x0000000091920000)
  from space 17024K,  52% used [0x00000000929c0000, 0x0000000093289b28, 0x0000000093a60000)
  to   space 17024K,   0% used [0x0000000091920000, 0x0000000091920000, 0x00000000929c0000)
 concurrent mark-sweep generation total 1775232K, used 1385958K [0x0000000093a60000, 0x0000000100000000, 0x0000000100000000)
 Metaspace       used 66192K, capacity 70610K, committed 70720K, reserved 1112064K
  class space    used 8102K, capacity 9112K, committed 9124K, reserved 1048576K
}
Event: 23270.546 GC heap before
{Heap before GC invocations=11741 (full 2):
 par new generation   total 153344K, used 145318K [0x0000000089400000, 0x0000000093a60000, 0x0000000093a60000)
  eden space 136320K, 100% used [0x0000000089400000, 0x0000000091920000, 0x0000000091920000)
  from space 17024K,  52% used [0x00000000929c0000, 0x0000000093289b28, 0x0000000093a60000)
  to   space 17024K,   0% used [0x0000000091920000, 0x0000000091920000, 0x00000000929c0000)
 concurrent mark-sweep generation total 1775232K, used 1385958K [0x0000000093a60000, 0x0000000100000000, 0x0000000100000000)
 Metaspace       used 66192K, capacity 70610K, committed 70720K, reserved 1112064K
  class space    used 8102K, capacity 9112K, committed 9124K, reserved 1048576K
Event: 23270.562 GC heap after
Heap after GC invocations=11742 (full 2):
 par new generation   total 153344K, used 8843K [0x0000000089400000, 0x0000000093a60000, 0x0000000093a60000)
  eden space 136320K,   0% used [0x0000000089400000, 0x0000000089400000, 0x0000000091920000)
  from space 17024K,  51% used [0x0000000091920000, 0x00000000921c2ee0, 0x00000000929c0000)
  to   space 17024K,   0% used [0x00000000929c0000, 0x00000000929c0000, 0x0000000093a60000)
 concurrent mark-sweep generation total 1775232K, used 1386760K [0x0000000093a60000, 0x0000000100000000, 0x0000000100000000)
 Metaspace       used 66192K, capacity 70610K, committed 70720K, reserved 1112064K
  class space    used 8102K, capacity 9112K, committed 9124K, reserved 1048576K
}
Event: 23272.302 GC heap before
{Heap before GC invocations=11742 (full 2):
 par new generation   total 153344K, used 145163K [0x0000000089400000, 0x0000000093a60000, 0x0000000093a60000)
  eden space 136320K, 100% used [0x0000000089400000, 0x0000000091920000, 0x0000000091920000)
  from space 17024K,  51% used [0x0000000091920000, 0x00000000921c2ee0, 0x00000000929c0000)
  to   space 17024K,   0% used [0x00000000929c0000, 0x00000000929c0000, 0x0000000093a60000)
 concurrent mark-sweep generation total 1775232K, used 1386760K [0x0000000093a60000, 0x0000000100000000, 0x0000000100000000)
 Metaspace       used 66192K, capacity 70610K, committed 70720K, reserved 1112064K
  class space    used 8102K, capacity 9112K, committed 9124K, reserved 1048576K
Event: 23272.318 GC heap after
Heap after GC invocations=11743 (full 2):
 par new generation   total 153344K, used 10187K [0x0000000089400000, 0x0000000093a60000, 0x0000000093a60000)
  eden space 136320K,   0% used [0x0000000089400000, 0x0000000089400000, 0x0000000091920000)
  from space 17024K,  59% used [0x00000000929c0000, 0x00000000933b2dd8, 0x0000000093a60000)
  to   space 17024K,   0% used [0x0000000091920000, 0x0000000091920000, 0x00000000929c0000)
 concurrent mark-sweep generation total 1775232K, used 1386872K [0x0000000093a60000, 0x0000000100000000, 0x0000000100000000)
 Metaspace       used 66192K, capacity 70610K, committed 70720K, reserved 1112064K
  class space    used 8102K, capacity 9112K, committed 9124K, reserved 1048576K
}
Event: 23274.294 GC heap before
{Heap before GC invocations=11743 (full 2):
 par new generation   total 153344K, used 146507K [0x0000000089400000, 0x0000000093a60000, 0x0000000093a60000)
  eden space 136320K, 100% used [0x0000000089400000, 0x0000000091920000, 0x0000000091920000)
  from space 17024K,  59% used [0x00000000929c0000, 0x00000000933b2dd8, 0x0000000093a60000)
  to   space 17024K,   0% used [0x0000000091920000, 0x0000000091920000, 0x00000000929c0000)
 concurrent mark-sweep generation total 1775232K, used 1386872K [0x0000000093a60000, 0x0000000100000000, 0x0000000100000000)
 Metaspace       used 66192K, capacity 70610K, committed 70720K, reserved 1112064K
  class space    used 8102K, capacity 9112K, committed 9124K, reserved 1048576K
Event: 23274.310 GC heap after
Heap after GC invocations=11744 (full 2):
 par new generation   total 153344K, used 11744K [0x0000000089400000, 0x0000000093a60000, 0x0000000093a60000)
  eden space 136320K,   0% used [0x0000000089400000, 0x0000000089400000, 0x0000000091920000)
  from space 17024K,  68% used [0x0000000091920000, 0x00000000924982f8, 0x00000000929c0000)
  to   space 17024K,   0% used [0x00000000929c0000, 0x00000000929c0000, 0x0000000093a60000)
 concurrent mark-sweep generation total 1775232K, used 1387051K [0x0000000093a60000, 0x0000000100000000, 0x0000000100000000)
 Metaspace       used 66192K, capacity 70610K, committed 70720K, reserved 1112064K
  class space    used 8102K, capacity 9112K, committed 9124K, reserved 1048576K
}
Event: 23276.047 GC heap before
{Heap before GC invocations=11744 (full 2):
 par new generation   total 153344K, used 148064K [0x0000000089400000, 0x0000000093a60000, 0x0000000093a60000)
  eden space 136320K, 100% used [0x0000000089400000, 0x0000000091920000, 0x0000000091920000)
  from space 17024K,  68% used [0x0000000091920000, 0x00000000924982f8, 0x00000000929c0000)
  to   space 17024K,   0% used [0x00000000929c0000, 0x00000000929c0000, 0x0000000093a60000)
 concurrent mark-sweep generation total 1775232K, used 1387051K [0x0000000093a60000, 0x0000000100000000, 0x0000000100000000)
 Metaspace       used 66192K, capacity 70610K, committed 70720K, reserved 1112064K
  class space    used 8102K, capacity 9112K, committed 9124K, reserved 1048576K
Event: 23276.063 GC heap after
Heap after GC invocations=11745 (full 2):
 par new generation   total 153344K, used 12168K [0x0000000089400000, 0x0000000093a60000, 0x0000000093a60000)
  eden space 136320K,   0% used [0x0000000089400000, 0x0000000089400000, 0x0000000091920000)
  from space 17024K,  71% used [0x00000000929c0000, 0x00000000935a2390, 0x0000000093a60000)
  to   space 17024K,   0% used [0x0000000091920000, 0x0000000091920000, 0x00000000929c0000)
 concurrent mark-sweep generation total 1775232K, used 1387141K [0x0000000093a60000, 0x0000000100000000, 0x0000000100000000)
 Metaspace       used 66192K, capacity 70610K, committed 70720K, reserved 1112064K
  class space    used 8102K, capacity 9112K, committed 9124K, reserved 1048576K
}
Event: 23277.996 GC heap before
{Heap before GC invocations=11745 (full 2):
 par new generation   total 153344K, used 148488K [0x0000000089400000, 0x0000000093a60000, 0x0000000093a60000)
  eden space 136320K, 100% used [0x0000000089400000, 0x0000000091920000, 0x0000000091920000)
  from space 17024K,  71% used [0x00000000929c0000, 0x00000000935a2390, 0x0000000093a60000)
  to   space 17024K,   0% used [0x0000000091920000, 0x0000000091920000, 0x00000000929c0000)
 concurrent mark-sweep generation total 1775232K, used 1387141K [0x0000000093a60000, 0x0000000100000000, 0x0000000100000000)
 Metaspace       used 66192K, capacity 70610K, committed 70720K, reserved 1112064K
  class space    used 8102K, capacity 9112K, committed 9124K, reserved 1048576K
Event: 23278.017 GC heap after
Heap after GC invocations=11746 (full 2):
 par new generation   total 153344K, used 8645K [0x0000000089400000, 0x0000000093a60000, 0x0000000093a60000)
  eden space 136320K,   0% used [0x0000000089400000, 0x0000000089400000, 0x0000000091920000)
  from space 17024K,  50% used [0x0000000091920000, 0x0000000092191770, 0x00000000929c0000)
  to   space 17024K,   0% used [0x00000000929c0000, 0x00000000929c0000, 0x0000000093a60000)
 concurrent mark-sweep generation total 1775232K, used 1390713K [0x0000000093a60000, 0x0000000100000000, 0x0000000100000000)
 Metaspace       used 66192K, capacity 70610K, committed 70720K, reserved 1112064K
  class space    used 8102K, capacity 9112K, committed 9124K, reserved 1048576K
}
Event: 23279.679 GC heap before
{Heap before GC invocations=11746 (full 2):
 par new generation   total 153344K, used 144965K [0x0000000089400000, 0x0000000093a60000, 0x0000000093a60000)
  eden space 136320K, 100% used [0x0000000089400000, 0x0000000091920000, 0x0000000091920000)
  from space 17024K,  50% used [0x0000000091920000, 0x0000000092191770, 0x00000000929c0000)
  to   space 17024K,   0% used [0x00000000929c0000, 0x00000000929c0000, 0x0000000093a60000)
 concurrent mark-sweep generation total 1775232K, used 1390713K [0x0000000093a60000, 0x0000000100000000, 0x0000000100000000)
 Metaspace       used 66192K, capacity 70610K, committed 70720K, reserved 1112064K
  class space    used 8102K, capacity 9112K, committed 9124K, reserved 1048576K
Event: 23279.696 GC heap after
Heap after GC invocations=11747 (full 2):
 par new generation   total 153344K, used 10230K [0x0000000089400000, 0x0000000093a60000, 0x0000000093a60000)
  eden space 136320K,   0% used [0x0000000089400000, 0x0000000089400000, 0x0000000091920000)
  from space 17024K,  60% used [0x00000000929c0000, 0x00000000933bd8c8, 0x0000000093a60000)
  to   space 17024K,   0% used [0x0000000091920000, 0x0000000091920000, 0x00000000929c0000)
 concurrent mark-sweep generation total 1775232K, used 1390871K [0x0000000093a60000, 0x0000000100000000, 0x0000000100000000)
 Metaspace       used 66192K, capacity 70610K, committed 70720K, reserved 1112064K
  class space    used 8102K, capacity 9112K, committed 9124K, reserved 1048576K
}
Event: 23281.550 GC heap before
{Heap before GC invocations=11747 (full 2):
 par new generation   total 153344K, used 146550K [0x0000000089400000, 0x0000000093a60000, 0x0000000093a60000)
  eden space 136320K, 100% used [0x0000000089400000, 0x0000000091920000, 0x0000000091920000)
  from space 17024K,  60% used [0x00000000929c0000, 0x00000000933bd8c8, 0x0000000093a60000)
  to   space 17024K,   0% used [0x0000000091920000, 0x0000000091920000, 0x00000000929c0000)
 concurrent mark-sweep generation total 1775232K, used 1390871K [0x0000000093a60000, 0x0000000100000000, 0x0000000100000000)
 Metaspace       used 66192K, capacity 70610K, committed 70720K, reserved 1112064K
  class space    used 8102K, capacity 9112K, committed 9124K, reserved 1048576K
Event: 23281.567 GC heap after
Heap after GC invocations=11748 (full 2):
 par new generation   total 153344K, used 11018K [0x0000000089400000, 0x0000000093a60000, 0x0000000093a60000)
  eden space 136320K,   0% used [0x0000000089400000, 0x0000000089400000, 0x0000000091920000)
  from space 17024K,  64% used [0x0000000091920000, 0x00000000923e2910, 0x00000000929c0000)
  to   space 17024K,   0% used [0x00000000929c0000, 0x00000000929c0000, 0x0000000093a60000)
 concurrent mark-sweep generation total 1775232K, used 1391305K [0x0000000093a60000, 0x0000000100000000, 0x0000000100000000)
 Metaspace       used 66192K, capacity 70610K, committed 70720K, reserved 1112064K
  class space    used 8102K, capacity 9112K, committed 9124K, reserved 1048576K
}
Event: 23283.552 GC heap before
{Heap before GC invocations=11748 (full 2):
 par new generation   total 153344K, used 147338K [0x0000000089400000, 0x0000000093a60000, 0x0000000093a60000)
  eden space 136320K, 100% used [0x0000000089400000, 0x0000000091920000, 0x0000000091920000)
  from space 17024K,  64% used [0x0000000091920000, 0x00000000923e2910, 0x00000000929c0000)
  to   space 17024K,   0% used [0x00000000929c0000, 0x00000000929c0000, 0x0000000093a60000)
 concurrent mark-sweep generation total 1775232K, used 1391305K [0x0000000093a60000, 0x0000000100000000, 0x0000000100000000)
 Metaspace       used 66192K, capacity 70610K, committed 70720K, reserved 1112064K
  class space    used 8102K, capacity 9112K, committed 9124K, reserved 1048576K
Event: 23283.570 GC heap after
Heap after GC invocations=11749 (full 2):
 par new generation   total 153344K, used 13345K [0x0000000089400000, 0x0000000093a60000, 0x0000000093a60000)
  eden space 136320K,   0% used [0x0000000089400000, 0x0000000089400000, 0x0000000091920000)
  from space 17024K,  78% used [0x00000000929c0000, 0x00000000936c84c8, 0x0000000093a60000)
  to   space 17024K,   0% used [0x0000000091920000, 0x0000000091920000, 0x00000000929c0000)
 concurrent mark-sweep generation total 1775232K, used 1392253K [0x0000000093a60000, 0x0000000100000000, 0x0000000100000000)
 Metaspace       used 66192K, capacity 70610K, committed 70720K, reserved 1112064K
  class space    used 8102K, capacity 9112K, committed 9124K, reserved 1048576K
}
Event: 23285.505 GC heap before
{Heap before GC invocations=11749 (full 2):
 par new generation   total 153344K, used 149665K [0x0000000089400000, 0x0000000093a60000, 0x0000000093a60000)
  eden space 136320K, 100% used [0x0000000089400000, 0x0000000091920000, 0x0000000091920000)
  from space 17024K,  78% used [0x00000000929c0000, 0x00000000936c84c8, 0x0000000093a60000)
  to   space 17024K,   0% used [0x0000000091920000, 0x0000000091920000, 0x00000000929c0000)
 concurrent mark-sweep generation total 1775232K, used 1392253K [0x0000000093a60000, 0x0000000100000000, 0x0000000100000000)
 Metaspace       used 66192K, capacity 70610K, committed 70720K, reserved 1112064K
  class space    used 8102K, capacity 9112K, committed 9124K, reserved 1048576K
Event: 23285.523 GC heap after
Heap after GC invocations=11750 (full 2):
 par new generation   total 153344K, used 13433K [0x0000000089400000, 0x0000000093a60000, 0x0000000093a60000)
  eden space 136320K,   0% used [0x0000000089400000, 0x0000000089400000, 0x0000000091920000)
  from space 17024K,  78% used [0x0000000091920000, 0x000000009263e6c8, 0x00000000929c0000)
  to   space 17024K,   0% used [0x00000000929c0000, 0x00000000929c0000, 0x0000000093a60000)
 concurrent mark-sweep generation total 1775232K, used 1393868K [0x0000000093a60000, 0x0000000100000000, 0x0000000100000000)
 Metaspace       used 66192K, capacity 70610K, committed 70720K, reserved 1112064K
  class space    used 8102K, capacity 9112K, committed 9124K, reserved 1048576K
}
Event: 23287.504 GC heap before
{Heap before GC invocations=11750 (full 2):
 par new generation   total 153344K, used 149753K [0x0000000089400000, 0x0000000093a60000, 0x0000000093a60000)
  eden space 136320K, 100% used [0x0000000089400000, 0x0000000091920000, 0x0000000091920000)
  from space 17024K,  78% used [0x0000000091920000, 0x000000009263e6c8, 0x00000000929c0000)
  to   space 17024K,   0% used [0x00000000929c0000, 0x00000000929c0000, 0x0000000093a60000)
 concurrent mark-sweep generation total 1775232K, used 1393868K [0x0000000093a60000, 0x0000000100000000, 0x0000000100000000)
 Metaspace       used 66192K, capacity 70610K, committed 70720K, reserved 1112064K
  class space    used 8102K, capacity 9112K, committed 9124K, reserved 1048576K
Event: 23287.521 GC heap after
Heap after GC invocations=11751 (full 2):
 par new generation   total 153344K, used 13106K [0x0000000089400000, 0x0000000093a60000, 0x0000000093a60000)
  eden space 136320K,   0% used [0x0000000089400000, 0x0000000089400000, 0x0000000091920000)
  from space 17024K,  76% used [0x00000000929c0000, 0x000000009368c9a8, 0x0000000093a60000)
  to   space 17024K,   0% used [0x0000000091920000, 0x0000000091920000, 0x00000000929c0000)
 concurrent mark-sweep generation total 1775232K, used 1395258K [0x0000000093a60000, 0x0000000100000000, 0x0000000100000000)
 Metaspace       used 66192K, capacity 70610K, committed 70720K, reserved 1112064K
  class space    used 8102K, capacity 9112K, committed 9124K, reserved 1048576K
}
Event: 23289.652 GC heap before
{Heap before GC invocations=11751 (full 2):
 par new generation   total 153344K, used 149426K [0x0000000089400000, 0x0000000093a60000, 0x0000000093a60000)
  eden space 136320K, 100% used [0x0000000089400000, 0x0000000091920000, 0x0000000091920000)
  from space 17024K,  76% used [0x00000000929c0000, 0x000000009368c9a8, 0x0000000093a60000)
  to   space 17024K,   0% used [0x0000000091920000, 0x0000000091920000, 0x00000000929c0000)
 concurrent mark-sweep generation total 1775232K, used 1395258K [0x0000000093a60000, 0x0000000100000000, 0x0000000100000000)
 Metaspace       used 66192K, capacity 70610K, committed 70720K, reserved 1112064K
  class space    used 8102K, capacity 9112K, committed 9124K, reserved 1048576K
Event: 23289.667 GC heap after
Heap after GC invocations=11752 (full 2):
 par new generation   total 153344K, used 12827K [0x0000000089400000, 0x0000000093a60000, 0x0000000093a60000)
  eden space 136320K,   0% used [0x0000000089400000, 0x0000000089400000, 0x0000000091920000)
  from space 17024K,  75% used [0x0000000091920000, 0x00000000925a6f88, 0x00000000929c0000)
  to   space 17024K,   0% used [0x00000000929c0000, 0x00000000929c0000, 0x0000000093a60000)
 concurrent mark-sweep generation total 1775232K, used 1395258K [0x0000000093a60000, 0x0000000100000000, 0x0000000100000000)
 Metaspace       used 66192K, capacity 70610K, committed 70720K, reserved 1112064K
  class space    used 8102K, capacity 9112K, committed 9124K, reserved 1048576K
}
Event: 23291.750 GC heap before
{Heap before GC invocations=11752 (full 2):
 par new generation   total 153344K, used 149147K [0x0000000089400000, 0x0000000093a60000, 0x0000000093a60000)
  eden space 136320K, 100% used [0x0000000089400000, 0x0000000091920000, 0x0000000091920000)
  from space 17024K,  75% used [0x0000000091920000, 0x00000000925a6f88, 0x00000000929c0000)
  to   space 17024K,   0% used [0x00000000929c0000, 0x00000000929c0000, 0x0000000093a60000)
 concurrent mark-sweep generation total 1775232K, used 1395258K [0x0000000093a60000, 0x0000000100000000, 0x0000000100000000)
 Metaspace       used 66193K, capacity 70610K, committed 70720K, reserved 1112064K
  class space    used 8102K, capacity 9112K, committed 9124K, reserved 1048576K
Event: 23291.770 GC heap after
Heap after GC invocations=11753 (full 2):
 par new generation   total 153344K, used 12830K [0x0000000089400000, 0x0000000093a60000, 0x0000000093a60000)
  eden space 136320K,   0% used [0x0000000089400000, 0x0000000089400000, 0x0000000091920000)
  from space 17024K,  75% used [0x00000000929c0000, 0x0000000093647870, 0x0000000093a60000)
  to   space 17024K,   0% used [0x0000000091920000, 0x0000000091920000, 0x00000000929c0000)
 concurrent mark-sweep generation total 1775232K, used 1397946K [0x0000000093a60000, 0x0000000100000000, 0x0000000100000000)
 Metaspace       used 66193K, capacity 70610K, committed 70720K, reserved 1112064K
  class space    used 8102K, capacity 9112K, committed 9124K, reserved 1048576K
}
Event: 23293.804 GC heap before
{Heap before GC invocations=11753 (full 2):
 par new generation   total 153344K, used 149150K [0x0000000089400000, 0x0000000093a60000, 0x0000000093a60000)
  eden space 136320K, 100% used [0x0000000089400000, 0x0000000091920000, 0x0000000091920000)
  from space 17024K,  75% used [0x00000000929c0000, 0x0000000093647870, 0x0000000093a60000)
  to   space 17024K,   0% used [0x0000000091920000, 0x0000000091920000, 0x00000000929c0000)
 concurrent mark-sweep generation total 1775232K, used 1397946K [0x0000000093a60000, 0x0000000100000000, 0x0000000100000000)
 Metaspace       used 66193K, capacity 70610K, committed 70720K, reserved 1112064K
  class space    used 8102K, capacity 9112K, committed 9124K, reserved 1048576K
Event: 23293.818 GC heap after
Heap after GC invocations=11754 (full 2):
 par new generation   total 153344K, used 6196K [0x0000000089400000, 0x0000000093a60000, 0x0000000093a60000)
  eden space 136320K,   0% used [0x0000000089400000, 0x0000000089400000, 0x0000000091920000)
  from space 17024K,  36% used [0x0000000091920000, 0x0000000091f2d2a8, 0x00000000929c0000)
  to   space 17024K,   0% used [0x00000000929c0000, 0x00000000929c0000, 0x0000000093a60000)
 concurrent mark-sweep generation total 1775232K, used 1399328K [0x0000000093a60000, 0x0000000100000000, 0x0000000100000000)
 Metaspace       used 66193K, capacity 70610K, committed 70720K, reserved 1112064K
  class space    used 8102K, capacity 9112K, committed 9124K, reserved 1048576K
}
Event: 23296.005 GC heap before
{Heap before GC invocations=11754 (full 2):
 par new generation   total 153344K, used 142516K [0x0000000089400000, 0x0000000093a60000, 0x0000000093a60000)
  eden space 136320K, 100% used [0x0000000089400000, 0x0000000091920000, 0x0000000091920000)
  from space 17024K,  36% used [0x0000000091920000, 0x0000000091f2d2a8, 0x00000000929c0000)
  to   space 17024K,   0% used [0x00000000929c0000, 0x00000000929c0000, 0x0000000093a60000)
 concurrent mark-sweep generation total 1775232K, used 1399328K [0x0000000093a60000, 0x0000000100000000, 0x0000000100000000)
 Metaspace       used 66193K, capacity 70610K, committed 70720K, reserved 1112064K
  class space    used 8102K, capacity 9112K, committed 9124K, reserved 1048576K
Event: 23296.017 GC heap after
Heap after GC invocations=11755 (full 2):
 par new generation   total 153344K, used 6351K [0x0000000089400000, 0x0000000093a60000, 0x0000000093a60000)
  eden space 136320K,   0% used [0x0000000089400000, 0x0000000089400000, 0x0000000091920000)
  from space 17024K,  37% used [0x00000000929c0000, 0x0000000092ff3cc0, 0x0000000093a60000)
  to   space 17024K,   0% used [0x0000000091920000, 0x0000000091920000, 0x00000000929c0000)
 concurrent mark-sweep generation total 1775232K, used 1400229K [0x0000000093a60000, 0x0000000100000000, 0x0000000100000000)
 Metaspace       used 66193K, capacity 70610K, committed 70720K, reserved 1112064K
  class space    used 8102K, capacity 9112K, committed 9124K, reserved 1048576K
}
Event: 23298.107 GC heap before
{Heap before GC invocations=11755 (full 2):
 par new generation   total 153344K, used 142671K [0x0000000089400000, 0x0000000093a60000, 0x0000000093a60000)
  eden space 136320K, 100% used [0x0000000089400000, 0x0000000091920000, 0x0000000091920000)
  from space 17024K,  37% used [0x00000000929c0000, 0x0000000092ff3cc0, 0x0000000093a60000)
  to   space 17024K,   0% used [0x0000000091920000, 0x0000000091920000, 0x00000000929c0000)
 concurrent mark-sweep generation total 1775232K, used 1400229K [0x0000000093a60000, 0x0000000100000000, 0x0000000100000000)
 Metaspace       used 66193K, capacity 70610K, committed 70720K, reserved 1112064K
  class space    used 8102K, capacity 9112K, committed 9124K, reserved 1048576K
Event: 23298.120 GC heap after
Heap after GC invocations=11756 (full 2):
 par new generation   total 153344K, used 3533K [0x0000000089400000, 0x0000000093a60000, 0x0000000093a60000)
  eden space 136320K,   0% used [0x0000000089400000, 0x0000000089400000, 0x0000000091920000)
  from space 17024K,  20% used [0x0000000091920000, 0x0000000091c937d0, 0x00000000929c0000)
  to   space 17024K,   0% used [0x00000000929c0000, 0x00000000929c0000, 0x0000000093a60000)
 concurrent mark-sweep generation total 1775232K, used 1401661K [0x0000000093a60000, 0x0000000100000000, 0x0000000100000000)
 Metaspace       used 66193K, capacity 70610K, committed 70720K, reserved 1112064K
  class space    used 8102K, capacity 9112K, committed 9124K, reserved 1048576K
}
Event: 23300.103 GC heap before
{Heap before GC invocations=11756 (full 2):
 par new generation   total 153344K, used 139853K [0x0000000089400000, 0x0000000093a60000, 0x0000000093a60000)
  eden space 136320K, 100% used [0x0000000089400000, 0x0000000091920000, 0x0000000091920000)
  from space 17024K,  20% used [0x0000000091920000, 0x0000000091c937d0, 0x00000000929c0000)
  to   space 17024K,   0% used [0x00000000929c0000, 0x00000000929c0000, 0x0000000093a60000)
 concurrent mark-sweep generation total 1775232K, used 1401661K [0x0000000093a60000, 0x0000000100000000, 0x0000000100000000)
 Metaspace       used 66193K, capacity 70610K, committed 70720K, reserved 1112064K
  class space    used 8102K, capacity 9112K, committed 9124K, reserved 1048576K
Event: 23300.115 GC heap after
Heap after GC invocations=11757 (full 2):
 par new generation   total 153344K, used 3315K [0x0000000089400000, 0x0000000093a60000, 0x0000000093a60000)
  eden space 136320K,   0% used [0x0000000089400000, 0x0000000089400000, 0x0000000091920000)
  from space 17024K,  19% used [0x00000000929c0000, 0x0000000092cfce40, 0x0000000093a60000)
  to   space 17024K,   0% used [0x0000000091920000, 0x0000000091920000, 0x00000000929c0000)
 concurrent mark-sweep generation total 1775232K, used 1402876K [0x0000000093a60000, 0x0000000100000000, 0x0000000100000000)
 Metaspace       used 66193K, capacity 70610K, committed 70720K, reserved 1112064K
  class space    used 8102K, capacity 9112K, committed 9124K, reserved 1048576K
}
Event: 23302.209 GC heap before
{Heap before GC invocations=11757 (full 2):
 par new generation   total 153344K, used 139635K [0x0000000089400000, 0x0000000093a60000, 0x0000000093a60000)
  eden space 136320K, 100% used [0x0000000089400000, 0x0000000091920000, 0x0000000091920000)
  from space 17024K,  19% used [0x00000000929c0000, 0x0000000092cfce40, 0x0000000093a60000)
  to   space 17024K,   0% used [0x0000000091920000, 0x0000000091920000, 0x00000000929c0000)
 concurrent mark-sweep generation total 1775232K, used 1402876K [0x0000000093a60000, 0x0000000100000000, 0x0000000100000000)
 Metaspace       used 66193K, capacity 70610K, committed 70720K, reserved 1112064K
  class space    used 8102K, capacity 9112K, committed 9124K, reserved 1048576K
Event: 23302.220 GC heap after
Heap after GC invocations=11758 (full 2):
 par new generation   total 153344K, used 3054K [0x0000000089400000, 0x0000000093a60000, 0x0000000093a60000)
  eden space 136320K,   0% used [0x0000000089400000, 0x0000000089400000, 0x0000000091920000)
  from space 17024K,  17% used [0x0000000091920000, 0x0000000091c1bb38, 0x00000000929c0000)
  to   space 17024K,   0% used [0x00000000929c0000, 0x00000000929c0000, 0x0000000093a60000)
 concurrent mark-sweep generation total 1775232K, used 1402945K [0x0000000093a60000, 0x0000000100000000, 0x0000000100000000)
 Metaspace       used 66193K, capacity 70610K, committed 70720K, reserved 1112064K
  class space    used 8102K, capacity 9112K, committed 9124K, reserved 1048576K
}
Event: 23304.451 GC heap before
{Heap before GC invocations=11758 (full 2):
 par new generation   total 153344K, used 139374K [0x0000000089400000, 0x0000000093a60000, 0x0000000093a60000)
  eden space 136320K, 100% used [0x0000000089400000, 0x0000000091920000, 0x0000000091920000)
  from space 17024K,  17% used [0x0000000091920000, 0x0000000091c1bb38, 0x00000000929c0000)
  to   space 17024K,   0% used [0x00000000929c0000, 0x00000000929c0000, 0x0000000093a60000)
 concurrent mark-sweep generation total 1775232K, used 1402945K [0x0000000093a60000, 0x0000000100000000, 0x0000000100000000)
 Metaspace       used 66193K, capacity 70610K, committed 70720K, reserved 1112064K
  class space    used 8102K, capacity 9112K, committed 9124K, reserved 1048576K
Event: 23304.463 GC heap after
Heap after GC invocations=11759 (full 2):
 par new generation   total 153344K, used 3327K [0x0000000089400000, 0x0000000093a60000, 0x0000000093a60000)
  eden space 136320K,   0% used [0x0000000089400000, 0x0000000089400000, 0x0000000091920000)
  from space 17024K,  19% used [0x00000000929c0000, 0x0000000092cffff8, 0x0000000093a60000)
  to   space 17024K,   0% used [0x0000000091920000, 0x0000000091920000, 0x00000000929c0000)
 concurrent mark-sweep generation total 1775232K, used 1403009K [0x0000000093a60000, 0x0000000100000000, 0x0000000100000000)
 Metaspace       used 66193K, capacity 70610K, committed 70720K, reserved 1112064K
  class space    used 8102K, capacity 9112K, committed 9124K, reserved 1048576K
}
Event: 23306.653 GC heap before
{Heap before GC invocations=11759 (full 2):
 par new generation   total 153344K, used 139647K [0x0000000089400000, 0x0000000093a60000, 0x0000000093a60000)
  eden space 136320K, 100% used [0x0000000089400000, 0x0000000091920000, 0x0000000091920000)
  from space 17024K,  19% used [0x00000000929c0000, 0x0000000092cffff8, 0x0000000093a60000)
  to   space 17024K,   0% used [0x0000000091920000, 0x0000000091920000, 0x00000000929c0000)
 concurrent mark-sweep generation total 1775232K, used 1403009K [0x0000000093a60000, 0x0000000100000000, 0x0000000100000000)
 Metaspace       used 66193K, capacity 70610K, committed 70720K, reserved 1112064K
  class space    used 8102K, capacity 9112K, committed 9124K, reserved 1048576K
Event: 23306.665 GC heap after
Heap after GC invocations=11760 (full 2):
 par new generation   total 153344K, used 4102K [0x0000000089400000, 0x0000000093a60000, 0x0000000093a60000)
  eden space 136320K,   0% used [0x0000000089400000, 0x0000000089400000, 0x0000000091920000)
  from space 17024K,  24% used [0x0000000091920000, 0x0000000091d219d0, 0x00000000929c0000)
  to   space 17024K,   0% used [0x00000000929c0000, 0x00000000929c0000, 0x0000000093a60000)
 concurrent mark-sweep generation total 1775232K, used 1403241K [0x0000000093a60000, 0x0000000100000000, 0x0000000100000000)
 Metaspace       used 66193K, capacity 70610K, committed 70720K, reserved 1112064K
  class space    used 8102K, capacity 9112K, committed 9124K, reserved 1048576K
}
Event: 23308.765 GC heap before
{Heap before GC invocations=11760 (full 2):
 par new generation   total 153344K, used 140453K [0x0000000089400000, 0x0000000093a60000, 0x0000000093a60000)
  eden space 136320K, 100% used [0x0000000089400000, 0x0000000091920000, 0x0000000091920000)
  from space 17024K,  24% used [0x0000000091920000, 0x0000000091d29638, 0x00000000929c0000)
  to   space 17024K,   0% used [0x00000000929c0000, 0x00000000929c0000, 0x0000000093a60000)
 concurrent mark-sweep generation total 1775232K, used 1403241K [0x0000000093a60000, 0x0000000100000000, 0x0000000100000000)
 Metaspace       used 66193K, capacity 70610K, committed 70720K, reserved 1112064K
  class space    used 8102K, capacity 9112K, committed 9124K, reserved 1048576K
Event: 23308.777 GC heap after
Heap after GC invocations=11761 (full 2):
 par new generation   total 153344K, used 6046K [0x0000000089400000, 0x0000000093a60000, 0x0000000093a60000)
  eden space 136320K,   0% used [0x0000000089400000, 0x0000000089400000, 0x0000000091920000)
  from space 17024K,  35% used [0x00000000929c0000, 0x0000000092fa7bc8, 0x0000000093a60000)
  to   space 17024K,   0% used [0x0000000091920000, 0x0000000091920000, 0x00000000929c0000)
 concurrent mark-sweep generation total 1775232K, used 1403281K [0x0000000093a60000, 0x0000000100000000, 0x0000000100000000)
 Metaspace       used 66193K, capacity 70610K, committed 70720K, reserved 1112064K
  class space    used 8102K, capacity 9112K, committed 9124K, reserved 1048576K
}
Event: 23310.907 GC heap before
{Heap before GC invocations=11761 (full 2):
 par new generation   total 153344K, used 142366K [0x0000000089400000, 0x0000000093a60000, 0x0000000093a60000)
  eden space 136320K, 100% used [0x0000000089400000, 0x0000000091920000, 0x0000000091920000)
  from space 17024K,  35% used [0x00000000929c0000, 0x0000000092fa7bc8, 0x0000000093a60000)
  to   space 17024K,   0% used [0x0000000091920000, 0x0000000091920000, 0x00000000929c0000)
 concurrent mark-sweep generation total 1775232K, used 1403281K [0x0000000093a60000, 0x0000000100000000, 0x0000000100000000)
 Metaspace       used 66193K, capacity 70610K, committed 70720K, reserved 1112064K
  class space    used 8102K, capacity 9112K, committed 9124K, reserved 1048576K
Event: 23310.920 GC heap after
Heap after GC invocations=11762 (full 2):
 par new generation   total 153344K, used 5927K [0x0000000089400000, 0x0000000093a60000, 0x0000000093a60000)
  eden space 136320K,   0% used [0x0000000089400000, 0x0000000089400000, 0x0000000091920000)
  from space 17024K,  34% used [0x0000000091920000, 0x0000000091ee9d90, 0x00000000929c0000)
  to   space 17024K,   0% used [0x00000000929c0000, 0x00000000929c0000, 0x0000000093a60000)
 concurrent mark-sweep generation total 1775232K, used 1403437K [0x0000000093a60000, 0x0000000100000000, 0x0000000100000000)
 Metaspace       used 66193K, capacity 70610K, committed 70720K, reserved 1112064K
  class space    used 8102K, capacity 9112K, committed 9124K, reserved 1048576K
}
Event: 23313.203 GC heap before
{Heap before GC invocations=11762 (full 2):
 par new generation   total 153344K, used 142247K [0x0000000089400000, 0x0000000093a60000, 0x0000000093a60000)
  eden space 136320K, 100% used [0x0000000089400000, 0x0000000091920000, 0x0000000091920000)
  from space 17024K,  34% used [0x0000000091920000, 0x0000000091ee9d90, 0x00000000929c0000)
  to   space 17024K,   0% used [0x00000000929c0000, 0x00000000929c0000, 0x0000000093a60000)
 concurrent mark-sweep generation total 1775232K, used 1403437K [0x0000000093a60000, 0x0000000100000000, 0x0000000100000000)
 Metaspace       used 66193K, capacity 70610K, committed 70720K, reserved 1112064K
  class space    used 8102K, capacity 9112K, committed 9124K, reserved 1048576K
Event: 23313.216 GC heap after
Heap after GC invocations=11763 (full 2):
 par new generation   total 153344K, used 7100K [0x0000000089400000, 0x0000000093a60000, 0x0000000093a60000)
  eden space 136320K,   0% used [0x0000000089400000, 0x0000000089400000, 0x0000000091920000)
  from space 17024K,  41% used [0x00000000929c0000, 0x00000000930af268, 0x0000000093a60000)
  to   space 17024K,   0% used [0x0000000091920000, 0x0000000091920000, 0x00000000929c0000)
 concurrent mark-sweep generation total 1775232K, used 1404193K [0x0000000093a60000, 0x0000000100000000, 0x0000000100000000)
 Metaspace       used 66193K, capacity 70610K, committed 70720K, reserved 1112064K
  class space    used 8102K, capacity 9112K, committed 9124K, reserved 1048576K
}
Event: 23315.554 GC heap before
{Heap before GC invocations=11763 (full 2):
 par new generation   total 153344K, used 143420K [0x0000000089400000, 0x0000000093a60000, 0x0000000093a60000)
  eden space 136320K, 100% used [0x0000000089400000, 0x0000000091920000, 0x0000000091920000)
  from space 17024K,  41% used [0x00000000929c0000, 0x00000000930af268, 0x0000000093a60000)
  to   space 17024K,   0% used [0x0000000091920000, 0x0000000091920000, 0x00000000929c0000)
 concurrent mark-sweep generation total 1775232K, used 1404193K [0x0000000093a60000, 0x0000000100000000, 0x0000000100000000)
 Metaspace       used 66193K, capacity 70610K, committed 70720K, reserved 1112064K
  class space    used 8102K, capacity 9112K, committed 9124K, reserved 1048576K
Event: 23315.566 GC heap after
Heap after GC invocations=11764 (full 2):
 par new generation   total 153344K, used 4031K [0x0000000089400000, 0x0000000093a60000, 0x0000000093a60000)
  eden space 136320K,   0% used [0x0000000089400000, 0x0000000089400000, 0x0000000091920000)
  from space 17024K,  23% used [0x0000000091920000, 0x0000000091d0fe80, 0x00000000929c0000)
  to   space 17024K,   0% used [0x00000000929c0000, 0x00000000929c0000, 0x0000000093a60000)
 concurrent mark-sweep generation total 1775232K, used 1404815K [0x0000000093a60000, 0x0000000100000000, 0x0000000100000000)
 Metaspace       used 66193K, capacity 70610K, committed 70720K, reserved 1112064K
  class space    used 8102K, capacity 9112K, committed 9124K, reserved 1048576K
}
Event: 23317.658 GC heap before
{Heap before GC invocations=11764 (full 2):
 par new generation   total 153344K, used 140351K [0x0000000089400000, 0x0000000093a60000, 0x0000000093a60000)
  eden space 136320K, 100% used [0x0000000089400000, 0x0000000091920000, 0x0000000091920000)
  from space 17024K,  23% used [0x0000000091920000, 0x0000000091d0fe80, 0x00000000929c0000)
  to   space 17024K,   0% used [0x00000000929c0000, 0x00000000929c0000, 0x0000000093a60000)
 concurrent mark-sweep generation total 1775232K, used 1404815K [0x0000000093a60000, 0x0000000100000000, 0x0000000100000000)
 Metaspace       used 66193K, capacity 70610K, committed 70720K, reserved 1112064K
  class space    used 8102K, capacity 9112K, committed 9124K, reserved 1048576K
Event: 23317.670 GC heap after
Heap after GC invocations=11765 (full 2):
 par new generation   total 153344K, used 4887K [0x0000000089400000, 0x0000000093a60000, 0x0000000093a60000)
  eden space 136320K,   0% used [0x0000000089400000, 0x0000000089400000, 0x0000000091920000)
  from space 17024K,  28% used [0x00000000929c0000, 0x0000000092e85cf0, 0x0000000093a60000)
  to   space 17024K,   0% used [0x0000000091920000, 0x0000000091920000, 0x00000000929c0000)
 concurrent mark-sweep generation total 1775232K, used 1405287K [0x0000000093a60000, 0x0000000100000000, 0x0000000100000000)
 Metaspace       used 66193K, capacity 70610K, committed 70720K, reserved 1112064K
  class space    used 8102K, capacity 9112K, committed 9124K, reserved 1048576K
}
Event: 23319.707 GC heap before
{Heap before GC invocations=11765 (full 2):
 par new generation   total 153344K, used 141207K [0x0000000089400000, 0x0000000093a60000, 0x0000000093a60000)
  eden space 136320K, 100% used [0x0000000089400000, 0x0000000091920000, 0x0000000091920000)
  from space 17024K,  28% used [0x00000000929c0000, 0x0000000092e85cf0, 0x0000000093a60000)
  to   space 17024K,   0% used [0x0000000091920000, 0x0000000091920000, 0x00000000929c0000)
 concurrent mark-sweep generation total 1775232K, used 1405287K [0x0000000093a60000, 0x0000000100000000, 0x0000000100000000)
 Metaspace       used 66193K, capacity 70610K, committed 70720K, reserved 1112064K
  class space    used 8102K, capacity 9112K, committed 9124K, reserved 1048576K
Event: 23319.719 GC heap after
Heap after GC invocations=11766 (full 2):
 par new generation   total 153344K, used 5662K [0x0000000089400000, 0x0000000093a60000, 0x0000000093a60000)
  eden space 136320K,   0% used [0x0000000089400000, 0x0000000089400000, 0x0000000091920000)
  from space 17024K,  33% used [0x0000000091920000, 0x0000000091ea7bb0, 0x00000000929c0000)
  to   space 17024K,   0% used [0x00000000929c0000, 0x00000000929c0000, 0x0000000093a60000)
 concurrent mark-sweep generation total 1775232K, used 1405732K [0x0000000093a60000, 0x0000000100000000, 0x0000000100000000)
 Metaspace       used 66193K, capacity 70610K, committed 70720K, reserved 1112064K
  class space    used 8102K, capacity 9112K, committed 9124K, reserved 1048576K
}
Event: 23321.699 GC heap before
{Heap before GC invocations=11766 (full 2):
 par new generation   total 153344K, used 141982K [0x0000000089400000, 0x0000000093a60000, 0x0000000093a60000)
  eden space 136320K, 100% used [0x0000000089400000, 0x0000000091920000, 0x0000000091920000)
  from space 17024K,  33% used [0x0000000091920000, 0x0000000091ea7bb0, 0x00000000929c0000)
  to   space 17024K,   0% used [0x00000000929c0000, 0x00000000929c0000, 0x0000000093a60000)
 concurrent mark-sweep generation total 1775232K, used 1405732K [0x0000000093a60000, 0x0000000100000000, 0x0000000100000000)
 Metaspace       used 66193K, capacity 70610K, committed 70720K, reserved 1112064K
  class space    used 8102K, capacity 9112K, committed 9124K, reserved 1048576K
Event: 23321.711 GC heap after
Heap after GC invocations=11767 (full 2):
 par new generation   total 153344K, used 3156K [0x0000000089400000, 0x0000000093a60000, 0x0000000093a60000)
  eden space 136320K,   0% used [0x0000000089400000, 0x0000000089400000, 0x0000000091920000)
  from space 17024K,  18% used [0x00000000929c0000, 0x0000000092cd5120, 0x0000000093a60000)
  to   space 17024K,   0% used [0x0000000091920000, 0x0000000091920000, 0x00000000929c0000)
 concurrent mark-sweep generation total 1775232K, used 1406094K [0x0000000093a60000, 0x0000000100000000, 0x0000000100000000)
 Metaspace       used 66193K, capacity 70610K, committed 70720K, reserved 1112064K
  class space    used 8102K, capacity 9112K, committed 9124K, reserved 1048576K
}
Event: 23323.656 GC heap before
{Heap before GC invocations=11767 (full 2):
 par new generation   total 153344K, used 139476K [0x0000000089400000, 0x0000000093a60000, 0x0000000093a60000)
  eden space 136320K, 100% used [0x0000000089400000, 0x0000000091920000, 0x0000000091920000)
  from space 17024K,  18% used [0x00000000929c0000, 0x0000000092cd5120, 0x0000000093a60000)
  to   space 17024K,   0% used [0x0000000091920000, 0x0000000091920000, 0x00000000929c0000)
 concurrent mark-sweep generation total 1775232K, used 1406094K [0x0000000093a60000, 0x0000000100000000, 0x0000000100000000)
 Metaspace       used 66193K, capacity 70610K, committed 70720K, reserved 1112064K
  class space    used 8102K, capacity 9112K, committed 9124K, reserved 1048576K
Event: 23323.668 GC heap after
Heap after GC invocations=11768 (full 2):
 par new generation   total 153344K, used 3927K [0x0000000089400000, 0x0000000093a60000, 0x0000000093a60000)
  eden space 136320K,   0% used [0x0000000089400000, 0x0000000089400000, 0x0000000091920000)
  from space 17024K,  23% used [0x0000000091920000, 0x0000000091cf5f78, 0x00000000929c0000)
  to   space 17024K,   0% used [0x00000000929c0000, 0x00000000929c0000, 0x0000000093a60000)
 concurrent mark-sweep generation total 1775232K, used 1406580K [0x0000000093a60000, 0x0000000100000000, 0x0000000100000000)
 Metaspace       used 66193K, capacity 70610K, committed 70720K, reserved 1112064K
  class space    used 8102K, capacity 9112K, committed 9124K, reserved 1048576K
}
Event: 23325.559 GC heap before
{Heap before GC invocations=11768 (full 2):
 par new generation   total 153344K, used 140247K [0x0000000089400000, 0x0000000093a60000, 0x0000000093a60000)
  eden space 136320K, 100% used [0x0000000089400000, 0x0000000091920000, 0x0000000091920000)
  from space 17024K,  23% used [0x0000000091920000, 0x0000000091cf5f78, 0x00000000929c0000)
  to   space 17024K,   0% used [0x00000000929c0000, 0x00000000929c0000, 0x0000000093a60000)
 concurrent mark-sweep generation total 1775232K, used 1406580K [0x0000000093a60000, 0x0000000100000000, 0x0000000100000000)
 Metaspace       used 66193K, capacity 70610K, committed 70720K, reserved 1112064K
  class space    used 8102K, capacity 9112K, committed 9124K, reserved 1048576K
Event: 23325.571 GC heap after
Heap after GC invocations=11769 (full 2):
 par new generation   total 153344K, used 4589K [0x0000000089400000, 0x0000000093a60000, 0x0000000093a60000)
  eden space 136320K,   0% used [0x0000000089400000, 0x0000000089400000, 0x0000000091920000)
  from space 17024K,  26% used [0x00000000929c0000, 0x0000000092e3b4e8, 0x0000000093a60000)
  to   space 17024K,   0% used [0x0000000091920000, 0x0000000091920000, 0x00000000929c0000)
 concurrent mark-sweep generation total 1775232K, used 1406611K [0x0000000093a60000, 0x0000000100000000, 0x0000000100000000)
 Metaspace       used 66193K, capacity 70610K, committed 70720K, reserved 1112064K
  class space    used 8102K, capacity 9112K, committed 9124K, reserved 1048576K
}
Event: 23327.852 GC heap before
{Heap before GC invocations=11769 (full 2):
 par new generation   total 153344K, used 140909K [0x0000000089400000, 0x0000000093a60000, 0x0000000093a60000)
  eden space 136320K, 100% used [0x0000000089400000, 0x0000000091920000, 0x0000000091920000)
  from space 17024K,  26% used [0x00000000929c0000, 0x0000000092e3b4e8, 0x0000000093a60000)
  to   space 17024K,   0% used [0x0000000091920000, 0x0000000091920000, 0x00000000929c0000)
 concurrent mark-sweep generation total 1775232K, used 1406611K [0x0000000093a60000, 0x0000000100000000, 0x0000000100000000)
 Metaspace       used 66193K, capacity 70610K, committed 70720K, reserved 1112064K
  class space    used 8102K, capacity 9112K, committed 9124K, reserved 1048576K
Event: 23327.864 GC heap after
Heap after GC invocations=11770 (full 2):
 par new generation   total 153344K, used 6587K [0x0000000089400000, 0x0000000093a60000, 0x0000000093a60000)
  eden space 136320K,   0% used [0x0000000089400000, 0x0000000089400000, 0x0000000091920000)
  from space 17024K,  38% used [0x0000000091920000, 0x0000000091f8eeb8, 0x00000000929c0000)
  to   space 17024K,   0% used [0x00000000929c0000, 0x00000000929c0000, 0x0000000093a60000)
 concurrent mark-sweep generation total 1775232K, used 1406658K [0x0000000093a60000, 0x0000000100000000, 0x0000000100000000)
 Metaspace       used 66193K, capacity 70610K, committed 70720K, reserved 1112064K
  class space    used 8102K, capacity 9112K, committed 9124K, reserved 1048576K
}
Event: 23329.912 GC heap before
{Heap before GC invocations=11770 (full 2):
 par new generation   total 153344K, used 142907K [0x0000000089400000, 0x0000000093a60000, 0x0000000093a60000)
  eden space 136320K, 100% used [0x0000000089400000, 0x0000000091920000, 0x0000000091920000)
  from space 17024K,  38% used [0x0000000091920000, 0x0000000091f8eeb8, 0x00000000929c0000)
  to   space 17024K,   0% used [0x00000000929c0000, 0x00000000929c0000, 0x0000000093a60000)
 concurrent mark-sweep generation total 1775232K, used 1406658K [0x0000000093a60000, 0x0000000100000000, 0x0000000100000000)
 Metaspace       used 66193K, capacity 70610K, committed 70720K, reserved 1112064K
  class space    used 8102K, capacity 9112K, committed 9124K, reserved 1048576K
Event: 23329.925 GC heap after
Heap after GC invocations=11771 (full 2):
 par new generation   total 153344K, used 6598K [0x0000000089400000, 0x0000000093a60000, 0x0000000093a60000)
  eden space 136320K,   0% used [0x0000000089400000, 0x0000000089400000, 0x0000000091920000)
  from space 17024K,  38% used [0x00000000929c0000, 0x00000000930319d0, 0x0000000093a60000)
  to   space 17024K,   0% used [0x0000000091920000, 0x0000000091920000, 0x00000000929c0000)
 concurrent mark-sweep generation total 1775232K, used 1406796K [0x0000000093a60000, 0x0000000100000000, 0x0000000100000000)
 Metaspace       used 66193K, capacity 70610K, committed 70720K, reserved 1112064K
  class space    used 8102K, capacity 9112K, committed 9124K, reserved 1048576K
}
Event: 23331.909 GC heap before
{Heap before GC invocations=11771 (full 2):
 par new generation   total 153344K, used 142918K [0x0000000089400000, 0x0000000093a60000, 0x0000000093a60000)
  eden space 136320K, 100% used [0x0000000089400000, 0x0000000091920000, 0x0000000091920000)
  from space 17024K,  38% used [0x00000000929c0000, 0x00000000930319d0, 0x0000000093a60000)
  to   space 17024K,   0% used [0x0000000091920000, 0x0000000091920000, 0x00000000929c0000)
 concurrent mark-sweep generation total 1775232K, used 1406796K [0x0000000093a60000, 0x0000000100000000, 0x0000000100000000)
 Metaspace       used 66193K, capacity 70610K, committed 70720K, reserved 1112064K
  class space    used 8102K, capacity 9112K, committed 9124K, reserved 1048576K
Event: 23331.924 GC heap after
Heap after GC invocations=11772 (full 2):
 par new generation   total 153344K, used 10701K [0x0000000089400000, 0x0000000093a60000, 0x0000000093a60000)
  eden space 136320K,   0% used [0x0000000089400000, 0x0000000089400000, 0x0000000091920000)
  from space 17024K,  62% used [0x0000000091920000, 0x0000000092393470, 0x00000000929c0000)
  to   space 17024K,   0% used [0x00000000929c0000, 0x00000000929c0000, 0x0000000093a60000)
 concurrent mark-sweep generation total 1775232K, used 1407008K [0x0000000093a60000, 0x0000000100000000, 0x0000000100000000)
 Metaspace       used 66193K, capacity 70610K, committed 70720K, reserved 1112064K
  class space    used 8102K, capacity 9112K, committed 9124K, reserved 1048576K
}
Event: 23334.203 GC heap before
{Heap before GC invocations=11772 (full 2):
 par new generation   total 153344K, used 147021K [0x0000000089400000, 0x0000000093a60000, 0x0000000093a60000)
  eden space 136320K, 100% used [0x0000000089400000, 0x0000000091920000, 0x0000000091920000)
  from space 17024K,  62% used [0x0000000091920000, 0x0000000092393470, 0x00000000929c0000)
  to   space 17024K,   0% used [0x00000000929c0000, 0x00000000929c0000, 0x0000000093a60000)
 concurrent mark-sweep generation total 1775232K, used 1407008K [0x0000000093a60000, 0x0000000100000000, 0x0000000100000000)
 Metaspace       used 66193K, capacity 70610K, committed 70720K, reserved 1112064K
  class space    used 8102K, capacity 9112K, committed 9124K, reserved 1048576K
Event: 23334.219 GC heap after
Heap after GC invocations=11773 (full 2):
 par new generation   total 153344K, used 10102K [0x0000000089400000, 0x0000000093a60000, 0x0000000093a60000)
  eden space 136320K,   0% used [0x0000000089400000, 0x0000000089400000, 0x0000000091920000)
  from space 17024K,  59% used [0x00000000929c0000, 0x000000009339dbe0, 0x0000000093a60000)
  to   space 17024K,   0% used [0x0000000091920000, 0x0000000091920000, 0x00000000929c0000)
 concurrent mark-sweep generation total 1775232K, used 1407376K [0x0000000093a60000, 0x0000000100000000, 0x0000000100000000)
 Metaspace       used 66193K, capacity 70610K, committed 70720K, reserved 1112064K
  class space    used 8102K, capacity 9112K, committed 9124K, reserved 1048576K
}
Event: 23336.254 GC heap before
{Heap before GC invocations=11773 (full 2):
 par new generation   total 153344K, used 146422K [0x0000000089400000, 0x0000000093a60000, 0x0000000093a60000)
  eden space 136320K, 100% used [0x0000000089400000, 0x0000000091920000, 0x0000000091920000)
  from space 17024K,  59% used [0x00000000929c0000, 0x000000009339dbe0, 0x0000000093a60000)
  to   space 17024K,   0% used [0x0000000091920000, 0x0000000091920000, 0x00000000929c0000)
 concurrent mark-sweep generation total 1775232K, used 1407376K [0x0000000093a60000, 0x0000000100000000, 0x0000000100000000)
 Metaspace       used 66193K, capacity 70610K, committed 70720K, reserved 1112064K
  class space    used 8102K, capacity 9112K, committed 9124K, reserved 1048576K
Event: 23336.270 GC heap after
Heap after GC invocations=11774 (full 2):
 par new generation   total 153344K, used 11093K [0x0000000089400000, 0x0000000093a60000, 0x0000000093a60000)
  eden space 136320K,   0% used [0x0000000089400000, 0x0000000089400000, 0x0000000091920000)
  from space 17024K,  65% used [0x0000000091920000, 0x00000000923f5770, 0x00000000929c0000)
  to   space 17024K,   0% used [0x00000000929c0000, 0x00000000929c0000, 0x0000000093a60000)
 concurrent mark-sweep generation total 1775232K, used 1407425K [0x0000000093a60000, 0x0000000100000000, 0x0000000100000000)
 Metaspace       used 66193K, capacity 70610K, committed 70720K, reserved 1112064K
  class space    used 8102K, capacity 9112K, committed 9124K, reserved 1048576K
}
Event: 23338.556 GC heap before
{Heap before GC invocations=11774 (full 2):
 par new generation   total 153344K, used 147413K [0x0000000089400000, 0x0000000093a60000, 0x0000000093a60000)
  eden space 136320K, 100% used [0x0000000089400000, 0x0000000091920000, 0x0000000091920000)
  from space 17024K,  65% used [0x0000000091920000, 0x00000000923f5770, 0x00000000929c0000)
  to   space 17024K,   0% used [0x00000000929c0000, 0x00000000929c0000, 0x0000000093a60000)
 concurrent mark-sweep generation total 1775232K, used 1407425K [0x0000000093a60000, 0x0000000100000000, 0x0000000100000000)
 Metaspace       used 66193K, capacity 70610K, committed 70720K, reserved 1112064K
  class space    used 8102K, capacity 9112K, committed 9124K, reserved 1048576K
Event: 23338.574 GC heap after
Heap after GC invocations=11775 (full 2):
 par new generation   total 153344K, used 13124K [0x0000000089400000, 0x0000000093a60000, 0x0000000093a60000)
  eden space 136320K,   0% used [0x0000000089400000, 0x0000000089400000, 0x0000000091920000)
  from space 17024K,  77% used [0x00000000929c0000, 0x00000000936913d0, 0x0000000093a60000)
  to   space 17024K,   0% used [0x0000000091920000, 0x0000000091920000, 0x00000000929c0000)
 concurrent mark-sweep generation total 1775232K, used 1408802K [0x0000000093a60000, 0x0000000100000000, 0x0000000100000000)
 Metaspace       used 66193K, capacity 70610K, committed 70720K, reserved 1112064K
  class space    used 8102K, capacity 9112K, committed 9124K, reserved 1048576K
}
Event: 23340.701 GC heap before
{Heap before GC invocations=11775 (full 2):
 par new generation   total 153344K, used 149444K [0x0000000089400000, 0x0000000093a60000, 0x0000000093a60000)
  eden space 136320K, 100% used [0x0000000089400000, 0x0000000091920000, 0x0000000091920000)
  from space 17024K,  77% used [0x00000000929c0000, 0x00000000936913d0, 0x0000000093a60000)
  to   space 17024K,   0% used [0x0000000091920000, 0x0000000091920000, 0x00000000929c0000)
 concurrent mark-sweep generation total 1775232K, used 1408802K [0x0000000093a60000, 0x0000000100000000, 0x0000000100000000)
 Metaspace       used 66193K, capacity 70610K, committed 70720K, reserved 1112064K
  class space    used 8102K, capacity 9112K, committed 9124K, reserved 1048576K
Event: 23340.719 GC heap after
Heap after GC invocations=11776 (full 2):
 par new generation   total 153344K, used 13231K [0x0000000089400000, 0x0000000093a60000, 0x0000000093a60000)
  eden space 136320K,   0% used [0x0000000089400000, 0x0000000089400000, 0x0000000091920000)
  from space 17024K,  77% used [0x0000000091920000, 0x000000009260bda0, 0x00000000929c0000)
  to   space 17024K,   0% used [0x00000000929c0000, 0x00000000929c0000, 0x0000000093a60000)
 concurrent mark-sweep generation total 1775232K, used 1409850K [0x0000000093a60000, 0x0000000100000000, 0x0000000100000000)
 Metaspace       used 66193K, capacity 70610K, committed 70720K, reserved 1112064K
  class space    used 8102K, capacity 9112K, committed 9124K, reserved 1048576K
}
Event: 23342.906 GC heap before
{Heap before GC invocations=11776 (full 2):
 par new generation   total 153344K, used 149551K [0x0000000089400000, 0x0000000093a60000, 0x0000000093a60000)
  eden space 136320K, 100% used [0x0000000089400000, 0x0000000091920000, 0x0000000091920000)
  from space 17024K,  77% used [0x0000000091920000, 0x000000009260bda0, 0x00000000929c0000)
  to   space 17024K,   0% used [0x00000000929c0000, 0x00000000929c0000, 0x0000000093a60000)
 concurrent mark-sweep generation total 1775232K, used 1409850K [0x0000000093a60000, 0x0000000100000000, 0x0000000100000000)
 Metaspace       used 66193K, capacity 70610K, committed 70720K, reserved 1112064K
  class space    used 8102K, capacity 9112K, committed 9124K, reserved 1048576K
Event: 23342.926 GC heap after
Heap after GC invocations=11777 (full 2):
 par new generation   total 153344K, used 15063K [0x0000000089400000, 0x0000000093a60000, 0x0000000093a60000)
  eden space 136320K,   0% used [0x0000000089400000, 0x0000000089400000, 0x0000000091920000)
  from space 17024K,  88% used [0x00000000929c0000, 0x0000000093875e40, 0x0000000093a60000)
  to   space 17024K,   0% used [0x0000000091920000, 0x0000000091920000, 0x00000000929c0000)
 concurrent mark-sweep generation total 1775232K, used 1412578K [0x0000000093a60000, 0x0000000100000000, 0x0000000100000000)
 Metaspace       used 66193K, capacity 70610K, committed 70720K, reserved 1112064K
  class space    used 8102K, capacity 9112K, committed 9124K, reserved 1048576K
}
Event: 23345.003 GC heap before
{Heap before GC invocations=11777 (full 2):
 par new generation   total 153344K, used 151383K [0x0000000089400000, 0x0000000093a60000, 0x0000000093a60000)
  eden space 136320K, 100% used [0x0000000089400000, 0x0000000091920000, 0x0000000091920000)
  from space 17024K,  88% used [0x00000000929c0000, 0x0000000093875e40, 0x0000000093a60000)
  to   space 17024K,   0% used [0x0000000091920000, 0x0000000091920000, 0x00000000929c0000)
 concurrent mark-sweep generation total 1775232K, used 1412578K [0x0000000093a60000, 0x0000000100000000, 0x0000000100000000)
 Metaspace       used 66193K, capacity 70610K, committed 70720K, reserved 1112064K
  class space    used 8102K, capacity 9112K, committed 9124K, reserved 1048576K
Event: 23345.020 GC heap after
Heap after GC invocations=11778 (full 2):
 par new generation   total 153344K, used 14194K [0x0000000089400000, 0x0000000093a60000, 0x0000000093a60000)
  eden space 136320K,   0% used [0x0000000089400000, 0x0000000089400000, 0x0000000091920000)
  from space 17024K,  83% used [0x0000000091920000, 0x00000000926fc9d0, 0x00000000929c0000)
  to   space 17024K,   0% used [0x00000000929c0000, 0x00000000929c0000, 0x0000000093a60000)
 concurrent mark-sweep generation total 1775232K, used 1412578K [0x0000000093a60000, 0x0000000100000000, 0x0000000100000000)
 Metaspace       used 66193K, capacity 70610K, committed 70720K, reserved 1112064K
  class space    used 8102K, capacity 9112K, committed 9124K, reserved 1048576K
}
Event: 23347.230 GC heap before
{Heap before GC invocations=11778 (full 2):
 par new generation   total 153344K, used 150514K [0x0000000089400000, 0x0000000093a60000, 0x0000000093a60000)
  eden space 136320K, 100% used [0x0000000089400000, 0x0000000091920000, 0x0000000091920000)
  from space 17024K,  83% used [0x0000000091920000, 0x00000000926fc9d0, 0x00000000929c0000)
  to   space 17024K,   0% used [0x00000000929c0000, 0x00000000929c0000, 0x0000000093a60000)
 concurrent mark-sweep generation total 1775232K, used 1412578K [0x0000000093a60000, 0x0000000100000000, 0x0000000100000000)
 Metaspace       used 66193K, capacity 70610K, committed 70720K, reserved 1112064K
  class space    used 8102K, capacity 9112K, committed 9124K, reserved 1048576K
Event: 23347.251 GC heap after
Heap after GC invocations=11779 (full 2):
 par new generation   total 153344K, used 14311K [0x0000000089400000, 0x0000000093a60000, 0x0000000093a60000)
  eden space 136320K,   0% used [0x0000000089400000, 0x0000000089400000, 0x0000000091920000)
  from space 17024K,  84% used [0x00000000929c0000, 0x00000000937b9e80, 0x0000000093a60000)
  to   space 17024K,   0% used [0x0000000091920000, 0x0000000091920000, 0x00000000929c0000)
 concurrent mark-sweep generation total 1775232K, used 1415919K [0x0000000093a60000, 0x0000000100000000, 0x0000000100000000)
 Metaspace       used 66193K, capacity 70610K, committed 70720K, reserved 1112064K
  class space    used 8102K, capacity 9112K, committed 9124K, reserved 1048576K
}
Event: 23349.510 GC heap before
{Heap before GC invocations=11779 (full 2):
 par new generation   total 153344K, used 150631K [0x0000000089400000, 0x0000000093a60000, 0x0000000093a60000)
  eden space 136320K, 100% used [0x0000000089400000, 0x0000000091920000, 0x0000000091920000)
  from space 17024K,  84% used [0x00000000929c0000, 0x00000000937b9e80, 0x0000000093a60000)
  to   space 17024K,   0% used [0x0000000091920000, 0x0000000091920000, 0x00000000929c0000)
 concurrent mark-sweep generation total 1775232K, used 1415919K [0x0000000093a60000, 0x0000000100000000, 0x0000000100000000)
 Metaspace       used 66193K, capacity 70610K, committed 70720K, reserved 1112064K
  class space    used 8102K, capacity 9112K, committed 9124K, reserved 1048576K
Event: 23349.527 GC heap after
Heap after GC invocations=11780 (full 2):
 par new generation   total 153344K, used 14031K [0x0000000089400000, 0x0000000093a60000, 0x0000000093a60000)
  eden space 136320K,   0% used [0x0000000089400000, 0x0000000089400000, 0x0000000091920000)
  from space 17024K,  82% used [0x0000000091920000, 0x00000000926d3d18, 0x00000000929c0000)
  to   space 17024K,   0% used [0x00000000929c0000, 0x00000000929c0000, 0x0000000093a60000)
 concurrent mark-sweep generation total 1775232K, used 1416926K [0x0000000093a60000, 0x0000000100000000, 0x0000000100000000)
 Metaspace       used 66193K, capacity 70610K, committed 70720K, reserved 1112064K
  class space    used 8102K, capacity 9112K, committed 9124K, reserved 1048576K
}
Event: 23351.761 GC heap before
{Heap before GC invocations=11780 (full 2):
 par new generation   total 153344K, used 150351K [0x0000000089400000, 0x0000000093a60000, 0x0000000093a60000)
  eden space 136320K, 100% used [0x0000000089400000, 0x0000000091920000, 0x0000000091920000)
  from space 17024K,  82% used [0x0000000091920000, 0x00000000926d3d18, 0x00000000929c0000)
  to   space 17024K,   0% used [0x00000000929c0000, 0x00000000929c0000, 0x0000000093a60000)
 concurrent mark-sweep generation total 1775232K, used 1416926K [0x0000000093a60000, 0x0000000100000000, 0x0000000100000000)
 Metaspace       used 66193K, capacity 70610K, committed 70720K, reserved 1112064K
  class space    used 8102K, capacity 9112K, committed 9124K, reserved 1048576K
Event: 23351.780 GC heap after
Heap after GC invocations=11781 (full 2):
 par new generation   total 153344K, used 13739K [0x0000000089400000, 0x0000000093a60000, 0x0000000093a60000)
  eden space 136320K,   0% used [0x0000000089400000, 0x0000000089400000, 0x0000000091920000)
  from space 17024K,  80% used [0x00000000929c0000, 0x000000009372adc0, 0x0000000093a60000)
  to   space 17024K,   0% used [0x0000000091920000, 0x0000000091920000, 0x00000000929c0000)
 concurrent mark-sweep generation total 1775232K, used 1419659K [0x0000000093a60000, 0x0000000100000000, 0x0000000100000000)
 Metaspace       used 66193K, capacity 70610K, committed 70720K, reserved 1112064K
  class space    used 8102K, capacity 9112K, committed 9124K, reserved 1048576K
}
Event: 23353.911 GC heap before
{Heap before GC invocations=11781 (full 2):
 par new generation   total 153344K, used 150059K [0x0000000089400000, 0x0000000093a60000, 0x0000000093a60000)
  eden space 136320K, 100% used [0x0000000089400000, 0x0000000091920000, 0x0000000091920000)
  from space 17024K,  80% used [0x00000000929c0000, 0x000000009372adc0, 0x0000000093a60000)
  to   space 17024K,   0% used [0x0000000091920000, 0x0000000091920000, 0x00000000929c0000)
 concurrent mark-sweep generation total 1775232K, used 1419659K [0x0000000093a60000, 0x0000000100000000, 0x0000000100000000)
 Metaspace       used 66193K, capacity 70610K, committed 70720K, reserved 1112064K
  class space    used 8102K, capacity 9112K, committed 9124K, reserved 1048576K
Event: 23353.927 GC heap after
Heap after GC invocations=11782 (full 2):
 par new generation   total 153344K, used 12092K [0x0000000089400000, 0x0000000093a60000, 0x0000000093a60000)
  eden space 136320K,   0% used [0x0000000089400000, 0x0000000089400000, 0x0000000091920000)
  from space 17024K,  71% used [0x0000000091920000, 0x00000000924ef278, 0x00000000929c0000)
  to   space 17024K,   0% used [0x00000000929c0000, 0x00000000929c0000, 0x0000000093a60000)
 concurrent mark-sweep generation total 1775232K, used 1419659K [0x0000000093a60000, 0x0000000100000000, 0x0000000100000000)
 Metaspace       used 66193K, capacity 70610K, committed 70720K, reserved 1112064K
  class space    used 8102K, capacity 9112K, committed 9124K, reserved 1048576K
}
Event: 23356.071 GC heap before
{Heap before GC invocations=11782 (full 2):
 par new generation   total 153344K, used 148412K [0x0000000089400000, 0x0000000093a60000, 0x0000000093a60000)
  eden space 136320K, 100% used [0x0000000089400000, 0x0000000091920000, 0x0000000091920000)
  from space 17024K,  71% used [0x0000000091920000, 0x00000000924ef278, 0x00000000929c0000)
  to   space 17024K,   0% used [0x00000000929c0000, 0x00000000929c0000, 0x0000000093a60000)
 concurrent mark-sweep generation total 1775232K, used 1419659K [0x0000000093a60000, 0x0000000100000000, 0x0000000100000000)
 Metaspace       used 66193K, capacity 70610K, committed 70720K, reserved 1112064K
  class space    used 8102K, capacity 9112K, committed 9124K, reserved 1048576K
Event: 23356.091 GC heap after
Heap after GC invocations=11783 (full 2):
 par new generation   total 153344K, used 11926K [0x0000000089400000, 0x0000000093a60000, 0x0000000093a60000)
  eden space 136320K,   0% used [0x0000000089400000, 0x0000000089400000, 0x0000000091920000)
  from space 17024K,  70% used [0x00000000929c0000, 0x0000000093565810, 0x0000000093a60000)
  to   space 17024K,   0% used [0x0000000091920000, 0x0000000091920000, 0x00000000929c0000)
 concurrent mark-sweep generation total 1775232K, used 1421735K [0x0000000093a60000, 0x0000000100000000, 0x0000000100000000)
 Metaspace       used 66193K, capacity 70610K, committed 70720K, reserved 1112064K
  class space    used 8102K, capacity 9112K, committed 9124K, reserved 1048576K
}
Event: 23358.296 GC heap before
{Heap before GC invocations=11783 (full 2):
 par new generation   total 153344K, used 148246K [0x0000000089400000, 0x0000000093a60000, 0x0000000093a60000)
  eden space 136320K, 100% used [0x0000000089400000, 0x0000000091920000, 0x0000000091920000)
  from space 17024K,  70% used [0x00000000929c0000, 0x0000000093565810, 0x0000000093a60000)
  to   space 17024K,   0% used [0x0000000091920000, 0x0000000091920000, 0x00000000929c0000)
 concurrent mark-sweep generation total 1775232K, used 1421735K [0x0000000093a60000, 0x0000000100000000, 0x0000000100000000)
 Metaspace       used 66193K, capacity 70610K, committed 70720K, reserved 1112064K
  class space    used 8102K, capacity 9112K, committed 9124K, reserved 1048576K
Event: 23358.313 GC heap after
Heap after GC invocations=11784 (full 2):
 par new generation   total 153344K, used 13771K [0x0000000089400000, 0x0000000093a60000, 0x0000000093a60000)
  eden space 136320K,   0% used [0x0000000089400000, 0x0000000089400000, 0x0000000091920000)
  from space 17024K,  80% used [0x0000000091920000, 0x0000000092692f68, 0x00000000929c0000)
  to   space 17024K,   0% used [0x00000000929c0000, 0x00000000929c0000, 0x0000000093a60000)
 concurrent mark-sweep generation total 1775232K, used 1423516K [0x0000000093a60000, 0x0000000100000000, 0x0000000100000000)
 Metaspace       used 66193K, capacity 70610K, committed 70720K, reserved 1112064K
  class space    used 8102K, capacity 9112K, committed 9124K, reserved 1048576K
}
Event: 23360.568 GC heap before
{Heap before GC invocations=11784 (full 2):
 par new generation   total 153344K, used 150091K [0x0000000089400000, 0x0000000093a60000, 0x0000000093a60000)
  eden space 136320K, 100% used [0x0000000089400000, 0x0000000091920000, 0x0000000091920000)
  from space 17024K,  80% used [0x0000000091920000, 0x0000000092692f68, 0x00000000929c0000)
  to   space 17024K,   0% used [0x00000000929c0000, 0x00000000929c0000, 0x0000000093a60000)
 concurrent mark-sweep generation total 1775232K, used 1423516K [0x0000000093a60000, 0x0000000100000000, 0x0000000100000000)
 Metaspace       used 66193K, capacity 70610K, committed 70720K, reserved 1112064K
  class space    used 8102K, capacity 9112K, committed 9124K, reserved 1048576K
Event: 23360.582 GC heap after
Heap after GC invocations=11785 (full 2):
 par new generation   total 153344K, used 7391K [0x0000000089400000, 0x0000000093a60000, 0x0000000093a60000)
  eden space 136320K,   0% used [0x0000000089400000, 0x0000000089400000, 0x0000000091920000)
  from space 17024K,  43% used [0x00000000929c0000, 0x00000000930f7dd8, 0x0000000093a60000)
  to   space 17024K,   0% used [0x0000000091920000, 0x0000000091920000, 0x00000000929c0000)
 concurrent mark-sweep generation total 1775232K, used 1423516K [0x0000000093a60000, 0x0000000100000000, 0x0000000100000000)
 Metaspace       used 66193K, capacity 70610K, committed 70720K, reserved 1112064K
  class space    used 8102K, capacity 9112K, committed 9124K, reserved 1048576K
}
Event: 23362.767 GC heap before
{Heap before GC invocations=11785 (full 2):
 par new generation   total 153344K, used 143711K [0x0000000089400000, 0x0000000093a60000, 0x0000000093a60000)
  eden space 136320K, 100% used [0x0000000089400000, 0x0000000091920000, 0x0000000091920000)
  from space 17024K,  43% used [0x00000000929c0000, 0x00000000930f7dd8, 0x0000000093a60000)
  to   space 17024K,   0% used [0x0000000091920000, 0x0000000091920000, 0x00000000929c0000)
 concurrent mark-sweep generation total 1775232K, used 1423516K [0x0000000093a60000, 0x0000000100000000, 0x0000000100000000)
 Metaspace       used 66193K, capacity 70610K, committed 70720K, reserved 1112064K
  class space    used 8102K, capacity 9112K, committed 9124K, reserved 1048576K
Event: 23362.782 GC heap after
Heap after GC invocations=11786 (full 2):
 par new generation   total 153344K, used 9077K [0x0000000089400000, 0x0000000093a60000, 0x0000000093a60000)
  eden space 136320K,   0% used [0x0000000089400000, 0x0000000089400000, 0x0000000091920000)
  from space 17024K,  53% used [0x0000000091920000, 0x00000000921fd4a0, 0x00000000929c0000)
  to   space 17024K,   0% used [0x00000000929c0000, 0x00000000929c0000, 0x0000000093a60000)
 concurrent mark-sweep generation total 1775232K, used 1423977K [0x0000000093a60000, 0x0000000100000000, 0x0000000100000000)
 Metaspace       used 66193K, capacity 70610K, committed 70720K, reserved 1112064K
  class space    used 8102K, capacity 9112K, committed 9124K, reserved 1048576K
}
Event: 23364.871 GC heap before
{Heap before GC invocations=11786 (full 2):
 par new generation   total 153344K, used 145397K [0x0000000089400000, 0x0000000093a60000, 0x0000000093a60000)
  eden space 136320K, 100% used [0x0000000089400000, 0x0000000091920000, 0x0000000091920000)
  from space 17024K,  53% used [0x0000000091920000, 0x00000000921fd4a0, 0x00000000929c0000)
  to   space 17024K,   0% used [0x00000000929c0000, 0x00000000929c0000, 0x0000000093a60000)
 concurrent mark-sweep generation total 1775232K, used 1423977K [0x0000000093a60000, 0x0000000100000000, 0x0000000100000000)
 Metaspace       used 66193K, capacity 70610K, committed 70720K, reserved 1112064K
  class space    used 8102K, capacity 9112K, committed 9124K, reserved 1048576K
Event: 23364.885 GC heap after
Heap after GC invocations=11787 (full 2):
 par new generation   total 153344K, used 9661K [0x0000000089400000, 0x0000000093a60000, 0x0000000093a60000)
  eden space 136320K,   0% used [0x0000000089400000, 0x0000000089400000, 0x0000000091920000)
  from space 17024K,  56% used [0x00000000929c0000, 0x000000009332f588, 0x0000000093a60000)
  to   space 17024K,   0% used [0x0000000091920000, 0x0000000091920000, 0x00000000929c0000)
 concurrent mark-sweep generation total 1775232K, used 1424919K [0x0000000093a60000, 0x0000000100000000, 0x0000000100000000)
 Metaspace       used 66193K, capacity 70610K, committed 70720K, reserved 1112064K
  class space    used 8102K, capacity 9112K, committed 9124K, reserved 1048576K
}
Event: 23367.014 GC heap before
{Heap before GC invocations=11787 (full 2):
 par new generation   total 153344K, used 145981K [0x0000000089400000, 0x0000000093a60000, 0x0000000093a60000)
  eden space 136320K, 100% used [0x0000000089400000, 0x0000000091920000, 0x0000000091920000)
  from space 17024K,  56% used [0x00000000929c0000, 0x000000009332f588, 0x0000000093a60000)
  to   space 17024K,   0% used [0x0000000091920000, 0x0000000091920000, 0x00000000929c0000)
 concurrent mark-sweep generation total 1775232K, used 1424919K [0x0000000093a60000, 0x0000000100000000, 0x0000000100000000)
 Metaspace       used 66193K, capacity 70610K, committed 70720K, reserved 1112064K
  class space    used 8102K, capacity 9112K, committed 9124K, reserved 1048576K
Event: 23367.029 GC heap after
Heap after GC invocations=11788 (full 2):
 par new generation   total 153344K, used 7094K [0x0000000089400000, 0x0000000093a60000, 0x0000000093a60000)
  eden space 136320K,   0% used [0x0000000089400000, 0x0000000089400000, 0x0000000091920000)
  from space 17024K,  41% used [0x0000000091920000, 0x000000009200dbd8, 0x00000000929c0000)
  to   space 17024K,   0% used [0x00000000929c0000, 0x00000000929c0000, 0x0000000093a60000)
 concurrent mark-sweep generation total 1775232K, used 1425761K [0x0000000093a60000, 0x0000000100000000, 0x0000000100000000)
 Metaspace       used 66193K, capacity 70610K, committed 70720K, reserved 1112064K
  class space    used 8102K, capacity 9112K, committed 9124K, reserved 1048576K
}
Event: 23368.973 GC heap before
{Heap before GC invocations=11788 (full 2):
 par new generation   total 153344K, used 143414K [0x0000000089400000, 0x0000000093a60000, 0x0000000093a60000)
  eden space 136320K, 100% used [0x0000000089400000, 0x0000000091920000, 0x0000000091920000)
  from space 17024K,  41% used [0x0000000091920000, 0x000000009200dbd8, 0x00000000929c0000)
  to   space 17024K,   0% used [0x00000000929c0000, 0x00000000929c0000, 0x0000000093a60000)
 concurrent mark-sweep generation total 1775232K, used 1425761K [0x0000000093a60000, 0x0000000100000000, 0x0000000100000000)
 Metaspace       used 66193K, capacity 70610K, committed 70720K, reserved 1112064K
  class space    used 8102K, capacity 9112K, committed 9124K, reserved 1048576K
Event: 23368.987 GC heap after
Heap after GC invocations=11789 (full 2):
 par new generation   total 153344K, used 7753K [0x0000000089400000, 0x0000000093a60000, 0x0000000093a60000)
  eden space 136320K,   0% used [0x0000000089400000, 0x0000000089400000, 0x0000000091920000)
  from space 17024K,  45% used [0x00000000929c0000, 0x0000000093152630, 0x0000000093a60000)
  to   space 17024K,   0% used [0x0000000091920000, 0x0000000091920000, 0x00000000929c0000)
 concurrent mark-sweep generation total 1775232K, used 1425971K [0x0000000093a60000, 0x0000000100000000, 0x0000000100000000)
 Metaspace       used 66193K, capacity 70610K, committed 70720K, reserved 1112064K
  class space    used 8102K, capacity 9112K, committed 9124K, reserved 1048576K
}
Event: 23370.989 GC heap before
{Heap before GC invocations=11789 (full 2):
 par new generation   total 153344K, used 144073K [0x0000000089400000, 0x0000000093a60000, 0x0000000093a60000)
  eden space 136320K, 100% used [0x0000000089400000, 0x0000000091920000, 0x0000000091920000)
  from space 17024K,  45% used [0x00000000929c0000, 0x0000000093152630, 0x0000000093a60000)
  to   space 17024K,   0% used [0x0000000091920000, 0x0000000091920000, 0x00000000929c0000)
 concurrent mark-sweep generation total 1775232K, used 1425971K [0x0000000093a60000, 0x0000000100000000, 0x0000000100000000)
 Metaspace       used 66193K, capacity 70610K, committed 70720K, reserved 1112064K
  class space    used 8102K, capacity 9112K, committed 9124K, reserved 1048576K
Event: 23371.006 GC heap after
Heap after GC invocations=11790 (full 2):
 par new generation   total 153344K, used 11294K [0x0000000089400000, 0x0000000093a60000, 0x0000000093a60000)
  eden space 136320K,   0% used [0x0000000089400000, 0x0000000089400000, 0x0000000091920000)
  from space 17024K,  66% used [0x0000000091920000, 0x0000000092427b70, 0x00000000929c0000)
  to   space 17024K,   0% used [0x00000000929c0000, 0x00000000929c0000, 0x0000000093a60000)
 concurrent mark-sweep generation total 1775232K, used 1426410K [0x0000000093a60000, 0x0000000100000000, 0x0000000100000000)
 Metaspace       used 66193K, capacity 70610K, committed 70720K, reserved 1112064K
  class space    used 8102K, capacity 9112K, committed 9124K, reserved 1048576K
}
Event: 23373.072 GC heap before
{Heap before GC invocations=11790 (full 2):
 par new generation   total 153344K, used 147614K [0x0000000089400000, 0x0000000093a60000, 0x0000000093a60000)
  eden space 136320K, 100% used [0x0000000089400000, 0x0000000091920000, 0x0000000091920000)
  from space 17024K,  66% used [0x0000000091920000, 0x0000000092427b70, 0x00000000929c0000)
  to   space 17024K,   0% used [0x00000000929c0000, 0x00000000929c0000, 0x0000000093a60000)
 concurrent mark-sweep generation total 1775232K, used 1426410K [0x0000000093a60000, 0x0000000100000000, 0x0000000100000000)
 Metaspace       used 66193K, capacity 70610K, committed 70720K, reserved 1112064K
  class space    used 8102K, capacity 9112K, committed 9124K, reserved 1048576K
Event: 23373.089 GC heap after
Heap after GC invocations=11791 (full 2):
 par new generation   total 153344K, used 10823K [0x0000000089400000, 0x0000000093a60000, 0x0000000093a60000)
  eden space 136320K,   0% used [0x0000000089400000, 0x0000000089400000, 0x0000000091920000)
  from space 17024K,  63% used [0x00000000929c0000, 0x0000000093451fd8, 0x0000000093a60000)
  to   space 17024K,   0% used [0x0000000091920000, 0x0000000091920000, 0x00000000929c0000)
 concurrent mark-sweep generation total 1775232K, used 1426837K [0x0000000093a60000, 0x0000000100000000, 0x0000000100000000)
 Metaspace       used 66193K, capacity 70610K, committed 70720K, reserved 1112064K
  class space    used 8102K, capacity 9112K, committed 9124K, reserved 1048576K
}
Event: 23375.146 GC heap before
{Heap before GC invocations=11791 (full 2):
 par new generation   total 153344K, used 147143K [0x0000000089400000, 0x0000000093a60000, 0x0000000093a60000)
  eden space 136320K, 100% used [0x0000000089400000, 0x0000000091920000, 0x0000000091920000)
  from space 17024K,  63% used [0x00000000929c0000, 0x0000000093451fd8, 0x0000000093a60000)
  to   space 17024K,   0% used [0x0000000091920000, 0x0000000091920000, 0x00000000929c0000)
 concurrent mark-sweep generation total 1775232K, used 1426837K [0x0000000093a60000, 0x0000000100000000, 0x0000000100000000)
 Metaspace       used 66193K, capacity 70610K, committed 70720K, reserved 1112064K
  class space    used 8102K, capacity 9112K, committed 9124K, reserved 1048576K
Event: 23375.163 GC heap after
Heap after GC invocations=11792 (full 2):
 par new generation   total 153344K, used 12070K [0x0000000089400000, 0x0000000093a60000, 0x0000000093a60000)
  eden space 136320K,   0% used [0x0000000089400000, 0x0000000089400000, 0x0000000091920000)
  from space 17024K,  70% used [0x0000000091920000, 0x00000000924e9bb8, 0x00000000929c0000)
  to   space 17024K,   0% used [0x00000000929c0000, 0x00000000929c0000, 0x0000000093a60000)
 concurrent mark-sweep generation total 1775232K, used 1427444K [0x0000000093a60000, 0x0000000100000000, 0x0000000100000000)
 Metaspace       used 66193K, capacity 70610K, committed 70720K, reserved 1112064K
  class space    used 8102K, capacity 9112K, committed 9124K, reserved 1048576K
}
Event: 23377.175 GC heap before
{Heap before GC invocations=11792 (full 2):
 par new generation   total 153344K, used 148390K [0x0000000089400000, 0x0000000093a60000, 0x0000000093a60000)
  eden space 136320K, 100% used [0x0000000089400000, 0x0000000091920000, 0x0000000091920000)
  from space 17024K,  70% used [0x0000000091920000, 0x00000000924e9bb8, 0x00000000929c0000)
  to   space 17024K,   0% used [0x00000000929c0000, 0x00000000929c0000, 0x0000000093a60000)
 concurrent mark-sweep generation total 1775232K, used 1427444K [0x0000000093a60000, 0x0000000100000000, 0x0000000100000000)
 Metaspace       used 66196K, capacity 70612K, committed 70720K, reserved 1112064K
  class space    used 8103K, capacity 9113K, committed 9124K, reserved 1048576K
Event: 23377.192 GC heap after
Heap after GC invocations=11793 (full 2):
 par new generation   total 153344K, used 13046K [0x0000000089400000, 0x0000000093a60000, 0x0000000093a60000)
  eden space 136320K,   0% used [0x0000000089400000, 0x0000000089400000, 0x0000000091920000)
  from space 17024K,  76% used [0x00000000929c0000, 0x000000009367da30, 0x0000000093a60000)
  to   space 17024K,   0% used [0x0000000091920000, 0x0000000091920000, 0x00000000929c0000)
 concurrent mark-sweep generation total 1775232K, used 1427874K [0x0000000093a60000, 0x0000000100000000, 0x0000000100000000)
 Metaspace       used 66196K, capacity 70612K, committed 70720K, reserved 1112064K
  class space    used 8103K, capacity 9113K, committed 9124K, reserved 1048576K
}
Event: 23378.878 GC heap before
{Heap before GC invocations=11793 (full 2):
 par new generation   total 153344K, used 149366K [0x0000000089400000, 0x0000000093a60000, 0x0000000093a60000)
  eden space 136320K, 100% used [0x0000000089400000, 0x0000000091920000, 0x0000000091920000)
  from space 17024K,  76% used [0x00000000929c0000, 0x000000009367da30, 0x0000000093a60000)
  to   space 17024K,   0% used [0x0000000091920000, 0x0000000091920000, 0x00000000929c0000)
 concurrent mark-sweep generation total 1775232K, used 1427874K [0x0000000093a60000, 0x0000000100000000, 0x0000000100000000)
 Metaspace       used 66226K, capacity 70676K, committed 70720K, reserved 1112064K
  class space    used 8104K, capacity 9113K, committed 9124K, reserved 1048576K
Event: 23378.897 GC heap after
Heap after GC invocations=11794 (full 2):
 par new generation   total 153344K, used 13851K [0x0000000089400000, 0x0000000093a60000, 0x0000000093a60000)
  eden space 136320K,   0% used [0x0000000089400000, 0x0000000089400000, 0x0000000091920000)
  from space 17024K,  81% used [0x0000000091920000, 0x00000000926a6d68, 0x00000000929c0000)
  to   space 17024K,   0% used [0x00000000929c0000, 0x00000000929c0000, 0x0000000093a60000)
 concurrent mark-sweep generation total 1775232K, used 1429915K [0x0000000093a60000, 0x0000000100000000, 0x0000000100000000)
 Metaspace       used 66226K, capacity 70676K, committed 70720K, reserved 1112064K
  class space    used 8104K, capacity 9113K, committed 9124K, reserved 1048576K
}
Event: 23380.831 GC heap before
{Heap before GC invocations=11794 (full 2):
 par new generation   total 153344K, used 150171K [0x0000000089400000, 0x0000000093a60000, 0x0000000093a60000)
  eden space 136320K, 100% used [0x0000000089400000, 0x0000000091920000, 0x0000000091920000)
  from space 17024K,  81% used [0x0000000091920000, 0x00000000926a6d68, 0x00000000929c0000)
  to   space 17024K,   0% used [0x00000000929c0000, 0x00000000929c0000, 0x0000000093a60000)
 concurrent mark-sweep generation total 1775232K, used 1429915K [0x0000000093a60000, 0x0000000100000000, 0x0000000100000000)
 Metaspace       used 66226K, capacity 70676K, committed 70720K, reserved 1112064K
  class space    used 8104K, capacity 9113K, committed 9124K, reserved 1048576K
Event: 23380.850 GC heap after
Heap after GC invocations=11795 (full 2):
 par new generation   total 153344K, used 13217K [0x0000000089400000, 0x0000000093a60000, 0x0000000093a60000)
  eden space 136320K,   0% used [0x0000000089400000, 0x0000000089400000, 0x0000000091920000)
  from space 17024K,  77% used [0x00000000929c0000, 0x00000000936a8620, 0x0000000093a60000)
  to   space 17024K,   0% used [0x0000000091920000, 0x0000000091920000, 0x00000000929c0000)
 concurrent mark-sweep generation total 1775232K, used 1430865K [0x0000000093a60000, 0x0000000100000000, 0x0000000100000000)
 Metaspace       used 66226K, capacity 70676K, committed 70720K, reserved 1112064K
  class space    used 8104K, capacity 9113K, committed 9124K, reserved 1048576K
}
Event: 23382.930 GC heap before
{Heap before GC invocations=11795 (full 2):
 par new generation   total 153344K, used 149537K [0x0000000089400000, 0x0000000093a60000, 0x0000000093a60000)
  eden space 136320K, 100% used [0x0000000089400000, 0x0000000091920000, 0x0000000091920000)
  from space 17024K,  77% used [0x00000000929c0000, 0x00000000936a8620, 0x0000000093a60000)
  to   space 17024K,   0% used [0x0000000091920000, 0x0000000091920000, 0x00000000929c0000)
 concurrent mark-sweep generation total 1775232K, used 1430865K [0x0000000093a60000, 0x0000000100000000, 0x0000000100000000)
 Metaspace       used 66226K, capacity 70676K, committed 70720K, reserved 1112064K
  class space    used 8104K, capacity 9113K, committed 9124K, reserved 1048576K
Event: 23382.950 GC heap after
Heap after GC invocations=11796 (full 2):
 par new generation   total 153344K, used 13731K [0x0000000089400000, 0x0000000093a60000, 0x0000000093a60000)
  eden space 136320K,   0% used [0x0000000089400000, 0x0000000089400000, 0x0000000091920000)
  from space 17024K,  80% used [0x0000000091920000, 0x0000000092688e68, 0x00000000929c0000)
  to   space 17024K,   0% used [0x00000000929c0000, 0x00000000929c0000, 0x0000000093a60000)
 concurrent mark-sweep generation total 1775232K, used 1433242K [0x0000000093a60000, 0x0000000100000000, 0x0000000100000000)
 Metaspace       used 66226K, capacity 70676K, committed 70720K, reserved 1112064K
  class space    used 8104K, capacity 9113K, committed 9124K, reserved 1048576K
}
Event: 23385.130 GC heap before
{Heap before GC invocations=11796 (full 2):
 par new generation   total 153344K, used 150051K [0x0000000089400000, 0x0000000093a60000, 0x0000000093a60000)
  eden space 136320K, 100% used [0x0000000089400000, 0x0000000091920000, 0x0000000091920000)
  from space 17024K,  80% used [0x0000000091920000, 0x0000000092688e68, 0x00000000929c0000)
  to   space 17024K,   0% used [0x00000000929c0000, 0x00000000929c0000, 0x0000000093a60000)
 concurrent mark-sweep generation total 1775232K, used 1433242K [0x0000000093a60000, 0x0000000100000000, 0x0000000100000000)
 Metaspace       used 66226K, capacity 70676K, committed 70720K, reserved 1112064K
  class space    used 8104K, capacity 9113K, committed 9124K, reserved 1048576K
Event: 23385.148 GC heap after
Heap after GC invocations=11797 (full 2):
 par new generation   total 153344K, used 10755K [0x0000000089400000, 0x0000000093a60000, 0x0000000093a60000)
  eden space 136320K,   0% used [0x0000000089400000, 0x0000000089400000, 0x0000000091920000)
  from space 17024K,  63% used [0x00000000929c0000, 0x0000000093440e00, 0x0000000093a60000)
  to   space 17024K,   0% used [0x0000000091920000, 0x0000000091920000, 0x00000000929c0000)
 concurrent mark-sweep generation total 1775232K, used 1434308K [0x0000000093a60000, 0x0000000100000000, 0x0000000100000000)
 Metaspace       used 66226K, capacity 70676K, committed 70720K, reserved 1112064K
  class space    used 8104K, capacity 9113K, committed 9124K, reserved 1048576K
}
Event: 23387.377 GC heap before
{Heap before GC invocations=11797 (full 2):
 par new generation   total 153344K, used 147075K [0x0000000089400000, 0x0000000093a60000, 0x0000000093a60000)
  eden space 136320K, 100% used [0x0000000089400000, 0x0000000091920000, 0x0000000091920000)
  from space 17024K,  63% used [0x00000000929c0000, 0x0000000093440e00, 0x0000000093a60000)
  to   space 17024K,   0% used [0x0000000091920000, 0x0000000091920000, 0x00000000929c0000)
 concurrent mark-sweep generation total 1775232K, used 1434308K [0x0000000093a60000, 0x0000000100000000, 0x0000000100000000)
 Metaspace       used 66226K, capacity 70676K, committed 70720K, reserved 1112064K
  class space    used 8104K, capacity 9113K, committed 9124K, reserved 1048576K
Event: 23387.395 GC heap after
Heap after GC invocations=11798 (full 2):
 par new generation   total 153344K, used 11087K [0x0000000089400000, 0x0000000093a60000, 0x0000000093a60000)
  eden space 136320K,   0% used [0x0000000089400000, 0x0000000089400000, 0x0000000091920000)
  from space 17024K,  65% used [0x0000000091920000, 0x00000000923f3e68, 0x00000000929c0000)
  to   space 17024K,   0% used [0x00000000929c0000, 0x00000000929c0000, 0x0000000093a60000)
 concurrent mark-sweep generation total 1775232K, used 1435424K [0x0000000093a60000, 0x0000000100000000, 0x0000000100000000)
 Metaspace       used 66226K, capacity 70676K, committed 70720K, reserved 1112064K
  class space    used 8104K, capacity 9113K, committed 9124K, reserved 1048576K
}
Event: 23389.630 GC heap before
{Heap before GC invocations=11798 (full 2):
 par new generation   total 153344K, used 147407K [0x0000000089400000, 0x0000000093a60000, 0x0000000093a60000)
  eden space 136320K, 100% used [0x0000000089400000, 0x0000000091920000, 0x0000000091920000)
  from space 17024K,  65% used [0x0000000091920000, 0x00000000923f3e68, 0x00000000929c0000)
  to   space 17024K,   0% used [0x00000000929c0000, 0x00000000929c0000, 0x0000000093a60000)
 concurrent mark-sweep generation total 1775232K, used 1435424K [0x0000000093a60000, 0x0000000100000000, 0x0000000100000000)
 Metaspace       used 66226K, capacity 70676K, committed 70720K, reserved 1112064K
  class space    used 8104K, capacity 9113K, committed 9124K, reserved 1048576K
Event: 23389.647 GC heap after
Heap after GC invocations=11799 (full 2):
 par new generation   total 153344K, used 12275K [0x0000000089400000, 0x0000000093a60000, 0x0000000093a60000)
  eden space 136320K,   0% used [0x0000000089400000, 0x0000000089400000, 0x0000000091920000)
  from space 17024K,  72% used [0x00000000929c0000, 0x00000000935bce08, 0x0000000093a60000)
  to   space 17024K,   0% used [0x0000000091920000, 0x0000000091920000, 0x00000000929c0000)
 concurrent mark-sweep generation total 1775232K, used 1436776K [0x0000000093a60000, 0x0000000100000000, 0x0000000100000000)
 Metaspace       used 66226K, capacity 70676K, committed 70720K, reserved 1112064K
  class space    used 8104K, capacity 9113K, committed 9124K, reserved 1048576K
}
Event: 23391.882 GC heap before
{Heap before GC invocations=11799 (full 2):
 par new generation   total 153344K, used 148595K [0x0000000089400000, 0x0000000093a60000, 0x0000000093a60000)
  eden space 136320K, 100% used [0x0000000089400000, 0x0000000091920000, 0x0000000091920000)
  from space 17024K,  72% used [0x00000000929c0000, 0x00000000935bce08, 0x0000000093a60000)
  to   space 17024K,   0% used [0x0000000091920000, 0x0000000091920000, 0x00000000929c0000)
 concurrent mark-sweep generation total 1775232K, used 1436776K [0x0000000093a60000, 0x0000000100000000, 0x0000000100000000)
 Metaspace       used 66227K, capacity 70680K, committed 70720K, reserved 1112064K
  class space    used 8104K, capacity 9113K, committed 9124K, reserved 1048576K
Event: 23391.899 GC heap after
Heap after GC invocations=11800 (full 2):
 par new generation   total 153344K, used 11614K [0x0000000089400000, 0x0000000093a60000, 0x0000000093a60000)
  eden space 136320K,   0% used [0x0000000089400000, 0x0000000089400000, 0x0000000091920000)
  from space 17024K,  68% used [0x0000000091920000, 0x0000000092477b50, 0x00000000929c0000)
  to   space 17024K,   0% used [0x00000000929c0000, 0x00000000929c0000, 0x0000000093a60000)
 concurrent mark-sweep generation total 1775232K, used 1438016K [0x0000000093a60000, 0x0000000100000000, 0x0000000100000000)
 Metaspace       used 66227K, capacity 70680K, committed 70720K, reserved 1112064K
  class space    used 8104K, capacity 9113K, committed 9124K, reserved 1048576K
}
Event: 23394.031 GC heap before
{Heap before GC invocations=11800 (full 2):
 par new generation   total 153344K, used 147934K [0x0000000089400000, 0x0000000093a60000, 0x0000000093a60000)
  eden space 136320K, 100% used [0x0000000089400000, 0x0000000091920000, 0x0000000091920000)
  from space 17024K,  68% used [0x0000000091920000, 0x0000000092477b50, 0x00000000929c0000)
  to   space 17024K,   0% used [0x00000000929c0000, 0x00000000929c0000, 0x0000000093a60000)
 concurrent mark-sweep generation total 1775232K, used 1438016K [0x0000000093a60000, 0x0000000100000000, 0x0000000100000000)
 Metaspace       used 66227K, capacity 70680K, committed 70720K, reserved 1112064K
  class space    used 8104K, capacity 9113K, committed 9124K, reserved 1048576K
Event: 23394.048 GC heap after
Heap after GC invocations=11801 (full 2):
 par new generation   total 153344K, used 11381K [0x0000000089400000, 0x0000000093a60000, 0x0000000093a60000)
  eden space 136320K,   0% used [0x0000000089400000, 0x0000000089400000, 0x0000000091920000)
  from space 17024K,  66% used [0x00000000929c0000, 0x00000000934dd4c0, 0x0000000093a60000)
  to   space 17024K,   0% used [0x0000000091920000, 0x0000000091920000, 0x00000000929c0000)
 concurrent mark-sweep generation total 1775232K, used 1438668K [0x0000000093a60000, 0x0000000100000000, 0x0000000100000000)
 Metaspace       used 66227K, capacity 70680K, committed 70720K, reserved 1112064K
  class space    used 8104K, capacity 9113K, committed 9124K, reserved 1048576K
}
Event: 23396.037 GC heap before
{Heap before GC invocations=11801 (full 2):
 par new generation   total 153344K, used 147701K [0x0000000089400000, 0x0000000093a60000, 0x0000000093a60000)
  eden space 136320K, 100% used [0x0000000089400000, 0x0000000091920000, 0x0000000091920000)
  from space 17024K,  66% used [0x00000000929c0000, 0x00000000934dd4c0, 0x0000000093a60000)
  to   space 17024K,   0% used [0x0000000091920000, 0x0000000091920000, 0x00000000929c0000)
 concurrent mark-sweep generation total 1775232K, used 1438668K [0x0000000093a60000, 0x0000000100000000, 0x0000000100000000)
 Metaspace       used 66227K, capacity 70680K, committed 70720K, reserved 1112064K
  class space    used 8104K, capacity 9113K, committed 9124K, reserved 1048576K
Event: 23396.056 GC heap after
Heap after GC invocations=11802 (full 2):
 par new generation   total 153344K, used 11929K [0x0000000089400000, 0x0000000093a60000, 0x0000000093a60000)
  eden space 136320K,   0% used [0x0000000089400000, 0x0000000089400000, 0x0000000091920000)
  from space 17024K,  70% used [0x0000000091920000, 0x00000000924c66e0, 0x00000000929c0000)
  to   space 17024K,   0% used [0x00000000929c0000, 0x00000000929c0000, 0x0000000093a60000)
 concurrent mark-sweep generation total 1775232K, used 1440149K [0x0000000093a60000, 0x0000000100000000, 0x0000000100000000)
 Metaspace       used 66227K, capacity 70680K, committed 70720K, reserved 1112064K
  class space    used 8104K, capacity 9113K, committed 9124K, reserved 1048576K
}
Event: 23398.235 GC heap before
{Heap before GC invocations=11802 (full 2):
 par new generation   total 153344K, used 148249K [0x0000000089400000, 0x0000000093a60000, 0x0000000093a60000)
  eden space 136320K, 100% used [0x0000000089400000, 0x0000000091920000, 0x0000000091920000)
  from space 17024K,  70% used [0x0000000091920000, 0x00000000924c66e0, 0x00000000929c0000)
  to   space 17024K,   0% used [0x00000000929c0000, 0x00000000929c0000, 0x0000000093a60000)
 concurrent mark-sweep generation total 1775232K, used 1440149K [0x0000000093a60000, 0x0000000100000000, 0x0000000100000000)
 Metaspace       used 66227K, capacity 70680K, committed 70720K, reserved 1112064K
  class space    used 8104K, capacity 9113K, committed 9124K, reserved 1048576K
Event: 23398.253 GC heap after
Heap after GC invocations=11803 (full 2):
 par new generation   total 153344K, used 13631K [0x0000000089400000, 0x0000000093a60000, 0x0000000093a60000)
  eden space 136320K,   0% used [0x0000000089400000, 0x0000000089400000, 0x0000000091920000)
  from space 17024K,  80% used [0x00000000929c0000, 0x000000009370fd50, 0x0000000093a60000)
  to   space 17024K,   0% used [0x0000000091920000, 0x0000000091920000, 0x00000000929c0000)
 concurrent mark-sweep generation total 1775232K, used 1442599K [0x0000000093a60000, 0x0000000100000000, 0x0000000100000000)
 Metaspace       used 66227K, capacity 70680K, committed 70720K, reserved 1112064K
  class space    used 8104K, capacity 9113K, committed 9124K, reserved 1048576K
}
Event: 23400.332 GC heap before
{Heap before GC invocations=11803 (full 2):
 par new generation   total 153344K, used 149951K [0x0000000089400000, 0x0000000093a60000, 0x0000000093a60000)
  eden space 136320K, 100% used [0x0000000089400000, 0x0000000091920000, 0x0000000091920000)
  from space 17024K,  80% used [0x00000000929c0000, 0x000000009370fd50, 0x0000000093a60000)
  to   space 17024K,   0% used [0x0000000091920000, 0x0000000091920000, 0x00000000929c0000)
 concurrent mark-sweep generation total 1775232K, used 1442599K [0x0000000093a60000, 0x0000000100000000, 0x0000000100000000)
 Metaspace       used 66227K, capacity 70680K, committed 70720K, reserved 1112064K
  class space    used 8104K, capacity 9113K, committed 9124K, reserved 1048576K
Event: 23400.347 GC heap after
Heap after GC invocations=11804 (full 2):
 par new generation   total 153344K, used 10051K [0x0000000089400000, 0x0000000093a60000, 0x0000000093a60000)
  eden space 136320K,   0% used [0x0000000089400000, 0x0000000089400000, 0x0000000091920000)
  from space 17024K,  59% used [0x0000000091920000, 0x00000000922f0d78, 0x00000000929c0000)
  to   space 17024K,   0% used [0x00000000929c0000, 0x00000000929c0000, 0x0000000093a60000)
 concurrent mark-sweep generation total 1775232K, used 1442599K [0x0000000093a60000, 0x0000000100000000, 0x0000000100000000)
 Metaspace       used 66227K, capacity 70680K, committed 70720K, reserved 1112064K
  class space    used 8104K, capacity 9113K, committed 9124K, reserved 1048576K
}
Event: 23403.014 GC heap before
{Heap before GC invocations=11804 (full 2):
 par new generation   total 153344K, used 146371K [0x0000000089400000, 0x0000000093a60000, 0x0000000093a60000)
  eden space 136320K, 100% used [0x0000000089400000, 0x0000000091920000, 0x0000000091920000)
  from space 17024K,  59% used [0x0000000091920000, 0x00000000922f0d78, 0x00000000929c0000)
  to   space 17024K,   0% used [0x00000000929c0000, 0x00000000929c0000, 0x0000000093a60000)
 concurrent mark-sweep generation total 1775232K, used 1442599K [0x0000000093a60000, 0x0000000100000000, 0x0000000100000000)
 Metaspace       used 66227K, capacity 70680K, committed 70720K, reserved 1112064K
  class space    used 8104K, capacity 9113K, committed 9124K, reserved 1048576K
Event: 23403.032 GC heap after
Heap after GC invocations=11805 (full 2):
 par new generation   total 153344K, used 10899K [0x0000000089400000, 0x0000000093a60000, 0x0000000093a60000)
  eden space 136320K,   0% used [0x0000000089400000, 0x0000000089400000, 0x0000000091920000)
  from space 17024K,  64% used [0x00000000929c0000, 0x0000000093464f98, 0x0000000093a60000)
  to   space 17024K,   0% used [0x0000000091920000, 0x0000000091920000, 0x00000000929c0000)
 concurrent mark-sweep generation total 1775232K, used 1443868K [0x0000000093a60000, 0x0000000100000000, 0x0000000100000000)
 Metaspace       used 66227K, capacity 70680K, committed 70720K, reserved 1112064K
  class space    used 8104K, capacity 9113K, committed 9124K, reserved 1048576K
}
Event: 23405.626 GC heap before
{Heap before GC invocations=11805 (full 2):
 par new generation   total 153344K, used 147219K [0x0000000089400000, 0x0000000093a60000, 0x0000000093a60000)
  eden space 136320K, 100% used [0x0000000089400000, 0x0000000091920000, 0x0000000091920000)
  from space 17024K,  64% used [0x00000000929c0000, 0x0000000093464f98, 0x0000000093a60000)
  to   space 17024K,   0% used [0x0000000091920000, 0x0000000091920000, 0x00000000929c0000)
 concurrent mark-sweep generation total 1775232K, used 1443868K [0x0000000093a60000, 0x0000000100000000, 0x0000000100000000)
 Metaspace       used 66227K, capacity 70680K, committed 70720K, reserved 1112064K
  class space    used 8104K, capacity 9113K, committed 9124K, reserved 1048576K
Event: 23405.643 GC heap after
Heap after GC invocations=11806 (full 2):
 par new generation   total 153344K, used 12556K [0x0000000089400000, 0x0000000093a60000, 0x0000000093a60000)
  eden space 136320K,   0% used [0x0000000089400000, 0x0000000089400000, 0x0000000091920000)
  from space 17024K,  73% used [0x0000000091920000, 0x00000000925633f0, 0x00000000929c0000)
  to   space 17024K,   0% used [0x00000000929c0000, 0x00000000929c0000, 0x0000000093a60000)
 concurrent mark-sweep generation total 1775232K, used 1444574K [0x0000000093a60000, 0x0000000100000000, 0x0000000100000000)
 Metaspace       used 66227K, capacity 70680K, committed 70720K, reserved 1112064K
  class space    used 8104K, capacity 9113K, committed 9124K, reserved 1048576K
}
Event: 23408.230 GC heap before
{Heap before GC invocations=11806 (full 2):
 par new generation   total 153344K, used 148876K [0x0000000089400000, 0x0000000093a60000, 0x0000000093a60000)
  eden space 136320K, 100% used [0x0000000089400000, 0x0000000091920000, 0x0000000091920000)
  from space 17024K,  73% used [0x0000000091920000, 0x00000000925633f0, 0x00000000929c0000)
  to   space 17024K,   0% used [0x00000000929c0000, 0x00000000929c0000, 0x0000000093a60000)
 concurrent mark-sweep generation total 1775232K, used 1444574K [0x0000000093a60000, 0x0000000100000000, 0x0000000100000000)
 Metaspace       used 66227K, capacity 70680K, committed 70720K, reserved 1112064K
  class space    used 8104K, capacity 9113K, committed 9124K, reserved 1048576K
Event: 23408.259 GC heap after
Heap after GC invocations=11807 (full 2):
 par new generation   total 153344K, used 14802K [0x0000000089400000, 0x0000000093a60000, 0x0000000093a60000)
  eden space 136320K,   0% used [0x0000000089400000, 0x0000000089400000, 0x0000000091920000)
  from space 17024K,  86% used [0x00000000929c0000, 0x0000000093834a58, 0x0000000093a60000)
  to   space 17024K,   0% used [0x0000000091920000, 0x0000000091920000, 0x00000000929c0000)
 concurrent mark-sweep generation total 1775232K, used 1448886K [0x0000000093a60000, 0x0000000100000000, 0x0000000100000000)
 Metaspace       used 66227K, capacity 70680K, committed 70720K, reserved 1112064K
  class space    used 8104K, capacity 9113K, committed 9124K, reserved 1048576K
}
Event: 23410.824 GC heap before
{Heap before GC invocations=11807 (full 2):
 par new generation   total 153344K, used 151122K [0x0000000089400000, 0x0000000093a60000, 0x0000000093a60000)
  eden space 136320K, 100% used [0x0000000089400000, 0x0000000091920000, 0x0000000091920000)
  from space 17024K,  86% used [0x00000000929c0000, 0x0000000093834a58, 0x0000000093a60000)
  to   space 17024K,   0% used [0x0000000091920000, 0x0000000091920000, 0x00000000929c0000)
 concurrent mark-sweep generation total 1775232K, used 1448886K [0x0000000093a60000, 0x0000000100000000, 0x0000000100000000)
 Metaspace       used 66227K, capacity 70680K, committed 70720K, reserved 1112064K
  class space    used 8104K, capacity 9113K, committed 9124K, reserved 1048576K
Event: 23410.841 GC heap after
Heap after GC invocations=11808 (full 2):
 par new generation   total 153344K, used 11302K [0x0000000089400000, 0x0000000093a60000, 0x0000000093a60000)
  eden space 136320K,   0% used [0x0000000089400000, 0x0000000089400000, 0x0000000091920000)
  from space 17024K,  66% used [0x0000000091920000, 0x0000000092429920, 0x00000000929c0000)
  to   space 17024K,   0% used [0x00000000929c0000, 0x00000000929c0000, 0x0000000093a60000)
 concurrent mark-sweep generation total 1775232K, used 1449068K [0x0000000093a60000, 0x0000000100000000, 0x0000000100000000)
 Metaspace       used 66227K, capacity 70680K, committed 70720K, reserved 1112064K
  class space    used 8104K, capacity 9113K, committed 9124K, reserved 1048576K
}
Event: 23413.417 GC heap before
{Heap before GC invocations=11808 (full 2):
 par new generation   total 153344K, used 147622K [0x0000000089400000, 0x0000000093a60000, 0x0000000093a60000)
  eden space 136320K, 100% used [0x0000000089400000, 0x0000000091920000, 0x0000000091920000)
  from space 17024K,  66% used [0x0000000091920000, 0x0000000092429920, 0x00000000929c0000)
  to   space 17024K,   0% used [0x00000000929c0000, 0x00000000929c0000, 0x0000000093a60000)
 concurrent mark-sweep generation total 1775232K, used 1449068K [0x0000000093a60000, 0x0000000100000000, 0x0000000100000000)
 Metaspace       used 66227K, capacity 70680K, committed 70720K, reserved 1112064K
  class space    used 8104K, capacity 9113K, committed 9124K, reserved 1048576K
Event: 23413.469 GC heap after
Heap after GC invocations=11809 (full 2):
 par new generation   total 153344K, used 12640K [0x0000000089400000, 0x0000000093a60000, 0x0000000093a60000)
  eden space 136320K,   0% used [0x0000000089400000, 0x0000000089400000, 0x0000000091920000)
  from space 17024K,  74% used [0x00000000929c0000, 0x00000000936180e0, 0x0000000093a60000)
  to   space 17024K,   0% used [0x0000000091920000, 0x0000000091920000, 0x00000000929c0000)
 concurrent mark-sweep generation total 1775232K, used 1451961K [0x0000000093a60000, 0x0000000100000000, 0x0000000100000000)
 Metaspace       used 66227K, capacity 70680K, committed 70720K, reserved 1112064K
  class space    used 8104K, capacity 9113K, committed 9124K, reserved 1048576K
}
Event: 23416.258 GC heap before
{Heap before GC invocations=11809 (full 2):
 par new generation   total 153344K, used 148960K [0x0000000089400000, 0x0000000093a60000, 0x0000000093a60000)
  eden space 136320K, 100% used [0x0000000089400000, 0x0000000091920000, 0x0000000091920000)
  from space 17024K,  74% used [0x00000000929c0000, 0x00000000936180e0, 0x0000000093a60000)
  to   space 17024K,   0% used [0x0000000091920000, 0x0000000091920000, 0x00000000929c0000)
 concurrent mark-sweep generation total 1775232K, used 1451961K [0x0000000093a60000, 0x0000000100000000, 0x0000000100000000)
 Metaspace       used 66227K, capacity 70680K, committed 70720K, reserved 1112064K
  class space    used 8104K, capacity 9113K, committed 9124K, reserved 1048576K
Event: 23416.275 GC heap after
Heap after GC invocations=11810 (full 2):
 par new generation   total 153344K, used 12669K [0x0000000089400000, 0x0000000093a60000, 0x0000000093a60000)
  eden space 136320K,   0% used [0x0000000089400000, 0x0000000089400000, 0x0000000091920000)
  from space 17024K,  74% used [0x0000000091920000, 0x000000009257f400, 0x00000000929c0000)
  to   space 17024K,   0% used [0x00000000929c0000, 0x00000000929c0000, 0x0000000093a60000)
 concurrent mark-sweep generation total 1775232K, used 1453282K [0x0000000093a60000, 0x0000000100000000, 0x0000000100000000)
 Metaspace       used 66227K, capacity 70680K, committed 70720K, reserved 1112064K
  class space    used 8104K, capacity 9113K, committed 9124K, reserved 1048576K
}
Event: 23419.174 GC heap before
{Heap before GC invocations=11810 (full 2):
 par new generation   total 153344K, used 148989K [0x0000000089400000, 0x0000000093a60000, 0x0000000093a60000)
  eden space 136320K, 100% used [0x0000000089400000, 0x0000000091920000, 0x0000000091920000)
  from space 17024K,  74% used [0x0000000091920000, 0x000000009257f400, 0x00000000929c0000)
  to   space 17024K,   0% used [0x00000000929c0000, 0x00000000929c0000, 0x0000000093a60000)
 concurrent mark-sweep generation total 1775232K, used 1453282K [0x0000000093a60000, 0x0000000100000000, 0x0000000100000000)
 Metaspace       used 66228K, capacity 70680K, committed 70720K, reserved 1112064K
  class space    used 8104K, capacity 9113K, committed 9124K, reserved 1048576K
Event: 23419.190 GC heap after
Heap after GC invocations=11811 (full 2):
 par new generation   total 153344K, used 15802K [0x0000000089400000, 0x0000000093a60000, 0x0000000093a60000)
  eden space 136320K,   0% used [0x0000000089400000, 0x0000000089400000, 0x0000000091920000)
  from space 17024K,  92% used [0x00000000929c0000, 0x000000009392ea68, 0x0000000093a60000)
  to   space 17024K,   0% used [0x0000000091920000, 0x0000000091920000, 0x00000000929c0000)
 concurrent mark-sweep generation total 1775232K, used 1453282K [0x0000000093a60000, 0x0000000100000000, 0x0000000100000000)
 Metaspace       used 66228K, capacity 70680K, committed 70720K, reserved 1112064K
  class space    used 8104K, capacity 9113K, committed 9124K, reserved 1048576K
}
Event: 23421.991 GC heap before
{Heap before GC invocations=11811 (full 2):
 par new generation   total 153344K, used 152122K [0x0000000089400000, 0x0000000093a60000, 0x0000000093a60000)
  eden space 136320K, 100% used [0x0000000089400000, 0x0000000091920000, 0x0000000091920000)
  from space 17024K,  92% used [0x00000000929c0000, 0x000000009392ea68, 0x0000000093a60000)
  to   space 17024K,   0% used [0x0000000091920000, 0x0000000091920000, 0x00000000929c0000)
 concurrent mark-sweep generation total 1775232K, used 1453282K [0x0000000093a60000, 0x0000000100000000, 0x0000000100000000)
 Metaspace       used 66228K, capacity 70680K, committed 70720K, reserved 1112064K
  class space    used 8104K, capacity 9113K, committed 9124K, reserved 1048576K
Event: 23422.051 GC heap after
Heap after GC invocations=11812 (full 2):
 par new generation   total 153344K, used 13868K [0x0000000089400000, 0x0000000093a60000, 0x0000000093a60000)
  eden space 136320K,   0% used [0x0000000089400000, 0x0000000089400000, 0x0000000091920000)
  from space 17024K,  81% used [0x0000000091920000, 0x00000000926ab030, 0x00000000929c0000)
  to   space 17024K,   0% used [0x00000000929c0000, 0x00000000929c0000, 0x0000000093a60000)
 concurrent mark-sweep generation total 1775232K, used 1455159K [0x0000000093a60000, 0x0000000100000000, 0x0000000100000000)
 Metaspace       used 66228K, capacity 70680K, committed 70720K, reserved 1112064K
  class space    used 8104K, capacity 9113K, committed 9124K, reserved 1048576K
}
Event: 23424.968 GC heap before
{Heap before GC invocations=11812 (full 2):
 par new generation   total 153344K, used 150188K [0x0000000089400000, 0x0000000093a60000, 0x0000000093a60000)
  eden space 136320K, 100% used [0x0000000089400000, 0x0000000091920000, 0x0000000091920000)
  from space 17024K,  81% used [0x0000000091920000, 0x00000000926ab030, 0x00000000929c0000)
  to   space 17024K,   0% used [0x00000000929c0000, 0x00000000929c0000, 0x0000000093a60000)
 concurrent mark-sweep generation total 1775232K, used 1455159K [0x0000000093a60000, 0x0000000100000000, 0x0000000100000000)
 Metaspace       used 66228K, capacity 70680K, committed 70720K, reserved 1112064K
  class space    used 8104K, capacity 9113K, committed 9124K, reserved 1048576K
Event: 23425.010 GC heap after
Heap after GC invocations=11813 (full 2):
 par new generation   total 153344K, used 13886K [0x0000000089400000, 0x0000000093a60000, 0x0000000093a60000)
  eden space 136320K,   0% used [0x0000000089400000, 0x0000000089400000, 0x0000000091920000)
  from space 17024K,  81% used [0x00000000929c0000, 0x000000009374fb50, 0x0000000093a60000)
  to   space 17024K,   0% used [0x0000000091920000, 0x0000000091920000, 0x00000000929c0000)
 concurrent mark-sweep generation total 1775232K, used 1456869K [0x0000000093a60000, 0x0000000100000000, 0x0000000100000000)
 Metaspace       used 66228K, capacity 70680K, committed 70720K, reserved 1112064K
  class space    used 8104K, capacity 9113K, committed 9124K, reserved 1048576K
}

