# JRE version: OpenJDK Runtime Environment (8.0_191-b12) (build 1.8.0_191-b12)
# Java VM: OpenJDK 64-Bit Server VM (25.191-b12 mixed mode linux-amd64 compressed oops)
Heap:
 par new generation   total 153344K, used 137810K [0x0000000089400000, 0x0000000093a60000, 0x0000000093a60000)
  eden space 136320K,  94% used [0x0000000089400000, 0x00000000912360c8, 0x0000000091920000)
  from space 17024K,  50% used [0x0000000091920000, 0x000000009217e888, 0x00000000929c0000)
  to   space 17024K,   0% used [0x00000000929c0000, 0x00000000929c0000, 0x0000000093a60000)
 concurrent mark-sweep generation total 1775232K, used 1437184K [0x0000000093a60000, 0x0000000100000000, 0x0000000100000000)
 Metaspace       used 65771K, capacity 70013K, committed 70320K, reserved 1110016K
  class space    used 8061K, capacity 9046K, committed 9140K, reserved 1048576K
GC Heap History (250 events):
Event: 4328.052 GC heap before
{Heap before GC invocations=1615 (full 2):
 par new generation   total 153344K, used 144683K [0x0000000089400000, 0x0000000093a60000, 0x0000000093a60000)
  eden space 136320K, 100% used [0x0000000089400000, 0x0000000091920000, 0x0000000091920000)
  from space 17024K,  49% used [0x00000000929c0000, 0x00000000931eac90, 0x0000000093a60000)
  to   space 17024K,   0% used [0x0000000091920000, 0x0000000091920000, 0x00000000929c0000)
 concurrent mark-sweep generation total 1775232K, used 1329775K [0x0000000093a60000, 0x0000000100000000, 0x0000000100000000)
 Metaspace       used 65682K, capacity 69929K, committed 70064K, reserved 1110016K
  class space    used 8054K, capacity 9044K, committed 9140K, reserved 1048576K
Event: 4328.068 GC heap after
Heap after GC invocations=1616 (full 2):
 par new generation   total 153344K, used 7956K [0x0000000089400000, 0x0000000093a60000, 0x0000000093a60000)
  eden space 136320K,   0% used [0x0000000089400000, 0x0000000089400000, 0x0000000091920000)
  from space 17024K,  46% used [0x0000000091920000, 0x00000000920e5008, 0x00000000929c0000)
  to   space 17024K,   0% used [0x00000000929c0000, 0x00000000929c0000, 0x0000000093a60000)
 concurrent mark-sweep generation total 1775232K, used 1329785K [0x0000000093a60000, 0x0000000100000000, 0x0000000100000000)
 Metaspace       used 65682K, capacity 69929K, committed 70064K, reserved 1110016K
  class space    used 8054K, capacity 9044K, committed 9140K, reserved 1048576K
}
Event: 4329.728 GC heap before
{Heap before GC invocations=1616 (full 2):
 par new generation   total 153344K, used 144276K [0x0000000089400000, 0x0000000093a60000, 0x0000000093a60000)
  eden space 136320K, 100% used [0x0000000089400000, 0x0000000091920000, 0x0000000091920000)
  from space 17024K,  46% used [0x0000000091920000, 0x00000000920e5008, 0x00000000929c0000)
  to   space 17024K,   0% used [0x00000000929c0000, 0x00000000929c0000, 0x0000000093a60000)
 concurrent mark-sweep generation total 1775232K, used 1329785K [0x0000000093a60000, 0x0000000100000000, 0x0000000100000000)
 Metaspace       used 65683K, capacity 69929K, committed 70064K, reserved 1110016K
  class space    used 8054K, capacity 9044K, committed 9140K, reserved 1048576K
Event: 4329.744 GC heap after
Heap after GC invocations=1617 (full 2):
 par new generation   total 153344K, used 9997K [0x0000000089400000, 0x0000000093a60000, 0x0000000093a60000)
  eden space 136320K,   0% used [0x0000000089400000, 0x0000000089400000, 0x0000000091920000)
  from space 17024K,  58% used [0x00000000929c0000, 0x0000000093383558, 0x0000000093a60000)
  to   space 17024K,   0% used [0x0000000091920000, 0x0000000091920000, 0x00000000929c0000)
 concurrent mark-sweep generation total 1775232K, used 1330563K [0x0000000093a60000, 0x0000000100000000, 0x0000000100000000)
 Metaspace       used 65683K, capacity 69929K, committed 70064K, reserved 1110016K
  class space    used 8054K, capacity 9044K, committed 9140K, reserved 1048576K
}
Event: 4331.579 GC heap before
{Heap before GC invocations=1617 (full 2):
 par new generation   total 153344K, used 146317K [0x0000000089400000, 0x0000000093a60000, 0x0000000093a60000)
  eden space 136320K, 100% used [0x0000000089400000, 0x0000000091920000, 0x0000000091920000)
  from space 17024K,  58% used [0x00000000929c0000, 0x0000000093383558, 0x0000000093a60000)
  to   space 17024K,   0% used [0x0000000091920000, 0x0000000091920000, 0x00000000929c0000)
 concurrent mark-sweep generation total 1775232K, used 1330563K [0x0000000093a60000, 0x0000000100000000, 0x0000000100000000)
 Metaspace       used 65683K, capacity 69929K, committed 70064K, reserved 1110016K
  class space    used 8054K, capacity 9044K, committed 9140K, reserved 1048576K
Event: 4331.594 GC heap after
Heap after GC invocations=1618 (full 2):
 par new generation   total 153344K, used 9737K [0x0000000089400000, 0x0000000093a60000, 0x0000000093a60000)
  eden space 136320K,   0% used [0x0000000089400000, 0x0000000089400000, 0x0000000091920000)
  from space 17024K,  57% used [0x0000000091920000, 0x00000000922a24e8, 0x00000000929c0000)
  to   space 17024K,   0% used [0x00000000929c0000, 0x00000000929c0000, 0x0000000093a60000)
 concurrent mark-sweep generation total 1775232K, used 1330597K [0x0000000093a60000, 0x0000000100000000, 0x0000000100000000)
 Metaspace       used 65683K, capacity 69929K, committed 70064K, reserved 1110016K
  class space    used 8054K, capacity 9044K, committed 9140K, reserved 1048576K
}
Event: 4333.680 GC heap before
{Heap before GC invocations=1618 (full 2):
 par new generation   total 153344K, used 146057K [0x0000000089400000, 0x0000000093a60000, 0x0000000093a60000)
  eden space 136320K, 100% used [0x0000000089400000, 0x0000000091920000, 0x0000000091920000)
  from space 17024K,  57% used [0x0000000091920000, 0x00000000922a24e8, 0x00000000929c0000)
  to   space 17024K,   0% used [0x00000000929c0000, 0x00000000929c0000, 0x0000000093a60000)
 concurrent mark-sweep generation total 1775232K, used 1330597K [0x0000000093a60000, 0x0000000100000000, 0x0000000100000000)
 Metaspace       used 65683K, capacity 69929K, committed 70064K, reserved 1110016K
  class space    used 8054K, capacity 9044K, committed 9140K, reserved 1048576K
Event: 4333.696 GC heap after
Heap after GC invocations=1619 (full 2):
 par new generation   total 153344K, used 9324K [0x0000000089400000, 0x0000000093a60000, 0x0000000093a60000)
  eden space 136320K,   0% used [0x0000000089400000, 0x0000000089400000, 0x0000000091920000)
  from space 17024K,  54% used [0x00000000929c0000, 0x00000000932db2d8, 0x0000000093a60000)
  to   space 17024K,   0% used [0x0000000091920000, 0x0000000091920000, 0x00000000929c0000)
 concurrent mark-sweep generation total 1775232K, used 1331901K [0x0000000093a60000, 0x0000000100000000, 0x0000000100000000)
 Metaspace       used 65683K, capacity 69929K, committed 70064K, reserved 1110016K
  class space    used 8054K, capacity 9044K, committed 9140K, reserved 1048576K
}
Event: 4335.829 GC heap before
{Heap before GC invocations=1619 (full 2):
 par new generation   total 153344K, used 145644K [0x0000000089400000, 0x0000000093a60000, 0x0000000093a60000)
  eden space 136320K, 100% used [0x0000000089400000, 0x0000000091920000, 0x0000000091920000)
  from space 17024K,  54% used [0x00000000929c0000, 0x00000000932db2d8, 0x0000000093a60000)
  to   space 17024K,   0% used [0x0000000091920000, 0x0000000091920000, 0x00000000929c0000)
 concurrent mark-sweep generation total 1775232K, used 1331901K [0x0000000093a60000, 0x0000000100000000, 0x0000000100000000)
 Metaspace       used 65683K, capacity 69929K, committed 70064K, reserved 1110016K
  class space    used 8054K, capacity 9044K, committed 9140K, reserved 1048576K
Event: 4335.845 GC heap after
Heap after GC invocations=1620 (full 2):
 par new generation   total 153344K, used 8975K [0x0000000089400000, 0x0000000093a60000, 0x0000000093a60000)
  eden space 136320K,   0% used [0x0000000089400000, 0x0000000089400000, 0x0000000091920000)
  from space 17024K,  52% used [0x0000000091920000, 0x00000000921e3fd0, 0x00000000929c0000)
  to   space 17024K,   0% used [0x00000000929c0000, 0x00000000929c0000, 0x0000000093a60000)
 concurrent mark-sweep generation total 1775232K, used 1332809K [0x0000000093a60000, 0x0000000100000000, 0x0000000100000000)
 Metaspace       used 65683K, capacity 69929K, committed 70064K, reserved 1110016K
  class space    used 8054K, capacity 9044K, committed 9140K, reserved 1048576K
}
Event: 4338.034 GC heap before
{Heap before GC invocations=1620 (full 2):
 par new generation   total 153344K, used 145295K [0x0000000089400000, 0x0000000093a60000, 0x0000000093a60000)
  eden space 136320K, 100% used [0x0000000089400000, 0x0000000091920000, 0x0000000091920000)
  from space 17024K,  52% used [0x0000000091920000, 0x00000000921e3fd0, 0x00000000929c0000)
  to   space 17024K,   0% used [0x00000000929c0000, 0x00000000929c0000, 0x0000000093a60000)
 concurrent mark-sweep generation total 1775232K, used 1332809K [0x0000000093a60000, 0x0000000100000000, 0x0000000100000000)
 Metaspace       used 65684K, capacity 69929K, committed 70064K, reserved 1110016K
  class space    used 8054K, capacity 9044K, committed 9140K, reserved 1048576K
Event: 4338.050 GC heap after
Heap after GC invocations=1621 (full 2):
 par new generation   total 153344K, used 8669K [0x0000000089400000, 0x0000000093a60000, 0x0000000093a60000)
  eden space 136320K,   0% used [0x0000000089400000, 0x0000000089400000, 0x0000000091920000)
  from space 17024K,  50% used [0x00000000929c0000, 0x0000000093237500, 0x0000000093a60000)
  to   space 17024K,   0% used [0x0000000091920000, 0x0000000091920000, 0x00000000929c0000)
 concurrent mark-sweep generation total 1775232K, used 1333829K [0x0000000093a60000, 0x0000000100000000, 0x0000000100000000)
 Metaspace       used 65684K, capacity 69929K, committed 70064K, reserved 1110016K
  class space    used 8054K, capacity 9044K, committed 9140K, reserved 1048576K
}
Event: 4340.124 GC heap before
{Heap before GC invocations=1621 (full 2):
 par new generation   total 153344K, used 144989K [0x0000000089400000, 0x0000000093a60000, 0x0000000093a60000)
  eden space 136320K, 100% used [0x0000000089400000, 0x0000000091920000, 0x0000000091920000)
  from space 17024K,  50% used [0x00000000929c0000, 0x0000000093237500, 0x0000000093a60000)
  to   space 17024K,   0% used [0x0000000091920000, 0x0000000091920000, 0x00000000929c0000)
 concurrent mark-sweep generation total 1775232K, used 1333829K [0x0000000093a60000, 0x0000000100000000, 0x0000000100000000)
 Metaspace       used 65687K, capacity 69929K, committed 70064K, reserved 1110016K
  class space    used 8054K, capacity 9044K, committed 9140K, reserved 1048576K
Event: 4340.139 GC heap after
Heap after GC invocations=1622 (full 2):
 par new generation   total 153344K, used 6768K [0x0000000089400000, 0x0000000093a60000, 0x0000000093a60000)
  eden space 136320K,   0% used [0x0000000089400000, 0x0000000089400000, 0x0000000091920000)
  from space 17024K,  39% used [0x0000000091920000, 0x0000000091fbc388, 0x00000000929c0000)
  to   space 17024K,   0% used [0x00000000929c0000, 0x00000000929c0000, 0x0000000093a60000)
 concurrent mark-sweep generation total 1775232K, used 1334464K [0x0000000093a60000, 0x0000000100000000, 0x0000000100000000)
 Metaspace       used 65687K, capacity 69929K, committed 70064K, reserved 1110016K
  class space    used 8054K, capacity 9044K, committed 9140K, reserved 1048576K
}
Event: 4341.932 GC heap before
{Heap before GC invocations=1622 (full 2):
 par new generation   total 153344K, used 143088K [0x0000000089400000, 0x0000000093a60000, 0x0000000093a60000)
  eden space 136320K, 100% used [0x0000000089400000, 0x0000000091920000, 0x0000000091920000)
  from space 17024K,  39% used [0x0000000091920000, 0x0000000091fbc388, 0x00000000929c0000)
  to   space 17024K,   0% used [0x00000000929c0000, 0x00000000929c0000, 0x0000000093a60000)
 concurrent mark-sweep generation total 1775232K, used 1334464K [0x0000000093a60000, 0x0000000100000000, 0x0000000100000000)
 Metaspace       used 65687K, capacity 69929K, committed 70064K, reserved 1110016K
  class space    used 8054K, capacity 9044K, committed 9140K, reserved 1048576K
Event: 4341.946 GC heap after
Heap after GC invocations=1623 (full 2):
 par new generation   total 153344K, used 6732K [0x0000000089400000, 0x0000000093a60000, 0x0000000093a60000)
  eden space 136320K,   0% used [0x0000000089400000, 0x0000000089400000, 0x0000000091920000)
  from space 17024K,  39% used [0x00000000929c0000, 0x00000000930530a8, 0x0000000093a60000)
  to   space 17024K,   0% used [0x0000000091920000, 0x0000000091920000, 0x00000000929c0000)
 concurrent mark-sweep generation total 1775232K, used 1334687K [0x0000000093a60000, 0x0000000100000000, 0x0000000100000000)
 Metaspace       used 65687K, capacity 69929K, committed 70064K, reserved 1110016K
  class space    used 8054K, capacity 9044K, committed 9140K, reserved 1048576K
}
Event: 4343.634 GC heap before
{Heap before GC invocations=1623 (full 2):
 par new generation   total 153344K, used 143052K [0x0000000089400000, 0x0000000093a60000, 0x0000000093a60000)
  eden space 136320K, 100% used [0x0000000089400000, 0x0000000091920000, 0x0000000091920000)
  from space 17024K,  39% used [0x00000000929c0000, 0x00000000930530a8, 0x0000000093a60000)
  to   space 17024K,   0% used [0x0000000091920000, 0x0000000091920000, 0x00000000929c0000)
 concurrent mark-sweep generation total 1775232K, used 1334687K [0x0000000093a60000, 0x0000000100000000, 0x0000000100000000)
 Metaspace       used 65687K, capacity 69929K, committed 70064K, reserved 1110016K
  class space    used 8054K, capacity 9044K, committed 9140K, reserved 1048576K
Event: 4343.651 GC heap after
Heap after GC invocations=1624 (full 2):
 par new generation   total 153344K, used 7327K [0x0000000089400000, 0x0000000093a60000, 0x0000000093a60000)
  eden space 136320K,   0% used [0x0000000089400000, 0x0000000089400000, 0x0000000091920000)
  from space 17024K,  43% used [0x0000000091920000, 0x0000000092047c38, 0x00000000929c0000)
  to   space 17024K,   0% used [0x00000000929c0000, 0x00000000929c0000, 0x0000000093a60000)
 concurrent mark-sweep generation total 1775232K, used 1336740K [0x0000000093a60000, 0x0000000100000000, 0x0000000100000000)
 Metaspace       used 65687K, capacity 69929K, committed 70064K, reserved 1110016K
  class space    used 8054K, capacity 9044K, committed 9140K, reserved 1048576K
}
Event: 4345.975 GC heap before
{Heap before GC invocations=1624 (full 2):
 par new generation   total 153344K, used 143647K [0x0000000089400000, 0x0000000093a60000, 0x0000000093a60000)
  eden space 136320K, 100% used [0x0000000089400000, 0x0000000091920000, 0x0000000091920000)
  from space 17024K,  43% used [0x0000000091920000, 0x0000000092047c38, 0x00000000929c0000)
  to   space 17024K,   0% used [0x00000000929c0000, 0x00000000929c0000, 0x0000000093a60000)
 concurrent mark-sweep generation total 1775232K, used 1336740K [0x0000000093a60000, 0x0000000100000000, 0x0000000100000000)
 Metaspace       used 65687K, capacity 69929K, committed 70064K, reserved 1110016K
  class space    used 8054K, capacity 9044K, committed 9140K, reserved 1048576K
Event: 4345.990 GC heap after
Heap after GC invocations=1625 (full 2):
 par new generation   total 153344K, used 6918K [0x0000000089400000, 0x0000000093a60000, 0x0000000093a60000)
  eden space 136320K,   0% used [0x0000000089400000, 0x0000000089400000, 0x0000000091920000)
  from space 17024K,  40% used [0x00000000929c0000, 0x0000000093081b00, 0x0000000093a60000)
  to   space 17024K,   0% used [0x0000000091920000, 0x0000000091920000, 0x00000000929c0000)
 concurrent mark-sweep generation total 1775232K, used 1337187K [0x0000000093a60000, 0x0000000100000000, 0x0000000100000000)
 Metaspace       used 65687K, capacity 69929K, committed 70064K, reserved 1110016K
  class space    used 8054K, capacity 9044K, committed 9140K, reserved 1048576K
}
Event: 4348.529 GC heap before
{Heap before GC invocations=1625 (full 2):
 par new generation   total 153344K, used 143238K [0x0000000089400000, 0x0000000093a60000, 0x0000000093a60000)
  eden space 136320K, 100% used [0x0000000089400000, 0x0000000091920000, 0x0000000091920000)
  from space 17024K,  40% used [0x00000000929c0000, 0x0000000093081b00, 0x0000000093a60000)
  to   space 17024K,   0% used [0x0000000091920000, 0x0000000091920000, 0x00000000929c0000)
 concurrent mark-sweep generation total 1775232K, used 1337187K [0x0000000093a60000, 0x0000000100000000, 0x0000000100000000)
 Metaspace       used 65687K, capacity 69929K, committed 70064K, reserved 1110016K
  class space    used 8054K, capacity 9044K, committed 9140K, reserved 1048576K
Event: 4348.544 GC heap after
Heap after GC invocations=1626 (full 2):
 par new generation   total 153344K, used 6624K [0x0000000089400000, 0x0000000093a60000, 0x0000000093a60000)
  eden space 136320K,   0% used [0x0000000089400000, 0x0000000089400000, 0x0000000091920000)
  from space 17024K,  38% used [0x0000000091920000, 0x0000000091f981b0, 0x00000000929c0000)
  to   space 17024K,   0% used [0x00000000929c0000, 0x00000000929c0000, 0x0000000093a60000)
 concurrent mark-sweep generation total 1775232K, used 1338009K [0x0000000093a60000, 0x0000000100000000, 0x0000000100000000)
 Metaspace       used 65687K, capacity 69929K, committed 70064K, reserved 1110016K
  class space    used 8054K, capacity 9044K, committed 9140K, reserved 1048576K
}
Event: 4351.176 GC heap before
{Heap before GC invocations=1626 (full 2):
 par new generation   total 153344K, used 142944K [0x0000000089400000, 0x0000000093a60000, 0x0000000093a60000)
  eden space 136320K, 100% used [0x0000000089400000, 0x0000000091920000, 0x0000000091920000)
  from space 17024K,  38% used [0x0000000091920000, 0x0000000091f981b0, 0x00000000929c0000)
  to   space 17024K,   0% used [0x00000000929c0000, 0x00000000929c0000, 0x0000000093a60000)
 concurrent mark-sweep generation total 1775232K, used 1338009K [0x0000000093a60000, 0x0000000100000000, 0x0000000100000000)
 Metaspace       used 65691K, capacity 69929K, committed 70064K, reserved 1110016K
  class space    used 8054K, capacity 9044K, committed 9140K, reserved 1048576K
Event: 4351.191 GC heap after
Heap after GC invocations=1627 (full 2):
 par new generation   total 153344K, used 7748K [0x0000000089400000, 0x0000000093a60000, 0x0000000093a60000)
  eden space 136320K,   0% used [0x0000000089400000, 0x0000000089400000, 0x0000000091920000)
  from space 17024K,  45% used [0x00000000929c0000, 0x0000000093151310, 0x0000000093a60000)
  to   space 17024K,   0% used [0x0000000091920000, 0x0000000091920000, 0x00000000929c0000)
 concurrent mark-sweep generation total 1775232K, used 1338388K [0x0000000093a60000, 0x0000000100000000, 0x0000000100000000)
 Metaspace       used 65691K, capacity 69929K, committed 70064K, reserved 1110016K
  class space    used 8054K, capacity 9044K, committed 9140K, reserved 1048576K
}
Event: 4353.674 GC heap before
{Heap before GC invocations=1627 (full 2):
 par new generation   total 153344K, used 144068K [0x0000000089400000, 0x0000000093a60000, 0x0000000093a60000)
  eden space 136320K, 100% used [0x0000000089400000, 0x0000000091920000, 0x0000000091920000)
  from space 17024K,  45% used [0x00000000929c0000, 0x0000000093151310, 0x0000000093a60000)
  to   space 17024K,   0% used [0x0000000091920000, 0x0000000091920000, 0x00000000929c0000)
 concurrent mark-sweep generation total 1775232K, used 1338388K [0x0000000093a60000, 0x0000000100000000, 0x0000000100000000)
 Metaspace       used 65691K, capacity 69929K, committed 70064K, reserved 1110016K
  class space    used 8054K, capacity 9044K, committed 9140K, reserved 1048576K
Event: 4353.690 GC heap after
Heap after GC invocations=1628 (full 2):
 par new generation   total 153344K, used 8781K [0x0000000089400000, 0x0000000093a60000, 0x0000000093a60000)
  eden space 136320K,   0% used [0x0000000089400000, 0x0000000089400000, 0x0000000091920000)
  from space 17024K,  51% used [0x0000000091920000, 0x00000000921b37a8, 0x00000000929c0000)
  to   space 17024K,   0% used [0x00000000929c0000, 0x00000000929c0000, 0x0000000093a60000)
 concurrent mark-sweep generation total 1775232K, used 1338810K [0x0000000093a60000, 0x0000000100000000, 0x0000000100000000)
 Metaspace       used 65691K, capacity 69929K, committed 70064K, reserved 1110016K
  class space    used 8054K, capacity 9044K, committed 9140K, reserved 1048576K
}
Event: 4356.280 GC heap before
{Heap before GC invocations=1628 (full 2):
 par new generation   total 153344K, used 145101K [0x0000000089400000, 0x0000000093a60000, 0x0000000093a60000)
  eden space 136320K, 100% used [0x0000000089400000, 0x0000000091920000, 0x0000000091920000)
  from space 17024K,  51% used [0x0000000091920000, 0x00000000921b37a8, 0x00000000929c0000)
  to   space 17024K,   0% used [0x00000000929c0000, 0x00000000929c0000, 0x0000000093a60000)
 concurrent mark-sweep generation total 1775232K, used 1338810K [0x0000000093a60000, 0x0000000100000000, 0x0000000100000000)
 Metaspace       used 65691K, capacity 69929K, committed 70064K, reserved 1110016K
  class space    used 8054K, capacity 9044K, committed 9140K, reserved 1048576K
Event: 4356.296 GC heap after
Heap after GC invocations=1629 (full 2):
 par new generation   total 153344K, used 9888K [0x0000000089400000, 0x0000000093a60000, 0x0000000093a60000)
  eden space 136320K,   0% used [0x0000000089400000, 0x0000000089400000, 0x0000000091920000)
  from space 17024K,  58% used [0x00000000929c0000, 0x00000000933683c0, 0x0000000093a60000)
  to   space 17024K,   0% used [0x0000000091920000, 0x0000000091920000, 0x00000000929c0000)
 concurrent mark-sweep generation total 1775232K, used 1339160K [0x0000000093a60000, 0x0000000100000000, 0x0000000100000000)
 Metaspace       used 65691K, capacity 69929K, committed 70064K, reserved 1110016K
  class space    used 8054K, capacity 9044K, committed 9140K, reserved 1048576K
}
Event: 4358.747 GC heap before
{Heap before GC invocations=1629 (full 2):
 par new generation   total 153344K, used 146208K [0x0000000089400000, 0x0000000093a60000, 0x0000000093a60000)
  eden space 136320K, 100% used [0x0000000089400000, 0x0000000091920000, 0x0000000091920000)
  from space 17024K,  58% used [0x00000000929c0000, 0x00000000933683c0, 0x0000000093a60000)
  to   space 17024K,   0% used [0x0000000091920000, 0x0000000091920000, 0x00000000929c0000)
 concurrent mark-sweep generation total 1775232K, used 1339160K [0x0000000093a60000, 0x0000000100000000, 0x0000000100000000)
 Metaspace       used 65691K, capacity 69929K, committed 70064K, reserved 1110016K
  class space    used 8054K, capacity 9044K, committed 9140K, reserved 1048576K
Event: 4358.770 GC heap after
Heap after GC invocations=1630 (full 2):
 par new generation   total 153344K, used 11331K [0x0000000089400000, 0x0000000093a60000, 0x0000000093a60000)
  eden space 136320K,   0% used [0x0000000089400000, 0x0000000089400000, 0x0000000091920000)
  from space 17024K,  66% used [0x0000000091920000, 0x0000000092430c48, 0x00000000929c0000)
  to   space 17024K,   0% used [0x00000000929c0000, 0x00000000929c0000, 0x0000000093a60000)
 concurrent mark-sweep generation total 1775232K, used 1340376K [0x0000000093a60000, 0x0000000100000000, 0x0000000100000000)
 Metaspace       used 65691K, capacity 69929K, committed 70064K, reserved 1110016K
  class space    used 8054K, capacity 9044K, committed 9140K, reserved 1048576K
}
Event: 4361.042 GC heap before
{Heap before GC invocations=1630 (full 2):
 par new generation   total 153344K, used 147651K [0x0000000089400000, 0x0000000093a60000, 0x0000000093a60000)
  eden space 136320K, 100% used [0x0000000089400000, 0x0000000091920000, 0x0000000091920000)
  from space 17024K,  66% used [0x0000000091920000, 0x0000000092430c48, 0x00000000929c0000)
  to   space 17024K,   0% used [0x00000000929c0000, 0x00000000929c0000, 0x0000000093a60000)
 concurrent mark-sweep generation total 1775232K, used 1340376K [0x0000000093a60000, 0x0000000100000000, 0x0000000100000000)
 Metaspace       used 65693K, capacity 69929K, committed 70064K, reserved 1110016K
  class space    used 8054K, capacity 9044K, committed 9140K, reserved 1048576K
Event: 4361.059 GC heap after
Heap after GC invocations=1631 (full 2):
 par new generation   total 153344K, used 12532K [0x0000000089400000, 0x0000000093a60000, 0x0000000093a60000)
  eden space 136320K,   0% used [0x0000000089400000, 0x0000000089400000, 0x0000000091920000)
  from space 17024K,  73% used [0x00000000929c0000, 0x00000000935fd0c8, 0x0000000093a60000)
  to   space 17024K,   0% used [0x0000000091920000, 0x0000000091920000, 0x00000000929c0000)
 concurrent mark-sweep generation total 1775232K, used 1341613K [0x0000000093a60000, 0x0000000100000000, 0x0000000100000000)
 Metaspace       used 65693K, capacity 69929K, committed 70064K, reserved 1110016K
  class space    used 8054K, capacity 9044K, committed 9140K, reserved 1048576K
}
Event: 4363.246 GC heap before
{Heap before GC invocations=1631 (full 2):
 par new generation   total 153344K, used 148852K [0x0000000089400000, 0x0000000093a60000, 0x0000000093a60000)
  eden space 136320K, 100% used [0x0000000089400000, 0x0000000091920000, 0x0000000091920000)
  from space 17024K,  73% used [0x00000000929c0000, 0x00000000935fd0c8, 0x0000000093a60000)
  to   space 17024K,   0% used [0x0000000091920000, 0x0000000091920000, 0x00000000929c0000)
 concurrent mark-sweep generation total 1775232K, used 1341613K [0x0000000093a60000, 0x0000000100000000, 0x0000000100000000)
 Metaspace       used 65693K, capacity 69929K, committed 70064K, reserved 1110016K
  class space    used 8054K, capacity 9044K, committed 9140K, reserved 1048576K
Event: 4363.268 GC heap after
Heap after GC invocations=1632 (full 2):
 par new generation   total 153344K, used 11986K [0x0000000089400000, 0x0000000093a60000, 0x0000000093a60000)
  eden space 136320K,   0% used [0x0000000089400000, 0x0000000089400000, 0x0000000091920000)
  from space 17024K,  70% used [0x0000000091920000, 0x00000000924d4980, 0x00000000929c0000)
  to   space 17024K,   0% used [0x00000000929c0000, 0x00000000929c0000, 0x0000000093a60000)
 concurrent mark-sweep generation total 1775232K, used 1342877K [0x0000000093a60000, 0x0000000100000000, 0x0000000100000000)
 Metaspace       used 65693K, capacity 69929K, committed 70064K, reserved 1110016K
  class space    used 8054K, capacity 9044K, committed 9140K, reserved 1048576K
}
Event: 4365.494 GC heap before
{Heap before GC invocations=1632 (full 2):
 par new generation   total 153344K, used 148306K [0x0000000089400000, 0x0000000093a60000, 0x0000000093a60000)
  eden space 136320K, 100% used [0x0000000089400000, 0x0000000091920000, 0x0000000091920000)
  from space 17024K,  70% used [0x0000000091920000, 0x00000000924d4980, 0x00000000929c0000)
  to   space 17024K,   0% used [0x00000000929c0000, 0x00000000929c0000, 0x0000000093a60000)
 concurrent mark-sweep generation total 1775232K, used 1342877K [0x0000000093a60000, 0x0000000100000000, 0x0000000100000000)
 Metaspace       used 65693K, capacity 69929K, committed 70064K, reserved 1110016K
  class space    used 8054K, capacity 9044K, committed 9140K, reserved 1048576K
Event: 4365.512 GC heap after
Heap after GC invocations=1633 (full 2):
 par new generation   total 153344K, used 12559K [0x0000000089400000, 0x0000000093a60000, 0x0000000093a60000)
  eden space 136320K,   0% used [0x0000000089400000, 0x0000000089400000, 0x0000000091920000)
  from space 17024K,  73% used [0x00000000929c0000, 0x0000000093603df0, 0x0000000093a60000)
  to   space 17024K,   0% used [0x0000000091920000, 0x0000000091920000, 0x00000000929c0000)
 concurrent mark-sweep generation total 1775232K, used 1343951K [0x0000000093a60000, 0x0000000100000000, 0x0000000100000000)
 Metaspace       used 65693K, capacity 69929K, committed 70064K, reserved 1110016K
  class space    used 8054K, capacity 9044K, committed 9140K, reserved 1048576K
}
Event: 4367.798 GC heap before
{Heap before GC invocations=1633 (full 2):
 par new generation   total 153344K, used 148879K [0x0000000089400000, 0x0000000093a60000, 0x0000000093a60000)
  eden space 136320K, 100% used [0x0000000089400000, 0x0000000091920000, 0x0000000091920000)
  from space 17024K,  73% used [0x00000000929c0000, 0x0000000093603df0, 0x0000000093a60000)
  to   space 17024K,   0% used [0x0000000091920000, 0x0000000091920000, 0x00000000929c0000)
 concurrent mark-sweep generation total 1775232K, used 1343951K [0x0000000093a60000, 0x0000000100000000, 0x0000000100000000)
 Metaspace       used 65694K, capacity 69929K, committed 70064K, reserved 1110016K
  class space    used 8054K, capacity 9044K, committed 9140K, reserved 1048576K
Event: 4367.815 GC heap after
Heap after GC invocations=1634 (full 2):
 par new generation   total 153344K, used 12452K [0x0000000089400000, 0x0000000093a60000, 0x0000000093a60000)
  eden space 136320K,   0% used [0x0000000089400000, 0x0000000089400000, 0x0000000091920000)
  from space 17024K,  73% used [0x0000000091920000, 0x0000000092549130, 0x00000000929c0000)
  to   space 17024K,   0% used [0x00000000929c0000, 0x00000000929c0000, 0x0000000093a60000)
 concurrent mark-sweep generation total 1775232K, used 1345156K [0x0000000093a60000, 0x0000000100000000, 0x0000000100000000)
 Metaspace       used 65694K, capacity 69929K, committed 70064K, reserved 1110016K
  class space    used 8054K, capacity 9044K, committed 9140K, reserved 1048576K
}
Event: 4369.951 GC heap before
{Heap before GC invocations=1634 (full 2):
 par new generation   total 153344K, used 148772K [0x0000000089400000, 0x0000000093a60000, 0x0000000093a60000)
  eden space 136320K, 100% used [0x0000000089400000, 0x0000000091920000, 0x0000000091920000)
  from space 17024K,  73% used [0x0000000091920000, 0x0000000092549130, 0x00000000929c0000)
  to   space 17024K,   0% used [0x00000000929c0000, 0x00000000929c0000, 0x0000000093a60000)
 concurrent mark-sweep generation total 1775232K, used 1345156K [0x0000000093a60000, 0x0000000100000000, 0x0000000100000000)
 Metaspace       used 65697K, capacity 69929K, committed 70064K, reserved 1110016K
  class space    used 8054K, capacity 9044K, committed 9140K, reserved 1048576K
Event: 4369.968 GC heap after
Heap after GC invocations=1635 (full 2):
 par new generation   total 153344K, used 7174K [0x0000000089400000, 0x0000000093a60000, 0x0000000093a60000)
  eden space 136320K,   0% used [0x0000000089400000, 0x0000000089400000, 0x0000000091920000)
  from space 17024K,  42% used [0x00000000929c0000, 0x00000000930c1808, 0x0000000093a60000)
  to   space 17024K,   0% used [0x0000000091920000, 0x0000000091920000, 0x00000000929c0000)
 concurrent mark-sweep generation total 1775232K, used 1346558K [0x0000000093a60000, 0x0000000100000000, 0x0000000100000000)
 Metaspace       used 65697K, capacity 69929K, committed 70064K, reserved 1110016K
  class space    used 8054K, capacity 9044K, committed 9140K, reserved 1048576K
}
Event: 4371.997 GC heap before
{Heap before GC invocations=1635 (full 2):
 par new generation   total 153344K, used 143494K [0x0000000089400000, 0x0000000093a60000, 0x0000000093a60000)
  eden space 136320K, 100% used [0x0000000089400000, 0x0000000091920000, 0x0000000091920000)
  from space 17024K,  42% used [0x00000000929c0000, 0x00000000930c1808, 0x0000000093a60000)
  to   space 17024K,   0% used [0x0000000091920000, 0x0000000091920000, 0x00000000929c0000)
 concurrent mark-sweep generation total 1775232K, used 1346558K [0x0000000093a60000, 0x0000000100000000, 0x0000000100000000)
 Metaspace       used 65697K, capacity 69929K, committed 70064K, reserved 1110016K
  class space    used 8054K, capacity 9044K, committed 9140K, reserved 1048576K
Event: 4372.014 GC heap after
Heap after GC invocations=1636 (full 2):
 par new generation   total 153344K, used 9227K [0x0000000089400000, 0x0000000093a60000, 0x0000000093a60000)
  eden space 136320K,   0% used [0x0000000089400000, 0x0000000089400000, 0x0000000091920000)
  from space 17024K,  54% used [0x0000000091920000, 0x0000000092222e08, 0x00000000929c0000)
  to   space 17024K,   0% used [0x00000000929c0000, 0x00000000929c0000, 0x0000000093a60000)
 concurrent mark-sweep generation total 1775232K, used 1348443K [0x0000000093a60000, 0x0000000100000000, 0x0000000100000000)
 Metaspace       used 65697K, capacity 69929K, committed 70064K, reserved 1110016K
  class space    used 8054K, capacity 9044K, committed 9140K, reserved 1048576K
}
Event: 4373.997 GC heap before
{Heap before GC invocations=1636 (full 2):
 par new generation   total 153344K, used 145547K [0x0000000089400000, 0x0000000093a60000, 0x0000000093a60000)
  eden space 136320K, 100% used [0x0000000089400000, 0x0000000091920000, 0x0000000091920000)
  from space 17024K,  54% used [0x0000000091920000, 0x0000000092222e08, 0x00000000929c0000)
  to   space 17024K,   0% used [0x00000000929c0000, 0x00000000929c0000, 0x0000000093a60000)
 concurrent mark-sweep generation total 1775232K, used 1348443K [0x0000000093a60000, 0x0000000100000000, 0x0000000100000000)
 Metaspace       used 65697K, capacity 69929K, committed 70064K, reserved 1110016K
  class space    used 8054K, capacity 9044K, committed 9140K, reserved 1048576K
Event: 4374.011 GC heap after
Heap after GC invocations=1637 (full 2):
 par new generation   total 153344K, used 8707K [0x0000000089400000, 0x0000000093a60000, 0x0000000093a60000)
  eden space 136320K,   0% used [0x0000000089400000, 0x0000000089400000, 0x0000000091920000)
  from space 17024K,  51% used [0x00000000929c0000, 0x0000000093240fc8, 0x0000000093a60000)
  to   space 17024K,   0% used [0x0000000091920000, 0x0000000091920000, 0x00000000929c0000)
 concurrent mark-sweep generation total 1775232K, used 1348793K [0x0000000093a60000, 0x0000000100000000, 0x0000000100000000)
 Metaspace       used 65697K, capacity 69929K, committed 70064K, reserved 1110016K
  class space    used 8054K, capacity 9044K, committed 9140K, reserved 1048576K
}
Event: 4375.952 GC heap before
{Heap before GC invocations=1637 (full 2):
 par new generation   total 153344K, used 145027K [0x0000000089400000, 0x0000000093a60000, 0x0000000093a60000)
  eden space 136320K, 100% used [0x0000000089400000, 0x0000000091920000, 0x0000000091920000)
  from space 17024K,  51% used [0x00000000929c0000, 0x0000000093240fc8, 0x0000000093a60000)
  to   space 17024K,   0% used [0x0000000091920000, 0x0000000091920000, 0x00000000929c0000)
 concurrent mark-sweep generation total 1775232K, used 1348793K [0x0000000093a60000, 0x0000000100000000, 0x0000000100000000)
 Metaspace       used 65697K, capacity 69929K, committed 70064K, reserved 1110016K
  class space    used 8054K, capacity 9044K, committed 9140K, reserved 1048576K
Event: 4375.967 GC heap after
Heap after GC invocations=1638 (full 2):
 par new generation   total 153344K, used 6223K [0x0000000089400000, 0x0000000093a60000, 0x0000000093a60000)
  eden space 136320K,   0% used [0x0000000089400000, 0x0000000089400000, 0x0000000091920000)
  from space 17024K,  36% used [0x0000000091920000, 0x0000000091f33fe8, 0x00000000929c0000)
  to   space 17024K,   0% used [0x00000000929c0000, 0x00000000929c0000, 0x0000000093a60000)
 concurrent mark-sweep generation total 1775232K, used 1350716K [0x0000000093a60000, 0x0000000100000000, 0x0000000100000000)
 Metaspace       used 65697K, capacity 69929K, committed 70064K, reserved 1110016K
  class space    used 8054K, capacity 9044K, committed 9140K, reserved 1048576K
}
Event: 4377.849 GC heap before
{Heap before GC invocations=1638 (full 2):
 par new generation   total 153344K, used 142543K [0x0000000089400000, 0x0000000093a60000, 0x0000000093a60000)
  eden space 136320K, 100% used [0x0000000089400000, 0x0000000091920000, 0x0000000091920000)
  from space 17024K,  36% used [0x0000000091920000, 0x0000000091f33fe8, 0x00000000929c0000)
  to   space 17024K,   0% used [0x00000000929c0000, 0x00000000929c0000, 0x0000000093a60000)
 concurrent mark-sweep generation total 1775232K, used 1350716K [0x0000000093a60000, 0x0000000100000000, 0x0000000100000000)
 Metaspace       used 65698K, capacity 69929K, committed 70064K, reserved 1110016K
  class space    used 8054K, capacity 9044K, committed 9140K, reserved 1048576K
Event: 4377.863 GC heap after
Heap after GC invocations=1639 (full 2):
 par new generation   total 153344K, used 7325K [0x0000000089400000, 0x0000000093a60000, 0x0000000093a60000)
  eden space 136320K,   0% used [0x0000000089400000, 0x0000000089400000, 0x0000000091920000)
  from space 17024K,  43% used [0x00000000929c0000, 0x00000000930e7788, 0x0000000093a60000)
  to   space 17024K,   0% used [0x0000000091920000, 0x0000000091920000, 0x00000000929c0000)
 concurrent mark-sweep generation total 1775232K, used 1351784K [0x0000000093a60000, 0x0000000100000000, 0x0000000100000000)
 Metaspace       used 65698K, capacity 69929K, committed 70064K, reserved 1110016K
  class space    used 8054K, capacity 9044K, committed 9140K, reserved 1048576K
}
Event: 4379.853 GC heap before
{Heap before GC invocations=1639 (full 2):
 par new generation   total 153344K, used 143645K [0x0000000089400000, 0x0000000093a60000, 0x0000000093a60000)
  eden space 136320K, 100% used [0x0000000089400000, 0x0000000091920000, 0x0000000091920000)
  from space 17024K,  43% used [0x00000000929c0000, 0x00000000930e7788, 0x0000000093a60000)
  to   space 17024K,   0% used [0x0000000091920000, 0x0000000091920000, 0x00000000929c0000)
 concurrent mark-sweep generation total 1775232K, used 1351784K [0x0000000093a60000, 0x0000000100000000, 0x0000000100000000)
 Metaspace       used 65698K, capacity 69929K, committed 70064K, reserved 1110016K
  class space    used 8054K, capacity 9044K, committed 9140K, reserved 1048576K
Event: 4379.865 GC heap after
Heap after GC invocations=1640 (full 2):
 par new generation   total 153344K, used 6867K [0x0000000089400000, 0x0000000093a60000, 0x0000000093a60000)
  eden space 136320K,   0% used [0x0000000089400000, 0x0000000089400000, 0x0000000091920000)
  from space 17024K,  40% used [0x0000000091920000, 0x0000000091fd4c18, 0x00000000929c0000)
  to   space 17024K,   0% used [0x00000000929c0000, 0x00000000929c0000, 0x0000000093a60000)
 concurrent mark-sweep generation total 1775232K, used 1351941K [0x0000000093a60000, 0x0000000100000000, 0x0000000100000000)
 Metaspace       used 65698K, capacity 69929K, committed 70064K, reserved 1110016K
  class space    used 8054K, capacity 9044K, committed 9140K, reserved 1048576K
}
Event: 4381.700 GC heap before
{Heap before GC invocations=1640 (full 2):
 par new generation   total 153344K, used 143187K [0x0000000089400000, 0x0000000093a60000, 0x0000000093a60000)
  eden space 136320K, 100% used [0x0000000089400000, 0x0000000091920000, 0x0000000091920000)
  from space 17024K,  40% used [0x0000000091920000, 0x0000000091fd4c18, 0x00000000929c0000)
  to   space 17024K,   0% used [0x00000000929c0000, 0x00000000929c0000, 0x0000000093a60000)
 concurrent mark-sweep generation total 1775232K, used 1351941K [0x0000000093a60000, 0x0000000100000000, 0x0000000100000000)
 Metaspace       used 65698K, capacity 69929K, committed 70064K, reserved 1110016K
  class space    used 8054K, capacity 9044K, committed 9140K, reserved 1048576K
Event: 4381.713 GC heap after
Heap after GC invocations=1641 (full 2):
 par new generation   total 153344K, used 6615K [0x0000000089400000, 0x0000000093a60000, 0x0000000093a60000)
  eden space 136320K,   0% used [0x0000000089400000, 0x0000000089400000, 0x0000000091920000)
  from space 17024K,  38% used [0x00000000929c0000, 0x0000000093035ea0, 0x0000000093a60000)
  to   space 17024K,   0% used [0x0000000091920000, 0x0000000091920000, 0x00000000929c0000)
 concurrent mark-sweep generation total 1775232K, used 1352034K [0x0000000093a60000, 0x0000000100000000, 0x0000000100000000)
 Metaspace       used 65698K, capacity 69929K, committed 70064K, reserved 1110016K
  class space    used 8054K, capacity 9044K, committed 9140K, reserved 1048576K
}
Event: 4383.499 GC heap before
{Heap before GC invocations=1641 (full 2):
 par new generation   total 153344K, used 142935K [0x0000000089400000, 0x0000000093a60000, 0x0000000093a60000)
  eden space 136320K, 100% used [0x0000000089400000, 0x0000000091920000, 0x0000000091920000)
  from space 17024K,  38% used [0x00000000929c0000, 0x0000000093035ea0, 0x0000000093a60000)
  to   space 17024K,   0% used [0x0000000091920000, 0x0000000091920000, 0x00000000929c0000)
 concurrent mark-sweep generation total 1775232K, used 1352034K [0x0000000093a60000, 0x0000000100000000, 0x0000000100000000)
 Metaspace       used 65698K, capacity 69929K, committed 70064K, reserved 1110016K
  class space    used 8054K, capacity 9044K, committed 9140K, reserved 1048576K
Event: 4383.513 GC heap after
Heap after GC invocations=1642 (full 2):
 par new generation   total 153344K, used 6876K [0x0000000089400000, 0x0000000093a60000, 0x0000000093a60000)
  eden space 136320K,   0% used [0x0000000089400000, 0x0000000089400000, 0x0000000091920000)
  from space 17024K,  40% used [0x0000000091920000, 0x0000000091fd7030, 0x00000000929c0000)
  to   space 17024K,   0% used [0x00000000929c0000, 0x00000000929c0000, 0x0000000093a60000)
 concurrent mark-sweep generation total 1775232K, used 1352938K [0x0000000093a60000, 0x0000000100000000, 0x0000000100000000)
 Metaspace       used 65698K, capacity 69929K, committed 70064K, reserved 1110016K
  class space    used 8054K, capacity 9044K, committed 9140K, reserved 1048576K
}
Event: 4385.345 GC heap before
{Heap before GC invocations=1642 (full 2):
 par new generation   total 153344K, used 143196K [0x0000000089400000, 0x0000000093a60000, 0x0000000093a60000)
  eden space 136320K, 100% used [0x0000000089400000, 0x0000000091920000, 0x0000000091920000)
  from space 17024K,  40% used [0x0000000091920000, 0x0000000091fd7030, 0x00000000929c0000)
  to   space 17024K,   0% used [0x00000000929c0000, 0x00000000929c0000, 0x0000000093a60000)
 concurrent mark-sweep generation total 1775232K, used 1352938K [0x0000000093a60000, 0x0000000100000000, 0x0000000100000000)
 Metaspace       used 65698K, capacity 69929K, committed 70064K, reserved 1110016K
  class space    used 8054K, capacity 9044K, committed 9140K, reserved 1048576K
Event: 4385.368 GC heap after
Heap after GC invocations=1643 (full 2):
 par new generation   total 153344K, used 7569K [0x0000000089400000, 0x0000000093a60000, 0x0000000093a60000)
  eden space 136320K,   0% used [0x0000000089400000, 0x0000000089400000, 0x0000000091920000)
  from space 17024K,  44% used [0x00000000929c0000, 0x0000000093124688, 0x0000000093a60000)
  to   space 17024K,   0% used [0x0000000091920000, 0x0000000091920000, 0x00000000929c0000)
 concurrent mark-sweep generation total 1775232K, used 1353930K [0x0000000093a60000, 0x0000000100000000, 0x0000000100000000)
 Metaspace       used 65698K, capacity 69929K, committed 70064K, reserved 1110016K
  class space    used 8054K, capacity 9044K, committed 9140K, reserved 1048576K
}
Event: 4387.099 GC heap before
{Heap before GC invocations=1643 (full 2):
 par new generation   total 153344K, used 143889K [0x0000000089400000, 0x0000000093a60000, 0x0000000093a60000)
  eden space 136320K, 100% used [0x0000000089400000, 0x0000000091920000, 0x0000000091920000)
  from space 17024K,  44% used [0x00000000929c0000, 0x0000000093124688, 0x0000000093a60000)
  to   space 17024K,   0% used [0x0000000091920000, 0x0000000091920000, 0x00000000929c0000)
 concurrent mark-sweep generation total 1775232K, used 1353930K [0x0000000093a60000, 0x0000000100000000, 0x0000000100000000)
 Metaspace       used 65698K, capacity 69929K, committed 70064K, reserved 1110016K
  class space    used 8054K, capacity 9044K, committed 9140K, reserved 1048576K
Event: 4387.113 GC heap after
Heap after GC invocations=1644 (full 2):
 par new generation   total 153344K, used 7034K [0x0000000089400000, 0x0000000093a60000, 0x0000000093a60000)
  eden space 136320K,   0% used [0x0000000089400000, 0x0000000089400000, 0x0000000091920000)
  from space 17024K,  41% used [0x0000000091920000, 0x0000000091ffebe8, 0x00000000929c0000)
  to   space 17024K,   0% used [0x00000000929c0000, 0x00000000929c0000, 0x0000000093a60000)
 concurrent mark-sweep generation total 1775232K, used 1354892K [0x0000000093a60000, 0x0000000100000000, 0x0000000100000000)
 Metaspace       used 65698K, capacity 69929K, committed 70064K, reserved 1110016K
  class space    used 8054K, capacity 9044K, committed 9140K, reserved 1048576K
}
Event: 4388.901 GC heap before
{Heap before GC invocations=1644 (full 2):
 par new generation   total 153344K, used 143354K [0x0000000089400000, 0x0000000093a60000, 0x0000000093a60000)
  eden space 136320K, 100% used [0x0000000089400000, 0x0000000091920000, 0x0000000091920000)
  from space 17024K,  41% used [0x0000000091920000, 0x0000000091ffebe8, 0x00000000929c0000)
  to   space 17024K,   0% used [0x00000000929c0000, 0x00000000929c0000, 0x0000000093a60000)
 concurrent mark-sweep generation total 1775232K, used 1354892K [0x0000000093a60000, 0x0000000100000000, 0x0000000100000000)
 Metaspace       used 65698K, capacity 69929K, committed 70064K, reserved 1110016K
  class space    used 8054K, capacity 9044K, committed 9140K, reserved 1048576K
Event: 4388.915 GC heap after
Heap after GC invocations=1645 (full 2):
 par new generation   total 153344K, used 6556K [0x0000000089400000, 0x0000000093a60000, 0x0000000093a60000)
  eden space 136320K,   0% used [0x0000000089400000, 0x0000000089400000, 0x0000000091920000)
  from space 17024K,  38% used [0x00000000929c0000, 0x0000000093027170, 0x0000000093a60000)
  to   space 17024K,   0% used [0x0000000091920000, 0x0000000091920000, 0x00000000929c0000)
 concurrent mark-sweep generation total 1775232K, used 1355777K [0x0000000093a60000, 0x0000000100000000, 0x0000000100000000)
 Metaspace       used 65698K, capacity 69929K, committed 70064K, reserved 1110016K
  class space    used 8054K, capacity 9044K, committed 9140K, reserved 1048576K
}
Event: 4390.856 GC heap before
{Heap before GC invocations=1645 (full 2):
 par new generation   total 153344K, used 142876K [0x0000000089400000, 0x0000000093a60000, 0x0000000093a60000)
  eden space 136320K, 100% used [0x0000000089400000, 0x0000000091920000, 0x0000000091920000)
  from space 17024K,  38% used [0x00000000929c0000, 0x0000000093027170, 0x0000000093a60000)
  to   space 17024K,   0% used [0x0000000091920000, 0x0000000091920000, 0x00000000929c0000)
 concurrent mark-sweep generation total 1775232K, used 1355777K [0x0000000093a60000, 0x0000000100000000, 0x0000000100000000)
 Metaspace       used 65698K, capacity 69929K, committed 70064K, reserved 1110016K
  class space    used 8054K, capacity 9044K, committed 9140K, reserved 1048576K
Event: 4390.869 GC heap after
Heap after GC invocations=1646 (full 2):
 par new generation   total 153344K, used 6658K [0x0000000089400000, 0x0000000093a60000, 0x0000000093a60000)
  eden space 136320K,   0% used [0x0000000089400000, 0x0000000089400000, 0x0000000091920000)
  from space 17024K,  39% used [0x0000000091920000, 0x0000000091fa0b50, 0x00000000929c0000)
  to   space 17024K,   0% used [0x00000000929c0000, 0x00000000929c0000, 0x0000000093a60000)
 concurrent mark-sweep generation total 1775232K, used 1355824K [0x0000000093a60000, 0x0000000100000000, 0x0000000100000000)
 Metaspace       used 65698K, capacity 69929K, committed 70064K, reserved 1110016K
  class space    used 8054K, capacity 9044K, committed 9140K, reserved 1048576K
}
Event: 4392.599 GC heap before
{Heap before GC invocations=1646 (full 2):
 par new generation   total 153344K, used 142978K [0x0000000089400000, 0x0000000093a60000, 0x0000000093a60000)
  eden space 136320K, 100% used [0x0000000089400000, 0x0000000091920000, 0x0000000091920000)
  from space 17024K,  39% used [0x0000000091920000, 0x0000000091fa0b50, 0x00000000929c0000)
  to   space 17024K,   0% used [0x00000000929c0000, 0x00000000929c0000, 0x0000000093a60000)
 concurrent mark-sweep generation total 1775232K, used 1355824K [0x0000000093a60000, 0x0000000100000000, 0x0000000100000000)
 Metaspace       used 65698K, capacity 69929K, committed 70064K, reserved 1110016K
  class space    used 8054K, capacity 9044K, committed 9140K, reserved 1048576K
Event: 4392.612 GC heap after
Heap after GC invocations=1647 (full 2):
 par new generation   total 153344K, used 7166K [0x0000000089400000, 0x0000000093a60000, 0x0000000093a60000)
  eden space 136320K,   0% used [0x0000000089400000, 0x0000000089400000, 0x0000000091920000)
  from space 17024K,  42% used [0x00000000929c0000, 0x00000000930bfae0, 0x0000000093a60000)
  to   space 17024K,   0% used [0x0000000091920000, 0x0000000091920000, 0x00000000929c0000)
 concurrent mark-sweep generation total 1775232K, used 1356283K [0x0000000093a60000, 0x0000000100000000, 0x0000000100000000)
 Metaspace       used 65698K, capacity 69929K, committed 70064K, reserved 1110016K
  class space    used 8054K, capacity 9044K, committed 9140K, reserved 1048576K
}
Event: 4394.402 GC heap before
{Heap before GC invocations=1647 (full 2):
 par new generation   total 153344K, used 143486K [0x0000000089400000, 0x0000000093a60000, 0x0000000093a60000)
  eden space 136320K, 100% used [0x0000000089400000, 0x0000000091920000, 0x0000000091920000)
  from space 17024K,  42% used [0x00000000929c0000, 0x00000000930bfae0, 0x0000000093a60000)
  to   space 17024K,   0% used [0x0000000091920000, 0x0000000091920000, 0x00000000929c0000)
 concurrent mark-sweep generation total 1775232K, used 1356283K [0x0000000093a60000, 0x0000000100000000, 0x0000000100000000)
 Metaspace       used 65698K, capacity 69929K, committed 70064K, reserved 1110016K
  class space    used 8054K, capacity 9044K, committed 9140K, reserved 1048576K
Event: 4394.416 GC heap after
Heap after GC invocations=1648 (full 2):
 par new generation   total 153344K, used 5601K [0x0000000089400000, 0x0000000093a60000, 0x0000000093a60000)
  eden space 136320K,   0% used [0x0000000089400000, 0x0000000089400000, 0x0000000091920000)
  from space 17024K,  32% used [0x0000000091920000, 0x0000000091e986e0, 0x00000000929c0000)
  to   space 17024K,   0% used [0x00000000929c0000, 0x00000000929c0000, 0x0000000093a60000)
 concurrent mark-sweep generation total 1775232K, used 1357223K [0x0000000093a60000, 0x0000000100000000, 0x0000000100000000)
 Metaspace       used 65698K, capacity 69929K, committed 70064K, reserved 1110016K
  class space    used 8054K, capacity 9044K, committed 9140K, reserved 1048576K
}
Event: 4396.251 GC heap before
{Heap before GC invocations=1648 (full 2):
 par new generation   total 153344K, used 141921K [0x0000000089400000, 0x0000000093a60000, 0x0000000093a60000)
  eden space 136320K, 100% used [0x0000000089400000, 0x0000000091920000, 0x0000000091920000)
  from space 17024K,  32% used [0x0000000091920000, 0x0000000091e986e0, 0x00000000929c0000)
  to   space 17024K,   0% used [0x00000000929c0000, 0x00000000929c0000, 0x0000000093a60000)
 concurrent mark-sweep generation total 1775232K, used 1357223K [0x0000000093a60000, 0x0000000100000000, 0x0000000100000000)
 Metaspace       used 65698K, capacity 69929K, committed 70064K, reserved 1110016K
  class space    used 8054K, capacity 9044K, committed 9140K, reserved 1048576K
Event: 4396.265 GC heap after
Heap after GC invocations=1649 (full 2):
 par new generation   total 153344K, used 5965K [0x0000000089400000, 0x0000000093a60000, 0x0000000093a60000)
  eden space 136320K,   0% used [0x0000000089400000, 0x0000000089400000, 0x0000000091920000)
  from space 17024K,  35% used [0x00000000929c0000, 0x0000000092f935f0, 0x0000000093a60000)
  to   space 17024K,   0% used [0x0000000091920000, 0x0000000091920000, 0x00000000929c0000)
 concurrent mark-sweep generation total 1775232K, used 1357434K [0x0000000093a60000, 0x0000000100000000, 0x0000000100000000)
 Metaspace       used 65698K, capacity 69929K, committed 70064K, reserved 1110016K
  class space    used 8054K, capacity 9044K, committed 9140K, reserved 1048576K
}
Event: 4398.105 GC heap before
{Heap before GC invocations=1649 (full 2):
 par new generation   total 153344K, used 142285K [0x0000000089400000, 0x0000000093a60000, 0x0000000093a60000)
  eden space 136320K, 100% used [0x0000000089400000, 0x0000000091920000, 0x0000000091920000)
  from space 17024K,  35% used [0x00000000929c0000, 0x0000000092f935f0, 0x0000000093a60000)
  to   space 17024K,   0% used [0x0000000091920000, 0x0000000091920000, 0x00000000929c0000)
 concurrent mark-sweep generation total 1775232K, used 1357434K [0x0000000093a60000, 0x0000000100000000, 0x0000000100000000)
 Metaspace       used 65698K, capacity 69929K, committed 70064K, reserved 1110016K
  class space    used 8054K, capacity 9044K, committed 9140K, reserved 1048576K
Event: 4398.117 GC heap after
Heap after GC invocations=1650 (full 2):
 par new generation   total 153344K, used 7048K [0x0000000089400000, 0x0000000093a60000, 0x0000000093a60000)
  eden space 136320K,   0% used [0x0000000089400000, 0x0000000089400000, 0x0000000091920000)
  from space 17024K,  41% used [0x0000000091920000, 0x00000000920023d8, 0x00000000929c0000)
  to   space 17024K,   0% used [0x00000000929c0000, 0x00000000929c0000, 0x0000000093a60000)
 concurrent mark-sweep generation total 1775232K, used 1357499K [0x0000000093a60000, 0x0000000100000000, 0x0000000100000000)
 Metaspace       used 65698K, capacity 69929K, committed 70064K, reserved 1110016K
  class space    used 8054K, capacity 9044K, committed 9140K, reserved 1048576K
}
Event: 4399.948 GC heap before
{Heap before GC invocations=1650 (full 2):
 par new generation   total 153344K, used 143368K [0x0000000089400000, 0x0000000093a60000, 0x0000000093a60000)
  eden space 136320K, 100% used [0x0000000089400000, 0x0000000091920000, 0x0000000091920000)
  from space 17024K,  41% used [0x0000000091920000, 0x00000000920023d8, 0x00000000929c0000)
  to   space 17024K,   0% used [0x00000000929c0000, 0x00000000929c0000, 0x0000000093a60000)
 concurrent mark-sweep generation total 1775232K, used 1357499K [0x0000000093a60000, 0x0000000100000000, 0x0000000100000000)
 Metaspace       used 65698K, capacity 69929K, committed 70064K, reserved 1110016K
  class space    used 8054K, capacity 9044K, committed 9140K, reserved 1048576K
Event: 4399.961 GC heap after
Heap after GC invocations=1651 (full 2):
 par new generation   total 153344K, used 7245K [0x0000000089400000, 0x0000000093a60000, 0x0000000093a60000)
  eden space 136320K,   0% used [0x0000000089400000, 0x0000000089400000, 0x0000000091920000)
  from space 17024K,  42% used [0x00000000929c0000, 0x00000000930d3478, 0x0000000093a60000)
  to   space 17024K,   0% used [0x0000000091920000, 0x0000000091920000, 0x00000000929c0000)
 concurrent mark-sweep generation total 1775232K, used 1357659K [0x0000000093a60000, 0x0000000100000000, 0x0000000100000000)
 Metaspace       used 65698K, capacity 69929K, committed 70064K, reserved 1110016K
  class space    used 8054K, capacity 9044K, committed 9140K, reserved 1048576K
}
Event: 4401.797 GC heap before
{Heap before GC invocations=1651 (full 2):
 par new generation   total 153344K, used 143565K [0x0000000089400000, 0x0000000093a60000, 0x0000000093a60000)
  eden space 136320K, 100% used [0x0000000089400000, 0x0000000091920000, 0x0000000091920000)
  from space 17024K,  42% used [0x00000000929c0000, 0x00000000930d3478, 0x0000000093a60000)
  to   space 17024K,   0% used [0x0000000091920000, 0x0000000091920000, 0x00000000929c0000)
 concurrent mark-sweep generation total 1775232K, used 1357659K [0x0000000093a60000, 0x0000000100000000, 0x0000000100000000)
 Metaspace       used 65698K, capacity 69929K, committed 70064K, reserved 1110016K
  class space    used 8054K, capacity 9044K, committed 9140K, reserved 1048576K
Event: 4401.811 GC heap after
Heap after GC invocations=1652 (full 2):
 par new generation   total 153344K, used 8207K [0x0000000089400000, 0x0000000093a60000, 0x0000000093a60000)
  eden space 136320K,   0% used [0x0000000089400000, 0x0000000089400000, 0x0000000091920000)
  from space 17024K,  48% used [0x0000000091920000, 0x0000000092123f28, 0x00000000929c0000)
  to   space 17024K,   0% used [0x00000000929c0000, 0x00000000929c0000, 0x0000000093a60000)
 concurrent mark-sweep generation total 1775232K, used 1357759K [0x0000000093a60000, 0x0000000100000000, 0x0000000100000000)
 Metaspace       used 65698K, capacity 69929K, committed 70064K, reserved 1110016K
  class space    used 8054K, capacity 9044K, committed 9140K, reserved 1048576K
}
Event: 4403.703 GC heap before
{Heap before GC invocations=1652 (full 2):
 par new generation   total 153344K, used 144527K [0x0000000089400000, 0x0000000093a60000, 0x0000000093a60000)
  eden space 136320K, 100% used [0x0000000089400000, 0x0000000091920000, 0x0000000091920000)
  from space 17024K,  48% used [0x0000000091920000, 0x0000000092123f28, 0x00000000929c0000)
  to   space 17024K,   0% used [0x00000000929c0000, 0x00000000929c0000, 0x0000000093a60000)
 concurrent mark-sweep generation total 1775232K, used 1357759K [0x0000000093a60000, 0x0000000100000000, 0x0000000100000000)
 Metaspace       used 65698K, capacity 69929K, committed 70064K, reserved 1110016K
  class space    used 8054K, capacity 9044K, committed 9140K, reserved 1048576K
Event: 4403.718 GC heap after
Heap after GC invocations=1653 (full 2):
 par new generation   total 153344K, used 9477K [0x0000000089400000, 0x0000000093a60000, 0x0000000093a60000)
  eden space 136320K,   0% used [0x0000000089400000, 0x0000000089400000, 0x0000000091920000)
  from space 17024K,  55% used [0x00000000929c0000, 0x0000000093301568, 0x0000000093a60000)
  to   space 17024K,   0% used [0x0000000091920000, 0x0000000091920000, 0x00000000929c0000)
 concurrent mark-sweep generation total 1775232K, used 1358734K [0x0000000093a60000, 0x0000000100000000, 0x0000000100000000)
 Metaspace       used 65698K, capacity 69929K, committed 70064K, reserved 1110016K
  class space    used 8054K, capacity 9044K, committed 9140K, reserved 1048576K
}
Event: 4405.702 GC heap before
{Heap before GC invocations=1653 (full 2):
 par new generation   total 153344K, used 145797K [0x0000000089400000, 0x0000000093a60000, 0x0000000093a60000)
  eden space 136320K, 100% used [0x0000000089400000, 0x0000000091920000, 0x0000000091920000)
  from space 17024K,  55% used [0x00000000929c0000, 0x0000000093301568, 0x0000000093a60000)
  to   space 17024K,   0% used [0x0000000091920000, 0x0000000091920000, 0x00000000929c0000)
 concurrent mark-sweep generation total 1775232K, used 1358734K [0x0000000093a60000, 0x0000000100000000, 0x0000000100000000)
 Metaspace       used 65698K, capacity 69929K, committed 70064K, reserved 1110016K
  class space    used 8054K, capacity 9044K, committed 9140K, reserved 1048576K
Event: 4405.717 GC heap after
Heap after GC invocations=1654 (full 2):
 par new generation   total 153344K, used 9032K [0x0000000089400000, 0x0000000093a60000, 0x0000000093a60000)
  eden space 136320K,   0% used [0x0000000089400000, 0x0000000089400000, 0x0000000091920000)
  from space 17024K,  53% used [0x0000000091920000, 0x00000000921f22b0, 0x00000000929c0000)
  to   space 17024K,   0% used [0x00000000929c0000, 0x00000000929c0000, 0x0000000093a60000)
 concurrent mark-sweep generation total 1775232K, used 1360372K [0x0000000093a60000, 0x0000000100000000, 0x0000000100000000)
 Metaspace       used 65698K, capacity 69929K, committed 70064K, reserved 1110016K
  class space    used 8054K, capacity 9044K, committed 9140K, reserved 1048576K
}
Event: 4407.951 GC heap before
{Heap before GC invocations=1654 (full 2):
 par new generation   total 153344K, used 145352K [0x0000000089400000, 0x0000000093a60000, 0x0000000093a60000)
  eden space 136320K, 100% used [0x0000000089400000, 0x0000000091920000, 0x0000000091920000)
  from space 17024K,  53% used [0x0000000091920000, 0x00000000921f22b0, 0x00000000929c0000)
  to   space 17024K,   0% used [0x00000000929c0000, 0x00000000929c0000, 0x0000000093a60000)
 concurrent mark-sweep generation total 1775232K, used 1360372K [0x0000000093a60000, 0x0000000100000000, 0x0000000100000000)
 Metaspace       used 65698K, capacity 69929K, committed 70064K, reserved 1110016K
  class space    used 8054K, capacity 9044K, committed 9140K, reserved 1048576K
Event: 4407.965 GC heap after
Heap after GC invocations=1655 (full 2):
 par new generation   total 153344K, used 7034K [0x0000000089400000, 0x0000000093a60000, 0x0000000093a60000)
  eden space 136320K,   0% used [0x0000000089400000, 0x0000000089400000, 0x0000000091920000)
  from space 17024K,  41% used [0x00000000929c0000, 0x000000009309e8e8, 0x0000000093a60000)
  to   space 17024K,   0% used [0x0000000091920000, 0x0000000091920000, 0x00000000929c0000)
 concurrent mark-sweep generation total 1775232K, used 1361399K [0x0000000093a60000, 0x0000000100000000, 0x0000000100000000)
 Metaspace       used 65698K, capacity 69929K, committed 70064K, reserved 1110016K
  class space    used 8054K, capacity 9044K, committed 9140K, reserved 1048576K
}
Event: 4410.130 GC heap before
{Heap before GC invocations=1655 (full 2):
 par new generation   total 153344K, used 143354K [0x0000000089400000, 0x0000000093a60000, 0x0000000093a60000)
  eden space 136320K, 100% used [0x0000000089400000, 0x0000000091920000, 0x0000000091920000)
  from space 17024K,  41% used [0x00000000929c0000, 0x000000009309e8e8, 0x0000000093a60000)
  to   space 17024K,   0% used [0x0000000091920000, 0x0000000091920000, 0x00000000929c0000)
 concurrent mark-sweep generation total 1775232K, used 1361399K [0x0000000093a60000, 0x0000000100000000, 0x0000000100000000)
 Metaspace       used 65698K, capacity 69929K, committed 70064K, reserved 1110016K
  class space    used 8054K, capacity 9044K, committed 9140K, reserved 1048576K
Event: 4410.145 GC heap after
Heap after GC invocations=1656 (full 2):
 par new generation   total 153344K, used 9889K [0x0000000089400000, 0x0000000093a60000, 0x0000000093a60000)
  eden space 136320K,   0% used [0x0000000089400000, 0x0000000089400000, 0x0000000091920000)
  from space 17024K,  58% used [0x0000000091920000, 0x00000000922c84a0, 0x00000000929c0000)
  to   space 17024K,   0% used [0x00000000929c0000, 0x00000000929c0000, 0x0000000093a60000)
 concurrent mark-sweep generation total 1775232K, used 1361431K [0x0000000093a60000, 0x0000000100000000, 0x0000000100000000)
 Metaspace       used 65698K, capacity 69929K, committed 70064K, reserved 1110016K
  class space    used 8054K, capacity 9044K, committed 9140K, reserved 1048576K
}
Event: 4412.262 GC heap before
{Heap before GC invocations=1656 (full 2):
 par new generation   total 153344K, used 146209K [0x0000000089400000, 0x0000000093a60000, 0x0000000093a60000)
  eden space 136320K, 100% used [0x0000000089400000, 0x0000000091920000, 0x0000000091920000)
  from space 17024K,  58% used [0x0000000091920000, 0x00000000922c84a0, 0x00000000929c0000)
  to   space 17024K,   0% used [0x00000000929c0000, 0x00000000929c0000, 0x0000000093a60000)
 concurrent mark-sweep generation total 1775232K, used 1361431K [0x0000000093a60000, 0x0000000100000000, 0x0000000100000000)
 Metaspace       used 65700K, capacity 69929K, committed 70064K, reserved 1110016K
  class space    used 8054K, capacity 9044K, committed 9140K, reserved 1048576K
Event: 4412.279 GC heap after
Heap after GC invocations=1657 (full 2):
 par new generation   total 153344K, used 10474K [0x0000000089400000, 0x0000000093a60000, 0x0000000093a60000)
  eden space 136320K,   0% used [0x0000000089400000, 0x0000000089400000, 0x0000000091920000)
  from space 17024K,  61% used [0x00000000929c0000, 0x00000000933faae8, 0x0000000093a60000)
  to   space 17024K,   0% used [0x0000000091920000, 0x0000000091920000, 0x00000000929c0000)
 concurrent mark-sweep generation total 1775232K, used 1362330K [0x0000000093a60000, 0x0000000100000000, 0x0000000100000000)
 Metaspace       used 65700K, capacity 69929K, committed 70064K, reserved 1110016K
  class space    used 8054K, capacity 9044K, committed 9140K, reserved 1048576K
}
Event: 4414.310 GC heap before
{Heap before GC invocations=1657 (full 2):
 par new generation   total 153344K, used 146794K [0x0000000089400000, 0x0000000093a60000, 0x0000000093a60000)
  eden space 136320K, 100% used [0x0000000089400000, 0x0000000091920000, 0x0000000091920000)
  from space 17024K,  61% used [0x00000000929c0000, 0x00000000933faae8, 0x0000000093a60000)
  to   space 17024K,   0% used [0x0000000091920000, 0x0000000091920000, 0x00000000929c0000)
 concurrent mark-sweep generation total 1775232K, used 1362330K [0x0000000093a60000, 0x0000000100000000, 0x0000000100000000)
 Metaspace       used 65700K, capacity 69929K, committed 70064K, reserved 1110016K
  class space    used 8054K, capacity 9044K, committed 9140K, reserved 1048576K
Event: 4414.328 GC heap after
Heap after GC invocations=1658 (full 2):
 par new generation   total 153344K, used 10898K [0x0000000089400000, 0x0000000093a60000, 0x0000000093a60000)
  eden space 136320K,   0% used [0x0000000089400000, 0x0000000089400000, 0x0000000091920000)
  from space 17024K,  64% used [0x0000000091920000, 0x00000000923c4880, 0x00000000929c0000)
  to   space 17024K,   0% used [0x00000000929c0000, 0x00000000929c0000, 0x0000000093a60000)
 concurrent mark-sweep generation total 1775232K, used 1363203K [0x0000000093a60000, 0x0000000100000000, 0x0000000100000000)
 Metaspace       used 65700K, capacity 69929K, committed 70064K, reserved 1110016K
  class space    used 8054K, capacity 9044K, committed 9140K, reserved 1048576K
}
Event: 4416.458 GC heap before
{Heap before GC invocations=1658 (full 2):
 par new generation   total 153344K, used 147218K [0x0000000089400000, 0x0000000093a60000, 0x0000000093a60000)
  eden space 136320K, 100% used [0x0000000089400000, 0x0000000091920000, 0x0000000091920000)
  from space 17024K,  64% used [0x0000000091920000, 0x00000000923c4880, 0x00000000929c0000)
  to   space 17024K,   0% used [0x00000000929c0000, 0x00000000929c0000, 0x0000000093a60000)
 concurrent mark-sweep generation total 1775232K, used 1363203K [0x0000000093a60000, 0x0000000100000000, 0x0000000100000000)
 Metaspace       used 65700K, capacity 69929K, committed 70064K, reserved 1110016K
  class space    used 8054K, capacity 9044K, committed 9140K, reserved 1048576K
Event: 4416.475 GC heap after
Heap after GC invocations=1659 (full 2):
 par new generation   total 153344K, used 12308K [0x0000000089400000, 0x0000000093a60000, 0x0000000093a60000)
  eden space 136320K,   0% used [0x0000000089400000, 0x0000000089400000, 0x0000000091920000)
  from space 17024K,  72% used [0x00000000929c0000, 0x00000000935c5240, 0x0000000093a60000)
  to   space 17024K,   0% used [0x0000000091920000, 0x0000000091920000, 0x00000000929c0000)
 concurrent mark-sweep generation total 1775232K, used 1364017K [0x0000000093a60000, 0x0000000100000000, 0x0000000100000000)
 Metaspace       used 65700K, capacity 69929K, committed 70064K, reserved 1110016K
  class space    used 8054K, capacity 9044K, committed 9140K, reserved 1048576K
}
Event: 4418.557 GC heap before
{Heap before GC invocations=1659 (full 2):
 par new generation   total 153344K, used 148628K [0x0000000089400000, 0x0000000093a60000, 0x0000000093a60000)
  eden space 136320K, 100% used [0x0000000089400000, 0x0000000091920000, 0x0000000091920000)
  from space 17024K,  72% used [0x00000000929c0000, 0x00000000935c5240, 0x0000000093a60000)
  to   space 17024K,   0% used [0x0000000091920000, 0x0000000091920000, 0x00000000929c0000)
 concurrent mark-sweep generation total 1775232K, used 1364017K [0x0000000093a60000, 0x0000000100000000, 0x0000000100000000)
 Metaspace       used 65700K, capacity 69929K, committed 70064K, reserved 1110016K
  class space    used 8054K, capacity 9044K, committed 9140K, reserved 1048576K
Event: 4418.575 GC heap after
Heap after GC invocations=1660 (full 2):
 par new generation   total 153344K, used 12434K [0x0000000089400000, 0x0000000093a60000, 0x0000000093a60000)
  eden space 136320K,   0% used [0x0000000089400000, 0x0000000089400000, 0x0000000091920000)
  from space 17024K,  73% used [0x0000000091920000, 0x00000000925448b8, 0x00000000929c0000)
  to   space 17024K,   0% used [0x00000000929c0000, 0x00000000929c0000, 0x0000000093a60000)
 concurrent mark-sweep generation total 1775232K, used 1365035K [0x0000000093a60000, 0x0000000100000000, 0x0000000100000000)
 Metaspace       used 65700K, capacity 69929K, committed 70064K, reserved 1110016K
  class space    used 8054K, capacity 9044K, committed 9140K, reserved 1048576K
}
Event: 4420.614 GC heap before
{Heap before GC invocations=1660 (full 2):
 par new generation   total 153344K, used 148754K [0x0000000089400000, 0x0000000093a60000, 0x0000000093a60000)
  eden space 136320K, 100% used [0x0000000089400000, 0x0000000091920000, 0x0000000091920000)
  from space 17024K,  73% used [0x0000000091920000, 0x00000000925448b8, 0x00000000929c0000)
  to   space 17024K,   0% used [0x00000000929c0000, 0x00000000929c0000, 0x0000000093a60000)
 concurrent mark-sweep generation total 1775232K, used 1365035K [0x0000000093a60000, 0x0000000100000000, 0x0000000100000000)
 Metaspace       used 65700K, capacity 69929K, committed 70064K, reserved 1110016K
  class space    used 8054K, capacity 9044K, committed 9140K, reserved 1048576K
Event: 4420.631 GC heap after
Heap after GC invocations=1661 (full 2):
 par new generation   total 153344K, used 12457K [0x0000000089400000, 0x0000000093a60000, 0x0000000093a60000)
  eden space 136320K,   0% used [0x0000000089400000, 0x0000000089400000, 0x0000000091920000)
  from space 17024K,  73% used [0x00000000929c0000, 0x00000000935ea648, 0x0000000093a60000)
  to   space 17024K,   0% used [0x0000000091920000, 0x0000000091920000, 0x00000000929c0000)
 concurrent mark-sweep generation total 1775232K, used 1366006K [0x0000000093a60000, 0x0000000100000000, 0x0000000100000000)
 Metaspace       used 65700K, capacity 69929K, committed 70064K, reserved 1110016K
  class space    used 8054K, capacity 9044K, committed 9140K, reserved 1048576K
}
Event: 4422.654 GC heap before
{Heap before GC invocations=1661 (full 2):
 par new generation   total 153344K, used 148777K [0x0000000089400000, 0x0000000093a60000, 0x0000000093a60000)
  eden space 136320K, 100% used [0x0000000089400000, 0x0000000091920000, 0x0000000091920000)
  from space 17024K,  73% used [0x00000000929c0000, 0x00000000935ea648, 0x0000000093a60000)
  to   space 17024K,   0% used [0x0000000091920000, 0x0000000091920000, 0x00000000929c0000)
 concurrent mark-sweep generation total 1775232K, used 1366006K [0x0000000093a60000, 0x0000000100000000, 0x0000000100000000)
 Metaspace       used 65700K, capacity 69929K, committed 70064K, reserved 1110016K
  class space    used 8054K, capacity 9044K, committed 9140K, reserved 1048576K
Event: 4422.672 GC heap after
Heap after GC invocations=1662 (full 2):
 par new generation   total 153344K, used 12463K [0x0000000089400000, 0x0000000093a60000, 0x0000000093a60000)
  eden space 136320K,   0% used [0x0000000089400000, 0x0000000089400000, 0x0000000091920000)
  from space 17024K,  73% used [0x0000000091920000, 0x000000009254bf98, 0x00000000929c0000)
  to   space 17024K,   0% used [0x00000000929c0000, 0x00000000929c0000, 0x0000000093a60000)
 concurrent mark-sweep generation total 1775232K, used 1367809K [0x0000000093a60000, 0x0000000100000000, 0x0000000100000000)
 Metaspace       used 65700K, capacity 69929K, committed 70064K, reserved 1110016K
  class space    used 8054K, capacity 9044K, committed 9140K, reserved 1048576K
}
Event: 4424.856 GC heap before
{Heap before GC invocations=1662 (full 2):
 par new generation   total 153344K, used 148783K [0x0000000089400000, 0x0000000093a60000, 0x0000000093a60000)
  eden space 136320K, 100% used [0x0000000089400000, 0x0000000091920000, 0x0000000091920000)
  from space 17024K,  73% used [0x0000000091920000, 0x000000009254bf98, 0x00000000929c0000)
  to   space 17024K,   0% used [0x00000000929c0000, 0x00000000929c0000, 0x0000000093a60000)
 concurrent mark-sweep generation total 1775232K, used 1367809K [0x0000000093a60000, 0x0000000100000000, 0x0000000100000000)
 Metaspace       used 65700K, capacity 69929K, committed 70064K, reserved 1110016K
  class space    used 8054K, capacity 9044K, committed 9140K, reserved 1048576K
Event: 4424.874 GC heap after
Heap after GC invocations=1663 (full 2):
 par new generation   total 153344K, used 12223K [0x0000000089400000, 0x0000000093a60000, 0x0000000093a60000)
  eden space 136320K,   0% used [0x0000000089400000, 0x0000000089400000, 0x0000000091920000)
  from space 17024K,  71% used [0x00000000929c0000, 0x00000000935afc18, 0x0000000093a60000)
  to   space 17024K,   0% used [0x0000000091920000, 0x0000000091920000, 0x00000000929c0000)
 concurrent mark-sweep generation total 1775232K, used 1368739K [0x0000000093a60000, 0x0000000100000000, 0x0000000100000000)
 Metaspace       used 65700K, capacity 69929K, committed 70064K, reserved 1110016K
  class space    used 8054K, capacity 9044K, committed 9140K, reserved 1048576K
}
Event: 4427.110 GC heap before
{Heap before GC invocations=1663 (full 2):
 par new generation   total 153344K, used 148543K [0x0000000089400000, 0x0000000093a60000, 0x0000000093a60000)
  eden space 136320K, 100% used [0x0000000089400000, 0x0000000091920000, 0x0000000091920000)
  from space 17024K,  71% used [0x00000000929c0000, 0x00000000935afc18, 0x0000000093a60000)
  to   space 17024K,   0% used [0x0000000091920000, 0x0000000091920000, 0x00000000929c0000)
 concurrent mark-sweep generation total 1775232K, used 1368739K [0x0000000093a60000, 0x0000000100000000, 0x0000000100000000)
 Metaspace       used 65701K, capacity 69929K, committed 70064K, reserved 1110016K
  class space    used 8054K, capacity 9044K, committed 9140K, reserved 1048576K
Event: 4427.125 GC heap after
Heap after GC invocations=1664 (full 2):
 par new generation   total 153344K, used 12219K [0x0000000089400000, 0x0000000093a60000, 0x0000000093a60000)
  eden space 136320K,   0% used [0x0000000089400000, 0x0000000089400000, 0x0000000091920000)
  from space 17024K,  71% used [0x0000000091920000, 0x000000009250edd0, 0x00000000929c0000)
  to   space 17024K,   0% used [0x00000000929c0000, 0x00000000929c0000, 0x0000000093a60000)
 concurrent mark-sweep generation total 1775232K, used 1369640K [0x0000000093a60000, 0x0000000100000000, 0x0000000100000000)
 Metaspace       used 65701K, capacity 69929K, committed 70064K, reserved 1110016K
  class space    used 8054K, capacity 9044K, committed 9140K, reserved 1048576K
}
Event: 4429.357 GC heap before
{Heap before GC invocations=1664 (full 2):
 par new generation   total 153344K, used 148539K [0x0000000089400000, 0x0000000093a60000, 0x0000000093a60000)
  eden space 136320K, 100% used [0x0000000089400000, 0x0000000091920000, 0x0000000091920000)
  from space 17024K,  71% used [0x0000000091920000, 0x000000009250edd0, 0x00000000929c0000)
  to   space 17024K,   0% used [0x00000000929c0000, 0x00000000929c0000, 0x0000000093a60000)
 concurrent mark-sweep generation total 1775232K, used 1369640K [0x0000000093a60000, 0x0000000100000000, 0x0000000100000000)
 Metaspace       used 65701K, capacity 69929K, committed 70064K, reserved 1110016K
  class space    used 8054K, capacity 9044K, committed 9140K, reserved 1048576K
Event: 4429.372 GC heap after
Heap after GC invocations=1665 (full 2):
 par new generation   total 153344K, used 6624K [0x0000000089400000, 0x0000000093a60000, 0x0000000093a60000)
  eden space 136320K,   0% used [0x0000000089400000, 0x0000000089400000, 0x0000000091920000)
  from space 17024K,  38% used [0x00000000929c0000, 0x00000000930383d8, 0x0000000093a60000)
  to   space 17024K,   0% used [0x0000000091920000, 0x0000000091920000, 0x00000000929c0000)
 concurrent mark-sweep generation total 1775232K, used 1370851K [0x0000000093a60000, 0x0000000100000000, 0x0000000100000000)
 Metaspace       used 65701K, capacity 69929K, committed 70064K, reserved 1110016K
  class space    used 8054K, capacity 9044K, committed 9140K, reserved 1048576K
}
Event: 4431.710 GC heap before
{Heap before GC invocations=1665 (full 2):
 par new generation   total 153344K, used 142944K [0x0000000089400000, 0x0000000093a60000, 0x0000000093a60000)
  eden space 136320K, 100% used [0x0000000089400000, 0x0000000091920000, 0x0000000091920000)
  from space 17024K,  38% used [0x00000000929c0000, 0x00000000930383d8, 0x0000000093a60000)
  to   space 17024K,   0% used [0x0000000091920000, 0x0000000091920000, 0x00000000929c0000)
 concurrent mark-sweep generation total 1775232K, used 1370851K [0x0000000093a60000, 0x0000000100000000, 0x0000000100000000)
 Metaspace       used 65701K, capacity 69929K, committed 70064K, reserved 1110016K
  class space    used 8054K, capacity 9044K, committed 9140K, reserved 1048576K
Event: 4431.723 GC heap after
Heap after GC invocations=1666 (full 2):
 par new generation   total 153344K, used 7488K [0x0000000089400000, 0x0000000093a60000, 0x0000000093a60000)
  eden space 136320K,   0% used [0x0000000089400000, 0x0000000089400000, 0x0000000091920000)
  from space 17024K,  43% used [0x0000000091920000, 0x00000000920700d8, 0x00000000929c0000)
  to   space 17024K,   0% used [0x00000000929c0000, 0x00000000929c0000, 0x0000000093a60000)
 concurrent mark-sweep generation total 1775232K, used 1371797K [0x0000000093a60000, 0x0000000100000000, 0x0000000100000000)
 Metaspace       used 65701K, capacity 69929K, committed 70064K, reserved 1110016K
  class space    used 8054K, capacity 9044K, committed 9140K, reserved 1048576K
}
Event: 4433.959 GC heap before
{Heap before GC invocations=1666 (full 2):
 par new generation   total 153344K, used 143808K [0x0000000089400000, 0x0000000093a60000, 0x0000000093a60000)
  eden space 136320K, 100% used [0x0000000089400000, 0x0000000091920000, 0x0000000091920000)
  from space 17024K,  43% used [0x0000000091920000, 0x00000000920700d8, 0x00000000929c0000)
  to   space 17024K,   0% used [0x00000000929c0000, 0x00000000929c0000, 0x0000000093a60000)
 concurrent mark-sweep generation total 1775232K, used 1371797K [0x0000000093a60000, 0x0000000100000000, 0x0000000100000000)
 Metaspace       used 65701K, capacity 69929K, committed 70064K, reserved 1110016K
  class space    used 8054K, capacity 9044K, committed 9140K, reserved 1048576K
Event: 4433.972 GC heap after
Heap after GC invocations=1667 (full 2):
 par new generation   total 153344K, used 4284K [0x0000000089400000, 0x0000000093a60000, 0x0000000093a60000)
  eden space 136320K,   0% used [0x0000000089400000, 0x0000000089400000, 0x0000000091920000)
  from space 17024K,  25% used [0x00000000929c0000, 0x0000000092def288, 0x0000000093a60000)
  to   space 17024K,   0% used [0x0000000091920000, 0x0000000091920000, 0x00000000929c0000)
 concurrent mark-sweep generation total 1775232K, used 1372974K [0x0000000093a60000, 0x0000000100000000, 0x0000000100000000)
 Metaspace       used 65701K, capacity 69929K, committed 70064K, reserved 1110016K
  class space    used 8054K, capacity 9044K, committed 9140K, reserved 1048576K
}
Event: 4436.309 GC heap before
{Heap before GC invocations=1667 (full 2):
 par new generation   total 153344K, used 140604K [0x0000000089400000, 0x0000000093a60000, 0x0000000093a60000)
  eden space 136320K, 100% used [0x0000000089400000, 0x0000000091920000, 0x0000000091920000)
  from space 17024K,  25% used [0x00000000929c0000, 0x0000000092def288, 0x0000000093a60000)
  to   space 17024K,   0% used [0x0000000091920000, 0x0000000091920000, 0x00000000929c0000)
 concurrent mark-sweep generation total 1775232K, used 1372974K [0x0000000093a60000, 0x0000000100000000, 0x0000000100000000)
 Metaspace       used 65701K, capacity 69929K, committed 70064K, reserved 1110016K
  class space    used 8054K, capacity 9044K, committed 9140K, reserved 1048576K
Event: 4436.323 GC heap after
Heap after GC invocations=1668 (full 2):
 par new generation   total 153344K, used 5067K [0x0000000089400000, 0x0000000093a60000, 0x0000000093a60000)
  eden space 136320K,   0% used [0x0000000089400000, 0x0000000089400000, 0x0000000091920000)
  from space 17024K,  29% used [0x0000000091920000, 0x0000000091e12c90, 0x00000000929c0000)
  to   space 17024K,   0% used [0x00000000929c0000, 0x00000000929c0000, 0x0000000093a60000)
 concurrent mark-sweep generation total 1775232K, used 1373906K [0x0000000093a60000, 0x0000000100000000, 0x0000000100000000)
 Metaspace       used 65701K, capacity 69929K, committed 70064K, reserved 1110016K
  class space    used 8054K, capacity 9044K, committed 9140K, reserved 1048576K
}
Event: 4438.710 GC heap before
{Heap before GC invocations=1668 (full 2):
 par new generation   total 153344K, used 141387K [0x0000000089400000, 0x0000000093a60000, 0x0000000093a60000)
  eden space 136320K, 100% used [0x0000000089400000, 0x0000000091920000, 0x0000000091920000)
  from space 17024K,  29% used [0x0000000091920000, 0x0000000091e12c90, 0x00000000929c0000)
  to   space 17024K,   0% used [0x00000000929c0000, 0x00000000929c0000, 0x0000000093a60000)
 concurrent mark-sweep generation total 1775232K, used 1373906K [0x0000000093a60000, 0x0000000100000000, 0x0000000100000000)
 Metaspace       used 65701K, capacity 69929K, committed 70064K, reserved 1110016K
  class space    used 8054K, capacity 9044K, committed 9140K, reserved 1048576K
Event: 4438.723 GC heap after
Heap after GC invocations=1669 (full 2):
 par new generation   total 153344K, used 5349K [0x0000000089400000, 0x0000000093a60000, 0x0000000093a60000)
  eden space 136320K,   0% used [0x0000000089400000, 0x0000000089400000, 0x0000000091920000)
  from space 17024K,  31% used [0x00000000929c0000, 0x0000000092ef9658, 0x0000000093a60000)
  to   space 17024K,   0% used [0x0000000091920000, 0x0000000091920000, 0x00000000929c0000)
 concurrent mark-sweep generation total 1775232K, used 1374745K [0x0000000093a60000, 0x0000000100000000, 0x0000000100000000)
 Metaspace       used 65701K, capacity 69929K, committed 70064K, reserved 1110016K
  class space    used 8054K, capacity 9044K, committed 9140K, reserved 1048576K
}
Event: 4441.258 GC heap before
{Heap before GC invocations=1669 (full 2):
 par new generation   total 153344K, used 141669K [0x0000000089400000, 0x0000000093a60000, 0x0000000093a60000)
  eden space 136320K, 100% used [0x0000000089400000, 0x0000000091920000, 0x0000000091920000)
  from space 17024K,  31% used [0x00000000929c0000, 0x0000000092ef9658, 0x0000000093a60000)
  to   space 17024K,   0% used [0x0000000091920000, 0x0000000091920000, 0x00000000929c0000)
 concurrent mark-sweep generation total 1775232K, used 1374745K [0x0000000093a60000, 0x0000000100000000, 0x0000000100000000)
 Metaspace       used 65701K, capacity 69929K, committed 70064K, reserved 1110016K
  class space    used 8054K, capacity 9044K, committed 9140K, reserved 1048576K
Event: 4441.271 GC heap after
Heap after GC invocations=1670 (full 2):
 par new generation   total 153344K, used 7459K [0x0000000089400000, 0x0000000093a60000, 0x0000000093a60000)
  eden space 136320K,   0% used [0x0000000089400000, 0x0000000089400000, 0x0000000091920000)
  from space 17024K,  43% used [0x0000000091920000, 0x0000000092068ff8, 0x00000000929c0000)
  to   space 17024K,   0% used [0x00000000929c0000, 0x00000000929c0000, 0x0000000093a60000)
 concurrent mark-sweep generation total 1775232K, used 1374825K [0x0000000093a60000, 0x0000000100000000, 0x0000000100000000)
 Metaspace       used 65701K, capacity 69929K, committed 70064K, reserved 1110016K
  class space    used 8054K, capacity 9044K, committed 9140K, reserved 1048576K
}
Event: 4443.710 GC heap before
{Heap before GC invocations=1670 (full 2):
 par new generation   total 153344K, used 143779K [0x0000000089400000, 0x0000000093a60000, 0x0000000093a60000)
  eden space 136320K, 100% used [0x0000000089400000, 0x0000000091920000, 0x0000000091920000)
  from space 17024K,  43% used [0x0000000091920000, 0x0000000092068ff8, 0x00000000929c0000)
  to   space 17024K,   0% used [0x00000000929c0000, 0x00000000929c0000, 0x0000000093a60000)
 concurrent mark-sweep generation total 1775232K, used 1374825K [0x0000000093a60000, 0x0000000100000000, 0x0000000100000000)
 Metaspace       used 65701K, capacity 69929K, committed 70064K, reserved 1110016K
  class space    used 8054K, capacity 9044K, committed 9140K, reserved 1048576K
Event: 4443.725 GC heap after
Heap after GC invocations=1671 (full 2):
 par new generation   total 153344K, used 7886K [0x0000000089400000, 0x0000000093a60000, 0x0000000093a60000)
  eden space 136320K,   0% used [0x0000000089400000, 0x0000000089400000, 0x0000000091920000)
  from space 17024K,  46% used [0x00000000929c0000, 0x0000000093173b28, 0x0000000093a60000)
  to   space 17024K,   0% used [0x0000000091920000, 0x0000000091920000, 0x00000000929c0000)
 concurrent mark-sweep generation total 1775232K, used 1375771K [0x0000000093a60000, 0x0000000100000000, 0x0000000100000000)
 Metaspace       used 65701K, capacity 69929K, committed 70064K, reserved 1110016K
  class space    used 8054K, capacity 9044K, committed 9140K, reserved 1048576K
}
Event: 4446.558 GC heap before
{Heap before GC invocations=1671 (full 2):
 par new generation   total 153344K, used 144206K [0x0000000089400000, 0x0000000093a60000, 0x0000000093a60000)
  eden space 136320K, 100% used [0x0000000089400000, 0x0000000091920000, 0x0000000091920000)
  from space 17024K,  46% used [0x00000000929c0000, 0x0000000093173b28, 0x0000000093a60000)
  to   space 17024K,   0% used [0x0000000091920000, 0x0000000091920000, 0x00000000929c0000)
 concurrent mark-sweep generation total 1775232K, used 1375771K [0x0000000093a60000, 0x0000000100000000, 0x0000000100000000)
 Metaspace       used 65701K, capacity 69929K, committed 70064K, reserved 1110016K
  class space    used 8054K, capacity 9044K, committed 9140K, reserved 1048576K
Event: 4446.574 GC heap after
Heap after GC invocations=1672 (full 2):
 par new generation   total 153344K, used 8972K [0x0000000089400000, 0x0000000093a60000, 0x0000000093a60000)
  eden space 136320K,   0% used [0x0000000089400000, 0x0000000089400000, 0x0000000091920000)
  from space 17024K,  52% used [0x0000000091920000, 0x00000000921e3338, 0x00000000929c0000)
  to   space 17024K,   0% used [0x00000000929c0000, 0x00000000929c0000, 0x0000000093a60000)
 concurrent mark-sweep generation total 1775232K, used 1375795K [0x0000000093a60000, 0x0000000100000000, 0x0000000100000000)
 Metaspace       used 65701K, capacity 69929K, committed 70064K, reserved 1110016K
  class space    used 8054K, capacity 9044K, committed 9140K, reserved 1048576K
}
Event: 4449.215 GC heap before
{Heap before GC invocations=1672 (full 2):
 par new generation   total 153344K, used 145292K [0x0000000089400000, 0x0000000093a60000, 0x0000000093a60000)
  eden space 136320K, 100% used [0x0000000089400000, 0x0000000091920000, 0x0000000091920000)
  from space 17024K,  52% used [0x0000000091920000, 0x00000000921e3338, 0x00000000929c0000)
  to   space 17024K,   0% used [0x00000000929c0000, 0x00000000929c0000, 0x0000000093a60000)
 concurrent mark-sweep generation total 1775232K, used 1375795K [0x0000000093a60000, 0x0000000100000000, 0x0000000100000000)
 Metaspace       used 65701K, capacity 69929K, committed 70064K, reserved 1110016K
  class space    used 8054K, capacity 9044K, committed 9140K, reserved 1048576K
Event: 4449.233 GC heap after
Heap after GC invocations=1673 (full 2):
 par new generation   total 153344K, used 11021K [0x0000000089400000, 0x0000000093a60000, 0x0000000093a60000)
  eden space 136320K,   0% used [0x0000000089400000, 0x0000000089400000, 0x0000000091920000)
  from space 17024K,  64% used [0x00000000929c0000, 0x0000000093483468, 0x0000000093a60000)
  to   space 17024K,   0% used [0x0000000091920000, 0x0000000091920000, 0x00000000929c0000)
 concurrent mark-sweep generation total 1775232K, used 1376042K [0x0000000093a60000, 0x0000000100000000, 0x0000000100000000)
 Metaspace       used 65701K, capacity 69929K, committed 70064K, reserved 1110016K
  class space    used 8054K, capacity 9044K, committed 9140K, reserved 1048576K
}
Event: 4451.954 GC heap before
{Heap before GC invocations=1673 (full 2):
 par new generation   total 153344K, used 147341K [0x0000000089400000, 0x0000000093a60000, 0x0000000093a60000)
  eden space 136320K, 100% used [0x0000000089400000, 0x0000000091920000, 0x0000000091920000)
  from space 17024K,  64% used [0x00000000929c0000, 0x0000000093483468, 0x0000000093a60000)
  to   space 17024K,   0% used [0x0000000091920000, 0x0000000091920000, 0x00000000929c0000)
 concurrent mark-sweep generation total 1775232K, used 1376042K [0x0000000093a60000, 0x0000000100000000, 0x0000000100000000)
 Metaspace       used 65701K, capacity 69929K, committed 70064K, reserved 1110016K
  class space    used 8054K, capacity 9044K, committed 9140K, reserved 1048576K
Event: 4451.973 GC heap after
Heap after GC invocations=1674 (full 2):
 par new generation   total 153344K, used 13113K [0x0000000089400000, 0x0000000093a60000, 0x0000000093a60000)
  eden space 136320K,   0% used [0x0000000089400000, 0x0000000089400000, 0x0000000091920000)
  from space 17024K,  77% used [0x0000000091920000, 0x00000000925ee680, 0x00000000929c0000)
  to   space 17024K,   0% used [0x00000000929c0000, 0x00000000929c0000, 0x0000000093a60000)
 concurrent mark-sweep generation total 1775232K, used 1377126K [0x0000000093a60000, 0x0000000100000000, 0x0000000100000000)
 Metaspace       used 65701K, capacity 69929K, committed 70064K, reserved 1110016K
  class space    used 8054K, capacity 9044K, committed 9140K, reserved 1048576K
}
Event: 4454.065 GC heap before
{Heap before GC invocations=1674 (full 2):
 par new generation   total 153344K, used 149433K [0x0000000089400000, 0x0000000093a60000, 0x0000000093a60000)
  eden space 136320K, 100% used [0x0000000089400000, 0x0000000091920000, 0x0000000091920000)
  from space 17024K,  77% used [0x0000000091920000, 0x00000000925ee680, 0x00000000929c0000)
  to   space 17024K,   0% used [0x00000000929c0000, 0x00000000929c0000, 0x0000000093a60000)
 concurrent mark-sweep generation total 1775232K, used 1377126K [0x0000000093a60000, 0x0000000100000000, 0x0000000100000000)
 Metaspace       used 65702K, capacity 69929K, committed 70064K, reserved 1110016K
  class space    used 8054K, capacity 9044K, committed 9140K, reserved 1048576K
Event: 4454.081 GC heap after
Heap after GC invocations=1675 (full 2):
 par new generation   total 153344K, used 12761K [0x0000000089400000, 0x0000000093a60000, 0x0000000093a60000)
  eden space 136320K,   0% used [0x0000000089400000, 0x0000000089400000, 0x0000000091920000)
  from space 17024K,  74% used [0x00000000929c0000, 0x0000000093636608, 0x0000000093a60000)
  to   space 17024K,   0% used [0x0000000091920000, 0x0000000091920000, 0x00000000929c0000)
 concurrent mark-sweep generation total 1775232K, used 1377126K [0x0000000093a60000, 0x0000000100000000, 0x0000000100000000)
 Metaspace       used 65702K, capacity 69929K, committed 70064K, reserved 1110016K
  class space    used 8054K, capacity 9044K, committed 9140K, reserved 1048576K
}
Event: 4456.614 GC heap before
{Heap before GC invocations=1675 (full 2):
 par new generation   total 153344K, used 149081K [0x0000000089400000, 0x0000000093a60000, 0x0000000093a60000)
  eden space 136320K, 100% used [0x0000000089400000, 0x0000000091920000, 0x0000000091920000)
  from space 17024K,  74% used [0x00000000929c0000, 0x0000000093636608, 0x0000000093a60000)
  to   space 17024K,   0% used [0x0000000091920000, 0x0000000091920000, 0x00000000929c0000)
 concurrent mark-sweep generation total 1775232K, used 1377126K [0x0000000093a60000, 0x0000000100000000, 0x0000000100000000)
 Metaspace       used 65704K, capacity 69929K, committed 70064K, reserved 1110016K
  class space    used 8054K, capacity 9044K, committed 9140K, reserved 1048576K
Event: 4456.631 GC heap after
Heap after GC invocations=1676 (full 2):
 par new generation   total 153344K, used 12781K [0x0000000089400000, 0x0000000093a60000, 0x0000000093a60000)
  eden space 136320K,   0% used [0x0000000089400000, 0x0000000089400000, 0x0000000091920000)
  from space 17024K,  75% used [0x0000000091920000, 0x000000009259b5a0, 0x00000000929c0000)
  to   space 17024K,   0% used [0x00000000929c0000, 0x00000000929c0000, 0x0000000093a60000)
 concurrent mark-sweep generation total 1775232K, used 1378063K [0x0000000093a60000, 0x0000000100000000, 0x0000000100000000)
 Metaspace       used 65704K, capacity 69929K, committed 70064K, reserved 1110016K
  class space    used 8054K, capacity 9044K, committed 9140K, reserved 1048576K
}
Event: 4459.561 GC heap before
{Heap before GC invocations=1676 (full 2):
 par new generation   total 153344K, used 149101K [0x0000000089400000, 0x0000000093a60000, 0x0000000093a60000)
  eden space 136320K, 100% used [0x0000000089400000, 0x0000000091920000, 0x0000000091920000)
  from space 17024K,  75% used [0x0000000091920000, 0x000000009259b5a0, 0x00000000929c0000)
  to   space 17024K,   0% used [0x00000000929c0000, 0x00000000929c0000, 0x0000000093a60000)
 concurrent mark-sweep generation total 1775232K, used 1378063K [0x0000000093a60000, 0x0000000100000000, 0x0000000100000000)
 Metaspace       used 65705K, capacity 69929K, committed 70064K, reserved 1110016K
  class space    used 8054K, capacity 9044K, committed 9140K, reserved 1048576K
Event: 4459.579 GC heap after
Heap after GC invocations=1677 (full 2):
 par new generation   total 153344K, used 12605K [0x0000000089400000, 0x0000000093a60000, 0x0000000093a60000)
  eden space 136320K,   0% used [0x0000000089400000, 0x0000000089400000, 0x0000000091920000)
  from space 17024K,  74% used [0x00000000929c0000, 0x000000009360f758, 0x0000000093a60000)
  to   space 17024K,   0% used [0x0000000091920000, 0x0000000091920000, 0x00000000929c0000)
 concurrent mark-sweep generation total 1775232K, used 1379076K [0x0000000093a60000, 0x0000000100000000, 0x0000000100000000)
 Metaspace       used 65705K, capacity 69929K, committed 70064K, reserved 1110016K
  class space    used 8054K, capacity 9044K, committed 9140K, reserved 1048576K
}
Event: 4462.612 GC heap before
{Heap before GC invocations=1677 (full 2):
 par new generation   total 153344K, used 148925K [0x0000000089400000, 0x0000000093a60000, 0x0000000093a60000)
  eden space 136320K, 100% used [0x0000000089400000, 0x0000000091920000, 0x0000000091920000)
  from space 17024K,  74% used [0x00000000929c0000, 0x000000009360f758, 0x0000000093a60000)
  to   space 17024K,   0% used [0x0000000091920000, 0x0000000091920000, 0x00000000929c0000)
 concurrent mark-sweep generation total 1775232K, used 1379076K [0x0000000093a60000, 0x0000000100000000, 0x0000000100000000)
 Metaspace       used 65705K, capacity 69929K, committed 70064K, reserved 1110016K
  class space    used 8054K, capacity 9044K, committed 9140K, reserved 1048576K
Event: 4462.630 GC heap after
Heap after GC invocations=1678 (full 2):
 par new generation   total 153344K, used 12521K [0x0000000089400000, 0x0000000093a60000, 0x0000000093a60000)
  eden space 136320K,   0% used [0x0000000089400000, 0x0000000089400000, 0x0000000091920000)
  from space 17024K,  73% used [0x0000000091920000, 0x000000009255a770, 0x00000000929c0000)
  to   space 17024K,   0% used [0x00000000929c0000, 0x00000000929c0000, 0x0000000093a60000)
 concurrent mark-sweep generation total 1775232K, used 1380399K [0x0000000093a60000, 0x0000000100000000, 0x0000000100000000)
 Metaspace       used 65705K, capacity 69929K, committed 70064K, reserved 1110016K
  class space    used 8054K, capacity 9044K, committed 9140K, reserved 1048576K
}
Event: 4465.313 GC heap before
{Heap before GC invocations=1678 (full 2):
 par new generation   total 153344K, used 148841K [0x0000000089400000, 0x0000000093a60000, 0x0000000093a60000)
  eden space 136320K, 100% used [0x0000000089400000, 0x0000000091920000, 0x0000000091920000)
  from space 17024K,  73% used [0x0000000091920000, 0x000000009255a770, 0x00000000929c0000)
  to   space 17024K,   0% used [0x00000000929c0000, 0x00000000929c0000, 0x0000000093a60000)
 concurrent mark-sweep generation total 1775232K, used 1380399K [0x0000000093a60000, 0x0000000100000000, 0x0000000100000000)
 Metaspace       used 65705K, capacity 69929K, committed 70064K, reserved 1110016K
  class space    used 8054K, capacity 9044K, committed 9140K, reserved 1048576K
Event: 4465.331 GC heap after
Heap after GC invocations=1679 (full 2):
 par new generation   total 153344K, used 11627K [0x0000000089400000, 0x0000000093a60000, 0x0000000093a60000)
  eden space 136320K,   0% used [0x0000000089400000, 0x0000000089400000, 0x0000000091920000)
  from space 17024K,  68% used [0x00000000929c0000, 0x000000009351af40, 0x0000000093a60000)
  to   space 17024K,   0% used [0x0000000091920000, 0x0000000091920000, 0x00000000929c0000)
 concurrent mark-sweep generation total 1775232K, used 1381935K [0x0000000093a60000, 0x0000000100000000, 0x0000000100000000)
 Metaspace       used 65705K, capacity 69929K, committed 70064K, reserved 1110016K
  class space    used 8054K, capacity 9044K, committed 9140K, reserved 1048576K
}
Event: 4467.962 GC heap before
{Heap before GC invocations=1679 (full 2):
 par new generation   total 153344K, used 147947K [0x0000000089400000, 0x0000000093a60000, 0x0000000093a60000)
  eden space 136320K, 100% used [0x0000000089400000, 0x0000000091920000, 0x0000000091920000)
  from space 17024K,  68% used [0x00000000929c0000, 0x000000009351af40, 0x0000000093a60000)
  to   space 17024K,   0% used [0x0000000091920000, 0x0000000091920000, 0x00000000929c0000)
 concurrent mark-sweep generation total 1775232K, used 1381935K [0x0000000093a60000, 0x0000000100000000, 0x0000000100000000)
 Metaspace       used 65705K, capacity 69929K, committed 70064K, reserved 1110016K
  class space    used 8054K, capacity 9044K, committed 9140K, reserved 1048576K
Event: 4467.979 GC heap after
Heap after GC invocations=1680 (full 2):
 par new generation   total 153344K, used 13102K [0x0000000089400000, 0x0000000093a60000, 0x0000000093a60000)
  eden space 136320K,   0% used [0x0000000089400000, 0x0000000089400000, 0x0000000091920000)
  from space 17024K,  76% used [0x0000000091920000, 0x00000000925eb868, 0x00000000929c0000)
  to   space 17024K,   0% used [0x00000000929c0000, 0x00000000929c0000, 0x0000000093a60000)
 concurrent mark-sweep generation total 1775232K, used 1382402K [0x0000000093a60000, 0x0000000100000000, 0x0000000100000000)
 Metaspace       used 65705K, capacity 69929K, committed 70064K, reserved 1110016K
  class space    used 8054K, capacity 9044K, committed 9140K, reserved 1048576K
}
Event: 4470.467 GC heap before
{Heap before GC invocations=1680 (full 2):
 par new generation   total 153344K, used 149422K [0x0000000089400000, 0x0000000093a60000, 0x0000000093a60000)
  eden space 136320K, 100% used [0x0000000089400000, 0x0000000091920000, 0x0000000091920000)
  from space 17024K,  76% used [0x0000000091920000, 0x00000000925eb868, 0x00000000929c0000)
  to   space 17024K,   0% used [0x00000000929c0000, 0x00000000929c0000, 0x0000000093a60000)
 concurrent mark-sweep generation total 1775232K, used 1382402K [0x0000000093a60000, 0x0000000100000000, 0x0000000100000000)
 Metaspace       used 65705K, capacity 69929K, committed 70064K, reserved 1110016K
  class space    used 8054K, capacity 9044K, committed 9140K, reserved 1048576K
Event: 4470.485 GC heap after
Heap after GC invocations=1681 (full 2):
 par new generation   total 153344K, used 13316K [0x0000000089400000, 0x0000000093a60000, 0x0000000093a60000)
  eden space 136320K,   0% used [0x0000000089400000, 0x0000000089400000, 0x0000000091920000)
  from space 17024K,  78% used [0x00000000929c0000, 0x00000000936c1040, 0x0000000093a60000)
  to   space 17024K,   0% used [0x0000000091920000, 0x0000000091920000, 0x00000000929c0000)
 concurrent mark-sweep generation total 1775232K, used 1383466K [0x0000000093a60000, 0x0000000100000000, 0x0000000100000000)
 Metaspace       used 65705K, capacity 69929K, committed 70064K, reserved 1110016K
  class space    used 8054K, capacity 9044K, committed 9140K, reserved 1048576K
}
Event: 4473.314 GC heap before
{Heap before GC invocations=1681 (full 2):
 par new generation   total 153344K, used 149636K [0x0000000089400000, 0x0000000093a60000, 0x0000000093a60000)
  eden space 136320K, 100% used [0x0000000089400000, 0x0000000091920000, 0x0000000091920000)
  from space 17024K,  78% used [0x00000000929c0000, 0x00000000936c1040, 0x0000000093a60000)
  to   space 17024K,   0% used [0x0000000091920000, 0x0000000091920000, 0x00000000929c0000)
 concurrent mark-sweep generation total 1775232K, used 1383466K [0x0000000093a60000, 0x0000000100000000, 0x0000000100000000)
 Metaspace       used 65705K, capacity 69929K, committed 70064K, reserved 1110016K
  class space    used 8054K, capacity 9044K, committed 9140K, reserved 1048576K
Event: 4473.332 GC heap after
Heap after GC invocations=1682 (full 2):
 par new generation   total 153344K, used 12652K [0x0000000089400000, 0x0000000093a60000, 0x0000000093a60000)
  eden space 136320K,   0% used [0x0000000089400000, 0x0000000089400000, 0x0000000091920000)
  from space 17024K,  74% used [0x0000000091920000, 0x000000009257b2a8, 0x00000000929c0000)
  to   space 17024K,   0% used [0x00000000929c0000, 0x00000000929c0000, 0x0000000093a60000)
 concurrent mark-sweep generation total 1775232K, used 1384443K [0x0000000093a60000, 0x0000000100000000, 0x0000000100000000)
 Metaspace       used 65705K, capacity 69929K, committed 70064K, reserved 1110016K
  class space    used 8054K, capacity 9044K, committed 9140K, reserved 1048576K
}
Event: 4476.015 GC heap before
{Heap before GC invocations=1682 (full 2):
 par new generation   total 153344K, used 148972K [0x0000000089400000, 0x0000000093a60000, 0x0000000093a60000)
  eden space 136320K, 100% used [0x0000000089400000, 0x0000000091920000, 0x0000000091920000)
  from space 17024K,  74% used [0x0000000091920000, 0x000000009257b2a8, 0x00000000929c0000)
  to   space 17024K,   0% used [0x00000000929c0000, 0x00000000929c0000, 0x0000000093a60000)
 concurrent mark-sweep generation total 1775232K, used 1384443K [0x0000000093a60000, 0x0000000100000000, 0x0000000100000000)
 Metaspace       used 65705K, capacity 69929K, committed 70064K, reserved 1110016K
  class space    used 8054K, capacity 9044K, committed 9140K, reserved 1048576K
Event: 4476.033 GC heap after
Heap after GC invocations=1683 (full 2):
 par new generation   total 153344K, used 12241K [0x0000000089400000, 0x0000000093a60000, 0x0000000093a60000)
  eden space 136320K,   0% used [0x0000000089400000, 0x0000000089400000, 0x0000000091920000)
  from space 17024K,  71% used [0x00000000929c0000, 0x00000000935b4660, 0x0000000093a60000)
  to   space 17024K,   0% used [0x0000000091920000, 0x0000000091920000, 0x00000000929c0000)
 concurrent mark-sweep generation total 1775232K, used 1385321K [0x0000000093a60000, 0x0000000100000000, 0x0000000100000000)
 Metaspace       used 65705K, capacity 69929K, committed 70064K, reserved 1110016K
  class space    used 8054K, capacity 9044K, committed 9140K, reserved 1048576K
}
Event: 4477.926 GC heap before
{Heap before GC invocations=1683 (full 2):
 par new generation   total 153344K, used 148561K [0x0000000089400000, 0x0000000093a60000, 0x0000000093a60000)
  eden space 136320K, 100% used [0x0000000089400000, 0x0000000091920000, 0x0000000091920000)
  from space 17024K,  71% used [0x00000000929c0000, 0x00000000935b4660, 0x0000000093a60000)
  to   space 17024K,   0% used [0x0000000091920000, 0x0000000091920000, 0x00000000929c0000)
 concurrent mark-sweep generation total 1775232K, used 1385321K [0x0000000093a60000, 0x0000000100000000, 0x0000000100000000)
 Metaspace       used 65705K, capacity 69929K, committed 70064K, reserved 1110016K
  class space    used 8054K, capacity 9044K, committed 9140K, reserved 1048576K
Event: 4477.944 GC heap after
Heap after GC invocations=1684 (full 2):
 par new generation   total 153344K, used 12031K [0x0000000089400000, 0x0000000093a60000, 0x0000000093a60000)
  eden space 136320K,   0% used [0x0000000089400000, 0x0000000089400000, 0x0000000091920000)
  from space 17024K,  70% used [0x0000000091920000, 0x00000000924dfdb8, 0x00000000929c0000)
  to   space 17024K,   0% used [0x00000000929c0000, 0x00000000929c0000, 0x0000000093a60000)
 concurrent mark-sweep generation total 1775232K, used 1385929K [0x0000000093a60000, 0x0000000100000000, 0x0000000100000000)
 Metaspace       used 65705K, capacity 69929K, committed 70064K, reserved 1110016K
  class space    used 8054K, capacity 9044K, committed 9140K, reserved 1048576K
}
Event: 4479.729 GC heap before
{Heap before GC invocations=1684 (full 2):
 par new generation   total 153344K, used 148351K [0x0000000089400000, 0x0000000093a60000, 0x0000000093a60000)
  eden space 136320K, 100% used [0x0000000089400000, 0x0000000091920000, 0x0000000091920000)
  from space 17024K,  70% used [0x0000000091920000, 0x00000000924dfdb8, 0x00000000929c0000)
  to   space 17024K,   0% used [0x00000000929c0000, 0x00000000929c0000, 0x0000000093a60000)
 concurrent mark-sweep generation total 1775232K, used 1385929K [0x0000000093a60000, 0x0000000100000000, 0x0000000100000000)
 Metaspace       used 65705K, capacity 69929K, committed 70064K, reserved 1110016K
  class space    used 8054K, capacity 9044K, committed 9140K, reserved 1048576K
Event: 4479.746 GC heap after
Heap after GC invocations=1685 (full 2):
 par new generation   total 153344K, used 12821K [0x0000000089400000, 0x0000000093a60000, 0x0000000093a60000)
  eden space 136320K,   0% used [0x0000000089400000, 0x0000000089400000, 0x0000000091920000)
  from space 17024K,  75% used [0x00000000929c0000, 0x0000000093645738, 0x0000000093a60000)
  to   space 17024K,   0% used [0x0000000091920000, 0x0000000091920000, 0x00000000929c0000)
 concurrent mark-sweep generation total 1775232K, used 1386730K [0x0000000093a60000, 0x0000000100000000, 0x0000000100000000)
 Metaspace       used 65705K, capacity 69929K, committed 70064K, reserved 1110016K
  class space    used 8054K, capacity 9044K, committed 9140K, reserved 1048576K
}
Event: 4482.075 GC heap before
{Heap before GC invocations=1685 (full 2):
 par new generation   total 153344K, used 149141K [0x0000000089400000, 0x0000000093a60000, 0x0000000093a60000)
  eden space 136320K, 100% used [0x0000000089400000, 0x0000000091920000, 0x0000000091920000)
  from space 17024K,  75% used [0x00000000929c0000, 0x0000000093645738, 0x0000000093a60000)
  to   space 17024K,   0% used [0x0000000091920000, 0x0000000091920000, 0x00000000929c0000)
 concurrent mark-sweep generation total 1775232K, used 1386730K [0x0000000093a60000, 0x0000000100000000, 0x0000000100000000)
 Metaspace       used 65705K, capacity 69929K, committed 70064K, reserved 1110016K
  class space    used 8054K, capacity 9044K, committed 9140K, reserved 1048576K
Event: 4482.091 GC heap after
Heap after GC invocations=1686 (full 2):
 par new generation   total 153344K, used 7465K [0x0000000089400000, 0x0000000093a60000, 0x0000000093a60000)
  eden space 136320K,   0% used [0x0000000089400000, 0x0000000089400000, 0x0000000091920000)
  from space 17024K,  43% used [0x0000000091920000, 0x000000009206a590, 0x00000000929c0000)
  to   space 17024K,   0% used [0x00000000929c0000, 0x00000000929c0000, 0x0000000093a60000)
 concurrent mark-sweep generation total 1775232K, used 1387796K [0x0000000093a60000, 0x0000000100000000, 0x0000000100000000)
 Metaspace       used 65705K, capacity 69929K, committed 70064K, reserved 1110016K
  class space    used 8054K, capacity 9044K, committed 9140K, reserved 1048576K
}
Event: 4484.833 GC heap before
{Heap before GC invocations=1686 (full 2):
 par new generation   total 153344K, used 143785K [0x0000000089400000, 0x0000000093a60000, 0x0000000093a60000)
  eden space 136320K, 100% used [0x0000000089400000, 0x0000000091920000, 0x0000000091920000)
  from space 17024K,  43% used [0x0000000091920000, 0x000000009206a590, 0x00000000929c0000)
  to   space 17024K,   0% used [0x00000000929c0000, 0x00000000929c0000, 0x0000000093a60000)
 concurrent mark-sweep generation total 1775232K, used 1387796K [0x0000000093a60000, 0x0000000100000000, 0x0000000100000000)
 Metaspace       used 65725K, capacity 69929K, committed 70064K, reserved 1110016K
  class space    used 8058K, capacity 9044K, committed 9140K, reserved 1048576K
Event: 4484.849 GC heap after
Heap after GC invocations=1687 (full 2):
 par new generation   total 153344K, used 8517K [0x0000000089400000, 0x0000000093a60000, 0x0000000093a60000)
  eden space 136320K,   0% used [0x0000000089400000, 0x0000000089400000, 0x0000000091920000)
  from space 17024K,  50% used [0x00000000929c0000, 0x0000000093211758, 0x0000000093a60000)
  to   space 17024K,   0% used [0x0000000091920000, 0x0000000091920000, 0x00000000929c0000)
 concurrent mark-sweep generation total 1775232K, used 1389514K [0x0000000093a60000, 0x0000000100000000, 0x0000000100000000)
 Metaspace       used 65725K, capacity 69929K, committed 70064K, reserved 1110016K
  class space    used 8058K, capacity 9044K, committed 9140K, reserved 1048576K
}
Event: 4487.783 GC heap before
{Heap before GC invocations=1687 (full 2):
 par new generation   total 153344K, used 144837K [0x0000000089400000, 0x0000000093a60000, 0x0000000093a60000)
  eden space 136320K, 100% used [0x0000000089400000, 0x0000000091920000, 0x0000000091920000)
  from space 17024K,  50% used [0x00000000929c0000, 0x0000000093211758, 0x0000000093a60000)
  to   space 17024K,   0% used [0x0000000091920000, 0x0000000091920000, 0x00000000929c0000)
 concurrent mark-sweep generation total 1775232K, used 1389514K [0x0000000093a60000, 0x0000000100000000, 0x0000000100000000)
 Metaspace       used 65725K, capacity 69929K, committed 70064K, reserved 1110016K
  class space    used 8058K, capacity 9044K, committed 9140K, reserved 1048576K
Event: 4487.798 GC heap after
Heap after GC invocations=1688 (full 2):
 par new generation   total 153344K, used 6416K [0x0000000089400000, 0x0000000093a60000, 0x0000000093a60000)
  eden space 136320K,   0% used [0x0000000089400000, 0x0000000089400000, 0x0000000091920000)
  from space 17024K,  37% used [0x0000000091920000, 0x0000000091f64320, 0x00000000929c0000)
  to   space 17024K,   0% used [0x00000000929c0000, 0x00000000929c0000, 0x0000000093a60000)
 concurrent mark-sweep generation total 1775232K, used 1390269K [0x0000000093a60000, 0x0000000100000000, 0x0000000100000000)
 Metaspace       used 65725K, capacity 69929K, committed 70064K, reserved 1110016K
  class space    used 8058K, capacity 9044K, committed 9140K, reserved 1048576K
}
Event: 4490.875 GC heap before
{Heap before GC invocations=1688 (full 2):
 par new generation   total 153344K, used 142736K [0x0000000089400000, 0x0000000093a60000, 0x0000000093a60000)
  eden space 136320K, 100% used [0x0000000089400000, 0x0000000091920000, 0x0000000091920000)
  from space 17024K,  37% used [0x0000000091920000, 0x0000000091f64320, 0x00000000929c0000)
  to   space 17024K,   0% used [0x00000000929c0000, 0x00000000929c0000, 0x0000000093a60000)
 concurrent mark-sweep generation total 1775232K, used 1390269K [0x0000000093a60000, 0x0000000100000000, 0x0000000100000000)
 Metaspace       used 65726K, capacity 69929K, committed 70064K, reserved 1110016K
  class space    used 8058K, capacity 9044K, committed 9140K, reserved 1048576K
Event: 4490.890 GC heap after
Heap after GC invocations=1689 (full 2):
 par new generation   total 153344K, used 6954K [0x0000000089400000, 0x0000000093a60000, 0x0000000093a60000)
  eden space 136320K,   0% used [0x0000000089400000, 0x0000000089400000, 0x0000000091920000)
  from space 17024K,  40% used [0x00000000929c0000, 0x000000009308a998, 0x0000000093a60000)
  to   space 17024K,   0% used [0x0000000091920000, 0x0000000091920000, 0x00000000929c0000)
 concurrent mark-sweep generation total 1775232K, used 1391152K [0x0000000093a60000, 0x0000000100000000, 0x0000000100000000)
 Metaspace       used 65726K, capacity 69929K, committed 70064K, reserved 1110016K
  class space    used 8058K, capacity 9044K, committed 9140K, reserved 1048576K
}
Event: 4493.974 GC heap before
{Heap before GC invocations=1689 (full 2):
 par new generation   total 153344K, used 143274K [0x0000000089400000, 0x0000000093a60000, 0x0000000093a60000)
  eden space 136320K, 100% used [0x0000000089400000, 0x0000000091920000, 0x0000000091920000)
  from space 17024K,  40% used [0x00000000929c0000, 0x000000009308a998, 0x0000000093a60000)
  to   space 17024K,   0% used [0x0000000091920000, 0x0000000091920000, 0x00000000929c0000)
 concurrent mark-sweep generation total 1775232K, used 1391152K [0x0000000093a60000, 0x0000000100000000, 0x0000000100000000)
 Metaspace       used 65726K, capacity 69929K, committed 70064K, reserved 1110016K
  class space    used 8058K, capacity 9044K, committed 9140K, reserved 1048576K
Event: 4493.988 GC heap after
Heap after GC invocations=1690 (full 2):
 par new generation   total 153344K, used 7009K [0x0000000089400000, 0x0000000093a60000, 0x0000000093a60000)
  eden space 136320K,   0% used [0x0000000089400000, 0x0000000089400000, 0x0000000091920000)
  from space 17024K,  41% used [0x0000000091920000, 0x0000000091ff84b0, 0x00000000929c0000)
  to   space 17024K,   0% used [0x00000000929c0000, 0x00000000929c0000, 0x0000000093a60000)
 concurrent mark-sweep generation total 1775232K, used 1391909K [0x0000000093a60000, 0x0000000100000000, 0x0000000100000000)
 Metaspace       used 65726K, capacity 69929K, committed 70064K, reserved 1110016K
  class space    used 8058K, capacity 9044K, committed 9140K, reserved 1048576K
}
Event: 4496.830 GC heap before
{Heap before GC invocations=1690 (full 2):
 par new generation   total 153344K, used 143329K [0x0000000089400000, 0x0000000093a60000, 0x0000000093a60000)
  eden space 136320K, 100% used [0x0000000089400000, 0x0000000091920000, 0x0000000091920000)
  from space 17024K,  41% used [0x0000000091920000, 0x0000000091ff84b0, 0x00000000929c0000)
  to   space 17024K,   0% used [0x00000000929c0000, 0x00000000929c0000, 0x0000000093a60000)
 concurrent mark-sweep generation total 1775232K, used 1391909K [0x0000000093a60000, 0x0000000100000000, 0x0000000100000000)
 Metaspace       used 65726K, capacity 69929K, committed 70064K, reserved 1110016K
  class space    used 8058K, capacity 9044K, committed 9140K, reserved 1048576K
Event: 4496.845 GC heap after
Heap after GC invocations=1691 (full 2):
 par new generation   total 153344K, used 7064K [0x0000000089400000, 0x0000000093a60000, 0x0000000093a60000)
  eden space 136320K,   0% used [0x0000000089400000, 0x0000000089400000, 0x0000000091920000)
  from space 17024K,  41% used [0x00000000929c0000, 0x00000000930a6328, 0x0000000093a60000)
  to   space 17024K,   0% used [0x0000000091920000, 0x0000000091920000, 0x00000000929c0000)
 concurrent mark-sweep generation total 1775232K, used 1392563K [0x0000000093a60000, 0x0000000100000000, 0x0000000100000000)
 Metaspace       used 65726K, capacity 69929K, committed 70064K, reserved 1110016K
  class space    used 8058K, capacity 9044K, committed 9140K, reserved 1048576K
}
Event: 4499.626 GC heap before
{Heap before GC invocations=1691 (full 2):
 par new generation   total 153344K, used 143384K [0x0000000089400000, 0x0000000093a60000, 0x0000000093a60000)
  eden space 136320K, 100% used [0x0000000089400000, 0x0000000091920000, 0x0000000091920000)
  from space 17024K,  41% used [0x00000000929c0000, 0x00000000930a6328, 0x0000000093a60000)
  to   space 17024K,   0% used [0x0000000091920000, 0x0000000091920000, 0x00000000929c0000)
 concurrent mark-sweep generation total 1775232K, used 1392563K [0x0000000093a60000, 0x0000000100000000, 0x0000000100000000)
 Metaspace       used 65726K, capacity 69929K, committed 70064K, reserved 1110016K
  class space    used 8058K, capacity 9044K, committed 9140K, reserved 1048576K
Event: 4499.640 GC heap after
Heap after GC invocations=1692 (full 2):
 par new generation   total 153344K, used 7794K [0x0000000089400000, 0x0000000093a60000, 0x0000000093a60000)
  eden space 136320K,   0% used [0x0000000089400000, 0x0000000089400000, 0x0000000091920000)
  from space 17024K,  45% used [0x0000000091920000, 0x00000000920bcb30, 0x00000000929c0000)
  to   space 17024K,   0% used [0x00000000929c0000, 0x00000000929c0000, 0x0000000093a60000)
 concurrent mark-sweep generation total 1775232K, used 1392772K [0x0000000093a60000, 0x0000000100000000, 0x0000000100000000)
 Metaspace       used 65726K, capacity 69929K, committed 70064K, reserved 1110016K
  class space    used 8058K, capacity 9044K, committed 9140K, reserved 1048576K
}
Event: 4502.178 GC heap before
{Heap before GC invocations=1692 (full 2):
 par new generation   total 153344K, used 144114K [0x0000000089400000, 0x0000000093a60000, 0x0000000093a60000)
  eden space 136320K, 100% used [0x0000000089400000, 0x0000000091920000, 0x0000000091920000)
  from space 17024K,  45% used [0x0000000091920000, 0x00000000920bcb30, 0x00000000929c0000)
  to   space 17024K,   0% used [0x00000000929c0000, 0x00000000929c0000, 0x0000000093a60000)
 concurrent mark-sweep generation total 1775232K, used 1392772K [0x0000000093a60000, 0x0000000100000000, 0x0000000100000000)
 Metaspace       used 65726K, capacity 69929K, committed 70064K, reserved 1110016K
  class space    used 8058K, capacity 9044K, committed 9140K, reserved 1048576K
Event: 4502.194 GC heap after
Heap after GC invocations=1693 (full 2):
 par new generation   total 153344K, used 9204K [0x0000000089400000, 0x0000000093a60000, 0x0000000093a60000)
  eden space 136320K,   0% used [0x0000000089400000, 0x0000000089400000, 0x0000000091920000)
  from space 17024K,  54% used [0x00000000929c0000, 0x00000000932bd078, 0x0000000093a60000)
  to   space 17024K,   0% used [0x0000000091920000, 0x0000000091920000, 0x00000000929c0000)
 concurrent mark-sweep generation total 1775232K, used 1393565K [0x0000000093a60000, 0x0000000100000000, 0x0000000100000000)
 Metaspace       used 65726K, capacity 69929K, committed 70064K, reserved 1110016K
  class space    used 8058K, capacity 9044K, committed 9140K, reserved 1048576K
}
Event: 4504.478 GC heap before
{Heap before GC invocations=1693 (full 2):
 par new generation   total 153344K, used 145524K [0x0000000089400000, 0x0000000093a60000, 0x0000000093a60000)
  eden space 136320K, 100% used [0x0000000089400000, 0x0000000091920000, 0x0000000091920000)
  from space 17024K,  54% used [0x00000000929c0000, 0x00000000932bd078, 0x0000000093a60000)
  to   space 17024K,   0% used [0x0000000091920000, 0x0000000091920000, 0x00000000929c0000)
 concurrent mark-sweep generation total 1775232K, used 1393565K [0x0000000093a60000, 0x0000000100000000, 0x0000000100000000)
 Metaspace       used 65727K, capacity 69929K, committed 70064K, reserved 1110016K
  class space    used 8058K, capacity 9044K, committed 9140K, reserved 1048576K
Event: 4504.494 GC heap after
Heap after GC invocations=1694 (full 2):
 par new generation   total 153344K, used 10012K [0x0000000089400000, 0x0000000093a60000, 0x0000000093a60000)
  eden space 136320K,   0% used [0x0000000089400000, 0x0000000089400000, 0x0000000091920000)
  from space 17024K,  58% used [0x0000000091920000, 0x00000000922e72a8, 0x00000000929c0000)
  to   space 17024K,   0% used [0x00000000929c0000, 0x00000000929c0000, 0x0000000093a60000)
 concurrent mark-sweep generation total 1775232K, used 1394867K [0x0000000093a60000, 0x0000000100000000, 0x0000000100000000)
 Metaspace       used 65727K, capacity 69929K, committed 70064K, reserved 1110016K
  class space    used 8058K, capacity 9044K, committed 9140K, reserved 1048576K
}
Event: 4506.630 GC heap before
{Heap before GC invocations=1694 (full 2):
 par new generation   total 153344K, used 146332K [0x0000000089400000, 0x0000000093a60000, 0x0000000093a60000)
  eden space 136320K, 100% used [0x0000000089400000, 0x0000000091920000, 0x0000000091920000)
  from space 17024K,  58% used [0x0000000091920000, 0x00000000922e72a8, 0x00000000929c0000)
  to   space 17024K,   0% used [0x00000000929c0000, 0x00000000929c0000, 0x0000000093a60000)
 concurrent mark-sweep generation total 1775232K, used 1394867K [0x0000000093a60000, 0x0000000100000000, 0x0000000100000000)
 Metaspace       used 65727K, capacity 69929K, committed 70064K, reserved 1110016K
  class space    used 8058K, capacity 9044K, committed 9140K, reserved 1048576K
Event: 4506.649 GC heap after
Heap after GC invocations=1695 (full 2):
 par new generation   total 153344K, used 9715K [0x0000000089400000, 0x0000000093a60000, 0x0000000093a60000)
  eden space 136320K,   0% used [0x0000000089400000, 0x0000000089400000, 0x0000000091920000)
  from space 17024K,  57% used [0x00000000929c0000, 0x000000009333cfc8, 0x0000000093a60000)
  to   space 17024K,   0% used [0x0000000091920000, 0x0000000091920000, 0x00000000929c0000)
 concurrent mark-sweep generation total 1775232K, used 1395574K [0x0000000093a60000, 0x0000000100000000, 0x0000000100000000)
 Metaspace       used 65727K, capacity 69929K, committed 70064K, reserved 1110016K
  class space    used 8058K, capacity 9044K, committed 9140K, reserved 1048576K
}
Event: 4508.852 GC heap before
{Heap before GC invocations=1695 (full 2):
 par new generation   total 153344K, used 146035K [0x0000000089400000, 0x0000000093a60000, 0x0000000093a60000)
  eden space 136320K, 100% used [0x0000000089400000, 0x0000000091920000, 0x0000000091920000)
  from space 17024K,  57% used [0x00000000929c0000, 0x000000009333cfc8, 0x0000000093a60000)
  to   space 17024K,   0% used [0x0000000091920000, 0x0000000091920000, 0x00000000929c0000)
 concurrent mark-sweep generation total 1775232K, used 1395574K [0x0000000093a60000, 0x0000000100000000, 0x0000000100000000)
 Metaspace       used 65727K, capacity 69929K, committed 70064K, reserved 1110016K
  class space    used 8058K, capacity 9044K, committed 9140K, reserved 1048576K
Event: 4508.868 GC heap after
Heap after GC invocations=1696 (full 2):
 par new generation   total 153344K, used 10008K [0x0000000089400000, 0x0000000093a60000, 0x0000000093a60000)
  eden space 136320K,   0% used [0x0000000089400000, 0x0000000089400000, 0x0000000091920000)
  from space 17024K,  58% used [0x0000000091920000, 0x00000000922e6210, 0x00000000929c0000)
  to   space 17024K,   0% used [0x00000000929c0000, 0x00000000929c0000, 0x0000000093a60000)
 concurrent mark-sweep generation total 1775232K, used 1396322K [0x0000000093a60000, 0x0000000100000000, 0x0000000100000000)
 Metaspace       used 65727K, capacity 69929K, committed 70064K, reserved 1110016K
  class space    used 8058K, capacity 9044K, committed 9140K, reserved 1048576K
}
Event: 4510.897 GC heap before
{Heap before GC invocations=1696 (full 2):
 par new generation   total 153344K, used 146328K [0x0000000089400000, 0x0000000093a60000, 0x0000000093a60000)
  eden space 136320K, 100% used [0x0000000089400000, 0x0000000091920000, 0x0000000091920000)
  from space 17024K,  58% used [0x0000000091920000, 0x00000000922e6210, 0x00000000929c0000)
  to   space 17024K,   0% used [0x00000000929c0000, 0x00000000929c0000, 0x0000000093a60000)
 concurrent mark-sweep generation total 1775232K, used 1396322K [0x0000000093a60000, 0x0000000100000000, 0x0000000100000000)
 Metaspace       used 65727K, capacity 69929K, committed 70064K, reserved 1110016K
  class space    used 8058K, capacity 9044K, committed 9140K, reserved 1048576K
Event: 4510.912 GC heap after
Heap after GC invocations=1697 (full 2):
 par new generation   total 153344K, used 10330K [0x0000000089400000, 0x0000000093a60000, 0x0000000093a60000)
  eden space 136320K,   0% used [0x0000000089400000, 0x0000000089400000, 0x0000000091920000)
  from space 17024K,  60% used [0x00000000929c0000, 0x00000000933d6aa8, 0x0000000093a60000)
  to   space 17024K,   0% used [0x0000000091920000, 0x0000000091920000, 0x00000000929c0000)
 concurrent mark-sweep generation total 1775232K, used 1397524K [0x0000000093a60000, 0x0000000100000000, 0x0000000100000000)
 Metaspace       used 65727K, capacity 69929K, committed 70064K, reserved 1110016K
  class space    used 8058K, capacity 9044K, committed 9140K, reserved 1048576K
}
Event: 4512.801 GC heap before
{Heap before GC invocations=1697 (full 2):
 par new generation   total 153344K, used 146650K [0x0000000089400000, 0x0000000093a60000, 0x0000000093a60000)
  eden space 136320K, 100% used [0x0000000089400000, 0x0000000091920000, 0x0000000091920000)
  from space 17024K,  60% used [0x00000000929c0000, 0x00000000933d6aa8, 0x0000000093a60000)
  to   space 17024K,   0% used [0x0000000091920000, 0x0000000091920000, 0x00000000929c0000)
 concurrent mark-sweep generation total 1775232K, used 1397524K [0x0000000093a60000, 0x0000000100000000, 0x0000000100000000)
 Metaspace       used 65727K, capacity 69929K, committed 70064K, reserved 1110016K
  class space    used 8058K, capacity 9044K, committed 9140K, reserved 1048576K
Event: 4512.817 GC heap after
Heap after GC invocations=1698 (full 2):
 par new generation   total 153344K, used 7933K [0x0000000089400000, 0x0000000093a60000, 0x0000000093a60000)
  eden space 136320K,   0% used [0x0000000089400000, 0x0000000089400000, 0x0000000091920000)
  from space 17024K,  46% used [0x0000000091920000, 0x00000000920df668, 0x00000000929c0000)
  to   space 17024K,   0% used [0x00000000929c0000, 0x00000000929c0000, 0x0000000093a60000)
 concurrent mark-sweep generation total 1775232K, used 1398758K [0x0000000093a60000, 0x0000000100000000, 0x0000000100000000)
 Metaspace       used 65727K, capacity 69929K, committed 70064K, reserved 1110016K
  class space    used 8058K, capacity 9044K, committed 9140K, reserved 1048576K
}
Event: 4514.896 GC heap before
{Heap before GC invocations=1698 (full 2):
 par new generation   total 153344K, used 144253K [0x0000000089400000, 0x0000000093a60000, 0x0000000093a60000)
  eden space 136320K, 100% used [0x0000000089400000, 0x0000000091920000, 0x0000000091920000)
  from space 17024K,  46% used [0x0000000091920000, 0x00000000920df668, 0x00000000929c0000)
  to   space 17024K,   0% used [0x00000000929c0000, 0x00000000929c0000, 0x0000000093a60000)
 concurrent mark-sweep generation total 1775232K, used 1398758K [0x0000000093a60000, 0x0000000100000000, 0x0000000100000000)
 Metaspace       used 65727K, capacity 69929K, committed 70064K, reserved 1110016K
  class space    used 8058K, capacity 9044K, committed 9140K, reserved 1048576K
Event: 4514.911 GC heap after
Heap after GC invocations=1699 (full 2):
 par new generation   total 153344K, used 8175K [0x0000000089400000, 0x0000000093a60000, 0x0000000093a60000)
  eden space 136320K,   0% used [0x0000000089400000, 0x0000000089400000, 0x0000000091920000)
  from space 17024K,  48% used [0x00000000929c0000, 0x00000000931bbc48, 0x0000000093a60000)
  to   space 17024K,   0% used [0x0000000091920000, 0x0000000091920000, 0x00000000929c0000)
 concurrent mark-sweep generation total 1775232K, used 1399832K [0x0000000093a60000, 0x0000000100000000, 0x0000000100000000)
 Metaspace       used 65727K, capacity 69929K, committed 70064K, reserved 1110016K
  class space    used 8058K, capacity 9044K, committed 9140K, reserved 1048576K
}
Event: 4516.752 GC heap before
{Heap before GC invocations=1699 (full 2):
 par new generation   total 153344K, used 144495K [0x0000000089400000, 0x0000000093a60000, 0x0000000093a60000)
  eden space 136320K, 100% used [0x0000000089400000, 0x0000000091920000, 0x0000000091920000)
  from space 17024K,  48% used [0x00000000929c0000, 0x00000000931bbc48, 0x0000000093a60000)
  to   space 17024K,   0% used [0x0000000091920000, 0x0000000091920000, 0x00000000929c0000)
 concurrent mark-sweep generation total 1775232K, used 1399832K [0x0000000093a60000, 0x0000000100000000, 0x0000000100000000)
 Metaspace       used 65727K, capacity 69929K, committed 70064K, reserved 1110016K
  class space    used 8058K, capacity 9044K, committed 9140K, reserved 1048576K
Event: 4516.767 GC heap after
Heap after GC invocations=1700 (full 2):
 par new generation   total 153344K, used 7960K [0x0000000089400000, 0x0000000093a60000, 0x0000000093a60000)
  eden space 136320K,   0% used [0x0000000089400000, 0x0000000089400000, 0x0000000091920000)
  from space 17024K,  46% used [0x0000000091920000, 0x00000000920e62d8, 0x00000000929c0000)
  to   space 17024K,   0% used [0x00000000929c0000, 0x00000000929c0000, 0x0000000093a60000)
 concurrent mark-sweep generation total 1775232K, used 1400994K [0x0000000093a60000, 0x0000000100000000, 0x0000000100000000)
 Metaspace       used 65727K, capacity 69929K, committed 70064K, reserved 1110016K
  class space    used 8058K, capacity 9044K, committed 9140K, reserved 1048576K
}
Event: 4518.600 GC heap before
{Heap before GC invocations=1700 (full 2):
 par new generation   total 153344K, used 144280K [0x0000000089400000, 0x0000000093a60000, 0x0000000093a60000)
  eden space 136320K, 100% used [0x0000000089400000, 0x0000000091920000, 0x0000000091920000)
  from space 17024K,  46% used [0x0000000091920000, 0x00000000920e62d8, 0x00000000929c0000)
  to   space 17024K,   0% used [0x00000000929c0000, 0x00000000929c0000, 0x0000000093a60000)
 concurrent mark-sweep generation total 1775232K, used 1400994K [0x0000000093a60000, 0x0000000100000000, 0x0000000100000000)
 Metaspace       used 65727K, capacity 69929K, committed 70064K, reserved 1110016K
  class space    used 8058K, capacity 9044K, committed 9140K, reserved 1048576K
Event: 4518.614 GC heap after
Heap after GC invocations=1701 (full 2):
 par new generation   total 153344K, used 7424K [0x0000000089400000, 0x0000000093a60000, 0x0000000093a60000)
  eden space 136320K,   0% used [0x0000000089400000, 0x0000000089400000, 0x0000000091920000)
  from space 17024K,  43% used [0x00000000929c0000, 0x00000000931002b0, 0x0000000093a60000)
  to   space 17024K,   0% used [0x0000000091920000, 0x0000000091920000, 0x00000000929c0000)
 concurrent mark-sweep generation total 1775232K, used 1401931K [0x0000000093a60000, 0x0000000100000000, 0x0000000100000000)
 Metaspace       used 65727K, capacity 69929K, committed 70064K, reserved 1110016K
  class space    used 8058K, capacity 9044K, committed 9140K, reserved 1048576K
}
Event: 4520.302 GC heap before
{Heap before GC invocations=1701 (full 2):
 par new generation   total 153344K, used 143744K [0x0000000089400000, 0x0000000093a60000, 0x0000000093a60000)
  eden space 136320K, 100% used [0x0000000089400000, 0x0000000091920000, 0x0000000091920000)
  from space 17024K,  43% used [0x00000000929c0000, 0x00000000931002b0, 0x0000000093a60000)
  to   space 17024K,   0% used [0x0000000091920000, 0x0000000091920000, 0x00000000929c0000)
 concurrent mark-sweep generation total 1775232K, used 1401931K [0x0000000093a60000, 0x0000000100000000, 0x0000000100000000)
 Metaspace       used 65727K, capacity 69929K, committed 70064K, reserved 1110016K
  class space    used 8058K, capacity 9044K, committed 9140K, reserved 1048576K
Event: 4520.315 GC heap after
Heap after GC invocations=1702 (full 2):
 par new generation   total 153344K, used 4861K [0x0000000089400000, 0x0000000093a60000, 0x0000000093a60000)
  eden space 136320K,   0% used [0x0000000089400000, 0x0000000089400000, 0x0000000091920000)
  from space 17024K,  28% used [0x0000000091920000, 0x0000000091ddf578, 0x00000000929c0000)
  to   space 17024K,   0% used [0x00000000929c0000, 0x00000000929c0000, 0x0000000093a60000)
 concurrent mark-sweep generation total 1775232K, used 1402702K [0x0000000093a60000, 0x0000000100000000, 0x0000000100000000)
 Metaspace       used 65727K, capacity 69929K, committed 70064K, reserved 1110016K
  class space    used 8058K, capacity 9044K, committed 9140K, reserved 1048576K
}
Event: 4522.055 GC heap before
{Heap before GC invocations=1702 (full 2):
 par new generation   total 153344K, used 141181K [0x0000000089400000, 0x0000000093a60000, 0x0000000093a60000)
  eden space 136320K, 100% used [0x0000000089400000, 0x0000000091920000, 0x0000000091920000)
  from space 17024K,  28% used [0x0000000091920000, 0x0000000091ddf578, 0x00000000929c0000)
  to   space 17024K,   0% used [0x00000000929c0000, 0x00000000929c0000, 0x0000000093a60000)
 concurrent mark-sweep generation total 1775232K, used 1402702K [0x0000000093a60000, 0x0000000100000000, 0x0000000100000000)
 Metaspace       used 65727K, capacity 69929K, committed 70064K, reserved 1110016K
  class space    used 8058K, capacity 9044K, committed 9140K, reserved 1048576K
Event: 4522.069 GC heap after
Heap after GC invocations=1703 (full 2):
 par new generation   total 153344K, used 5867K [0x0000000089400000, 0x0000000093a60000, 0x0000000093a60000)
  eden space 136320K,   0% used [0x0000000089400000, 0x0000000089400000, 0x0000000091920000)
  from space 17024K,  34% used [0x00000000929c0000, 0x0000000092f7ad60, 0x0000000093a60000)
  to   space 17024K,   0% used [0x0000000091920000, 0x0000000091920000, 0x00000000929c0000)
 concurrent mark-sweep generation total 1775232K, used 1402985K [0x0000000093a60000, 0x0000000100000000, 0x0000000100000000)
 Metaspace       used 65727K, capacity 69929K, committed 70064K, reserved 1110016K
  class space    used 8058K, capacity 9044K, committed 9140K, reserved 1048576K
}
Event: 4523.951 GC heap before
{Heap before GC invocations=1703 (full 2):
 par new generation   total 153344K, used 142187K [0x0000000089400000, 0x0000000093a60000, 0x0000000093a60000)
  eden space 136320K, 100% used [0x0000000089400000, 0x0000000091920000, 0x0000000091920000)
  from space 17024K,  34% used [0x00000000929c0000, 0x0000000092f7ad60, 0x0000000093a60000)
  to   space 17024K,   0% used [0x0000000091920000, 0x0000000091920000, 0x00000000929c0000)
 concurrent mark-sweep generation total 1775232K, used 1402985K [0x0000000093a60000, 0x0000000100000000, 0x0000000100000000)
 Metaspace       used 65727K, capacity 69929K, committed 70064K, reserved 1110016K
  class space    used 8058K, capacity 9044K, committed 9140K, reserved 1048576K
Event: 4523.964 GC heap after
Heap after GC invocations=1704 (full 2):
 par new generation   total 153344K, used 9176K [0x0000000089400000, 0x0000000093a60000, 0x0000000093a60000)
  eden space 136320K,   0% used [0x0000000089400000, 0x0000000089400000, 0x0000000091920000)
  from space 17024K,  53% used [0x0000000091920000, 0x00000000922163b8, 0x00000000929c0000)
  to   space 17024K,   0% used [0x00000000929c0000, 0x00000000929c0000, 0x0000000093a60000)
 concurrent mark-sweep generation total 1775232K, used 1403099K [0x0000000093a60000, 0x0000000100000000, 0x0000000100000000)
 Metaspace       used 65727K, capacity 69929K, committed 70064K, reserved 1110016K
  class space    used 8058K, capacity 9044K, committed 9140K, reserved 1048576K
}
Event: 4525.751 GC heap before
{Heap before GC invocations=1704 (full 2):
 par new generation   total 153344K, used 145496K [0x0000000089400000, 0x0000000093a60000, 0x0000000093a60000)
  eden space 136320K, 100% used [0x0000000089400000, 0x0000000091920000, 0x0000000091920000)
  from space 17024K,  53% used [0x0000000091920000, 0x00000000922163b8, 0x00000000929c0000)
  to   space 17024K,   0% used [0x00000000929c0000, 0x00000000929c0000, 0x0000000093a60000)
 concurrent mark-sweep generation total 1775232K, used 1403099K [0x0000000093a60000, 0x0000000100000000, 0x0000000100000000)
 Metaspace       used 65727K, capacity 69929K, committed 70064K, reserved 1110016K
  class space    used 8058K, capacity 9044K, committed 9140K, reserved 1048576K
Event: 4525.765 GC heap after
Heap after GC invocations=1705 (full 2):
 par new generation   total 153344K, used 8161K [0x0000000089400000, 0x0000000093a60000, 0x0000000093a60000)
  eden space 136320K,   0% used [0x0000000089400000, 0x0000000089400000, 0x0000000091920000)
  from space 17024K,  47% used [0x00000000929c0000, 0x00000000931b8588, 0x0000000093a60000)
  to   space 17024K,   0% used [0x0000000091920000, 0x0000000091920000, 0x00000000929c0000)
 concurrent mark-sweep generation total 1775232K, used 1403268K [0x0000000093a60000, 0x0000000100000000, 0x0000000100000000)
 Metaspace       used 65727K, capacity 69929K, committed 70064K, reserved 1110016K
  class space    used 8058K, capacity 9044K, committed 9140K, reserved 1048576K
}
Event: 4527.552 GC heap before
{Heap before GC invocations=1705 (full 2):
 par new generation   total 153344K, used 144481K [0x0000000089400000, 0x0000000093a60000, 0x0000000093a60000)
  eden space 136320K, 100% used [0x0000000089400000, 0x0000000091920000, 0x0000000091920000)
  from space 17024K,  47% used [0x00000000929c0000, 0x00000000931b8588, 0x0000000093a60000)
  to   space 17024K,   0% used [0x0000000091920000, 0x0000000091920000, 0x00000000929c0000)
 concurrent mark-sweep generation total 1775232K, used 1403268K [0x0000000093a60000, 0x0000000100000000, 0x0000000100000000)
 Metaspace       used 65727K, capacity 69929K, committed 70064K, reserved 1110016K
  class space    used 8058K, capacity 9044K, committed 9140K, reserved 1048576K
Event: 4527.568 GC heap after
Heap after GC invocations=1706 (full 2):
 par new generation   total 153344K, used 8880K [0x0000000089400000, 0x0000000093a60000, 0x0000000093a60000)
  eden space 136320K,   0% used [0x0000000089400000, 0x0000000089400000, 0x0000000091920000)
  from space 17024K,  52% used [0x0000000091920000, 0x00000000921cc1f8, 0x00000000929c0000)
  to   space 17024K,   0% used [0x00000000929c0000, 0x00000000929c0000, 0x0000000093a60000)
 concurrent mark-sweep generation total 1775232K, used 1404351K [0x0000000093a60000, 0x0000000100000000, 0x0000000100000000)
 Metaspace       used 65727K, capacity 69929K, committed 70064K, reserved 1110016K
  class space    used 8058K, capacity 9044K, committed 9140K, reserved 1048576K
}
Event: 4529.350 GC heap before
{Heap before GC invocations=1706 (full 2):
 par new generation   total 153344K, used 145200K [0x0000000089400000, 0x0000000093a60000, 0x0000000093a60000)
  eden space 136320K, 100% used [0x0000000089400000, 0x0000000091920000, 0x0000000091920000)
  from space 17024K,  52% used [0x0000000091920000, 0x00000000921cc1f8, 0x00000000929c0000)
  to   space 17024K,   0% used [0x00000000929c0000, 0x00000000929c0000, 0x0000000093a60000)
 concurrent mark-sweep generation total 1775232K, used 1404351K [0x0000000093a60000, 0x0000000100000000, 0x0000000100000000)
 Metaspace       used 65727K, capacity 69929K, committed 70064K, reserved 1110016K
  class space    used 8058K, capacity 9044K, committed 9140K, reserved 1048576K
Event: 4529.365 GC heap after
Heap after GC invocations=1707 (full 2):
 par new generation   total 153344K, used 9026K [0x0000000089400000, 0x0000000093a60000, 0x0000000093a60000)
  eden space 136320K,   0% used [0x0000000089400000, 0x0000000089400000, 0x0000000091920000)
  from space 17024K,  53% used [0x00000000929c0000, 0x0000000093290978, 0x0000000093a60000)
  to   space 17024K,   0% used [0x0000000091920000, 0x0000000091920000, 0x00000000929c0000)
 concurrent mark-sweep generation total 1775232K, used 1405375K [0x0000000093a60000, 0x0000000100000000, 0x0000000100000000)
 Metaspace       used 65727K, capacity 69929K, committed 70064K, reserved 1110016K
  class space    used 8058K, capacity 9044K, committed 9140K, reserved 1048576K
}
Event: 4530.953 GC heap before
{Heap before GC invocations=1707 (full 2):
 par new generation   total 153344K, used 145346K [0x0000000089400000, 0x0000000093a60000, 0x0000000093a60000)
  eden space 136320K, 100% used [0x0000000089400000, 0x0000000091920000, 0x0000000091920000)
  from space 17024K,  53% used [0x00000000929c0000, 0x0000000093290978, 0x0000000093a60000)
  to   space 17024K,   0% used [0x0000000091920000, 0x0000000091920000, 0x00000000929c0000)
 concurrent mark-sweep generation total 1775232K, used 1405375K [0x0000000093a60000, 0x0000000100000000, 0x0000000100000000)
 Metaspace       used 65729K, capacity 69929K, committed 70064K, reserved 1110016K
  class space    used 8058K, capacity 9044K, committed 9140K, reserved 1048576K
Event: 4530.977 GC heap after
Heap after GC invocations=1708 (full 2):
 par new generation   total 153344K, used 15965K [0x0000000089400000, 0x0000000093a60000, 0x0000000093a60000)
  eden space 136320K,   0% used [0x0000000089400000, 0x0000000089400000, 0x0000000091920000)
  from space 17024K,  93% used [0x0000000091920000, 0x00000000928b7570, 0x00000000929c0000)
  to   space 17024K,   0% used [0x00000000929c0000, 0x00000000929c0000, 0x0000000093a60000)
 concurrent mark-sweep generation total 1775232K, used 1405990K [0x0000000093a60000, 0x0000000100000000, 0x0000000100000000)
 Metaspace       used 65729K, capacity 69929K, committed 70064K, reserved 1110016K
  class space    used 8058K, capacity 9044K, committed 9140K, reserved 1048576K
}
Event: 4532.754 GC heap before
{Heap before GC invocations=1708 (full 2):
 par new generation   total 153344K, used 152285K [0x0000000089400000, 0x0000000093a60000, 0x0000000093a60000)
  eden space 136320K, 100% used [0x0000000089400000, 0x0000000091920000, 0x0000000091920000)
  from space 17024K,  93% used [0x0000000091920000, 0x00000000928b7570, 0x00000000929c0000)
  to   space 17024K,   0% used [0x00000000929c0000, 0x00000000929c0000, 0x0000000093a60000)
 concurrent mark-sweep generation total 1775232K, used 1405990K [0x0000000093a60000, 0x0000000100000000, 0x0000000100000000)
 Metaspace       used 65729K, capacity 69929K, committed 70064K, reserved 1110016K
  class space    used 8058K, capacity 9044K, committed 9140K, reserved 1048576K
Event: 4532.771 GC heap after
Heap after GC invocations=1709 (full 2):
 par new generation   total 153344K, used 10362K [0x0000000089400000, 0x0000000093a60000, 0x0000000093a60000)
  eden space 136320K,   0% used [0x0000000089400000, 0x0000000089400000, 0x0000000091920000)
  from space 17024K,  60% used [0x00000000929c0000, 0x00000000933debc8, 0x0000000093a60000)
  to   space 17024K,   0% used [0x0000000091920000, 0x0000000091920000, 0x00000000929c0000)
 concurrent mark-sweep generation total 1775232K, used 1409645K [0x0000000093a60000, 0x0000000100000000, 0x0000000100000000)
 Metaspace       used 65729K, capacity 69929K, committed 70064K, reserved 1110016K
  class space    used 8058K, capacity 9044K, committed 9140K, reserved 1048576K
}
Event: 4534.753 GC heap before
{Heap before GC invocations=1709 (full 2):
 par new generation   total 153344K, used 146682K [0x0000000089400000, 0x0000000093a60000, 0x0000000093a60000)
  eden space 136320K, 100% used [0x0000000089400000, 0x0000000091920000, 0x0000000091920000)
  from space 17024K,  60% used [0x00000000929c0000, 0x00000000933debc8, 0x0000000093a60000)
  to   space 17024K,   0% used [0x0000000091920000, 0x0000000091920000, 0x00000000929c0000)
 concurrent mark-sweep generation total 1775232K, used 1409645K [0x0000000093a60000, 0x0000000100000000, 0x0000000100000000)
 Metaspace       used 65729K, capacity 69929K, committed 70064K, reserved 1110016K
  class space    used 8058K, capacity 9044K, committed 9140K, reserved 1048576K
Event: 4534.765 GC heap after
Heap after GC invocations=1710 (full 2):
 par new generation   total 153344K, used 5148K [0x0000000089400000, 0x0000000093a60000, 0x0000000093a60000)
  eden space 136320K,   0% used [0x0000000089400000, 0x0000000089400000, 0x0000000091920000)
  from space 17024K,  30% used [0x0000000091920000, 0x0000000091e27018, 0x00000000929c0000)
  to   space 17024K,   0% used [0x00000000929c0000, 0x00000000929c0000, 0x0000000093a60000)
 concurrent mark-sweep generation total 1775232K, used 1409645K [0x0000000093a60000, 0x0000000100000000, 0x0000000100000000)
 Metaspace       used 65729K, capacity 69929K, committed 70064K, reserved 1110016K
  class space    used 8058K, capacity 9044K, committed 9140K, reserved 1048576K
}
Event: 4536.704 GC heap before
{Heap before GC invocations=1710 (full 2):
 par new generation   total 153344K, used 141468K [0x0000000089400000, 0x0000000093a60000, 0x0000000093a60000)
  eden space 136320K, 100% used [0x0000000089400000, 0x0000000091920000, 0x0000000091920000)
  from space 17024K,  30% used [0x0000000091920000, 0x0000000091e27018, 0x00000000929c0000)
  to   space 17024K,   0% used [0x00000000929c0000, 0x00000000929c0000, 0x0000000093a60000)
 concurrent mark-sweep generation total 1775232K, used 1409645K [0x0000000093a60000, 0x0000000100000000, 0x0000000100000000)
 Metaspace       used 65729K, capacity 69929K, committed 70064K, reserved 1110016K
  class space    used 8058K, capacity 9044K, committed 9140K, reserved 1048576K
Event: 4536.716 GC heap after
Heap after GC invocations=1711 (full 2):
 par new generation   total 153344K, used 5756K [0x0000000089400000, 0x0000000093a60000, 0x0000000093a60000)
  eden space 136320K,   0% used [0x0000000089400000, 0x0000000089400000, 0x0000000091920000)
  from space 17024K,  33% used [0x00000000929c0000, 0x0000000092f5f010, 0x0000000093a60000)
  to   space 17024K,   0% used [0x0000000091920000, 0x0000000091920000, 0x00000000929c0000)
 concurrent mark-sweep generation total 1775232K, used 1409645K [0x0000000093a60000, 0x0000000100000000, 0x0000000100000000)
 Metaspace       used 65729K, capacity 69929K, committed 70064K, reserved 1110016K
  class space    used 8058K, capacity 9044K, committed 9140K, reserved 1048576K
}
Event: 4538.650 GC heap before
{Heap before GC invocations=1711 (full 2):
 par new generation   total 153344K, used 142076K [0x0000000089400000, 0x0000000093a60000, 0x0000000093a60000)
  eden space 136320K, 100% used [0x0000000089400000, 0x0000000091920000, 0x0000000091920000)
  from space 17024K,  33% used [0x00000000929c0000, 0x0000000092f5f010, 0x0000000093a60000)
  to   space 17024K,   0% used [0x0000000091920000, 0x0000000091920000, 0x00000000929c0000)
 concurrent mark-sweep generation total 1775232K, used 1409645K [0x0000000093a60000, 0x0000000100000000, 0x0000000100000000)
 Metaspace       used 65729K, capacity 69929K, committed 70064K, reserved 1110016K
  class space    used 8058K, capacity 9044K, committed 9140K, reserved 1048576K
Event: 4538.664 GC heap after
Heap after GC invocations=1712 (full 2):
 par new generation   total 153344K, used 7221K [0x0000000089400000, 0x0000000093a60000, 0x0000000093a60000)
  eden space 136320K,   0% used [0x0000000089400000, 0x0000000089400000, 0x0000000091920000)
  from space 17024K,  42% used [0x0000000091920000, 0x000000009202d5e0, 0x00000000929c0000)
  to   space 17024K,   0% used [0x00000000929c0000, 0x00000000929c0000, 0x0000000093a60000)
 concurrent mark-sweep generation total 1775232K, used 1409645K [0x0000000093a60000, 0x0000000100000000, 0x0000000100000000)
 Metaspace       used 65729K, capacity 69929K, committed 70064K, reserved 1110016K
  class space    used 8058K, capacity 9044K, committed 9140K, reserved 1048576K
}
Event: 4540.603 GC heap before
{Heap before GC invocations=1712 (full 2):
 par new generation   total 153344K, used 143541K [0x0000000089400000, 0x0000000093a60000, 0x0000000093a60000)
  eden space 136320K, 100% used [0x0000000089400000, 0x0000000091920000, 0x0000000091920000)
  from space 17024K,  42% used [0x0000000091920000, 0x000000009202d5e0, 0x00000000929c0000)
  to   space 17024K,   0% used [0x00000000929c0000, 0x00000000929c0000, 0x0000000093a60000)
 concurrent mark-sweep generation total 1775232K, used 1409645K [0x0000000093a60000, 0x0000000100000000, 0x0000000100000000)
 Metaspace       used 65729K, capacity 69929K, committed 70064K, reserved 1110016K
  class space    used 8058K, capacity 9044K, committed 9140K, reserved 1048576K
Event: 4540.617 GC heap after
Heap after GC invocations=1713 (full 2):
 par new generation   total 153344K, used 8876K [0x0000000089400000, 0x0000000093a60000, 0x0000000093a60000)
  eden space 136320K,   0% used [0x0000000089400000, 0x0000000089400000, 0x0000000091920000)
  from space 17024K,  52% used [0x00000000929c0000, 0x000000009326b130, 0x0000000093a60000)
  to   space 17024K,   0% used [0x0000000091920000, 0x0000000091920000, 0x00000000929c0000)
 concurrent mark-sweep generation total 1775232K, used 1410680K [0x0000000093a60000, 0x0000000100000000, 0x0000000100000000)
 Metaspace       used 65729K, capacity 69929K, committed 70064K, reserved 1110016K
  class space    used 8058K, capacity 9044K, committed 9140K, reserved 1048576K
}
Event: 4542.430 GC heap before
{Heap before GC invocations=1713 (full 2):
 par new generation   total 153344K, used 145188K [0x0000000089400000, 0x0000000093a60000, 0x0000000093a60000)
  eden space 136320K,  99% used [0x0000000089400000, 0x000000009191e058, 0x0000000091920000)
  from space 17024K,  52% used [0x00000000929c0000, 0x000000009326b130, 0x0000000093a60000)
  to   space 17024K,   0% used [0x0000000091920000, 0x0000000091920000, 0x00000000929c0000)
 concurrent mark-sweep generation total 1775232K, used 1410680K [0x0000000093a60000, 0x0000000100000000, 0x0000000100000000)
 Metaspace       used 65729K, capacity 69929K, committed 70064K, reserved 1110016K
  class space    used 8058K, capacity 9044K, committed 9140K, reserved 1048576K
Event: 4542.446 GC heap after
Heap after GC invocations=1714 (full 2):
 par new generation   total 153344K, used 8396K [0x0000000089400000, 0x0000000093a60000, 0x0000000093a60000)
  eden space 136320K,   0% used [0x0000000089400000, 0x0000000089400000, 0x0000000091920000)
  from space 17024K,  49% used [0x0000000091920000, 0x00000000921531a0, 0x00000000929c0000)
  to   space 17024K,   0% used [0x00000000929c0000, 0x00000000929c0000, 0x0000000093a60000)
 concurrent mark-sweep generation total 1775232K, used 1410907K [0x0000000093a60000, 0x0000000100000000, 0x0000000100000000)
 Metaspace       used 65729K, capacity 69929K, committed 70064K, reserved 1110016K
  class space    used 8058K, capacity 9044K, committed 9140K, reserved 1048576K
}
Event: 4544.303 GC heap before
{Heap before GC invocations=1714 (full 2):
 par new generation   total 153344K, used 144716K [0x0000000089400000, 0x0000000093a60000, 0x0000000093a60000)
  eden space 136320K, 100% used [0x0000000089400000, 0x0000000091920000, 0x0000000091920000)
  from space 17024K,  49% used [0x0000000091920000, 0x00000000921531a0, 0x00000000929c0000)
  to   space 17024K,   0% used [0x00000000929c0000, 0x00000000929c0000, 0x0000000093a60000)
 concurrent mark-sweep generation total 1775232K, used 1410907K [0x0000000093a60000, 0x0000000100000000, 0x0000000100000000)
 Metaspace       used 65729K, capacity 69929K, committed 70064K, reserved 1110016K
  class space    used 8058K, capacity 9044K, committed 9140K, reserved 1048576K
Event: 4544.318 GC heap after
Heap after GC invocations=1715 (full 2):
 par new generation   total 153344K, used 9148K [0x0000000089400000, 0x0000000093a60000, 0x0000000093a60000)
  eden space 136320K,   0% used [0x0000000089400000, 0x0000000089400000, 0x0000000091920000)
  from space 17024K,  53% used [0x00000000929c0000, 0x00000000932af2d0, 0x0000000093a60000)
  to   space 17024K,   0% used [0x0000000091920000, 0x0000000091920000, 0x00000000929c0000)
 concurrent mark-sweep generation total 1775232K, used 1411925K [0x0000000093a60000, 0x0000000100000000, 0x0000000100000000)
 Metaspace       used 65729K, capacity 69929K, committed 70064K, reserved 1110016K
  class space    used 8058K, capacity 9044K, committed 9140K, reserved 1048576K
}
Event: 4546.259 GC heap before
{Heap before GC invocations=1715 (full 2):
 par new generation   total 153344K, used 145468K [0x0000000089400000, 0x0000000093a60000, 0x0000000093a60000)
  eden space 136320K, 100% used [0x0000000089400000, 0x0000000091920000, 0x0000000091920000)
  from space 17024K,  53% used [0x00000000929c0000, 0x00000000932af2d0, 0x0000000093a60000)
  to   space 17024K,   0% used [0x0000000091920000, 0x0000000091920000, 0x00000000929c0000)
 concurrent mark-sweep generation total 1775232K, used 1411925K [0x0000000093a60000, 0x0000000100000000, 0x0000000100000000)
 Metaspace       used 65730K, capacity 69929K, committed 70064K, reserved 1110016K
  class space    used 8058K, capacity 9044K, committed 9140K, reserved 1048576K
Event: 4546.273 GC heap after
Heap after GC invocations=1716 (full 2):
 par new generation   total 153344K, used 9097K [0x0000000089400000, 0x0000000093a60000, 0x0000000093a60000)
  eden space 136320K,   0% used [0x0000000089400000, 0x0000000089400000, 0x0000000091920000)
  from space 17024K,  53% used [0x0000000091920000, 0x0000000092202558, 0x00000000929c0000)
  to   space 17024K,   0% used [0x00000000929c0000, 0x00000000929c0000, 0x0000000093a60000)
 concurrent mark-sweep generation total 1775232K, used 1411986K [0x0000000093a60000, 0x0000000100000000, 0x0000000100000000)
 Metaspace       used 65730K, capacity 69929K, committed 70064K, reserved 1110016K
  class space    used 8058K, capacity 9044K, committed 9140K, reserved 1048576K
}
Event: 4548.354 GC heap before
{Heap before GC invocations=1716 (full 2):
 par new generation   total 153344K, used 145417K [0x0000000089400000, 0x0000000093a60000, 0x0000000093a60000)
  eden space 136320K, 100% used [0x0000000089400000, 0x0000000091920000, 0x0000000091920000)
  from space 17024K,  53% used [0x0000000091920000, 0x0000000092202558, 0x00000000929c0000)
  to   space 17024K,   0% used [0x00000000929c0000, 0x00000000929c0000, 0x0000000093a60000)
 concurrent mark-sweep generation total 1775232K, used 1411986K [0x0000000093a60000, 0x0000000100000000, 0x0000000100000000)
 Metaspace       used 65736K, capacity 69929K, committed 70064K, reserved 1110016K
  class space    used 8058K, capacity 9044K, committed 9140K, reserved 1048576K
Event: 4548.370 GC heap after
Heap after GC invocations=1717 (full 2):
 par new generation   total 153344K, used 9172K [0x0000000089400000, 0x0000000093a60000, 0x0000000093a60000)
  eden space 136320K,   0% used [0x0000000089400000, 0x0000000089400000, 0x0000000091920000)
  from space 17024K,  53% used [0x00000000929c0000, 0x00000000932b51d0, 0x0000000093a60000)
  to   space 17024K,   0% used [0x0000000091920000, 0x0000000091920000, 0x00000000929c0000)
 concurrent mark-sweep generation total 1775232K, used 1413092K [0x0000000093a60000, 0x0000000100000000, 0x0000000100000000)
 Metaspace       used 65736K, capacity 69929K, committed 70064K, reserved 1110016K
  class space    used 8058K, capacity 9044K, committed 9140K, reserved 1048576K
}
Event: 4550.416 GC heap before
{Heap before GC invocations=1717 (full 2):
 par new generation   total 153344K, used 145492K [0x0000000089400000, 0x0000000093a60000, 0x0000000093a60000)
  eden space 136320K, 100% used [0x0000000089400000, 0x0000000091920000, 0x0000000091920000)
  from space 17024K,  53% used [0x00000000929c0000, 0x00000000932b51d0, 0x0000000093a60000)
  to   space 17024K,   0% used [0x0000000091920000, 0x0000000091920000, 0x00000000929c0000)
 concurrent mark-sweep generation total 1775232K, used 1413092K [0x0000000093a60000, 0x0000000100000000, 0x0000000100000000)
 Metaspace       used 65744K, capacity 69929K, committed 70064K, reserved 1110016K
  class space    used 8060K, capacity 9044K, committed 9140K, reserved 1048576K
Event: 4550.432 GC heap after
Heap after GC invocations=1718 (full 2):
 par new generation   total 153344K, used 9959K [0x0000000089400000, 0x0000000093a60000, 0x0000000093a60000)
  eden space 136320K,   0% used [0x0000000089400000, 0x0000000089400000, 0x0000000091920000)
  from space 17024K,  58% used [0x0000000091920000, 0x00000000922d9fb8, 0x00000000929c0000)
  to   space 17024K,   0% used [0x00000000929c0000, 0x00000000929c0000, 0x0000000093a60000)
 concurrent mark-sweep generation total 1775232K, used 1414031K [0x0000000093a60000, 0x0000000100000000, 0x0000000100000000)
 Metaspace       used 65744K, capacity 69929K, committed 70064K, reserved 1110016K
  class space    used 8060K, capacity 9044K, committed 9140K, reserved 1048576K
}
Event: 4552.502 GC heap before
{Heap before GC invocations=1718 (full 2):
 par new generation   total 153344K, used 146279K [0x0000000089400000, 0x0000000093a60000, 0x0000000093a60000)
  eden space 136320K, 100% used [0x0000000089400000, 0x0000000091920000, 0x0000000091920000)
  from space 17024K,  58% used [0x0000000091920000, 0x00000000922d9fb8, 0x00000000929c0000)
  to   space 17024K,   0% used [0x00000000929c0000, 0x00000000929c0000, 0x0000000093a60000)
 concurrent mark-sweep generation total 1775232K, used 1414031K [0x0000000093a60000, 0x0000000100000000, 0x0000000100000000)
 Metaspace       used 65745K, capacity 69929K, committed 70064K, reserved 1110016K
  class space    used 8060K, capacity 9044K, committed 9140K, reserved 1048576K
Event: 4552.517 GC heap after
Heap after GC invocations=1719 (full 2):
 par new generation   total 153344K, used 10302K [0x0000000089400000, 0x0000000093a60000, 0x0000000093a60000)
  eden space 136320K,   0% used [0x0000000089400000, 0x0000000089400000, 0x0000000091920000)
  from space 17024K,  60% used [0x00000000929c0000, 0x00000000933cfb48, 0x0000000093a60000)
  to   space 17024K,   0% used [0x0000000091920000, 0x0000000091920000, 0x00000000929c0000)
 concurrent mark-sweep generation total 1775232K, used 1414077K [0x0000000093a60000, 0x0000000100000000, 0x0000000100000000)
 Metaspace       used 65745K, capacity 69929K, committed 70064K, reserved 1110016K
  class space    used 8060K, capacity 9044K, committed 9140K, reserved 1048576K
}
Event: 4554.604 GC heap before
{Heap before GC invocations=1719 (full 2):
 par new generation   total 153344K, used 146622K [0x0000000089400000, 0x0000000093a60000, 0x0000000093a60000)
  eden space 136320K, 100% used [0x0000000089400000, 0x0000000091920000, 0x0000000091920000)
  from space 17024K,  60% used [0x00000000929c0000, 0x00000000933cfb48, 0x0000000093a60000)
  to   space 17024K,   0% used [0x0000000091920000, 0x0000000091920000, 0x00000000929c0000)
 concurrent mark-sweep generation total 1775232K, used 1414077K [0x0000000093a60000, 0x0000000100000000, 0x0000000100000000)
 Metaspace       used 65747K, capacity 69933K, committed 70064K, reserved 1110016K
  class space    used 8060K, capacity 9044K, committed 9140K, reserved 1048576K
Event: 4554.622 GC heap after
Heap after GC invocations=1720 (full 2):
 par new generation   total 153344K, used 11708K [0x0000000089400000, 0x0000000093a60000, 0x0000000093a60000)
  eden space 136320K,   0% used [0x0000000089400000, 0x0000000089400000, 0x0000000091920000)
  from space 17024K,  68% used [0x0000000091920000, 0x000000009248f1a8, 0x00000000929c0000)
  to   space 17024K,   0% used [0x00000000929c0000, 0x00000000929c0000, 0x0000000093a60000)
 concurrent mark-sweep generation total 1775232K, used 1415883K [0x0000000093a60000, 0x0000000100000000, 0x0000000100000000)
 Metaspace       used 65747K, capacity 69933K, committed 70064K, reserved 1110016K
  class space    used 8060K, capacity 9044K, committed 9140K, reserved 1048576K
}
Event: 4556.611 GC heap before
{Heap before GC invocations=1720 (full 2):
 par new generation   total 153344K, used 148028K [0x0000000089400000, 0x0000000093a60000, 0x0000000093a60000)
  eden space 136320K, 100% used [0x0000000089400000, 0x0000000091920000, 0x0000000091920000)
  from space 17024K,  68% used [0x0000000091920000, 0x000000009248f1a8, 0x00000000929c0000)
  to   space 17024K,   0% used [0x00000000929c0000, 0x00000000929c0000, 0x0000000093a60000)
 concurrent mark-sweep generation total 1775232K, used 1415883K [0x0000000093a60000, 0x0000000100000000, 0x0000000100000000)
 Metaspace       used 65747K, capacity 69933K, committed 70064K, reserved 1110016K
  class space    used 8060K, capacity 9044K, committed 9140K, reserved 1048576K
Event: 4556.628 GC heap after
Heap after GC invocations=1721 (full 2):
 par new generation   total 153344K, used 10872K [0x0000000089400000, 0x0000000093a60000, 0x0000000093a60000)
  eden space 136320K,   0% used [0x0000000089400000, 0x0000000089400000, 0x0000000091920000)
  from space 17024K,  63% used [0x00000000929c0000, 0x000000009345e2b8, 0x0000000093a60000)
  to   space 17024K,   0% used [0x0000000091920000, 0x0000000091920000, 0x00000000929c0000)
 concurrent mark-sweep generation total 1775232K, used 1416804K [0x0000000093a60000, 0x0000000100000000, 0x0000000100000000)
 Metaspace       used 65747K, capacity 69933K, committed 70064K, reserved 1110016K
  class space    used 8060K, capacity 9044K, committed 9140K, reserved 1048576K
}
Event: 4558.908 GC heap before
{Heap before GC invocations=1721 (full 2):
 par new generation   total 153344K, used 147192K [0x0000000089400000, 0x0000000093a60000, 0x0000000093a60000)
  eden space 136320K, 100% used [0x0000000089400000, 0x0000000091920000, 0x0000000091920000)
  from space 17024K,  63% used [0x00000000929c0000, 0x000000009345e2b8, 0x0000000093a60000)
  to   space 17024K,   0% used [0x0000000091920000, 0x0000000091920000, 0x00000000929c0000)
 concurrent mark-sweep generation total 1775232K, used 1416804K [0x0000000093a60000, 0x0000000100000000, 0x0000000100000000)
 Metaspace       used 65747K, capacity 69933K, committed 70064K, reserved 1110016K
  class space    used 8060K, capacity 9044K, committed 9140K, reserved 1048576K
Event: 4558.925 GC heap after
Heap after GC invocations=1722 (full 2):
 par new generation   total 153344K, used 11731K [0x0000000089400000, 0x0000000093a60000, 0x0000000093a60000)
  eden space 136320K,   0% used [0x0000000089400000, 0x0000000089400000, 0x0000000091920000)
  from space 17024K,  68% used [0x0000000091920000, 0x0000000092494de8, 0x00000000929c0000)
  to   space 17024K,   0% used [0x00000000929c0000, 0x00000000929c0000, 0x0000000093a60000)
 concurrent mark-sweep generation total 1775232K, used 1417739K [0x0000000093a60000, 0x0000000100000000, 0x0000000100000000)
 Metaspace       used 65747K, capacity 69933K, committed 70064K, reserved 1110016K
  class space    used 8060K, capacity 9044K, committed 9140K, reserved 1048576K
}
Event: 4561.006 GC heap before
{Heap before GC invocations=1722 (full 2):
 par new generation   total 153344K, used 148051K [0x0000000089400000, 0x0000000093a60000, 0x0000000093a60000)
  eden space 136320K, 100% used [0x0000000089400000, 0x0000000091920000, 0x0000000091920000)
  from space 17024K,  68% used [0x0000000091920000, 0x0000000092494de8, 0x00000000929c0000)
  to   space 17024K,   0% used [0x00000000929c0000, 0x00000000929c0000, 0x0000000093a60000)
 concurrent mark-sweep generation total 1775232K, used 1417739K [0x0000000093a60000, 0x0000000100000000, 0x0000000100000000)
 Metaspace       used 65747K, capacity 69933K, committed 70064K, reserved 1110016K
  class space    used 8060K, capacity 9044K, committed 9140K, reserved 1048576K
Event: 4561.026 GC heap after
Heap after GC invocations=1723 (full 2):
 par new generation   total 153344K, used 11045K [0x0000000089400000, 0x0000000093a60000, 0x0000000093a60000)
  eden space 136320K,   0% used [0x0000000089400000, 0x0000000089400000, 0x0000000091920000)
  from space 17024K,  64% used [0x00000000929c0000, 0x0000000093489440, 0x0000000093a60000)
  to   space 17024K,   0% used [0x0000000091920000, 0x0000000091920000, 0x00000000929c0000)
 concurrent mark-sweep generation total 1775232K, used 1419445K [0x0000000093a60000, 0x0000000100000000, 0x0000000100000000)
 Metaspace       used 65747K, capacity 69933K, committed 70064K, reserved 1110016K
  class space    used 8060K, capacity 9044K, committed 9140K, reserved 1048576K
}
Event: 4563.386 GC heap before
{Heap before GC invocations=1723 (full 2):
 par new generation   total 153344K, used 147365K [0x0000000089400000, 0x0000000093a60000, 0x0000000093a60000)
  eden space 136320K, 100% used [0x0000000089400000, 0x0000000091920000, 0x0000000091920000)
  from space 17024K,  64% used [0x00000000929c0000, 0x0000000093489440, 0x0000000093a60000)
  to   space 17024K,   0% used [0x0000000091920000, 0x0000000091920000, 0x00000000929c0000)
 concurrent mark-sweep generation total 1775232K, used 1419445K [0x0000000093a60000, 0x0000000100000000, 0x0000000100000000)
 Metaspace       used 65747K, capacity 69933K, committed 70064K, reserved 1110016K
  class space    used 8060K, capacity 9044K, committed 9140K, reserved 1048576K
Event: 4563.403 GC heap after
Heap after GC invocations=1724 (full 2):
 par new generation   total 153344K, used 11024K [0x0000000089400000, 0x0000000093a60000, 0x0000000093a60000)
  eden space 136320K,   0% used [0x0000000089400000, 0x0000000089400000, 0x0000000091920000)
  from space 17024K,  64% used [0x0000000091920000, 0x00000000923e4028, 0x00000000929c0000)
  to   space 17024K,   0% used [0x00000000929c0000, 0x00000000929c0000, 0x0000000093a60000)
 concurrent mark-sweep generation total 1775232K, used 1420523K [0x0000000093a60000, 0x0000000100000000, 0x0000000100000000)
 Metaspace       used 65747K, capacity 69933K, committed 70064K, reserved 1110016K
  class space    used 8060K, capacity 9044K, committed 9140K, reserved 1048576K
}
Event: 4566.038 GC heap before
{Heap before GC invocations=1724 (full 2):
 par new generation   total 153344K, used 147344K [0x0000000089400000, 0x0000000093a60000, 0x0000000093a60000)
  eden space 136320K, 100% used [0x0000000089400000, 0x0000000091920000, 0x0000000091920000)
  from space 17024K,  64% used [0x0000000091920000, 0x00000000923e4028, 0x00000000929c0000)
  to   space 17024K,   0% used [0x00000000929c0000, 0x00000000929c0000, 0x0000000093a60000)
 concurrent mark-sweep generation total 1775232K, used 1420523K [0x0000000093a60000, 0x0000000100000000, 0x0000000100000000)
 Metaspace       used 65747K, capacity 69933K, committed 70064K, reserved 1110016K
  class space    used 8060K, capacity 9044K, committed 9140K, reserved 1048576K
Event: 4566.054 GC heap after
Heap after GC invocations=1725 (full 2):
 par new generation   total 153344K, used 11010K [0x0000000089400000, 0x0000000093a60000, 0x0000000093a60000)
  eden space 136320K,   0% used [0x0000000089400000, 0x0000000089400000, 0x0000000091920000)
  from space 17024K,  64% used [0x00000000929c0000, 0x0000000093480a28, 0x0000000093a60000)
  to   space 17024K,   0% used [0x0000000091920000, 0x0000000091920000, 0x00000000929c0000)
 concurrent mark-sweep generation total 1775232K, used 1421764K [0x0000000093a60000, 0x0000000100000000, 0x0000000100000000)
 Metaspace       used 65747K, capacity 69933K, committed 70064K, reserved 1110016K
  class space    used 8060K, capacity 9044K, committed 9140K, reserved 1048576K
}
Event: 4568.641 GC heap before
{Heap before GC invocations=1725 (full 2):
 par new generation   total 153344K, used 147330K [0x0000000089400000, 0x0000000093a60000, 0x0000000093a60000)
  eden space 136320K, 100% used [0x0000000089400000, 0x0000000091920000, 0x0000000091920000)
  from space 17024K,  64% used [0x00000000929c0000, 0x0000000093480a28, 0x0000000093a60000)
  to   space 17024K,   0% used [0x0000000091920000, 0x0000000091920000, 0x00000000929c0000)
 concurrent mark-sweep generation total 1775232K, used 1421764K [0x0000000093a60000, 0x0000000100000000, 0x0000000100000000)
 Metaspace       used 65747K, capacity 69933K, committed 70064K, reserved 1110016K
  class space    used 8060K, capacity 9044K, committed 9140K, reserved 1048576K
Event: 4568.658 GC heap after
Heap after GC invocations=1726 (full 2):
 par new generation   total 153344K, used 10716K [0x0000000089400000, 0x0000000093a60000, 0x0000000093a60000)
  eden space 136320K,   0% used [0x0000000089400000, 0x0000000089400000, 0x0000000091920000)
  from space 17024K,  62% used [0x0000000091920000, 0x00000000923972a0, 0x00000000929c0000)
  to   space 17024K,   0% used [0x00000000929c0000, 0x00000000929c0000, 0x0000000093a60000)
 concurrent mark-sweep generation total 1775232K, used 1422487K [0x0000000093a60000, 0x0000000100000000, 0x0000000100000000)
 Metaspace       used 65747K, capacity 69933K, committed 70064K, reserved 1110016K
  class space    used 8060K, capacity 9044K, committed 9140K, reserved 1048576K
}
Event: 4571.633 GC heap before
{Heap before GC invocations=1726 (full 2):
 par new generation   total 153344K, used 147036K [0x0000000089400000, 0x0000000093a60000, 0x0000000093a60000)
  eden space 136320K, 100% used [0x0000000089400000, 0x0000000091920000, 0x0000000091920000)
  from space 17024K,  62% used [0x0000000091920000, 0x00000000923972a0, 0x00000000929c0000)
  to   space 17024K,   0% used [0x00000000929c0000, 0x00000000929c0000, 0x0000000093a60000)
 concurrent mark-sweep generation total 1775232K, used 1422487K [0x0000000093a60000, 0x0000000100000000, 0x0000000100000000)
 Metaspace       used 65754K, capacity 69937K, committed 70064K, reserved 1110016K
  class space    used 8060K, capacity 9044K, committed 9140K, reserved 1048576K
Event: 4571.651 GC heap after
Heap after GC invocations=1727 (full 2):
 par new generation   total 153344K, used 11622K [0x0000000089400000, 0x0000000093a60000, 0x0000000093a60000)
  eden space 136320K,   0% used [0x0000000089400000, 0x0000000089400000, 0x0000000091920000)
  from space 17024K,  68% used [0x00000000929c0000, 0x0000000093519a10, 0x0000000093a60000)
  to   space 17024K,   0% used [0x0000000091920000, 0x0000000091920000, 0x00000000929c0000)
 concurrent mark-sweep generation total 1775232K, used 1424236K [0x0000000093a60000, 0x0000000100000000, 0x0000000100000000)
 Metaspace       used 65754K, capacity 69937K, committed 70064K, reserved 1110016K
  class space    used 8060K, capacity 9044K, committed 9140K, reserved 1048576K
}
Event: 4574.443 GC heap before
{Heap before GC invocations=1727 (full 2):
 par new generation   total 153344K, used 147942K [0x0000000089400000, 0x0000000093a60000, 0x0000000093a60000)
  eden space 136320K, 100% used [0x0000000089400000, 0x0000000091920000, 0x0000000091920000)
  from space 17024K,  68% used [0x00000000929c0000, 0x0000000093519a10, 0x0000000093a60000)
  to   space 17024K,   0% used [0x0000000091920000, 0x0000000091920000, 0x00000000929c0000)
 concurrent mark-sweep generation total 1775232K, used 1424236K [0x0000000093a60000, 0x0000000100000000, 0x0000000100000000)
 Metaspace       used 65755K, capacity 70001K, committed 70320K, reserved 1110016K
  class space    used 8060K, capacity 9044K, committed 9140K, reserved 1048576K
Event: 4574.460 GC heap after
Heap after GC invocations=1728 (full 2):
 par new generation   total 153344K, used 11027K [0x0000000089400000, 0x0000000093a60000, 0x0000000093a60000)
  eden space 136320K,   0% used [0x0000000089400000, 0x0000000089400000, 0x0000000091920000)
  from space 17024K,  64% used [0x0000000091920000, 0x00000000923e4fc8, 0x00000000929c0000)
  to   space 17024K,   0% used [0x00000000929c0000, 0x00000000929c0000, 0x0000000093a60000)
 concurrent mark-sweep generation total 1775232K, used 1424325K [0x0000000093a60000, 0x0000000100000000, 0x0000000100000000)
 Metaspace       used 65755K, capacity 70001K, committed 70320K, reserved 1110016K
  class space    used 8060K, capacity 9044K, committed 9140K, reserved 1048576K
}
Event: 4577.233 GC heap before
{Heap before GC invocations=1728 (full 2):
 par new generation   total 153344K, used 147347K [0x0000000089400000, 0x0000000093a60000, 0x0000000093a60000)
  eden space 136320K, 100% used [0x0000000089400000, 0x0000000091920000, 0x0000000091920000)
  from space 17024K,  64% used [0x0000000091920000, 0x00000000923e4fc8, 0x00000000929c0000)
  to   space 17024K,   0% used [0x00000000929c0000, 0x00000000929c0000, 0x0000000093a60000)
 concurrent mark-sweep generation total 1775232K, used 1424325K [0x0000000093a60000, 0x0000000100000000, 0x0000000100000000)
 Metaspace       used 65756K, capacity 70001K, committed 70320K, reserved 1110016K
  class space    used 8060K, capacity 9044K, committed 9140K, reserved 1048576K
Event: 4577.251 GC heap after
Heap after GC invocations=1729 (full 2):
 par new generation   total 153344K, used 12651K [0x0000000089400000, 0x0000000093a60000, 0x0000000093a60000)
  eden space 136320K,   0% used [0x0000000089400000, 0x0000000089400000, 0x0000000091920000)
  from space 17024K,  74% used [0x00000000929c0000, 0x000000009361af50, 0x0000000093a60000)
  to   space 17024K,   0% used [0x0000000091920000, 0x0000000091920000, 0x00000000929c0000)
 concurrent mark-sweep generation total 1775232K, used 1425907K [0x0000000093a60000, 0x0000000100000000, 0x0000000100000000)
 Metaspace       used 65756K, capacity 70001K, committed 70320K, reserved 1110016K
  class space    used 8060K, capacity 9044K, committed 9140K, reserved 1048576K
}
Event: 4580.085 GC heap before
{Heap before GC invocations=1729 (full 2):
 par new generation   total 153344K, used 148971K [0x0000000089400000, 0x0000000093a60000, 0x0000000093a60000)
  eden space 136320K, 100% used [0x0000000089400000, 0x0000000091920000, 0x0000000091920000)
  from space 17024K,  74% used [0x00000000929c0000, 0x000000009361af50, 0x0000000093a60000)
  to   space 17024K,   0% used [0x0000000091920000, 0x0000000091920000, 0x00000000929c0000)
 concurrent mark-sweep generation total 1775232K, used 1425907K [0x0000000093a60000, 0x0000000100000000, 0x0000000100000000)
 Metaspace       used 65756K, capacity 70001K, committed 70320K, reserved 1110016K
  class space    used 8060K, capacity 9044K, committed 9140K, reserved 1048576K
Event: 4580.102 GC heap after
Heap after GC invocations=1730 (full 2):
 par new generation   total 153344K, used 12142K [0x0000000089400000, 0x0000000093a60000, 0x0000000093a60000)
  eden space 136320K,   0% used [0x0000000089400000, 0x0000000089400000, 0x0000000091920000)
  from space 17024K,  71% used [0x0000000091920000, 0x00000000924fbaa8, 0x00000000929c0000)
  to   space 17024K,   0% used [0x00000000929c0000, 0x00000000929c0000, 0x0000000093a60000)
 concurrent mark-sweep generation total 1775232K, used 1426980K [0x0000000093a60000, 0x0000000100000000, 0x0000000100000000)
 Metaspace       used 65756K, capacity 70001K, committed 70320K, reserved 1110016K
  class space    used 8060K, capacity 9044K, committed 9140K, reserved 1048576K
}
Event: 4582.987 GC heap before
{Heap before GC invocations=1730 (full 2):
 par new generation   total 153344K, used 148462K [0x0000000089400000, 0x0000000093a60000, 0x0000000093a60000)
  eden space 136320K, 100% used [0x0000000089400000, 0x0000000091920000, 0x0000000091920000)
  from space 17024K,  71% used [0x0000000091920000, 0x00000000924fbaa8, 0x00000000929c0000)
  to   space 17024K,   0% used [0x00000000929c0000, 0x00000000929c0000, 0x0000000093a60000)
 concurrent mark-sweep generation total 1775232K, used 1426980K [0x0000000093a60000, 0x0000000100000000, 0x0000000100000000)
 Metaspace       used 65757K, capacity 70001K, committed 70320K, reserved 1110016K
  class space    used 8060K, capacity 9044K, committed 9140K, reserved 1048576K
Event: 4583.004 GC heap after
Heap after GC invocations=1731 (full 2):
 par new generation   total 153344K, used 12211K [0x0000000089400000, 0x0000000093a60000, 0x0000000093a60000)
  eden space 136320K,   0% used [0x0000000089400000, 0x0000000089400000, 0x0000000091920000)
  from space 17024K,  71% used [0x00000000929c0000, 0x00000000935acc68, 0x0000000093a60000)
  to   space 17024K,   0% used [0x0000000091920000, 0x0000000091920000, 0x00000000929c0000)
 concurrent mark-sweep generation total 1775232K, used 1427930K [0x0000000093a60000, 0x0000000100000000, 0x0000000100000000)
 Metaspace       used 65757K, capacity 70001K, committed 70320K, reserved 1110016K
  class space    used 8060K, capacity 9044K, committed 9140K, reserved 1048576K
}
Event: 4585.892 GC heap before
{Heap before GC invocations=1731 (full 2):
 par new generation   total 153344K, used 148531K [0x0000000089400000, 0x0000000093a60000, 0x0000000093a60000)
  eden space 136320K, 100% used [0x0000000089400000, 0x0000000091920000, 0x0000000091920000)
  from space 17024K,  71% used [0x00000000929c0000, 0x00000000935acc68, 0x0000000093a60000)
  to   space 17024K,   0% used [0x0000000091920000, 0x0000000091920000, 0x00000000929c0000)
 concurrent mark-sweep generation total 1775232K, used 1427930K [0x0000000093a60000, 0x0000000100000000, 0x0000000100000000)
 Metaspace       used 65757K, capacity 70001K, committed 70320K, reserved 1110016K
  class space    used 8060K, capacity 9044K, committed 9140K, reserved 1048576K
Event: 4585.908 GC heap after
Heap after GC invocations=1732 (full 2):
 par new generation   total 153344K, used 7615K [0x0000000089400000, 0x0000000093a60000, 0x0000000093a60000)
  eden space 136320K,   0% used [0x0000000089400000, 0x0000000089400000, 0x0000000091920000)
  from space 17024K,  44% used [0x0000000091920000, 0x000000009208fc18, 0x00000000929c0000)
  to   space 17024K,   0% used [0x00000000929c0000, 0x00000000929c0000, 0x0000000093a60000)
 concurrent mark-sweep generation total 1775232K, used 1429623K [0x0000000093a60000, 0x0000000100000000, 0x0000000100000000)
 Metaspace       used 65757K, capacity 70001K, committed 70320K, reserved 1110016K
  class space    used 8060K, capacity 9044K, committed 9140K, reserved 1048576K
}
Event: 4588.638 GC heap before
{Heap before GC invocations=1732 (full 2):
 par new generation   total 153344K, used 143935K [0x0000000089400000, 0x0000000093a60000, 0x0000000093a60000)
  eden space 136320K, 100% used [0x0000000089400000, 0x0000000091920000, 0x0000000091920000)
  from space 17024K,  44% used [0x0000000091920000, 0x000000009208fc18, 0x00000000929c0000)
  to   space 17024K,   0% used [0x00000000929c0000, 0x00000000929c0000, 0x0000000093a60000)
 concurrent mark-sweep generation total 1775232K, used 1429623K [0x0000000093a60000, 0x0000000100000000, 0x0000000100000000)
 Metaspace       used 65757K, capacity 70001K, committed 70320K, reserved 1110016K
  class space    used 8060K, capacity 9044K, committed 9140K, reserved 1048576K
Event: 4588.655 GC heap after
Heap after GC invocations=1733 (full 2):
 par new generation   total 153344K, used 9533K [0x0000000089400000, 0x0000000093a60000, 0x0000000093a60000)
  eden space 136320K,   0% used [0x0000000089400000, 0x0000000089400000, 0x0000000091920000)
  from space 17024K,  56% used [0x00000000929c0000, 0x000000009330f678, 0x0000000093a60000)
  to   space 17024K,   0% used [0x0000000091920000, 0x0000000091920000, 0x00000000929c0000)
 concurrent mark-sweep generation total 1775232K, used 1430679K [0x0000000093a60000, 0x0000000100000000, 0x0000000100000000)
 Metaspace       used 65757K, capacity 70001K, committed 70320K, reserved 1110016K
  class space    used 8060K, capacity 9044K, committed 9140K, reserved 1048576K
}
Event: 4591.587 GC heap before
{Heap before GC invocations=1733 (full 2):
 par new generation   total 153344K, used 145853K [0x0000000089400000, 0x0000000093a60000, 0x0000000093a60000)
  eden space 136320K, 100% used [0x0000000089400000, 0x0000000091920000, 0x0000000091920000)
  from space 17024K,  56% used [0x00000000929c0000, 0x000000009330f678, 0x0000000093a60000)
  to   space 17024K,   0% used [0x0000000091920000, 0x0000000091920000, 0x00000000929c0000)
 concurrent mark-sweep generation total 1775232K, used 1430679K [0x0000000093a60000, 0x0000000100000000, 0x0000000100000000)
 Metaspace       used 65758K, capacity 70001K, committed 70320K, reserved 1110016K
  class space    used 8060K, capacity 9044K, committed 9140K, reserved 1048576K
Event: 4591.602 GC heap after
Heap after GC invocations=1734 (full 2):
 par new generation   total 153344K, used 9782K [0x0000000089400000, 0x0000000093a60000, 0x0000000093a60000)
  eden space 136320K,   0% used [0x0000000089400000, 0x0000000089400000, 0x0000000091920000)
  from space 17024K,  57% used [0x0000000091920000, 0x00000000922ada58, 0x00000000929c0000)
  to   space 17024K,   0% used [0x00000000929c0000, 0x00000000929c0000, 0x0000000093a60000)
 concurrent mark-sweep generation total 1775232K, used 1431586K [0x0000000093a60000, 0x0000000100000000, 0x0000000100000000)
 Metaspace       used 65758K, capacity 70001K, committed 70320K, reserved 1110016K
  class space    used 8060K, capacity 9044K, committed 9140K, reserved 1048576K
}
Event: 4594.596 GC heap before
{Heap before GC invocations=1734 (full 2):
 par new generation   total 153344K, used 146102K [0x0000000089400000, 0x0000000093a60000, 0x0000000093a60000)
  eden space 136320K, 100% used [0x0000000089400000, 0x0000000091920000, 0x0000000091920000)
  from space 17024K,  57% used [0x0000000091920000, 0x00000000922ada58, 0x00000000929c0000)
  to   space 17024K,   0% used [0x00000000929c0000, 0x00000000929c0000, 0x0000000093a60000)
 concurrent mark-sweep generation total 1775232K, used 1431586K [0x0000000093a60000, 0x0000000100000000, 0x0000000100000000)
 Metaspace       used 65758K, capacity 70001K, committed 70320K, reserved 1110016K
  class space    used 8060K, capacity 9044K, committed 9140K, reserved 1048576K
Event: 4594.629 GC heap after
Heap after GC invocations=1735 (full 2):
 par new generation   total 153344K, used 9571K [0x0000000089400000, 0x0000000093a60000, 0x0000000093a60000)
  eden space 136320K,   0% used [0x0000000089400000, 0x0000000089400000, 0x0000000091920000)
  from space 17024K,  56% used [0x00000000929c0000, 0x0000000093318e00, 0x0000000093a60000)
  to   space 17024K,   0% used [0x0000000091920000, 0x0000000091920000, 0x00000000929c0000)
 concurrent mark-sweep generation total 1775232K, used 1432468K [0x0000000093a60000, 0x0000000100000000, 0x0000000100000000)
 Metaspace       used 65758K, capacity 70001K, committed 70320K, reserved 1110016K
  class space    used 8060K, capacity 9044K, committed 9140K, reserved 1048576K
}
Event: 4597.396 GC heap before
{Heap before GC invocations=1735 (full 2):
 par new generation   total 153344K, used 145891K [0x0000000089400000, 0x0000000093a60000, 0x0000000093a60000)
  eden space 136320K, 100% used [0x0000000089400000, 0x0000000091920000, 0x0000000091920000)
  from space 17024K,  56% used [0x00000000929c0000, 0x0000000093318e00, 0x0000000093a60000)
  to   space 17024K,   0% used [0x0000000091920000, 0x0000000091920000, 0x00000000929c0000)
 concurrent mark-sweep generation total 1775232K, used 1432468K [0x0000000093a60000, 0x0000000100000000, 0x0000000100000000)
 Metaspace       used 65758K, capacity 70001K, committed 70320K, reserved 1110016K
  class space    used 8060K, capacity 9044K, committed 9140K, reserved 1048576K
Event: 4597.422 GC heap after
Heap after GC invocations=1736 (full 2):
 par new generation   total 153344K, used 9573K [0x0000000089400000, 0x0000000093a60000, 0x0000000093a60000)
  eden space 136320K,   0% used [0x0000000089400000, 0x0000000089400000, 0x0000000091920000)
  from space 17024K,  56% used [0x0000000091920000, 0x00000000922795a8, 0x00000000929c0000)
  to   space 17024K,   0% used [0x00000000929c0000, 0x00000000929c0000, 0x0000000093a60000)
 concurrent mark-sweep generation total 1775232K, used 1433593K [0x0000000093a60000, 0x0000000100000000, 0x0000000100000000)
 Metaspace       used 65758K, capacity 70001K, committed 70320K, reserved 1110016K
  class space    used 8060K, capacity 9044K, committed 9140K, reserved 1048576K
}
Event: 4600.150 GC heap before
{Heap before GC invocations=1736 (full 2):
 par new generation   total 153344K, used 145893K [0x0000000089400000, 0x0000000093a60000, 0x0000000093a60000)
  eden space 136320K, 100% used [0x0000000089400000, 0x0000000091920000, 0x0000000091920000)
  from space 17024K,  56% used [0x0000000091920000, 0x00000000922795a8, 0x00000000929c0000)
  to   space 17024K,   0% used [0x00000000929c0000, 0x00000000929c0000, 0x0000000093a60000)
 concurrent mark-sweep generation total 1775232K, used 1433593K [0x0000000093a60000, 0x0000000100000000, 0x0000000100000000)
 Metaspace       used 65759K, capacity 70001K, committed 70320K, reserved 1110016K
  class space    used 8060K, capacity 9044K, committed 9140K, reserved 1048576K
Event: 4600.181 GC heap after
Heap after GC invocations=1737 (full 2):
 par new generation   total 153344K, used 10571K [0x0000000089400000, 0x0000000093a60000, 0x0000000093a60000)
  eden space 136320K,   0% used [0x0000000089400000, 0x0000000089400000, 0x0000000091920000)
  from space 17024K,  62% used [0x00000000929c0000, 0x0000000093412cc0, 0x0000000093a60000)
  to   space 17024K,   0% used [0x0000000091920000, 0x0000000091920000, 0x00000000929c0000)
 concurrent mark-sweep generation total 1775232K, used 1433958K [0x0000000093a60000, 0x0000000100000000, 0x0000000100000000)
 Metaspace       used 65759K, capacity 70001K, committed 70320K, reserved 1110016K
  class space    used 8060K, capacity 9044K, committed 9140K, reserved 1048576K
}
Event: 4602.856 GC heap before
{Heap before GC invocations=1737 (full 2):
 par new generation   total 153344K, used 146891K [0x0000000089400000, 0x0000000093a60000, 0x0000000093a60000)
  eden space 136320K, 100% used [0x0000000089400000, 0x0000000091920000, 0x0000000091920000)
  from space 17024K,  62% used [0x00000000929c0000, 0x0000000093412cc0, 0x0000000093a60000)
  to   space 17024K,   0% used [0x0000000091920000, 0x0000000091920000, 0x00000000929c0000)
 concurrent mark-sweep generation total 1775232K, used 1433958K [0x0000000093a60000, 0x0000000100000000, 0x0000000100000000)
 Metaspace       used 65759K, capacity 70001K, committed 70320K, reserved 1110016K
  class space    used 8060K, capacity 9044K, committed 9140K, reserved 1048576K
Event: 4602.884 GC heap after
Heap after GC invocations=1738 (full 2):
 par new generation   total 153344K, used 11418K [0x0000000089400000, 0x0000000093a60000, 0x0000000093a60000)
  eden space 136320K,   0% used [0x0000000089400000, 0x0000000089400000, 0x0000000091920000)
  from space 17024K,  67% used [0x0000000091920000, 0x0000000092446b60, 0x00000000929c0000)
  to   space 17024K,   0% used [0x00000000929c0000, 0x00000000929c0000, 0x0000000093a60000)
 concurrent mark-sweep generation total 1775232K, used 1434827K [0x0000000093a60000, 0x0000000100000000, 0x0000000100000000)
 Metaspace       used 65759K, capacity 70001K, committed 70320K, reserved 1110016K
  class space    used 8060K, capacity 9044K, committed 9140K, reserved 1048576K
}
Event: 4605.316 GC heap before
{Heap before GC invocations=1738 (full 2):
 par new generation   total 153344K, used 147738K [0x0000000089400000, 0x0000000093a60000, 0x0000000093a60000)
  eden space 136320K, 100% used [0x0000000089400000, 0x0000000091920000, 0x0000000091920000)
  from space 17024K,  67% used [0x0000000091920000, 0x0000000092446b60, 0x00000000929c0000)
  to   space 17024K,   0% used [0x00000000929c0000, 0x00000000929c0000, 0x0000000093a60000)
 concurrent mark-sweep generation total 1775232K, used 1434827K [0x0000000093a60000, 0x0000000100000000, 0x0000000100000000)
 Metaspace       used 65759K, capacity 70001K, committed 70320K, reserved 1110016K
  class space    used 8060K, capacity 9044K, committed 9140K, reserved 1048576K
Event: 4605.350 GC heap after
Heap after GC invocations=1739 (full 2):
 par new generation   total 153344K, used 11718K [0x0000000089400000, 0x0000000093a60000, 0x0000000093a60000)
  eden space 136320K,   0% used [0x0000000089400000, 0x0000000089400000, 0x0000000091920000)
  from space 17024K,  68% used [0x00000000929c0000, 0x0000000093531980, 0x0000000093a60000)
  to   space 17024K,   0% used [0x0000000091920000, 0x0000000091920000, 0x00000000929c0000)
 concurrent mark-sweep generation total 1775232K, used 1436476K [0x0000000093a60000, 0x0000000100000000, 0x0000000100000000)
 Metaspace       used 65759K, capacity 70001K, committed 70320K, reserved 1110016K
  class space    used 8060K, capacity 9044K, committed 9140K, reserved 1048576K
}
Event: 4607.896 GC heap before
{Heap before GC invocations=1739 (full 2):
 par new generation   total 153344K, used 148038K [0x0000000089400000, 0x0000000093a60000, 0x0000000093a60000)
  eden space 136320K, 100% used [0x0000000089400000, 0x0000000091920000, 0x0000000091920000)
  from space 17024K,  68% used [0x00000000929c0000, 0x0000000093531980, 0x0000000093a60000)
  to   space 17024K,   0% used [0x0000000091920000, 0x0000000091920000, 0x00000000929c0000)
 concurrent mark-sweep generation total 1775232K, used 1436476K [0x0000000093a60000, 0x0000000100000000, 0x0000000100000000)
 Metaspace       used 65763K, capacity 70001K, committed 70320K, reserved 1110016K
  class space    used 8060K, capacity 9044K, committed 9140K, reserved 1048576K
Event: 4607.957 GC heap after
Heap after GC invocations=1740 (full 2):
 par new generation   total 153344K, used 8570K [0x0000000089400000, 0x0000000093a60000, 0x0000000093a60000)
  eden space 136320K,   0% used [0x0000000089400000, 0x0000000089400000, 0x0000000091920000)
  from space 17024K,  50% used [0x0000000091920000, 0x000000009217e888, 0x00000000929c0000)
  to   space 17024K,   0% used [0x00000000929c0000, 0x00000000929c0000, 0x0000000093a60000)
 concurrent mark-sweep generation total 1775232K, used 1437184K [0x0000000093a60000, 0x0000000100000000, 0x0000000100000000)
 Metaspace       used 65763K, capacity 70001K, committed 70320K, reserved 1110016K
  class space    used 8060K, capacity 9044K, committed 9140K, reserved 1048576K
}

