# JRE version: OpenJDK Runtime Environment (8.0_191-b12) (build 1.8.0_191-b12)
# Java VM: OpenJDK 64-Bit Server VM (25.191-b12 mixed mode linux-amd64 compressed oops)
Heap:
 par new generation   total 153344K, used 79700K [0x0000000089400000, 0x0000000093a60000, 0x0000000093a60000)
  eden space 136320K,  53% used [0x0000000089400000, 0x000000008dae6048, 0x0000000091920000)
  from space 17024K,  41% used [0x00000000929c0000, 0x00000000930af240, 0x0000000093a60000)
  to   space 17024K,   0% used [0x0000000091920000, 0x0000000091920000, 0x00000000929c0000)
 concurrent mark-sweep generation total 1775232K, used 1446892K [0x0000000093a60000, 0x0000000100000000, 0x0000000100000000)
 Metaspace       used 65958K, capacity 70335K, committed 70488K, reserved 1110016K
  class space    used 8080K, capacity 9068K, committed 9120K, reserved 1048576K
GC Heap History (250 events):
Event: 41258.722 GC heap before
{Heap before GC invocations=17802 (full 2):
 par new generation   total 153344K, used 143940K [0x0000000089400000, 0x0000000093a60000, 0x0000000093a60000)
  eden space 136320K, 100% used [0x0000000089400000, 0x0000000091920000, 0x0000000091920000)
  from space 17024K,  44% used [0x0000000091920000, 0x00000000920912a0, 0x00000000929c0000)
  to   space 17024K,   0% used [0x00000000929c0000, 0x00000000929c0000, 0x0000000093a60000)
 concurrent mark-sweep generation total 1775232K, used 1363827K [0x0000000093a60000, 0x0000000100000000, 0x0000000100000000)
 Metaspace       used 65910K, capacity 70255K, committed 70488K, reserved 1110016K
  class space    used 8076K, capacity 9066K, committed 9120K, reserved 1048576K
Event: 41258.736 GC heap after
Heap after GC invocations=17803 (full 2):
 par new generation   total 153344K, used 8022K [0x0000000089400000, 0x0000000093a60000, 0x0000000093a60000)
  eden space 136320K,   0% used [0x0000000089400000, 0x0000000089400000, 0x0000000091920000)
  from space 17024K,  47% used [0x00000000929c0000, 0x00000000931959c8, 0x0000000093a60000)
  to   space 17024K,   0% used [0x0000000091920000, 0x0000000091920000, 0x00000000929c0000)
 concurrent mark-sweep generation total 1775232K, used 1363848K [0x0000000093a60000, 0x0000000100000000, 0x0000000100000000)
 Metaspace       used 65910K, capacity 70255K, committed 70488K, reserved 1110016K
  class space    used 8076K, capacity 9066K, committed 9120K, reserved 1048576K
}
Event: 41260.324 GC heap before
{Heap before GC invocations=17803 (full 2):
 par new generation   total 153344K, used 144342K [0x0000000089400000, 0x0000000093a60000, 0x0000000093a60000)
  eden space 136320K, 100% used [0x0000000089400000, 0x0000000091920000, 0x0000000091920000)
  from space 17024K,  47% used [0x00000000929c0000, 0x00000000931959c8, 0x0000000093a60000)
  to   space 17024K,   0% used [0x0000000091920000, 0x0000000091920000, 0x00000000929c0000)
 concurrent mark-sweep generation total 1775232K, used 1363848K [0x0000000093a60000, 0x0000000100000000, 0x0000000100000000)
 Metaspace       used 65910K, capacity 70255K, committed 70488K, reserved 1110016K
  class space    used 8076K, capacity 9066K, committed 9120K, reserved 1048576K
Event: 41260.337 GC heap after
Heap after GC invocations=17804 (full 2):
 par new generation   total 153344K, used 8592K [0x0000000089400000, 0x0000000093a60000, 0x0000000093a60000)
  eden space 136320K,   0% used [0x0000000089400000, 0x0000000089400000, 0x0000000091920000)
  from space 17024K,  50% used [0x0000000091920000, 0x0000000092184378, 0x00000000929c0000)
  to   space 17024K,   0% used [0x00000000929c0000, 0x00000000929c0000, 0x0000000093a60000)
 concurrent mark-sweep generation total 1775232K, used 1363873K [0x0000000093a60000, 0x0000000100000000, 0x0000000100000000)
 Metaspace       used 65910K, capacity 70255K, committed 70488K, reserved 1110016K
  class space    used 8076K, capacity 9066K, committed 9120K, reserved 1048576K
}
Event: 41262.074 GC heap before
{Heap before GC invocations=17804 (full 2):
 par new generation   total 153344K, used 144912K [0x0000000089400000, 0x0000000093a60000, 0x0000000093a60000)
  eden space 136320K, 100% used [0x0000000089400000, 0x0000000091920000, 0x0000000091920000)
  from space 17024K,  50% used [0x0000000091920000, 0x0000000092184378, 0x00000000929c0000)
  to   space 17024K,   0% used [0x00000000929c0000, 0x00000000929c0000, 0x0000000093a60000)
 concurrent mark-sweep generation total 1775232K, used 1363873K [0x0000000093a60000, 0x0000000100000000, 0x0000000100000000)
 Metaspace       used 65910K, capacity 70255K, committed 70488K, reserved 1110016K
  class space    used 8076K, capacity 9066K, committed 9120K, reserved 1048576K
Event: 41262.089 GC heap after
Heap after GC invocations=17805 (full 2):
 par new generation   total 153344K, used 5774K [0x0000000089400000, 0x0000000093a60000, 0x0000000093a60000)
  eden space 136320K,   0% used [0x0000000089400000, 0x0000000089400000, 0x0000000091920000)
  from space 17024K,  33% used [0x00000000929c0000, 0x0000000092f63810, 0x0000000093a60000)
  to   space 17024K,   0% used [0x0000000091920000, 0x0000000091920000, 0x00000000929c0000)
 concurrent mark-sweep generation total 1775232K, used 1365952K [0x0000000093a60000, 0x0000000100000000, 0x0000000100000000)
 Metaspace       used 65910K, capacity 70255K, committed 70488K, reserved 1110016K
  class space    used 8076K, capacity 9066K, committed 9120K, reserved 1048576K
}
Event: 41264.324 GC heap before
{Heap before GC invocations=17805 (full 2):
 par new generation   total 153344K, used 142094K [0x0000000089400000, 0x0000000093a60000, 0x0000000093a60000)
  eden space 136320K, 100% used [0x0000000089400000, 0x0000000091920000, 0x0000000091920000)
  from space 17024K,  33% used [0x00000000929c0000, 0x0000000092f63810, 0x0000000093a60000)
  to   space 17024K,   0% used [0x0000000091920000, 0x0000000091920000, 0x00000000929c0000)
 concurrent mark-sweep generation total 1775232K, used 1365952K [0x0000000093a60000, 0x0000000100000000, 0x0000000100000000)
 Metaspace       used 65910K, capacity 70255K, committed 70488K, reserved 1110016K
  class space    used 8076K, capacity 9066K, committed 9120K, reserved 1048576K
Event: 41264.338 GC heap after
Heap after GC invocations=17806 (full 2):
 par new generation   total 153344K, used 6405K [0x0000000089400000, 0x0000000093a60000, 0x0000000093a60000)
  eden space 136320K,   0% used [0x0000000089400000, 0x0000000089400000, 0x0000000091920000)
  from space 17024K,  37% used [0x0000000091920000, 0x0000000091f615b0, 0x00000000929c0000)
  to   space 17024K,   0% used [0x00000000929c0000, 0x00000000929c0000, 0x0000000093a60000)
 concurrent mark-sweep generation total 1775232K, used 1367321K [0x0000000093a60000, 0x0000000100000000, 0x0000000100000000)
 Metaspace       used 65910K, capacity 70255K, committed 70488K, reserved 1110016K
  class space    used 8076K, capacity 9066K, committed 9120K, reserved 1048576K
}
Event: 41266.577 GC heap before
{Heap before GC invocations=17806 (full 2):
 par new generation   total 153344K, used 142725K [0x0000000089400000, 0x0000000093a60000, 0x0000000093a60000)
  eden space 136320K, 100% used [0x0000000089400000, 0x0000000091920000, 0x0000000091920000)
  from space 17024K,  37% used [0x0000000091920000, 0x0000000091f615b0, 0x00000000929c0000)
  to   space 17024K,   0% used [0x00000000929c0000, 0x00000000929c0000, 0x0000000093a60000)
 concurrent mark-sweep generation total 1775232K, used 1367321K [0x0000000093a60000, 0x0000000100000000, 0x0000000100000000)
 Metaspace       used 65910K, capacity 70255K, committed 70488K, reserved 1110016K
  class space    used 8076K, capacity 9066K, committed 9120K, reserved 1048576K
Event: 41266.589 GC heap after
Heap after GC invocations=17807 (full 2):
 par new generation   total 153344K, used 3550K [0x0000000089400000, 0x0000000093a60000, 0x0000000093a60000)
  eden space 136320K,   0% used [0x0000000089400000, 0x0000000089400000, 0x0000000091920000)
  from space 17024K,  20% used [0x00000000929c0000, 0x0000000092d37940, 0x0000000093a60000)
  to   space 17024K,   0% used [0x0000000091920000, 0x0000000091920000, 0x00000000929c0000)
 concurrent mark-sweep generation total 1775232K, used 1368401K [0x0000000093a60000, 0x0000000100000000, 0x0000000100000000)
 Metaspace       used 65910K, capacity 70255K, committed 70488K, reserved 1110016K
  class space    used 8076K, capacity 9066K, committed 9120K, reserved 1048576K
}
Event: 41268.575 GC heap before
{Heap before GC invocations=17807 (full 2):
 par new generation   total 153344K, used 139870K [0x0000000089400000, 0x0000000093a60000, 0x0000000093a60000)
  eden space 136320K, 100% used [0x0000000089400000, 0x0000000091920000, 0x0000000091920000)
  from space 17024K,  20% used [0x00000000929c0000, 0x0000000092d37940, 0x0000000093a60000)
  to   space 17024K,   0% used [0x0000000091920000, 0x0000000091920000, 0x00000000929c0000)
 concurrent mark-sweep generation total 1775232K, used 1368401K [0x0000000093a60000, 0x0000000100000000, 0x0000000100000000)
 Metaspace       used 65910K, capacity 70255K, committed 70488K, reserved 1110016K
  class space    used 8076K, capacity 9066K, committed 9120K, reserved 1048576K
Event: 41268.589 GC heap after
Heap after GC invocations=17808 (full 2):
 par new generation   total 153344K, used 7252K [0x0000000089400000, 0x0000000093a60000, 0x0000000093a60000)
  eden space 136320K,   0% used [0x0000000089400000, 0x0000000089400000, 0x0000000091920000)
  from space 17024K,  42% used [0x0000000091920000, 0x0000000092035350, 0x00000000929c0000)
  to   space 17024K,   0% used [0x00000000929c0000, 0x00000000929c0000, 0x0000000093a60000)
 concurrent mark-sweep generation total 1775232K, used 1368415K [0x0000000093a60000, 0x0000000100000000, 0x0000000100000000)
 Metaspace       used 65910K, capacity 70255K, committed 70488K, reserved 1110016K
  class space    used 8076K, capacity 9066K, committed 9120K, reserved 1048576K
}
Event: 41270.777 GC heap before
{Heap before GC invocations=17808 (full 2):
 par new generation   total 153344K, used 143572K [0x0000000089400000, 0x0000000093a60000, 0x0000000093a60000)
  eden space 136320K, 100% used [0x0000000089400000, 0x0000000091920000, 0x0000000091920000)
  from space 17024K,  42% used [0x0000000091920000, 0x0000000092035350, 0x00000000929c0000)
  to   space 17024K,   0% used [0x00000000929c0000, 0x00000000929c0000, 0x0000000093a60000)
 concurrent mark-sweep generation total 1775232K, used 1368415K [0x0000000093a60000, 0x0000000100000000, 0x0000000100000000)
 Metaspace       used 65910K, capacity 70255K, committed 70488K, reserved 1110016K
  class space    used 8076K, capacity 9066K, committed 9120K, reserved 1048576K
Event: 41270.791 GC heap after
Heap after GC invocations=17809 (full 2):
 par new generation   total 153344K, used 9525K [0x0000000089400000, 0x0000000093a60000, 0x0000000093a60000)
  eden space 136320K,   0% used [0x0000000089400000, 0x0000000089400000, 0x0000000091920000)
  from space 17024K,  55% used [0x00000000929c0000, 0x000000009330d4d8, 0x0000000093a60000)
  to   space 17024K,   0% used [0x0000000091920000, 0x0000000091920000, 0x00000000929c0000)
 concurrent mark-sweep generation total 1775232K, used 1368427K [0x0000000093a60000, 0x0000000100000000, 0x0000000100000000)
 Metaspace       used 65910K, capacity 70255K, committed 70488K, reserved 1110016K
  class space    used 8076K, capacity 9066K, committed 9120K, reserved 1048576K
}
Event: 41272.889 GC heap before
{Heap before GC invocations=17809 (full 2):
 par new generation   total 153344K, used 145841K [0x0000000089400000, 0x0000000093a60000, 0x0000000093a60000)
  eden space 136320K,  99% used [0x0000000089400000, 0x000000009191f258, 0x0000000091920000)
  from space 17024K,  55% used [0x00000000929c0000, 0x000000009330d4d8, 0x0000000093a60000)
  to   space 17024K,   0% used [0x0000000091920000, 0x0000000091920000, 0x00000000929c0000)
 concurrent mark-sweep generation total 1775232K, used 1368427K [0x0000000093a60000, 0x0000000100000000, 0x0000000100000000)
 Metaspace       used 65910K, capacity 70255K, committed 70488K, reserved 1110016K
  class space    used 8076K, capacity 9066K, committed 9120K, reserved 1048576K
Event: 41272.906 GC heap after
Heap after GC invocations=17810 (full 2):
 par new generation   total 153344K, used 17024K [0x0000000089400000, 0x0000000093a60000, 0x0000000093a60000)
  eden space 136320K,   0% used [0x0000000089400000, 0x0000000089400000, 0x0000000091920000)
  from space 17024K, 100% used [0x0000000091920000, 0x00000000929c0000, 0x00000000929c0000)
  to   space 17024K,   0% used [0x00000000929c0000, 0x00000000929c0000, 0x0000000093a60000)
 concurrent mark-sweep generation total 1775232K, used 1368488K [0x0000000093a60000, 0x0000000100000000, 0x0000000100000000)
 Metaspace       used 65910K, capacity 70255K, committed 70488K, reserved 1110016K
  class space    used 8076K, capacity 9066K, committed 9120K, reserved 1048576K
}
Event: 41275.025 GC heap before
{Heap before GC invocations=17810 (full 2):
 par new generation   total 153344K, used 153344K [0x0000000089400000, 0x0000000093a60000, 0x0000000093a60000)
  eden space 136320K, 100% used [0x0000000089400000, 0x0000000091920000, 0x0000000091920000)
  from space 17024K, 100% used [0x0000000091920000, 0x00000000929c0000, 0x00000000929c0000)
  to   space 17024K,   0% used [0x00000000929c0000, 0x00000000929c0000, 0x0000000093a60000)
 concurrent mark-sweep generation total 1775232K, used 1368488K [0x0000000093a60000, 0x0000000100000000, 0x0000000100000000)
 Metaspace       used 65910K, capacity 70255K, committed 70488K, reserved 1110016K
  class space    used 8076K, capacity 9066K, committed 9120K, reserved 1048576K
Event: 41275.049 GC heap after
Heap after GC invocations=17811 (full 2):
 par new generation   total 153344K, used 15651K [0x0000000089400000, 0x0000000093a60000, 0x0000000093a60000)
  eden space 136320K,   0% used [0x0000000089400000, 0x0000000089400000, 0x0000000091920000)
  from space 17024K,  91% used [0x00000000929c0000, 0x0000000093908f10, 0x0000000093a60000)
  to   space 17024K,   0% used [0x0000000091920000, 0x0000000091920000, 0x00000000929c0000)
 concurrent mark-sweep generation total 1775232K, used 1372522K [0x0000000093a60000, 0x0000000100000000, 0x0000000100000000)
 Metaspace       used 65910K, capacity 70255K, committed 70488K, reserved 1110016K
  class space    used 8076K, capacity 9066K, committed 9120K, reserved 1048576K
}
Event: 41277.430 GC heap before
{Heap before GC invocations=17811 (full 2):
 par new generation   total 153344K, used 151971K [0x0000000089400000, 0x0000000093a60000, 0x0000000093a60000)
  eden space 136320K, 100% used [0x0000000089400000, 0x0000000091920000, 0x0000000091920000)
  from space 17024K,  91% used [0x00000000929c0000, 0x0000000093908f10, 0x0000000093a60000)
  to   space 17024K,   0% used [0x0000000091920000, 0x0000000091920000, 0x00000000929c0000)
 concurrent mark-sweep generation total 1775232K, used 1372522K [0x0000000093a60000, 0x0000000100000000, 0x0000000100000000)
 Metaspace       used 65910K, capacity 70319K, committed 70488K, reserved 1110016K
  class space    used 8076K, capacity 9066K, committed 9120K, reserved 1048576K
Event: 41277.449 GC heap after
Heap after GC invocations=17812 (full 2):
 par new generation   total 153344K, used 15491K [0x0000000089400000, 0x0000000093a60000, 0x0000000093a60000)
  eden space 136320K,   0% used [0x0000000089400000, 0x0000000089400000, 0x0000000091920000)
  from space 17024K,  90% used [0x0000000091920000, 0x0000000092840e80, 0x00000000929c0000)
  to   space 17024K,   0% used [0x00000000929c0000, 0x00000000929c0000, 0x0000000093a60000)
 concurrent mark-sweep generation total 1775232K, used 1374632K [0x0000000093a60000, 0x0000000100000000, 0x0000000100000000)
 Metaspace       used 65910K, capacity 70319K, committed 70488K, reserved 1110016K
  class space    used 8076K, capacity 9066K, committed 9120K, reserved 1048576K
}
Event: 41280.032 GC heap before
{Heap before GC invocations=17812 (full 2):
 par new generation   total 153344K, used 151811K [0x0000000089400000, 0x0000000093a60000, 0x0000000093a60000)
  eden space 136320K, 100% used [0x0000000089400000, 0x0000000091920000, 0x0000000091920000)
  from space 17024K,  90% used [0x0000000091920000, 0x0000000092840e80, 0x00000000929c0000)
  to   space 17024K,   0% used [0x00000000929c0000, 0x00000000929c0000, 0x0000000093a60000)
 concurrent mark-sweep generation total 1775232K, used 1374632K [0x0000000093a60000, 0x0000000100000000, 0x0000000100000000)
 Metaspace       used 65910K, capacity 70319K, committed 70488K, reserved 1110016K
  class space    used 8076K, capacity 9066K, committed 9120K, reserved 1048576K
Event: 41280.050 GC heap after
Heap after GC invocations=17813 (full 2):
 par new generation   total 153344K, used 9009K [0x0000000089400000, 0x0000000093a60000, 0x0000000093a60000)
  eden space 136320K,   0% used [0x0000000089400000, 0x0000000089400000, 0x0000000091920000)
  from space 17024K,  52% used [0x00000000929c0000, 0x000000009328c460, 0x0000000093a60000)
  to   space 17024K,   0% used [0x0000000091920000, 0x0000000091920000, 0x00000000929c0000)
 concurrent mark-sweep generation total 1775232K, used 1378354K [0x0000000093a60000, 0x0000000100000000, 0x0000000100000000)
 Metaspace       used 65910K, capacity 70319K, committed 70488K, reserved 1110016K
  class space    used 8076K, capacity 9066K, committed 9120K, reserved 1048576K
}
Event: 41282.330 GC heap before
{Heap before GC invocations=17813 (full 2):
 par new generation   total 153344K, used 145329K [0x0000000089400000, 0x0000000093a60000, 0x0000000093a60000)
  eden space 136320K, 100% used [0x0000000089400000, 0x0000000091920000, 0x0000000091920000)
  from space 17024K,  52% used [0x00000000929c0000, 0x000000009328c460, 0x0000000093a60000)
  to   space 17024K,   0% used [0x0000000091920000, 0x0000000091920000, 0x00000000929c0000)
 concurrent mark-sweep generation total 1775232K, used 1378354K [0x0000000093a60000, 0x0000000100000000, 0x0000000100000000)
 Metaspace       used 65910K, capacity 70319K, committed 70488K, reserved 1110016K
  class space    used 8076K, capacity 9066K, committed 9120K, reserved 1048576K
Event: 41282.344 GC heap after
Heap after GC invocations=17814 (full 2):
 par new generation   total 153344K, used 8489K [0x0000000089400000, 0x0000000093a60000, 0x0000000093a60000)
  eden space 136320K,   0% used [0x0000000089400000, 0x0000000089400000, 0x0000000091920000)
  from space 17024K,  49% used [0x0000000091920000, 0x000000009216a5a8, 0x00000000929c0000)
  to   space 17024K,   0% used [0x00000000929c0000, 0x00000000929c0000, 0x0000000093a60000)
 concurrent mark-sweep generation total 1775232K, used 1378354K [0x0000000093a60000, 0x0000000100000000, 0x0000000100000000)
 Metaspace       used 65910K, capacity 70319K, committed 70488K, reserved 1110016K
  class space    used 8076K, capacity 9066K, committed 9120K, reserved 1048576K
}
Event: 41284.584 GC heap before
{Heap before GC invocations=17814 (full 2):
 par new generation   total 153344K, used 144809K [0x0000000089400000, 0x0000000093a60000, 0x0000000093a60000)
  eden space 136320K, 100% used [0x0000000089400000, 0x0000000091920000, 0x0000000091920000)
  from space 17024K,  49% used [0x0000000091920000, 0x000000009216a5a8, 0x00000000929c0000)
  to   space 17024K,   0% used [0x00000000929c0000, 0x00000000929c0000, 0x0000000093a60000)
 concurrent mark-sweep generation total 1775232K, used 1378354K [0x0000000093a60000, 0x0000000100000000, 0x0000000100000000)
 Metaspace       used 65910K, capacity 70319K, committed 70488K, reserved 1110016K
  class space    used 8076K, capacity 9066K, committed 9120K, reserved 1048576K
Event: 41284.599 GC heap after
Heap after GC invocations=17815 (full 2):
 par new generation   total 153344K, used 10588K [0x0000000089400000, 0x0000000093a60000, 0x0000000093a60000)
  eden space 136320K,   0% used [0x0000000089400000, 0x0000000089400000, 0x0000000091920000)
  from space 17024K,  62% used [0x00000000929c0000, 0x00000000934171b8, 0x0000000093a60000)
  to   space 17024K,   0% used [0x0000000091920000, 0x0000000091920000, 0x00000000929c0000)
 concurrent mark-sweep generation total 1775232K, used 1378354K [0x0000000093a60000, 0x0000000100000000, 0x0000000100000000)
 Metaspace       used 65910K, capacity 70319K, committed 70488K, reserved 1110016K
  class space    used 8076K, capacity 9066K, committed 9120K, reserved 1048576K
}
Event: 41287.184 GC heap before
{Heap before GC invocations=17815 (full 2):
 par new generation   total 153344K, used 146908K [0x0000000089400000, 0x0000000093a60000, 0x0000000093a60000)
  eden space 136320K, 100% used [0x0000000089400000, 0x0000000091920000, 0x0000000091920000)
  from space 17024K,  62% used [0x00000000929c0000, 0x00000000934171b8, 0x0000000093a60000)
  to   space 17024K,   0% used [0x0000000091920000, 0x0000000091920000, 0x00000000929c0000)
 concurrent mark-sweep generation total 1775232K, used 1378354K [0x0000000093a60000, 0x0000000100000000, 0x0000000100000000)
 Metaspace       used 65910K, capacity 70319K, committed 70488K, reserved 1110016K
  class space    used 8076K, capacity 9066K, committed 9120K, reserved 1048576K
Event: 41287.203 GC heap after
Heap after GC invocations=17816 (full 2):
 par new generation   total 153344K, used 12924K [0x0000000089400000, 0x0000000093a60000, 0x0000000093a60000)
  eden space 136320K,   0% used [0x0000000089400000, 0x0000000089400000, 0x0000000091920000)
  from space 17024K,  75% used [0x0000000091920000, 0x00000000925bf1f8, 0x00000000929c0000)
  to   space 17024K,   0% used [0x00000000929c0000, 0x00000000929c0000, 0x0000000093a60000)
 concurrent mark-sweep generation total 1775232K, used 1382056K [0x0000000093a60000, 0x0000000100000000, 0x0000000100000000)
 Metaspace       used 65910K, capacity 70319K, committed 70488K, reserved 1110016K
  class space    used 8076K, capacity 9066K, committed 9120K, reserved 1048576K
}
Event: 41289.634 GC heap before
{Heap before GC invocations=17816 (full 2):
 par new generation   total 153344K, used 149244K [0x0000000089400000, 0x0000000093a60000, 0x0000000093a60000)
  eden space 136320K, 100% used [0x0000000089400000, 0x0000000091920000, 0x0000000091920000)
  from space 17024K,  75% used [0x0000000091920000, 0x00000000925bf1f8, 0x00000000929c0000)
  to   space 17024K,   0% used [0x00000000929c0000, 0x00000000929c0000, 0x0000000093a60000)
 concurrent mark-sweep generation total 1775232K, used 1382056K [0x0000000093a60000, 0x0000000100000000, 0x0000000100000000)
 Metaspace       used 65910K, capacity 70319K, committed 70488K, reserved 1110016K
  class space    used 8076K, capacity 9066K, committed 9120K, reserved 1048576K
Event: 41289.647 GC heap after
Heap after GC invocations=17817 (full 2):
 par new generation   total 153344K, used 6365K [0x0000000089400000, 0x0000000093a60000, 0x0000000093a60000)
  eden space 136320K,   0% used [0x0000000089400000, 0x0000000089400000, 0x0000000091920000)
  from space 17024K,  37% used [0x00000000929c0000, 0x0000000092ff7440, 0x0000000093a60000)
  to   space 17024K,   0% used [0x0000000091920000, 0x0000000091920000, 0x00000000929c0000)
 concurrent mark-sweep generation total 1775232K, used 1382056K [0x0000000093a60000, 0x0000000100000000, 0x0000000100000000)
 Metaspace       used 65910K, capacity 70319K, committed 70488K, reserved 1110016K
  class space    used 8076K, capacity 9066K, committed 9120K, reserved 1048576K
}
Event: 41292.237 GC heap before
{Heap before GC invocations=17817 (full 2):
 par new generation   total 153344K, used 142685K [0x0000000089400000, 0x0000000093a60000, 0x0000000093a60000)
  eden space 136320K, 100% used [0x0000000089400000, 0x0000000091920000, 0x0000000091920000)
  from space 17024K,  37% used [0x00000000929c0000, 0x0000000092ff7440, 0x0000000093a60000)
  to   space 17024K,   0% used [0x0000000091920000, 0x0000000091920000, 0x00000000929c0000)
 concurrent mark-sweep generation total 1775232K, used 1382056K [0x0000000093a60000, 0x0000000100000000, 0x0000000100000000)
 Metaspace       used 65910K, capacity 70319K, committed 70488K, reserved 1110016K
  class space    used 8076K, capacity 9066K, committed 9120K, reserved 1048576K
Event: 41292.250 GC heap after
Heap after GC invocations=17818 (full 2):
 par new generation   total 153344K, used 7805K [0x0000000089400000, 0x0000000093a60000, 0x0000000093a60000)
  eden space 136320K,   0% used [0x0000000089400000, 0x0000000089400000, 0x0000000091920000)
  from space 17024K,  45% used [0x0000000091920000, 0x00000000920bf680, 0x00000000929c0000)
  to   space 17024K,   0% used [0x00000000929c0000, 0x00000000929c0000, 0x0000000093a60000)
 concurrent mark-sweep generation total 1775232K, used 1383123K [0x0000000093a60000, 0x0000000100000000, 0x0000000100000000)
 Metaspace       used 65910K, capacity 70319K, committed 70488K, reserved 1110016K
  class space    used 8076K, capacity 9066K, committed 9120K, reserved 1048576K
}
Event: 41295.991 GC heap before
{Heap before GC invocations=17818 (full 2):
 par new generation   total 153344K, used 144125K [0x0000000089400000, 0x0000000093a60000, 0x0000000093a60000)
  eden space 136320K, 100% used [0x0000000089400000, 0x0000000091920000, 0x0000000091920000)
  from space 17024K,  45% used [0x0000000091920000, 0x00000000920bf680, 0x00000000929c0000)
  to   space 17024K,   0% used [0x00000000929c0000, 0x00000000929c0000, 0x0000000093a60000)
 concurrent mark-sweep generation total 1775232K, used 1383123K [0x0000000093a60000, 0x0000000100000000, 0x0000000100000000)
 Metaspace       used 65910K, capacity 70319K, committed 70488K, reserved 1110016K
  class space    used 8076K, capacity 9066K, committed 9120K, reserved 1048576K
Event: 41296.003 GC heap after
Heap after GC invocations=17819 (full 2):
 par new generation   total 153344K, used 7479K [0x0000000089400000, 0x0000000093a60000, 0x0000000093a60000)
  eden space 136320K,   0% used [0x0000000089400000, 0x0000000089400000, 0x0000000091920000)
  from space 17024K,  43% used [0x00000000929c0000, 0x000000009310dfd8, 0x0000000093a60000)
  to   space 17024K,   0% used [0x0000000091920000, 0x0000000091920000, 0x00000000929c0000)
 concurrent mark-sweep generation total 1775232K, used 1383189K [0x0000000093a60000, 0x0000000100000000, 0x0000000100000000)
 Metaspace       used 65910K, capacity 70319K, committed 70488K, reserved 1110016K
  class space    used 8076K, capacity 9066K, committed 9120K, reserved 1048576K
}
Event: 41299.994 GC heap before
{Heap before GC invocations=17819 (full 2):
 par new generation   total 153344K, used 143799K [0x0000000089400000, 0x0000000093a60000, 0x0000000093a60000)
  eden space 136320K, 100% used [0x0000000089400000, 0x0000000091920000, 0x0000000091920000)
  from space 17024K,  43% used [0x00000000929c0000, 0x000000009310dfd8, 0x0000000093a60000)
  to   space 17024K,   0% used [0x0000000091920000, 0x0000000091920000, 0x00000000929c0000)
 concurrent mark-sweep generation total 1775232K, used 1383189K [0x0000000093a60000, 0x0000000100000000, 0x0000000100000000)
 Metaspace       used 65910K, capacity 70319K, committed 70488K, reserved 1110016K
  class space    used 8076K, capacity 9066K, committed 9120K, reserved 1048576K
Event: 41300.007 GC heap after
Heap after GC invocations=17820 (full 2):
 par new generation   total 153344K, used 7044K [0x0000000089400000, 0x0000000093a60000, 0x0000000093a60000)
  eden space 136320K,   0% used [0x0000000089400000, 0x0000000089400000, 0x0000000091920000)
  from space 17024K,  41% used [0x0000000091920000, 0x00000000920012b8, 0x00000000929c0000)
  to   space 17024K,   0% used [0x00000000929c0000, 0x00000000929c0000, 0x0000000093a60000)
 concurrent mark-sweep generation total 1775232K, used 1385150K [0x0000000093a60000, 0x0000000100000000, 0x0000000100000000)
 Metaspace       used 65910K, capacity 70319K, committed 70488K, reserved 1110016K
  class space    used 8076K, capacity 9066K, committed 9120K, reserved 1048576K
}
Event: 41304.197 GC heap before
{Heap before GC invocations=17820 (full 2):
 par new generation   total 153344K, used 143364K [0x0000000089400000, 0x0000000093a60000, 0x0000000093a60000)
  eden space 136320K, 100% used [0x0000000089400000, 0x0000000091920000, 0x0000000091920000)
  from space 17024K,  41% used [0x0000000091920000, 0x00000000920012b8, 0x00000000929c0000)
  to   space 17024K,   0% used [0x00000000929c0000, 0x00000000929c0000, 0x0000000093a60000)
 concurrent mark-sweep generation total 1775232K, used 1385150K [0x0000000093a60000, 0x0000000100000000, 0x0000000100000000)
 Metaspace       used 65910K, capacity 70319K, committed 70488K, reserved 1110016K
  class space    used 8076K, capacity 9066K, committed 9120K, reserved 1048576K
Event: 41304.208 GC heap after
Heap after GC invocations=17821 (full 2):
 par new generation   total 153344K, used 3665K [0x0000000089400000, 0x0000000093a60000, 0x0000000093a60000)
  eden space 136320K,   0% used [0x0000000089400000, 0x0000000089400000, 0x0000000091920000)
  from space 17024K,  21% used [0x00000000929c0000, 0x0000000092d54470, 0x0000000093a60000)
  to   space 17024K,   0% used [0x0000000091920000, 0x0000000091920000, 0x00000000929c0000)
 concurrent mark-sweep generation total 1775232K, used 1386103K [0x0000000093a60000, 0x0000000100000000, 0x0000000100000000)
 Metaspace       used 65910K, capacity 70319K, committed 70488K, reserved 1110016K
  class space    used 8076K, capacity 9066K, committed 9120K, reserved 1048576K
}
Event: 41308.104 GC heap before
{Heap before GC invocations=17821 (full 2):
 par new generation   total 153344K, used 139985K [0x0000000089400000, 0x0000000093a60000, 0x0000000093a60000)
  eden space 136320K, 100% used [0x0000000089400000, 0x0000000091920000, 0x0000000091920000)
  from space 17024K,  21% used [0x00000000929c0000, 0x0000000092d54470, 0x0000000093a60000)
  to   space 17024K,   0% used [0x0000000091920000, 0x0000000091920000, 0x00000000929c0000)
 concurrent mark-sweep generation total 1775232K, used 1386103K [0x0000000093a60000, 0x0000000100000000, 0x0000000100000000)
 Metaspace       used 65910K, capacity 70319K, committed 70488K, reserved 1110016K
  class space    used 8076K, capacity 9066K, committed 9120K, reserved 1048576K
Event: 41308.115 GC heap after
Heap after GC invocations=17822 (full 2):
 par new generation   total 153344K, used 4908K [0x0000000089400000, 0x0000000093a60000, 0x0000000093a60000)
  eden space 136320K,   0% used [0x0000000089400000, 0x0000000089400000, 0x0000000091920000)
  from space 17024K,  28% used [0x0000000091920000, 0x0000000091deb2d0, 0x00000000929c0000)
  to   space 17024K,   0% used [0x00000000929c0000, 0x00000000929c0000, 0x0000000093a60000)
 concurrent mark-sweep generation total 1775232K, used 1386230K [0x0000000093a60000, 0x0000000100000000, 0x0000000100000000)
 Metaspace       used 65910K, capacity 70319K, committed 70488K, reserved 1110016K
  class space    used 8076K, capacity 9066K, committed 9120K, reserved 1048576K
}
Event: 41312.162 GC heap before
{Heap before GC invocations=17822 (full 2):
 par new generation   total 153344K, used 141228K [0x0000000089400000, 0x0000000093a60000, 0x0000000093a60000)
  eden space 136320K, 100% used [0x0000000089400000, 0x0000000091920000, 0x0000000091920000)
  from space 17024K,  28% used [0x0000000091920000, 0x0000000091deb2d0, 0x00000000929c0000)
  to   space 17024K,   0% used [0x00000000929c0000, 0x00000000929c0000, 0x0000000093a60000)
 concurrent mark-sweep generation total 1775232K, used 1386230K [0x0000000093a60000, 0x0000000100000000, 0x0000000100000000)
 Metaspace       used 65911K, capacity 70319K, committed 70488K, reserved 1110016K
  class space    used 8076K, capacity 9066K, committed 9120K, reserved 1048576K
Event: 41312.174 GC heap after
Heap after GC invocations=17823 (full 2):
 par new generation   total 153344K, used 4894K [0x0000000089400000, 0x0000000093a60000, 0x0000000093a60000)
  eden space 136320K,   0% used [0x0000000089400000, 0x0000000089400000, 0x0000000091920000)
  from space 17024K,  28% used [0x00000000929c0000, 0x0000000092e87970, 0x0000000093a60000)
  to   space 17024K,   0% used [0x0000000091920000, 0x0000000091920000, 0x00000000929c0000)
 concurrent mark-sweep generation total 1775232K, used 1387244K [0x0000000093a60000, 0x0000000100000000, 0x0000000100000000)
 Metaspace       used 65911K, capacity 70319K, committed 70488K, reserved 1110016K
  class space    used 8076K, capacity 9066K, committed 9120K, reserved 1048576K
}
Event: 41315.358 GC heap before
{Heap before GC invocations=17823 (full 2):
 par new generation   total 153344K, used 141214K [0x0000000089400000, 0x0000000093a60000, 0x0000000093a60000)
  eden space 136320K, 100% used [0x0000000089400000, 0x0000000091920000, 0x0000000091920000)
  from space 17024K,  28% used [0x00000000929c0000, 0x0000000092e87970, 0x0000000093a60000)
  to   space 17024K,   0% used [0x0000000091920000, 0x0000000091920000, 0x00000000929c0000)
 concurrent mark-sweep generation total 1775232K, used 1387244K [0x0000000093a60000, 0x0000000100000000, 0x0000000100000000)
 Metaspace       used 65911K, capacity 70319K, committed 70488K, reserved 1110016K
  class space    used 8076K, capacity 9066K, committed 9120K, reserved 1048576K
Event: 41315.370 GC heap after
Heap after GC invocations=17824 (full 2):
 par new generation   total 153344K, used 4628K [0x0000000089400000, 0x0000000093a60000, 0x0000000093a60000)
  eden space 136320K,   0% used [0x0000000089400000, 0x0000000089400000, 0x0000000091920000)
  from space 17024K,  27% used [0x0000000091920000, 0x0000000091da5298, 0x00000000929c0000)
  to   space 17024K,   0% used [0x00000000929c0000, 0x00000000929c0000, 0x0000000093a60000)
 concurrent mark-sweep generation total 1775232K, used 1387257K [0x0000000093a60000, 0x0000000100000000, 0x0000000100000000)
 Metaspace       used 65911K, capacity 70319K, committed 70488K, reserved 1110016K
  class space    used 8076K, capacity 9066K, committed 9120K, reserved 1048576K
}
Event: 41317.861 GC heap before
{Heap before GC invocations=17824 (full 2):
 par new generation   total 153344K, used 140948K [0x0000000089400000, 0x0000000093a60000, 0x0000000093a60000)
  eden space 136320K, 100% used [0x0000000089400000, 0x0000000091920000, 0x0000000091920000)
  from space 17024K,  27% used [0x0000000091920000, 0x0000000091da5298, 0x00000000929c0000)
  to   space 17024K,   0% used [0x00000000929c0000, 0x00000000929c0000, 0x0000000093a60000)
 concurrent mark-sweep generation total 1775232K, used 1387257K [0x0000000093a60000, 0x0000000100000000, 0x0000000100000000)
 Metaspace       used 65911K, capacity 70319K, committed 70488K, reserved 1110016K
  class space    used 8076K, capacity 9066K, committed 9120K, reserved 1048576K
Event: 41317.873 GC heap after
Heap after GC invocations=17825 (full 2):
 par new generation   total 153344K, used 7441K [0x0000000089400000, 0x0000000093a60000, 0x0000000093a60000)
  eden space 136320K,   0% used [0x0000000089400000, 0x0000000089400000, 0x0000000091920000)
  from space 17024K,  43% used [0x00000000929c0000, 0x0000000093104788, 0x0000000093a60000)
  to   space 17024K,   0% used [0x0000000091920000, 0x0000000091920000, 0x00000000929c0000)
 concurrent mark-sweep generation total 1775232K, used 1387361K [0x0000000093a60000, 0x0000000100000000, 0x0000000100000000)
 Metaspace       used 65911K, capacity 70319K, committed 70488K, reserved 1110016K
  class space    used 8076K, capacity 9066K, committed 9120K, reserved 1048576K
}
Event: 41320.516 GC heap before
{Heap before GC invocations=17825 (full 2):
 par new generation   total 153344K, used 143787K [0x0000000089400000, 0x0000000093a60000, 0x0000000093a60000)
  eden space 136320K, 100% used [0x0000000089400000, 0x0000000091920000, 0x0000000091920000)
  from space 17024K,  43% used [0x00000000929c0000, 0x000000009310adf8, 0x0000000093a60000)
  to   space 17024K,   0% used [0x0000000091920000, 0x0000000091920000, 0x00000000929c0000)
 concurrent mark-sweep generation total 1775232K, used 1387361K [0x0000000093a60000, 0x0000000100000000, 0x0000000100000000)
 Metaspace       used 65911K, capacity 70319K, committed 70488K, reserved 1110016K
  class space    used 8076K, capacity 9066K, committed 9120K, reserved 1048576K
Event: 41320.529 GC heap after
Heap after GC invocations=17826 (full 2):
 par new generation   total 153344K, used 7295K [0x0000000089400000, 0x0000000093a60000, 0x0000000093a60000)
  eden space 136320K,   0% used [0x0000000089400000, 0x0000000089400000, 0x0000000091920000)
  from space 17024K,  42% used [0x0000000091920000, 0x000000009203fc28, 0x00000000929c0000)
  to   space 17024K,   0% used [0x00000000929c0000, 0x00000000929c0000, 0x0000000093a60000)
 concurrent mark-sweep generation total 1775232K, used 1387438K [0x0000000093a60000, 0x0000000100000000, 0x0000000100000000)
 Metaspace       used 65911K, capacity 70319K, committed 70488K, reserved 1110016K
  class space    used 8076K, capacity 9066K, committed 9120K, reserved 1048576K
}
Event: 41323.114 GC heap before
{Heap before GC invocations=17826 (full 2):
 par new generation   total 153344K, used 143615K [0x0000000089400000, 0x0000000093a60000, 0x0000000093a60000)
  eden space 136320K, 100% used [0x0000000089400000, 0x0000000091920000, 0x0000000091920000)
  from space 17024K,  42% used [0x0000000091920000, 0x000000009203fc28, 0x00000000929c0000)
  to   space 17024K,   0% used [0x00000000929c0000, 0x00000000929c0000, 0x0000000093a60000)
 concurrent mark-sweep generation total 1775232K, used 1387438K [0x0000000093a60000, 0x0000000100000000, 0x0000000100000000)
 Metaspace       used 65911K, capacity 70319K, committed 70488K, reserved 1110016K
  class space    used 8076K, capacity 9066K, committed 9120K, reserved 1048576K
Event: 41323.126 GC heap after
Heap after GC invocations=17827 (full 2):
 par new generation   total 153344K, used 7898K [0x0000000089400000, 0x0000000093a60000, 0x0000000093a60000)
  eden space 136320K,   0% used [0x0000000089400000, 0x0000000089400000, 0x0000000091920000)
  from space 17024K,  46% used [0x00000000929c0000, 0x0000000093176b88, 0x0000000093a60000)
  to   space 17024K,   0% used [0x0000000091920000, 0x0000000091920000, 0x00000000929c0000)
 concurrent mark-sweep generation total 1775232K, used 1387451K [0x0000000093a60000, 0x0000000100000000, 0x0000000100000000)
 Metaspace       used 65911K, capacity 70319K, committed 70488K, reserved 1110016K
  class space    used 8076K, capacity 9066K, committed 9120K, reserved 1048576K
}
Event: 41325.665 GC heap before
{Heap before GC invocations=17827 (full 2):
 par new generation   total 153344K, used 144218K [0x0000000089400000, 0x0000000093a60000, 0x0000000093a60000)
  eden space 136320K, 100% used [0x0000000089400000, 0x0000000091920000, 0x0000000091920000)
  from space 17024K,  46% used [0x00000000929c0000, 0x0000000093176b88, 0x0000000093a60000)
  to   space 17024K,   0% used [0x0000000091920000, 0x0000000091920000, 0x00000000929c0000)
 concurrent mark-sweep generation total 1775232K, used 1387451K [0x0000000093a60000, 0x0000000100000000, 0x0000000100000000)
 Metaspace       used 65911K, capacity 70319K, committed 70488K, reserved 1110016K
  class space    used 8076K, capacity 9066K, committed 9120K, reserved 1048576K
Event: 41325.677 GC heap after
Heap after GC invocations=17828 (full 2):
 par new generation   total 153344K, used 7735K [0x0000000089400000, 0x0000000093a60000, 0x0000000093a60000)
  eden space 136320K,   0% used [0x0000000089400000, 0x0000000089400000, 0x0000000091920000)
  from space 17024K,  45% used [0x0000000091920000, 0x00000000920ade90, 0x00000000929c0000)
  to   space 17024K,   0% used [0x00000000929c0000, 0x00000000929c0000, 0x0000000093a60000)
 concurrent mark-sweep generation total 1775232K, used 1387510K [0x0000000093a60000, 0x0000000100000000, 0x0000000100000000)
 Metaspace       used 65911K, capacity 70319K, committed 70488K, reserved 1110016K
  class space    used 8076K, capacity 9066K, committed 9120K, reserved 1048576K
}
Event: 41328.387 GC heap before
{Heap before GC invocations=17828 (full 2):
 par new generation   total 153344K, used 144055K [0x0000000089400000, 0x0000000093a60000, 0x0000000093a60000)
  eden space 136320K, 100% used [0x0000000089400000, 0x0000000091920000, 0x0000000091920000)
  from space 17024K,  45% used [0x0000000091920000, 0x00000000920ade90, 0x00000000929c0000)
  to   space 17024K,   0% used [0x00000000929c0000, 0x00000000929c0000, 0x0000000093a60000)
 concurrent mark-sweep generation total 1775232K, used 1387510K [0x0000000093a60000, 0x0000000100000000, 0x0000000100000000)
 Metaspace       used 65911K, capacity 70319K, committed 70488K, reserved 1110016K
  class space    used 8076K, capacity 9066K, committed 9120K, reserved 1048576K
Event: 41328.400 GC heap after
Heap after GC invocations=17829 (full 2):
 par new generation   total 153344K, used 7651K [0x0000000089400000, 0x0000000093a60000, 0x0000000093a60000)
  eden space 136320K,   0% used [0x0000000089400000, 0x0000000089400000, 0x0000000091920000)
  from space 17024K,  44% used [0x00000000929c0000, 0x0000000093138d70, 0x0000000093a60000)
  to   space 17024K,   0% used [0x0000000091920000, 0x0000000091920000, 0x00000000929c0000)
 concurrent mark-sweep generation total 1775232K, used 1387944K [0x0000000093a60000, 0x0000000100000000, 0x0000000100000000)
 Metaspace       used 65911K, capacity 70319K, committed 70488K, reserved 1110016K
  class space    used 8076K, capacity 9066K, committed 9120K, reserved 1048576K
}
Event: 41331.880 GC heap before
{Heap before GC invocations=17829 (full 2):
 par new generation   total 153344K, used 143971K [0x0000000089400000, 0x0000000093a60000, 0x0000000093a60000)
  eden space 136320K, 100% used [0x0000000089400000, 0x0000000091920000, 0x0000000091920000)
  from space 17024K,  44% used [0x00000000929c0000, 0x0000000093138d70, 0x0000000093a60000)
  to   space 17024K,   0% used [0x0000000091920000, 0x0000000091920000, 0x00000000929c0000)
 concurrent mark-sweep generation total 1775232K, used 1387944K [0x0000000093a60000, 0x0000000100000000, 0x0000000100000000)
 Metaspace       used 65911K, capacity 70319K, committed 70488K, reserved 1110016K
  class space    used 8076K, capacity 9066K, committed 9120K, reserved 1048576K
Event: 41331.892 GC heap after
Heap after GC invocations=17830 (full 2):
 par new generation   total 153344K, used 7166K [0x0000000089400000, 0x0000000093a60000, 0x0000000093a60000)
  eden space 136320K,   0% used [0x0000000089400000, 0x0000000089400000, 0x0000000091920000)
  from space 17024K,  42% used [0x0000000091920000, 0x000000009201f828, 0x00000000929c0000)
  to   space 17024K,   0% used [0x00000000929c0000, 0x00000000929c0000, 0x0000000093a60000)
 concurrent mark-sweep generation total 1775232K, used 1388669K [0x0000000093a60000, 0x0000000100000000, 0x0000000100000000)
 Metaspace       used 65911K, capacity 70319K, committed 70488K, reserved 1110016K
  class space    used 8076K, capacity 9066K, committed 9120K, reserved 1048576K
}
Event: 41335.676 GC heap before
{Heap before GC invocations=17830 (full 2):
 par new generation   total 153344K, used 143486K [0x0000000089400000, 0x0000000093a60000, 0x0000000093a60000)
  eden space 136320K, 100% used [0x0000000089400000, 0x0000000091920000, 0x0000000091920000)
  from space 17024K,  42% used [0x0000000091920000, 0x000000009201f828, 0x00000000929c0000)
  to   space 17024K,   0% used [0x00000000929c0000, 0x00000000929c0000, 0x0000000093a60000)
 concurrent mark-sweep generation total 1775232K, used 1388669K [0x0000000093a60000, 0x0000000100000000, 0x0000000100000000)
 Metaspace       used 65912K, capacity 70319K, committed 70488K, reserved 1110016K
  class space    used 8076K, capacity 9066K, committed 9120K, reserved 1048576K
Event: 41335.688 GC heap after
Heap after GC invocations=17831 (full 2):
 par new generation   total 153344K, used 6333K [0x0000000089400000, 0x0000000093a60000, 0x0000000093a60000)
  eden space 136320K,   0% used [0x0000000089400000, 0x0000000089400000, 0x0000000091920000)
  from space 17024K,  37% used [0x00000000929c0000, 0x0000000092fef4d0, 0x0000000093a60000)
  to   space 17024K,   0% used [0x0000000091920000, 0x0000000091920000, 0x00000000929c0000)
 concurrent mark-sweep generation total 1775232K, used 1389064K [0x0000000093a60000, 0x0000000100000000, 0x0000000100000000)
 Metaspace       used 65912K, capacity 70319K, committed 70488K, reserved 1110016K
  class space    used 8076K, capacity 9066K, committed 9120K, reserved 1048576K
}
Event: 41339.741 GC heap before
{Heap before GC invocations=17831 (full 2):
 par new generation   total 153344K, used 142653K [0x0000000089400000, 0x0000000093a60000, 0x0000000093a60000)
  eden space 136320K, 100% used [0x0000000089400000, 0x0000000091920000, 0x0000000091920000)
  from space 17024K,  37% used [0x00000000929c0000, 0x0000000092fef4d0, 0x0000000093a60000)
  to   space 17024K,   0% used [0x0000000091920000, 0x0000000091920000, 0x00000000929c0000)
 concurrent mark-sweep generation total 1775232K, used 1389064K [0x0000000093a60000, 0x0000000100000000, 0x0000000100000000)
 Metaspace       used 65914K, capacity 70319K, committed 70488K, reserved 1110016K
  class space    used 8076K, capacity 9066K, committed 9120K, reserved 1048576K
Event: 41339.753 GC heap after
Heap after GC invocations=17832 (full 2):
 par new generation   total 153344K, used 5362K [0x0000000089400000, 0x0000000093a60000, 0x0000000093a60000)
  eden space 136320K,   0% used [0x0000000089400000, 0x0000000089400000, 0x0000000091920000)
  from space 17024K,  31% used [0x0000000091920000, 0x0000000091e5cb08, 0x00000000929c0000)
  to   space 17024K,   0% used [0x00000000929c0000, 0x00000000929c0000, 0x0000000093a60000)
 concurrent mark-sweep generation total 1775232K, used 1389260K [0x0000000093a60000, 0x0000000100000000, 0x0000000100000000)
 Metaspace       used 65914K, capacity 70319K, committed 70488K, reserved 1110016K
  class space    used 8076K, capacity 9066K, committed 9120K, reserved 1048576K
}
Event: 41343.285 GC heap before
{Heap before GC invocations=17832 (full 2):
 par new generation   total 153344K, used 141667K [0x0000000089400000, 0x0000000093a60000, 0x0000000093a60000)
  eden space 136320K,  99% used [0x0000000089400000, 0x000000009191c350, 0x0000000091920000)
  from space 17024K,  31% used [0x0000000091920000, 0x0000000091e5cb08, 0x00000000929c0000)
  to   space 17024K,   0% used [0x00000000929c0000, 0x00000000929c0000, 0x0000000093a60000)
 concurrent mark-sweep generation total 1775232K, used 1389260K [0x0000000093a60000, 0x0000000100000000, 0x0000000100000000)
 Metaspace       used 65914K, capacity 70319K, committed 70488K, reserved 1110016K
  class space    used 8076K, capacity 9066K, committed 9120K, reserved 1048576K
Event: 41343.302 GC heap after
Heap after GC invocations=17833 (full 2):
 par new generation   total 153344K, used 5719K [0x0000000089400000, 0x0000000093a60000, 0x0000000093a60000)
  eden space 136320K,   0% used [0x0000000089400000, 0x0000000089400000, 0x0000000091920000)
  from space 17024K,  33% used [0x00000000929c0000, 0x0000000092f55c40, 0x0000000093a60000)
  to   space 17024K,   0% used [0x0000000091920000, 0x0000000091920000, 0x00000000929c0000)
 concurrent mark-sweep generation total 1775232K, used 1389902K [0x0000000093a60000, 0x0000000100000000, 0x0000000100000000)
 Metaspace       used 65914K, capacity 70319K, committed 70488K, reserved 1110016K
  class space    used 8076K, capacity 9066K, committed 9120K, reserved 1048576K
}
Event: 41347.536 GC heap before
{Heap before GC invocations=17833 (full 2):
 par new generation   total 153344K, used 142039K [0x0000000089400000, 0x0000000093a60000, 0x0000000093a60000)
  eden space 136320K, 100% used [0x0000000089400000, 0x0000000091920000, 0x0000000091920000)
  from space 17024K,  33% used [0x00000000929c0000, 0x0000000092f55c40, 0x0000000093a60000)
  to   space 17024K,   0% used [0x0000000091920000, 0x0000000091920000, 0x00000000929c0000)
 concurrent mark-sweep generation total 1775232K, used 1389902K [0x0000000093a60000, 0x0000000100000000, 0x0000000100000000)
 Metaspace       used 65914K, capacity 70319K, committed 70488K, reserved 1110016K
  class space    used 8076K, capacity 9066K, committed 9120K, reserved 1048576K
Event: 41347.548 GC heap after
Heap after GC invocations=17834 (full 2):
 par new generation   total 153344K, used 7174K [0x0000000089400000, 0x0000000093a60000, 0x0000000093a60000)
  eden space 136320K,   0% used [0x0000000089400000, 0x0000000089400000, 0x0000000091920000)
  from space 17024K,  42% used [0x0000000091920000, 0x0000000092021b30, 0x00000000929c0000)
  to   space 17024K,   0% used [0x00000000929c0000, 0x00000000929c0000, 0x0000000093a60000)
 concurrent mark-sweep generation total 1775232K, used 1389926K [0x0000000093a60000, 0x0000000100000000, 0x0000000100000000)
 Metaspace       used 65914K, capacity 70319K, committed 70488K, reserved 1110016K
  class space    used 8076K, capacity 9066K, committed 9120K, reserved 1048576K
}
Event: 41351.814 GC heap before
{Heap before GC invocations=17834 (full 2):
 par new generation   total 153344K, used 143494K [0x0000000089400000, 0x0000000093a60000, 0x0000000093a60000)
  eden space 136320K, 100% used [0x0000000089400000, 0x0000000091920000, 0x0000000091920000)
  from space 17024K,  42% used [0x0000000091920000, 0x0000000092021b30, 0x00000000929c0000)
  to   space 17024K,   0% used [0x00000000929c0000, 0x00000000929c0000, 0x0000000093a60000)
 concurrent mark-sweep generation total 1775232K, used 1389926K [0x0000000093a60000, 0x0000000100000000, 0x0000000100000000)
 Metaspace       used 65914K, capacity 70319K, committed 70488K, reserved 1110016K
  class space    used 8076K, capacity 9066K, committed 9120K, reserved 1048576K
Event: 41351.825 GC heap after
Heap after GC invocations=17835 (full 2):
 par new generation   total 153344K, used 7517K [0x0000000089400000, 0x0000000093a60000, 0x0000000093a60000)
  eden space 136320K,   0% used [0x0000000089400000, 0x0000000089400000, 0x0000000091920000)
  from space 17024K,  44% used [0x00000000929c0000, 0x0000000093117680, 0x0000000093a60000)
  to   space 17024K,   0% used [0x0000000091920000, 0x0000000091920000, 0x00000000929c0000)
 concurrent mark-sweep generation total 1775232K, used 1389926K [0x0000000093a60000, 0x0000000100000000, 0x0000000100000000)
 Metaspace       used 65914K, capacity 70319K, committed 70488K, reserved 1110016K
  class space    used 8076K, capacity 9066K, committed 9120K, reserved 1048576K
}
Event: 41356.117 GC heap before
{Heap before GC invocations=17835 (full 2):
 par new generation   total 153344K, used 143837K [0x0000000089400000, 0x0000000093a60000, 0x0000000093a60000)
  eden space 136320K, 100% used [0x0000000089400000, 0x0000000091920000, 0x0000000091920000)
  from space 17024K,  44% used [0x00000000929c0000, 0x0000000093117680, 0x0000000093a60000)
  to   space 17024K,   0% used [0x0000000091920000, 0x0000000091920000, 0x00000000929c0000)
 concurrent mark-sweep generation total 1775232K, used 1389926K [0x0000000093a60000, 0x0000000100000000, 0x0000000100000000)
 Metaspace       used 65914K, capacity 70319K, committed 70488K, reserved 1110016K
  class space    used 8076K, capacity 9066K, committed 9120K, reserved 1048576K
Event: 41356.131 GC heap after
Heap after GC invocations=17836 (full 2):
 par new generation   total 153344K, used 7633K [0x0000000089400000, 0x0000000093a60000, 0x0000000093a60000)
  eden space 136320K,   0% used [0x0000000089400000, 0x0000000089400000, 0x0000000091920000)
  from space 17024K,  44% used [0x0000000091920000, 0x0000000092094540, 0x00000000929c0000)
  to   space 17024K,   0% used [0x00000000929c0000, 0x00000000929c0000, 0x0000000093a60000)
 concurrent mark-sweep generation total 1775232K, used 1390940K [0x0000000093a60000, 0x0000000100000000, 0x0000000100000000)
 Metaspace       used 65914K, capacity 70319K, committed 70488K, reserved 1110016K
  class space    used 8076K, capacity 9066K, committed 9120K, reserved 1048576K
}
Event: 41360.318 GC heap before
{Heap before GC invocations=17836 (full 2):
 par new generation   total 153344K, used 143953K [0x0000000089400000, 0x0000000093a60000, 0x0000000093a60000)
  eden space 136320K, 100% used [0x0000000089400000, 0x0000000091920000, 0x0000000091920000)
  from space 17024K,  44% used [0x0000000091920000, 0x0000000092094540, 0x00000000929c0000)
  to   space 17024K,   0% used [0x00000000929c0000, 0x00000000929c0000, 0x0000000093a60000)
 concurrent mark-sweep generation total 1775232K, used 1390940K [0x0000000093a60000, 0x0000000100000000, 0x0000000100000000)
 Metaspace       used 65914K, capacity 70319K, committed 70488K, reserved 1110016K
  class space    used 8076K, capacity 9066K, committed 9120K, reserved 1048576K
Event: 41360.331 GC heap after
Heap after GC invocations=17837 (full 2):
 par new generation   total 153344K, used 4395K [0x0000000089400000, 0x0000000093a60000, 0x0000000093a60000)
  eden space 136320K,   0% used [0x0000000089400000, 0x0000000089400000, 0x0000000091920000)
  from space 17024K,  25% used [0x00000000929c0000, 0x0000000092e0aea0, 0x0000000093a60000)
  to   space 17024K,   0% used [0x0000000091920000, 0x0000000091920000, 0x00000000929c0000)
 concurrent mark-sweep generation total 1775232K, used 1391792K [0x0000000093a60000, 0x0000000100000000, 0x0000000100000000)
 Metaspace       used 65914K, capacity 70319K, committed 70488K, reserved 1110016K
  class space    used 8076K, capacity 9066K, committed 9120K, reserved 1048576K
}
Event: 41364.925 GC heap before
{Heap before GC invocations=17837 (full 2):
 par new generation   total 153344K, used 140715K [0x0000000089400000, 0x0000000093a60000, 0x0000000093a60000)
  eden space 136320K, 100% used [0x0000000089400000, 0x0000000091920000, 0x0000000091920000)
  from space 17024K,  25% used [0x00000000929c0000, 0x0000000092e0aea0, 0x0000000093a60000)
  to   space 17024K,   0% used [0x0000000091920000, 0x0000000091920000, 0x00000000929c0000)
 concurrent mark-sweep generation total 1775232K, used 1391792K [0x0000000093a60000, 0x0000000100000000, 0x0000000100000000)
 Metaspace       used 65914K, capacity 70319K, committed 70488K, reserved 1110016K
  class space    used 8076K, capacity 9066K, committed 9120K, reserved 1048576K
Event: 41364.940 GC heap after
Heap after GC invocations=17838 (full 2):
 par new generation   total 153344K, used 5310K [0x0000000089400000, 0x0000000093a60000, 0x0000000093a60000)
  eden space 136320K,   0% used [0x0000000089400000, 0x0000000089400000, 0x0000000091920000)
  from space 17024K,  31% used [0x0000000091920000, 0x0000000091e4f920, 0x00000000929c0000)
  to   space 17024K,   0% used [0x00000000929c0000, 0x00000000929c0000, 0x0000000093a60000)
 concurrent mark-sweep generation total 1775232K, used 1392824K [0x0000000093a60000, 0x0000000100000000, 0x0000000100000000)
 Metaspace       used 65914K, capacity 70319K, committed 70488K, reserved 1110016K
  class space    used 8076K, capacity 9066K, committed 9120K, reserved 1048576K
}
Event: 41369.132 GC heap before
{Heap before GC invocations=17838 (full 2):
 par new generation   total 153344K, used 141630K [0x0000000089400000, 0x0000000093a60000, 0x0000000093a60000)
  eden space 136320K, 100% used [0x0000000089400000, 0x0000000091920000, 0x0000000091920000)
  from space 17024K,  31% used [0x0000000091920000, 0x0000000091e4f920, 0x00000000929c0000)
  to   space 17024K,   0% used [0x00000000929c0000, 0x00000000929c0000, 0x0000000093a60000)
 concurrent mark-sweep generation total 1775232K, used 1392824K [0x0000000093a60000, 0x0000000100000000, 0x0000000100000000)
 Metaspace       used 65914K, capacity 70319K, committed 70488K, reserved 1110016K
  class space    used 8076K, capacity 9066K, committed 9120K, reserved 1048576K
Event: 41369.144 GC heap after
Heap after GC invocations=17839 (full 2):
 par new generation   total 153344K, used 3063K [0x0000000089400000, 0x0000000093a60000, 0x0000000093a60000)
  eden space 136320K,   0% used [0x0000000089400000, 0x0000000089400000, 0x0000000091920000)
  from space 17024K,  17% used [0x00000000929c0000, 0x0000000092cbdfa8, 0x0000000093a60000)
  to   space 17024K,   0% used [0x0000000091920000, 0x0000000091920000, 0x00000000929c0000)
 concurrent mark-sweep generation total 1775232K, used 1393939K [0x0000000093a60000, 0x0000000100000000, 0x0000000100000000)
 Metaspace       used 65914K, capacity 70319K, committed 70488K, reserved 1110016K
  class space    used 8076K, capacity 9066K, committed 9120K, reserved 1048576K
}
Event: 41373.484 GC heap before
{Heap before GC invocations=17839 (full 2):
 par new generation   total 153344K, used 139383K [0x0000000089400000, 0x0000000093a60000, 0x0000000093a60000)
  eden space 136320K, 100% used [0x0000000089400000, 0x0000000091920000, 0x0000000091920000)
  from space 17024K,  17% used [0x00000000929c0000, 0x0000000092cbdfa8, 0x0000000093a60000)
  to   space 17024K,   0% used [0x0000000091920000, 0x0000000091920000, 0x00000000929c0000)
 concurrent mark-sweep generation total 1775232K, used 1393939K [0x0000000093a60000, 0x0000000100000000, 0x0000000100000000)
 Metaspace       used 65914K, capacity 70319K, committed 70488K, reserved 1110016K
  class space    used 8076K, capacity 9066K, committed 9120K, reserved 1048576K
Event: 41373.495 GC heap after
Heap after GC invocations=17840 (full 2):
 par new generation   total 153344K, used 3504K [0x0000000089400000, 0x0000000093a60000, 0x0000000093a60000)
  eden space 136320K,   0% used [0x0000000089400000, 0x0000000089400000, 0x0000000091920000)
  from space 17024K,  20% used [0x0000000091920000, 0x0000000091c8c2b8, 0x00000000929c0000)
  to   space 17024K,   0% used [0x00000000929c0000, 0x00000000929c0000, 0x0000000093a60000)
 concurrent mark-sweep generation total 1775232K, used 1393963K [0x0000000093a60000, 0x0000000100000000, 0x0000000100000000)
 Metaspace       used 65914K, capacity 70319K, committed 70488K, reserved 1110016K
  class space    used 8076K, capacity 9066K, committed 9120K, reserved 1048576K
}
Event: 41377.591 GC heap before
{Heap before GC invocations=17840 (full 2):
 par new generation   total 153344K, used 139824K [0x0000000089400000, 0x0000000093a60000, 0x0000000093a60000)
  eden space 136320K, 100% used [0x0000000089400000, 0x0000000091920000, 0x0000000091920000)
  from space 17024K,  20% used [0x0000000091920000, 0x0000000091c8c2b8, 0x00000000929c0000)
  to   space 17024K,   0% used [0x00000000929c0000, 0x00000000929c0000, 0x0000000093a60000)
 concurrent mark-sweep generation total 1775232K, used 1393963K [0x0000000093a60000, 0x0000000100000000, 0x0000000100000000)
 Metaspace       used 65914K, capacity 70319K, committed 70488K, reserved 1110016K
  class space    used 8076K, capacity 9066K, committed 9120K, reserved 1048576K
Event: 41377.602 GC heap after
Heap after GC invocations=17841 (full 2):
 par new generation   total 153344K, used 4955K [0x0000000089400000, 0x0000000093a60000, 0x0000000093a60000)
  eden space 136320K,   0% used [0x0000000089400000, 0x0000000089400000, 0x0000000091920000)
  from space 17024K,  29% used [0x00000000929c0000, 0x0000000092e96e48, 0x0000000093a60000)
  to   space 17024K,   0% used [0x0000000091920000, 0x0000000091920000, 0x00000000929c0000)
 concurrent mark-sweep generation total 1775232K, used 1393996K [0x0000000093a60000, 0x0000000100000000, 0x0000000100000000)
 Metaspace       used 65914K, capacity 70319K, committed 70488K, reserved 1110016K
  class space    used 8076K, capacity 9066K, committed 9120K, reserved 1048576K
}
Event: 41381.962 GC heap before
{Heap before GC invocations=17841 (full 2):
 par new generation   total 153344K, used 141275K [0x0000000089400000, 0x0000000093a60000, 0x0000000093a60000)
  eden space 136320K, 100% used [0x0000000089400000, 0x0000000091920000, 0x0000000091920000)
  from space 17024K,  29% used [0x00000000929c0000, 0x0000000092e96e48, 0x0000000093a60000)
  to   space 17024K,   0% used [0x0000000091920000, 0x0000000091920000, 0x00000000929c0000)
 concurrent mark-sweep generation total 1775232K, used 1393996K [0x0000000093a60000, 0x0000000100000000, 0x0000000100000000)
 Metaspace       used 65914K, capacity 70319K, committed 70488K, reserved 1110016K
  class space    used 8076K, capacity 9066K, committed 9120K, reserved 1048576K
Event: 41381.974 GC heap after
Heap after GC invocations=17842 (full 2):
 par new generation   total 153344K, used 4732K [0x0000000089400000, 0x0000000093a60000, 0x0000000093a60000)
  eden space 136320K,   0% used [0x0000000089400000, 0x0000000089400000, 0x0000000091920000)
  from space 17024K,  27% used [0x0000000091920000, 0x0000000091dbf200, 0x00000000929c0000)
  to   space 17024K,   0% used [0x00000000929c0000, 0x00000000929c0000, 0x0000000093a60000)
 concurrent mark-sweep generation total 1775232K, used 1394021K [0x0000000093a60000, 0x0000000100000000, 0x0000000100000000)
 Metaspace       used 65914K, capacity 70319K, committed 70488K, reserved 1110016K
  class space    used 8076K, capacity 9066K, committed 9120K, reserved 1048576K
}
Event: 41386.152 GC heap before
{Heap before GC invocations=17842 (full 2):
 par new generation   total 153344K, used 141052K [0x0000000089400000, 0x0000000093a60000, 0x0000000093a60000)
  eden space 136320K, 100% used [0x0000000089400000, 0x0000000091920000, 0x0000000091920000)
  from space 17024K,  27% used [0x0000000091920000, 0x0000000091dbf200, 0x00000000929c0000)
  to   space 17024K,   0% used [0x00000000929c0000, 0x00000000929c0000, 0x0000000093a60000)
 concurrent mark-sweep generation total 1775232K, used 1394021K [0x0000000093a60000, 0x0000000100000000, 0x0000000100000000)
 Metaspace       used 65914K, capacity 70319K, committed 70488K, reserved 1110016K
  class space    used 8076K, capacity 9066K, committed 9120K, reserved 1048576K
Event: 41386.163 GC heap after
Heap after GC invocations=17843 (full 2):
 par new generation   total 153344K, used 5689K [0x0000000089400000, 0x0000000093a60000, 0x0000000093a60000)
  eden space 136320K,   0% used [0x0000000089400000, 0x0000000089400000, 0x0000000091920000)
  from space 17024K,  33% used [0x00000000929c0000, 0x0000000092f4e558, 0x0000000093a60000)
  to   space 17024K,   0% used [0x0000000091920000, 0x0000000091920000, 0x00000000929c0000)
 concurrent mark-sweep generation total 1775232K, used 1394062K [0x0000000093a60000, 0x0000000100000000, 0x0000000100000000)
 Metaspace       used 65914K, capacity 70319K, committed 70488K, reserved 1110016K
  class space    used 8076K, capacity 9066K, committed 9120K, reserved 1048576K
}
Event: 41390.762 GC heap before
{Heap before GC invocations=17843 (full 2):
 par new generation   total 153344K, used 142009K [0x0000000089400000, 0x0000000093a60000, 0x0000000093a60000)
  eden space 136320K, 100% used [0x0000000089400000, 0x0000000091920000, 0x0000000091920000)
  from space 17024K,  33% used [0x00000000929c0000, 0x0000000092f4e558, 0x0000000093a60000)
  to   space 17024K,   0% used [0x0000000091920000, 0x0000000091920000, 0x00000000929c0000)
 concurrent mark-sweep generation total 1775232K, used 1394062K [0x0000000093a60000, 0x0000000100000000, 0x0000000100000000)
 Metaspace       used 65914K, capacity 70319K, committed 70488K, reserved 1110016K
  class space    used 8076K, capacity 9066K, committed 9120K, reserved 1048576K
Event: 41390.774 GC heap after
Heap after GC invocations=17844 (full 2):
 par new generation   total 153344K, used 6518K [0x0000000089400000, 0x0000000093a60000, 0x0000000093a60000)
  eden space 136320K,   0% used [0x0000000089400000, 0x0000000089400000, 0x0000000091920000)
  from space 17024K,  38% used [0x0000000091920000, 0x0000000091f7d978, 0x00000000929c0000)
  to   space 17024K,   0% used [0x00000000929c0000, 0x00000000929c0000, 0x0000000093a60000)
 concurrent mark-sweep generation total 1775232K, used 1394112K [0x0000000093a60000, 0x0000000100000000, 0x0000000100000000)
 Metaspace       used 65914K, capacity 70319K, committed 70488K, reserved 1110016K
  class space    used 8076K, capacity 9066K, committed 9120K, reserved 1048576K
}
Event: 41394.663 GC heap before
{Heap before GC invocations=17844 (full 2):
 par new generation   total 153344K, used 142838K [0x0000000089400000, 0x0000000093a60000, 0x0000000093a60000)
  eden space 136320K, 100% used [0x0000000089400000, 0x0000000091920000, 0x0000000091920000)
  from space 17024K,  38% used [0x0000000091920000, 0x0000000091f7d978, 0x00000000929c0000)
  to   space 17024K,   0% used [0x00000000929c0000, 0x00000000929c0000, 0x0000000093a60000)
 concurrent mark-sweep generation total 1775232K, used 1394112K [0x0000000093a60000, 0x0000000100000000, 0x0000000100000000)
 Metaspace       used 65914K, capacity 70319K, committed 70488K, reserved 1110016K
  class space    used 8076K, capacity 9066K, committed 9120K, reserved 1048576K
Event: 41394.677 GC heap after
Heap after GC invocations=17845 (full 2):
 par new generation   total 153344K, used 6733K [0x0000000089400000, 0x0000000093a60000, 0x0000000093a60000)
  eden space 136320K,   0% used [0x0000000089400000, 0x0000000089400000, 0x0000000091920000)
  from space 17024K,  39% used [0x00000000929c0000, 0x00000000930535e8, 0x0000000093a60000)
  to   space 17024K,   0% used [0x0000000091920000, 0x0000000091920000, 0x00000000929c0000)
 concurrent mark-sweep generation total 1775232K, used 1395051K [0x0000000093a60000, 0x0000000100000000, 0x0000000100000000)
 Metaspace       used 65914K, capacity 70319K, committed 70488K, reserved 1110016K
  class space    used 8076K, capacity 9066K, committed 9120K, reserved 1048576K
}
Event: 41398.513 GC heap before
{Heap before GC invocations=17845 (full 2):
 par new generation   total 153344K, used 143053K [0x0000000089400000, 0x0000000093a60000, 0x0000000093a60000)
  eden space 136320K, 100% used [0x0000000089400000, 0x0000000091920000, 0x0000000091920000)
  from space 17024K,  39% used [0x00000000929c0000, 0x00000000930535e8, 0x0000000093a60000)
  to   space 17024K,   0% used [0x0000000091920000, 0x0000000091920000, 0x00000000929c0000)
 concurrent mark-sweep generation total 1775232K, used 1395051K [0x0000000093a60000, 0x0000000100000000, 0x0000000100000000)
 Metaspace       used 65914K, capacity 70319K, committed 70488K, reserved 1110016K
  class space    used 8076K, capacity 9066K, committed 9120K, reserved 1048576K
Event: 41398.528 GC heap after
Heap after GC invocations=17846 (full 2):
 par new generation   total 153344K, used 7137K [0x0000000089400000, 0x0000000093a60000, 0x0000000093a60000)
  eden space 136320K,   0% used [0x0000000089400000, 0x0000000089400000, 0x0000000091920000)
  from space 17024K,  41% used [0x0000000091920000, 0x00000000920187c0, 0x00000000929c0000)
  to   space 17024K,   0% used [0x00000000929c0000, 0x00000000929c0000, 0x0000000093a60000)
 concurrent mark-sweep generation total 1775232K, used 1396149K [0x0000000093a60000, 0x0000000100000000, 0x0000000100000000)
 Metaspace       used 65914K, capacity 70319K, committed 70488K, reserved 1110016K
  class space    used 8076K, capacity 9066K, committed 9120K, reserved 1048576K
}
Event: 41402.325 GC heap before
{Heap before GC invocations=17846 (full 2):
 par new generation   total 153344K, used 143457K [0x0000000089400000, 0x0000000093a60000, 0x0000000093a60000)
  eden space 136320K, 100% used [0x0000000089400000, 0x0000000091920000, 0x0000000091920000)
  from space 17024K,  41% used [0x0000000091920000, 0x00000000920187c0, 0x00000000929c0000)
  to   space 17024K,   0% used [0x00000000929c0000, 0x00000000929c0000, 0x0000000093a60000)
 concurrent mark-sweep generation total 1775232K, used 1396149K [0x0000000093a60000, 0x0000000100000000, 0x0000000100000000)
 Metaspace       used 65914K, capacity 70319K, committed 70488K, reserved 1110016K
  class space    used 8076K, capacity 9066K, committed 9120K, reserved 1048576K
Event: 41402.338 GC heap after
Heap after GC invocations=17847 (full 2):
 par new generation   total 153344K, used 7179K [0x0000000089400000, 0x0000000093a60000, 0x0000000093a60000)
  eden space 136320K,   0% used [0x0000000089400000, 0x0000000089400000, 0x0000000091920000)
  from space 17024K,  42% used [0x00000000929c0000, 0x00000000930c2d98, 0x0000000093a60000)
  to   space 17024K,   0% used [0x0000000091920000, 0x0000000091920000, 0x00000000929c0000)
 concurrent mark-sweep generation total 1775232K, used 1397190K [0x0000000093a60000, 0x0000000100000000, 0x0000000100000000)
 Metaspace       used 65914K, capacity 70319K, committed 70488K, reserved 1110016K
  class space    used 8076K, capacity 9066K, committed 9120K, reserved 1048576K
}
Event: 41406.379 GC heap before
{Heap before GC invocations=17847 (full 2):
 par new generation   total 153344K, used 143499K [0x0000000089400000, 0x0000000093a60000, 0x0000000093a60000)
  eden space 136320K, 100% used [0x0000000089400000, 0x0000000091920000, 0x0000000091920000)
  from space 17024K,  42% used [0x00000000929c0000, 0x00000000930c2d98, 0x0000000093a60000)
  to   space 17024K,   0% used [0x0000000091920000, 0x0000000091920000, 0x00000000929c0000)
 concurrent mark-sweep generation total 1775232K, used 1397190K [0x0000000093a60000, 0x0000000100000000, 0x0000000100000000)
 Metaspace       used 65914K, capacity 70319K, committed 70488K, reserved 1110016K
  class space    used 8076K, capacity 9066K, committed 9120K, reserved 1048576K
Event: 41406.391 GC heap after
Heap after GC invocations=17848 (full 2):
 par new generation   total 153344K, used 3942K [0x0000000089400000, 0x0000000093a60000, 0x0000000093a60000)
  eden space 136320K,   0% used [0x0000000089400000, 0x0000000089400000, 0x0000000091920000)
  from space 17024K,  23% used [0x0000000091920000, 0x0000000091cf99b0, 0x00000000929c0000)
  to   space 17024K,   0% used [0x00000000929c0000, 0x00000000929c0000, 0x0000000093a60000)
 concurrent mark-sweep generation total 1775232K, used 1397801K [0x0000000093a60000, 0x0000000100000000, 0x0000000100000000)
 Metaspace       used 65914K, capacity 70319K, committed 70488K, reserved 1110016K
  class space    used 8076K, capacity 9066K, committed 9120K, reserved 1048576K
}
Event: 41410.228 GC heap before
{Heap before GC invocations=17848 (full 2):
 par new generation   total 153344K, used 140262K [0x0000000089400000, 0x0000000093a60000, 0x0000000093a60000)
  eden space 136320K, 100% used [0x0000000089400000, 0x0000000091920000, 0x0000000091920000)
  from space 17024K,  23% used [0x0000000091920000, 0x0000000091cf99b0, 0x00000000929c0000)
  to   space 17024K,   0% used [0x00000000929c0000, 0x00000000929c0000, 0x0000000093a60000)
 concurrent mark-sweep generation total 1775232K, used 1397801K [0x0000000093a60000, 0x0000000100000000, 0x0000000100000000)
 Metaspace       used 65914K, capacity 70319K, committed 70488K, reserved 1110016K
  class space    used 8076K, capacity 9066K, committed 9120K, reserved 1048576K
Event: 41410.240 GC heap after
Heap after GC invocations=17849 (full 2):
 par new generation   total 153344K, used 5241K [0x0000000089400000, 0x0000000093a60000, 0x0000000093a60000)
  eden space 136320K,   0% used [0x0000000089400000, 0x0000000089400000, 0x0000000091920000)
  from space 17024K,  30% used [0x00000000929c0000, 0x0000000092ede668, 0x0000000093a60000)
  to   space 17024K,   0% used [0x0000000091920000, 0x0000000091920000, 0x00000000929c0000)
 concurrent mark-sweep generation total 1775232K, used 1398321K [0x0000000093a60000, 0x0000000100000000, 0x0000000100000000)
 Metaspace       used 65914K, capacity 70319K, committed 70488K, reserved 1110016K
  class space    used 8076K, capacity 9066K, committed 9120K, reserved 1048576K
}
Event: 41413.452 GC heap before
{Heap before GC invocations=17849 (full 2):
 par new generation   total 153344K, used 141561K [0x0000000089400000, 0x0000000093a60000, 0x0000000093a60000)
  eden space 136320K, 100% used [0x0000000089400000, 0x0000000091920000, 0x0000000091920000)
  from space 17024K,  30% used [0x00000000929c0000, 0x0000000092ede668, 0x0000000093a60000)
  to   space 17024K,   0% used [0x0000000091920000, 0x0000000091920000, 0x00000000929c0000)
 concurrent mark-sweep generation total 1775232K, used 1398321K [0x0000000093a60000, 0x0000000100000000, 0x0000000100000000)
 Metaspace       used 65914K, capacity 70319K, committed 70488K, reserved 1110016K
  class space    used 8076K, capacity 9066K, committed 9120K, reserved 1048576K
Event: 41413.464 GC heap after
Heap after GC invocations=17850 (full 2):
 par new generation   total 153344K, used 5279K [0x0000000089400000, 0x0000000093a60000, 0x0000000093a60000)
  eden space 136320K,   0% used [0x0000000089400000, 0x0000000089400000, 0x0000000091920000)
  from space 17024K,  31% used [0x0000000091920000, 0x0000000091e47c58, 0x00000000929c0000)
  to   space 17024K,   0% used [0x00000000929c0000, 0x00000000929c0000, 0x0000000093a60000)
 concurrent mark-sweep generation total 1775232K, used 1398329K [0x0000000093a60000, 0x0000000100000000, 0x0000000100000000)
 Metaspace       used 65914K, capacity 70319K, committed 70488K, reserved 1110016K
  class space    used 8076K, capacity 9066K, committed 9120K, reserved 1048576K
}
Event: 41417.502 GC heap before
{Heap before GC invocations=17850 (full 2):
 par new generation   total 153344K, used 141599K [0x0000000089400000, 0x0000000093a60000, 0x0000000093a60000)
  eden space 136320K, 100% used [0x0000000089400000, 0x0000000091920000, 0x0000000091920000)
  from space 17024K,  31% used [0x0000000091920000, 0x0000000091e47c58, 0x00000000929c0000)
  to   space 17024K,   0% used [0x00000000929c0000, 0x00000000929c0000, 0x0000000093a60000)
 concurrent mark-sweep generation total 1775232K, used 1398329K [0x0000000093a60000, 0x0000000100000000, 0x0000000100000000)
 Metaspace       used 65914K, capacity 70319K, committed 70488K, reserved 1110016K
  class space    used 8076K, capacity 9066K, committed 9120K, reserved 1048576K
Event: 41417.516 GC heap after
Heap after GC invocations=17851 (full 2):
 par new generation   total 153344K, used 6815K [0x0000000089400000, 0x0000000093a60000, 0x0000000093a60000)
  eden space 136320K,   0% used [0x0000000089400000, 0x0000000089400000, 0x0000000091920000)
  from space 17024K,  40% used [0x00000000929c0000, 0x0000000093067c70, 0x0000000093a60000)
  to   space 17024K,   0% used [0x0000000091920000, 0x0000000091920000, 0x00000000929c0000)
 concurrent mark-sweep generation total 1775232K, used 1399362K [0x0000000093a60000, 0x0000000100000000, 0x0000000100000000)
 Metaspace       used 65914K, capacity 70319K, committed 70488K, reserved 1110016K
  class space    used 8076K, capacity 9066K, committed 9120K, reserved 1048576K
}
Event: 41420.603 GC heap before
{Heap before GC invocations=17851 (full 2):
 par new generation   total 153344K, used 143135K [0x0000000089400000, 0x0000000093a60000, 0x0000000093a60000)
  eden space 136320K, 100% used [0x0000000089400000, 0x0000000091920000, 0x0000000091920000)
  from space 17024K,  40% used [0x00000000929c0000, 0x0000000093067c70, 0x0000000093a60000)
  to   space 17024K,   0% used [0x0000000091920000, 0x0000000091920000, 0x00000000929c0000)
 concurrent mark-sweep generation total 1775232K, used 1399362K [0x0000000093a60000, 0x0000000100000000, 0x0000000100000000)
 Metaspace       used 65914K, capacity 70319K, committed 70488K, reserved 1110016K
  class space    used 8076K, capacity 9066K, committed 9120K, reserved 1048576K
Event: 41420.616 GC heap after
Heap after GC invocations=17852 (full 2):
 par new generation   total 153344K, used 8580K [0x0000000089400000, 0x0000000093a60000, 0x0000000093a60000)
  eden space 136320K,   0% used [0x0000000089400000, 0x0000000089400000, 0x0000000091920000)
  from space 17024K,  50% used [0x0000000091920000, 0x00000000921813b0, 0x00000000929c0000)
  to   space 17024K,   0% used [0x00000000929c0000, 0x00000000929c0000, 0x0000000093a60000)
 concurrent mark-sweep generation total 1775232K, used 1399518K [0x0000000093a60000, 0x0000000100000000, 0x0000000100000000)
 Metaspace       used 65914K, capacity 70319K, committed 70488K, reserved 1110016K
  class space    used 8076K, capacity 9066K, committed 9120K, reserved 1048576K
}
Event: 41424.010 GC heap before
{Heap before GC invocations=17852 (full 2):
 par new generation   total 153344K, used 144900K [0x0000000089400000, 0x0000000093a60000, 0x0000000093a60000)
  eden space 136320K, 100% used [0x0000000089400000, 0x0000000091920000, 0x0000000091920000)
  from space 17024K,  50% used [0x0000000091920000, 0x00000000921813b0, 0x00000000929c0000)
  to   space 17024K,   0% used [0x00000000929c0000, 0x00000000929c0000, 0x0000000093a60000)
 concurrent mark-sweep generation total 1775232K, used 1399518K [0x0000000093a60000, 0x0000000100000000, 0x0000000100000000)
 Metaspace       used 65914K, capacity 70319K, committed 70488K, reserved 1110016K
  class space    used 8076K, capacity 9066K, committed 9120K, reserved 1048576K
Event: 41424.023 GC heap after
Heap after GC invocations=17853 (full 2):
 par new generation   total 153344K, used 8847K [0x0000000089400000, 0x0000000093a60000, 0x0000000093a60000)
  eden space 136320K,   0% used [0x0000000089400000, 0x0000000089400000, 0x0000000091920000)
  from space 17024K,  51% used [0x00000000929c0000, 0x0000000093263cd8, 0x0000000093a60000)
  to   space 17024K,   0% used [0x0000000091920000, 0x0000000091920000, 0x00000000929c0000)
 concurrent mark-sweep generation total 1775232K, used 1399530K [0x0000000093a60000, 0x0000000100000000, 0x0000000100000000)
 Metaspace       used 65914K, capacity 70319K, committed 70488K, reserved 1110016K
  class space    used 8076K, capacity 9066K, committed 9120K, reserved 1048576K
}
Event: 41427.163 GC heap before
{Heap before GC invocations=17853 (full 2):
 par new generation   total 153344K, used 145160K [0x0000000089400000, 0x0000000093a60000, 0x0000000093a60000)
  eden space 136320K,  99% used [0x0000000089400000, 0x000000009191e340, 0x0000000091920000)
  from space 17024K,  51% used [0x00000000929c0000, 0x0000000093263cd8, 0x0000000093a60000)
  to   space 17024K,   0% used [0x0000000091920000, 0x0000000091920000, 0x00000000929c0000)
 concurrent mark-sweep generation total 1775232K, used 1399530K [0x0000000093a60000, 0x0000000100000000, 0x0000000100000000)
 Metaspace       used 65914K, capacity 70319K, committed 70488K, reserved 1110016K
  class space    used 8076K, capacity 9066K, committed 9120K, reserved 1048576K
Event: 41427.177 GC heap after
Heap after GC invocations=17854 (full 2):
 par new generation   total 153344K, used 9900K [0x0000000089400000, 0x0000000093a60000, 0x0000000093a60000)
  eden space 136320K,   0% used [0x0000000089400000, 0x0000000089400000, 0x0000000091920000)
  from space 17024K,  58% used [0x0000000091920000, 0x00000000922cb188, 0x00000000929c0000)
  to   space 17024K,   0% used [0x00000000929c0000, 0x00000000929c0000, 0x0000000093a60000)
 concurrent mark-sweep generation total 1775232K, used 1399544K [0x0000000093a60000, 0x0000000100000000, 0x0000000100000000)
 Metaspace       used 65914K, capacity 70319K, committed 70488K, reserved 1110016K
  class space    used 8076K, capacity 9066K, committed 9120K, reserved 1048576K
}
Event: 41430.366 GC heap before
{Heap before GC invocations=17854 (full 2):
 par new generation   total 153344K, used 146220K [0x0000000089400000, 0x0000000093a60000, 0x0000000093a60000)
  eden space 136320K, 100% used [0x0000000089400000, 0x0000000091920000, 0x0000000091920000)
  from space 17024K,  58% used [0x0000000091920000, 0x00000000922cb188, 0x00000000929c0000)
  to   space 17024K,   0% used [0x00000000929c0000, 0x00000000929c0000, 0x0000000093a60000)
 concurrent mark-sweep generation total 1775232K, used 1399544K [0x0000000093a60000, 0x0000000100000000, 0x0000000100000000)
 Metaspace       used 65914K, capacity 70319K, committed 70488K, reserved 1110016K
  class space    used 8076K, capacity 9066K, committed 9120K, reserved 1048576K
Event: 41430.381 GC heap after
Heap after GC invocations=17855 (full 2):
 par new generation   total 153344K, used 11335K [0x0000000089400000, 0x0000000093a60000, 0x0000000093a60000)
  eden space 136320K,   0% used [0x0000000089400000, 0x0000000089400000, 0x0000000091920000)
  from space 17024K,  66% used [0x00000000929c0000, 0x00000000934d1d50, 0x0000000093a60000)
  to   space 17024K,   0% used [0x0000000091920000, 0x0000000091920000, 0x00000000929c0000)
 concurrent mark-sweep generation total 1775232K, used 1400365K [0x0000000093a60000, 0x0000000100000000, 0x0000000100000000)
 Metaspace       used 65914K, capacity 70319K, committed 70488K, reserved 1110016K
  class space    used 8076K, capacity 9066K, committed 9120K, reserved 1048576K
}
Event: 41433.914 GC heap before
{Heap before GC invocations=17855 (full 2):
 par new generation   total 153344K, used 147655K [0x0000000089400000, 0x0000000093a60000, 0x0000000093a60000)
  eden space 136320K, 100% used [0x0000000089400000, 0x0000000091920000, 0x0000000091920000)
  from space 17024K,  66% used [0x00000000929c0000, 0x00000000934d1d50, 0x0000000093a60000)
  to   space 17024K,   0% used [0x0000000091920000, 0x0000000091920000, 0x00000000929c0000)
 concurrent mark-sweep generation total 1775232K, used 1400365K [0x0000000093a60000, 0x0000000100000000, 0x0000000100000000)
 Metaspace       used 65914K, capacity 70319K, committed 70488K, reserved 1110016K
  class space    used 8076K, capacity 9066K, committed 9120K, reserved 1048576K
Event: 41433.930 GC heap after
Heap after GC invocations=17856 (full 2):
 par new generation   total 153344K, used 7514K [0x0000000089400000, 0x0000000093a60000, 0x0000000093a60000)
  eden space 136320K,   0% used [0x0000000089400000, 0x0000000089400000, 0x0000000091920000)
  from space 17024K,  44% used [0x0000000091920000, 0x0000000092076af0, 0x00000000929c0000)
  to   space 17024K,   0% used [0x00000000929c0000, 0x00000000929c0000, 0x0000000093a60000)
 concurrent mark-sweep generation total 1775232K, used 1402663K [0x0000000093a60000, 0x0000000100000000, 0x0000000100000000)
 Metaspace       used 65914K, capacity 70319K, committed 70488K, reserved 1110016K
  class space    used 8076K, capacity 9066K, committed 9120K, reserved 1048576K
}
Event: 41437.213 GC heap before
{Heap before GC invocations=17856 (full 2):
 par new generation   total 153344K, used 143834K [0x0000000089400000, 0x0000000093a60000, 0x0000000093a60000)
  eden space 136320K, 100% used [0x0000000089400000, 0x0000000091920000, 0x0000000091920000)
  from space 17024K,  44% used [0x0000000091920000, 0x0000000092076af0, 0x00000000929c0000)
  to   space 17024K,   0% used [0x00000000929c0000, 0x00000000929c0000, 0x0000000093a60000)
 concurrent mark-sweep generation total 1775232K, used 1402663K [0x0000000093a60000, 0x0000000100000000, 0x0000000100000000)
 Metaspace       used 65914K, capacity 70319K, committed 70488K, reserved 1110016K
  class space    used 8076K, capacity 9066K, committed 9120K, reserved 1048576K
Event: 41437.226 GC heap after
Heap after GC invocations=17857 (full 2):
 par new generation   total 153344K, used 8948K [0x0000000089400000, 0x0000000093a60000, 0x0000000093a60000)
  eden space 136320K,   0% used [0x0000000089400000, 0x0000000089400000, 0x0000000091920000)
  from space 17024K,  52% used [0x00000000929c0000, 0x000000009327d370, 0x0000000093a60000)
  to   space 17024K,   0% used [0x0000000091920000, 0x0000000091920000, 0x00000000929c0000)
 concurrent mark-sweep generation total 1775232K, used 1402950K [0x0000000093a60000, 0x0000000100000000, 0x0000000100000000)
 Metaspace       used 65914K, capacity 70319K, committed 70488K, reserved 1110016K
  class space    used 8076K, capacity 9066K, committed 9120K, reserved 1048576K
}
Event: 41440.621 GC heap before
{Heap before GC invocations=17857 (full 2):
 par new generation   total 153344K, used 145268K [0x0000000089400000, 0x0000000093a60000, 0x0000000093a60000)
  eden space 136320K, 100% used [0x0000000089400000, 0x0000000091920000, 0x0000000091920000)
  from space 17024K,  52% used [0x00000000929c0000, 0x000000009327d370, 0x0000000093a60000)
  to   space 17024K,   0% used [0x0000000091920000, 0x0000000091920000, 0x00000000929c0000)
 concurrent mark-sweep generation total 1775232K, used 1402950K [0x0000000093a60000, 0x0000000100000000, 0x0000000100000000)
 Metaspace       used 65914K, capacity 70319K, committed 70488K, reserved 1110016K
  class space    used 8076K, capacity 9066K, committed 9120K, reserved 1048576K
Event: 41440.642 GC heap after
Heap after GC invocations=17858 (full 2):
 par new generation   total 153344K, used 9087K [0x0000000089400000, 0x0000000093a60000, 0x0000000093a60000)
  eden space 136320K,   0% used [0x0000000089400000, 0x0000000089400000, 0x0000000091920000)
  from space 17024K,  53% used [0x0000000091920000, 0x00000000921ffe28, 0x00000000929c0000)
  to   space 17024K,   0% used [0x00000000929c0000, 0x00000000929c0000, 0x0000000093a60000)
 concurrent mark-sweep generation total 1775232K, used 1405447K [0x0000000093a60000, 0x0000000100000000, 0x0000000100000000)
 Metaspace       used 65914K, capacity 70319K, committed 70488K, reserved 1110016K
  class space    used 8076K, capacity 9066K, committed 9120K, reserved 1048576K
}
Event: 41443.977 GC heap before
{Heap before GC invocations=17858 (full 2):
 par new generation   total 153344K, used 145407K [0x0000000089400000, 0x0000000093a60000, 0x0000000093a60000)
  eden space 136320K, 100% used [0x0000000089400000, 0x0000000091920000, 0x0000000091920000)
  from space 17024K,  53% used [0x0000000091920000, 0x00000000921ffe28, 0x00000000929c0000)
  to   space 17024K,   0% used [0x00000000929c0000, 0x00000000929c0000, 0x0000000093a60000)
 concurrent mark-sweep generation total 1775232K, used 1405447K [0x0000000093a60000, 0x0000000100000000, 0x0000000100000000)
 Metaspace       used 65914K, capacity 70319K, committed 70488K, reserved 1110016K
  class space    used 8076K, capacity 9066K, committed 9120K, reserved 1048576K
Event: 41443.991 GC heap after
Heap after GC invocations=17859 (full 2):
 par new generation   total 153344K, used 6415K [0x0000000089400000, 0x0000000093a60000, 0x0000000093a60000)
  eden space 136320K,   0% used [0x0000000089400000, 0x0000000089400000, 0x0000000091920000)
  from space 17024K,  37% used [0x00000000929c0000, 0x0000000093003d28, 0x0000000093a60000)
  to   space 17024K,   0% used [0x0000000091920000, 0x0000000091920000, 0x00000000929c0000)
 concurrent mark-sweep generation total 1775232K, used 1405972K [0x0000000093a60000, 0x0000000100000000, 0x0000000100000000)
 Metaspace       used 65914K, capacity 70319K, committed 70488K, reserved 1110016K
  class space    used 8076K, capacity 9066K, committed 9120K, reserved 1048576K
}
Event: 41447.377 GC heap before
{Heap before GC invocations=17859 (full 2):
 par new generation   total 153344K, used 142735K [0x0000000089400000, 0x0000000093a60000, 0x0000000093a60000)
  eden space 136320K, 100% used [0x0000000089400000, 0x0000000091920000, 0x0000000091920000)
  from space 17024K,  37% used [0x00000000929c0000, 0x0000000093003d28, 0x0000000093a60000)
  to   space 17024K,   0% used [0x0000000091920000, 0x0000000091920000, 0x00000000929c0000)
 concurrent mark-sweep generation total 1775232K, used 1405972K [0x0000000093a60000, 0x0000000100000000, 0x0000000100000000)
 Metaspace       used 65916K, capacity 70319K, committed 70488K, reserved 1110016K
  class space    used 8076K, capacity 9066K, committed 9120K, reserved 1048576K
Event: 41447.390 GC heap after
Heap after GC invocations=17860 (full 2):
 par new generation   total 153344K, used 6612K [0x0000000089400000, 0x0000000093a60000, 0x0000000093a60000)
  eden space 136320K,   0% used [0x0000000089400000, 0x0000000089400000, 0x0000000091920000)
  from space 17024K,  38% used [0x0000000091920000, 0x0000000091f95300, 0x00000000929c0000)
  to   space 17024K,   0% used [0x00000000929c0000, 0x00000000929c0000, 0x0000000093a60000)
 concurrent mark-sweep generation total 1775232K, used 1406850K [0x0000000093a60000, 0x0000000100000000, 0x0000000100000000)
 Metaspace       used 65916K, capacity 70319K, committed 70488K, reserved 1110016K
  class space    used 8076K, capacity 9066K, committed 9120K, reserved 1048576K
}
Event: 41450.677 GC heap before
{Heap before GC invocations=17860 (full 2):
 par new generation   total 153344K, used 142932K [0x0000000089400000, 0x0000000093a60000, 0x0000000093a60000)
  eden space 136320K, 100% used [0x0000000089400000, 0x0000000091920000, 0x0000000091920000)
  from space 17024K,  38% used [0x0000000091920000, 0x0000000091f95300, 0x00000000929c0000)
  to   space 17024K,   0% used [0x00000000929c0000, 0x00000000929c0000, 0x0000000093a60000)
 concurrent mark-sweep generation total 1775232K, used 1406850K [0x0000000093a60000, 0x0000000100000000, 0x0000000100000000)
 Metaspace       used 65916K, capacity 70319K, committed 70488K, reserved 1110016K
  class space    used 8076K, capacity 9066K, committed 9120K, reserved 1048576K
Event: 41450.690 GC heap after
Heap after GC invocations=17861 (full 2):
 par new generation   total 153344K, used 6157K [0x0000000089400000, 0x0000000093a60000, 0x0000000093a60000)
  eden space 136320K,   0% used [0x0000000089400000, 0x0000000089400000, 0x0000000091920000)
  from space 17024K,  36% used [0x00000000929c0000, 0x0000000092fc3528, 0x0000000093a60000)
  to   space 17024K,   0% used [0x0000000091920000, 0x0000000091920000, 0x00000000929c0000)
 concurrent mark-sweep generation total 1775232K, used 1407508K [0x0000000093a60000, 0x0000000100000000, 0x0000000100000000)
 Metaspace       used 65916K, capacity 70319K, committed 70488K, reserved 1110016K
  class space    used 8076K, capacity 9066K, committed 9120K, reserved 1048576K
}
Event: 41453.677 GC heap before
{Heap before GC invocations=17861 (full 2):
 par new generation   total 153344K, used 142477K [0x0000000089400000, 0x0000000093a60000, 0x0000000093a60000)
  eden space 136320K, 100% used [0x0000000089400000, 0x0000000091920000, 0x0000000091920000)
  from space 17024K,  36% used [0x00000000929c0000, 0x0000000092fc3528, 0x0000000093a60000)
  to   space 17024K,   0% used [0x0000000091920000, 0x0000000091920000, 0x00000000929c0000)
 concurrent mark-sweep generation total 1775232K, used 1407508K [0x0000000093a60000, 0x0000000100000000, 0x0000000100000000)
 Metaspace       used 65916K, capacity 70319K, committed 70488K, reserved 1110016K
  class space    used 8076K, capacity 9066K, committed 9120K, reserved 1048576K
Event: 41453.689 GC heap after
Heap after GC invocations=17862 (full 2):
 par new generation   total 153344K, used 6279K [0x0000000089400000, 0x0000000093a60000, 0x0000000093a60000)
  eden space 136320K,   0% used [0x0000000089400000, 0x0000000089400000, 0x0000000091920000)
  from space 17024K,  36% used [0x0000000091920000, 0x0000000091f41c48, 0x00000000929c0000)
  to   space 17024K,   0% used [0x00000000929c0000, 0x00000000929c0000, 0x0000000093a60000)
 concurrent mark-sweep generation total 1775232K, used 1407724K [0x0000000093a60000, 0x0000000100000000, 0x0000000100000000)
 Metaspace       used 65916K, capacity 70319K, committed 70488K, reserved 1110016K
  class space    used 8076K, capacity 9066K, committed 9120K, reserved 1048576K
}
Event: 41456.434 GC heap before
{Heap before GC invocations=17862 (full 2):
 par new generation   total 153344K, used 142599K [0x0000000089400000, 0x0000000093a60000, 0x0000000093a60000)
  eden space 136320K, 100% used [0x0000000089400000, 0x0000000091920000, 0x0000000091920000)
  from space 17024K,  36% used [0x0000000091920000, 0x0000000091f41c48, 0x00000000929c0000)
  to   space 17024K,   0% used [0x00000000929c0000, 0x00000000929c0000, 0x0000000093a60000)
 concurrent mark-sweep generation total 1775232K, used 1407724K [0x0000000093a60000, 0x0000000100000000, 0x0000000100000000)
 Metaspace       used 65916K, capacity 70319K, committed 70488K, reserved 1110016K
  class space    used 8076K, capacity 9066K, committed 9120K, reserved 1048576K
Event: 41456.449 GC heap after
Heap after GC invocations=17863 (full 2):
 par new generation   total 153344K, used 8523K [0x0000000089400000, 0x0000000093a60000, 0x0000000093a60000)
  eden space 136320K,   0% used [0x0000000089400000, 0x0000000089400000, 0x0000000091920000)
  from space 17024K,  50% used [0x00000000929c0000, 0x0000000093212d10, 0x0000000093a60000)
  to   space 17024K,   0% used [0x0000000091920000, 0x0000000091920000, 0x00000000929c0000)
 concurrent mark-sweep generation total 1775232K, used 1407802K [0x0000000093a60000, 0x0000000100000000, 0x0000000100000000)
 Metaspace       used 65916K, capacity 70319K, committed 70488K, reserved 1110016K
  class space    used 8076K, capacity 9066K, committed 9120K, reserved 1048576K
}
Event: 41459.151 GC heap before
{Heap before GC invocations=17863 (full 2):
 par new generation   total 153344K, used 144843K [0x0000000089400000, 0x0000000093a60000, 0x0000000093a60000)
  eden space 136320K, 100% used [0x0000000089400000, 0x0000000091920000, 0x0000000091920000)
  from space 17024K,  50% used [0x00000000929c0000, 0x0000000093212d10, 0x0000000093a60000)
  to   space 17024K,   0% used [0x0000000091920000, 0x0000000091920000, 0x00000000929c0000)
 concurrent mark-sweep generation total 1775232K, used 1407802K [0x0000000093a60000, 0x0000000100000000, 0x0000000100000000)
 Metaspace       used 65916K, capacity 70319K, committed 70488K, reserved 1110016K
  class space    used 8076K, capacity 9066K, committed 9120K, reserved 1048576K
Event: 41459.167 GC heap after
Heap after GC invocations=17864 (full 2):
 par new generation   total 153344K, used 8528K [0x0000000089400000, 0x0000000093a60000, 0x0000000093a60000)
  eden space 136320K,   0% used [0x0000000089400000, 0x0000000089400000, 0x0000000091920000)
  from space 17024K,  50% used [0x0000000091920000, 0x0000000092174118, 0x00000000929c0000)
  to   space 17024K,   0% used [0x00000000929c0000, 0x00000000929c0000, 0x0000000093a60000)
 concurrent mark-sweep generation total 1775232K, used 1407842K [0x0000000093a60000, 0x0000000100000000, 0x0000000100000000)
 Metaspace       used 65916K, capacity 70319K, committed 70488K, reserved 1110016K
  class space    used 8076K, capacity 9066K, committed 9120K, reserved 1048576K
}
Event: 41462.079 GC heap before
{Heap before GC invocations=17864 (full 2):
 par new generation   total 153344K, used 144848K [0x0000000089400000, 0x0000000093a60000, 0x0000000093a60000)
  eden space 136320K, 100% used [0x0000000089400000, 0x0000000091920000, 0x0000000091920000)
  from space 17024K,  50% used [0x0000000091920000, 0x0000000092174118, 0x00000000929c0000)
  to   space 17024K,   0% used [0x00000000929c0000, 0x00000000929c0000, 0x0000000093a60000)
 concurrent mark-sweep generation total 1775232K, used 1407842K [0x0000000093a60000, 0x0000000100000000, 0x0000000100000000)
 Metaspace       used 65916K, capacity 70319K, committed 70488K, reserved 1110016K
  class space    used 8076K, capacity 9066K, committed 9120K, reserved 1048576K
Event: 41462.096 GC heap after
Heap after GC invocations=17865 (full 2):
 par new generation   total 153344K, used 13584K [0x0000000089400000, 0x0000000093a60000, 0x0000000093a60000)
  eden space 136320K,   0% used [0x0000000089400000, 0x0000000089400000, 0x0000000091920000)
  from space 17024K,  79% used [0x00000000929c0000, 0x00000000937042e0, 0x0000000093a60000)
  to   space 17024K,   0% used [0x0000000091920000, 0x0000000091920000, 0x00000000929c0000)
 concurrent mark-sweep generation total 1775232K, used 1407852K [0x0000000093a60000, 0x0000000100000000, 0x0000000100000000)
 Metaspace       used 65916K, capacity 70319K, committed 70488K, reserved 1110016K
  class space    used 8076K, capacity 9066K, committed 9120K, reserved 1048576K
}
Event: 41465.063 GC heap before
{Heap before GC invocations=17865 (full 2):
 par new generation   total 153344K, used 149904K [0x0000000089400000, 0x0000000093a60000, 0x0000000093a60000)
  eden space 136320K, 100% used [0x0000000089400000, 0x0000000091920000, 0x0000000091920000)
  from space 17024K,  79% used [0x00000000929c0000, 0x00000000937042e0, 0x0000000093a60000)
  to   space 17024K,   0% used [0x0000000091920000, 0x0000000091920000, 0x00000000929c0000)
 concurrent mark-sweep generation total 1775232K, used 1407852K [0x0000000093a60000, 0x0000000100000000, 0x0000000100000000)
 Metaspace       used 65916K, capacity 70319K, committed 70488K, reserved 1110016K
  class space    used 8076K, capacity 9066K, committed 9120K, reserved 1048576K
Event: 41465.093 GC heap after
Heap after GC invocations=17866 (full 2):
 par new generation   total 153344K, used 14091K [0x0000000089400000, 0x0000000093a60000, 0x0000000093a60000)
  eden space 136320K,   0% used [0x0000000089400000, 0x0000000089400000, 0x0000000091920000)
  from space 17024K,  82% used [0x0000000091920000, 0x00000000926e2f30, 0x00000000929c0000)
  to   space 17024K,   0% used [0x00000000929c0000, 0x00000000929c0000, 0x0000000093a60000)
 concurrent mark-sweep generation total 1775232K, used 1409405K [0x0000000093a60000, 0x0000000100000000, 0x0000000100000000)
 Metaspace       used 65916K, capacity 70319K, committed 70488K, reserved 1110016K
  class space    used 8076K, capacity 9066K, committed 9120K, reserved 1048576K
}
Event: 41468.712 GC heap before
{Heap before GC invocations=17866 (full 2):
 par new generation   total 153344K, used 150411K [0x0000000089400000, 0x0000000093a60000, 0x0000000093a60000)
  eden space 136320K, 100% used [0x0000000089400000, 0x0000000091920000, 0x0000000091920000)
  from space 17024K,  82% used [0x0000000091920000, 0x00000000926e2f30, 0x00000000929c0000)
  to   space 17024K,   0% used [0x00000000929c0000, 0x00000000929c0000, 0x0000000093a60000)
 concurrent mark-sweep generation total 1775232K, used 1409405K [0x0000000093a60000, 0x0000000100000000, 0x0000000100000000)
 Metaspace       used 65916K, capacity 70319K, committed 70488K, reserved 1110016K
  class space    used 8076K, capacity 9066K, committed 9120K, reserved 1048576K
Event: 41468.733 GC heap after
Heap after GC invocations=17867 (full 2):
 par new generation   total 153344K, used 15797K [0x0000000089400000, 0x0000000093a60000, 0x0000000093a60000)
  eden space 136320K,   0% used [0x0000000089400000, 0x0000000089400000, 0x0000000091920000)
  from space 17024K,  92% used [0x00000000929c0000, 0x000000009392d7e8, 0x0000000093a60000)
  to   space 17024K,   0% used [0x0000000091920000, 0x0000000091920000, 0x00000000929c0000)
 concurrent mark-sweep generation total 1775232K, used 1412904K [0x0000000093a60000, 0x0000000100000000, 0x0000000100000000)
 Metaspace       used 65916K, capacity 70319K, committed 70488K, reserved 1110016K
  class space    used 8076K, capacity 9066K, committed 9120K, reserved 1048576K
}
Event: 41472.663 GC heap before
{Heap before GC invocations=17867 (full 2):
 par new generation   total 153344K, used 152117K [0x0000000089400000, 0x0000000093a60000, 0x0000000093a60000)
  eden space 136320K, 100% used [0x0000000089400000, 0x0000000091920000, 0x0000000091920000)
  from space 17024K,  92% used [0x00000000929c0000, 0x000000009392d7e8, 0x0000000093a60000)
  to   space 17024K,   0% used [0x0000000091920000, 0x0000000091920000, 0x00000000929c0000)
 concurrent mark-sweep generation total 1775232K, used 1412904K [0x0000000093a60000, 0x0000000100000000, 0x0000000100000000)
 Metaspace       used 65916K, capacity 70319K, committed 70488K, reserved 1110016K
  class space    used 8076K, capacity 9066K, committed 9120K, reserved 1048576K
Event: 41472.683 GC heap after
Heap after GC invocations=17868 (full 2):
 par new generation   total 153344K, used 9116K [0x0000000089400000, 0x0000000093a60000, 0x0000000093a60000)
  eden space 136320K,   0% used [0x0000000089400000, 0x0000000089400000, 0x0000000091920000)
  from space 17024K,  53% used [0x0000000091920000, 0x00000000922070a0, 0x00000000929c0000)
  to   space 17024K,   0% used [0x00000000929c0000, 0x00000000929c0000, 0x0000000093a60000)
 concurrent mark-sweep generation total 1775232K, used 1415537K [0x0000000093a60000, 0x0000000100000000, 0x0000000100000000)
 Metaspace       used 65916K, capacity 70319K, committed 70488K, reserved 1110016K
  class space    used 8076K, capacity 9066K, committed 9120K, reserved 1048576K
}
Event: 41475.171 GC heap before
{Heap before GC invocations=17868 (full 2):
 par new generation   total 153344K, used 145436K [0x0000000089400000, 0x0000000093a60000, 0x0000000093a60000)
  eden space 136320K, 100% used [0x0000000089400000, 0x0000000091920000, 0x0000000091920000)
  from space 17024K,  53% used [0x0000000091920000, 0x00000000922070a0, 0x00000000929c0000)
  to   space 17024K,   0% used [0x00000000929c0000, 0x00000000929c0000, 0x0000000093a60000)
 concurrent mark-sweep generation total 1775232K, used 1415537K [0x0000000093a60000, 0x0000000100000000, 0x0000000100000000)
 Metaspace       used 65916K, capacity 70319K, committed 70488K, reserved 1110016K
  class space    used 8076K, capacity 9066K, committed 9120K, reserved 1048576K
Event: 41475.187 GC heap after
Heap after GC invocations=17869 (full 2):
 par new generation   total 153344K, used 11188K [0x0000000089400000, 0x0000000093a60000, 0x0000000093a60000)
  eden space 136320K,   0% used [0x0000000089400000, 0x0000000089400000, 0x0000000091920000)
  from space 17024K,  65% used [0x00000000929c0000, 0x00000000934ad230, 0x0000000093a60000)
  to   space 17024K,   0% used [0x0000000091920000, 0x0000000091920000, 0x00000000929c0000)
 concurrent mark-sweep generation total 1775232K, used 1415537K [0x0000000093a60000, 0x0000000100000000, 0x0000000100000000)
 Metaspace       used 65916K, capacity 70319K, committed 70488K, reserved 1110016K
  class space    used 8076K, capacity 9066K, committed 9120K, reserved 1048576K
}
Event: 41477.668 GC heap before
{Heap before GC invocations=17869 (full 2):
 par new generation   total 153344K, used 147508K [0x0000000089400000, 0x0000000093a60000, 0x0000000093a60000)
  eden space 136320K, 100% used [0x0000000089400000, 0x0000000091920000, 0x0000000091920000)
  from space 17024K,  65% used [0x00000000929c0000, 0x00000000934ad230, 0x0000000093a60000)
  to   space 17024K,   0% used [0x0000000091920000, 0x0000000091920000, 0x00000000929c0000)
 concurrent mark-sweep generation total 1775232K, used 1415537K [0x0000000093a60000, 0x0000000100000000, 0x0000000100000000)
 Metaspace       used 65917K, capacity 70319K, committed 70488K, reserved 1110016K
  class space    used 8076K, capacity 9066K, committed 9120K, reserved 1048576K
Event: 41477.687 GC heap after
Heap after GC invocations=17870 (full 2):
 par new generation   total 153344K, used 8876K [0x0000000089400000, 0x0000000093a60000, 0x0000000093a60000)
  eden space 136320K,   0% used [0x0000000089400000, 0x0000000089400000, 0x0000000091920000)
  from space 17024K,  52% used [0x0000000091920000, 0x00000000921cb210, 0x00000000929c0000)
  to   space 17024K,   0% used [0x00000000929c0000, 0x00000000929c0000, 0x0000000093a60000)
 concurrent mark-sweep generation total 1775232K, used 1418616K [0x0000000093a60000, 0x0000000100000000, 0x0000000100000000)
 Metaspace       used 65917K, capacity 70319K, committed 70488K, reserved 1110016K
  class space    used 8076K, capacity 9066K, committed 9120K, reserved 1048576K
}
Event: 41480.125 GC heap before
{Heap before GC invocations=17870 (full 2):
 par new generation   total 153344K, used 145196K [0x0000000089400000, 0x0000000093a60000, 0x0000000093a60000)
  eden space 136320K, 100% used [0x0000000089400000, 0x0000000091920000, 0x0000000091920000)
  from space 17024K,  52% used [0x0000000091920000, 0x00000000921cb210, 0x00000000929c0000)
  to   space 17024K,   0% used [0x00000000929c0000, 0x00000000929c0000, 0x0000000093a60000)
 concurrent mark-sweep generation total 1775232K, used 1418616K [0x0000000093a60000, 0x0000000100000000, 0x0000000100000000)
 Metaspace       used 65937K, capacity 70319K, committed 70488K, reserved 1110016K
  class space    used 8078K, capacity 9066K, committed 9120K, reserved 1048576K
Event: 41480.146 GC heap after
Heap after GC invocations=17871 (full 2):
 par new generation   total 153344K, used 10393K [0x0000000089400000, 0x0000000093a60000, 0x0000000093a60000)
  eden space 136320K,   0% used [0x0000000089400000, 0x0000000089400000, 0x0000000091920000)
  from space 17024K,  61% used [0x00000000929c0000, 0x00000000933e6670, 0x0000000093a60000)
  to   space 17024K,   0% used [0x0000000091920000, 0x0000000091920000, 0x00000000929c0000)
 concurrent mark-sweep generation total 1775232K, used 1418616K [0x0000000093a60000, 0x0000000100000000, 0x0000000100000000)
 Metaspace       used 65937K, capacity 70319K, committed 70488K, reserved 1110016K
  class space    used 8078K, capacity 9066K, committed 9120K, reserved 1048576K
}
Event: 41482.871 GC heap before
{Heap before GC invocations=17871 (full 2):
 par new generation   total 153344K, used 146713K [0x0000000089400000, 0x0000000093a60000, 0x0000000093a60000)
  eden space 136320K, 100% used [0x0000000089400000, 0x0000000091920000, 0x0000000091920000)
  from space 17024K,  61% used [0x00000000929c0000, 0x00000000933e6670, 0x0000000093a60000)
  to   space 17024K,   0% used [0x0000000091920000, 0x0000000091920000, 0x00000000929c0000)
 concurrent mark-sweep generation total 1775232K, used 1418616K [0x0000000093a60000, 0x0000000100000000, 0x0000000100000000)
 Metaspace       used 65937K, capacity 70319K, committed 70488K, reserved 1110016K
  class space    used 8078K, capacity 9066K, committed 9120K, reserved 1048576K
Event: 41482.886 GC heap after
Heap after GC invocations=17872 (full 2):
 par new generation   total 153344K, used 9882K [0x0000000089400000, 0x0000000093a60000, 0x0000000093a60000)
  eden space 136320K,   0% used [0x0000000089400000, 0x0000000089400000, 0x0000000091920000)
  from space 17024K,  58% used [0x0000000091920000, 0x00000000922c6800, 0x00000000929c0000)
  to   space 17024K,   0% used [0x00000000929c0000, 0x00000000929c0000, 0x0000000093a60000)
 concurrent mark-sweep generation total 1775232K, used 1418616K [0x0000000093a60000, 0x0000000100000000, 0x0000000100000000)
 Metaspace       used 65937K, capacity 70319K, committed 70488K, reserved 1110016K
  class space    used 8078K, capacity 9066K, committed 9120K, reserved 1048576K
}
Event: 41485.425 GC heap before
{Heap before GC invocations=17872 (full 2):
 par new generation   total 153344K, used 146202K [0x0000000089400000, 0x0000000093a60000, 0x0000000093a60000)
  eden space 136320K, 100% used [0x0000000089400000, 0x0000000091920000, 0x0000000091920000)
  from space 17024K,  58% used [0x0000000091920000, 0x00000000922c6800, 0x00000000929c0000)
  to   space 17024K,   0% used [0x00000000929c0000, 0x00000000929c0000, 0x0000000093a60000)
 concurrent mark-sweep generation total 1775232K, used 1418616K [0x0000000093a60000, 0x0000000100000000, 0x0000000100000000)
 Metaspace       used 65937K, capacity 70319K, committed 70488K, reserved 1110016K
  class space    used 8078K, capacity 9066K, committed 9120K, reserved 1048576K
Event: 41485.445 GC heap after
Heap after GC invocations=17873 (full 2):
 par new generation   total 153344K, used 6505K [0x0000000089400000, 0x0000000093a60000, 0x0000000093a60000)
  eden space 136320K,   0% used [0x0000000089400000, 0x0000000089400000, 0x0000000091920000)
  from space 17024K,  38% used [0x00000000929c0000, 0x000000009301a5d0, 0x0000000093a60000)
  to   space 17024K,   0% used [0x0000000091920000, 0x0000000091920000, 0x00000000929c0000)
 concurrent mark-sweep generation total 1775232K, used 1421770K [0x0000000093a60000, 0x0000000100000000, 0x0000000100000000)
 Metaspace       used 65937K, capacity 70319K, committed 70488K, reserved 1110016K
  class space    used 8078K, capacity 9066K, committed 9120K, reserved 1048576K
}
Event: 41487.876 GC heap before
{Heap before GC invocations=17873 (full 2):
 par new generation   total 153344K, used 142825K [0x0000000089400000, 0x0000000093a60000, 0x0000000093a60000)
  eden space 136320K, 100% used [0x0000000089400000, 0x0000000091920000, 0x0000000091920000)
  from space 17024K,  38% used [0x00000000929c0000, 0x000000009301a5d0, 0x0000000093a60000)
  to   space 17024K,   0% used [0x0000000091920000, 0x0000000091920000, 0x00000000929c0000)
 concurrent mark-sweep generation total 1775232K, used 1421770K [0x0000000093a60000, 0x0000000100000000, 0x0000000100000000)
 Metaspace       used 65939K, capacity 70319K, committed 70488K, reserved 1110016K
  class space    used 8078K, capacity 9066K, committed 9120K, reserved 1048576K
Event: 41487.892 GC heap after
Heap after GC invocations=17874 (full 2):
 par new generation   total 153344K, used 4349K [0x0000000089400000, 0x0000000093a60000, 0x0000000093a60000)
  eden space 136320K,   0% used [0x0000000089400000, 0x0000000089400000, 0x0000000091920000)
  from space 17024K,  25% used [0x0000000091920000, 0x0000000091d5f518, 0x00000000929c0000)
  to   space 17024K,   0% used [0x00000000929c0000, 0x00000000929c0000, 0x0000000093a60000)
 concurrent mark-sweep generation total 1775232K, used 1423226K [0x0000000093a60000, 0x0000000100000000, 0x0000000100000000)
 Metaspace       used 65939K, capacity 70319K, committed 70488K, reserved 1110016K
  class space    used 8078K, capacity 9066K, committed 9120K, reserved 1048576K
}
Event: 41490.477 GC heap before
{Heap before GC invocations=17874 (full 2):
 par new generation   total 153344K, used 140669K [0x0000000089400000, 0x0000000093a60000, 0x0000000093a60000)
  eden space 136320K, 100% used [0x0000000089400000, 0x0000000091920000, 0x0000000091920000)
  from space 17024K,  25% used [0x0000000091920000, 0x0000000091d5f518, 0x00000000929c0000)
  to   space 17024K,   0% used [0x00000000929c0000, 0x00000000929c0000, 0x0000000093a60000)
 concurrent mark-sweep generation total 1775232K, used 1423226K [0x0000000093a60000, 0x0000000100000000, 0x0000000100000000)
 Metaspace       used 65939K, capacity 70319K, committed 70488K, reserved 1110016K
  class space    used 8078K, capacity 9066K, committed 9120K, reserved 1048576K
Event: 41490.489 GC heap after
Heap after GC invocations=17875 (full 2):
 par new generation   total 153344K, used 3069K [0x0000000089400000, 0x0000000093a60000, 0x0000000093a60000)
  eden space 136320K,   0% used [0x0000000089400000, 0x0000000089400000, 0x0000000091920000)
  from space 17024K,  18% used [0x00000000929c0000, 0x0000000092cbf420, 0x0000000093a60000)
  to   space 17024K,   0% used [0x0000000091920000, 0x0000000091920000, 0x00000000929c0000)
 concurrent mark-sweep generation total 1775232K, used 1424673K [0x0000000093a60000, 0x0000000100000000, 0x0000000100000000)
 Metaspace       used 65939K, capacity 70319K, committed 70488K, reserved 1110016K
  class space    used 8078K, capacity 9066K, committed 9120K, reserved 1048576K
}
Event: 41492.928 GC heap before
{Heap before GC invocations=17875 (full 2):
 par new generation   total 153344K, used 139389K [0x0000000089400000, 0x0000000093a60000, 0x0000000093a60000)
  eden space 136320K, 100% used [0x0000000089400000, 0x0000000091920000, 0x0000000091920000)
  from space 17024K,  18% used [0x00000000929c0000, 0x0000000092cbf420, 0x0000000093a60000)
  to   space 17024K,   0% used [0x0000000091920000, 0x0000000091920000, 0x00000000929c0000)
 concurrent mark-sweep generation total 1775232K, used 1424673K [0x0000000093a60000, 0x0000000100000000, 0x0000000100000000)
 Metaspace       used 65940K, capacity 70319K, committed 70488K, reserved 1110016K
  class space    used 8078K, capacity 9066K, committed 9120K, reserved 1048576K
Event: 41492.938 GC heap after
Heap after GC invocations=17876 (full 2):
 par new generation   total 153344K, used 3592K [0x0000000089400000, 0x0000000093a60000, 0x0000000093a60000)
  eden space 136320K,   0% used [0x0000000089400000, 0x0000000089400000, 0x0000000091920000)
  from space 17024K,  21% used [0x0000000091920000, 0x0000000091ca20e8, 0x00000000929c0000)
  to   space 17024K,   0% used [0x00000000929c0000, 0x00000000929c0000, 0x0000000093a60000)
 concurrent mark-sweep generation total 1775232K, used 1424681K [0x0000000093a60000, 0x0000000100000000, 0x0000000100000000)
 Metaspace       used 65940K, capacity 70319K, committed 70488K, reserved 1110016K
  class space    used 8078K, capacity 9066K, committed 9120K, reserved 1048576K
}
Event: 41495.477 GC heap before
{Heap before GC invocations=17876 (full 2):
 par new generation   total 153344K, used 139912K [0x0000000089400000, 0x0000000093a60000, 0x0000000093a60000)
  eden space 136320K, 100% used [0x0000000089400000, 0x0000000091920000, 0x0000000091920000)
  from space 17024K,  21% used [0x0000000091920000, 0x0000000091ca20e8, 0x00000000929c0000)
  to   space 17024K,   0% used [0x00000000929c0000, 0x00000000929c0000, 0x0000000093a60000)
 concurrent mark-sweep generation total 1775232K, used 1424681K [0x0000000093a60000, 0x0000000100000000, 0x0000000100000000)
 Metaspace       used 65940K, capacity 70319K, committed 70488K, reserved 1110016K
  class space    used 8078K, capacity 9066K, committed 9120K, reserved 1048576K
Event: 41495.487 GC heap after
Heap after GC invocations=17877 (full 2):
 par new generation   total 153344K, used 3742K [0x0000000089400000, 0x0000000093a60000, 0x0000000093a60000)
  eden space 136320K,   0% used [0x0000000089400000, 0x0000000089400000, 0x0000000091920000)
  from space 17024K,  21% used [0x00000000929c0000, 0x0000000092d67ad8, 0x0000000093a60000)
  to   space 17024K,   0% used [0x0000000091920000, 0x0000000091920000, 0x00000000929c0000)
 concurrent mark-sweep generation total 1775232K, used 1424826K [0x0000000093a60000, 0x0000000100000000, 0x0000000100000000)
 Metaspace       used 65940K, capacity 70319K, committed 70488K, reserved 1110016K
  class space    used 8078K, capacity 9066K, committed 9120K, reserved 1048576K
}
Event: 41497.930 GC heap before
{Heap before GC invocations=17877 (full 2):
 par new generation   total 153344K, used 140062K [0x0000000089400000, 0x0000000093a60000, 0x0000000093a60000)
  eden space 136320K, 100% used [0x0000000089400000, 0x0000000091920000, 0x0000000091920000)
  from space 17024K,  21% used [0x00000000929c0000, 0x0000000092d67ad8, 0x0000000093a60000)
  to   space 17024K,   0% used [0x0000000091920000, 0x0000000091920000, 0x00000000929c0000)
 concurrent mark-sweep generation total 1775232K, used 1424826K [0x0000000093a60000, 0x0000000100000000, 0x0000000100000000)
 Metaspace       used 65940K, capacity 70319K, committed 70488K, reserved 1110016K
  class space    used 8078K, capacity 9066K, committed 9120K, reserved 1048576K
Event: 41497.940 GC heap after
Heap after GC invocations=17878 (full 2):
 par new generation   total 153344K, used 3629K [0x0000000089400000, 0x0000000093a60000, 0x0000000093a60000)
  eden space 136320K,   0% used [0x0000000089400000, 0x0000000089400000, 0x0000000091920000)
  from space 17024K,  21% used [0x0000000091920000, 0x0000000091cab650, 0x00000000929c0000)
  to   space 17024K,   0% used [0x00000000929c0000, 0x00000000929c0000, 0x0000000093a60000)
 concurrent mark-sweep generation total 1775232K, used 1424840K [0x0000000093a60000, 0x0000000100000000, 0x0000000100000000)
 Metaspace       used 65940K, capacity 70319K, committed 70488K, reserved 1110016K
  class space    used 8078K, capacity 9066K, committed 9120K, reserved 1048576K
}
Event: 41499.957 GC heap before
{Heap before GC invocations=17878 (full 2):
 par new generation   total 153344K, used 139949K [0x0000000089400000, 0x0000000093a60000, 0x0000000093a60000)
  eden space 136320K, 100% used [0x0000000089400000, 0x0000000091920000, 0x0000000091920000)
  from space 17024K,  21% used [0x0000000091920000, 0x0000000091cab650, 0x00000000929c0000)
  to   space 17024K,   0% used [0x00000000929c0000, 0x00000000929c0000, 0x0000000093a60000)
 concurrent mark-sweep generation total 1775232K, used 1424840K [0x0000000093a60000, 0x0000000100000000, 0x0000000100000000)
 Metaspace       used 65940K, capacity 70319K, committed 70488K, reserved 1110016K
  class space    used 8078K, capacity 9066K, committed 9120K, reserved 1048576K
Event: 41499.968 GC heap after
Heap after GC invocations=17879 (full 2):
 par new generation   total 153344K, used 3603K [0x0000000089400000, 0x0000000093a60000, 0x0000000093a60000)
  eden space 136320K,   0% used [0x0000000089400000, 0x0000000089400000, 0x0000000091920000)
  from space 17024K,  21% used [0x00000000929c0000, 0x0000000092d44ee8, 0x0000000093a60000)
  to   space 17024K,   0% used [0x0000000091920000, 0x0000000091920000, 0x00000000929c0000)
 concurrent mark-sweep generation total 1775232K, used 1424849K [0x0000000093a60000, 0x0000000100000000, 0x0000000100000000)
 Metaspace       used 65940K, capacity 70319K, committed 70488K, reserved 1110016K
  class space    used 8078K, capacity 9066K, committed 9120K, reserved 1048576K
}
Event: 41503.202 GC heap before
{Heap before GC invocations=17879 (full 2):
 par new generation   total 153344K, used 139923K [0x0000000089400000, 0x0000000093a60000, 0x0000000093a60000)
  eden space 136320K, 100% used [0x0000000089400000, 0x0000000091920000, 0x0000000091920000)
  from space 17024K,  21% used [0x00000000929c0000, 0x0000000092d44ee8, 0x0000000093a60000)
  to   space 17024K,   0% used [0x0000000091920000, 0x0000000091920000, 0x00000000929c0000)
 concurrent mark-sweep generation total 1775232K, used 1424849K [0x0000000093a60000, 0x0000000100000000, 0x0000000100000000)
 Metaspace       used 65940K, capacity 70319K, committed 70488K, reserved 1110016K
  class space    used 8078K, capacity 9066K, committed 9120K, reserved 1048576K
Event: 41503.214 GC heap after
Heap after GC invocations=17880 (full 2):
 par new generation   total 153344K, used 4638K [0x0000000089400000, 0x0000000093a60000, 0x0000000093a60000)
  eden space 136320K,   0% used [0x0000000089400000, 0x0000000089400000, 0x0000000091920000)
  from space 17024K,  27% used [0x0000000091920000, 0x0000000091da79f8, 0x00000000929c0000)
  to   space 17024K,   0% used [0x00000000929c0000, 0x00000000929c0000, 0x0000000093a60000)
 concurrent mark-sweep generation total 1775232K, used 1425844K [0x0000000093a60000, 0x0000000100000000, 0x0000000100000000)
 Metaspace       used 65940K, capacity 70319K, committed 70488K, reserved 1110016K
  class space    used 8078K, capacity 9066K, committed 9120K, reserved 1048576K
}
Event: 41506.751 GC heap before
{Heap before GC invocations=17880 (full 2):
 par new generation   total 153344K, used 140958K [0x0000000089400000, 0x0000000093a60000, 0x0000000093a60000)
  eden space 136320K, 100% used [0x0000000089400000, 0x0000000091920000, 0x0000000091920000)
  from space 17024K,  27% used [0x0000000091920000, 0x0000000091da79f8, 0x00000000929c0000)
  to   space 17024K,   0% used [0x00000000929c0000, 0x00000000929c0000, 0x0000000093a60000)
 concurrent mark-sweep generation total 1775232K, used 1425844K [0x0000000093a60000, 0x0000000100000000, 0x0000000100000000)
 Metaspace       used 65940K, capacity 70319K, committed 70488K, reserved 1110016K
  class space    used 8078K, capacity 9066K, committed 9120K, reserved 1048576K
Event: 41506.763 GC heap after
Heap after GC invocations=17881 (full 2):
 par new generation   total 153344K, used 4838K [0x0000000089400000, 0x0000000093a60000, 0x0000000093a60000)
  eden space 136320K,   0% used [0x0000000089400000, 0x0000000089400000, 0x0000000091920000)
  from space 17024K,  28% used [0x00000000929c0000, 0x0000000092e79870, 0x0000000093a60000)
  to   space 17024K,   0% used [0x0000000091920000, 0x0000000091920000, 0x00000000929c0000)
 concurrent mark-sweep generation total 1775232K, used 1425855K [0x0000000093a60000, 0x0000000100000000, 0x0000000100000000)
 Metaspace       used 65940K, capacity 70319K, committed 70488K, reserved 1110016K
  class space    used 8078K, capacity 9066K, committed 9120K, reserved 1048576K
}
Event: 41510.610 GC heap before
{Heap before GC invocations=17881 (full 2):
 par new generation   total 153344K, used 141158K [0x0000000089400000, 0x0000000093a60000, 0x0000000093a60000)
  eden space 136320K, 100% used [0x0000000089400000, 0x0000000091920000, 0x0000000091920000)
  from space 17024K,  28% used [0x00000000929c0000, 0x0000000092e79870, 0x0000000093a60000)
  to   space 17024K,   0% used [0x0000000091920000, 0x0000000091920000, 0x00000000929c0000)
 concurrent mark-sweep generation total 1775232K, used 1425855K [0x0000000093a60000, 0x0000000100000000, 0x0000000100000000)
 Metaspace       used 65940K, capacity 70319K, committed 70488K, reserved 1110016K
  class space    used 8078K, capacity 9066K, committed 9120K, reserved 1048576K
Event: 41510.622 GC heap after
Heap after GC invocations=17882 (full 2):
 par new generation   total 153344K, used 5971K [0x0000000089400000, 0x0000000093a60000, 0x0000000093a60000)
  eden space 136320K,   0% used [0x0000000089400000, 0x0000000089400000, 0x0000000091920000)
  from space 17024K,  35% used [0x0000000091920000, 0x0000000091ef4ce0, 0x00000000929c0000)
  to   space 17024K,   0% used [0x00000000929c0000, 0x00000000929c0000, 0x0000000093a60000)
 concurrent mark-sweep generation total 1775232K, used 1425937K [0x0000000093a60000, 0x0000000100000000, 0x0000000100000000)
 Metaspace       used 65940K, capacity 70319K, committed 70488K, reserved 1110016K
  class space    used 8078K, capacity 9066K, committed 9120K, reserved 1048576K
}
Event: 41514.662 GC heap before
{Heap before GC invocations=17882 (full 2):
 par new generation   total 153344K, used 142291K [0x0000000089400000, 0x0000000093a60000, 0x0000000093a60000)
  eden space 136320K, 100% used [0x0000000089400000, 0x0000000091920000, 0x0000000091920000)
  from space 17024K,  35% used [0x0000000091920000, 0x0000000091ef4ce0, 0x00000000929c0000)
  to   space 17024K,   0% used [0x00000000929c0000, 0x00000000929c0000, 0x0000000093a60000)
 concurrent mark-sweep generation total 1775232K, used 1425937K [0x0000000093a60000, 0x0000000100000000, 0x0000000100000000)
 Metaspace       used 65940K, capacity 70319K, committed 70488K, reserved 1110016K
  class space    used 8078K, capacity 9066K, committed 9120K, reserved 1048576K
Event: 41514.674 GC heap after
Heap after GC invocations=17883 (full 2):
 par new generation   total 153344K, used 6584K [0x0000000089400000, 0x0000000093a60000, 0x0000000093a60000)
  eden space 136320K,   0% used [0x0000000089400000, 0x0000000089400000, 0x0000000091920000)
  from space 17024K,  38% used [0x00000000929c0000, 0x000000009302e3d0, 0x0000000093a60000)
  to   space 17024K,   0% used [0x0000000091920000, 0x0000000091920000, 0x00000000929c0000)
 concurrent mark-sweep generation total 1775232K, used 1425957K [0x0000000093a60000, 0x0000000100000000, 0x0000000100000000)
 Metaspace       used 65940K, capacity 70319K, committed 70488K, reserved 1110016K
  class space    used 8078K, capacity 9066K, committed 9120K, reserved 1048576K
}
Event: 41518.613 GC heap before
{Heap before GC invocations=17883 (full 2):
 par new generation   total 153344K, used 142904K [0x0000000089400000, 0x0000000093a60000, 0x0000000093a60000)
  eden space 136320K, 100% used [0x0000000089400000, 0x0000000091920000, 0x0000000091920000)
  from space 17024K,  38% used [0x00000000929c0000, 0x000000009302e3d0, 0x0000000093a60000)
  to   space 17024K,   0% used [0x0000000091920000, 0x0000000091920000, 0x00000000929c0000)
 concurrent mark-sweep generation total 1775232K, used 1425957K [0x0000000093a60000, 0x0000000100000000, 0x0000000100000000)
 Metaspace       used 65940K, capacity 70319K, committed 70488K, reserved 1110016K
  class space    used 8078K, capacity 9066K, committed 9120K, reserved 1048576K
Event: 41518.626 GC heap after
Heap after GC invocations=17884 (full 2):
 par new generation   total 153344K, used 7203K [0x0000000089400000, 0x0000000093a60000, 0x0000000093a60000)
  eden space 136320K,   0% used [0x0000000089400000, 0x0000000089400000, 0x0000000091920000)
  from space 17024K,  42% used [0x0000000091920000, 0x0000000092028df8, 0x00000000929c0000)
  to   space 17024K,   0% used [0x00000000929c0000, 0x00000000929c0000, 0x0000000093a60000)
 concurrent mark-sweep generation total 1775232K, used 1425975K [0x0000000093a60000, 0x0000000100000000, 0x0000000100000000)
 Metaspace       used 65940K, capacity 70319K, committed 70488K, reserved 1110016K
  class space    used 8078K, capacity 9066K, committed 9120K, reserved 1048576K
}
Event: 41522.514 GC heap before
{Heap before GC invocations=17884 (full 2):
 par new generation   total 153344K, used 143523K [0x0000000089400000, 0x0000000093a60000, 0x0000000093a60000)
  eden space 136320K, 100% used [0x0000000089400000, 0x0000000091920000, 0x0000000091920000)
  from space 17024K,  42% used [0x0000000091920000, 0x0000000092028df8, 0x00000000929c0000)
  to   space 17024K,   0% used [0x00000000929c0000, 0x00000000929c0000, 0x0000000093a60000)
 concurrent mark-sweep generation total 1775232K, used 1425975K [0x0000000093a60000, 0x0000000100000000, 0x0000000100000000)
 Metaspace       used 65940K, capacity 70319K, committed 70488K, reserved 1110016K
  class space    used 8078K, capacity 9066K, committed 9120K, reserved 1048576K
Event: 41522.529 GC heap after
Heap after GC invocations=17885 (full 2):
 par new generation   total 153344K, used 7988K [0x0000000089400000, 0x0000000093a60000, 0x0000000093a60000)
  eden space 136320K,   0% used [0x0000000089400000, 0x0000000089400000, 0x0000000091920000)
  from space 17024K,  46% used [0x00000000929c0000, 0x000000009318d250, 0x0000000093a60000)
  to   space 17024K,   0% used [0x0000000091920000, 0x0000000091920000, 0x00000000929c0000)
 concurrent mark-sweep generation total 1775232K, used 1426888K [0x0000000093a60000, 0x0000000100000000, 0x0000000100000000)
 Metaspace       used 65940K, capacity 70319K, committed 70488K, reserved 1110016K
  class space    used 8078K, capacity 9066K, committed 9120K, reserved 1048576K
}
Event: 41526.266 GC heap before
{Heap before GC invocations=17885 (full 2):
 par new generation   total 153344K, used 144308K [0x0000000089400000, 0x0000000093a60000, 0x0000000093a60000)
  eden space 136320K, 100% used [0x0000000089400000, 0x0000000091920000, 0x0000000091920000)
  from space 17024K,  46% used [0x00000000929c0000, 0x000000009318d250, 0x0000000093a60000)
  to   space 17024K,   0% used [0x0000000091920000, 0x0000000091920000, 0x00000000929c0000)
 concurrent mark-sweep generation total 1775232K, used 1426888K [0x0000000093a60000, 0x0000000100000000, 0x0000000100000000)
 Metaspace       used 65940K, capacity 70319K, committed 70488K, reserved 1110016K
  class space    used 8078K, capacity 9066K, committed 9120K, reserved 1048576K
Event: 41526.281 GC heap after
Heap after GC invocations=17886 (full 2):
 par new generation   total 153344K, used 8290K [0x0000000089400000, 0x0000000093a60000, 0x0000000093a60000)
  eden space 136320K,   0% used [0x0000000089400000, 0x0000000089400000, 0x0000000091920000)
  from space 17024K,  48% used [0x0000000091920000, 0x0000000092138980, 0x00000000929c0000)
  to   space 17024K,   0% used [0x00000000929c0000, 0x00000000929c0000, 0x0000000093a60000)
 concurrent mark-sweep generation total 1775232K, used 1427794K [0x0000000093a60000, 0x0000000100000000, 0x0000000100000000)
 Metaspace       used 65940K, capacity 70319K, committed 70488K, reserved 1110016K
  class space    used 8078K, capacity 9066K, committed 9120K, reserved 1048576K
}
Event: 41529.785 GC heap before
{Heap before GC invocations=17886 (full 2):
 par new generation   total 153344K, used 144610K [0x0000000089400000, 0x0000000093a60000, 0x0000000093a60000)
  eden space 136320K, 100% used [0x0000000089400000, 0x0000000091920000, 0x0000000091920000)
  from space 17024K,  48% used [0x0000000091920000, 0x0000000092138980, 0x00000000929c0000)
  to   space 17024K,   0% used [0x00000000929c0000, 0x00000000929c0000, 0x0000000093a60000)
 concurrent mark-sweep generation total 1775232K, used 1427794K [0x0000000093a60000, 0x0000000100000000, 0x0000000100000000)
 Metaspace       used 65941K, capacity 70319K, committed 70488K, reserved 1110016K
  class space    used 8078K, capacity 9066K, committed 9120K, reserved 1048576K
Event: 41529.801 GC heap after
Heap after GC invocations=17887 (full 2):
 par new generation   total 153344K, used 8662K [0x0000000089400000, 0x0000000093a60000, 0x0000000093a60000)
  eden space 136320K,   0% used [0x0000000089400000, 0x0000000089400000, 0x0000000091920000)
  from space 17024K,  50% used [0x00000000929c0000, 0x0000000093235a68, 0x0000000093a60000)
  to   space 17024K,   0% used [0x0000000091920000, 0x0000000091920000, 0x00000000929c0000)
 concurrent mark-sweep generation total 1775232K, used 1429533K [0x0000000093a60000, 0x0000000100000000, 0x0000000100000000)
 Metaspace       used 65941K, capacity 70319K, committed 70488K, reserved 1110016K
  class space    used 8078K, capacity 9066K, committed 9120K, reserved 1048576K
}
Event: 41533.645 GC heap before
{Heap before GC invocations=17887 (full 2):
 par new generation   total 153344K, used 144982K [0x0000000089400000, 0x0000000093a60000, 0x0000000093a60000)
  eden space 136320K, 100% used [0x0000000089400000, 0x0000000091920000, 0x0000000091920000)
  from space 17024K,  50% used [0x00000000929c0000, 0x0000000093235a68, 0x0000000093a60000)
  to   space 17024K,   0% used [0x0000000091920000, 0x0000000091920000, 0x00000000929c0000)
 concurrent mark-sweep generation total 1775232K, used 1429533K [0x0000000093a60000, 0x0000000100000000, 0x0000000100000000)
 Metaspace       used 65941K, capacity 70319K, committed 70488K, reserved 1110016K
  class space    used 8078K, capacity 9066K, committed 9120K, reserved 1048576K
Event: 41533.659 GC heap after
Heap after GC invocations=17888 (full 2):
 par new generation   total 153344K, used 8411K [0x0000000089400000, 0x0000000093a60000, 0x0000000093a60000)
  eden space 136320K,   0% used [0x0000000089400000, 0x0000000089400000, 0x0000000091920000)
  from space 17024K,  49% used [0x0000000091920000, 0x0000000092156d18, 0x00000000929c0000)
  to   space 17024K,   0% used [0x00000000929c0000, 0x00000000929c0000, 0x0000000093a60000)
 concurrent mark-sweep generation total 1775232K, used 1429638K [0x0000000093a60000, 0x0000000100000000, 0x0000000100000000)
 Metaspace       used 65941K, capacity 70319K, committed 70488K, reserved 1110016K
  class space    used 8078K, capacity 9066K, committed 9120K, reserved 1048576K
}
Event: 41537.644 GC heap before
{Heap before GC invocations=17888 (full 2):
 par new generation   total 153344K, used 144731K [0x0000000089400000, 0x0000000093a60000, 0x0000000093a60000)
  eden space 136320K, 100% used [0x0000000089400000, 0x0000000091920000, 0x0000000091920000)
  from space 17024K,  49% used [0x0000000091920000, 0x0000000092156d18, 0x00000000929c0000)
  to   space 17024K,   0% used [0x00000000929c0000, 0x00000000929c0000, 0x0000000093a60000)
 concurrent mark-sweep generation total 1775232K, used 1429638K [0x0000000093a60000, 0x0000000100000000, 0x0000000100000000)
 Metaspace       used 65941K, capacity 70319K, committed 70488K, reserved 1110016K
  class space    used 8078K, capacity 9066K, committed 9120K, reserved 1048576K
Event: 41537.658 GC heap after
Heap after GC invocations=17889 (full 2):
 par new generation   total 153344K, used 8910K [0x0000000089400000, 0x0000000093a60000, 0x0000000093a60000)
  eden space 136320K,   0% used [0x0000000089400000, 0x0000000089400000, 0x0000000091920000)
  from space 17024K,  52% used [0x00000000929c0000, 0x0000000093273b30, 0x0000000093a60000)
  to   space 17024K,   0% used [0x0000000091920000, 0x0000000091920000, 0x00000000929c0000)
 concurrent mark-sweep generation total 1775232K, used 1429758K [0x0000000093a60000, 0x0000000100000000, 0x0000000100000000)
 Metaspace       used 65941K, capacity 70319K, committed 70488K, reserved 1110016K
  class space    used 8078K, capacity 9066K, committed 9120K, reserved 1048576K
}
Event: 41541.546 GC heap before
{Heap before GC invocations=17889 (full 2):
 par new generation   total 153344K, used 145230K [0x0000000089400000, 0x0000000093a60000, 0x0000000093a60000)
  eden space 136320K, 100% used [0x0000000089400000, 0x0000000091920000, 0x0000000091920000)
  from space 17024K,  52% used [0x00000000929c0000, 0x0000000093273b30, 0x0000000093a60000)
  to   space 17024K,   0% used [0x0000000091920000, 0x0000000091920000, 0x00000000929c0000)
 concurrent mark-sweep generation total 1775232K, used 1429758K [0x0000000093a60000, 0x0000000100000000, 0x0000000100000000)
 Metaspace       used 65941K, capacity 70319K, committed 70488K, reserved 1110016K
  class space    used 8078K, capacity 9066K, committed 9120K, reserved 1048576K
Event: 41541.562 GC heap after
Heap after GC invocations=17890 (full 2):
 par new generation   total 153344K, used 10240K [0x0000000089400000, 0x0000000093a60000, 0x0000000093a60000)
  eden space 136320K,   0% used [0x0000000089400000, 0x0000000089400000, 0x0000000091920000)
  from space 17024K,  60% used [0x0000000091920000, 0x0000000092320128, 0x00000000929c0000)
  to   space 17024K,   0% used [0x00000000929c0000, 0x00000000929c0000, 0x0000000093a60000)
 concurrent mark-sweep generation total 1775232K, used 1430411K [0x0000000093a60000, 0x0000000100000000, 0x0000000100000000)
 Metaspace       used 65941K, capacity 70319K, committed 70488K, reserved 1110016K
  class space    used 8078K, capacity 9066K, committed 9120K, reserved 1048576K
}
Event: 41545.318 GC heap before
{Heap before GC invocations=17890 (full 2):
 par new generation   total 153344K, used 146560K [0x0000000089400000, 0x0000000093a60000, 0x0000000093a60000)
  eden space 136320K, 100% used [0x0000000089400000, 0x0000000091920000, 0x0000000091920000)
  from space 17024K,  60% used [0x0000000091920000, 0x0000000092320128, 0x00000000929c0000)
  to   space 17024K,   0% used [0x00000000929c0000, 0x00000000929c0000, 0x0000000093a60000)
 concurrent mark-sweep generation total 1775232K, used 1430411K [0x0000000093a60000, 0x0000000100000000, 0x0000000100000000)
 Metaspace       used 65941K, capacity 70319K, committed 70488K, reserved 1110016K
  class space    used 8078K, capacity 9066K, committed 9120K, reserved 1048576K
Event: 41545.335 GC heap after
Heap after GC invocations=17891 (full 2):
 par new generation   total 153344K, used 11238K [0x0000000089400000, 0x0000000093a60000, 0x0000000093a60000)
  eden space 136320K,   0% used [0x0000000089400000, 0x0000000089400000, 0x0000000091920000)
  from space 17024K,  66% used [0x00000000929c0000, 0x00000000934b9b00, 0x0000000093a60000)
  to   space 17024K,   0% used [0x0000000091920000, 0x0000000091920000, 0x00000000929c0000)
 concurrent mark-sweep generation total 1775232K, used 1431292K [0x0000000093a60000, 0x0000000100000000, 0x0000000100000000)
 Metaspace       used 65941K, capacity 70319K, committed 70488K, reserved 1110016K
  class space    used 8078K, capacity 9066K, committed 9120K, reserved 1048576K
}
Event: 41549.203 GC heap before
{Heap before GC invocations=17891 (full 2):
 par new generation   total 153344K, used 147558K [0x0000000089400000, 0x0000000093a60000, 0x0000000093a60000)
  eden space 136320K, 100% used [0x0000000089400000, 0x0000000091920000, 0x0000000091920000)
  from space 17024K,  66% used [0x00000000929c0000, 0x00000000934b9b00, 0x0000000093a60000)
  to   space 17024K,   0% used [0x0000000091920000, 0x0000000091920000, 0x00000000929c0000)
 concurrent mark-sweep generation total 1775232K, used 1431292K [0x0000000093a60000, 0x0000000100000000, 0x0000000100000000)
 Metaspace       used 65941K, capacity 70319K, committed 70488K, reserved 1110016K
  class space    used 8078K, capacity 9066K, committed 9120K, reserved 1048576K
Event: 41549.219 GC heap after
Heap after GC invocations=17892 (full 2):
 par new generation   total 153344K, used 10985K [0x0000000089400000, 0x0000000093a60000, 0x0000000093a60000)
  eden space 136320K,   0% used [0x0000000089400000, 0x0000000089400000, 0x0000000091920000)
  from space 17024K,  64% used [0x0000000091920000, 0x00000000923da410, 0x00000000929c0000)
  to   space 17024K,   0% used [0x00000000929c0000, 0x00000000929c0000, 0x0000000093a60000)
 concurrent mark-sweep generation total 1775232K, used 1432050K [0x0000000093a60000, 0x0000000100000000, 0x0000000100000000)
 Metaspace       used 65941K, capacity 70319K, committed 70488K, reserved 1110016K
  class space    used 8078K, capacity 9066K, committed 9120K, reserved 1048576K
}
Event: 41551.766 GC heap before
{Heap before GC invocations=17892 (full 2):
 par new generation   total 153344K, used 147305K [0x0000000089400000, 0x0000000093a60000, 0x0000000093a60000)
  eden space 136320K, 100% used [0x0000000089400000, 0x0000000091920000, 0x0000000091920000)
  from space 17024K,  64% used [0x0000000091920000, 0x00000000923da410, 0x00000000929c0000)
  to   space 17024K,   0% used [0x00000000929c0000, 0x00000000929c0000, 0x0000000093a60000)
 concurrent mark-sweep generation total 1775232K, used 1432050K [0x0000000093a60000, 0x0000000100000000, 0x0000000100000000)
 Metaspace       used 65941K, capacity 70319K, committed 70488K, reserved 1110016K
  class space    used 8078K, capacity 9066K, committed 9120K, reserved 1048576K
Event: 41551.783 GC heap after
Heap after GC invocations=17893 (full 2):
 par new generation   total 153344K, used 10692K [0x0000000089400000, 0x0000000093a60000, 0x0000000093a60000)
  eden space 136320K,   0% used [0x0000000089400000, 0x0000000089400000, 0x0000000091920000)
  from space 17024K,  62% used [0x00000000929c0000, 0x0000000093431018, 0x0000000093a60000)
  to   space 17024K,   0% used [0x0000000091920000, 0x0000000091920000, 0x00000000929c0000)
 concurrent mark-sweep generation total 1775232K, used 1432676K [0x0000000093a60000, 0x0000000100000000, 0x0000000100000000)
 Metaspace       used 65941K, capacity 70319K, committed 70488K, reserved 1110016K
  class space    used 8078K, capacity 9066K, committed 9120K, reserved 1048576K
}
Event: 41553.847 GC heap before
{Heap before GC invocations=17893 (full 2):
 par new generation   total 153344K, used 147012K [0x0000000089400000, 0x0000000093a60000, 0x0000000093a60000)
  eden space 136320K, 100% used [0x0000000089400000, 0x0000000091920000, 0x0000000091920000)
  from space 17024K,  62% used [0x00000000929c0000, 0x0000000093431018, 0x0000000093a60000)
  to   space 17024K,   0% used [0x0000000091920000, 0x0000000091920000, 0x00000000929c0000)
 concurrent mark-sweep generation total 1775232K, used 1432676K [0x0000000093a60000, 0x0000000100000000, 0x0000000100000000)
 Metaspace       used 65941K, capacity 70319K, committed 70488K, reserved 1110016K
  class space    used 8078K, capacity 9066K, committed 9120K, reserved 1048576K
Event: 41553.879 GC heap after
Heap after GC invocations=17894 (full 2):
 par new generation   total 153344K, used 12440K [0x0000000089400000, 0x0000000093a60000, 0x0000000093a60000)
  eden space 136320K,   0% used [0x0000000089400000, 0x0000000089400000, 0x0000000091920000)
  from space 17024K,  73% used [0x0000000091920000, 0x00000000925463b8, 0x00000000929c0000)
  to   space 17024K,   0% used [0x00000000929c0000, 0x00000000929c0000, 0x0000000093a60000)
 concurrent mark-sweep generation total 1775232K, used 1433658K [0x0000000093a60000, 0x0000000100000000, 0x0000000100000000)
 Metaspace       used 65941K, capacity 70319K, committed 70488K, reserved 1110016K
  class space    used 8078K, capacity 9066K, committed 9120K, reserved 1048576K
}
Event: 41555.835 GC heap before
{Heap before GC invocations=17894 (full 2):
 par new generation   total 153344K, used 148760K [0x0000000089400000, 0x0000000093a60000, 0x0000000093a60000)
  eden space 136320K, 100% used [0x0000000089400000, 0x0000000091920000, 0x0000000091920000)
  from space 17024K,  73% used [0x0000000091920000, 0x00000000925463b8, 0x00000000929c0000)
  to   space 17024K,   0% used [0x00000000929c0000, 0x00000000929c0000, 0x0000000093a60000)
 concurrent mark-sweep generation total 1775232K, used 1433658K [0x0000000093a60000, 0x0000000100000000, 0x0000000100000000)
 Metaspace       used 65941K, capacity 70319K, committed 70488K, reserved 1110016K
  class space    used 8078K, capacity 9066K, committed 9120K, reserved 1048576K
Event: 41555.850 GC heap after
Heap after GC invocations=17895 (full 2):
 par new generation   total 153344K, used 12344K [0x0000000089400000, 0x0000000093a60000, 0x0000000093a60000)
  eden space 136320K,   0% used [0x0000000089400000, 0x0000000089400000, 0x0000000091920000)
  from space 17024K,  72% used [0x00000000929c0000, 0x00000000935ce040, 0x0000000093a60000)
  to   space 17024K,   0% used [0x0000000091920000, 0x0000000091920000, 0x00000000929c0000)
 concurrent mark-sweep generation total 1775232K, used 1434484K [0x0000000093a60000, 0x0000000100000000, 0x0000000100000000)
 Metaspace       used 65941K, capacity 70319K, committed 70488K, reserved 1110016K
  class space    used 8078K, capacity 9066K, committed 9120K, reserved 1048576K
}
Event: 41557.523 GC heap before
{Heap before GC invocations=17895 (full 2):
 par new generation   total 153344K, used 148664K [0x0000000089400000, 0x0000000093a60000, 0x0000000093a60000)
  eden space 136320K, 100% used [0x0000000089400000, 0x0000000091920000, 0x0000000091920000)
  from space 17024K,  72% used [0x00000000929c0000, 0x00000000935ce040, 0x0000000093a60000)
  to   space 17024K,   0% used [0x0000000091920000, 0x0000000091920000, 0x00000000929c0000)
 concurrent mark-sweep generation total 1775232K, used 1434484K [0x0000000093a60000, 0x0000000100000000, 0x0000000100000000)
 Metaspace       used 65943K, capacity 70323K, committed 70488K, reserved 1110016K
  class space    used 8078K, capacity 9066K, committed 9120K, reserved 1048576K
Event: 41557.540 GC heap after
Heap after GC invocations=17896 (full 2):
 par new generation   total 153344K, used 11766K [0x0000000089400000, 0x0000000093a60000, 0x0000000093a60000)
  eden space 136320K,   0% used [0x0000000089400000, 0x0000000089400000, 0x0000000091920000)
  from space 17024K,  69% used [0x0000000091920000, 0x000000009249db58, 0x00000000929c0000)
  to   space 17024K,   0% used [0x00000000929c0000, 0x00000000929c0000, 0x0000000093a60000)
 concurrent mark-sweep generation total 1775232K, used 1435274K [0x0000000093a60000, 0x0000000100000000, 0x0000000100000000)
 Metaspace       used 65943K, capacity 70323K, committed 70488K, reserved 1110016K
  class space    used 8078K, capacity 9066K, committed 9120K, reserved 1048576K
}
Event: 41558.817 GC heap before
{Heap before GC invocations=17896 (full 2):
 par new generation   total 153344K, used 148086K [0x0000000089400000, 0x0000000093a60000, 0x0000000093a60000)
  eden space 136320K, 100% used [0x0000000089400000, 0x0000000091920000, 0x0000000091920000)
  from space 17024K,  69% used [0x0000000091920000, 0x000000009249db58, 0x00000000929c0000)
  to   space 17024K,   0% used [0x00000000929c0000, 0x00000000929c0000, 0x0000000093a60000)
 concurrent mark-sweep generation total 1775232K, used 1435274K [0x0000000093a60000, 0x0000000100000000, 0x0000000100000000)
 Metaspace       used 65943K, capacity 70323K, committed 70488K, reserved 1110016K
  class space    used 8078K, capacity 9066K, committed 9120K, reserved 1048576K
Event: 41558.833 GC heap after
Heap after GC invocations=17897 (full 2):
 par new generation   total 153344K, used 10325K [0x0000000089400000, 0x0000000093a60000, 0x0000000093a60000)
  eden space 136320K,   0% used [0x0000000089400000, 0x0000000089400000, 0x0000000091920000)
  from space 17024K,  60% used [0x00000000929c0000, 0x00000000933d5578, 0x0000000093a60000)
  to   space 17024K,   0% used [0x0000000091920000, 0x0000000091920000, 0x00000000929c0000)
 concurrent mark-sweep generation total 1775232K, used 1435651K [0x0000000093a60000, 0x0000000100000000, 0x0000000100000000)
 Metaspace       used 65943K, capacity 70323K, committed 70488K, reserved 1110016K
  class space    used 8078K, capacity 9066K, committed 9120K, reserved 1048576K
}
Event: 41560.124 GC heap before
{Heap before GC invocations=17897 (full 2):
 par new generation   total 153344K, used 146645K [0x0000000089400000, 0x0000000093a60000, 0x0000000093a60000)
  eden space 136320K, 100% used [0x0000000089400000, 0x0000000091920000, 0x0000000091920000)
  from space 17024K,  60% used [0x00000000929c0000, 0x00000000933d5578, 0x0000000093a60000)
  to   space 17024K,   0% used [0x0000000091920000, 0x0000000091920000, 0x00000000929c0000)
 concurrent mark-sweep generation total 1775232K, used 1435651K [0x0000000093a60000, 0x0000000100000000, 0x0000000100000000)
 Metaspace       used 65943K, capacity 70323K, committed 70488K, reserved 1110016K
  class space    used 8078K, capacity 9066K, committed 9120K, reserved 1048576K
Event: 41560.139 GC heap after
Heap after GC invocations=17898 (full 2):
 par new generation   total 153344K, used 10617K [0x0000000089400000, 0x0000000093a60000, 0x0000000093a60000)
  eden space 136320K,   0% used [0x0000000089400000, 0x0000000089400000, 0x0000000091920000)
  from space 17024K,  62% used [0x0000000091920000, 0x000000009237e7d8, 0x00000000929c0000)
  to   space 17024K,   0% used [0x00000000929c0000, 0x00000000929c0000, 0x0000000093a60000)
 concurrent mark-sweep generation total 1775232K, used 1435806K [0x0000000093a60000, 0x0000000100000000, 0x0000000100000000)
 Metaspace       used 65943K, capacity 70323K, committed 70488K, reserved 1110016K
  class space    used 8078K, capacity 9066K, committed 9120K, reserved 1048576K
}
Event: 41561.473 GC heap before
{Heap before GC invocations=17898 (full 2):
 par new generation   total 153344K, used 146937K [0x0000000089400000, 0x0000000093a60000, 0x0000000093a60000)
  eden space 136320K, 100% used [0x0000000089400000, 0x0000000091920000, 0x0000000091920000)
  from space 17024K,  62% used [0x0000000091920000, 0x000000009237e7d8, 0x00000000929c0000)
  to   space 17024K,   0% used [0x00000000929c0000, 0x00000000929c0000, 0x0000000093a60000)
 concurrent mark-sweep generation total 1775232K, used 1435806K [0x0000000093a60000, 0x0000000100000000, 0x0000000100000000)
 Metaspace       used 65943K, capacity 70323K, committed 70488K, reserved 1110016K
  class space    used 8078K, capacity 9066K, committed 9120K, reserved 1048576K
Event: 41561.491 GC heap after
Heap after GC invocations=17899 (full 2):
 par new generation   total 153344K, used 7034K [0x0000000089400000, 0x0000000093a60000, 0x0000000093a60000)
  eden space 136320K,   0% used [0x0000000089400000, 0x0000000089400000, 0x0000000091920000)
  from space 17024K,  41% used [0x00000000929c0000, 0x000000009309e9b0, 0x0000000093a60000)
  to   space 17024K,   0% used [0x0000000091920000, 0x0000000091920000, 0x00000000929c0000)
 concurrent mark-sweep generation total 1775232K, used 1437740K [0x0000000093a60000, 0x0000000100000000, 0x0000000100000000)
 Metaspace       used 65943K, capacity 70323K, committed 70488K, reserved 1110016K
  class space    used 8078K, capacity 9066K, committed 9120K, reserved 1048576K
}
Event: 41562.768 GC heap before
{Heap before GC invocations=17899 (full 2):
 par new generation   total 153344K, used 143354K [0x0000000089400000, 0x0000000093a60000, 0x0000000093a60000)
  eden space 136320K, 100% used [0x0000000089400000, 0x0000000091920000, 0x0000000091920000)
  from space 17024K,  41% used [0x00000000929c0000, 0x000000009309e9b0, 0x0000000093a60000)
  to   space 17024K,   0% used [0x0000000091920000, 0x0000000091920000, 0x00000000929c0000)
 concurrent mark-sweep generation total 1775232K, used 1437740K [0x0000000093a60000, 0x0000000100000000, 0x0000000100000000)
 Metaspace       used 65943K, capacity 70323K, committed 70488K, reserved 1110016K
  class space    used 8078K, capacity 9066K, committed 9120K, reserved 1048576K
Event: 41562.782 GC heap after
Heap after GC invocations=17900 (full 2):
 par new generation   total 153344K, used 8427K [0x0000000089400000, 0x0000000093a60000, 0x0000000093a60000)
  eden space 136320K,   0% used [0x0000000089400000, 0x0000000089400000, 0x0000000091920000)
  from space 17024K,  49% used [0x0000000091920000, 0x000000009215af90, 0x00000000929c0000)
  to   space 17024K,   0% used [0x00000000929c0000, 0x00000000929c0000, 0x0000000093a60000)
 concurrent mark-sweep generation total 1775232K, used 1438635K [0x0000000093a60000, 0x0000000100000000, 0x0000000100000000)
 Metaspace       used 65943K, capacity 70323K, committed 70488K, reserved 1110016K
  class space    used 8078K, capacity 9066K, committed 9120K, reserved 1048576K
}
Event: 41564.169 GC heap before
{Heap before GC invocations=17900 (full 2):
 par new generation   total 153344K, used 144747K [0x0000000089400000, 0x0000000093a60000, 0x0000000093a60000)
  eden space 136320K, 100% used [0x0000000089400000, 0x0000000091920000, 0x0000000091920000)
  from space 17024K,  49% used [0x0000000091920000, 0x000000009215af90, 0x00000000929c0000)
  to   space 17024K,   0% used [0x00000000929c0000, 0x00000000929c0000, 0x0000000093a60000)
 concurrent mark-sweep generation total 1775232K, used 1438635K [0x0000000093a60000, 0x0000000100000000, 0x0000000100000000)
 Metaspace       used 65943K, capacity 70323K, committed 70488K, reserved 1110016K
  class space    used 8078K, capacity 9066K, committed 9120K, reserved 1048576K
Event: 41564.183 GC heap after
Heap after GC invocations=17901 (full 2):
 par new generation   total 153344K, used 7820K [0x0000000089400000, 0x0000000093a60000, 0x0000000093a60000)
  eden space 136320K,   0% used [0x0000000089400000, 0x0000000089400000, 0x0000000091920000)
  from space 17024K,  45% used [0x00000000929c0000, 0x00000000931632b0, 0x0000000093a60000)
  to   space 17024K,   0% used [0x0000000091920000, 0x0000000091920000, 0x00000000929c0000)
 concurrent mark-sweep generation total 1775232K, used 1439919K [0x0000000093a60000, 0x0000000100000000, 0x0000000100000000)
 Metaspace       used 65943K, capacity 70323K, committed 70488K, reserved 1110016K
  class space    used 8078K, capacity 9066K, committed 9120K, reserved 1048576K
}
Event: 41565.823 GC heap before
{Heap before GC invocations=17901 (full 2):
 par new generation   total 153344K, used 144140K [0x0000000089400000, 0x0000000093a60000, 0x0000000093a60000)
  eden space 136320K, 100% used [0x0000000089400000, 0x0000000091920000, 0x0000000091920000)
  from space 17024K,  45% used [0x00000000929c0000, 0x00000000931632b0, 0x0000000093a60000)
  to   space 17024K,   0% used [0x0000000091920000, 0x0000000091920000, 0x00000000929c0000)
 concurrent mark-sweep generation total 1775232K, used 1439919K [0x0000000093a60000, 0x0000000100000000, 0x0000000100000000)
 Metaspace       used 65943K, capacity 70323K, committed 70488K, reserved 1110016K
  class space    used 8078K, capacity 9066K, committed 9120K, reserved 1048576K
Event: 41565.837 GC heap after
Heap after GC invocations=17902 (full 2):
 par new generation   total 153344K, used 2749K [0x0000000089400000, 0x0000000093a60000, 0x0000000093a60000)
  eden space 136320K,   0% used [0x0000000089400000, 0x0000000089400000, 0x0000000091920000)
  from space 17024K,  16% used [0x0000000091920000, 0x0000000091bcf630, 0x00000000929c0000)
  to   space 17024K,   0% used [0x00000000929c0000, 0x00000000929c0000, 0x0000000093a60000)
 concurrent mark-sweep generation total 1775232K, used 1442256K [0x0000000093a60000, 0x0000000100000000, 0x0000000100000000)
 Metaspace       used 65943K, capacity 70323K, committed 70488K, reserved 1110016K
  class space    used 8078K, capacity 9066K, committed 9120K, reserved 1048576K
}
Event: 41567.571 GC heap before
{Heap before GC invocations=17902 (full 2):
 par new generation   total 153344K, used 139069K [0x0000000089400000, 0x0000000093a60000, 0x0000000093a60000)
  eden space 136320K, 100% used [0x0000000089400000, 0x0000000091920000, 0x0000000091920000)
  from space 17024K,  16% used [0x0000000091920000, 0x0000000091bcf630, 0x00000000929c0000)
  to   space 17024K,   0% used [0x00000000929c0000, 0x00000000929c0000, 0x0000000093a60000)
 concurrent mark-sweep generation total 1775232K, used 1442256K [0x0000000093a60000, 0x0000000100000000, 0x0000000100000000)
 Metaspace       used 65943K, capacity 70323K, committed 70488K, reserved 1110016K
  class space    used 8078K, capacity 9066K, committed 9120K, reserved 1048576K
Event: 41567.580 GC heap after
Heap after GC invocations=17903 (full 2):
 par new generation   total 153344K, used 1915K [0x0000000089400000, 0x0000000093a60000, 0x0000000093a60000)
  eden space 136320K,   0% used [0x0000000089400000, 0x0000000089400000, 0x0000000091920000)
  from space 17024K,  11% used [0x00000000929c0000, 0x0000000092b9ef80, 0x0000000093a60000)
  to   space 17024K,   0% used [0x0000000091920000, 0x0000000091920000, 0x00000000929c0000)
 concurrent mark-sweep generation total 1775232K, used 1442391K [0x0000000093a60000, 0x0000000100000000, 0x0000000100000000)
 Metaspace       used 65943K, capacity 70323K, committed 70488K, reserved 1110016K
  class space    used 8078K, capacity 9066K, committed 9120K, reserved 1048576K
}
Event: 41569.323 GC heap before
{Heap before GC invocations=17903 (full 2):
 par new generation   total 153344K, used 138235K [0x0000000089400000, 0x0000000093a60000, 0x0000000093a60000)
  eden space 136320K, 100% used [0x0000000089400000, 0x0000000091920000, 0x0000000091920000)
  from space 17024K,  11% used [0x00000000929c0000, 0x0000000092b9ef80, 0x0000000093a60000)
  to   space 17024K,   0% used [0x0000000091920000, 0x0000000091920000, 0x00000000929c0000)
 concurrent mark-sweep generation total 1775232K, used 1442391K [0x0000000093a60000, 0x0000000100000000, 0x0000000100000000)
 Metaspace       used 65943K, capacity 70323K, committed 70488K, reserved 1110016K
  class space    used 8078K, capacity 9066K, committed 9120K, reserved 1048576K
Event: 41569.331 GC heap after
Heap after GC invocations=17904 (full 2):
 par new generation   total 153344K, used 2162K [0x0000000089400000, 0x0000000093a60000, 0x0000000093a60000)
  eden space 136320K,   0% used [0x0000000089400000, 0x0000000089400000, 0x0000000091920000)
  from space 17024K,  12% used [0x0000000091920000, 0x0000000091b3cba0, 0x00000000929c0000)
  to   space 17024K,   0% used [0x00000000929c0000, 0x00000000929c0000, 0x0000000093a60000)
 concurrent mark-sweep generation total 1775232K, used 1442411K [0x0000000093a60000, 0x0000000100000000, 0x0000000100000000)
 Metaspace       used 65943K, capacity 70323K, committed 70488K, reserved 1110016K
  class space    used 8078K, capacity 9066K, committed 9120K, reserved 1048576K
}
Event: 41571.170 GC heap before
{Heap before GC invocations=17904 (full 2):
 par new generation   total 153344K, used 138482K [0x0000000089400000, 0x0000000093a60000, 0x0000000093a60000)
  eden space 136320K, 100% used [0x0000000089400000, 0x0000000091920000, 0x0000000091920000)
  from space 17024K,  12% used [0x0000000091920000, 0x0000000091b3cba0, 0x00000000929c0000)
  to   space 17024K,   0% used [0x00000000929c0000, 0x00000000929c0000, 0x0000000093a60000)
 concurrent mark-sweep generation total 1775232K, used 1442411K [0x0000000093a60000, 0x0000000100000000, 0x0000000100000000)
 Metaspace       used 65943K, capacity 70323K, committed 70488K, reserved 1110016K
  class space    used 8078K, capacity 9066K, committed 9120K, reserved 1048576K
Event: 41571.179 GC heap after
Heap after GC invocations=17905 (full 2):
 par new generation   total 153344K, used 2243K [0x0000000089400000, 0x0000000093a60000, 0x0000000093a60000)
  eden space 136320K,   0% used [0x0000000089400000, 0x0000000089400000, 0x0000000091920000)
  from space 17024K,  13% used [0x00000000929c0000, 0x0000000092bf0d48, 0x0000000093a60000)
  to   space 17024K,   0% used [0x0000000091920000, 0x0000000091920000, 0x00000000929c0000)
 concurrent mark-sweep generation total 1775232K, used 1442439K [0x0000000093a60000, 0x0000000100000000, 0x0000000100000000)
 Metaspace       used 65943K, capacity 70323K, committed 70488K, reserved 1110016K
  class space    used 8078K, capacity 9066K, committed 9120K, reserved 1048576K
}
Event: 41573.027 GC heap before
{Heap before GC invocations=17905 (full 2):
 par new generation   total 153344K, used 138563K [0x0000000089400000, 0x0000000093a60000, 0x0000000093a60000)
  eden space 136320K, 100% used [0x0000000089400000, 0x0000000091920000, 0x0000000091920000)
  from space 17024K,  13% used [0x00000000929c0000, 0x0000000092bf0d48, 0x0000000093a60000)
  to   space 17024K,   0% used [0x0000000091920000, 0x0000000091920000, 0x00000000929c0000)
 concurrent mark-sweep generation total 1775232K, used 1442439K [0x0000000093a60000, 0x0000000100000000, 0x0000000100000000)
 Metaspace       used 65943K, capacity 70323K, committed 70488K, reserved 1110016K
  class space    used 8078K, capacity 9066K, committed 9120K, reserved 1048576K
Event: 41573.049 GC heap after
Heap after GC invocations=17906 (full 2):
 par new generation   total 153344K, used 1497K [0x0000000089400000, 0x0000000093a60000, 0x0000000093a60000)
  eden space 136320K,   0% used [0x0000000089400000, 0x0000000089400000, 0x0000000091920000)
  from space 17024K,   8% used [0x0000000091920000, 0x0000000091a96640, 0x00000000929c0000)
  to   space 17024K,   0% used [0x00000000929c0000, 0x00000000929c0000, 0x0000000093a60000)
 concurrent mark-sweep generation total 1775232K, used 1443680K [0x0000000093a60000, 0x0000000100000000, 0x0000000100000000)
 Metaspace       used 65943K, capacity 70323K, committed 70488K, reserved 1110016K
  class space    used 8078K, capacity 9066K, committed 9120K, reserved 1048576K
}
Event: 41574.979 GC heap before
{Heap before GC invocations=17906 (full 2):
 par new generation   total 153344K, used 137817K [0x0000000089400000, 0x0000000093a60000, 0x0000000093a60000)
  eden space 136320K, 100% used [0x0000000089400000, 0x0000000091920000, 0x0000000091920000)
  from space 17024K,   8% used [0x0000000091920000, 0x0000000091a96640, 0x00000000929c0000)
  to   space 17024K,   0% used [0x00000000929c0000, 0x00000000929c0000, 0x0000000093a60000)
 concurrent mark-sweep generation total 1775232K, used 1443680K [0x0000000093a60000, 0x0000000100000000, 0x0000000100000000)
 Metaspace       used 65943K, capacity 70323K, committed 70488K, reserved 1110016K
  class space    used 8078K, capacity 9066K, committed 9120K, reserved 1048576K
Event: 41574.994 GC heap after
Heap after GC invocations=17907 (full 2):
 par new generation   total 153344K, used 427K [0x0000000089400000, 0x0000000093a60000, 0x0000000093a60000)
  eden space 136320K,   0% used [0x0000000089400000, 0x0000000089400000, 0x0000000091920000)
  from space 17024K,   2% used [0x00000000929c0000, 0x0000000092a2ace0, 0x0000000093a60000)
  to   space 17024K,   0% used [0x0000000091920000, 0x0000000091920000, 0x00000000929c0000)
 concurrent mark-sweep generation total 1775232K, used 1443724K [0x0000000093a60000, 0x0000000100000000, 0x0000000100000000)
 Metaspace       used 65943K, capacity 70323K, committed 70488K, reserved 1110016K
  class space    used 8078K, capacity 9066K, committed 9120K, reserved 1048576K
}
Event: 41576.978 GC heap before
{Heap before GC invocations=17907 (full 2):
 par new generation   total 153344K, used 136747K [0x0000000089400000, 0x0000000093a60000, 0x0000000093a60000)
  eden space 136320K, 100% used [0x0000000089400000, 0x0000000091920000, 0x0000000091920000)
  from space 17024K,   2% used [0x00000000929c0000, 0x0000000092a2ace0, 0x0000000093a60000)
  to   space 17024K,   0% used [0x0000000091920000, 0x0000000091920000, 0x00000000929c0000)
 concurrent mark-sweep generation total 1775232K, used 1443724K [0x0000000093a60000, 0x0000000100000000, 0x0000000100000000)
 Metaspace       used 65943K, capacity 70323K, committed 70488K, reserved 1110016K
  class space    used 8078K, capacity 9066K, committed 9120K, reserved 1048576K
Event: 41576.986 GC heap after
Heap after GC invocations=17908 (full 2):
 par new generation   total 153344K, used 397K [0x0000000089400000, 0x0000000093a60000, 0x0000000093a60000)
  eden space 136320K,   0% used [0x0000000089400000, 0x0000000089400000, 0x0000000091920000)
  from space 17024K,   2% used [0x0000000091920000, 0x00000000919836c0, 0x00000000929c0000)
  to   space 17024K,   0% used [0x00000000929c0000, 0x00000000929c0000, 0x0000000093a60000)
 concurrent mark-sweep generation total 1775232K, used 1443751K [0x0000000093a60000, 0x0000000100000000, 0x0000000100000000)
 Metaspace       used 65943K, capacity 70323K, committed 70488K, reserved 1110016K
  class space    used 8078K, capacity 9066K, committed 9120K, reserved 1048576K
}
Event: 41578.980 GC heap before
{Heap before GC invocations=17908 (full 2):
 par new generation   total 153344K, used 136717K [0x0000000089400000, 0x0000000093a60000, 0x0000000093a60000)
  eden space 136320K, 100% used [0x0000000089400000, 0x0000000091920000, 0x0000000091920000)
  from space 17024K,   2% used [0x0000000091920000, 0x00000000919836c0, 0x00000000929c0000)
  to   space 17024K,   0% used [0x00000000929c0000, 0x00000000929c0000, 0x0000000093a60000)
 concurrent mark-sweep generation total 1775232K, used 1443751K [0x0000000093a60000, 0x0000000100000000, 0x0000000100000000)
 Metaspace       used 65943K, capacity 70323K, committed 70488K, reserved 1110016K
  class space    used 8078K, capacity 9066K, committed 9120K, reserved 1048576K
Event: 41578.988 GC heap after
Heap after GC invocations=17909 (full 2):
 par new generation   total 153344K, used 361K [0x0000000089400000, 0x0000000093a60000, 0x0000000093a60000)
  eden space 136320K,   0% used [0x0000000089400000, 0x0000000089400000, 0x0000000091920000)
  from space 17024K,   2% used [0x00000000929c0000, 0x0000000092a1a7e0, 0x0000000093a60000)
  to   space 17024K,   0% used [0x0000000091920000, 0x0000000091920000, 0x00000000929c0000)
 concurrent mark-sweep generation total 1775232K, used 1443809K [0x0000000093a60000, 0x0000000100000000, 0x0000000100000000)
 Metaspace       used 65943K, capacity 70323K, committed 70488K, reserved 1110016K
  class space    used 8078K, capacity 9066K, committed 9120K, reserved 1048576K
}
Event: 41580.979 GC heap before
{Heap before GC invocations=17909 (full 2):
 par new generation   total 153344K, used 136681K [0x0000000089400000, 0x0000000093a60000, 0x0000000093a60000)
  eden space 136320K, 100% used [0x0000000089400000, 0x0000000091920000, 0x0000000091920000)
  from space 17024K,   2% used [0x00000000929c0000, 0x0000000092a1a7e0, 0x0000000093a60000)
  to   space 17024K,   0% used [0x0000000091920000, 0x0000000091920000, 0x00000000929c0000)
 concurrent mark-sweep generation total 1775232K, used 1443809K [0x0000000093a60000, 0x0000000100000000, 0x0000000100000000)
 Metaspace       used 65943K, capacity 70323K, committed 70488K, reserved 1110016K
  class space    used 8078K, capacity 9066K, committed 9120K, reserved 1048576K
Event: 41580.987 GC heap after
Heap after GC invocations=17910 (full 2):
 par new generation   total 153344K, used 364K [0x0000000089400000, 0x0000000093a60000, 0x0000000093a60000)
  eden space 136320K,   0% used [0x0000000089400000, 0x0000000089400000, 0x0000000091920000)
  from space 17024K,   2% used [0x0000000091920000, 0x000000009197b2d8, 0x00000000929c0000)
  to   space 17024K,   0% used [0x00000000929c0000, 0x00000000929c0000, 0x0000000093a60000)
 concurrent mark-sweep generation total 1775232K, used 1443848K [0x0000000093a60000, 0x0000000100000000, 0x0000000100000000)
 Metaspace       used 65943K, capacity 70323K, committed 70488K, reserved 1110016K
  class space    used 8078K, capacity 9066K, committed 9120K, reserved 1048576K
}
Event: 41582.980 GC heap before
{Heap before GC invocations=17910 (full 2):
 par new generation   total 153344K, used 136684K [0x0000000089400000, 0x0000000093a60000, 0x0000000093a60000)
  eden space 136320K, 100% used [0x0000000089400000, 0x0000000091920000, 0x0000000091920000)
  from space 17024K,   2% used [0x0000000091920000, 0x000000009197b2d8, 0x00000000929c0000)
  to   space 17024K,   0% used [0x00000000929c0000, 0x00000000929c0000, 0x0000000093a60000)
 concurrent mark-sweep generation total 1775232K, used 1443848K [0x0000000093a60000, 0x0000000100000000, 0x0000000100000000)
 Metaspace       used 65943K, capacity 70323K, committed 70488K, reserved 1110016K
  class space    used 8078K, capacity 9066K, committed 9120K, reserved 1048576K
Event: 41582.988 GC heap after
Heap after GC invocations=17911 (full 2):
 par new generation   total 153344K, used 342K [0x0000000089400000, 0x0000000093a60000, 0x0000000093a60000)
  eden space 136320K,   0% used [0x0000000089400000, 0x0000000089400000, 0x0000000091920000)
  from space 17024K,   2% used [0x00000000929c0000, 0x0000000092a15b78, 0x0000000093a60000)
  to   space 17024K,   0% used [0x0000000091920000, 0x0000000091920000, 0x00000000929c0000)
 concurrent mark-sweep generation total 1775232K, used 1443862K [0x0000000093a60000, 0x0000000100000000, 0x0000000100000000)
 Metaspace       used 65943K, capacity 70323K, committed 70488K, reserved 1110016K
  class space    used 8078K, capacity 9066K, committed 9120K, reserved 1048576K
}
Event: 41585.030 GC heap before
{Heap before GC invocations=17911 (full 2):
 par new generation   total 153344K, used 136662K [0x0000000089400000, 0x0000000093a60000, 0x0000000093a60000)
  eden space 136320K, 100% used [0x0000000089400000, 0x0000000091920000, 0x0000000091920000)
  from space 17024K,   2% used [0x00000000929c0000, 0x0000000092a15b78, 0x0000000093a60000)
  to   space 17024K,   0% used [0x0000000091920000, 0x0000000091920000, 0x00000000929c0000)
 concurrent mark-sweep generation total 1775232K, used 1443862K [0x0000000093a60000, 0x0000000100000000, 0x0000000100000000)
 Metaspace       used 65943K, capacity 70323K, committed 70488K, reserved 1110016K
  class space    used 8078K, capacity 9066K, committed 9120K, reserved 1048576K
Event: 41585.037 GC heap after
Heap after GC invocations=17912 (full 2):
 par new generation   total 153344K, used 350K [0x0000000089400000, 0x0000000093a60000, 0x0000000093a60000)
  eden space 136320K,   0% used [0x0000000089400000, 0x0000000089400000, 0x0000000091920000)
  from space 17024K,   2% used [0x0000000091920000, 0x0000000091977948, 0x00000000929c0000)
  to   space 17024K,   0% used [0x00000000929c0000, 0x00000000929c0000, 0x0000000093a60000)
 concurrent mark-sweep generation total 1775232K, used 1443879K [0x0000000093a60000, 0x0000000100000000, 0x0000000100000000)
 Metaspace       used 65943K, capacity 70323K, committed 70488K, reserved 1110016K
  class space    used 8078K, capacity 9066K, committed 9120K, reserved 1048576K
}
Event: 41587.167 GC heap before
{Heap before GC invocations=17912 (full 2):
 par new generation   total 153344K, used 136670K [0x0000000089400000, 0x0000000093a60000, 0x0000000093a60000)
  eden space 136320K, 100% used [0x0000000089400000, 0x0000000091920000, 0x0000000091920000)
  from space 17024K,   2% used [0x0000000091920000, 0x0000000091977948, 0x00000000929c0000)
  to   space 17024K,   0% used [0x00000000929c0000, 0x00000000929c0000, 0x0000000093a60000)
 concurrent mark-sweep generation total 1775232K, used 1443879K [0x0000000093a60000, 0x0000000100000000, 0x0000000100000000)
 Metaspace       used 65943K, capacity 70323K, committed 70488K, reserved 1110016K
  class space    used 8078K, capacity 9066K, committed 9120K, reserved 1048576K
Event: 41587.213 GC heap after
Heap after GC invocations=17913 (full 2):
 par new generation   total 153344K, used 1334K [0x0000000089400000, 0x0000000093a60000, 0x0000000093a60000)
  eden space 136320K,   0% used [0x0000000089400000, 0x0000000089400000, 0x0000000091920000)
  from space 17024K,   7% used [0x00000000929c0000, 0x0000000092b0d990, 0x0000000093a60000)
  to   space 17024K,   0% used [0x0000000091920000, 0x0000000091920000, 0x00000000929c0000)
 concurrent mark-sweep generation total 1775232K, used 1443887K [0x0000000093a60000, 0x0000000100000000, 0x0000000100000000)
 Metaspace       used 65943K, capacity 70323K, committed 70488K, reserved 1110016K
  class space    used 8078K, capacity 9066K, committed 9120K, reserved 1048576K
}
Event: 41589.474 GC heap before
{Heap before GC invocations=17913 (full 2):
 par new generation   total 153344K, used 137654K [0x0000000089400000, 0x0000000093a60000, 0x0000000093a60000)
  eden space 136320K, 100% used [0x0000000089400000, 0x0000000091920000, 0x0000000091920000)
  from space 17024K,   7% used [0x00000000929c0000, 0x0000000092b0d990, 0x0000000093a60000)
  to   space 17024K,   0% used [0x0000000091920000, 0x0000000091920000, 0x00000000929c0000)
 concurrent mark-sweep generation total 1775232K, used 1443887K [0x0000000093a60000, 0x0000000100000000, 0x0000000100000000)
 Metaspace       used 65943K, capacity 70323K, committed 70488K, reserved 1110016K
  class space    used 8078K, capacity 9066K, committed 9120K, reserved 1048576K
Event: 41589.511 GC heap after
Heap after GC invocations=17914 (full 2):
 par new generation   total 153344K, used 1423K [0x0000000089400000, 0x0000000093a60000, 0x0000000093a60000)
  eden space 136320K,   0% used [0x0000000089400000, 0x0000000089400000, 0x0000000091920000)
  from space 17024K,   8% used [0x0000000091920000, 0x0000000091a83d10, 0x00000000929c0000)
  to   space 17024K,   0% used [0x00000000929c0000, 0x00000000929c0000, 0x0000000093a60000)
 concurrent mark-sweep generation total 1775232K, used 1443924K [0x0000000093a60000, 0x0000000100000000, 0x0000000100000000)
 Metaspace       used 65943K, capacity 70323K, committed 70488K, reserved 1110016K
  class space    used 8078K, capacity 9066K, committed 9120K, reserved 1048576K
}
Event: 41591.803 GC heap before
{Heap before GC invocations=17914 (full 2):
 par new generation   total 153344K, used 137743K [0x0000000089400000, 0x0000000093a60000, 0x0000000093a60000)
  eden space 136320K, 100% used [0x0000000089400000, 0x0000000091920000, 0x0000000091920000)
  from space 17024K,   8% used [0x0000000091920000, 0x0000000091a83d10, 0x00000000929c0000)
  to   space 17024K,   0% used [0x00000000929c0000, 0x00000000929c0000, 0x0000000093a60000)
 concurrent mark-sweep generation total 1775232K, used 1443924K [0x0000000093a60000, 0x0000000100000000, 0x0000000100000000)
 Metaspace       used 65943K, capacity 70323K, committed 70488K, reserved 1110016K
  class space    used 8078K, capacity 9066K, committed 9120K, reserved 1048576K
Event: 41591.835 GC heap after
Heap after GC invocations=17915 (full 2):
 par new generation   total 153344K, used 1677K [0x0000000089400000, 0x0000000093a60000, 0x0000000093a60000)
  eden space 136320K,   0% used [0x0000000089400000, 0x0000000089400000, 0x0000000091920000)
  from space 17024K,   9% used [0x00000000929c0000, 0x0000000092b637c0, 0x0000000093a60000)
  to   space 17024K,   0% used [0x0000000091920000, 0x0000000091920000, 0x00000000929c0000)
 concurrent mark-sweep generation total 1775232K, used 1443939K [0x0000000093a60000, 0x0000000100000000, 0x0000000100000000)
 Metaspace       used 65943K, capacity 70323K, committed 70488K, reserved 1110016K
  class space    used 8078K, capacity 9066K, committed 9120K, reserved 1048576K
}
Event: 41594.185 GC heap before
{Heap before GC invocations=17915 (full 2):
 par new generation   total 153344K, used 137997K [0x0000000089400000, 0x0000000093a60000, 0x0000000093a60000)
  eden space 136320K, 100% used [0x0000000089400000, 0x0000000091920000, 0x0000000091920000)
  from space 17024K,   9% used [0x00000000929c0000, 0x0000000092b637c0, 0x0000000093a60000)
  to   space 17024K,   0% used [0x0000000091920000, 0x0000000091920000, 0x00000000929c0000)
 concurrent mark-sweep generation total 1775232K, used 1443939K [0x0000000093a60000, 0x0000000100000000, 0x0000000100000000)
 Metaspace       used 65943K, capacity 70323K, committed 70488K, reserved 1110016K
  class space    used 8078K, capacity 9066K, committed 9120K, reserved 1048576K
Event: 41594.220 GC heap after
Heap after GC invocations=17916 (full 2):
 par new generation   total 153344K, used 2361K [0x0000000089400000, 0x0000000093a60000, 0x0000000093a60000)
  eden space 136320K,   0% used [0x0000000089400000, 0x0000000089400000, 0x0000000091920000)
  from space 17024K,  13% used [0x0000000091920000, 0x0000000091b6e658, 0x00000000929c0000)
  to   space 17024K,   0% used [0x00000000929c0000, 0x00000000929c0000, 0x0000000093a60000)
 concurrent mark-sweep generation total 1775232K, used 1443946K [0x0000000093a60000, 0x0000000100000000, 0x0000000100000000)
 Metaspace       used 65943K, capacity 70323K, committed 70488K, reserved 1110016K
  class space    used 8078K, capacity 9066K, committed 9120K, reserved 1048576K
}
Event: 41596.522 GC heap before
{Heap before GC invocations=17916 (full 2):
 par new generation   total 153344K, used 138681K [0x0000000089400000, 0x0000000093a60000, 0x0000000093a60000)
  eden space 136320K, 100% used [0x0000000089400000, 0x0000000091920000, 0x0000000091920000)
  from space 17024K,  13% used [0x0000000091920000, 0x0000000091b6e658, 0x00000000929c0000)
  to   space 17024K,   0% used [0x00000000929c0000, 0x00000000929c0000, 0x0000000093a60000)
 concurrent mark-sweep generation total 1775232K, used 1443946K [0x0000000093a60000, 0x0000000100000000, 0x0000000100000000)
 Metaspace       used 65943K, capacity 70323K, committed 70488K, reserved 1110016K
  class space    used 8078K, capacity 9066K, committed 9120K, reserved 1048576K
Event: 41596.566 GC heap after
Heap after GC invocations=17917 (full 2):
 par new generation   total 153344K, used 3189K [0x0000000089400000, 0x0000000093a60000, 0x0000000093a60000)
  eden space 136320K,   0% used [0x0000000089400000, 0x0000000089400000, 0x0000000091920000)
  from space 17024K,  18% used [0x00000000929c0000, 0x0000000092cdd4d8, 0x0000000093a60000)
  to   space 17024K,   0% used [0x0000000091920000, 0x0000000091920000, 0x00000000929c0000)
 concurrent mark-sweep generation total 1775232K, used 1443979K [0x0000000093a60000, 0x0000000100000000, 0x0000000100000000)
 Metaspace       used 65943K, capacity 70323K, committed 70488K, reserved 1110016K
  class space    used 8078K, capacity 9066K, committed 9120K, reserved 1048576K
}
Event: 41599.158 GC heap before
{Heap before GC invocations=17917 (full 2):
 par new generation   total 153344K, used 139509K [0x0000000089400000, 0x0000000093a60000, 0x0000000093a60000)
  eden space 136320K, 100% used [0x0000000089400000, 0x0000000091920000, 0x0000000091920000)
  from space 17024K,  18% used [0x00000000929c0000, 0x0000000092cdd4d8, 0x0000000093a60000)
  to   space 17024K,   0% used [0x0000000091920000, 0x0000000091920000, 0x00000000929c0000)
 concurrent mark-sweep generation total 1775232K, used 1443979K [0x0000000093a60000, 0x0000000100000000, 0x0000000100000000)
 Metaspace       used 65943K, capacity 70323K, committed 70488K, reserved 1110016K
  class space    used 8078K, capacity 9066K, committed 9120K, reserved 1048576K
Event: 41599.200 GC heap after
Heap after GC invocations=17918 (full 2):
 par new generation   total 153344K, used 3436K [0x0000000089400000, 0x0000000093a60000, 0x0000000093a60000)
  eden space 136320K,   0% used [0x0000000089400000, 0x0000000089400000, 0x0000000091920000)
  from space 17024K,  20% used [0x0000000091920000, 0x0000000091c7b080, 0x00000000929c0000)
  to   space 17024K,   0% used [0x00000000929c0000, 0x00000000929c0000, 0x0000000093a60000)
 concurrent mark-sweep generation total 1775232K, used 1444001K [0x0000000093a60000, 0x0000000100000000, 0x0000000100000000)
 Metaspace       used 65943K, capacity 70323K, committed 70488K, reserved 1110016K
  class space    used 8078K, capacity 9066K, committed 9120K, reserved 1048576K
}
Event: 41601.580 GC heap before
{Heap before GC invocations=17918 (full 2):
 par new generation   total 153344K, used 139756K [0x0000000089400000, 0x0000000093a60000, 0x0000000093a60000)
  eden space 136320K, 100% used [0x0000000089400000, 0x0000000091920000, 0x0000000091920000)
  from space 17024K,  20% used [0x0000000091920000, 0x0000000091c7b080, 0x00000000929c0000)
  to   space 17024K,   0% used [0x00000000929c0000, 0x00000000929c0000, 0x0000000093a60000)
 concurrent mark-sweep generation total 1775232K, used 1444001K [0x0000000093a60000, 0x0000000100000000, 0x0000000100000000)
 Metaspace       used 65943K, capacity 70323K, committed 70488K, reserved 1110016K
  class space    used 8078K, capacity 9066K, committed 9120K, reserved 1048576K
Event: 41601.639 GC heap after
Heap after GC invocations=17919 (full 2):
 par new generation   total 153344K, used 3757K [0x0000000089400000, 0x0000000093a60000, 0x0000000093a60000)
  eden space 136320K,   0% used [0x0000000089400000, 0x0000000089400000, 0x0000000091920000)
  from space 17024K,  22% used [0x00000000929c0000, 0x0000000092d6b450, 0x0000000093a60000)
  to   space 17024K,   0% used [0x0000000091920000, 0x0000000091920000, 0x00000000929c0000)
 concurrent mark-sweep generation total 1775232K, used 1444876K [0x0000000093a60000, 0x0000000100000000, 0x0000000100000000)
 Metaspace       used 65943K, capacity 70323K, committed 70488K, reserved 1110016K
  class space    used 8078K, capacity 9066K, committed 9120K, reserved 1048576K
}
Event: 41603.867 GC heap before
{Heap before GC invocations=17919 (full 2):
 par new generation   total 153344K, used 140077K [0x0000000089400000, 0x0000000093a60000, 0x0000000093a60000)
  eden space 136320K, 100% used [0x0000000089400000, 0x0000000091920000, 0x0000000091920000)
  from space 17024K,  22% used [0x00000000929c0000, 0x0000000092d6b450, 0x0000000093a60000)
  to   space 17024K,   0% used [0x0000000091920000, 0x0000000091920000, 0x00000000929c0000)
 concurrent mark-sweep generation total 1775232K, used 1444876K [0x0000000093a60000, 0x0000000100000000, 0x0000000100000000)
 Metaspace       used 65943K, capacity 70323K, committed 70488K, reserved 1110016K
  class space    used 8078K, capacity 9066K, committed 9120K, reserved 1048576K
Event: 41603.926 GC heap after
Heap after GC invocations=17920 (full 2):
 par new generation   total 153344K, used 4342K [0x0000000089400000, 0x0000000093a60000, 0x0000000093a60000)
  eden space 136320K,   0% used [0x0000000089400000, 0x0000000089400000, 0x0000000091920000)
  from space 17024K,  25% used [0x0000000091920000, 0x0000000091d5dba8, 0x00000000929c0000)
  to   space 17024K,   0% used [0x00000000929c0000, 0x00000000929c0000, 0x0000000093a60000)
 concurrent mark-sweep generation total 1775232K, used 1444889K [0x0000000093a60000, 0x0000000100000000, 0x0000000100000000)
 Metaspace       used 65943K, capacity 70323K, committed 70488K, reserved 1110016K
  class space    used 8078K, capacity 9066K, committed 9120K, reserved 1048576K
}
Event: 41606.093 GC heap before
{Heap before GC invocations=17920 (full 2):
 par new generation   total 153344K, used 140662K [0x0000000089400000, 0x0000000093a60000, 0x0000000093a60000)
  eden space 136320K, 100% used [0x0000000089400000, 0x0000000091920000, 0x0000000091920000)
  from space 17024K,  25% used [0x0000000091920000, 0x0000000091d5dba8, 0x00000000929c0000)
  to   space 17024K,   0% used [0x00000000929c0000, 0x00000000929c0000, 0x0000000093a60000)
 concurrent mark-sweep generation total 1775232K, used 1444889K [0x0000000093a60000, 0x0000000100000000, 0x0000000100000000)
 Metaspace       used 65943K, capacity 70323K, committed 70488K, reserved 1110016K
  class space    used 8078K, capacity 9066K, committed 9120K, reserved 1048576K
Event: 41606.146 GC heap after
Heap after GC invocations=17921 (full 2):
 par new generation   total 153344K, used 4531K [0x0000000089400000, 0x0000000093a60000, 0x0000000093a60000)
  eden space 136320K,   0% used [0x0000000089400000, 0x0000000089400000, 0x0000000091920000)
  from space 17024K,  26% used [0x00000000929c0000, 0x0000000092e2cdd8, 0x0000000093a60000)
  to   space 17024K,   0% used [0x0000000091920000, 0x0000000091920000, 0x00000000929c0000)
 concurrent mark-sweep generation total 1775232K, used 1444907K [0x0000000093a60000, 0x0000000100000000, 0x0000000100000000)
 Metaspace       used 65943K, capacity 70323K, committed 70488K, reserved 1110016K
  class space    used 8078K, capacity 9066K, committed 9120K, reserved 1048576K
}
Event: 41608.800 GC heap before
{Heap before GC invocations=17921 (full 2):
 par new generation   total 153344K, used 140851K [0x0000000089400000, 0x0000000093a60000, 0x0000000093a60000)
  eden space 136320K, 100% used [0x0000000089400000, 0x0000000091920000, 0x0000000091920000)
  from space 17024K,  26% used [0x00000000929c0000, 0x0000000092e2cdd8, 0x0000000093a60000)
  to   space 17024K,   0% used [0x0000000091920000, 0x0000000091920000, 0x00000000929c0000)
 concurrent mark-sweep generation total 1775232K, used 1444907K [0x0000000093a60000, 0x0000000100000000, 0x0000000100000000)
 Metaspace       used 65943K, capacity 70323K, committed 70488K, reserved 1110016K
  class space    used 8078K, capacity 9066K, committed 9120K, reserved 1048576K
Event: 41608.896 GC heap after
Heap after GC invocations=17922 (full 2):
 par new generation   total 153344K, used 4238K [0x0000000089400000, 0x0000000093a60000, 0x0000000093a60000)
  eden space 136320K,   0% used [0x0000000089400000, 0x0000000089400000, 0x0000000091920000)
  from space 17024K,  24% used [0x0000000091920000, 0x0000000091d43b78, 0x00000000929c0000)
  to   space 17024K,   0% used [0x00000000929c0000, 0x00000000929c0000, 0x0000000093a60000)
 concurrent mark-sweep generation total 1775232K, used 1445075K [0x0000000093a60000, 0x0000000100000000, 0x0000000100000000)
 Metaspace       used 65943K, capacity 70323K, committed 70488K, reserved 1110016K
  class space    used 8078K, capacity 9066K, committed 9120K, reserved 1048576K
}
Event: 41614.173 GC heap before
{Heap before GC invocations=17922 (full 2):
 par new generation   total 153344K, used 140558K [0x0000000089400000, 0x0000000093a60000, 0x0000000093a60000)
  eden space 136320K, 100% used [0x0000000089400000, 0x0000000091920000, 0x0000000091920000)
  from space 17024K,  24% used [0x0000000091920000, 0x0000000091d43b78, 0x00000000929c0000)
  to   space 17024K,   0% used [0x00000000929c0000, 0x00000000929c0000, 0x0000000093a60000)
 concurrent mark-sweep generation total 1775232K, used 1445075K [0x0000000093a60000, 0x0000000100000000, 0x0000000100000000)
 Metaspace       used 65943K, capacity 70323K, committed 70488K, reserved 1110016K
  class space    used 8078K, capacity 9066K, committed 9120K, reserved 1048576K
Event: 41614.284 GC heap after
Heap after GC invocations=17923 (full 2):
 par new generation   total 153344K, used 7211K [0x0000000089400000, 0x0000000093a60000, 0x0000000093a60000)
  eden space 136320K,   0% used [0x0000000089400000, 0x0000000089400000, 0x0000000091920000)
  from space 17024K,  42% used [0x00000000929c0000, 0x00000000930caf58, 0x0000000093a60000)
  to   space 17024K,   0% used [0x0000000091920000, 0x0000000091920000, 0x00000000929c0000)
 concurrent mark-sweep generation total 1775232K, used 1445084K [0x0000000093a60000, 0x0000000100000000, 0x0000000100000000)
 Metaspace       used 65943K, capacity 70323K, committed 70488K, reserved 1110016K
  class space    used 8078K, capacity 9066K, committed 9120K, reserved 1048576K
}
Event: 41615.222 GC heap before
{Heap before GC invocations=17923 (full 2):
 par new generation   total 153344K, used 143531K [0x0000000089400000, 0x0000000093a60000, 0x0000000093a60000)
  eden space 136320K, 100% used [0x0000000089400000, 0x0000000091920000, 0x0000000091920000)
  from space 17024K,  42% used [0x00000000929c0000, 0x00000000930caf58, 0x0000000093a60000)
  to   space 17024K,   0% used [0x0000000091920000, 0x0000000091920000, 0x00000000929c0000)
 concurrent mark-sweep generation total 1775232K, used 1445084K [0x0000000093a60000, 0x0000000100000000, 0x0000000100000000)
 Metaspace       used 65943K, capacity 70323K, committed 70488K, reserved 1110016K
  class space    used 8078K, capacity 9066K, committed 9120K, reserved 1048576K
Event: 41615.308 GC heap after
Heap after GC invocations=17924 (full 2):
 par new generation   total 153344K, used 6909K [0x0000000089400000, 0x0000000093a60000, 0x0000000093a60000)
  eden space 136320K,   0% used [0x0000000089400000, 0x0000000089400000, 0x0000000091920000)
  from space 17024K,  40% used [0x0000000091920000, 0x0000000091fdf790, 0x00000000929c0000)
  to   space 17024K,   0% used [0x00000000929c0000, 0x00000000929c0000, 0x0000000093a60000)
 concurrent mark-sweep generation total 1775232K, used 1445136K [0x0000000093a60000, 0x0000000100000000, 0x0000000100000000)
 Metaspace       used 65943K, capacity 70323K, committed 70488K, reserved 1110016K
  class space    used 8078K, capacity 9066K, committed 9120K, reserved 1048576K
}
Event: 41616.593 GC heap before
{Heap before GC invocations=17924 (full 2):
 par new generation   total 153344K, used 143229K [0x0000000089400000, 0x0000000093a60000, 0x0000000093a60000)
  eden space 136320K, 100% used [0x0000000089400000, 0x0000000091920000, 0x0000000091920000)
  from space 17024K,  40% used [0x0000000091920000, 0x0000000091fdf790, 0x00000000929c0000)
  to   space 17024K,   0% used [0x00000000929c0000, 0x00000000929c0000, 0x0000000093a60000)
 concurrent mark-sweep generation total 1775232K, used 1445136K [0x0000000093a60000, 0x0000000100000000, 0x0000000100000000)
 Metaspace       used 65943K, capacity 70323K, committed 70488K, reserved 1110016K
  class space    used 8078K, capacity 9066K, committed 9120K, reserved 1048576K
Event: 41616.683 GC heap after
Heap after GC invocations=17925 (full 2):
 par new generation   total 153344K, used 8581K [0x0000000089400000, 0x0000000093a60000, 0x0000000093a60000)
  eden space 136320K,   0% used [0x0000000089400000, 0x0000000089400000, 0x0000000091920000)
  from space 17024K,  50% used [0x00000000929c0000, 0x00000000932214e8, 0x0000000093a60000)
  to   space 17024K,   0% used [0x0000000091920000, 0x0000000091920000, 0x00000000929c0000)
 concurrent mark-sweep generation total 1775232K, used 1445535K [0x0000000093a60000, 0x0000000100000000, 0x0000000100000000)
 Metaspace       used 65943K, capacity 70323K, committed 70488K, reserved 1110016K
  class space    used 8078K, capacity 9066K, committed 9120K, reserved 1048576K
}
Event: 41618.608 GC heap before
{Heap before GC invocations=17925 (full 2):
 par new generation   total 153344K, used 144901K [0x0000000089400000, 0x0000000093a60000, 0x0000000093a60000)
  eden space 136320K, 100% used [0x0000000089400000, 0x0000000091920000, 0x0000000091920000)
  from space 17024K,  50% used [0x00000000929c0000, 0x00000000932214e8, 0x0000000093a60000)
  to   space 17024K,   0% used [0x0000000091920000, 0x0000000091920000, 0x00000000929c0000)
 concurrent mark-sweep generation total 1775232K, used 1445535K [0x0000000093a60000, 0x0000000100000000, 0x0000000100000000)
 Metaspace       used 65943K, capacity 70323K, committed 70488K, reserved 1110016K
  class space    used 8078K, capacity 9066K, committed 9120K, reserved 1048576K
Event: 41618.724 GC heap after
Heap after GC invocations=17926 (full 2):
 par new generation   total 153344K, used 9486K [0x0000000089400000, 0x0000000093a60000, 0x0000000093a60000)
  eden space 136320K,   0% used [0x0000000089400000, 0x0000000089400000, 0x0000000091920000)
  from space 17024K,  55% used [0x0000000091920000, 0x00000000922638a8, 0x00000000929c0000)
  to   space 17024K,   0% used [0x00000000929c0000, 0x00000000929c0000, 0x0000000093a60000)
 concurrent mark-sweep generation total 1775232K, used 1446870K [0x0000000093a60000, 0x0000000100000000, 0x0000000100000000)
 Metaspace       used 65943K, capacity 70323K, committed 70488K, reserved 1110016K
  class space    used 8078K, capacity 9066K, committed 9120K, reserved 1048576K
}
Event: 41621.459 GC heap before
{Heap before GC invocations=17926 (full 2):
 par new generation   total 153344K, used 145806K [0x0000000089400000, 0x0000000093a60000, 0x0000000093a60000)
  eden space 136320K, 100% used [0x0000000089400000, 0x0000000091920000, 0x0000000091920000)
  from space 17024K,  55% used [0x0000000091920000, 0x00000000922638a8, 0x00000000929c0000)
  to   space 17024K,   0% used [0x00000000929c0000, 0x00000000929c0000, 0x0000000093a60000)
 concurrent mark-sweep generation total 1775232K, used 1446870K [0x0000000093a60000, 0x0000000100000000, 0x0000000100000000)
 Metaspace       used 65943K, capacity 70323K, committed 70488K, reserved 1110016K
  class space    used 8078K, capacity 9066K, committed 9120K, reserved 1048576K
Event: 41621.825 GC heap after
Heap after GC invocations=17927 (full 2):
 par new generation   total 153344K, used 7100K [0x0000000089400000, 0x0000000093a60000, 0x0000000093a60000)
  eden space 136320K,   0% used [0x0000000089400000, 0x0000000089400000, 0x0000000091920000)
  from space 17024K,  41% used [0x00000000929c0000, 0x00000000930af240, 0x0000000093a60000)
  to   space 17024K,   0% used [0x0000000091920000, 0x0000000091920000, 0x00000000929c0000)
 concurrent mark-sweep generation total 1775232K, used 1446892K [0x0000000093a60000, 0x0000000100000000, 0x0000000100000000)
 Metaspace       used 65943K, capacity 70323K, committed 70488K, reserved 1110016K
  class space    used 8078K, capacity 9066K, committed 9120K, reserved 1048576K
}

